A1BG@0	12	1000	0.012	b_136,b_77,b_254,b_398,b_800,b_374,b_583,b_907,b_473,b_813,b_63,b_308	/home/miguel/IBE-UPF/TFM/Master_projects/PhyloPhere/Data/6.CAAS_traitfiles/Ranked/df8_sp.tab
A1BG@1	0	1000	0.0		/home/miguel/IBE-UPF/TFM/Master_projects/PhyloPhere/Data/6.CAAS_traitfiles/Ranked/df8_sp.tab
A1BG@2	0	1000	0.0		/home/miguel/IBE-UPF/TFM/Master_projects/PhyloPhere/Data/6.CAAS_traitfiles/Ranked/df8_sp.tab
A1BG@3	0	1000	0.0		/home/miguel/IBE-UPF/TFM/Master_projects/PhyloPhere/Data/6.CAAS_traitfiles/Ranked/df8_sp.tab
A1BG@5	58	1000	0.058	b_706,b_136,b_77,b_232,b_289,b_873,b_742,b_134,b_669,b_825,b_451,b_316,b_848,b_654,b_629,b_102,b_176,b_61,b_526,b_257,b_845,b_297,b_667,b_651,b_65,b_76,b_509,b_853,b_79,b_685,b_939,b_744,b_865,b_583,b_382,b_488,b_473,b_721,b_78,b_172,b_813,b_538,b_42,b_63,b_225,b_142,b_308,b_822,b_447,b_185,b_780,b_462,b_396,b_692,b_492,b_831,b_997,b_577	/home/miguel/IBE-UPF/TFM/Master_projects/PhyloPhere/Data/6.CAAS_traitfiles/Ranked/df8_sp.tab
A1BG@7	0	1000	0.0		/home/miguel/IBE-UPF/TFM/Master_projects/PhyloPhere/Data/6.CAAS_traitfiles/Ranked/df8_sp.tab
A1BG@9	0	1000	0.0		/home/miguel/IBE-UPF/TFM/Master_projects/PhyloPhere/Data/6.CAAS_traitfiles/Ranked/df8_sp.tab
A1BG@11	0	1000	0.0		/home/miguel/IBE-UPF/TFM/Master_projects/PhyloPhere/Data/6.CAAS_traitfiles/Ranked/df8_sp.tab
A1BG@13	15	1000	0.015	b_136,b_77,b_289,b_134,b_669,b_848,b_96,b_257,b_845,b_509,b_744,b_247,b_172,b_63,b_997	/home/miguel/IBE-UPF/TFM/Master_projects/PhyloPhere/Data/6.CAAS_traitfiles/Ranked/df8_sp.tab
A1BG@15	61	1000	0.061	b_282,b_649,b_988,b_200,b_136,b_77,b_99,b_546,b_349,b_428,b_254,b_215,b_683,b_658,b_558,b_398,b_119,b_484,b_723,b_652,b_817,b_715,b_458,b_194,b_334,b_258,b_841,b_432,b_763,b_882,b_319,b_416,b_800,b_177,b_625,b_374,b_583,b_371,b_704,b_907,b_473,b_183,b_89,b_548,b_426,b_813,b_191,b_910,b_814,b_63,b_606,b_320,b_308,b_60,b_931,b_866,b_86,b_734,b_728,b_423,b_774	/home/miguel/IBE-UPF/TFM/Master_projects/PhyloPhere/Data/6.CAAS_traitfiles/Ranked/df8_sp.tab
A1BG@17	24	1000	0.024	b_204,b_215,b_514,b_266,b_119,b_632,b_8,b_654,b_506,b_39,b_148,b_858,b_216,b_335,b_697,b_625,b_73,b_191,b_369,b_225,b_60,b_85,b_842,b_811	/home/miguel/IBE-UPF/TFM/Master_projects/PhyloPhere/Data/6.CAAS_traitfiles/Ranked/df8_sp.tab
A1BG@18	0	1000	0.0		/home/miguel/IBE-UPF/TFM/Master_projects/PhyloPhere/Data/6.CAAS_traitfiles/Ranked/df8_sp.tab
A1BG@19	56	1000	0.056	b_706,b_136,b_77,b_232,b_289,b_873,b_742,b_134,b_669,b_825,b_451,b_316,b_848,b_654,b_629,b_102,b_176,b_61,b_526,b_257,b_845,b_297,b_667,b_651,b_65,b_76,b_509,b_853,b_685,b_939,b_744,b_865,b_583,b_382,b_488,b_473,b_78,b_172,b_813,b_538,b_42,b_63,b_225,b_142,b_308,b_822,b_447,b_185,b_780,b_462,b_396,b_692,b_492,b_831,b_997,b_577	/home/miguel/IBE-UPF/TFM/Master_projects/PhyloPhere/Data/6.CAAS_traitfiles/Ranked/df8_sp.tab
A1BG@20	0	1000	0.0		/home/miguel/IBE-UPF/TFM/Master_projects/PhyloPhere/Data/6.CAAS_traitfiles/Ranked/df8_sp.tab
A1BG@21	13	1000	0.013	b_282,b_546,b_995,b_557,b_309,b_583,b_832,b_473,b_89,b_63,b_573,b_372,b_423	/home/miguel/IBE-UPF/TFM/Master_projects/PhyloPhere/Data/6.CAAS_traitfiles/Ranked/df8_sp.tab
A1BG@22	0	1000	0.0		/home/miguel/IBE-UPF/TFM/Master_projects/PhyloPhere/Data/6.CAAS_traitfiles/Ranked/df8_sp.tab
A1BG@25	0	1000	0.0		/home/miguel/IBE-UPF/TFM/Master_projects/PhyloPhere/Data/6.CAAS_traitfiles/Ranked/df8_sp.tab
A1BG@27	0	1000	0.0		/home/miguel/IBE-UPF/TFM/Master_projects/PhyloPhere/Data/6.CAAS_traitfiles/Ranked/df8_sp.tab
A1BG@29	15	1000	0.015	b_828,b_115,b_289,b_669,b_848,b_173,b_436,b_845,b_149,b_168,b_540,b_78,b_83,b_63,b_478	/home/miguel/IBE-UPF/TFM/Master_projects/PhyloPhere/Data/6.CAAS_traitfiles/Ranked/df8_sp.tab
A1BG@31	88	1000	0.088	b_282,b_649,b_988,b_706,b_200,b_136,b_77,b_99,b_546,b_349,b_428,b_254,b_289,b_215,b_683,b_658,b_134,b_558,b_398,b_669,b_119,b_484,b_451,b_723,b_652,b_848,b_102,b_817,b_715,b_458,b_194,b_334,b_258,b_841,b_257,b_432,b_845,b_763,b_882,b_65,b_76,b_319,b_416,b_509,b_853,b_800,b_177,b_625,b_744,b_374,b_583,b_371,b_704,b_907,b_382,b_473,b_183,b_78,b_89,b_172,b_548,b_426,b_813,b_538,b_191,b_910,b_814,b_63,b_606,b_225,b_320,b_308,b_822,b_60,b_780,b_931,b_396,b_866,b_86,b_692,b_492,b_734,b_728,b_831,b_997,b_423,b_577,b_774	/home/miguel/IBE-UPF/TFM/Master_projects/PhyloPhere/Data/6.CAAS_traitfiles/Ranked/df8_sp.tab
A1BG@32	0	1000	0.0		/home/miguel/IBE-UPF/TFM/Master_projects/PhyloPhere/Data/6.CAAS_traitfiles/Ranked/df8_sp.tab
A1BG@34	0	1000	0.0		/home/miguel/IBE-UPF/TFM/Master_projects/PhyloPhere/Data/6.CAAS_traitfiles/Ranked/df8_sp.tab
A1BG@36	0	1000	0.0		/home/miguel/IBE-UPF/TFM/Master_projects/PhyloPhere/Data/6.CAAS_traitfiles/Ranked/df8_sp.tab
A1BG@38	36	1000	0.036	b_528,b_933,b_204,b_514,b_487,b_266,b_255,b_164,b_632,b_8,b_654,b_506,b_39,b_283,b_148,b_182,b_858,b_216,b_335,b_697,b_853,b_180,b_666,b_625,b_73,b_470,b_291,b_191,b_369,b_225,b_209,b_170,b_85,b_671,b_842,b_650	/home/miguel/IBE-UPF/TFM/Master_projects/PhyloPhere/Data/6.CAAS_traitfiles/Ranked/df8_sp.tab
A1BG@40	0	1000	0.0		/home/miguel/IBE-UPF/TFM/Master_projects/PhyloPhere/Data/6.CAAS_traitfiles/Ranked/df8_sp.tab
A1BG@41	38	1000	0.038	b_528,b_933,b_204,b_230,b_514,b_487,b_266,b_255,b_164,b_632,b_8,b_654,b_506,b_39,b_283,b_148,b_182,b_38,b_858,b_216,b_335,b_697,b_853,b_180,b_666,b_625,b_73,b_470,b_291,b_191,b_369,b_225,b_209,b_170,b_85,b_671,b_842,b_650	/home/miguel/IBE-UPF/TFM/Master_projects/PhyloPhere/Data/6.CAAS_traitfiles/Ranked/df8_sp.tab
A1BG@42	0	1000	0.0		/home/miguel/IBE-UPF/TFM/Master_projects/PhyloPhere/Data/6.CAAS_traitfiles/Ranked/df8_sp.tab
A1BG@44	43	1000	0.043	b_528,b_933,b_204,b_514,b_487,b_266,b_255,b_164,b_632,b_8,b_331,b_654,b_506,b_39,b_436,b_283,b_148,b_182,b_845,b_858,b_216,b_335,b_697,b_853,b_180,b_666,b_625,b_73,b_755,b_78,b_889,b_470,b_291,b_191,b_369,b_225,b_209,b_170,b_692,b_85,b_671,b_842,b_650	/home/miguel/IBE-UPF/TFM/Master_projects/PhyloPhere/Data/6.CAAS_traitfiles/Ranked/df8_sp.tab
A1BG@45	0	1000	0.0		/home/miguel/IBE-UPF/TFM/Master_projects/PhyloPhere/Data/6.CAAS_traitfiles/Ranked/df8_sp.tab
A1BG@46	0	1000	0.0		/home/miguel/IBE-UPF/TFM/Master_projects/PhyloPhere/Data/6.CAAS_traitfiles/Ranked/df8_sp.tab
A1BG@48	0	1000	0.0		/home/miguel/IBE-UPF/TFM/Master_projects/PhyloPhere/Data/6.CAAS_traitfiles/Ranked/df8_sp.tab
A1BG@49	61	1000	0.061	b_730,b_706,b_136,b_77,b_232,b_289,b_873,b_742,b_134,b_669,b_825,b_451,b_688,b_316,b_848,b_654,b_629,b_102,b_176,b_61,b_526,b_257,b_845,b_297,b_667,b_651,b_65,b_76,b_509,b_853,b_685,b_939,b_744,b_865,b_583,b_151,b_382,b_488,b_473,b_78,b_172,b_813,b_538,b_42,b_63,b_833,b_30,b_225,b_142,b_308,b_822,b_447,b_185,b_780,b_462,b_396,b_692,b_492,b_831,b_997,b_577	/home/miguel/IBE-UPF/TFM/Master_projects/PhyloPhere/Data/6.CAAS_traitfiles/Ranked/df8_sp.tab
A1BG@51	0	1000	0.0		/home/miguel/IBE-UPF/TFM/Master_projects/PhyloPhere/Data/6.CAAS_traitfiles/Ranked/df8_sp.tab
A1BG@52	0	1000	0.0		/home/miguel/IBE-UPF/TFM/Master_projects/PhyloPhere/Data/6.CAAS_traitfiles/Ranked/df8_sp.tab
A1BG@53	0	1000	0.0		/home/miguel/IBE-UPF/TFM/Master_projects/PhyloPhere/Data/6.CAAS_traitfiles/Ranked/df8_sp.tab
A1BG@57	0	1000	0.0		/home/miguel/IBE-UPF/TFM/Master_projects/PhyloPhere/Data/6.CAAS_traitfiles/Ranked/df8_sp.tab
A1BG@62	0	1000	0.0		/home/miguel/IBE-UPF/TFM/Master_projects/PhyloPhere/Data/6.CAAS_traitfiles/Ranked/df8_sp.tab
A1BG@63	0	1000	0.0		/home/miguel/IBE-UPF/TFM/Master_projects/PhyloPhere/Data/6.CAAS_traitfiles/Ranked/df8_sp.tab
A1BG@65	36	1000	0.036	b_528,b_933,b_204,b_514,b_487,b_266,b_255,b_164,b_632,b_8,b_654,b_506,b_39,b_283,b_148,b_182,b_858,b_216,b_335,b_697,b_853,b_180,b_666,b_625,b_73,b_470,b_291,b_191,b_369,b_225,b_209,b_170,b_85,b_671,b_842,b_650	/home/miguel/IBE-UPF/TFM/Master_projects/PhyloPhere/Data/6.CAAS_traitfiles/Ranked/df8_sp.tab
A1BG@69	0	1000	0.0		/home/miguel/IBE-UPF/TFM/Master_projects/PhyloPhere/Data/6.CAAS_traitfiles/Ranked/df8_sp.tab
A1BG@72	0	1000	0.0		/home/miguel/IBE-UPF/TFM/Master_projects/PhyloPhere/Data/6.CAAS_traitfiles/Ranked/df8_sp.tab
A1BG@73	37	1000	0.037	b_828,b_282,b_410,b_26,b_988,b_99,b_546,b_694,b_658,b_652,b_167,b_995,b_301,b_841,b_432,b_789,b_557,b_317,b_685,b_954,b_309,b_583,b_832,b_704,b_473,b_89,b_154,b_538,b_656,b_63,b_606,b_320,b_142,b_60,b_728,b_423,b_774	/home/miguel/IBE-UPF/TFM/Master_projects/PhyloPhere/Data/6.CAAS_traitfiles/Ranked/df8_sp.tab
A1BG@74	61	1000	0.061	b_282,b_649,b_988,b_200,b_136,b_77,b_99,b_546,b_349,b_428,b_254,b_215,b_683,b_658,b_558,b_398,b_119,b_484,b_723,b_652,b_817,b_715,b_458,b_194,b_334,b_258,b_841,b_432,b_763,b_882,b_319,b_416,b_800,b_177,b_625,b_374,b_583,b_371,b_704,b_907,b_473,b_183,b_89,b_548,b_426,b_813,b_191,b_910,b_814,b_63,b_606,b_320,b_308,b_60,b_931,b_866,b_86,b_734,b_728,b_423,b_774	/home/miguel/IBE-UPF/TFM/Master_projects/PhyloPhere/Data/6.CAAS_traitfiles/Ranked/df8_sp.tab
A1BG@75	0	1000	0.0		/home/miguel/IBE-UPF/TFM/Master_projects/PhyloPhere/Data/6.CAAS_traitfiles/Ranked/df8_sp.tab
A1BG@77	0	1000	0.0		/home/miguel/IBE-UPF/TFM/Master_projects/PhyloPhere/Data/6.CAAS_traitfiles/Ranked/df8_sp.tab
A1BG@78	8	1000	0.008	b_136,b_77,b_289,b_134,b_699,b_845,b_63,b_531	/home/miguel/IBE-UPF/TFM/Master_projects/PhyloPhere/Data/6.CAAS_traitfiles/Ranked/df8_sp.tab
A1BG@81	141	1000	0.141	b_282,b_528,b_649,b_988,b_706,b_200,b_933,b_136,b_77,b_204,b_99,b_546,b_349,b_428,b_254,b_232,b_289,b_215,b_683,b_514,b_658,b_873,b_742,b_134,b_487,b_266,b_558,b_398,b_255,b_669,b_825,b_119,b_484,b_164,b_451,b_723,b_632,b_8,b_316,b_652,b_848,b_654,b_629,b_102,b_817,b_506,b_176,b_715,b_458,b_39,b_61,b_194,b_526,b_334,b_283,b_148,b_182,b_258,b_841,b_257,b_432,b_845,b_297,b_763,b_667,b_858,b_882,b_216,b_335,b_651,b_65,b_76,b_697,b_319,b_416,b_509,b_853,b_180,b_685,b_939,b_800,b_177,b_666,b_625,b_744,b_865,b_374,b_583,b_371,b_73,b_704,b_907,b_382,b_488,b_473,b_183,b_78,b_89,b_172,b_548,b_426,b_813,b_470,b_291,b_538,b_191,b_42,b_910,b_814,b_63,b_606,b_369,b_225,b_320,b_142,b_308,b_822,b_209,b_447,b_60,b_185,b_170,b_780,b_931,b_462,b_396,b_866,b_86,b_692,b_492,b_734,b_728,b_831,b_997,b_85,b_671,b_842,b_650,b_423,b_577,b_774	/home/miguel/IBE-UPF/TFM/Master_projects/PhyloPhere/Data/6.CAAS_traitfiles/Ranked/df8_sp.tab
A1BG@83	36	1000	0.036	b_528,b_933,b_204,b_514,b_487,b_266,b_255,b_164,b_632,b_8,b_654,b_506,b_39,b_283,b_148,b_182,b_858,b_216,b_335,b_697,b_853,b_180,b_666,b_625,b_73,b_470,b_291,b_191,b_369,b_225,b_209,b_170,b_85,b_671,b_842,b_650	/home/miguel/IBE-UPF/TFM/Master_projects/PhyloPhere/Data/6.CAAS_traitfiles/Ranked/df8_sp.tab
A1BG@85	36	1000	0.036	b_528,b_933,b_204,b_514,b_487,b_266,b_255,b_164,b_632,b_8,b_654,b_506,b_39,b_283,b_148,b_182,b_858,b_216,b_335,b_697,b_853,b_180,b_666,b_625,b_73,b_470,b_291,b_191,b_369,b_225,b_209,b_170,b_85,b_671,b_842,b_650	/home/miguel/IBE-UPF/TFM/Master_projects/PhyloPhere/Data/6.CAAS_traitfiles/Ranked/df8_sp.tab
A1BG@86	0	1000	0.0		/home/miguel/IBE-UPF/TFM/Master_projects/PhyloPhere/Data/6.CAAS_traitfiles/Ranked/df8_sp.tab
A1BG@88	0	1000	0.0		/home/miguel/IBE-UPF/TFM/Master_projects/PhyloPhere/Data/6.CAAS_traitfiles/Ranked/df8_sp.tab
A1BG@89	0	1000	0.0		/home/miguel/IBE-UPF/TFM/Master_projects/PhyloPhere/Data/6.CAAS_traitfiles/Ranked/df8_sp.tab
A1BG@90	0	1000	0.0		/home/miguel/IBE-UPF/TFM/Master_projects/PhyloPhere/Data/6.CAAS_traitfiles/Ranked/df8_sp.tab
A1BG@93	21	1000	0.021	b_770,b_547,b_438,b_632,b_505,b_725,b_277,b_805,b_257,b_804,b_325,b_175,b_529,b_246,b_744,b_217,b_291,b_380,b_905,b_244,b_650	/home/miguel/IBE-UPF/TFM/Master_projects/PhyloPhere/Data/6.CAAS_traitfiles/Ranked/df8_sp.tab
A1BG@95	0	1000	0.0		/home/miguel/IBE-UPF/TFM/Master_projects/PhyloPhere/Data/6.CAAS_traitfiles/Ranked/df8_sp.tab
A1BG@97	0	1000	0.0		/home/miguel/IBE-UPF/TFM/Master_projects/PhyloPhere/Data/6.CAAS_traitfiles/Ranked/df8_sp.tab
A1BG@98	93	1000	0.093	b_282,b_649,b_988,b_200,b_136,b_77,b_99,b_546,b_349,b_428,b_254,b_289,b_215,b_683,b_658,b_134,b_558,b_398,b_669,b_825,b_119,b_484,b_723,b_316,b_652,b_848,b_629,b_817,b_715,b_458,b_61,b_194,b_526,b_334,b_258,b_841,b_257,b_432,b_845,b_325,b_297,b_763,b_667,b_882,b_76,b_319,b_416,b_939,b_800,b_177,b_625,b_744,b_374,b_865,b_583,b_371,b_704,b_907,b_382,b_488,b_473,b_183,b_78,b_89,b_548,b_426,b_813,b_538,b_191,b_42,b_910,b_814,b_63,b_606,b_320,b_142,b_308,b_822,b_447,b_185,b_60,b_780,b_931,b_462,b_396,b_866,b_86,b_492,b_734,b_728,b_997,b_423,b_774	/home/miguel/IBE-UPF/TFM/Master_projects/PhyloPhere/Data/6.CAAS_traitfiles/Ranked/df8_sp.tab
A1BG@99	141	1000	0.141	b_282,b_528,b_649,b_988,b_706,b_200,b_933,b_136,b_77,b_204,b_99,b_546,b_349,b_428,b_254,b_232,b_289,b_215,b_683,b_514,b_658,b_873,b_742,b_134,b_487,b_266,b_558,b_398,b_255,b_669,b_825,b_119,b_484,b_164,b_451,b_723,b_632,b_8,b_316,b_652,b_848,b_654,b_629,b_102,b_817,b_506,b_176,b_715,b_458,b_39,b_61,b_194,b_526,b_334,b_283,b_148,b_182,b_258,b_841,b_257,b_432,b_845,b_297,b_763,b_667,b_858,b_882,b_216,b_335,b_651,b_65,b_76,b_697,b_319,b_416,b_509,b_853,b_180,b_685,b_939,b_800,b_177,b_666,b_625,b_744,b_865,b_374,b_583,b_371,b_73,b_704,b_907,b_382,b_488,b_473,b_183,b_78,b_89,b_172,b_548,b_426,b_813,b_470,b_291,b_538,b_191,b_42,b_910,b_814,b_63,b_606,b_369,b_225,b_320,b_142,b_308,b_822,b_209,b_447,b_60,b_185,b_170,b_780,b_931,b_462,b_396,b_866,b_86,b_692,b_492,b_734,b_728,b_831,b_997,b_85,b_671,b_842,b_650,b_423,b_577,b_774	/home/miguel/IBE-UPF/TFM/Master_projects/PhyloPhere/Data/6.CAAS_traitfiles/Ranked/df8_sp.tab
A1BG@104	0	1000	0.0		/home/miguel/IBE-UPF/TFM/Master_projects/PhyloPhere/Data/6.CAAS_traitfiles/Ranked/df8_sp.tab
A1BG@110	36	1000	0.036	b_528,b_933,b_204,b_514,b_487,b_266,b_255,b_164,b_632,b_8,b_654,b_506,b_39,b_283,b_148,b_182,b_858,b_216,b_335,b_697,b_853,b_180,b_666,b_625,b_73,b_470,b_291,b_191,b_369,b_225,b_209,b_170,b_85,b_671,b_842,b_650	/home/miguel/IBE-UPF/TFM/Master_projects/PhyloPhere/Data/6.CAAS_traitfiles/Ranked/df8_sp.tab
A1BG@112	36	1000	0.036	b_528,b_933,b_204,b_514,b_487,b_266,b_255,b_164,b_632,b_8,b_654,b_506,b_39,b_283,b_148,b_182,b_858,b_216,b_335,b_697,b_853,b_180,b_666,b_625,b_73,b_470,b_291,b_191,b_369,b_225,b_209,b_170,b_85,b_671,b_842,b_650	/home/miguel/IBE-UPF/TFM/Master_projects/PhyloPhere/Data/6.CAAS_traitfiles/Ranked/df8_sp.tab
A1BG@115	11	1000	0.011	b_528,b_487,b_164,b_283,b_182,b_216,b_697,b_853,b_625,b_470,b_85	/home/miguel/IBE-UPF/TFM/Master_projects/PhyloPhere/Data/6.CAAS_traitfiles/Ranked/df8_sp.tab
A1BG@119	0	1000	0.0		/home/miguel/IBE-UPF/TFM/Master_projects/PhyloPhere/Data/6.CAAS_traitfiles/Ranked/df8_sp.tab
A1BG@126	0	1000	0.0		/home/miguel/IBE-UPF/TFM/Master_projects/PhyloPhere/Data/6.CAAS_traitfiles/Ranked/df8_sp.tab
A1BG@128	0	1000	0.0		/home/miguel/IBE-UPF/TFM/Master_projects/PhyloPhere/Data/6.CAAS_traitfiles/Ranked/df8_sp.tab
A1BG@131	23	1000	0.023	b_528,b_933,b_514,b_487,b_266,b_283,b_148,b_182,b_858,b_216,b_180,b_666,b_625,b_73,b_470,b_291,b_191,b_369,b_209,b_85,b_671,b_842,b_650	/home/miguel/IBE-UPF/TFM/Master_projects/PhyloPhere/Data/6.CAAS_traitfiles/Ranked/df8_sp.tab
A1BG@132	0	1000	0.0		/home/miguel/IBE-UPF/TFM/Master_projects/PhyloPhere/Data/6.CAAS_traitfiles/Ranked/df8_sp.tab
A1BG@133	0	1000	0.0		/home/miguel/IBE-UPF/TFM/Master_projects/PhyloPhere/Data/6.CAAS_traitfiles/Ranked/df8_sp.tab
A1BG@136	50	1000	0.05	b_770,b_28,b_162,b_514,b_252,b_999,b_255,b_792,b_6,b_438,b_632,b_8,b_482,b_654,b_725,b_277,b_805,b_561,b_834,b_192,b_148,b_257,b_847,b_344,b_175,b_600,b_53,b_529,b_246,b_853,b_180,b_66,b_666,b_744,b_144,b_138,b_217,b_602,b_291,b_380,b_225,b_320,b_209,b_197,b_170,b_556,b_40,b_905,b_855,b_650	/home/miguel/IBE-UPF/TFM/Master_projects/PhyloPhere/Data/6.CAAS_traitfiles/Ranked/df8_sp.tab
A1BG@137	109	1000	0.109	b_528,b_649,b_200,b_933,b_136,b_77,b_204,b_99,b_428,b_254,b_289,b_215,b_683,b_514,b_873,b_134,b_487,b_266,b_558,b_398,b_255,b_669,b_119,b_484,b_164,b_451,b_107,b_723,b_632,b_8,b_316,b_848,b_654,b_817,b_506,b_176,b_458,b_39,b_61,b_194,b_526,b_334,b_283,b_148,b_182,b_258,b_841,b_257,b_432,b_845,b_297,b_763,b_667,b_858,b_882,b_216,b_335,b_697,b_319,b_416,b_509,b_853,b_180,b_939,b_666,b_625,b_744,b_374,b_750,b_583,b_371,b_73,b_704,b_907,b_183,b_78,b_89,b_172,b_813,b_470,b_522,b_291,b_191,b_910,b_814,b_63,b_606,b_369,b_225,b_320,b_142,b_209,b_447,b_60,b_170,b_462,b_866,b_861,b_86,b_692,b_734,b_728,b_997,b_85,b_671,b_842,b_650,b_577,b_774	/home/miguel/IBE-UPF/TFM/Master_projects/PhyloPhere/Data/6.CAAS_traitfiles/Ranked/df8_sp.tab
A1BG@138	0	1000	0.0		/home/miguel/IBE-UPF/TFM/Master_projects/PhyloPhere/Data/6.CAAS_traitfiles/Ranked/df8_sp.tab
A1BG@139	0	1000	0.0		/home/miguel/IBE-UPF/TFM/Master_projects/PhyloPhere/Data/6.CAAS_traitfiles/Ranked/df8_sp.tab
A1BG@140	36	1000	0.036	b_528,b_933,b_204,b_514,b_487,b_266,b_255,b_164,b_632,b_8,b_654,b_506,b_39,b_283,b_148,b_182,b_858,b_216,b_335,b_697,b_853,b_180,b_666,b_625,b_73,b_470,b_291,b_191,b_369,b_225,b_209,b_170,b_85,b_671,b_842,b_650	/home/miguel/IBE-UPF/TFM/Master_projects/PhyloPhere/Data/6.CAAS_traitfiles/Ranked/df8_sp.tab
A1BG@141	0	1000	0.0		/home/miguel/IBE-UPF/TFM/Master_projects/PhyloPhere/Data/6.CAAS_traitfiles/Ranked/df8_sp.tab
A1BG@142	7	1000	0.007	b_287,b_195,b_453,b_693,b_492,b_276,b_56	/home/miguel/IBE-UPF/TFM/Master_projects/PhyloPhere/Data/6.CAAS_traitfiles/Ranked/df8_sp.tab
A1BG@143	0	1000	0.0		/home/miguel/IBE-UPF/TFM/Master_projects/PhyloPhere/Data/6.CAAS_traitfiles/Ranked/df8_sp.tab
A1BG@144	0	1000	0.0		/home/miguel/IBE-UPF/TFM/Master_projects/PhyloPhere/Data/6.CAAS_traitfiles/Ranked/df8_sp.tab
A1BG@146	13	1000	0.013	b_282,b_546,b_995,b_557,b_309,b_583,b_832,b_473,b_89,b_63,b_573,b_372,b_423	/home/miguel/IBE-UPF/TFM/Master_projects/PhyloPhere/Data/6.CAAS_traitfiles/Ranked/df8_sp.tab
A1BG@148	0	1000	0.0		/home/miguel/IBE-UPF/TFM/Master_projects/PhyloPhere/Data/6.CAAS_traitfiles/Ranked/df8_sp.tab
A1BG@151	11	1000	0.011	b_770,b_933,b_134,b_439,b_437,b_453,b_853,b_744,b_545,b_225,b_956	/home/miguel/IBE-UPF/TFM/Master_projects/PhyloPhere/Data/6.CAAS_traitfiles/Ranked/df8_sp.tab
A1BG@154	36	1000	0.036	b_528,b_933,b_204,b_514,b_487,b_266,b_255,b_164,b_632,b_8,b_654,b_506,b_39,b_283,b_148,b_182,b_858,b_216,b_335,b_697,b_853,b_180,b_666,b_625,b_73,b_470,b_291,b_191,b_369,b_225,b_209,b_170,b_85,b_671,b_842,b_650	/home/miguel/IBE-UPF/TFM/Master_projects/PhyloPhere/Data/6.CAAS_traitfiles/Ranked/df8_sp.tab
A1BG@158	0	1000	0.0		/home/miguel/IBE-UPF/TFM/Master_projects/PhyloPhere/Data/6.CAAS_traitfiles/Ranked/df8_sp.tab
A1BG@160	57	1000	0.057	b_706,b_136,b_77,b_232,b_289,b_873,b_742,b_134,b_669,b_825,b_451,b_316,b_848,b_654,b_629,b_102,b_176,b_61,b_526,b_257,b_845,b_325,b_297,b_667,b_651,b_65,b_76,b_509,b_853,b_685,b_939,b_744,b_865,b_583,b_382,b_488,b_473,b_78,b_172,b_813,b_538,b_42,b_63,b_225,b_142,b_308,b_822,b_447,b_185,b_780,b_462,b_396,b_692,b_492,b_831,b_997,b_577	/home/miguel/IBE-UPF/TFM/Master_projects/PhyloPhere/Data/6.CAAS_traitfiles/Ranked/df8_sp.tab
A1BG@161	0	1000	0.0		/home/miguel/IBE-UPF/TFM/Master_projects/PhyloPhere/Data/6.CAAS_traitfiles/Ranked/df8_sp.tab
A1BG@162	0	1000	0.0		/home/miguel/IBE-UPF/TFM/Master_projects/PhyloPhere/Data/6.CAAS_traitfiles/Ranked/df8_sp.tab
A1BG@163	43	1000	0.043	b_770,b_528,b_933,b_162,b_204,b_792,b_164,b_311,b_8,b_799,b_725,b_167,b_995,b_834,b_283,b_841,b_257,b_847,b_344,b_18,b_858,b_216,b_335,b_175,b_697,b_53,b_246,b_853,b_66,b_625,b_744,b_138,b_217,b_602,b_291,b_191,b_380,b_369,b_225,b_905,b_855,b_671,b_842	/home/miguel/IBE-UPF/TFM/Master_projects/PhyloPhere/Data/6.CAAS_traitfiles/Ranked/df8_sp.tab
A1BG@164	0	1000	0.0		/home/miguel/IBE-UPF/TFM/Master_projects/PhyloPhere/Data/6.CAAS_traitfiles/Ranked/df8_sp.tab
A1BG@166	26	1000	0.026	b_528,b_933,b_428,b_215,b_514,b_487,b_266,b_119,b_182,b_457,b_920,b_858,b_882,b_216,b_666,b_974,b_625,b_400,b_73,b_183,b_89,b_191,b_209,b_85,b_842,b_650	/home/miguel/IBE-UPF/TFM/Master_projects/PhyloPhere/Data/6.CAAS_traitfiles/Ranked/df8_sp.tab
A1BG@167	66	1000	0.066	b_282,b_649,b_988,b_200,b_136,b_77,b_99,b_546,b_349,b_428,b_254,b_215,b_683,b_658,b_558,b_398,b_119,b_390,b_484,b_723,b_911,b_652,b_482,b_817,b_715,b_458,b_194,b_334,b_258,b_841,b_432,b_763,b_882,b_335,b_319,b_416,b_800,b_177,b_625,b_374,b_583,b_371,b_704,b_907,b_473,b_183,b_89,b_548,b_426,b_813,b_191,b_910,b_814,b_63,b_606,b_320,b_308,b_60,b_931,b_866,b_566,b_86,b_734,b_728,b_423,b_774	/home/miguel/IBE-UPF/TFM/Master_projects/PhyloPhere/Data/6.CAAS_traitfiles/Ranked/df8_sp.tab
A1BG@169	0	1000	0.0		/home/miguel/IBE-UPF/TFM/Master_projects/PhyloPhere/Data/6.CAAS_traitfiles/Ranked/df8_sp.tab
A1BG@172	56	1000	0.056	b_706,b_136,b_77,b_232,b_289,b_873,b_742,b_134,b_669,b_825,b_451,b_316,b_848,b_654,b_629,b_102,b_176,b_61,b_526,b_257,b_845,b_297,b_667,b_651,b_65,b_76,b_509,b_853,b_685,b_939,b_744,b_865,b_583,b_382,b_488,b_473,b_78,b_172,b_813,b_538,b_42,b_63,b_225,b_142,b_308,b_822,b_447,b_185,b_780,b_462,b_396,b_692,b_492,b_831,b_997,b_577	/home/miguel/IBE-UPF/TFM/Master_projects/PhyloPhere/Data/6.CAAS_traitfiles/Ranked/df8_sp.tab
A1BG@173	0	1000	0.0		/home/miguel/IBE-UPF/TFM/Master_projects/PhyloPhere/Data/6.CAAS_traitfiles/Ranked/df8_sp.tab
A1BG@175	21	1000	0.021	b_99,b_694,b_167,b_995,b_841,b_432,b_789,b_557,b_750,b_309,b_583,b_832,b_704,b_89,b_63,b_606,b_320,b_524,b_60,b_728,b_774	/home/miguel/IBE-UPF/TFM/Master_projects/PhyloPhere/Data/6.CAAS_traitfiles/Ranked/df8_sp.tab
A1BG@176	0	1000	0.0		/home/miguel/IBE-UPF/TFM/Master_projects/PhyloPhere/Data/6.CAAS_traitfiles/Ranked/df8_sp.tab
A1BG@177	19	1000	0.019	b_988,b_136,b_77,b_81,b_97,b_817,b_715,b_763,b_205,b_578,b_416,b_784,b_681,b_583,b_151,b_910,b_63,b_327,b_774	/home/miguel/IBE-UPF/TFM/Master_projects/PhyloPhere/Data/6.CAAS_traitfiles/Ranked/df8_sp.tab
A1BG@181	0	1000	0.0		/home/miguel/IBE-UPF/TFM/Master_projects/PhyloPhere/Data/6.CAAS_traitfiles/Ranked/df8_sp.tab
A1BG@184	0	1000	0.0		/home/miguel/IBE-UPF/TFM/Master_projects/PhyloPhere/Data/6.CAAS_traitfiles/Ranked/df8_sp.tab
A1BG@186	0	1000	0.0		/home/miguel/IBE-UPF/TFM/Master_projects/PhyloPhere/Data/6.CAAS_traitfiles/Ranked/df8_sp.tab
A1BG@188	64	1000	0.064	b_282,b_649,b_988,b_200,b_136,b_77,b_99,b_546,b_349,b_428,b_254,b_215,b_499,b_683,b_658,b_558,b_398,b_119,b_484,b_723,b_652,b_817,b_715,b_943,b_458,b_159,b_194,b_334,b_258,b_841,b_432,b_763,b_882,b_319,b_416,b_800,b_177,b_625,b_374,b_583,b_371,b_704,b_907,b_473,b_183,b_89,b_548,b_426,b_813,b_191,b_910,b_814,b_63,b_606,b_320,b_308,b_60,b_931,b_866,b_86,b_734,b_728,b_423,b_774	/home/miguel/IBE-UPF/TFM/Master_projects/PhyloPhere/Data/6.CAAS_traitfiles/Ranked/df8_sp.tab
A1BG@189	110	1000	0.11	b_282,b_649,b_988,b_706,b_200,b_136,b_77,b_99,b_546,b_349,b_428,b_254,b_232,b_289,b_215,b_683,b_658,b_873,b_742,b_134,b_558,b_398,b_669,b_825,b_119,b_484,b_451,b_723,b_316,b_652,b_848,b_654,b_629,b_102,b_817,b_176,b_715,b_458,b_61,b_194,b_526,b_334,b_258,b_841,b_257,b_432,b_845,b_297,b_763,b_667,b_882,b_651,b_65,b_76,b_319,b_416,b_509,b_853,b_685,b_939,b_800,b_177,b_625,b_744,b_865,b_374,b_583,b_371,b_704,b_907,b_382,b_488,b_473,b_183,b_78,b_89,b_172,b_548,b_426,b_813,b_538,b_191,b_42,b_910,b_814,b_63,b_606,b_225,b_320,b_142,b_308,b_822,b_447,b_60,b_185,b_780,b_931,b_462,b_396,b_866,b_86,b_692,b_492,b_734,b_728,b_831,b_997,b_423,b_577,b_774	/home/miguel/IBE-UPF/TFM/Master_projects/PhyloPhere/Data/6.CAAS_traitfiles/Ranked/df8_sp.tab
A1BG@190	25	1000	0.025	b_730,b_136,b_77,b_669,b_49,b_848,b_96,b_798,b_65,b_509,b_306,b_655,b_247,b_151,b_382,b_473,b_172,b_63,b_30,b_780,b_492,b_831,b_997,b_952,b_695	/home/miguel/IBE-UPF/TFM/Master_projects/PhyloPhere/Data/6.CAAS_traitfiles/Ranked/df8_sp.tab
A1BG@191	26	1000	0.026	b_988,b_200,b_136,b_77,b_683,b_97,b_894,b_817,b_715,b_763,b_416,b_784,b_969,b_681,b_583,b_247,b_151,b_736,b_473,b_608,b_813,b_910,b_63,b_308,b_728,b_774	/home/miguel/IBE-UPF/TFM/Master_projects/PhyloPhere/Data/6.CAAS_traitfiles/Ranked/df8_sp.tab
A1BG@192	0	1000	0.0		/home/miguel/IBE-UPF/TFM/Master_projects/PhyloPhere/Data/6.CAAS_traitfiles/Ranked/df8_sp.tab
A1BG@193	0	1000	0.0		/home/miguel/IBE-UPF/TFM/Master_projects/PhyloPhere/Data/6.CAAS_traitfiles/Ranked/df8_sp.tab
A1BG@194	31	1000	0.031	b_410,b_26,b_99,b_609,b_425,b_623,b_590,b_445,b_943,b_301,b_463,b_334,b_432,b_789,b_708,b_745,b_272,b_903,b_454,b_76,b_685,b_954,b_309,b_583,b_473,b_538,b_63,b_328,b_524,b_142,b_637	/home/miguel/IBE-UPF/TFM/Master_projects/PhyloPhere/Data/6.CAAS_traitfiles/Ranked/df8_sp.tab
A1BG@195	44	1000	0.044	b_528,b_933,b_204,b_823,b_514,b_487,b_266,b_255,b_164,b_760,b_632,b_8,b_482,b_654,b_506,b_561,b_39,b_283,b_148,b_182,b_569,b_858,b_216,b_335,b_697,b_414,b_853,b_180,b_666,b_625,b_897,b_73,b_470,b_291,b_191,b_369,b_225,b_320,b_209,b_170,b_85,b_671,b_842,b_650	/home/miguel/IBE-UPF/TFM/Master_projects/PhyloPhere/Data/6.CAAS_traitfiles/Ranked/df8_sp.tab
A1BG@196	0	1000	0.0		/home/miguel/IBE-UPF/TFM/Master_projects/PhyloPhere/Data/6.CAAS_traitfiles/Ranked/df8_sp.tab
A1BG@197	0	1000	0.0		/home/miguel/IBE-UPF/TFM/Master_projects/PhyloPhere/Data/6.CAAS_traitfiles/Ranked/df8_sp.tab
A1BG@198	2	1000	0.002	b_610,b_864	/home/miguel/IBE-UPF/TFM/Master_projects/PhyloPhere/Data/6.CAAS_traitfiles/Ranked/df8_sp.tab
A1BG@201	89	1000	0.089	b_748,b_528,b_649,b_706,b_287,b_204,b_546,b_232,b_289,b_514,b_658,b_873,b_742,b_134,b_266,b_849,b_669,b_825,b_164,b_632,b_316,b_848,b_654,b_629,b_102,b_722,b_506,b_176,b_439,b_436,b_95,b_182,b_432,b_845,b_381,b_297,b_651,b_65,b_76,b_169,b_509,b_853,b_180,b_685,b_666,b_744,b_865,b_415,b_583,b_73,b_693,b_382,b_540,b_488,b_473,b_78,b_470,b_291,b_538,b_837,b_63,b_606,b_369,b_801,b_225,b_320,b_142,b_822,b_88,b_956,b_447,b_185,b_780,b_462,b_396,b_866,b_916,b_692,b_401,b_492,b_276,b_831,b_997,b_452,b_85,b_671,b_650,b_423,b_577	/home/miguel/IBE-UPF/TFM/Master_projects/PhyloPhere/Data/6.CAAS_traitfiles/Ranked/df8_sp.tab
A1BG@202	0	1000	0.0		/home/miguel/IBE-UPF/TFM/Master_projects/PhyloPhere/Data/6.CAAS_traitfiles/Ranked/df8_sp.tab
A1BG@203	8	1000	0.008	b_428,b_487,b_882,b_216,b_625,b_183,b_34,b_85	/home/miguel/IBE-UPF/TFM/Master_projects/PhyloPhere/Data/6.CAAS_traitfiles/Ranked/df8_sp.tab
A1BG@205	32	1000	0.032	b_136,b_77,b_232,b_250,b_289,b_873,b_742,b_134,b_825,b_848,b_654,b_629,b_102,b_61,b_526,b_845,b_297,b_65,b_76,b_685,b_939,b_583,b_796,b_473,b_813,b_538,b_63,b_225,b_142,b_308,b_185,b_462	/home/miguel/IBE-UPF/TFM/Master_projects/PhyloPhere/Data/6.CAAS_traitfiles/Ranked/df8_sp.tab
A1BG@206	42	1000	0.042	b_333,b_287,b_742,b_767,b_849,b_164,b_128,b_368,b_654,b_576,b_722,b_439,b_39,b_640,b_51,b_977,b_367,b_199,b_186,b_453,b_174,b_853,b_984,b_98,b_731,b_700,b_470,b_919,b_83,b_91,b_225,b_801,b_471,b_209,b_447,b_170,b_401,b_492,b_543,b_294,b_831,b_671	/home/miguel/IBE-UPF/TFM/Master_projects/PhyloPhere/Data/6.CAAS_traitfiles/Ranked/df8_sp.tab
A1BG@208	0	1000	0.0		/home/miguel/IBE-UPF/TFM/Master_projects/PhyloPhere/Data/6.CAAS_traitfiles/Ranked/df8_sp.tab
A1BG@215	27	1000	0.027	b_282,b_988,b_99,b_546,b_694,b_658,b_652,b_167,b_995,b_841,b_432,b_789,b_557,b_954,b_309,b_583,b_832,b_704,b_473,b_89,b_63,b_606,b_320,b_60,b_728,b_423,b_774	/home/miguel/IBE-UPF/TFM/Master_projects/PhyloPhere/Data/6.CAAS_traitfiles/Ranked/df8_sp.tab
A1BG@219	0	1000	0.0		/home/miguel/IBE-UPF/TFM/Master_projects/PhyloPhere/Data/6.CAAS_traitfiles/Ranked/df8_sp.tab
A1BG@220	0	1000	0.0		/home/miguel/IBE-UPF/TFM/Master_projects/PhyloPhere/Data/6.CAAS_traitfiles/Ranked/df8_sp.tab
A1BG@221	0	1000	0.0		/home/miguel/IBE-UPF/TFM/Master_projects/PhyloPhere/Data/6.CAAS_traitfiles/Ranked/df8_sp.tab
A1BG@223	0	1000	0.0		/home/miguel/IBE-UPF/TFM/Master_projects/PhyloPhere/Data/6.CAAS_traitfiles/Ranked/df8_sp.tab
A1BG@226	0	1000	0.0		/home/miguel/IBE-UPF/TFM/Master_projects/PhyloPhere/Data/6.CAAS_traitfiles/Ranked/df8_sp.tab
A1BG@228	0	1000	0.0		/home/miguel/IBE-UPF/TFM/Master_projects/PhyloPhere/Data/6.CAAS_traitfiles/Ranked/df8_sp.tab
A1BG@229	1	1000	0.001	b_722	/home/miguel/IBE-UPF/TFM/Master_projects/PhyloPhere/Data/6.CAAS_traitfiles/Ranked/df8_sp.tab
A1BG@232	0	1000	0.0		/home/miguel/IBE-UPF/TFM/Master_projects/PhyloPhere/Data/6.CAAS_traitfiles/Ranked/df8_sp.tab
A1BG@237	19	1000	0.019	b_770,b_28,b_933,b_162,b_547,b_351,b_322,b_438,b_632,b_805,b_148,b_847,b_884,b_666,b_217,b_963,b_60,b_40,b_650	/home/miguel/IBE-UPF/TFM/Master_projects/PhyloPhere/Data/6.CAAS_traitfiles/Ranked/df8_sp.tab
A1BG@238	0	1000	0.0		/home/miguel/IBE-UPF/TFM/Master_projects/PhyloPhere/Data/6.CAAS_traitfiles/Ranked/df8_sp.tab
A1BG@242	0	1000	0.0		/home/miguel/IBE-UPF/TFM/Master_projects/PhyloPhere/Data/6.CAAS_traitfiles/Ranked/df8_sp.tab
A1BG@243	47	1000	0.047	b_706,b_136,b_77,b_232,b_289,b_873,b_742,b_134,b_669,b_451,b_316,b_848,b_654,b_629,b_102,b_176,b_61,b_526,b_257,b_845,b_297,b_667,b_651,b_65,b_509,b_853,b_685,b_939,b_744,b_865,b_583,b_382,b_488,b_78,b_172,b_813,b_538,b_42,b_63,b_225,b_142,b_822,b_447,b_462,b_692,b_997,b_577	/home/miguel/IBE-UPF/TFM/Master_projects/PhyloPhere/Data/6.CAAS_traitfiles/Ranked/df8_sp.tab
A1BG@244	36	1000	0.036	b_528,b_933,b_204,b_514,b_487,b_266,b_255,b_164,b_632,b_8,b_654,b_506,b_39,b_283,b_148,b_182,b_858,b_216,b_335,b_697,b_853,b_180,b_666,b_625,b_73,b_470,b_291,b_191,b_369,b_225,b_209,b_170,b_85,b_671,b_842,b_650	/home/miguel/IBE-UPF/TFM/Master_projects/PhyloPhere/Data/6.CAAS_traitfiles/Ranked/df8_sp.tab
A1BG@246	0	1000	0.0		/home/miguel/IBE-UPF/TFM/Master_projects/PhyloPhere/Data/6.CAAS_traitfiles/Ranked/df8_sp.tab
A1BG@247	0	1000	0.0		/home/miguel/IBE-UPF/TFM/Master_projects/PhyloPhere/Data/6.CAAS_traitfiles/Ranked/df8_sp.tab
A1BG@249	0	1000	0.0		/home/miguel/IBE-UPF/TFM/Master_projects/PhyloPhere/Data/6.CAAS_traitfiles/Ranked/df8_sp.tab
A1BG@251	26	1000	0.026	b_528,b_933,b_823,b_164,b_311,b_760,b_816,b_799,b_482,b_561,b_283,b_841,b_18,b_569,b_335,b_697,b_414,b_853,b_625,b_897,b_291,b_191,b_369,b_225,b_320,b_842	/home/miguel/IBE-UPF/TFM/Master_projects/PhyloPhere/Data/6.CAAS_traitfiles/Ranked/df8_sp.tab
A1BG@257	17	1000	0.017	b_77,b_499,b_425,b_19,b_902,b_227,b_301,b_526,b_214,b_444,b_317,b_796,b_473,b_813,b_830,b_142,b_308	/home/miguel/IBE-UPF/TFM/Master_projects/PhyloPhere/Data/6.CAAS_traitfiles/Ranked/df8_sp.tab
A1BG@259	6	1000	0.006	b_77,b_46,b_771,b_754,b_23,b_793	/home/miguel/IBE-UPF/TFM/Master_projects/PhyloPhere/Data/6.CAAS_traitfiles/Ranked/df8_sp.tab
A1BG@260	0	1000	0.0		/home/miguel/IBE-UPF/TFM/Master_projects/PhyloPhere/Data/6.CAAS_traitfiles/Ranked/df8_sp.tab
A1BG@261	41	1000	0.041	b_528,b_933,b_204,b_215,b_514,b_487,b_266,b_255,b_119,b_164,b_632,b_8,b_654,b_506,b_39,b_283,b_148,b_182,b_858,b_216,b_335,b_697,b_853,b_180,b_666,b_625,b_400,b_73,b_71,b_470,b_291,b_191,b_369,b_225,b_209,b_170,b_85,b_671,b_842,b_811,b_650	/home/miguel/IBE-UPF/TFM/Master_projects/PhyloPhere/Data/6.CAAS_traitfiles/Ranked/df8_sp.tab
A1BG@262	27	1000	0.027	b_282,b_988,b_99,b_546,b_694,b_658,b_652,b_167,b_995,b_841,b_432,b_789,b_557,b_954,b_309,b_583,b_832,b_704,b_473,b_89,b_63,b_606,b_320,b_60,b_728,b_423,b_774	/home/miguel/IBE-UPF/TFM/Master_projects/PhyloPhere/Data/6.CAAS_traitfiles/Ranked/df8_sp.tab
A1BG@263	36	1000	0.036	b_528,b_933,b_204,b_514,b_487,b_266,b_255,b_164,b_632,b_8,b_654,b_506,b_39,b_283,b_148,b_182,b_858,b_216,b_335,b_697,b_853,b_180,b_666,b_625,b_73,b_470,b_291,b_191,b_369,b_225,b_209,b_170,b_85,b_671,b_842,b_650	/home/miguel/IBE-UPF/TFM/Master_projects/PhyloPhere/Data/6.CAAS_traitfiles/Ranked/df8_sp.tab
A1BG@264	43	1000	0.043	b_333,b_289,b_873,b_742,b_669,b_825,b_164,b_451,b_368,b_848,b_654,b_102,b_257,b_845,b_297,b_651,b_65,b_76,b_219,b_853,b_984,b_685,b_939,b_865,b_583,b_382,b_488,b_473,b_78,b_172,b_538,b_42,b_63,b_225,b_142,b_822,b_447,b_462,b_692,b_492,b_831,b_997,b_671	/home/miguel/IBE-UPF/TFM/Master_projects/PhyloPhere/Data/6.CAAS_traitfiles/Ranked/df8_sp.tab
A1BG@267	0	1000	0.0		/home/miguel/IBE-UPF/TFM/Master_projects/PhyloPhere/Data/6.CAAS_traitfiles/Ranked/df8_sp.tab
A1BG@270	57	1000	0.057	b_706,b_136,b_77,b_232,b_289,b_873,b_742,b_134,b_669,b_825,b_139,b_451,b_316,b_848,b_654,b_629,b_102,b_176,b_61,b_526,b_257,b_845,b_297,b_667,b_651,b_65,b_76,b_509,b_853,b_685,b_939,b_744,b_865,b_583,b_382,b_488,b_473,b_78,b_172,b_813,b_538,b_42,b_63,b_225,b_142,b_308,b_822,b_447,b_185,b_780,b_462,b_396,b_692,b_492,b_831,b_997,b_577	/home/miguel/IBE-UPF/TFM/Master_projects/PhyloPhere/Data/6.CAAS_traitfiles/Ranked/df8_sp.tab
A1BG@272	16	1000	0.016	b_136,b_77,b_254,b_25,b_215,b_49,b_194,b_258,b_882,b_374,b_502,b_907,b_89,b_63,b_525,b_866	/home/miguel/IBE-UPF/TFM/Master_projects/PhyloPhere/Data/6.CAAS_traitfiles/Ranked/df8_sp.tab
A1BG@275	0	1000	0.0		/home/miguel/IBE-UPF/TFM/Master_projects/PhyloPhere/Data/6.CAAS_traitfiles/Ranked/df8_sp.tab
A1BG@276	0	1000	0.0		/home/miguel/IBE-UPF/TFM/Master_projects/PhyloPhere/Data/6.CAAS_traitfiles/Ranked/df8_sp.tab
A1BG@278	0	1000	0.0		/home/miguel/IBE-UPF/TFM/Master_projects/PhyloPhere/Data/6.CAAS_traitfiles/Ranked/df8_sp.tab
A1BG@280	20	1000	0.02	b_282,b_649,b_546,b_230,b_937,b_81,b_8,b_331,b_458,b_841,b_858,b_216,b_800,b_625,b_755,b_456,b_191,b_661,b_866,b_734	/home/miguel/IBE-UPF/TFM/Master_projects/PhyloPhere/Data/6.CAAS_traitfiles/Ranked/df8_sp.tab
A1BG@283	0	1000	0.0		/home/miguel/IBE-UPF/TFM/Master_projects/PhyloPhere/Data/6.CAAS_traitfiles/Ranked/df8_sp.tab
A1BG@285	38	1000	0.038	b_391,b_136,b_77,b_99,b_250,b_499,b_398,b_609,b_425,b_817,b_590,b_943,b_435,b_334,b_646,b_432,b_358,b_903,b_454,b_76,b_416,b_392,b_633,b_532,b_374,b_583,b_907,b_473,b_456,b_813,b_814,b_171,b_63,b_955,b_524,b_142,b_308,b_188	/home/miguel/IBE-UPF/TFM/Master_projects/PhyloPhere/Data/6.CAAS_traitfiles/Ranked/df8_sp.tab
A1BG@286	36	1000	0.036	b_528,b_933,b_204,b_514,b_487,b_266,b_255,b_164,b_632,b_8,b_654,b_506,b_39,b_283,b_148,b_182,b_858,b_216,b_335,b_697,b_853,b_180,b_666,b_625,b_73,b_470,b_291,b_191,b_369,b_225,b_209,b_170,b_85,b_671,b_842,b_650	/home/miguel/IBE-UPF/TFM/Master_projects/PhyloPhere/Data/6.CAAS_traitfiles/Ranked/df8_sp.tab
A1BG@287	43	1000	0.043	b_770,b_28,b_162,b_514,b_255,b_792,b_6,b_438,b_632,b_8,b_654,b_725,b_277,b_805,b_834,b_148,b_257,b_847,b_344,b_175,b_600,b_53,b_529,b_246,b_853,b_180,b_66,b_666,b_744,b_144,b_138,b_217,b_602,b_291,b_380,b_225,b_209,b_170,b_556,b_40,b_905,b_855,b_650	/home/miguel/IBE-UPF/TFM/Master_projects/PhyloPhere/Data/6.CAAS_traitfiles/Ranked/df8_sp.tab
A1BG@288	0	1000	0.0		/home/miguel/IBE-UPF/TFM/Master_projects/PhyloPhere/Data/6.CAAS_traitfiles/Ranked/df8_sp.tab
A1BG@291	0	1000	0.0		/home/miguel/IBE-UPF/TFM/Master_projects/PhyloPhere/Data/6.CAAS_traitfiles/Ranked/df8_sp.tab
A1BG@292	0	1000	0.0		/home/miguel/IBE-UPF/TFM/Master_projects/PhyloPhere/Data/6.CAAS_traitfiles/Ranked/df8_sp.tab
A1BG@293	33	1000	0.033	b_289,b_129,b_873,b_742,b_669,b_825,b_150,b_848,b_654,b_845,b_297,b_651,b_65,b_853,b_685,b_865,b_583,b_700,b_382,b_983,b_473,b_78,b_538,b_91,b_63,b_225,b_142,b_822,b_447,b_462,b_692,b_492,b_831	/home/miguel/IBE-UPF/TFM/Master_projects/PhyloPhere/Data/6.CAAS_traitfiles/Ranked/df8_sp.tab
A1BG@298	0	1000	0.0		/home/miguel/IBE-UPF/TFM/Master_projects/PhyloPhere/Data/6.CAAS_traitfiles/Ranked/df8_sp.tab
A1BG@299	0	1000	0.0		/home/miguel/IBE-UPF/TFM/Master_projects/PhyloPhere/Data/6.CAAS_traitfiles/Ranked/df8_sp.tab
A1BG@302	36	1000	0.036	b_528,b_933,b_204,b_514,b_487,b_266,b_255,b_164,b_632,b_8,b_654,b_506,b_39,b_283,b_148,b_182,b_858,b_216,b_335,b_697,b_853,b_180,b_666,b_625,b_73,b_470,b_291,b_191,b_369,b_225,b_209,b_170,b_85,b_671,b_842,b_650	/home/miguel/IBE-UPF/TFM/Master_projects/PhyloPhere/Data/6.CAAS_traitfiles/Ranked/df8_sp.tab
A1BG@304	36	1000	0.036	b_528,b_933,b_204,b_514,b_487,b_266,b_255,b_164,b_632,b_8,b_654,b_506,b_39,b_283,b_148,b_182,b_858,b_216,b_335,b_697,b_853,b_180,b_666,b_625,b_73,b_470,b_291,b_191,b_369,b_225,b_209,b_170,b_85,b_671,b_842,b_650	/home/miguel/IBE-UPF/TFM/Master_projects/PhyloPhere/Data/6.CAAS_traitfiles/Ranked/df8_sp.tab
A1BG@307	0	1000	0.0		/home/miguel/IBE-UPF/TFM/Master_projects/PhyloPhere/Data/6.CAAS_traitfiles/Ranked/df8_sp.tab
A1BG@313	8	1000	0.008	b_333,b_980,b_368,b_713,b_977,b_853,b_98,b_700	/home/miguel/IBE-UPF/TFM/Master_projects/PhyloPhere/Data/6.CAAS_traitfiles/Ranked/df8_sp.tab
A1BG@316	0	1000	0.0		/home/miguel/IBE-UPF/TFM/Master_projects/PhyloPhere/Data/6.CAAS_traitfiles/Ranked/df8_sp.tab
A1BG@319	0	1000	0.0		/home/miguel/IBE-UPF/TFM/Master_projects/PhyloPhere/Data/6.CAAS_traitfiles/Ranked/df8_sp.tab
A1BG@320	0	1000	0.0		/home/miguel/IBE-UPF/TFM/Master_projects/PhyloPhere/Data/6.CAAS_traitfiles/Ranked/df8_sp.tab
A1BG@321	24	1000	0.024	b_333,b_742,b_164,b_654,b_576,b_439,b_914,b_39,b_283,b_335,b_453,b_853,b_98,b_700,b_470,b_919,b_91,b_225,b_471,b_209,b_170,b_85,b_671,b_957	/home/miguel/IBE-UPF/TFM/Master_projects/PhyloPhere/Data/6.CAAS_traitfiles/Ranked/df8_sp.tab
A1BG@322	36	1000	0.036	b_528,b_933,b_204,b_514,b_487,b_266,b_255,b_164,b_632,b_8,b_654,b_506,b_39,b_283,b_148,b_182,b_858,b_216,b_335,b_697,b_853,b_180,b_666,b_625,b_73,b_470,b_291,b_191,b_369,b_225,b_209,b_170,b_85,b_671,b_842,b_650	/home/miguel/IBE-UPF/TFM/Master_projects/PhyloPhere/Data/6.CAAS_traitfiles/Ranked/df8_sp.tab
A1BG@325	0	1000	0.0		/home/miguel/IBE-UPF/TFM/Master_projects/PhyloPhere/Data/6.CAAS_traitfiles/Ranked/df8_sp.tab
A1BG@330	110	1000	0.11	b_282,b_649,b_988,b_706,b_200,b_136,b_77,b_99,b_546,b_349,b_428,b_254,b_232,b_289,b_215,b_683,b_658,b_873,b_742,b_134,b_558,b_398,b_669,b_825,b_119,b_484,b_451,b_723,b_316,b_652,b_848,b_654,b_629,b_102,b_817,b_176,b_715,b_458,b_61,b_194,b_526,b_334,b_258,b_841,b_257,b_432,b_845,b_297,b_763,b_667,b_882,b_651,b_65,b_76,b_319,b_416,b_509,b_853,b_685,b_939,b_800,b_177,b_625,b_744,b_865,b_374,b_583,b_371,b_704,b_907,b_382,b_488,b_473,b_183,b_78,b_89,b_172,b_548,b_426,b_813,b_538,b_191,b_42,b_910,b_814,b_63,b_606,b_225,b_320,b_142,b_308,b_822,b_447,b_60,b_185,b_780,b_931,b_462,b_396,b_866,b_86,b_692,b_492,b_734,b_728,b_831,b_997,b_423,b_577,b_774	/home/miguel/IBE-UPF/TFM/Master_projects/PhyloPhere/Data/6.CAAS_traitfiles/Ranked/df8_sp.tab
A1BG@334	12	1000	0.012	b_988,b_730,b_139,b_894,b_384,b_240,b_247,b_151,b_382,b_813,b_833,b_997	/home/miguel/IBE-UPF/TFM/Master_projects/PhyloPhere/Data/6.CAAS_traitfiles/Ranked/df8_sp.tab
A1BG@335	0	1000	0.0		/home/miguel/IBE-UPF/TFM/Master_projects/PhyloPhere/Data/6.CAAS_traitfiles/Ranked/df8_sp.tab
A1BG@336	36	1000	0.036	b_528,b_933,b_204,b_514,b_487,b_266,b_255,b_164,b_632,b_8,b_654,b_506,b_39,b_283,b_148,b_182,b_858,b_216,b_335,b_697,b_853,b_180,b_666,b_625,b_73,b_470,b_291,b_191,b_369,b_225,b_209,b_170,b_85,b_671,b_842,b_650	/home/miguel/IBE-UPF/TFM/Master_projects/PhyloPhere/Data/6.CAAS_traitfiles/Ranked/df8_sp.tab
A1BG@351	29	1000	0.029	b_528,b_200,b_90,b_547,b_215,b_266,b_119,b_723,b_632,b_911,b_482,b_505,b_561,b_39,b_194,b_572,b_182,b_166,b_569,b_918,b_335,b_304,b_625,b_522,b_191,b_320,b_170,b_244,b_85	/home/miguel/IBE-UPF/TFM/Master_projects/PhyloPhere/Data/6.CAAS_traitfiles/Ranked/df8_sp.tab
A1BG@352	7	1000	0.007	b_752,b_254,b_398,b_334,b_374,b_728,b_421	/home/miguel/IBE-UPF/TFM/Master_projects/PhyloPhere/Data/6.CAAS_traitfiles/Ranked/df8_sp.tab
A1BG@356	57	1000	0.057	b_282,b_649,b_988,b_752,b_136,b_77,b_99,b_546,b_349,b_254,b_302,b_215,b_701,b_658,b_558,b_398,b_425,b_723,b_652,b_817,b_458,b_435,b_334,b_841,b_432,b_789,b_261,b_557,b_76,b_416,b_800,b_374,b_583,b_371,b_704,b_907,b_473,b_183,b_89,b_813,b_814,b_171,b_63,b_606,b_320,b_524,b_308,b_60,b_931,b_866,b_188,b_86,b_734,b_728,b_421,b_423,b_774	/home/miguel/IBE-UPF/TFM/Master_projects/PhyloPhere/Data/6.CAAS_traitfiles/Ranked/df8_sp.tab
A1BG@362	65	1000	0.065	b_282,b_649,b_988,b_200,b_136,b_77,b_99,b_546,b_349,b_428,b_254,b_215,b_683,b_658,b_558,b_398,b_119,b_484,b_107,b_723,b_652,b_817,b_715,b_458,b_194,b_334,b_258,b_841,b_432,b_763,b_882,b_319,b_416,b_800,b_177,b_625,b_374,b_750,b_583,b_371,b_704,b_907,b_473,b_183,b_89,b_548,b_426,b_813,b_522,b_191,b_910,b_814,b_63,b_606,b_320,b_308,b_60,b_931,b_866,b_861,b_86,b_734,b_728,b_423,b_774	/home/miguel/IBE-UPF/TFM/Master_projects/PhyloPhere/Data/6.CAAS_traitfiles/Ranked/df8_sp.tab
A1BG@363	0	1000	0.0		/home/miguel/IBE-UPF/TFM/Master_projects/PhyloPhere/Data/6.CAAS_traitfiles/Ranked/df8_sp.tab
A1BG@364	36	1000	0.036	b_528,b_933,b_204,b_514,b_487,b_266,b_255,b_164,b_632,b_8,b_654,b_506,b_39,b_283,b_148,b_182,b_858,b_216,b_335,b_697,b_853,b_180,b_666,b_625,b_73,b_470,b_291,b_191,b_369,b_225,b_209,b_170,b_85,b_671,b_842,b_650	/home/miguel/IBE-UPF/TFM/Master_projects/PhyloPhere/Data/6.CAAS_traitfiles/Ranked/df8_sp.tab
A1BG@367	0	1000	0.0		/home/miguel/IBE-UPF/TFM/Master_projects/PhyloPhere/Data/6.CAAS_traitfiles/Ranked/df8_sp.tab
A1BG@369	36	1000	0.036	b_528,b_933,b_204,b_514,b_487,b_266,b_255,b_164,b_632,b_8,b_654,b_506,b_39,b_283,b_148,b_182,b_858,b_216,b_335,b_697,b_853,b_180,b_666,b_625,b_73,b_470,b_291,b_191,b_369,b_225,b_209,b_170,b_85,b_671,b_842,b_650	/home/miguel/IBE-UPF/TFM/Master_projects/PhyloPhere/Data/6.CAAS_traitfiles/Ranked/df8_sp.tab
A1BG@372	0	1000	0.0		/home/miguel/IBE-UPF/TFM/Master_projects/PhyloPhere/Data/6.CAAS_traitfiles/Ranked/df8_sp.tab
A1BG@376	36	1000	0.036	b_528,b_933,b_204,b_514,b_487,b_266,b_255,b_164,b_632,b_8,b_654,b_506,b_39,b_283,b_148,b_182,b_858,b_216,b_335,b_697,b_853,b_180,b_666,b_625,b_73,b_470,b_291,b_191,b_369,b_225,b_209,b_170,b_85,b_671,b_842,b_650	/home/miguel/IBE-UPF/TFM/Master_projects/PhyloPhere/Data/6.CAAS_traitfiles/Ranked/df8_sp.tab
A1BG@380	86	1000	0.086	b_333,b_528,b_933,b_980,b_204,b_99,b_546,b_254,b_289,b_514,b_129,b_873,b_487,b_266,b_255,b_164,b_632,b_8,b_652,b_848,b_654,b_167,b_506,b_715,b_173,b_39,b_283,b_148,b_182,b_841,b_432,b_845,b_297,b_521,b_858,b_216,b_335,b_651,b_697,b_853,b_984,b_180,b_685,b_666,b_625,b_865,b_374,b_309,b_583,b_700,b_73,b_382,b_168,b_983,b_473,b_78,b_172,b_889,b_426,b_470,b_291,b_538,b_191,b_910,b_91,b_63,b_369,b_606,b_225,b_142,b_822,b_209,b_366,b_447,b_60,b_170,b_462,b_692,b_492,b_728,b_831,b_85,b_671,b_842,b_650,b_423	/home/miguel/IBE-UPF/TFM/Master_projects/PhyloPhere/Data/6.CAAS_traitfiles/Ranked/df8_sp.tab
A1BG@382	0	1000	0.0		/home/miguel/IBE-UPF/TFM/Master_projects/PhyloPhere/Data/6.CAAS_traitfiles/Ranked/df8_sp.tab
A1BG@383	0	1000	0.0		/home/miguel/IBE-UPF/TFM/Master_projects/PhyloPhere/Data/6.CAAS_traitfiles/Ranked/df8_sp.tab
A1BG@384	0	1000	0.0		/home/miguel/IBE-UPF/TFM/Master_projects/PhyloPhere/Data/6.CAAS_traitfiles/Ranked/df8_sp.tab
A1BG@386	29	1000	0.029	b_514,b_487,b_929,b_255,b_6,b_164,b_632,b_8,b_654,b_725,b_39,b_283,b_148,b_182,b_344,b_175,b_459,b_853,b_180,b_66,b_666,b_291,b_369,b_225,b_209,b_170,b_905,b_671,b_650	/home/miguel/IBE-UPF/TFM/Master_projects/PhyloPhere/Data/6.CAAS_traitfiles/Ranked/df8_sp.tab
A1BG@387	36	1000	0.036	b_528,b_933,b_204,b_514,b_487,b_266,b_255,b_164,b_632,b_8,b_654,b_506,b_39,b_283,b_148,b_182,b_858,b_216,b_335,b_697,b_853,b_180,b_666,b_625,b_73,b_470,b_291,b_191,b_369,b_225,b_209,b_170,b_85,b_671,b_842,b_650	/home/miguel/IBE-UPF/TFM/Master_projects/PhyloPhere/Data/6.CAAS_traitfiles/Ranked/df8_sp.tab
A1BG@398	101	1000	0.101	b_282,b_528,b_649,b_988,b_706,b_200,b_933,b_136,b_77,b_204,b_99,b_546,b_349,b_428,b_254,b_215,b_683,b_514,b_658,b_873,b_487,b_266,b_558,b_398,b_255,b_119,b_484,b_164,b_723,b_632,b_8,b_652,b_654,b_817,b_506,b_176,b_715,b_458,b_39,b_194,b_334,b_283,b_148,b_182,b_258,b_841,b_432,b_763,b_858,b_882,b_216,b_335,b_697,b_319,b_416,b_853,b_180,b_800,b_177,b_666,b_625,b_374,b_583,b_371,b_73,b_704,b_907,b_473,b_183,b_89,b_548,b_426,b_813,b_470,b_291,b_191,b_910,b_814,b_63,b_606,b_369,b_225,b_320,b_142,b_308,b_209,b_60,b_170,b_931,b_866,b_86,b_692,b_734,b_728,b_831,b_85,b_671,b_842,b_650,b_423,b_774	/home/miguel/IBE-UPF/TFM/Master_projects/PhyloPhere/Data/6.CAAS_traitfiles/Ranked/df8_sp.tab
A1BG@399	0	1000	0.0		/home/miguel/IBE-UPF/TFM/Master_projects/PhyloPhere/Data/6.CAAS_traitfiles/Ranked/df8_sp.tab
A1BG@403	0	1000	0.0		/home/miguel/IBE-UPF/TFM/Master_projects/PhyloPhere/Data/6.CAAS_traitfiles/Ranked/df8_sp.tab
A1BG@404	0	1000	0.0		/home/miguel/IBE-UPF/TFM/Master_projects/PhyloPhere/Data/6.CAAS_traitfiles/Ranked/df8_sp.tab
A1BG@409	36	1000	0.036	b_528,b_933,b_204,b_514,b_487,b_266,b_255,b_164,b_632,b_8,b_654,b_506,b_39,b_283,b_148,b_182,b_858,b_216,b_335,b_697,b_853,b_180,b_666,b_625,b_73,b_470,b_291,b_191,b_369,b_225,b_209,b_170,b_85,b_671,b_842,b_650	/home/miguel/IBE-UPF/TFM/Master_projects/PhyloPhere/Data/6.CAAS_traitfiles/Ranked/df8_sp.tab
A1BG@410	0	1000	0.0		/home/miguel/IBE-UPF/TFM/Master_projects/PhyloPhere/Data/6.CAAS_traitfiles/Ranked/df8_sp.tab
A1BG@411	0	1000	0.0		/home/miguel/IBE-UPF/TFM/Master_projects/PhyloPhere/Data/6.CAAS_traitfiles/Ranked/df8_sp.tab
A1BG@412	0	1000	0.0		/home/miguel/IBE-UPF/TFM/Master_projects/PhyloPhere/Data/6.CAAS_traitfiles/Ranked/df8_sp.tab
A1BG@413	36	1000	0.036	b_528,b_933,b_204,b_514,b_487,b_266,b_255,b_164,b_632,b_8,b_654,b_506,b_39,b_283,b_148,b_182,b_858,b_216,b_335,b_697,b_853,b_180,b_666,b_625,b_73,b_470,b_291,b_191,b_369,b_225,b_209,b_170,b_85,b_671,b_842,b_650	/home/miguel/IBE-UPF/TFM/Master_projects/PhyloPhere/Data/6.CAAS_traitfiles/Ranked/df8_sp.tab
A1BG@414	4	1000	0.004	b_375,b_100,b_453,b_492	/home/miguel/IBE-UPF/TFM/Master_projects/PhyloPhere/Data/6.CAAS_traitfiles/Ranked/df8_sp.tab
A1BG@415	37	1000	0.037	b_528,b_933,b_204,b_514,b_487,b_266,b_255,b_164,b_632,b_8,b_654,b_506,b_39,b_283,b_148,b_182,b_858,b_216,b_335,b_697,b_169,b_853,b_180,b_666,b_625,b_73,b_470,b_291,b_191,b_369,b_225,b_209,b_170,b_85,b_671,b_842,b_650	/home/miguel/IBE-UPF/TFM/Master_projects/PhyloPhere/Data/6.CAAS_traitfiles/Ranked/df8_sp.tab
A1BG@416	36	1000	0.036	b_528,b_933,b_204,b_514,b_487,b_266,b_255,b_164,b_632,b_8,b_654,b_506,b_39,b_283,b_148,b_182,b_858,b_216,b_335,b_697,b_853,b_180,b_666,b_625,b_73,b_470,b_291,b_191,b_369,b_225,b_209,b_170,b_85,b_671,b_842,b_650	/home/miguel/IBE-UPF/TFM/Master_projects/PhyloPhere/Data/6.CAAS_traitfiles/Ranked/df8_sp.tab
A1BG@417	20	1000	0.02	b_136,b_77,b_289,b_134,b_669,b_484,b_292,b_61,b_257,b_845,b_297,b_667,b_882,b_939,b_744,b_583,b_63,b_142,b_462,b_997	/home/miguel/IBE-UPF/TFM/Master_projects/PhyloPhere/Data/6.CAAS_traitfiles/Ranked/df8_sp.tab
A1BG@418	47	1000	0.047	b_528,b_649,b_933,b_204,b_937,b_514,b_487,b_266,b_255,b_164,b_941,b_311,b_632,b_8,b_654,b_506,b_458,b_39,b_846,b_283,b_148,b_182,b_841,b_858,b_216,b_335,b_697,b_853,b_180,b_666,b_625,b_73,b_470,b_291,b_191,b_661,b_369,b_225,b_209,b_170,b_866,b_861,b_734,b_85,b_671,b_842,b_650	/home/miguel/IBE-UPF/TFM/Master_projects/PhyloPhere/Data/6.CAAS_traitfiles/Ranked/df8_sp.tab
A1BG@419	14	1000	0.014	b_649,b_136,b_215,b_432,b_763,b_882,b_304,b_89,b_191,b_606,b_320,b_396,b_866,b_423	/home/miguel/IBE-UPF/TFM/Master_projects/PhyloPhere/Data/6.CAAS_traitfiles/Ranked/df8_sp.tab
A1BG@420	16	1000	0.016	b_580,b_547,b_792,b_505,b_167,b_995,b_841,b_847,b_175,b_246,b_832,b_138,b_602,b_380,b_826,b_33	/home/miguel/IBE-UPF/TFM/Master_projects/PhyloPhere/Data/6.CAAS_traitfiles/Ranked/df8_sp.tab
A1BG@421	36	1000	0.036	b_528,b_933,b_204,b_514,b_487,b_266,b_255,b_164,b_632,b_8,b_654,b_506,b_39,b_283,b_148,b_182,b_858,b_216,b_335,b_697,b_853,b_180,b_666,b_625,b_73,b_470,b_291,b_191,b_369,b_225,b_209,b_170,b_85,b_671,b_842,b_650	/home/miguel/IBE-UPF/TFM/Master_projects/PhyloPhere/Data/6.CAAS_traitfiles/Ranked/df8_sp.tab
A1BG@422	73	1000	0.073	b_143,b_282,b_649,b_988,b_657,b_200,b_136,b_77,b_99,b_546,b_349,b_428,b_254,b_937,b_215,b_683,b_46,b_658,b_558,b_398,b_119,b_484,b_723,b_771,b_652,b_817,b_715,b_926,b_458,b_194,b_334,b_258,b_841,b_432,b_763,b_457,b_882,b_205,b_23,b_319,b_416,b_922,b_800,b_177,b_306,b_625,b_374,b_583,b_371,b_704,b_907,b_473,b_183,b_89,b_548,b_426,b_813,b_191,b_910,b_814,b_63,b_793,b_606,b_320,b_308,b_60,b_931,b_866,b_86,b_734,b_728,b_423,b_774	/home/miguel/IBE-UPF/TFM/Master_projects/PhyloPhere/Data/6.CAAS_traitfiles/Ranked/df8_sp.tab
A1BG@423	0	1000	0.0		/home/miguel/IBE-UPF/TFM/Master_projects/PhyloPhere/Data/6.CAAS_traitfiles/Ranked/df8_sp.tab
A1BG@424	22	1000	0.022	b_528,b_933,b_204,b_164,b_311,b_8,b_799,b_283,b_841,b_18,b_858,b_216,b_335,b_697,b_853,b_625,b_291,b_191,b_369,b_225,b_671,b_842	/home/miguel/IBE-UPF/TFM/Master_projects/PhyloPhere/Data/6.CAAS_traitfiles/Ranked/df8_sp.tab
A1BG@425	0	1000	0.0		/home/miguel/IBE-UPF/TFM/Master_projects/PhyloPhere/Data/6.CAAS_traitfiles/Ranked/df8_sp.tab
A1BG@426	46	1000	0.046	b_988,b_200,b_136,b_77,b_428,b_254,b_232,b_683,b_658,b_873,b_742,b_669,b_825,b_119,b_451,b_723,b_652,b_715,b_61,b_526,b_667,b_651,b_65,b_416,b_853,b_939,b_800,b_177,b_865,b_374,b_583,b_382,b_89,b_813,b_538,b_191,b_910,b_822,b_447,b_60,b_931,b_462,b_492,b_734,b_728,b_774	/home/miguel/IBE-UPF/TFM/Master_projects/PhyloPhere/Data/6.CAAS_traitfiles/Ranked/df8_sp.tab
A1BG@428	69	1000	0.069	b_828,b_410,b_333,b_287,b_980,b_289,b_129,b_873,b_742,b_767,b_849,b_669,b_825,b_164,b_150,b_368,b_848,b_663,b_654,b_722,b_439,b_173,b_436,b_845,b_403,b_381,b_297,b_521,b_651,b_65,b_686,b_853,b_984,b_685,b_865,b_149,b_731,b_583,b_700,b_790,b_693,b_382,b_168,b_540,b_983,b_473,b_78,b_172,b_154,b_470,b_538,b_837,b_83,b_91,b_63,b_225,b_801,b_142,b_822,b_88,b_447,b_462,b_692,b_401,b_492,b_276,b_831,b_478,b_671	/home/miguel/IBE-UPF/TFM/Master_projects/PhyloPhere/Data/6.CAAS_traitfiles/Ranked/df8_sp.tab
A1BG@429	44	1000	0.044	b_528,b_933,b_204,b_514,b_487,b_266,b_255,b_164,b_632,b_8,b_654,b_506,b_39,b_283,b_148,b_182,b_665,b_858,b_216,b_335,b_651,b_697,b_853,b_180,b_666,b_625,b_73,b_605,b_78,b_889,b_470,b_291,b_191,b_603,b_369,b_225,b_822,b_209,b_170,b_692,b_85,b_671,b_842,b_650	/home/miguel/IBE-UPF/TFM/Master_projects/PhyloPhere/Data/6.CAAS_traitfiles/Ranked/df8_sp.tab
A1BG@432	0	1000	0.0		/home/miguel/IBE-UPF/TFM/Master_projects/PhyloPhere/Data/6.CAAS_traitfiles/Ranked/df8_sp.tab
A1BG@437	13	1000	0.013	b_99,b_254,b_727,b_114,b_557,b_702,b_884,b_89,b_606,b_320,b_60,b_424,b_774	/home/miguel/IBE-UPF/TFM/Master_projects/PhyloPhere/Data/6.CAAS_traitfiles/Ranked/df8_sp.tab
A1BG@439	36	1000	0.036	b_528,b_933,b_204,b_514,b_487,b_266,b_255,b_164,b_632,b_8,b_654,b_506,b_39,b_283,b_148,b_182,b_858,b_216,b_335,b_697,b_853,b_180,b_666,b_625,b_73,b_470,b_291,b_191,b_369,b_225,b_209,b_170,b_85,b_671,b_842,b_650	/home/miguel/IBE-UPF/TFM/Master_projects/PhyloPhere/Data/6.CAAS_traitfiles/Ranked/df8_sp.tab
A1BG@445	0	1000	0.0		/home/miguel/IBE-UPF/TFM/Master_projects/PhyloPhere/Data/6.CAAS_traitfiles/Ranked/df8_sp.tab
A1BG@446	37	1000	0.037	b_649,b_988,b_136,b_77,b_99,b_546,b_349,b_254,b_215,b_658,b_723,b_771,b_7,b_167,b_926,b_334,b_258,b_432,b_882,b_23,b_319,b_416,b_177,b_306,b_309,b_583,b_371,b_704,b_473,b_426,b_813,b_814,b_63,b_308,b_60,b_86,b_774	/home/miguel/IBE-UPF/TFM/Master_projects/PhyloPhere/Data/6.CAAS_traitfiles/Ranked/df8_sp.tab
A1BG@448	0	1000	0.0		/home/miguel/IBE-UPF/TFM/Master_projects/PhyloPhere/Data/6.CAAS_traitfiles/Ranked/df8_sp.tab
A1BG@449	42	1000	0.042	b_528,b_933,b_204,b_514,b_487,b_266,b_255,b_164,b_311,b_632,b_8,b_799,b_654,b_506,b_39,b_94,b_283,b_148,b_182,b_841,b_18,b_858,b_216,b_335,b_697,b_853,b_180,b_666,b_625,b_73,b_470,b_291,b_191,b_369,b_225,b_209,b_60,b_170,b_85,b_671,b_842,b_650	/home/miguel/IBE-UPF/TFM/Master_projects/PhyloPhere/Data/6.CAAS_traitfiles/Ranked/df8_sp.tab
A1BG@450	0	1000	0.0		/home/miguel/IBE-UPF/TFM/Master_projects/PhyloPhere/Data/6.CAAS_traitfiles/Ranked/df8_sp.tab
A1BG@453	0	1000	0.0		/home/miguel/IBE-UPF/TFM/Master_projects/PhyloPhere/Data/6.CAAS_traitfiles/Ranked/df8_sp.tab
A1BG@454	0	1000	0.0		/home/miguel/IBE-UPF/TFM/Master_projects/PhyloPhere/Data/6.CAAS_traitfiles/Ranked/df8_sp.tab
A1BG@459	0	1000	0.0		/home/miguel/IBE-UPF/TFM/Master_projects/PhyloPhere/Data/6.CAAS_traitfiles/Ranked/df8_sp.tab
A1BG@463	56	1000	0.056	b_706,b_136,b_77,b_232,b_289,b_873,b_742,b_134,b_669,b_825,b_451,b_316,b_848,b_654,b_629,b_102,b_176,b_61,b_526,b_257,b_845,b_297,b_667,b_651,b_65,b_76,b_509,b_853,b_685,b_939,b_744,b_865,b_583,b_382,b_488,b_473,b_78,b_172,b_813,b_538,b_42,b_63,b_225,b_142,b_308,b_822,b_447,b_185,b_780,b_462,b_396,b_692,b_492,b_831,b_997,b_577	/home/miguel/IBE-UPF/TFM/Master_projects/PhyloPhere/Data/6.CAAS_traitfiles/Ranked/df8_sp.tab
A1BG@465	0	1000	0.0		/home/miguel/IBE-UPF/TFM/Master_projects/PhyloPhere/Data/6.CAAS_traitfiles/Ranked/df8_sp.tab
