A1CF@10	0	1000	0.0		/home/miguel/IBE-UPF/TFM/Master_projects/PhyloPhere/Data/6.CAAS_traitfiles/Ranked/df8_sp.tab
A1CF@18	0	1000	0.0		/home/miguel/IBE-UPF/TFM/Master_projects/PhyloPhere/Data/6.CAAS_traitfiles/Ranked/df8_sp.tab
A1CF@148	0	1000	0.0		/home/miguel/IBE-UPF/TFM/Master_projects/PhyloPhere/Data/6.CAAS_traitfiles/Ranked/df8_sp.tab
A1CF@151	0	1000	0.0		/home/miguel/IBE-UPF/TFM/Master_projects/PhyloPhere/Data/6.CAAS_traitfiles/Ranked/df8_sp.tab
A1CF@170	0	1000	0.0		/home/miguel/IBE-UPF/TFM/Master_projects/PhyloPhere/Data/6.CAAS_traitfiles/Ranked/df8_sp.tab
A1CF@240	0	1000	0.0		/home/miguel/IBE-UPF/TFM/Master_projects/PhyloPhere/Data/6.CAAS_traitfiles/Ranked/df8_sp.tab
A1CF@271	0	1000	0.0		/home/miguel/IBE-UPF/TFM/Master_projects/PhyloPhere/Data/6.CAAS_traitfiles/Ranked/df8_sp.tab
A1CF@274	0	1000	0.0		/home/miguel/IBE-UPF/TFM/Master_projects/PhyloPhere/Data/6.CAAS_traitfiles/Ranked/df8_sp.tab
A1CF@316	36	1000	0.036	b_73,b_470,b_666,b_654,b_182,b_858,b_506,b_842,b_85,b_8,b_39,b_671,b_291,b_164,b_283,b_335,b_266,b_933,b_632,b_225,b_650,b_528,b_369,b_697,b_487,b_514,b_180,b_255,b_191,b_625,b_148,b_204,b_216,b_170,b_209,b_853	/home/miguel/IBE-UPF/TFM/Master_projects/PhyloPhere/Data/6.CAAS_traitfiles/Ranked/df8_sp.tab
A1CF@327	36	1000	0.036	b_73,b_470,b_666,b_654,b_182,b_858,b_506,b_842,b_85,b_8,b_39,b_671,b_291,b_164,b_283,b_335,b_266,b_933,b_632,b_225,b_650,b_528,b_369,b_697,b_487,b_514,b_180,b_255,b_191,b_625,b_148,b_204,b_216,b_170,b_209,b_853	/home/miguel/IBE-UPF/TFM/Master_projects/PhyloPhere/Data/6.CAAS_traitfiles/Ranked/df8_sp.tab
A1CF@340	0	1000	0.0		/home/miguel/IBE-UPF/TFM/Master_projects/PhyloPhere/Data/6.CAAS_traitfiles/Ranked/df8_sp.tab
A1CF@348	0	1000	0.0		/home/miguel/IBE-UPF/TFM/Master_projects/PhyloPhere/Data/6.CAAS_traitfiles/Ranked/df8_sp.tab
A1CF@363	0	1000	0.0		/home/miguel/IBE-UPF/TFM/Master_projects/PhyloPhere/Data/6.CAAS_traitfiles/Ranked/df8_sp.tab
A1CF@367	0	1000	0.0		/home/miguel/IBE-UPF/TFM/Master_projects/PhyloPhere/Data/6.CAAS_traitfiles/Ranked/df8_sp.tab
A1CF@373	27	1000	0.027	b_432,b_841,b_652,b_728,b_99,b_60,b_63,b_606,b_557,b_320,b_473,b_309,b_789,b_832,b_704,b_694,b_167,b_282,b_89,b_583,b_774,b_988,b_658,b_423,b_546,b_995,b_954	/home/miguel/IBE-UPF/TFM/Master_projects/PhyloPhere/Data/6.CAAS_traitfiles/Ranked/df8_sp.tab
A1CF@398	36	1000	0.036	b_73,b_470,b_666,b_654,b_182,b_858,b_506,b_842,b_85,b_8,b_39,b_671,b_291,b_164,b_283,b_335,b_266,b_933,b_632,b_225,b_650,b_528,b_369,b_697,b_487,b_514,b_180,b_255,b_191,b_625,b_148,b_204,b_216,b_170,b_209,b_853	/home/miguel/IBE-UPF/TFM/Master_projects/PhyloPhere/Data/6.CAAS_traitfiles/Ranked/df8_sp.tab
A1CF@399	27	1000	0.027	b_432,b_841,b_652,b_728,b_99,b_60,b_63,b_606,b_557,b_320,b_473,b_309,b_789,b_832,b_704,b_694,b_167,b_282,b_89,b_583,b_774,b_988,b_658,b_423,b_546,b_995,b_954	/home/miguel/IBE-UPF/TFM/Master_projects/PhyloPhere/Data/6.CAAS_traitfiles/Ranked/df8_sp.tab
A1CF@402	36	1000	0.036	b_73,b_470,b_666,b_654,b_182,b_858,b_506,b_842,b_85,b_8,b_39,b_671,b_291,b_164,b_283,b_335,b_266,b_933,b_632,b_225,b_650,b_528,b_369,b_697,b_487,b_514,b_180,b_255,b_191,b_625,b_148,b_204,b_216,b_170,b_209,b_853	/home/miguel/IBE-UPF/TFM/Master_projects/PhyloPhere/Data/6.CAAS_traitfiles/Ranked/df8_sp.tab
A1CF@405	0	1000	0.0		/home/miguel/IBE-UPF/TFM/Master_projects/PhyloPhere/Data/6.CAAS_traitfiles/Ranked/df8_sp.tab
A1CF@424	63	1000	0.063	b_822,b_577,b_706,b_176,b_603,b_488,b_654,b_845,b_289,b_257,b_685,b_42,b_939,b_308,b_825,b_629,b_742,b_873,b_291,b_848,b_865,b_172,b_297,b_136,b_780,b_447,b_185,b_831,b_651,b_63,b_232,b_316,b_77,b_997,b_225,b_473,b_382,b_538,b_396,b_492,b_134,b_102,b_813,b_61,b_451,b_680,b_76,b_526,b_744,b_669,b_180,b_872,b_692,b_667,b_583,b_462,b_889,b_559,b_509,b_142,b_78,b_65,b_853	/home/miguel/IBE-UPF/TFM/Master_projects/PhyloPhere/Data/6.CAAS_traitfiles/Ranked/df8_sp.tab
A1CF@476	0	1000	0.0		/home/miguel/IBE-UPF/TFM/Master_projects/PhyloPhere/Data/6.CAAS_traitfiles/Ranked/df8_sp.tab
A1CF@492	0	1000	0.0		/home/miguel/IBE-UPF/TFM/Master_projects/PhyloPhere/Data/6.CAAS_traitfiles/Ranked/df8_sp.tab
A1CF@503	0	1000	0.0		/home/miguel/IBE-UPF/TFM/Master_projects/PhyloPhere/Data/6.CAAS_traitfiles/Ranked/df8_sp.tab
A1CF@512	0	1000	0.0		/home/miguel/IBE-UPF/TFM/Master_projects/PhyloPhere/Data/6.CAAS_traitfiles/Ranked/df8_sp.tab
A1CF@513	0	1000	0.0		/home/miguel/IBE-UPF/TFM/Master_projects/PhyloPhere/Data/6.CAAS_traitfiles/Ranked/df8_sp.tab
A1CF@515	0	1000	0.0		/home/miguel/IBE-UPF/TFM/Master_projects/PhyloPhere/Data/6.CAAS_traitfiles/Ranked/df8_sp.tab
A1CF@517	10	1000	0.01	b_845,b_289,b_825,b_297,b_63,b_538,b_669,b_583,b_462,b_142	/home/miguel/IBE-UPF/TFM/Master_projects/PhyloPhere/Data/6.CAAS_traitfiles/Ranked/df8_sp.tab
A1CF@520	46	1000	0.046	b_73,b_470,b_666,b_654,b_182,b_858,b_861,b_506,b_842,b_85,b_8,b_458,b_39,b_671,b_291,b_901,b_164,b_283,b_335,b_266,b_734,b_933,b_632,b_41,b_225,b_650,b_528,b_727,b_369,b_697,b_661,b_487,b_937,b_514,b_649,b_180,b_255,b_191,b_625,b_148,b_204,b_216,b_170,b_866,b_209,b_853	/home/miguel/IBE-UPF/TFM/Master_projects/PhyloPhere/Data/6.CAAS_traitfiles/Ranked/df8_sp.tab
A1CF@522	65	1000	0.065	b_715,b_771,b_882,b_814,b_723,b_432,b_200,b_374,b_683,b_910,b_334,b_119,b_458,b_426,b_306,b_308,b_841,b_652,b_558,b_728,b_428,b_817,b_136,b_99,b_215,b_319,b_398,b_183,b_60,b_734,b_254,b_23,b_63,b_606,b_349,b_77,b_320,b_473,b_258,b_194,b_931,b_907,b_926,b_86,b_813,b_704,b_548,b_649,b_282,b_89,b_416,b_800,b_583,b_774,b_191,b_988,b_625,b_658,b_423,b_484,b_763,b_371,b_866,b_546,b_177	/home/miguel/IBE-UPF/TFM/Master_projects/PhyloPhere/Data/6.CAAS_traitfiles/Ranked/df8_sp.tab
A1CF@532	0	1000	0.0		/home/miguel/IBE-UPF/TFM/Master_projects/PhyloPhere/Data/6.CAAS_traitfiles/Ranked/df8_sp.tab
A1CF@534	0	1000	0.0		/home/miguel/IBE-UPF/TFM/Master_projects/PhyloPhere/Data/6.CAAS_traitfiles/Ranked/df8_sp.tab
A1CF@535	0	1000	0.0		/home/miguel/IBE-UPF/TFM/Master_projects/PhyloPhere/Data/6.CAAS_traitfiles/Ranked/df8_sp.tab
A1CF@536	0	1000	0.0		/home/miguel/IBE-UPF/TFM/Master_projects/PhyloPhere/Data/6.CAAS_traitfiles/Ranked/df8_sp.tab
A1CF@537	0	1000	0.0		/home/miguel/IBE-UPF/TFM/Master_projects/PhyloPhere/Data/6.CAAS_traitfiles/Ranked/df8_sp.tab
A1CF@555	36	1000	0.036	b_73,b_470,b_666,b_654,b_182,b_858,b_506,b_842,b_85,b_8,b_39,b_671,b_291,b_164,b_283,b_335,b_266,b_933,b_632,b_225,b_650,b_528,b_369,b_697,b_487,b_514,b_180,b_255,b_191,b_625,b_148,b_204,b_216,b_170,b_209,b_853	/home/miguel/IBE-UPF/TFM/Master_projects/PhyloPhere/Data/6.CAAS_traitfiles/Ranked/df8_sp.tab
A1CF@556	0	1000	0.0		/home/miguel/IBE-UPF/TFM/Master_projects/PhyloPhere/Data/6.CAAS_traitfiles/Ranked/df8_sp.tab
A1CF@558	0	1000	0.0		/home/miguel/IBE-UPF/TFM/Master_projects/PhyloPhere/Data/6.CAAS_traitfiles/Ranked/df8_sp.tab
A1CF@559	0	1000	0.0		/home/miguel/IBE-UPF/TFM/Master_projects/PhyloPhere/Data/6.CAAS_traitfiles/Ranked/df8_sp.tab
A1CF@574	0	1000	0.0		/home/miguel/IBE-UPF/TFM/Master_projects/PhyloPhere/Data/6.CAAS_traitfiles/Ranked/df8_sp.tab
A1CF@577	33	1000	0.033	b_748,b_73,b_470,b_666,b_654,b_182,b_897,b_506,b_85,b_671,b_291,b_164,b_865,b_283,b_266,b_632,b_452,b_320,b_225,b_668,b_436,b_650,b_528,b_369,b_697,b_487,b_514,b_180,b_255,b_569,b_204,b_216,b_853	/home/miguel/IBE-UPF/TFM/Master_projects/PhyloPhere/Data/6.CAAS_traitfiles/Ranked/df8_sp.tab
