A2M@0	0	1000	0.0		/home/miguel/IBE-UPF/TFM/Master_projects/PhyloPhere/Data/6.CAAS_traitfiles/Ranked/df8_sp.tab
A2M@1	0	1000	0.0		/home/miguel/IBE-UPF/TFM/Master_projects/PhyloPhere/Data/6.CAAS_traitfiles/Ranked/df8_sp.tab
A2M@2	0	1000	0.0		/home/miguel/IBE-UPF/TFM/Master_projects/PhyloPhere/Data/6.CAAS_traitfiles/Ranked/df8_sp.tab
A2M@7	0	1000	0.0		/home/miguel/IBE-UPF/TFM/Master_projects/PhyloPhere/Data/6.CAAS_traitfiles/Ranked/df8_sp.tab
A2M@11	0	1000	0.0		/home/miguel/IBE-UPF/TFM/Master_projects/PhyloPhere/Data/6.CAAS_traitfiles/Ranked/df8_sp.tab
A2M@14	32	1000	0.032	b_136,b_583,b_813,b_667,b_316,b_997,b_651,b_706,b_629,b_462,b_382,b_172,b_168,b_822,b_308,b_447,b_185,b_473,b_780,b_392,b_451,b_492,b_77,b_663,b_368,b_744,b_76,b_142,b_42,b_63,b_61,b_669	/home/miguel/IBE-UPF/TFM/Master_projects/PhyloPhere/Data/6.CAAS_traitfiles/Ranked/df8_sp.tab
A2M@17	35	1000	0.035	b_136,b_583,b_813,b_667,b_276,b_316,b_997,b_540,b_651,b_88,b_706,b_629,b_462,b_382,b_172,b_381,b_822,b_308,b_447,b_185,b_473,b_780,b_451,b_492,b_77,b_837,b_744,b_76,b_287,b_693,b_142,b_42,b_63,b_61,b_669	/home/miguel/IBE-UPF/TFM/Master_projects/PhyloPhere/Data/6.CAAS_traitfiles/Ranked/df8_sp.tab
A2M@19	28	1000	0.028	b_136,b_583,b_813,b_667,b_316,b_997,b_651,b_706,b_629,b_462,b_382,b_172,b_822,b_308,b_447,b_185,b_473,b_780,b_451,b_492,b_77,b_744,b_76,b_142,b_42,b_63,b_61,b_669	/home/miguel/IBE-UPF/TFM/Master_projects/PhyloPhere/Data/6.CAAS_traitfiles/Ranked/df8_sp.tab
A2M@21	28	1000	0.028	b_136,b_583,b_813,b_667,b_316,b_997,b_651,b_706,b_629,b_462,b_382,b_172,b_822,b_308,b_447,b_185,b_473,b_780,b_451,b_492,b_77,b_744,b_76,b_142,b_42,b_63,b_61,b_669	/home/miguel/IBE-UPF/TFM/Master_projects/PhyloPhere/Data/6.CAAS_traitfiles/Ranked/df8_sp.tab
A2M@23	0	1000	0.0		/home/miguel/IBE-UPF/TFM/Master_projects/PhyloPhere/Data/6.CAAS_traitfiles/Ranked/df8_sp.tab
A2M@25	28	1000	0.028	b_136,b_583,b_813,b_667,b_316,b_997,b_651,b_706,b_629,b_462,b_382,b_172,b_822,b_308,b_447,b_185,b_473,b_780,b_451,b_492,b_77,b_744,b_76,b_142,b_42,b_63,b_61,b_669	/home/miguel/IBE-UPF/TFM/Master_projects/PhyloPhere/Data/6.CAAS_traitfiles/Ranked/df8_sp.tab
A2M@31	0	1000	0.0		/home/miguel/IBE-UPF/TFM/Master_projects/PhyloPhere/Data/6.CAAS_traitfiles/Ranked/df8_sp.tab
A2M@33	0	1000	0.0		/home/miguel/IBE-UPF/TFM/Master_projects/PhyloPhere/Data/6.CAAS_traitfiles/Ranked/df8_sp.tab
A2M@37	41	1000	0.041	b_136,b_86,b_583,b_813,b_254,b_99,b_319,b_997,b_546,b_706,b_774,b_382,b_172,b_723,b_822,b_416,b_308,b_432,b_988,b_473,b_649,b_780,b_258,b_451,b_492,b_77,b_658,b_744,b_76,b_426,b_371,b_215,b_334,b_882,b_177,b_814,b_349,b_63,b_669,b_60,b_704	/home/miguel/IBE-UPF/TFM/Master_projects/PhyloPhere/Data/6.CAAS_traitfiles/Ranked/df8_sp.tab
A2M@38	0	1000	0.0		/home/miguel/IBE-UPF/TFM/Master_projects/PhyloPhere/Data/6.CAAS_traitfiles/Ranked/df8_sp.tab
A2M@39	0	1000	0.0		/home/miguel/IBE-UPF/TFM/Master_projects/PhyloPhere/Data/6.CAAS_traitfiles/Ranked/df8_sp.tab
A2M@41	20	1000	0.02	b_316,b_651,b_88,b_706,b_629,b_462,b_382,b_172,b_381,b_822,b_308,b_447,b_185,b_780,b_492,b_837,b_744,b_76,b_693,b_42	/home/miguel/IBE-UPF/TFM/Master_projects/PhyloPhere/Data/6.CAAS_traitfiles/Ranked/df8_sp.tab
A2M@48	6	1000	0.006	b_813,b_363,b_77,b_371,b_177,b_349	/home/miguel/IBE-UPF/TFM/Master_projects/PhyloPhere/Data/6.CAAS_traitfiles/Ranked/df8_sp.tab
A2M@50	0	1000	0.0		/home/miguel/IBE-UPF/TFM/Master_projects/PhyloPhere/Data/6.CAAS_traitfiles/Ranked/df8_sp.tab
A2M@51	51	1000	0.051	b_136,b_86,b_583,b_813,b_667,b_254,b_99,b_319,b_316,b_997,b_651,b_546,b_706,b_629,b_774,b_462,b_382,b_172,b_723,b_822,b_416,b_308,b_432,b_447,b_185,b_988,b_473,b_649,b_780,b_258,b_451,b_492,b_77,b_658,b_744,b_76,b_426,b_371,b_215,b_334,b_882,b_177,b_814,b_142,b_42,b_349,b_63,b_61,b_669,b_60,b_704	/home/miguel/IBE-UPF/TFM/Master_projects/PhyloPhere/Data/6.CAAS_traitfiles/Ranked/df8_sp.tab
A2M@53	0	1000	0.0		/home/miguel/IBE-UPF/TFM/Master_projects/PhyloPhere/Data/6.CAAS_traitfiles/Ranked/df8_sp.tab
A2M@54	0	1000	0.0		/home/miguel/IBE-UPF/TFM/Master_projects/PhyloPhere/Data/6.CAAS_traitfiles/Ranked/df8_sp.tab
A2M@58	2	1000	0.002	b_651,b_822	/home/miguel/IBE-UPF/TFM/Master_projects/PhyloPhere/Data/6.CAAS_traitfiles/Ranked/df8_sp.tab
A2M@59	0	1000	0.0		/home/miguel/IBE-UPF/TFM/Master_projects/PhyloPhere/Data/6.CAAS_traitfiles/Ranked/df8_sp.tab
A2M@60	41	1000	0.041	b_136,b_583,b_813,b_667,b_254,b_99,b_316,b_997,b_651,b_546,b_706,b_629,b_462,b_382,b_172,b_822,b_308,b_432,b_447,b_185,b_473,b_649,b_780,b_258,b_451,b_492,b_77,b_658,b_744,b_76,b_371,b_334,b_882,b_177,b_814,b_142,b_42,b_63,b_61,b_669,b_60	/home/miguel/IBE-UPF/TFM/Master_projects/PhyloPhere/Data/6.CAAS_traitfiles/Ranked/df8_sp.tab
A2M@63	1	1000	0.001	b_901	/home/miguel/IBE-UPF/TFM/Master_projects/PhyloPhere/Data/6.CAAS_traitfiles/Ranked/df8_sp.tab
A2M@64	32	1000	0.032	b_136,b_583,b_813,b_667,b_316,b_997,b_540,b_651,b_706,b_629,b_655,b_462,b_382,b_172,b_822,b_308,b_447,b_185,b_473,b_780,b_451,b_492,b_77,b_681,b_744,b_76,b_385,b_142,b_42,b_63,b_61,b_669	/home/miguel/IBE-UPF/TFM/Master_projects/PhyloPhere/Data/6.CAAS_traitfiles/Ranked/df8_sp.tab
A2M@65	0	1000	0.0		/home/miguel/IBE-UPF/TFM/Master_projects/PhyloPhere/Data/6.CAAS_traitfiles/Ranked/df8_sp.tab
A2M@66	0	1000	0.0		/home/miguel/IBE-UPF/TFM/Master_projects/PhyloPhere/Data/6.CAAS_traitfiles/Ranked/df8_sp.tab
A2M@67	16	1000	0.016	b_633,b_136,b_499,b_903,b_943,b_435,b_524,b_432,b_392,b_425,b_76,b_250,b_159,b_334,b_955,b_391	/home/miguel/IBE-UPF/TFM/Master_projects/PhyloPhere/Data/6.CAAS_traitfiles/Ranked/df8_sp.tab
A2M@68	0	1000	0.0		/home/miguel/IBE-UPF/TFM/Master_projects/PhyloPhere/Data/6.CAAS_traitfiles/Ranked/df8_sp.tab
A2M@72	0	1000	0.0		/home/miguel/IBE-UPF/TFM/Master_projects/PhyloPhere/Data/6.CAAS_traitfiles/Ranked/df8_sp.tab
A2M@75	0	1000	0.0		/home/miguel/IBE-UPF/TFM/Master_projects/PhyloPhere/Data/6.CAAS_traitfiles/Ranked/df8_sp.tab
A2M@76	0	1000	0.0		/home/miguel/IBE-UPF/TFM/Master_projects/PhyloPhere/Data/6.CAAS_traitfiles/Ranked/df8_sp.tab
A2M@80	0	1000	0.0		/home/miguel/IBE-UPF/TFM/Master_projects/PhyloPhere/Data/6.CAAS_traitfiles/Ranked/df8_sp.tab
A2M@83	0	1000	0.0		/home/miguel/IBE-UPF/TFM/Master_projects/PhyloPhere/Data/6.CAAS_traitfiles/Ranked/df8_sp.tab
A2M@85	0	1000	0.0		/home/miguel/IBE-UPF/TFM/Master_projects/PhyloPhere/Data/6.CAAS_traitfiles/Ranked/df8_sp.tab
A2M@86	0	1000	0.0		/home/miguel/IBE-UPF/TFM/Master_projects/PhyloPhere/Data/6.CAAS_traitfiles/Ranked/df8_sp.tab
A2M@87	0	1000	0.0		/home/miguel/IBE-UPF/TFM/Master_projects/PhyloPhere/Data/6.CAAS_traitfiles/Ranked/df8_sp.tab
A2M@88	0	1000	0.0		/home/miguel/IBE-UPF/TFM/Master_projects/PhyloPhere/Data/6.CAAS_traitfiles/Ranked/df8_sp.tab
A2M@89	28	1000	0.028	b_136,b_583,b_813,b_667,b_316,b_997,b_651,b_706,b_629,b_462,b_382,b_172,b_822,b_308,b_447,b_185,b_473,b_780,b_451,b_492,b_77,b_744,b_76,b_142,b_42,b_63,b_61,b_669	/home/miguel/IBE-UPF/TFM/Master_projects/PhyloPhere/Data/6.CAAS_traitfiles/Ranked/df8_sp.tab
A2M@91	28	1000	0.028	b_136,b_583,b_813,b_667,b_316,b_997,b_540,b_524,b_706,b_629,b_717,b_462,b_382,b_172,b_608,b_308,b_473,b_780,b_451,b_77,b_681,b_744,b_76,b_287,b_142,b_42,b_63,b_669	/home/miguel/IBE-UPF/TFM/Master_projects/PhyloPhere/Data/6.CAAS_traitfiles/Ranked/df8_sp.tab
A2M@94	0	1000	0.0		/home/miguel/IBE-UPF/TFM/Master_projects/PhyloPhere/Data/6.CAAS_traitfiles/Ranked/df8_sp.tab
A2M@95	33	1000	0.033	b_136,b_583,b_813,b_667,b_316,b_997,b_363,b_651,b_706,b_629,b_462,b_382,b_172,b_723,b_822,b_308,b_447,b_185,b_473,b_780,b_451,b_492,b_77,b_744,b_76,b_371,b_177,b_142,b_42,b_349,b_63,b_61,b_669	/home/miguel/IBE-UPF/TFM/Master_projects/PhyloPhere/Data/6.CAAS_traitfiles/Ranked/df8_sp.tab
A2M@96	0	1000	0.0		/home/miguel/IBE-UPF/TFM/Master_projects/PhyloPhere/Data/6.CAAS_traitfiles/Ranked/df8_sp.tab
A2M@97	0	1000	0.0		/home/miguel/IBE-UPF/TFM/Master_projects/PhyloPhere/Data/6.CAAS_traitfiles/Ranked/df8_sp.tab
A2M@106	0	1000	0.0		/home/miguel/IBE-UPF/TFM/Master_projects/PhyloPhere/Data/6.CAAS_traitfiles/Ranked/df8_sp.tab
A2M@111	38	1000	0.038	b_732,b_686,b_790,b_583,b_276,b_622,b_540,b_651,b_88,b_828,b_774,b_378,b_462,b_382,b_381,b_168,b_822,b_173,b_983,b_447,b_988,b_473,b_492,b_478,b_663,b_681,b_837,b_368,b_410,b_731,b_287,b_693,b_142,b_403,b_149,b_768,b_63,b_669	/home/miguel/IBE-UPF/TFM/Master_projects/PhyloPhere/Data/6.CAAS_traitfiles/Ranked/df8_sp.tab
A2M@114	0	1000	0.0		/home/miguel/IBE-UPF/TFM/Master_projects/PhyloPhere/Data/6.CAAS_traitfiles/Ranked/df8_sp.tab
A2M@115	0	1000	0.0		/home/miguel/IBE-UPF/TFM/Master_projects/PhyloPhere/Data/6.CAAS_traitfiles/Ranked/df8_sp.tab
A2M@116	0	1000	0.0		/home/miguel/IBE-UPF/TFM/Master_projects/PhyloPhere/Data/6.CAAS_traitfiles/Ranked/df8_sp.tab
A2M@117	0	1000	0.0		/home/miguel/IBE-UPF/TFM/Master_projects/PhyloPhere/Data/6.CAAS_traitfiles/Ranked/df8_sp.tab
A2M@118	0	1000	0.0		/home/miguel/IBE-UPF/TFM/Master_projects/PhyloPhere/Data/6.CAAS_traitfiles/Ranked/df8_sp.tab
A2M@119	0	1000	0.0		/home/miguel/IBE-UPF/TFM/Master_projects/PhyloPhere/Data/6.CAAS_traitfiles/Ranked/df8_sp.tab
A2M@120	0	1000	0.0		/home/miguel/IBE-UPF/TFM/Master_projects/PhyloPhere/Data/6.CAAS_traitfiles/Ranked/df8_sp.tab
A2M@121	0	1000	0.0		/home/miguel/IBE-UPF/TFM/Master_projects/PhyloPhere/Data/6.CAAS_traitfiles/Ranked/df8_sp.tab
A2M@122	0	1000	0.0		/home/miguel/IBE-UPF/TFM/Master_projects/PhyloPhere/Data/6.CAAS_traitfiles/Ranked/df8_sp.tab
A2M@123	0	1000	0.0		/home/miguel/IBE-UPF/TFM/Master_projects/PhyloPhere/Data/6.CAAS_traitfiles/Ranked/df8_sp.tab
A2M@124	8	1000	0.008	b_583,b_524,b_205,b_416,b_793,b_955,b_63,b_669	/home/miguel/IBE-UPF/TFM/Master_projects/PhyloPhere/Data/6.CAAS_traitfiles/Ranked/df8_sp.tab
A2M@126	0	1000	0.0		/home/miguel/IBE-UPF/TFM/Master_projects/PhyloPhere/Data/6.CAAS_traitfiles/Ranked/df8_sp.tab
A2M@128	11	1000	0.011	b_583,b_557,b_546,b_828,b_26,b_473,b_656,b_309,b_410,b_142,b_63	/home/miguel/IBE-UPF/TFM/Master_projects/PhyloPhere/Data/6.CAAS_traitfiles/Ranked/df8_sp.tab
A2M@129	0	1000	0.0		/home/miguel/IBE-UPF/TFM/Master_projects/PhyloPhere/Data/6.CAAS_traitfiles/Ranked/df8_sp.tab
A2M@130	0	1000	0.0		/home/miguel/IBE-UPF/TFM/Master_projects/PhyloPhere/Data/6.CAAS_traitfiles/Ranked/df8_sp.tab
A2M@131	0	1000	0.0		/home/miguel/IBE-UPF/TFM/Master_projects/PhyloPhere/Data/6.CAAS_traitfiles/Ranked/df8_sp.tab
A2M@132	0	1000	0.0		/home/miguel/IBE-UPF/TFM/Master_projects/PhyloPhere/Data/6.CAAS_traitfiles/Ranked/df8_sp.tab
A2M@133	0	1000	0.0		/home/miguel/IBE-UPF/TFM/Master_projects/PhyloPhere/Data/6.CAAS_traitfiles/Ranked/df8_sp.tab
A2M@134	0	1000	0.0		/home/miguel/IBE-UPF/TFM/Master_projects/PhyloPhere/Data/6.CAAS_traitfiles/Ranked/df8_sp.tab
A2M@135	0	1000	0.0		/home/miguel/IBE-UPF/TFM/Master_projects/PhyloPhere/Data/6.CAAS_traitfiles/Ranked/df8_sp.tab
A2M@138	0	1000	0.0		/home/miguel/IBE-UPF/TFM/Master_projects/PhyloPhere/Data/6.CAAS_traitfiles/Ranked/df8_sp.tab
A2M@142	0	1000	0.0		/home/miguel/IBE-UPF/TFM/Master_projects/PhyloPhere/Data/6.CAAS_traitfiles/Ranked/df8_sp.tab
A2M@146	0	1000	0.0		/home/miguel/IBE-UPF/TFM/Master_projects/PhyloPhere/Data/6.CAAS_traitfiles/Ranked/df8_sp.tab
A2M@150	0	1000	0.0		/home/miguel/IBE-UPF/TFM/Master_projects/PhyloPhere/Data/6.CAAS_traitfiles/Ranked/df8_sp.tab
A2M@151	33	1000	0.033	b_136,b_474,b_86,b_583,b_813,b_254,b_99,b_46,b_319,b_546,b_774,b_723,b_416,b_308,b_432,b_988,b_473,b_649,b_258,b_457,b_77,b_658,b_426,b_371,b_215,b_334,b_882,b_177,b_814,b_349,b_63,b_60,b_704	/home/miguel/IBE-UPF/TFM/Master_projects/PhyloPhere/Data/6.CAAS_traitfiles/Ranked/df8_sp.tab
A2M@152	12	1000	0.012	b_136,b_997,b_655,b_172,b_798,b_49,b_77,b_695,b_247,b_96,b_63,b_669	/home/miguel/IBE-UPF/TFM/Master_projects/PhyloPhere/Data/6.CAAS_traitfiles/Ranked/df8_sp.tab
A2M@154	0	1000	0.0		/home/miguel/IBE-UPF/TFM/Master_projects/PhyloPhere/Data/6.CAAS_traitfiles/Ranked/df8_sp.tab
A2M@155	0	1000	0.0		/home/miguel/IBE-UPF/TFM/Master_projects/PhyloPhere/Data/6.CAAS_traitfiles/Ranked/df8_sp.tab
A2M@158	0	1000	0.0		/home/miguel/IBE-UPF/TFM/Master_projects/PhyloPhere/Data/6.CAAS_traitfiles/Ranked/df8_sp.tab
A2M@160	0	1000	0.0		/home/miguel/IBE-UPF/TFM/Master_projects/PhyloPhere/Data/6.CAAS_traitfiles/Ranked/df8_sp.tab
A2M@163	0	1000	0.0		/home/miguel/IBE-UPF/TFM/Master_projects/PhyloPhere/Data/6.CAAS_traitfiles/Ranked/df8_sp.tab
A2M@169	0	1000	0.0		/home/miguel/IBE-UPF/TFM/Master_projects/PhyloPhere/Data/6.CAAS_traitfiles/Ranked/df8_sp.tab
A2M@170	0	1000	0.0		/home/miguel/IBE-UPF/TFM/Master_projects/PhyloPhere/Data/6.CAAS_traitfiles/Ranked/df8_sp.tab
A2M@180	34	1000	0.034	b_136,b_515,b_86,b_583,b_813,b_936,b_254,b_99,b_319,b_546,b_774,b_723,b_416,b_308,b_432,b_988,b_473,b_649,b_258,b_49,b_77,b_658,b_426,b_371,b_525,b_215,b_334,b_882,b_177,b_814,b_349,b_63,b_60,b_704	/home/miguel/IBE-UPF/TFM/Master_projects/PhyloPhere/Data/6.CAAS_traitfiles/Ranked/df8_sp.tab
A2M@183	16	1000	0.016	b_583,b_254,b_99,b_319,b_546,b_774,b_432,b_988,b_473,b_309,b_658,b_426,b_63,b_167,b_60,b_704	/home/miguel/IBE-UPF/TFM/Master_projects/PhyloPhere/Data/6.CAAS_traitfiles/Ranked/df8_sp.tab
A2M@184	0	1000	0.0		/home/miguel/IBE-UPF/TFM/Master_projects/PhyloPhere/Data/6.CAAS_traitfiles/Ranked/df8_sp.tab
A2M@185	32	1000	0.032	b_136,b_302,b_86,b_583,b_813,b_254,b_99,b_435,b_997,b_524,b_706,b_382,b_172,b_822,b_416,b_308,b_432,b_473,b_780,b_451,b_492,b_425,b_77,b_744,b_76,b_334,b_814,b_752,b_63,b_669,b_704,b_701	/home/miguel/IBE-UPF/TFM/Master_projects/PhyloPhere/Data/6.CAAS_traitfiles/Ranked/df8_sp.tab
A2M@202	0	1000	0.0		/home/miguel/IBE-UPF/TFM/Master_projects/PhyloPhere/Data/6.CAAS_traitfiles/Ranked/df8_sp.tab
A2M@208	2	1000	0.002	b_522,b_52	/home/miguel/IBE-UPF/TFM/Master_projects/PhyloPhere/Data/6.CAAS_traitfiles/Ranked/df8_sp.tab
A2M@215	0	1000	0.0		/home/miguel/IBE-UPF/TFM/Master_projects/PhyloPhere/Data/6.CAAS_traitfiles/Ranked/df8_sp.tab
A2M@217	0	1000	0.0		/home/miguel/IBE-UPF/TFM/Master_projects/PhyloPhere/Data/6.CAAS_traitfiles/Ranked/df8_sp.tab
A2M@223	0	1000	0.0		/home/miguel/IBE-UPF/TFM/Master_projects/PhyloPhere/Data/6.CAAS_traitfiles/Ranked/df8_sp.tab
A2M@233	0	1000	0.0		/home/miguel/IBE-UPF/TFM/Master_projects/PhyloPhere/Data/6.CAAS_traitfiles/Ranked/df8_sp.tab
A2M@234	0	1000	0.0		/home/miguel/IBE-UPF/TFM/Master_projects/PhyloPhere/Data/6.CAAS_traitfiles/Ranked/df8_sp.tab
A2M@236	0	1000	0.0		/home/miguel/IBE-UPF/TFM/Master_projects/PhyloPhere/Data/6.CAAS_traitfiles/Ranked/df8_sp.tab
A2M@237	0	1000	0.0		/home/miguel/IBE-UPF/TFM/Master_projects/PhyloPhere/Data/6.CAAS_traitfiles/Ranked/df8_sp.tab
A2M@238	9	1000	0.009	b_583,b_997,b_540,b_655,b_681,b_695,b_96,b_63,b_669	/home/miguel/IBE-UPF/TFM/Master_projects/PhyloPhere/Data/6.CAAS_traitfiles/Ranked/df8_sp.tab
A2M@243	25	1000	0.025	b_633,b_136,b_302,b_583,b_813,b_75,b_99,b_435,b_524,b_205,b_416,b_308,b_590,b_432,b_473,b_392,b_793,b_425,b_77,b_76,b_334,b_814,b_37,b_63,b_701	/home/miguel/IBE-UPF/TFM/Master_projects/PhyloPhere/Data/6.CAAS_traitfiles/Ranked/df8_sp.tab
A2M@244	0	1000	0.0		/home/miguel/IBE-UPF/TFM/Master_projects/PhyloPhere/Data/6.CAAS_traitfiles/Ranked/df8_sp.tab
A2M@245	3	1000	0.003	b_546,b_755,b_999	/home/miguel/IBE-UPF/TFM/Master_projects/PhyloPhere/Data/6.CAAS_traitfiles/Ranked/df8_sp.tab
A2M@247	0	1000	0.0		/home/miguel/IBE-UPF/TFM/Master_projects/PhyloPhere/Data/6.CAAS_traitfiles/Ranked/df8_sp.tab
A2M@249	0	1000	0.0		/home/miguel/IBE-UPF/TFM/Master_projects/PhyloPhere/Data/6.CAAS_traitfiles/Ranked/df8_sp.tab
A2M@252	4	1000	0.004	b_633,b_499,b_435,b_391	/home/miguel/IBE-UPF/TFM/Master_projects/PhyloPhere/Data/6.CAAS_traitfiles/Ranked/df8_sp.tab
A2M@254	0	1000	0.0		/home/miguel/IBE-UPF/TFM/Master_projects/PhyloPhere/Data/6.CAAS_traitfiles/Ranked/df8_sp.tab
A2M@255	16	1000	0.016	b_136,b_583,b_813,b_667,b_316,b_997,b_462,b_172,b_447,b_451,b_77,b_744,b_142,b_63,b_61,b_669	/home/miguel/IBE-UPF/TFM/Master_projects/PhyloPhere/Data/6.CAAS_traitfiles/Ranked/df8_sp.tab
A2M@256	31	1000	0.031	b_136,b_583,b_813,b_667,b_316,b_997,b_651,b_524,b_706,b_629,b_717,b_462,b_382,b_172,b_822,b_608,b_308,b_447,b_185,b_473,b_780,b_451,b_492,b_77,b_744,b_76,b_142,b_42,b_63,b_61,b_669	/home/miguel/IBE-UPF/TFM/Master_projects/PhyloPhere/Data/6.CAAS_traitfiles/Ranked/df8_sp.tab
A2M@259	0	1000	0.0		/home/miguel/IBE-UPF/TFM/Master_projects/PhyloPhere/Data/6.CAAS_traitfiles/Ranked/df8_sp.tab
A2M@261	0	1000	0.0		/home/miguel/IBE-UPF/TFM/Master_projects/PhyloPhere/Data/6.CAAS_traitfiles/Ranked/df8_sp.tab
A2M@262	0	1000	0.0		/home/miguel/IBE-UPF/TFM/Master_projects/PhyloPhere/Data/6.CAAS_traitfiles/Ranked/df8_sp.tab
A2M@266	0	1000	0.0		/home/miguel/IBE-UPF/TFM/Master_projects/PhyloPhere/Data/6.CAAS_traitfiles/Ranked/df8_sp.tab
A2M@267	0	1000	0.0		/home/miguel/IBE-UPF/TFM/Master_projects/PhyloPhere/Data/6.CAAS_traitfiles/Ranked/df8_sp.tab
A2M@271	30	1000	0.03	b_136,b_86,b_583,b_813,b_254,b_99,b_319,b_546,b_774,b_723,b_416,b_308,b_432,b_988,b_473,b_649,b_258,b_77,b_658,b_426,b_371,b_215,b_334,b_882,b_177,b_814,b_349,b_63,b_60,b_704	/home/miguel/IBE-UPF/TFM/Master_projects/PhyloPhere/Data/6.CAAS_traitfiles/Ranked/df8_sp.tab
A2M@272	0	1000	0.0		/home/miguel/IBE-UPF/TFM/Master_projects/PhyloPhere/Data/6.CAAS_traitfiles/Ranked/df8_sp.tab
A2M@273	0	1000	0.0		/home/miguel/IBE-UPF/TFM/Master_projects/PhyloPhere/Data/6.CAAS_traitfiles/Ranked/df8_sp.tab
A2M@274	28	1000	0.028	b_136,b_583,b_813,b_667,b_316,b_997,b_651,b_706,b_629,b_462,b_382,b_172,b_822,b_308,b_447,b_185,b_473,b_780,b_451,b_492,b_77,b_744,b_76,b_142,b_42,b_63,b_61,b_669	/home/miguel/IBE-UPF/TFM/Master_projects/PhyloPhere/Data/6.CAAS_traitfiles/Ranked/df8_sp.tab
A2M@275	0	1000	0.0		/home/miguel/IBE-UPF/TFM/Master_projects/PhyloPhere/Data/6.CAAS_traitfiles/Ranked/df8_sp.tab
A2M@276	0	1000	0.0		/home/miguel/IBE-UPF/TFM/Master_projects/PhyloPhere/Data/6.CAAS_traitfiles/Ranked/df8_sp.tab
A2M@281	0	1000	0.0		/home/miguel/IBE-UPF/TFM/Master_projects/PhyloPhere/Data/6.CAAS_traitfiles/Ranked/df8_sp.tab
A2M@283	0	1000	0.0		/home/miguel/IBE-UPF/TFM/Master_projects/PhyloPhere/Data/6.CAAS_traitfiles/Ranked/df8_sp.tab
A2M@284	0	1000	0.0		/home/miguel/IBE-UPF/TFM/Master_projects/PhyloPhere/Data/6.CAAS_traitfiles/Ranked/df8_sp.tab
A2M@285	0	1000	0.0		/home/miguel/IBE-UPF/TFM/Master_projects/PhyloPhere/Data/6.CAAS_traitfiles/Ranked/df8_sp.tab
A2M@287	0	1000	0.0		/home/miguel/IBE-UPF/TFM/Master_projects/PhyloPhere/Data/6.CAAS_traitfiles/Ranked/df8_sp.tab
A2M@289	0	1000	0.0		/home/miguel/IBE-UPF/TFM/Master_projects/PhyloPhere/Data/6.CAAS_traitfiles/Ranked/df8_sp.tab
A2M@291	0	1000	0.0		/home/miguel/IBE-UPF/TFM/Master_projects/PhyloPhere/Data/6.CAAS_traitfiles/Ranked/df8_sp.tab
A2M@292	0	1000	0.0		/home/miguel/IBE-UPF/TFM/Master_projects/PhyloPhere/Data/6.CAAS_traitfiles/Ranked/df8_sp.tab
A2M@295	0	1000	0.0		/home/miguel/IBE-UPF/TFM/Master_projects/PhyloPhere/Data/6.CAAS_traitfiles/Ranked/df8_sp.tab
A2M@297	0	1000	0.0		/home/miguel/IBE-UPF/TFM/Master_projects/PhyloPhere/Data/6.CAAS_traitfiles/Ranked/df8_sp.tab
A2M@302	22	1000	0.022	b_136,b_583,b_813,b_903,b_99,b_319,b_172,b_416,b_308,b_432,b_473,b_392,b_451,b_77,b_658,b_371,b_250,b_334,b_177,b_814,b_79,b_63	/home/miguel/IBE-UPF/TFM/Master_projects/PhyloPhere/Data/6.CAAS_traitfiles/Ranked/df8_sp.tab
A2M@308	19	1000	0.019	b_293,b_583,b_789,b_99,b_557,b_88,b_524,b_462,b_432,b_473,b_309,b_837,b_410,b_731,b_287,b_142,b_752,b_63,b_704	/home/miguel/IBE-UPF/TFM/Master_projects/PhyloPhere/Data/6.CAAS_traitfiles/Ranked/df8_sp.tab
A2M@309	7	1000	0.007	b_316,b_997,b_447,b_588,b_744,b_21,b_669	/home/miguel/IBE-UPF/TFM/Master_projects/PhyloPhere/Data/6.CAAS_traitfiles/Ranked/df8_sp.tab
A2M@310	28	1000	0.028	b_136,b_583,b_813,b_667,b_316,b_997,b_651,b_706,b_629,b_462,b_382,b_172,b_822,b_308,b_447,b_185,b_473,b_780,b_451,b_492,b_77,b_744,b_76,b_142,b_42,b_63,b_61,b_669	/home/miguel/IBE-UPF/TFM/Master_projects/PhyloPhere/Data/6.CAAS_traitfiles/Ranked/df8_sp.tab
A2M@311	0	1000	0.0		/home/miguel/IBE-UPF/TFM/Master_projects/PhyloPhere/Data/6.CAAS_traitfiles/Ranked/df8_sp.tab
A2M@312	0	1000	0.0		/home/miguel/IBE-UPF/TFM/Master_projects/PhyloPhere/Data/6.CAAS_traitfiles/Ranked/df8_sp.tab
A2M@316	0	1000	0.0		/home/miguel/IBE-UPF/TFM/Master_projects/PhyloPhere/Data/6.CAAS_traitfiles/Ranked/df8_sp.tab
A2M@317	0	1000	0.0		/home/miguel/IBE-UPF/TFM/Master_projects/PhyloPhere/Data/6.CAAS_traitfiles/Ranked/df8_sp.tab
A2M@327	0	1000	0.0		/home/miguel/IBE-UPF/TFM/Master_projects/PhyloPhere/Data/6.CAAS_traitfiles/Ranked/df8_sp.tab
A2M@328	1	1000	0.001	b_855	/home/miguel/IBE-UPF/TFM/Master_projects/PhyloPhere/Data/6.CAAS_traitfiles/Ranked/df8_sp.tab
A2M@331	0	1000	0.0		/home/miguel/IBE-UPF/TFM/Master_projects/PhyloPhere/Data/6.CAAS_traitfiles/Ranked/df8_sp.tab
A2M@342	0	1000	0.0		/home/miguel/IBE-UPF/TFM/Master_projects/PhyloPhere/Data/6.CAAS_traitfiles/Ranked/df8_sp.tab
A2M@346	0	1000	0.0		/home/miguel/IBE-UPF/TFM/Master_projects/PhyloPhere/Data/6.CAAS_traitfiles/Ranked/df8_sp.tab
A2M@347	0	1000	0.0		/home/miguel/IBE-UPF/TFM/Master_projects/PhyloPhere/Data/6.CAAS_traitfiles/Ranked/df8_sp.tab
A2M@349	30	1000	0.03	b_136,b_86,b_583,b_813,b_254,b_99,b_319,b_546,b_774,b_723,b_416,b_308,b_432,b_988,b_473,b_649,b_258,b_77,b_658,b_426,b_371,b_215,b_334,b_882,b_177,b_814,b_349,b_63,b_60,b_704	/home/miguel/IBE-UPF/TFM/Master_projects/PhyloPhere/Data/6.CAAS_traitfiles/Ranked/df8_sp.tab
A2M@351	0	1000	0.0		/home/miguel/IBE-UPF/TFM/Master_projects/PhyloPhere/Data/6.CAAS_traitfiles/Ranked/df8_sp.tab
A2M@352	0	1000	0.0		/home/miguel/IBE-UPF/TFM/Master_projects/PhyloPhere/Data/6.CAAS_traitfiles/Ranked/df8_sp.tab
A2M@353	0	1000	0.0		/home/miguel/IBE-UPF/TFM/Master_projects/PhyloPhere/Data/6.CAAS_traitfiles/Ranked/df8_sp.tab
A2M@354	11	1000	0.011	b_316,b_651,b_706,b_172,b_308,b_447,b_185,b_492,b_744,b_76,b_42	/home/miguel/IBE-UPF/TFM/Master_projects/PhyloPhere/Data/6.CAAS_traitfiles/Ranked/df8_sp.tab
A2M@355	2	1000	0.002	b_655,b_142	/home/miguel/IBE-UPF/TFM/Master_projects/PhyloPhere/Data/6.CAAS_traitfiles/Ranked/df8_sp.tab
A2M@357	2	1000	0.002	b_561,b_569	/home/miguel/IBE-UPF/TFM/Master_projects/PhyloPhere/Data/6.CAAS_traitfiles/Ranked/df8_sp.tab
A2M@358	33	1000	0.033	b_136,b_86,b_583,b_813,b_903,b_254,b_99,b_319,b_546,b_774,b_723,b_416,b_308,b_432,b_988,b_473,b_649,b_392,b_258,b_77,b_658,b_426,b_371,b_250,b_215,b_334,b_882,b_177,b_814,b_349,b_63,b_60,b_704	/home/miguel/IBE-UPF/TFM/Master_projects/PhyloPhere/Data/6.CAAS_traitfiles/Ranked/df8_sp.tab
A2M@359	0	1000	0.0		/home/miguel/IBE-UPF/TFM/Master_projects/PhyloPhere/Data/6.CAAS_traitfiles/Ranked/df8_sp.tab
A2M@363	0	1000	0.0		/home/miguel/IBE-UPF/TFM/Master_projects/PhyloPhere/Data/6.CAAS_traitfiles/Ranked/df8_sp.tab
A2M@364	12	1000	0.012	b_254,b_319,b_561,b_523,b_546,b_723,b_988,b_426,b_215,b_334,b_882,b_816	/home/miguel/IBE-UPF/TFM/Master_projects/PhyloPhere/Data/6.CAAS_traitfiles/Ranked/df8_sp.tab
A2M@367	0	1000	0.0		/home/miguel/IBE-UPF/TFM/Master_projects/PhyloPhere/Data/6.CAAS_traitfiles/Ranked/df8_sp.tab
A2M@372	0	1000	0.0		/home/miguel/IBE-UPF/TFM/Master_projects/PhyloPhere/Data/6.CAAS_traitfiles/Ranked/df8_sp.tab
A2M@375	0	1000	0.0		/home/miguel/IBE-UPF/TFM/Master_projects/PhyloPhere/Data/6.CAAS_traitfiles/Ranked/df8_sp.tab
A2M@376	0	1000	0.0		/home/miguel/IBE-UPF/TFM/Master_projects/PhyloPhere/Data/6.CAAS_traitfiles/Ranked/df8_sp.tab
A2M@383	0	1000	0.0		/home/miguel/IBE-UPF/TFM/Master_projects/PhyloPhere/Data/6.CAAS_traitfiles/Ranked/df8_sp.tab
A2M@385	0	1000	0.0		/home/miguel/IBE-UPF/TFM/Master_projects/PhyloPhere/Data/6.CAAS_traitfiles/Ranked/df8_sp.tab
A2M@388	15	1000	0.015	b_583,b_789,b_99,b_557,b_546,b_774,b_432,b_988,b_473,b_309,b_658,b_63,b_167,b_60,b_704	/home/miguel/IBE-UPF/TFM/Master_projects/PhyloPhere/Data/6.CAAS_traitfiles/Ranked/df8_sp.tab
A2M@390	20	1000	0.02	b_136,b_730,b_583,b_813,b_151,b_316,b_997,b_655,b_382,b_172,b_822,b_308,b_473,b_780,b_492,b_49,b_77,b_63,b_61,b_669	/home/miguel/IBE-UPF/TFM/Master_projects/PhyloPhere/Data/6.CAAS_traitfiles/Ranked/df8_sp.tab
A2M@391	0	1000	0.0		/home/miguel/IBE-UPF/TFM/Master_projects/PhyloPhere/Data/6.CAAS_traitfiles/Ranked/df8_sp.tab
A2M@394	33	1000	0.033	b_136,b_583,b_813,b_667,b_316,b_713,b_997,b_651,b_706,b_629,b_462,b_382,b_172,b_822,b_308,b_447,b_185,b_473,b_98,b_780,b_451,b_492,b_77,b_368,b_744,b_76,b_51,b_142,b_42,b_977,b_63,b_61,b_669	/home/miguel/IBE-UPF/TFM/Master_projects/PhyloPhere/Data/6.CAAS_traitfiles/Ranked/df8_sp.tab
A2M@395	31	1000	0.031	b_686,b_790,b_583,b_276,b_540,b_651,b_88,b_828,b_462,b_382,b_381,b_168,b_822,b_173,b_983,b_447,b_473,b_492,b_478,b_663,b_837,b_368,b_410,b_731,b_287,b_693,b_142,b_403,b_149,b_63,b_669	/home/miguel/IBE-UPF/TFM/Master_projects/PhyloPhere/Data/6.CAAS_traitfiles/Ranked/df8_sp.tab
A2M@396	0	1000	0.0		/home/miguel/IBE-UPF/TFM/Master_projects/PhyloPhere/Data/6.CAAS_traitfiles/Ranked/df8_sp.tab
A2M@398	1	1000	0.001	b_344	/home/miguel/IBE-UPF/TFM/Master_projects/PhyloPhere/Data/6.CAAS_traitfiles/Ranked/df8_sp.tab
A2M@399	36	1000	0.036	b_136,b_86,b_583,b_813,b_254,b_99,b_319,b_316,b_997,b_546,b_629,b_774,b_462,b_172,b_723,b_416,b_308,b_432,b_988,b_473,b_649,b_258,b_451,b_77,b_658,b_426,b_371,b_215,b_334,b_882,b_177,b_814,b_349,b_63,b_60,b_704	/home/miguel/IBE-UPF/TFM/Master_projects/PhyloPhere/Data/6.CAAS_traitfiles/Ranked/df8_sp.tab
A2M@400	2	1000	0.002	b_546,b_755	/home/miguel/IBE-UPF/TFM/Master_projects/PhyloPhere/Data/6.CAAS_traitfiles/Ranked/df8_sp.tab
A2M@403	28	1000	0.028	b_136,b_583,b_813,b_667,b_316,b_997,b_651,b_706,b_629,b_462,b_382,b_172,b_822,b_308,b_447,b_185,b_473,b_780,b_451,b_492,b_77,b_744,b_76,b_142,b_42,b_63,b_61,b_669	/home/miguel/IBE-UPF/TFM/Master_projects/PhyloPhere/Data/6.CAAS_traitfiles/Ranked/df8_sp.tab
A2M@405	0	1000	0.0		/home/miguel/IBE-UPF/TFM/Master_projects/PhyloPhere/Data/6.CAAS_traitfiles/Ranked/df8_sp.tab
A2M@407	0	1000	0.0		/home/miguel/IBE-UPF/TFM/Master_projects/PhyloPhere/Data/6.CAAS_traitfiles/Ranked/df8_sp.tab
A2M@408	0	1000	0.0		/home/miguel/IBE-UPF/TFM/Master_projects/PhyloPhere/Data/6.CAAS_traitfiles/Ranked/df8_sp.tab
A2M@411	23	1000	0.023	b_136,b_86,b_254,b_99,b_319,b_774,b_723,b_416,b_432,b_988,b_473,b_649,b_258,b_77,b_426,b_371,b_215,b_882,b_177,b_814,b_349,b_63,b_60	/home/miguel/IBE-UPF/TFM/Master_projects/PhyloPhere/Data/6.CAAS_traitfiles/Ranked/df8_sp.tab
A2M@412	0	1000	0.0		/home/miguel/IBE-UPF/TFM/Master_projects/PhyloPhere/Data/6.CAAS_traitfiles/Ranked/df8_sp.tab
A2M@413	0	1000	0.0		/home/miguel/IBE-UPF/TFM/Master_projects/PhyloPhere/Data/6.CAAS_traitfiles/Ranked/df8_sp.tab
A2M@415	2	1000	0.002	b_457,b_882	/home/miguel/IBE-UPF/TFM/Master_projects/PhyloPhere/Data/6.CAAS_traitfiles/Ranked/df8_sp.tab
A2M@417	0	1000	0.0		/home/miguel/IBE-UPF/TFM/Master_projects/PhyloPhere/Data/6.CAAS_traitfiles/Ranked/df8_sp.tab
A2M@419	3	1000	0.003	b_789,b_750,b_816	/home/miguel/IBE-UPF/TFM/Master_projects/PhyloPhere/Data/6.CAAS_traitfiles/Ranked/df8_sp.tab
A2M@424	0	1000	0.0		/home/miguel/IBE-UPF/TFM/Master_projects/PhyloPhere/Data/6.CAAS_traitfiles/Ranked/df8_sp.tab
A2M@426	0	1000	0.0		/home/miguel/IBE-UPF/TFM/Master_projects/PhyloPhere/Data/6.CAAS_traitfiles/Ranked/df8_sp.tab
A2M@430	0	1000	0.0		/home/miguel/IBE-UPF/TFM/Master_projects/PhyloPhere/Data/6.CAAS_traitfiles/Ranked/df8_sp.tab
A2M@433	0	1000	0.0		/home/miguel/IBE-UPF/TFM/Master_projects/PhyloPhere/Data/6.CAAS_traitfiles/Ranked/df8_sp.tab
A2M@434	29	1000	0.029	b_633,b_136,b_499,b_583,b_813,b_789,b_99,b_557,b_943,b_546,b_774,b_308,b_432,b_988,b_473,b_392,b_425,b_77,b_309,b_658,b_76,b_250,b_142,b_955,b_796,b_63,b_167,b_60,b_704	/home/miguel/IBE-UPF/TFM/Master_projects/PhyloPhere/Data/6.CAAS_traitfiles/Ranked/df8_sp.tab
A2M@435	0	1000	0.0		/home/miguel/IBE-UPF/TFM/Master_projects/PhyloPhere/Data/6.CAAS_traitfiles/Ranked/df8_sp.tab
A2M@436	0	1000	0.0		/home/miguel/IBE-UPF/TFM/Master_projects/PhyloPhere/Data/6.CAAS_traitfiles/Ranked/df8_sp.tab
A2M@439	0	1000	0.0		/home/miguel/IBE-UPF/TFM/Master_projects/PhyloPhere/Data/6.CAAS_traitfiles/Ranked/df8_sp.tab
A2M@441	0	1000	0.0		/home/miguel/IBE-UPF/TFM/Master_projects/PhyloPhere/Data/6.CAAS_traitfiles/Ranked/df8_sp.tab
A2M@444	0	1000	0.0		/home/miguel/IBE-UPF/TFM/Master_projects/PhyloPhere/Data/6.CAAS_traitfiles/Ranked/df8_sp.tab
A2M@445	45	1000	0.045	b_633,b_136,b_499,b_583,b_813,b_903,b_667,b_99,b_943,b_316,b_435,b_997,b_651,b_524,b_706,b_629,b_462,b_382,b_172,b_822,b_416,b_308,b_590,b_432,b_447,b_185,b_473,b_780,b_392,b_451,b_492,b_425,b_77,b_744,b_76,b_250,b_334,b_814,b_142,b_42,b_955,b_63,b_61,b_669,b_391	/home/miguel/IBE-UPF/TFM/Master_projects/PhyloPhere/Data/6.CAAS_traitfiles/Ranked/df8_sp.tab
A2M@446	28	1000	0.028	b_136,b_583,b_813,b_667,b_316,b_997,b_651,b_706,b_629,b_462,b_382,b_172,b_822,b_308,b_447,b_185,b_473,b_780,b_451,b_492,b_77,b_744,b_76,b_142,b_42,b_63,b_61,b_669	/home/miguel/IBE-UPF/TFM/Master_projects/PhyloPhere/Data/6.CAAS_traitfiles/Ranked/df8_sp.tab
A2M@451	0	1000	0.0		/home/miguel/IBE-UPF/TFM/Master_projects/PhyloPhere/Data/6.CAAS_traitfiles/Ranked/df8_sp.tab
A2M@453	18	1000	0.018	b_136,b_730,b_151,b_997,b_655,b_382,b_172,b_473,b_780,b_798,b_492,b_49,b_77,b_695,b_247,b_96,b_63,b_669	/home/miguel/IBE-UPF/TFM/Master_projects/PhyloPhere/Data/6.CAAS_traitfiles/Ranked/df8_sp.tab
A2M@454	0	1000	0.0		/home/miguel/IBE-UPF/TFM/Master_projects/PhyloPhere/Data/6.CAAS_traitfiles/Ranked/df8_sp.tab
A2M@455	51	1000	0.051	b_136,b_86,b_583,b_813,b_667,b_254,b_99,b_319,b_316,b_997,b_651,b_546,b_706,b_629,b_774,b_462,b_382,b_172,b_723,b_822,b_416,b_308,b_432,b_447,b_185,b_988,b_473,b_649,b_780,b_258,b_451,b_492,b_77,b_658,b_744,b_76,b_426,b_371,b_215,b_334,b_882,b_177,b_814,b_142,b_42,b_349,b_63,b_61,b_669,b_60,b_704	/home/miguel/IBE-UPF/TFM/Master_projects/PhyloPhere/Data/6.CAAS_traitfiles/Ranked/df8_sp.tab
A2M@456	14	1000	0.014	b_136,b_515,b_583,b_813,b_936,b_546,b_994,b_308,b_473,b_49,b_77,b_525,b_63,b_669	/home/miguel/IBE-UPF/TFM/Master_projects/PhyloPhere/Data/6.CAAS_traitfiles/Ranked/df8_sp.tab
A2M@458	0	1000	0.0		/home/miguel/IBE-UPF/TFM/Master_projects/PhyloPhere/Data/6.CAAS_traitfiles/Ranked/df8_sp.tab
A2M@459	0	1000	0.0		/home/miguel/IBE-UPF/TFM/Master_projects/PhyloPhere/Data/6.CAAS_traitfiles/Ranked/df8_sp.tab
A2M@462	1	1000	0.001	b_215	/home/miguel/IBE-UPF/TFM/Master_projects/PhyloPhere/Data/6.CAAS_traitfiles/Ranked/df8_sp.tab
A2M@463	19	1000	0.019	b_136,b_499,b_583,b_813,b_316,b_706,b_462,b_308,b_447,b_473,b_780,b_451,b_314,b_77,b_76,b_142,b_42,b_63,b_669	/home/miguel/IBE-UPF/TFM/Master_projects/PhyloPhere/Data/6.CAAS_traitfiles/Ranked/df8_sp.tab
A2M@464	51	1000	0.051	b_136,b_86,b_583,b_813,b_667,b_254,b_99,b_319,b_316,b_997,b_651,b_546,b_706,b_629,b_774,b_462,b_382,b_172,b_723,b_822,b_416,b_308,b_432,b_447,b_185,b_988,b_473,b_649,b_780,b_258,b_451,b_492,b_77,b_658,b_744,b_76,b_426,b_371,b_215,b_334,b_882,b_177,b_814,b_142,b_42,b_349,b_63,b_61,b_669,b_60,b_704	/home/miguel/IBE-UPF/TFM/Master_projects/PhyloPhere/Data/6.CAAS_traitfiles/Ranked/df8_sp.tab
A2M@467	28	1000	0.028	b_136,b_583,b_813,b_667,b_316,b_997,b_651,b_706,b_629,b_462,b_382,b_172,b_822,b_308,b_447,b_185,b_473,b_780,b_451,b_492,b_77,b_744,b_76,b_142,b_42,b_63,b_61,b_669	/home/miguel/IBE-UPF/TFM/Master_projects/PhyloPhere/Data/6.CAAS_traitfiles/Ranked/df8_sp.tab
A2M@468	8	1000	0.008	b_136,b_997,b_172,b_451,b_77,b_744,b_63,b_669	/home/miguel/IBE-UPF/TFM/Master_projects/PhyloPhere/Data/6.CAAS_traitfiles/Ranked/df8_sp.tab
A2M@469	0	1000	0.0		/home/miguel/IBE-UPF/TFM/Master_projects/PhyloPhere/Data/6.CAAS_traitfiles/Ranked/df8_sp.tab
A2M@472	0	1000	0.0		/home/miguel/IBE-UPF/TFM/Master_projects/PhyloPhere/Data/6.CAAS_traitfiles/Ranked/df8_sp.tab
A2M@477	25	1000	0.025	b_248,b_136,b_583,b_667,b_316,b_997,b_651,b_172,b_822,b_279,b_447,b_185,b_780,b_451,b_492,b_77,b_35,b_744,b_855,b_942,b_142,b_42,b_63,b_669,b_453	/home/miguel/IBE-UPF/TFM/Master_projects/PhyloPhere/Data/6.CAAS_traitfiles/Ranked/df8_sp.tab
A2M@478	0	1000	0.0		/home/miguel/IBE-UPF/TFM/Master_projects/PhyloPhere/Data/6.CAAS_traitfiles/Ranked/df8_sp.tab
A2M@481	8	1000	0.008	b_136,b_997,b_172,b_451,b_77,b_744,b_63,b_669	/home/miguel/IBE-UPF/TFM/Master_projects/PhyloPhere/Data/6.CAAS_traitfiles/Ranked/df8_sp.tab
A2M@482	1	1000	0.001	b_651	/home/miguel/IBE-UPF/TFM/Master_projects/PhyloPhere/Data/6.CAAS_traitfiles/Ranked/df8_sp.tab
A2M@484	3	1000	0.003	b_457,b_882,b_60	/home/miguel/IBE-UPF/TFM/Master_projects/PhyloPhere/Data/6.CAAS_traitfiles/Ranked/df8_sp.tab
A2M@486	0	1000	0.0		/home/miguel/IBE-UPF/TFM/Master_projects/PhyloPhere/Data/6.CAAS_traitfiles/Ranked/df8_sp.tab
A2M@487	0	1000	0.0		/home/miguel/IBE-UPF/TFM/Master_projects/PhyloPhere/Data/6.CAAS_traitfiles/Ranked/df8_sp.tab
A2M@488	26	1000	0.026	b_633,b_136,b_499,b_583,b_813,b_903,b_99,b_943,b_435,b_524,b_416,b_308,b_590,b_432,b_473,b_392,b_425,b_77,b_76,b_250,b_334,b_814,b_142,b_955,b_63,b_391	/home/miguel/IBE-UPF/TFM/Master_projects/PhyloPhere/Data/6.CAAS_traitfiles/Ranked/df8_sp.tab
A2M@489	16	1000	0.016	b_583,b_789,b_99,b_557,b_546,b_774,b_432,b_988,b_473,b_309,b_658,b_63,b_167,b_60,b_704,b_816	/home/miguel/IBE-UPF/TFM/Master_projects/PhyloPhere/Data/6.CAAS_traitfiles/Ranked/df8_sp.tab
A2M@491	0	1000	0.0		/home/miguel/IBE-UPF/TFM/Master_projects/PhyloPhere/Data/6.CAAS_traitfiles/Ranked/df8_sp.tab
A2M@495	0	1000	0.0		/home/miguel/IBE-UPF/TFM/Master_projects/PhyloPhere/Data/6.CAAS_traitfiles/Ranked/df8_sp.tab
A2M@496	0	1000	0.0		/home/miguel/IBE-UPF/TFM/Master_projects/PhyloPhere/Data/6.CAAS_traitfiles/Ranked/df8_sp.tab
A2M@498	0	1000	0.0		/home/miguel/IBE-UPF/TFM/Master_projects/PhyloPhere/Data/6.CAAS_traitfiles/Ranked/df8_sp.tab
A2M@501	0	1000	0.0		/home/miguel/IBE-UPF/TFM/Master_projects/PhyloPhere/Data/6.CAAS_traitfiles/Ranked/df8_sp.tab
A2M@504	28	1000	0.028	b_136,b_583,b_813,b_667,b_316,b_997,b_651,b_706,b_629,b_462,b_382,b_172,b_822,b_308,b_447,b_185,b_473,b_780,b_451,b_492,b_77,b_744,b_76,b_142,b_42,b_63,b_61,b_669	/home/miguel/IBE-UPF/TFM/Master_projects/PhyloPhere/Data/6.CAAS_traitfiles/Ranked/df8_sp.tab
A2M@507	0	1000	0.0		/home/miguel/IBE-UPF/TFM/Master_projects/PhyloPhere/Data/6.CAAS_traitfiles/Ranked/df8_sp.tab
A2M@508	0	1000	0.0		/home/miguel/IBE-UPF/TFM/Master_projects/PhyloPhere/Data/6.CAAS_traitfiles/Ranked/df8_sp.tab
A2M@512	0	1000	0.0		/home/miguel/IBE-UPF/TFM/Master_projects/PhyloPhere/Data/6.CAAS_traitfiles/Ranked/df8_sp.tab
A2M@515	30	1000	0.03	b_136,b_86,b_583,b_813,b_254,b_99,b_319,b_546,b_774,b_723,b_416,b_308,b_432,b_988,b_473,b_649,b_258,b_77,b_658,b_426,b_371,b_215,b_334,b_882,b_177,b_814,b_349,b_63,b_60,b_704	/home/miguel/IBE-UPF/TFM/Master_projects/PhyloPhere/Data/6.CAAS_traitfiles/Ranked/df8_sp.tab
A2M@518	0	1000	0.0		/home/miguel/IBE-UPF/TFM/Master_projects/PhyloPhere/Data/6.CAAS_traitfiles/Ranked/df8_sp.tab
A2M@520	0	1000	0.0		/home/miguel/IBE-UPF/TFM/Master_projects/PhyloPhere/Data/6.CAAS_traitfiles/Ranked/df8_sp.tab
A2M@521	0	1000	0.0		/home/miguel/IBE-UPF/TFM/Master_projects/PhyloPhere/Data/6.CAAS_traitfiles/Ranked/df8_sp.tab
A2M@522	11	1000	0.011	b_136,b_583,b_667,b_997,b_462,b_77,b_744,b_142,b_63,b_61,b_669	/home/miguel/IBE-UPF/TFM/Master_projects/PhyloPhere/Data/6.CAAS_traitfiles/Ranked/df8_sp.tab
A2M@529	27	1000	0.027	b_136,b_583,b_813,b_667,b_316,b_997,b_651,b_88,b_706,b_629,b_462,b_382,b_172,b_168,b_822,b_308,b_983,b_447,b_451,b_738,b_663,b_744,b_287,b_142,b_42,b_63,b_61	/home/miguel/IBE-UPF/TFM/Master_projects/PhyloPhere/Data/6.CAAS_traitfiles/Ranked/df8_sp.tab
A2M@532	0	1000	0.0		/home/miguel/IBE-UPF/TFM/Master_projects/PhyloPhere/Data/6.CAAS_traitfiles/Ranked/df8_sp.tab
A2M@535	16	1000	0.016	b_583,b_789,b_99,b_557,b_546,b_774,b_432,b_988,b_473,b_309,b_658,b_63,b_252,b_167,b_60,b_704	/home/miguel/IBE-UPF/TFM/Master_projects/PhyloPhere/Data/6.CAAS_traitfiles/Ranked/df8_sp.tab
A2M@539	0	1000	0.0		/home/miguel/IBE-UPF/TFM/Master_projects/PhyloPhere/Data/6.CAAS_traitfiles/Ranked/df8_sp.tab
A2M@541	0	1000	0.0		/home/miguel/IBE-UPF/TFM/Master_projects/PhyloPhere/Data/6.CAAS_traitfiles/Ranked/df8_sp.tab
A2M@543	3	1000	0.003	b_730,b_667,b_680	/home/miguel/IBE-UPF/TFM/Master_projects/PhyloPhere/Data/6.CAAS_traitfiles/Ranked/df8_sp.tab
A2M@545	0	1000	0.0		/home/miguel/IBE-UPF/TFM/Master_projects/PhyloPhere/Data/6.CAAS_traitfiles/Ranked/df8_sp.tab
A2M@548	0	1000	0.0		/home/miguel/IBE-UPF/TFM/Master_projects/PhyloPhere/Data/6.CAAS_traitfiles/Ranked/df8_sp.tab
A2M@550	0	1000	0.0		/home/miguel/IBE-UPF/TFM/Master_projects/PhyloPhere/Data/6.CAAS_traitfiles/Ranked/df8_sp.tab
A2M@552	23	1000	0.023	b_347,b_136,b_499,b_583,b_813,b_316,b_524,b_706,b_462,b_608,b_308,b_432,b_447,b_473,b_780,b_451,b_314,b_77,b_76,b_142,b_42,b_63,b_669	/home/miguel/IBE-UPF/TFM/Master_projects/PhyloPhere/Data/6.CAAS_traitfiles/Ranked/df8_sp.tab
A2M@553	0	1000	0.0		/home/miguel/IBE-UPF/TFM/Master_projects/PhyloPhere/Data/6.CAAS_traitfiles/Ranked/df8_sp.tab
A2M@554	0	1000	0.0		/home/miguel/IBE-UPF/TFM/Master_projects/PhyloPhere/Data/6.CAAS_traitfiles/Ranked/df8_sp.tab
A2M@556	0	1000	0.0		/home/miguel/IBE-UPF/TFM/Master_projects/PhyloPhere/Data/6.CAAS_traitfiles/Ranked/df8_sp.tab
A2M@558	0	1000	0.0		/home/miguel/IBE-UPF/TFM/Master_projects/PhyloPhere/Data/6.CAAS_traitfiles/Ranked/df8_sp.tab
A2M@560	0	1000	0.0		/home/miguel/IBE-UPF/TFM/Master_projects/PhyloPhere/Data/6.CAAS_traitfiles/Ranked/df8_sp.tab
A2M@564	18	1000	0.018	b_583,b_789,b_254,b_99,b_557,b_319,b_546,b_774,b_750,b_432,b_988,b_473,b_309,b_658,b_63,b_167,b_60,b_704	/home/miguel/IBE-UPF/TFM/Master_projects/PhyloPhere/Data/6.CAAS_traitfiles/Ranked/df8_sp.tab
A2M@577	0	1000	0.0		/home/miguel/IBE-UPF/TFM/Master_projects/PhyloPhere/Data/6.CAAS_traitfiles/Ranked/df8_sp.tab
A2M@578	29	1000	0.029	b_136,b_302,b_583,b_813,b_667,b_936,b_316,b_997,b_651,b_706,b_629,b_382,b_172,b_308,b_447,b_185,b_473,b_780,b_492,b_77,b_681,b_744,b_76,b_42,b_247,b_96,b_63,b_61,b_669	/home/miguel/IBE-UPF/TFM/Master_projects/PhyloPhere/Data/6.CAAS_traitfiles/Ranked/df8_sp.tab
A2M@579	6	1000	0.006	b_136,b_997,b_77,b_744,b_63,b_669	/home/miguel/IBE-UPF/TFM/Master_projects/PhyloPhere/Data/6.CAAS_traitfiles/Ranked/df8_sp.tab
A2M@580	16	1000	0.016	b_937,b_136,b_583,b_46,b_774,b_750,b_416,b_649,b_793,b_457,b_77,b_861,b_215,b_882,b_63,b_60	/home/miguel/IBE-UPF/TFM/Master_projects/PhyloPhere/Data/6.CAAS_traitfiles/Ranked/df8_sp.tab
A2M@581	28	1000	0.028	b_136,b_583,b_813,b_667,b_316,b_997,b_651,b_706,b_629,b_462,b_382,b_172,b_822,b_308,b_447,b_185,b_473,b_780,b_451,b_492,b_77,b_744,b_76,b_142,b_42,b_63,b_61,b_669	/home/miguel/IBE-UPF/TFM/Master_projects/PhyloPhere/Data/6.CAAS_traitfiles/Ranked/df8_sp.tab
A2M@585	41	1000	0.041	b_136,b_474,b_86,b_583,b_667,b_254,b_46,b_997,b_651,b_546,b_629,b_774,b_462,b_172,b_416,b_308,b_432,b_185,b_988,b_411,b_473,b_649,b_258,b_451,b_457,b_77,b_658,b_744,b_371,b_215,b_334,b_882,b_177,b_142,b_79,b_349,b_63,b_61,b_669,b_60,b_704	/home/miguel/IBE-UPF/TFM/Master_projects/PhyloPhere/Data/6.CAAS_traitfiles/Ranked/df8_sp.tab
A2M@586	0	1000	0.0		/home/miguel/IBE-UPF/TFM/Master_projects/PhyloPhere/Data/6.CAAS_traitfiles/Ranked/df8_sp.tab
A2M@594	0	1000	0.0		/home/miguel/IBE-UPF/TFM/Master_projects/PhyloPhere/Data/6.CAAS_traitfiles/Ranked/df8_sp.tab
A2M@595	0	1000	0.0		/home/miguel/IBE-UPF/TFM/Master_projects/PhyloPhere/Data/6.CAAS_traitfiles/Ranked/df8_sp.tab
A2M@598	0	1000	0.0		/home/miguel/IBE-UPF/TFM/Master_projects/PhyloPhere/Data/6.CAAS_traitfiles/Ranked/df8_sp.tab
A2M@602	7	1000	0.007	b_943,b_554,b_680,b_744,b_274,b_955,b_446	/home/miguel/IBE-UPF/TFM/Master_projects/PhyloPhere/Data/6.CAAS_traitfiles/Ranked/df8_sp.tab
A2M@603	51	1000	0.051	b_136,b_86,b_583,b_813,b_667,b_254,b_99,b_319,b_316,b_997,b_651,b_546,b_706,b_629,b_774,b_462,b_382,b_172,b_723,b_822,b_416,b_308,b_432,b_447,b_185,b_988,b_473,b_649,b_780,b_258,b_451,b_492,b_77,b_658,b_744,b_76,b_426,b_371,b_215,b_334,b_882,b_177,b_814,b_142,b_42,b_349,b_63,b_61,b_669,b_60,b_704	/home/miguel/IBE-UPF/TFM/Master_projects/PhyloPhere/Data/6.CAAS_traitfiles/Ranked/df8_sp.tab
A2M@604	0	1000	0.0		/home/miguel/IBE-UPF/TFM/Master_projects/PhyloPhere/Data/6.CAAS_traitfiles/Ranked/df8_sp.tab
A2M@606	0	1000	0.0		/home/miguel/IBE-UPF/TFM/Master_projects/PhyloPhere/Data/6.CAAS_traitfiles/Ranked/df8_sp.tab
A2M@607	28	1000	0.028	b_136,b_583,b_813,b_667,b_316,b_997,b_651,b_706,b_629,b_462,b_382,b_172,b_822,b_308,b_447,b_185,b_473,b_780,b_451,b_492,b_77,b_744,b_76,b_142,b_42,b_63,b_61,b_669	/home/miguel/IBE-UPF/TFM/Master_projects/PhyloPhere/Data/6.CAAS_traitfiles/Ranked/df8_sp.tab
A2M@608	27	1000	0.027	b_633,b_136,b_499,b_583,b_813,b_903,b_99,b_943,b_435,b_524,b_416,b_308,b_590,b_432,b_473,b_392,b_425,b_77,b_76,b_250,b_334,b_814,b_142,b_955,b_796,b_63,b_391	/home/miguel/IBE-UPF/TFM/Master_projects/PhyloPhere/Data/6.CAAS_traitfiles/Ranked/df8_sp.tab
A2M@611	11	1000	0.011	b_651,b_462,b_382,b_172,b_822,b_173,b_447,b_492,b_663,b_368,b_321	/home/miguel/IBE-UPF/TFM/Master_projects/PhyloPhere/Data/6.CAAS_traitfiles/Ranked/df8_sp.tab
A2M@612	0	1000	0.0		/home/miguel/IBE-UPF/TFM/Master_projects/PhyloPhere/Data/6.CAAS_traitfiles/Ranked/df8_sp.tab
A2M@613	0	1000	0.0		/home/miguel/IBE-UPF/TFM/Master_projects/PhyloPhere/Data/6.CAAS_traitfiles/Ranked/df8_sp.tab
A2M@614	0	1000	0.0		/home/miguel/IBE-UPF/TFM/Master_projects/PhyloPhere/Data/6.CAAS_traitfiles/Ranked/df8_sp.tab
A2M@615	0	1000	0.0		/home/miguel/IBE-UPF/TFM/Master_projects/PhyloPhere/Data/6.CAAS_traitfiles/Ranked/df8_sp.tab
A2M@616	22	1000	0.022	b_136,b_86,b_254,b_99,b_319,b_522,b_774,b_723,b_416,b_432,b_649,b_258,b_77,b_861,b_371,b_215,b_502,b_882,b_814,b_901,b_63,b_60	/home/miguel/IBE-UPF/TFM/Master_projects/PhyloPhere/Data/6.CAAS_traitfiles/Ranked/df8_sp.tab
A2M@617	51	1000	0.051	b_136,b_86,b_583,b_813,b_667,b_254,b_99,b_319,b_316,b_997,b_651,b_546,b_706,b_629,b_774,b_462,b_382,b_172,b_723,b_822,b_416,b_308,b_432,b_447,b_185,b_988,b_473,b_649,b_780,b_258,b_451,b_492,b_77,b_658,b_744,b_76,b_426,b_371,b_215,b_334,b_882,b_177,b_814,b_142,b_42,b_349,b_63,b_61,b_669,b_60,b_704	/home/miguel/IBE-UPF/TFM/Master_projects/PhyloPhere/Data/6.CAAS_traitfiles/Ranked/df8_sp.tab
A2M@618	6	1000	0.006	b_136,b_997,b_77,b_744,b_63,b_669	/home/miguel/IBE-UPF/TFM/Master_projects/PhyloPhere/Data/6.CAAS_traitfiles/Ranked/df8_sp.tab
A2M@624	34	1000	0.034	b_136,b_515,b_86,b_583,b_813,b_936,b_254,b_99,b_319,b_546,b_774,b_723,b_416,b_308,b_432,b_988,b_473,b_649,b_258,b_49,b_77,b_658,b_426,b_371,b_525,b_215,b_334,b_882,b_177,b_814,b_349,b_63,b_60,b_704	/home/miguel/IBE-UPF/TFM/Master_projects/PhyloPhere/Data/6.CAAS_traitfiles/Ranked/df8_sp.tab
A2M@627	0	1000	0.0		/home/miguel/IBE-UPF/TFM/Master_projects/PhyloPhere/Data/6.CAAS_traitfiles/Ranked/df8_sp.tab
A2M@628	16	1000	0.016	b_583,b_276,b_540,b_828,b_462,b_381,b_168,b_173,b_447,b_478,b_663,b_837,b_142,b_149,b_63,b_669	/home/miguel/IBE-UPF/TFM/Master_projects/PhyloPhere/Data/6.CAAS_traitfiles/Ranked/df8_sp.tab
A2M@630	0	1000	0.0		/home/miguel/IBE-UPF/TFM/Master_projects/PhyloPhere/Data/6.CAAS_traitfiles/Ranked/df8_sp.tab
A2M@634	0	1000	0.0		/home/miguel/IBE-UPF/TFM/Master_projects/PhyloPhere/Data/6.CAAS_traitfiles/Ranked/df8_sp.tab
A2M@639	2	1000	0.002	b_947,b_846	/home/miguel/IBE-UPF/TFM/Master_projects/PhyloPhere/Data/6.CAAS_traitfiles/Ranked/df8_sp.tab
A2M@640	0	1000	0.0		/home/miguel/IBE-UPF/TFM/Master_projects/PhyloPhere/Data/6.CAAS_traitfiles/Ranked/df8_sp.tab
A2M@641	0	1000	0.0		/home/miguel/IBE-UPF/TFM/Master_projects/PhyloPhere/Data/6.CAAS_traitfiles/Ranked/df8_sp.tab
A2M@642	15	1000	0.015	b_583,b_789,b_99,b_557,b_546,b_774,b_432,b_988,b_473,b_309,b_658,b_63,b_167,b_60,b_704	/home/miguel/IBE-UPF/TFM/Master_projects/PhyloPhere/Data/6.CAAS_traitfiles/Ranked/df8_sp.tab
A2M@645	0	1000	0.0		/home/miguel/IBE-UPF/TFM/Master_projects/PhyloPhere/Data/6.CAAS_traitfiles/Ranked/df8_sp.tab
A2M@646	28	1000	0.028	b_136,b_583,b_813,b_667,b_316,b_997,b_651,b_706,b_629,b_462,b_382,b_172,b_822,b_308,b_447,b_185,b_473,b_780,b_451,b_492,b_77,b_744,b_76,b_142,b_42,b_63,b_61,b_669	/home/miguel/IBE-UPF/TFM/Master_projects/PhyloPhere/Data/6.CAAS_traitfiles/Ranked/df8_sp.tab
A2M@652	24	1000	0.024	b_136,b_730,b_583,b_813,b_936,b_151,b_997,b_655,b_382,b_994,b_172,b_308,b_473,b_780,b_492,b_49,b_77,b_681,b_695,b_247,b_96,b_63,b_61,b_669	/home/miguel/IBE-UPF/TFM/Master_projects/PhyloPhere/Data/6.CAAS_traitfiles/Ranked/df8_sp.tab
A2M@655	34	1000	0.034	b_136,b_583,b_813,b_667,b_316,b_997,b_540,b_651,b_88,b_524,b_706,b_629,b_717,b_462,b_382,b_172,b_822,b_308,b_447,b_185,b_473,b_780,b_451,b_492,b_77,b_837,b_744,b_76,b_287,b_142,b_42,b_63,b_61,b_669	/home/miguel/IBE-UPF/TFM/Master_projects/PhyloPhere/Data/6.CAAS_traitfiles/Ranked/df8_sp.tab
A2M@656	1	1000	0.001	b_744	/home/miguel/IBE-UPF/TFM/Master_projects/PhyloPhere/Data/6.CAAS_traitfiles/Ranked/df8_sp.tab
A2M@658	13	1000	0.013	b_136,b_583,b_667,b_997,b_524,b_629,b_205,b_462,b_77,b_744,b_142,b_63,b_669	/home/miguel/IBE-UPF/TFM/Master_projects/PhyloPhere/Data/6.CAAS_traitfiles/Ranked/df8_sp.tab
A2M@659	0	1000	0.0		/home/miguel/IBE-UPF/TFM/Master_projects/PhyloPhere/Data/6.CAAS_traitfiles/Ranked/df8_sp.tab
A2M@660	37	1000	0.037	b_136,b_474,b_499,b_86,b_583,b_903,b_75,b_254,b_46,b_546,b_524,b_774,b_416,b_308,b_590,b_432,b_988,b_473,b_649,b_392,b_258,b_457,b_425,b_77,b_658,b_371,b_250,b_215,b_334,b_882,b_177,b_142,b_955,b_349,b_63,b_60,b_704	/home/miguel/IBE-UPF/TFM/Master_projects/PhyloPhere/Data/6.CAAS_traitfiles/Ranked/df8_sp.tab
A2M@661	37	1000	0.037	b_136,b_302,b_86,b_583,b_813,b_254,b_99,b_319,b_435,b_546,b_524,b_774,b_723,b_416,b_308,b_432,b_988,b_473,b_649,b_258,b_425,b_77,b_658,b_76,b_426,b_371,b_215,b_334,b_882,b_177,b_814,b_752,b_349,b_63,b_60,b_704,b_701	/home/miguel/IBE-UPF/TFM/Master_projects/PhyloPhere/Data/6.CAAS_traitfiles/Ranked/df8_sp.tab
A2M@662	28	1000	0.028	b_136,b_499,b_583,b_903,b_667,b_99,b_943,b_435,b_651,b_524,b_462,b_382,b_822,b_416,b_590,b_432,b_447,b_473,b_392,b_451,b_492,b_77,b_142,b_955,b_63,b_61,b_669,b_391	/home/miguel/IBE-UPF/TFM/Master_projects/PhyloPhere/Data/6.CAAS_traitfiles/Ranked/df8_sp.tab
A2M@663	28	1000	0.028	b_136,b_583,b_813,b_667,b_316,b_997,b_651,b_706,b_629,b_462,b_382,b_172,b_822,b_308,b_447,b_185,b_473,b_780,b_451,b_492,b_77,b_744,b_76,b_142,b_42,b_63,b_61,b_669	/home/miguel/IBE-UPF/TFM/Master_projects/PhyloPhere/Data/6.CAAS_traitfiles/Ranked/df8_sp.tab
A2M@664	13	1000	0.013	b_499,b_583,b_667,b_316,b_524,b_462,b_608,b_447,b_780,b_42,b_63,b_61,b_669	/home/miguel/IBE-UPF/TFM/Master_projects/PhyloPhere/Data/6.CAAS_traitfiles/Ranked/df8_sp.tab
A2M@665	0	1000	0.0		/home/miguel/IBE-UPF/TFM/Master_projects/PhyloPhere/Data/6.CAAS_traitfiles/Ranked/df8_sp.tab
A2M@666	28	1000	0.028	b_136,b_583,b_813,b_667,b_316,b_997,b_651,b_706,b_629,b_462,b_382,b_172,b_822,b_308,b_447,b_185,b_473,b_780,b_451,b_492,b_77,b_744,b_76,b_142,b_42,b_63,b_61,b_669	/home/miguel/IBE-UPF/TFM/Master_projects/PhyloPhere/Data/6.CAAS_traitfiles/Ranked/df8_sp.tab
A2M@667	3	1000	0.003	b_77,b_371,b_177	/home/miguel/IBE-UPF/TFM/Master_projects/PhyloPhere/Data/6.CAAS_traitfiles/Ranked/df8_sp.tab
A2M@668	0	1000	0.0		/home/miguel/IBE-UPF/TFM/Master_projects/PhyloPhere/Data/6.CAAS_traitfiles/Ranked/df8_sp.tab
A2M@669	0	1000	0.0		/home/miguel/IBE-UPF/TFM/Master_projects/PhyloPhere/Data/6.CAAS_traitfiles/Ranked/df8_sp.tab
A2M@670	0	1000	0.0		/home/miguel/IBE-UPF/TFM/Master_projects/PhyloPhere/Data/6.CAAS_traitfiles/Ranked/df8_sp.tab
A2M@672	0	1000	0.0		/home/miguel/IBE-UPF/TFM/Master_projects/PhyloPhere/Data/6.CAAS_traitfiles/Ranked/df8_sp.tab
A2M@673	0	1000	0.0		/home/miguel/IBE-UPF/TFM/Master_projects/PhyloPhere/Data/6.CAAS_traitfiles/Ranked/df8_sp.tab
A2M@674	20	1000	0.02	b_633,b_136,b_583,b_813,b_99,b_524,b_706,b_629,b_172,b_308,b_473,b_392,b_451,b_77,b_76,b_142,b_42,b_63,b_669,b_391	/home/miguel/IBE-UPF/TFM/Master_projects/PhyloPhere/Data/6.CAAS_traitfiles/Ranked/df8_sp.tab
A2M@675	0	1000	0.0		/home/miguel/IBE-UPF/TFM/Master_projects/PhyloPhere/Data/6.CAAS_traitfiles/Ranked/df8_sp.tab
A2M@676	0	1000	0.0		/home/miguel/IBE-UPF/TFM/Master_projects/PhyloPhere/Data/6.CAAS_traitfiles/Ranked/df8_sp.tab
A2M@677	9	1000	0.009	b_136,b_583,b_813,b_546,b_77,b_426,b_215,b_882,b_63	/home/miguel/IBE-UPF/TFM/Master_projects/PhyloPhere/Data/6.CAAS_traitfiles/Ranked/df8_sp.tab
A2M@678	0	1000	0.0		/home/miguel/IBE-UPF/TFM/Master_projects/PhyloPhere/Data/6.CAAS_traitfiles/Ranked/df8_sp.tab
A2M@679	0	1000	0.0		/home/miguel/IBE-UPF/TFM/Master_projects/PhyloPhere/Data/6.CAAS_traitfiles/Ranked/df8_sp.tab
A2M@680	6	1000	0.006	b_583,b_99,b_546,b_432,b_658,b_60	/home/miguel/IBE-UPF/TFM/Master_projects/PhyloPhere/Data/6.CAAS_traitfiles/Ranked/df8_sp.tab
A2M@681	22	1000	0.022	b_583,b_789,b_99,b_557,b_88,b_546,b_706,b_774,b_723,b_432,b_988,b_473,b_649,b_658,b_371,b_215,b_334,b_142,b_349,b_63,b_60,b_704	/home/miguel/IBE-UPF/TFM/Master_projects/PhyloPhere/Data/6.CAAS_traitfiles/Ranked/df8_sp.tab
A2M@682	17	1000	0.017	b_136,b_583,b_254,b_99,b_46,b_546,b_432,b_649,b_258,b_457,b_77,b_658,b_371,b_334,b_882,b_177,b_60	/home/miguel/IBE-UPF/TFM/Master_projects/PhyloPhere/Data/6.CAAS_traitfiles/Ranked/df8_sp.tab
A2M@683	40	1000	0.04	b_136,b_583,b_813,b_789,b_667,b_99,b_557,b_316,b_997,b_651,b_546,b_706,b_629,b_774,b_462,b_382,b_172,b_822,b_308,b_432,b_447,b_185,b_988,b_473,b_780,b_451,b_492,b_77,b_309,b_658,b_744,b_76,b_142,b_42,b_63,b_61,b_167,b_669,b_60,b_704	/home/miguel/IBE-UPF/TFM/Master_projects/PhyloPhere/Data/6.CAAS_traitfiles/Ranked/df8_sp.tab
A2M@684	18	1000	0.018	b_583,b_789,b_99,b_557,b_546,b_828,b_774,b_432,b_988,b_473,b_656,b_309,b_658,b_142,b_63,b_167,b_60,b_704	/home/miguel/IBE-UPF/TFM/Master_projects/PhyloPhere/Data/6.CAAS_traitfiles/Ranked/df8_sp.tab
A2M@685	0	1000	0.0		/home/miguel/IBE-UPF/TFM/Master_projects/PhyloPhere/Data/6.CAAS_traitfiles/Ranked/df8_sp.tab
A2M@686	0	1000	0.0		/home/miguel/IBE-UPF/TFM/Master_projects/PhyloPhere/Data/6.CAAS_traitfiles/Ranked/df8_sp.tab
A2M@687	0	1000	0.0		/home/miguel/IBE-UPF/TFM/Master_projects/PhyloPhere/Data/6.CAAS_traitfiles/Ranked/df8_sp.tab
A2M@690	14	1000	0.014	b_136,b_583,b_667,b_997,b_629,b_462,b_185,b_77,b_744,b_142,b_79,b_63,b_61,b_669	/home/miguel/IBE-UPF/TFM/Master_projects/PhyloPhere/Data/6.CAAS_traitfiles/Ranked/df8_sp.tab
A2M@704	0	1000	0.0		/home/miguel/IBE-UPF/TFM/Master_projects/PhyloPhere/Data/6.CAAS_traitfiles/Ranked/df8_sp.tab
A2M@705	0	1000	0.0		/home/miguel/IBE-UPF/TFM/Master_projects/PhyloPhere/Data/6.CAAS_traitfiles/Ranked/df8_sp.tab
A2M@706	0	1000	0.0		/home/miguel/IBE-UPF/TFM/Master_projects/PhyloPhere/Data/6.CAAS_traitfiles/Ranked/df8_sp.tab
A2M@708	1	1000	0.001	b_761	/home/miguel/IBE-UPF/TFM/Master_projects/PhyloPhere/Data/6.CAAS_traitfiles/Ranked/df8_sp.tab
A2M@710	16	1000	0.016	b_136,b_583,b_813,b_667,b_316,b_997,b_462,b_172,b_447,b_451,b_77,b_744,b_142,b_63,b_61,b_669	/home/miguel/IBE-UPF/TFM/Master_projects/PhyloPhere/Data/6.CAAS_traitfiles/Ranked/df8_sp.tab
A2M@714	17	1000	0.017	b_136,b_583,b_813,b_667,b_316,b_997,b_462,b_172,b_447,b_451,b_77,b_744,b_325,b_142,b_63,b_61,b_669	/home/miguel/IBE-UPF/TFM/Master_projects/PhyloPhere/Data/6.CAAS_traitfiles/Ranked/df8_sp.tab
A2M@716	0	1000	0.0		/home/miguel/IBE-UPF/TFM/Master_projects/PhyloPhere/Data/6.CAAS_traitfiles/Ranked/df8_sp.tab
A2M@723	0	1000	0.0		/home/miguel/IBE-UPF/TFM/Master_projects/PhyloPhere/Data/6.CAAS_traitfiles/Ranked/df8_sp.tab
A2M@729	0	1000	0.0		/home/miguel/IBE-UPF/TFM/Master_projects/PhyloPhere/Data/6.CAAS_traitfiles/Ranked/df8_sp.tab
A2M@733	9	1000	0.009	b_790,b_583,b_667,b_462,b_185,b_492,b_63,b_61,b_669	/home/miguel/IBE-UPF/TFM/Master_projects/PhyloPhere/Data/6.CAAS_traitfiles/Ranked/df8_sp.tab
A2M@735	8	1000	0.008	b_276,b_844,b_651,b_822,b_983,b_478,b_663,b_693	/home/miguel/IBE-UPF/TFM/Master_projects/PhyloPhere/Data/6.CAAS_traitfiles/Ranked/df8_sp.tab
A2M@739	0	1000	0.0		/home/miguel/IBE-UPF/TFM/Master_projects/PhyloPhere/Data/6.CAAS_traitfiles/Ranked/df8_sp.tab
A2M@741	3	1000	0.003	b_86,b_308,b_882	/home/miguel/IBE-UPF/TFM/Master_projects/PhyloPhere/Data/6.CAAS_traitfiles/Ranked/df8_sp.tab
A2M@746	1	1000	0.001	b_49	/home/miguel/IBE-UPF/TFM/Master_projects/PhyloPhere/Data/6.CAAS_traitfiles/Ranked/df8_sp.tab
A2M@749	0	1000	0.0		/home/miguel/IBE-UPF/TFM/Master_projects/PhyloPhere/Data/6.CAAS_traitfiles/Ranked/df8_sp.tab
A2M@762	0	1000	0.0		/home/miguel/IBE-UPF/TFM/Master_projects/PhyloPhere/Data/6.CAAS_traitfiles/Ranked/df8_sp.tab
A2M@766	22	1000	0.022	b_248,b_136,b_583,b_667,b_316,b_997,b_651,b_822,b_279,b_447,b_185,b_780,b_451,b_492,b_77,b_35,b_744,b_855,b_942,b_142,b_42,b_453	/home/miguel/IBE-UPF/TFM/Master_projects/PhyloPhere/Data/6.CAAS_traitfiles/Ranked/df8_sp.tab
A2M@770	0	1000	0.0		/home/miguel/IBE-UPF/TFM/Master_projects/PhyloPhere/Data/6.CAAS_traitfiles/Ranked/df8_sp.tab
A2M@772	0	1000	0.0		/home/miguel/IBE-UPF/TFM/Master_projects/PhyloPhere/Data/6.CAAS_traitfiles/Ranked/df8_sp.tab
A2M@774	0	1000	0.0		/home/miguel/IBE-UPF/TFM/Master_projects/PhyloPhere/Data/6.CAAS_traitfiles/Ranked/df8_sp.tab
A2M@777	0	1000	0.0		/home/miguel/IBE-UPF/TFM/Master_projects/PhyloPhere/Data/6.CAAS_traitfiles/Ranked/df8_sp.tab
A2M@778	0	1000	0.0		/home/miguel/IBE-UPF/TFM/Master_projects/PhyloPhere/Data/6.CAAS_traitfiles/Ranked/df8_sp.tab
A2M@779	0	1000	0.0		/home/miguel/IBE-UPF/TFM/Master_projects/PhyloPhere/Data/6.CAAS_traitfiles/Ranked/df8_sp.tab
A2M@781	0	1000	0.0		/home/miguel/IBE-UPF/TFM/Master_projects/PhyloPhere/Data/6.CAAS_traitfiles/Ranked/df8_sp.tab
A2M@782	0	1000	0.0		/home/miguel/IBE-UPF/TFM/Master_projects/PhyloPhere/Data/6.CAAS_traitfiles/Ranked/df8_sp.tab
A2M@783	0	1000	0.0		/home/miguel/IBE-UPF/TFM/Master_projects/PhyloPhere/Data/6.CAAS_traitfiles/Ranked/df8_sp.tab
A2M@784	0	1000	0.0		/home/miguel/IBE-UPF/TFM/Master_projects/PhyloPhere/Data/6.CAAS_traitfiles/Ranked/df8_sp.tab
A2M@785	0	1000	0.0		/home/miguel/IBE-UPF/TFM/Master_projects/PhyloPhere/Data/6.CAAS_traitfiles/Ranked/df8_sp.tab
A2M@786	0	1000	0.0		/home/miguel/IBE-UPF/TFM/Master_projects/PhyloPhere/Data/6.CAAS_traitfiles/Ranked/df8_sp.tab
A2M@789	8	1000	0.008	b_136,b_997,b_655,b_49,b_77,b_744,b_63,b_669	/home/miguel/IBE-UPF/TFM/Master_projects/PhyloPhere/Data/6.CAAS_traitfiles/Ranked/df8_sp.tab
A2M@790	0	1000	0.0		/home/miguel/IBE-UPF/TFM/Master_projects/PhyloPhere/Data/6.CAAS_traitfiles/Ranked/df8_sp.tab
A2M@792	0	1000	0.0		/home/miguel/IBE-UPF/TFM/Master_projects/PhyloPhere/Data/6.CAAS_traitfiles/Ranked/df8_sp.tab
A2M@794	0	1000	0.0		/home/miguel/IBE-UPF/TFM/Master_projects/PhyloPhere/Data/6.CAAS_traitfiles/Ranked/df8_sp.tab
A2M@798	0	1000	0.0		/home/miguel/IBE-UPF/TFM/Master_projects/PhyloPhere/Data/6.CAAS_traitfiles/Ranked/df8_sp.tab
A2M@802	0	1000	0.0		/home/miguel/IBE-UPF/TFM/Master_projects/PhyloPhere/Data/6.CAAS_traitfiles/Ranked/df8_sp.tab
A2M@803	29	1000	0.029	b_136,b_583,b_813,b_667,b_316,b_997,b_622,b_524,b_706,b_629,b_717,b_462,b_382,b_172,b_168,b_608,b_308,b_983,b_473,b_780,b_451,b_77,b_663,b_744,b_76,b_142,b_42,b_63,b_669	/home/miguel/IBE-UPF/TFM/Master_projects/PhyloPhere/Data/6.CAAS_traitfiles/Ranked/df8_sp.tab
A2M@804	0	1000	0.0		/home/miguel/IBE-UPF/TFM/Master_projects/PhyloPhere/Data/6.CAAS_traitfiles/Ranked/df8_sp.tab
A2M@805	0	1000	0.0		/home/miguel/IBE-UPF/TFM/Master_projects/PhyloPhere/Data/6.CAAS_traitfiles/Ranked/df8_sp.tab
A2M@807	0	1000	0.0		/home/miguel/IBE-UPF/TFM/Master_projects/PhyloPhere/Data/6.CAAS_traitfiles/Ranked/df8_sp.tab
A2M@809	41	1000	0.041	b_136,b_86,b_583,b_813,b_667,b_99,b_316,b_997,b_651,b_546,b_706,b_629,b_774,b_462,b_382,b_994,b_172,b_723,b_822,b_308,b_432,b_447,b_185,b_988,b_473,b_649,b_780,b_451,b_492,b_77,b_658,b_744,b_76,b_334,b_177,b_142,b_42,b_349,b_63,b_61,b_669	/home/miguel/IBE-UPF/TFM/Master_projects/PhyloPhere/Data/6.CAAS_traitfiles/Ranked/df8_sp.tab
A2M@810	0	1000	0.0		/home/miguel/IBE-UPF/TFM/Master_projects/PhyloPhere/Data/6.CAAS_traitfiles/Ranked/df8_sp.tab
A2M@811	0	1000	0.0		/home/miguel/IBE-UPF/TFM/Master_projects/PhyloPhere/Data/6.CAAS_traitfiles/Ranked/df8_sp.tab
A2M@818	0	1000	0.0		/home/miguel/IBE-UPF/TFM/Master_projects/PhyloPhere/Data/6.CAAS_traitfiles/Ranked/df8_sp.tab
A2M@819	0	1000	0.0		/home/miguel/IBE-UPF/TFM/Master_projects/PhyloPhere/Data/6.CAAS_traitfiles/Ranked/df8_sp.tab
A2M@821	0	1000	0.0		/home/miguel/IBE-UPF/TFM/Master_projects/PhyloPhere/Data/6.CAAS_traitfiles/Ranked/df8_sp.tab
A2M@826	0	1000	0.0		/home/miguel/IBE-UPF/TFM/Master_projects/PhyloPhere/Data/6.CAAS_traitfiles/Ranked/df8_sp.tab
A2M@837	0	1000	0.0		/home/miguel/IBE-UPF/TFM/Master_projects/PhyloPhere/Data/6.CAAS_traitfiles/Ranked/df8_sp.tab
A2M@838	0	1000	0.0		/home/miguel/IBE-UPF/TFM/Master_projects/PhyloPhere/Data/6.CAAS_traitfiles/Ranked/df8_sp.tab
A2M@839	0	1000	0.0		/home/miguel/IBE-UPF/TFM/Master_projects/PhyloPhere/Data/6.CAAS_traitfiles/Ranked/df8_sp.tab
A2M@846	0	1000	0.0		/home/miguel/IBE-UPF/TFM/Master_projects/PhyloPhere/Data/6.CAAS_traitfiles/Ranked/df8_sp.tab
A2M@847	25	1000	0.025	b_937,b_136,b_583,b_667,b_997,b_546,b_629,b_774,b_462,b_185,b_988,b_657,b_457,b_77,b_309,b_658,b_744,b_215,b_142,b_79,b_349,b_63,b_61,b_669,b_60	/home/miguel/IBE-UPF/TFM/Master_projects/PhyloPhere/Data/6.CAAS_traitfiles/Ranked/df8_sp.tab
A2M@848	0	1000	0.0		/home/miguel/IBE-UPF/TFM/Master_projects/PhyloPhere/Data/6.CAAS_traitfiles/Ranked/df8_sp.tab
A2M@851	17	1000	0.017	b_583,b_903,b_557,b_546,b_774,b_432,b_988,b_473,b_267,b_623,b_457,b_309,b_658,b_63,b_167,b_60,b_704	/home/miguel/IBE-UPF/TFM/Master_projects/PhyloPhere/Data/6.CAAS_traitfiles/Ranked/df8_sp.tab
A2M@852	0	1000	0.0		/home/miguel/IBE-UPF/TFM/Master_projects/PhyloPhere/Data/6.CAAS_traitfiles/Ranked/df8_sp.tab
A2M@858	0	1000	0.0		/home/miguel/IBE-UPF/TFM/Master_projects/PhyloPhere/Data/6.CAAS_traitfiles/Ranked/df8_sp.tab
A2M@869	0	1000	0.0		/home/miguel/IBE-UPF/TFM/Master_projects/PhyloPhere/Data/6.CAAS_traitfiles/Ranked/df8_sp.tab
A2M@870	0	1000	0.0		/home/miguel/IBE-UPF/TFM/Master_projects/PhyloPhere/Data/6.CAAS_traitfiles/Ranked/df8_sp.tab
A2M@871	0	1000	0.0		/home/miguel/IBE-UPF/TFM/Master_projects/PhyloPhere/Data/6.CAAS_traitfiles/Ranked/df8_sp.tab
A2M@873	6	1000	0.006	b_276,b_651,b_822,b_983,b_478,b_149	/home/miguel/IBE-UPF/TFM/Master_projects/PhyloPhere/Data/6.CAAS_traitfiles/Ranked/df8_sp.tab
A2M@874	0	1000	0.0		/home/miguel/IBE-UPF/TFM/Master_projects/PhyloPhere/Data/6.CAAS_traitfiles/Ranked/df8_sp.tab
A2M@884	0	1000	0.0		/home/miguel/IBE-UPF/TFM/Master_projects/PhyloPhere/Data/6.CAAS_traitfiles/Ranked/df8_sp.tab
A2M@886	0	1000	0.0		/home/miguel/IBE-UPF/TFM/Master_projects/PhyloPhere/Data/6.CAAS_traitfiles/Ranked/df8_sp.tab
A2M@887	2	1000	0.002	b_561,b_569	/home/miguel/IBE-UPF/TFM/Master_projects/PhyloPhere/Data/6.CAAS_traitfiles/Ranked/df8_sp.tab
A2M@889	0	1000	0.0		/home/miguel/IBE-UPF/TFM/Master_projects/PhyloPhere/Data/6.CAAS_traitfiles/Ranked/df8_sp.tab
A2M@898	0	1000	0.0		/home/miguel/IBE-UPF/TFM/Master_projects/PhyloPhere/Data/6.CAAS_traitfiles/Ranked/df8_sp.tab
A2M@901	0	1000	0.0		/home/miguel/IBE-UPF/TFM/Master_projects/PhyloPhere/Data/6.CAAS_traitfiles/Ranked/df8_sp.tab
A2M@903	0	1000	0.0		/home/miguel/IBE-UPF/TFM/Master_projects/PhyloPhere/Data/6.CAAS_traitfiles/Ranked/df8_sp.tab
A2M@910	0	1000	0.0		/home/miguel/IBE-UPF/TFM/Master_projects/PhyloPhere/Data/6.CAAS_traitfiles/Ranked/df8_sp.tab
A2M@912	0	1000	0.0		/home/miguel/IBE-UPF/TFM/Master_projects/PhyloPhere/Data/6.CAAS_traitfiles/Ranked/df8_sp.tab
A2M@913	0	1000	0.0		/home/miguel/IBE-UPF/TFM/Master_projects/PhyloPhere/Data/6.CAAS_traitfiles/Ranked/df8_sp.tab
A2M@921	10	1000	0.01	b_583,b_99,b_546,b_774,b_988,b_309,b_658,b_63,b_167,b_60	/home/miguel/IBE-UPF/TFM/Master_projects/PhyloPhere/Data/6.CAAS_traitfiles/Ranked/df8_sp.tab
A2M@923	0	1000	0.0		/home/miguel/IBE-UPF/TFM/Master_projects/PhyloPhere/Data/6.CAAS_traitfiles/Ranked/df8_sp.tab
A2M@937	0	1000	0.0		/home/miguel/IBE-UPF/TFM/Master_projects/PhyloPhere/Data/6.CAAS_traitfiles/Ranked/df8_sp.tab
A2M@942	0	1000	0.0		/home/miguel/IBE-UPF/TFM/Master_projects/PhyloPhere/Data/6.CAAS_traitfiles/Ranked/df8_sp.tab
A2M@944	0	1000	0.0		/home/miguel/IBE-UPF/TFM/Master_projects/PhyloPhere/Data/6.CAAS_traitfiles/Ranked/df8_sp.tab
A2M@947	0	1000	0.0		/home/miguel/IBE-UPF/TFM/Master_projects/PhyloPhere/Data/6.CAAS_traitfiles/Ranked/df8_sp.tab
A2M@949	0	1000	0.0		/home/miguel/IBE-UPF/TFM/Master_projects/PhyloPhere/Data/6.CAAS_traitfiles/Ranked/df8_sp.tab
A2M@951	10	1000	0.01	b_583,b_813,b_316,b_997,b_629,b_462,b_172,b_473,b_451,b_77	/home/miguel/IBE-UPF/TFM/Master_projects/PhyloPhere/Data/6.CAAS_traitfiles/Ranked/df8_sp.tab
A2M@956	0	1000	0.0		/home/miguel/IBE-UPF/TFM/Master_projects/PhyloPhere/Data/6.CAAS_traitfiles/Ranked/df8_sp.tab
A2M@957	0	1000	0.0		/home/miguel/IBE-UPF/TFM/Master_projects/PhyloPhere/Data/6.CAAS_traitfiles/Ranked/df8_sp.tab
A2M@958	1	1000	0.001	b_344	/home/miguel/IBE-UPF/TFM/Master_projects/PhyloPhere/Data/6.CAAS_traitfiles/Ranked/df8_sp.tab
A2M@959	0	1000	0.0		/home/miguel/IBE-UPF/TFM/Master_projects/PhyloPhere/Data/6.CAAS_traitfiles/Ranked/df8_sp.tab
A2M@960	5	1000	0.005	b_583,b_546,b_473,b_309,b_63	/home/miguel/IBE-UPF/TFM/Master_projects/PhyloPhere/Data/6.CAAS_traitfiles/Ranked/df8_sp.tab
A2M@963	0	1000	0.0		/home/miguel/IBE-UPF/TFM/Master_projects/PhyloPhere/Data/6.CAAS_traitfiles/Ranked/df8_sp.tab
A2M@964	0	1000	0.0		/home/miguel/IBE-UPF/TFM/Master_projects/PhyloPhere/Data/6.CAAS_traitfiles/Ranked/df8_sp.tab
A2M@965	0	1000	0.0		/home/miguel/IBE-UPF/TFM/Master_projects/PhyloPhere/Data/6.CAAS_traitfiles/Ranked/df8_sp.tab
A2M@966	0	1000	0.0		/home/miguel/IBE-UPF/TFM/Master_projects/PhyloPhere/Data/6.CAAS_traitfiles/Ranked/df8_sp.tab
A2M@968	0	1000	0.0		/home/miguel/IBE-UPF/TFM/Master_projects/PhyloPhere/Data/6.CAAS_traitfiles/Ranked/df8_sp.tab
A2M@980	51	1000	0.051	b_136,b_86,b_583,b_813,b_667,b_254,b_99,b_319,b_316,b_997,b_651,b_546,b_706,b_629,b_774,b_462,b_382,b_172,b_723,b_822,b_416,b_308,b_432,b_447,b_185,b_988,b_473,b_649,b_780,b_258,b_451,b_492,b_77,b_658,b_744,b_76,b_426,b_371,b_215,b_334,b_882,b_177,b_814,b_142,b_42,b_349,b_63,b_61,b_669,b_60,b_704	/home/miguel/IBE-UPF/TFM/Master_projects/PhyloPhere/Data/6.CAAS_traitfiles/Ranked/df8_sp.tab
A2M@990	3	1000	0.003	b_425,b_371,b_349	/home/miguel/IBE-UPF/TFM/Master_projects/PhyloPhere/Data/6.CAAS_traitfiles/Ranked/df8_sp.tab
A2M@991	3	1000	0.003	b_254,b_334,b_752	/home/miguel/IBE-UPF/TFM/Master_projects/PhyloPhere/Data/6.CAAS_traitfiles/Ranked/df8_sp.tab
A2M@992	0	1000	0.0		/home/miguel/IBE-UPF/TFM/Master_projects/PhyloPhere/Data/6.CAAS_traitfiles/Ranked/df8_sp.tab
A2M@994	0	1000	0.0		/home/miguel/IBE-UPF/TFM/Master_projects/PhyloPhere/Data/6.CAAS_traitfiles/Ranked/df8_sp.tab
A2M@995	0	1000	0.0		/home/miguel/IBE-UPF/TFM/Master_projects/PhyloPhere/Data/6.CAAS_traitfiles/Ranked/df8_sp.tab
A2M@1007	0	1000	0.0		/home/miguel/IBE-UPF/TFM/Master_projects/PhyloPhere/Data/6.CAAS_traitfiles/Ranked/df8_sp.tab
A2M@1010	0	1000	0.0		/home/miguel/IBE-UPF/TFM/Master_projects/PhyloPhere/Data/6.CAAS_traitfiles/Ranked/df8_sp.tab
A2M@1012	0	1000	0.0		/home/miguel/IBE-UPF/TFM/Master_projects/PhyloPhere/Data/6.CAAS_traitfiles/Ranked/df8_sp.tab
A2M@1013	0	1000	0.0		/home/miguel/IBE-UPF/TFM/Master_projects/PhyloPhere/Data/6.CAAS_traitfiles/Ranked/df8_sp.tab
A2M@1014	0	1000	0.0		/home/miguel/IBE-UPF/TFM/Master_projects/PhyloPhere/Data/6.CAAS_traitfiles/Ranked/df8_sp.tab
A2M@1018	0	1000	0.0		/home/miguel/IBE-UPF/TFM/Master_projects/PhyloPhere/Data/6.CAAS_traitfiles/Ranked/df8_sp.tab
A2M@1022	0	1000	0.0		/home/miguel/IBE-UPF/TFM/Master_projects/PhyloPhere/Data/6.CAAS_traitfiles/Ranked/df8_sp.tab
A2M@1023	28	1000	0.028	b_136,b_583,b_813,b_667,b_316,b_997,b_651,b_706,b_629,b_462,b_382,b_172,b_822,b_308,b_447,b_185,b_473,b_780,b_451,b_492,b_77,b_744,b_76,b_142,b_42,b_63,b_61,b_669	/home/miguel/IBE-UPF/TFM/Master_projects/PhyloPhere/Data/6.CAAS_traitfiles/Ranked/df8_sp.tab
A2M@1026	28	1000	0.028	b_136,b_583,b_813,b_667,b_316,b_997,b_651,b_706,b_629,b_462,b_382,b_172,b_822,b_308,b_447,b_185,b_473,b_780,b_451,b_492,b_77,b_744,b_76,b_142,b_42,b_63,b_61,b_669	/home/miguel/IBE-UPF/TFM/Master_projects/PhyloPhere/Data/6.CAAS_traitfiles/Ranked/df8_sp.tab
A2M@1027	30	1000	0.03	b_136,b_86,b_583,b_813,b_254,b_99,b_319,b_546,b_774,b_723,b_416,b_308,b_432,b_988,b_473,b_649,b_258,b_77,b_658,b_426,b_371,b_215,b_334,b_882,b_177,b_814,b_349,b_63,b_60,b_704	/home/miguel/IBE-UPF/TFM/Master_projects/PhyloPhere/Data/6.CAAS_traitfiles/Ranked/df8_sp.tab
A2M@1030	0	1000	0.0		/home/miguel/IBE-UPF/TFM/Master_projects/PhyloPhere/Data/6.CAAS_traitfiles/Ranked/df8_sp.tab
A2M@1031	0	1000	0.0		/home/miguel/IBE-UPF/TFM/Master_projects/PhyloPhere/Data/6.CAAS_traitfiles/Ranked/df8_sp.tab
A2M@1032	0	1000	0.0		/home/miguel/IBE-UPF/TFM/Master_projects/PhyloPhere/Data/6.CAAS_traitfiles/Ranked/df8_sp.tab
A2M@1035	0	1000	0.0		/home/miguel/IBE-UPF/TFM/Master_projects/PhyloPhere/Data/6.CAAS_traitfiles/Ranked/df8_sp.tab
A2M@1036	6	1000	0.006	b_136,b_997,b_77,b_744,b_63,b_669	/home/miguel/IBE-UPF/TFM/Master_projects/PhyloPhere/Data/6.CAAS_traitfiles/Ranked/df8_sp.tab
A2M@1046	0	1000	0.0		/home/miguel/IBE-UPF/TFM/Master_projects/PhyloPhere/Data/6.CAAS_traitfiles/Ranked/df8_sp.tab
A2M@1050	0	1000	0.0		/home/miguel/IBE-UPF/TFM/Master_projects/PhyloPhere/Data/6.CAAS_traitfiles/Ranked/df8_sp.tab
A2M@1064	11	1000	0.011	b_136,b_997,b_524,b_717,b_172,b_451,b_461,b_77,b_744,b_63,b_669	/home/miguel/IBE-UPF/TFM/Master_projects/PhyloPhere/Data/6.CAAS_traitfiles/Ranked/df8_sp.tab
A2M@1071	0	1000	0.0		/home/miguel/IBE-UPF/TFM/Master_projects/PhyloPhere/Data/6.CAAS_traitfiles/Ranked/df8_sp.tab
A2M@1073	28	1000	0.028	b_136,b_583,b_813,b_667,b_316,b_997,b_651,b_706,b_629,b_462,b_382,b_172,b_822,b_308,b_447,b_185,b_473,b_780,b_451,b_492,b_77,b_744,b_76,b_142,b_42,b_63,b_61,b_669	/home/miguel/IBE-UPF/TFM/Master_projects/PhyloPhere/Data/6.CAAS_traitfiles/Ranked/df8_sp.tab
A2M@1074	0	1000	0.0		/home/miguel/IBE-UPF/TFM/Master_projects/PhyloPhere/Data/6.CAAS_traitfiles/Ranked/df8_sp.tab
A2M@1076	28	1000	0.028	b_136,b_583,b_813,b_667,b_316,b_997,b_651,b_706,b_629,b_462,b_382,b_172,b_822,b_308,b_447,b_185,b_473,b_780,b_451,b_492,b_77,b_744,b_76,b_142,b_42,b_63,b_61,b_669	/home/miguel/IBE-UPF/TFM/Master_projects/PhyloPhere/Data/6.CAAS_traitfiles/Ranked/df8_sp.tab
A2M@1077	6	1000	0.006	b_136,b_997,b_77,b_744,b_63,b_669	/home/miguel/IBE-UPF/TFM/Master_projects/PhyloPhere/Data/6.CAAS_traitfiles/Ranked/df8_sp.tab
A2M@1078	28	1000	0.028	b_136,b_583,b_813,b_667,b_316,b_997,b_651,b_706,b_629,b_462,b_382,b_172,b_822,b_308,b_447,b_185,b_473,b_780,b_451,b_492,b_77,b_744,b_76,b_142,b_42,b_63,b_61,b_669	/home/miguel/IBE-UPF/TFM/Master_projects/PhyloPhere/Data/6.CAAS_traitfiles/Ranked/df8_sp.tab
A2M@1089	0	1000	0.0		/home/miguel/IBE-UPF/TFM/Master_projects/PhyloPhere/Data/6.CAAS_traitfiles/Ranked/df8_sp.tab
A2M@1093	22	1000	0.022	b_937,b_136,b_46,b_997,b_774,b_205,b_416,b_988,b_657,b_649,b_793,b_457,b_77,b_744,b_215,b_882,b_177,b_349,b_63,b_143,b_669,b_60	/home/miguel/IBE-UPF/TFM/Master_projects/PhyloPhere/Data/6.CAAS_traitfiles/Ranked/df8_sp.tab
A2M@1094	16	1000	0.016	b_583,b_254,b_99,b_319,b_546,b_774,b_432,b_988,b_473,b_309,b_658,b_426,b_63,b_167,b_60,b_704	/home/miguel/IBE-UPF/TFM/Master_projects/PhyloPhere/Data/6.CAAS_traitfiles/Ranked/df8_sp.tab
A2M@1095	0	1000	0.0		/home/miguel/IBE-UPF/TFM/Master_projects/PhyloPhere/Data/6.CAAS_traitfiles/Ranked/df8_sp.tab
A2M@1096	0	1000	0.0		/home/miguel/IBE-UPF/TFM/Master_projects/PhyloPhere/Data/6.CAAS_traitfiles/Ranked/df8_sp.tab
A2M@1098	0	1000	0.0		/home/miguel/IBE-UPF/TFM/Master_projects/PhyloPhere/Data/6.CAAS_traitfiles/Ranked/df8_sp.tab
A2M@1099	22	1000	0.022	b_136,b_515,b_499,b_583,b_813,b_936,b_254,b_546,b_308,b_473,b_392,b_258,b_49,b_77,b_76,b_426,b_525,b_215,b_882,b_142,b_42,b_63	/home/miguel/IBE-UPF/TFM/Master_projects/PhyloPhere/Data/6.CAAS_traitfiles/Ranked/df8_sp.tab
A2M@1101	0	1000	0.0		/home/miguel/IBE-UPF/TFM/Master_projects/PhyloPhere/Data/6.CAAS_traitfiles/Ranked/df8_sp.tab
A2M@1103	0	1000	0.0		/home/miguel/IBE-UPF/TFM/Master_projects/PhyloPhere/Data/6.CAAS_traitfiles/Ranked/df8_sp.tab
A2M@1118	0	1000	0.0		/home/miguel/IBE-UPF/TFM/Master_projects/PhyloPhere/Data/6.CAAS_traitfiles/Ranked/df8_sp.tab
A2M@1120	12	1000	0.012	b_903,b_99,b_524,b_590,b_26,b_432,b_473,b_623,b_430,b_309,b_218,b_63	/home/miguel/IBE-UPF/TFM/Master_projects/PhyloPhere/Data/6.CAAS_traitfiles/Ranked/df8_sp.tab
A2M@1122	4	1000	0.004	b_308,b_411,b_473,b_142	/home/miguel/IBE-UPF/TFM/Master_projects/PhyloPhere/Data/6.CAAS_traitfiles/Ranked/df8_sp.tab
A2M@1123	0	1000	0.0		/home/miguel/IBE-UPF/TFM/Master_projects/PhyloPhere/Data/6.CAAS_traitfiles/Ranked/df8_sp.tab
A2M@1127	5	1000	0.005	b_774,b_344,b_309,b_167,b_60	/home/miguel/IBE-UPF/TFM/Master_projects/PhyloPhere/Data/6.CAAS_traitfiles/Ranked/df8_sp.tab
A2M@1130	0	1000	0.0		/home/miguel/IBE-UPF/TFM/Master_projects/PhyloPhere/Data/6.CAAS_traitfiles/Ranked/df8_sp.tab
A2M@1131	0	1000	0.0		/home/miguel/IBE-UPF/TFM/Master_projects/PhyloPhere/Data/6.CAAS_traitfiles/Ranked/df8_sp.tab
A2M@1133	0	1000	0.0		/home/miguel/IBE-UPF/TFM/Master_projects/PhyloPhere/Data/6.CAAS_traitfiles/Ranked/df8_sp.tab
A2M@1138	0	1000	0.0		/home/miguel/IBE-UPF/TFM/Master_projects/PhyloPhere/Data/6.CAAS_traitfiles/Ranked/df8_sp.tab
A2M@1146	0	1000	0.0		/home/miguel/IBE-UPF/TFM/Master_projects/PhyloPhere/Data/6.CAAS_traitfiles/Ranked/df8_sp.tab
A2M@1147	0	1000	0.0		/home/miguel/IBE-UPF/TFM/Master_projects/PhyloPhere/Data/6.CAAS_traitfiles/Ranked/df8_sp.tab
A2M@1149	0	1000	0.0		/home/miguel/IBE-UPF/TFM/Master_projects/PhyloPhere/Data/6.CAAS_traitfiles/Ranked/df8_sp.tab
A2M@1150	0	1000	0.0		/home/miguel/IBE-UPF/TFM/Master_projects/PhyloPhere/Data/6.CAAS_traitfiles/Ranked/df8_sp.tab
A2M@1151	0	1000	0.0		/home/miguel/IBE-UPF/TFM/Master_projects/PhyloPhere/Data/6.CAAS_traitfiles/Ranked/df8_sp.tab
A2M@1153	0	1000	0.0		/home/miguel/IBE-UPF/TFM/Master_projects/PhyloPhere/Data/6.CAAS_traitfiles/Ranked/df8_sp.tab
A2M@1154	0	1000	0.0		/home/miguel/IBE-UPF/TFM/Master_projects/PhyloPhere/Data/6.CAAS_traitfiles/Ranked/df8_sp.tab
A2M@1156	0	1000	0.0		/home/miguel/IBE-UPF/TFM/Master_projects/PhyloPhere/Data/6.CAAS_traitfiles/Ranked/df8_sp.tab
A2M@1157	21	1000	0.021	b_633,b_515,b_499,b_583,b_813,b_254,b_943,b_308,b_473,b_392,b_258,b_49,b_77,b_76,b_426,b_250,b_215,b_882,b_955,b_796,b_63	/home/miguel/IBE-UPF/TFM/Master_projects/PhyloPhere/Data/6.CAAS_traitfiles/Ranked/df8_sp.tab
A2M@1158	0	1000	0.0		/home/miguel/IBE-UPF/TFM/Master_projects/PhyloPhere/Data/6.CAAS_traitfiles/Ranked/df8_sp.tab
A2M@1175	7	1000	0.007	b_302,b_583,b_997,b_524,b_172,b_77,b_681	/home/miguel/IBE-UPF/TFM/Master_projects/PhyloPhere/Data/6.CAAS_traitfiles/Ranked/df8_sp.tab
A2M@1181	0	1000	0.0		/home/miguel/IBE-UPF/TFM/Master_projects/PhyloPhere/Data/6.CAAS_traitfiles/Ranked/df8_sp.tab
A2M@1183	32	1000	0.032	b_136,b_730,b_583,b_813,b_667,b_151,b_316,b_997,b_651,b_706,b_629,b_655,b_462,b_382,b_172,b_822,b_308,b_447,b_185,b_473,b_780,b_451,b_492,b_49,b_77,b_744,b_76,b_142,b_42,b_63,b_61,b_669	/home/miguel/IBE-UPF/TFM/Master_projects/PhyloPhere/Data/6.CAAS_traitfiles/Ranked/df8_sp.tab
A2M@1184	0	1000	0.0		/home/miguel/IBE-UPF/TFM/Master_projects/PhyloPhere/Data/6.CAAS_traitfiles/Ranked/df8_sp.tab
A2M@1186	0	1000	0.0		/home/miguel/IBE-UPF/TFM/Master_projects/PhyloPhere/Data/6.CAAS_traitfiles/Ranked/df8_sp.tab
A2M@1188	0	1000	0.0		/home/miguel/IBE-UPF/TFM/Master_projects/PhyloPhere/Data/6.CAAS_traitfiles/Ranked/df8_sp.tab
A2M@1189	26	1000	0.026	b_248,b_136,b_583,b_813,b_667,b_316,b_997,b_651,b_629,b_462,b_822,b_279,b_447,b_185,b_780,b_451,b_492,b_77,b_35,b_744,b_325,b_855,b_942,b_142,b_42,b_453	/home/miguel/IBE-UPF/TFM/Master_projects/PhyloPhere/Data/6.CAAS_traitfiles/Ranked/df8_sp.tab
A2M@1191	0	1000	0.0		/home/miguel/IBE-UPF/TFM/Master_projects/PhyloPhere/Data/6.CAAS_traitfiles/Ranked/df8_sp.tab
A2M@1192	3	1000	0.003	b_651,b_822,b_554	/home/miguel/IBE-UPF/TFM/Master_projects/PhyloPhere/Data/6.CAAS_traitfiles/Ranked/df8_sp.tab
A2M@1193	0	1000	0.0		/home/miguel/IBE-UPF/TFM/Master_projects/PhyloPhere/Data/6.CAAS_traitfiles/Ranked/df8_sp.tab
A2M@1195	0	1000	0.0		/home/miguel/IBE-UPF/TFM/Master_projects/PhyloPhere/Data/6.CAAS_traitfiles/Ranked/df8_sp.tab
A2M@1197	0	1000	0.0		/home/miguel/IBE-UPF/TFM/Master_projects/PhyloPhere/Data/6.CAAS_traitfiles/Ranked/df8_sp.tab
A2M@1203	0	1000	0.0		/home/miguel/IBE-UPF/TFM/Master_projects/PhyloPhere/Data/6.CAAS_traitfiles/Ranked/df8_sp.tab
A2M@1204	0	1000	0.0		/home/miguel/IBE-UPF/TFM/Master_projects/PhyloPhere/Data/6.CAAS_traitfiles/Ranked/df8_sp.tab
A2M@1230	17	1000	0.017	b_583,b_997,b_651,b_462,b_382,b_172,b_822,b_447,b_473,b_451,b_492,b_368,b_76,b_142,b_42,b_63,b_669	/home/miguel/IBE-UPF/TFM/Master_projects/PhyloPhere/Data/6.CAAS_traitfiles/Ranked/df8_sp.tab
A2M@1233	0	1000	0.0		/home/miguel/IBE-UPF/TFM/Master_projects/PhyloPhere/Data/6.CAAS_traitfiles/Ranked/df8_sp.tab
A2M@1235	0	1000	0.0		/home/miguel/IBE-UPF/TFM/Master_projects/PhyloPhere/Data/6.CAAS_traitfiles/Ranked/df8_sp.tab
A2M@1236	0	1000	0.0		/home/miguel/IBE-UPF/TFM/Master_projects/PhyloPhere/Data/6.CAAS_traitfiles/Ranked/df8_sp.tab
A2M@1239	9	1000	0.009	b_136,b_75,b_524,b_416,b_590,b_793,b_77,b_901,b_63	/home/miguel/IBE-UPF/TFM/Master_projects/PhyloPhere/Data/6.CAAS_traitfiles/Ranked/df8_sp.tab
A2M@1244	0	1000	0.0		/home/miguel/IBE-UPF/TFM/Master_projects/PhyloPhere/Data/6.CAAS_traitfiles/Ranked/df8_sp.tab
A2M@1247	40	1000	0.04	b_136,b_583,b_813,b_789,b_667,b_99,b_557,b_316,b_997,b_651,b_546,b_706,b_629,b_774,b_462,b_382,b_172,b_822,b_308,b_432,b_447,b_185,b_988,b_473,b_780,b_451,b_492,b_77,b_309,b_658,b_744,b_76,b_142,b_42,b_63,b_61,b_167,b_669,b_60,b_704	/home/miguel/IBE-UPF/TFM/Master_projects/PhyloPhere/Data/6.CAAS_traitfiles/Ranked/df8_sp.tab
A2M@1248	10	1000	0.01	b_248,b_136,b_583,b_279,b_185,b_77,b_250,b_855,b_942,b_142	/home/miguel/IBE-UPF/TFM/Master_projects/PhyloPhere/Data/6.CAAS_traitfiles/Ranked/df8_sp.tab
A2M@1253	0	1000	0.0		/home/miguel/IBE-UPF/TFM/Master_projects/PhyloPhere/Data/6.CAAS_traitfiles/Ranked/df8_sp.tab
A2M@1254	10	1000	0.01	b_583,b_495,b_99,b_557,b_303,b_774,b_988,b_473,b_658,b_63	/home/miguel/IBE-UPF/TFM/Master_projects/PhyloPhere/Data/6.CAAS_traitfiles/Ranked/df8_sp.tab
A2M@1261	0	1000	0.0		/home/miguel/IBE-UPF/TFM/Master_projects/PhyloPhere/Data/6.CAAS_traitfiles/Ranked/df8_sp.tab
A2M@1262	0	1000	0.0		/home/miguel/IBE-UPF/TFM/Master_projects/PhyloPhere/Data/6.CAAS_traitfiles/Ranked/df8_sp.tab
A2M@1265	0	1000	0.0		/home/miguel/IBE-UPF/TFM/Master_projects/PhyloPhere/Data/6.CAAS_traitfiles/Ranked/df8_sp.tab
A2M@1266	28	1000	0.028	b_136,b_583,b_813,b_667,b_316,b_997,b_651,b_706,b_629,b_462,b_382,b_172,b_822,b_308,b_447,b_185,b_473,b_780,b_451,b_492,b_77,b_744,b_76,b_142,b_42,b_63,b_61,b_669	/home/miguel/IBE-UPF/TFM/Master_projects/PhyloPhere/Data/6.CAAS_traitfiles/Ranked/df8_sp.tab
A2M@1272	0	1000	0.0		/home/miguel/IBE-UPF/TFM/Master_projects/PhyloPhere/Data/6.CAAS_traitfiles/Ranked/df8_sp.tab
A2M@1273	19	1000	0.019	b_937,b_136,b_46,b_774,b_205,b_416,b_988,b_657,b_649,b_793,b_457,b_77,b_215,b_882,b_177,b_349,b_63,b_143,b_60	/home/miguel/IBE-UPF/TFM/Master_projects/PhyloPhere/Data/6.CAAS_traitfiles/Ranked/df8_sp.tab
A2M@1274	0	1000	0.0		/home/miguel/IBE-UPF/TFM/Master_projects/PhyloPhere/Data/6.CAAS_traitfiles/Ranked/df8_sp.tab
A2M@1285	0	1000	0.0		/home/miguel/IBE-UPF/TFM/Master_projects/PhyloPhere/Data/6.CAAS_traitfiles/Ranked/df8_sp.tab
A2M@1286	0	1000	0.0		/home/miguel/IBE-UPF/TFM/Master_projects/PhyloPhere/Data/6.CAAS_traitfiles/Ranked/df8_sp.tab
A2M@1289	0	1000	0.0		/home/miguel/IBE-UPF/TFM/Master_projects/PhyloPhere/Data/6.CAAS_traitfiles/Ranked/df8_sp.tab
A2M@1290	28	1000	0.028	b_136,b_583,b_813,b_667,b_316,b_997,b_651,b_706,b_629,b_462,b_382,b_172,b_822,b_308,b_447,b_185,b_473,b_780,b_451,b_492,b_77,b_744,b_76,b_142,b_42,b_63,b_61,b_669	/home/miguel/IBE-UPF/TFM/Master_projects/PhyloPhere/Data/6.CAAS_traitfiles/Ranked/df8_sp.tab
A2M@1291	0	1000	0.0		/home/miguel/IBE-UPF/TFM/Master_projects/PhyloPhere/Data/6.CAAS_traitfiles/Ranked/df8_sp.tab
A2M@1292	3	1000	0.003	b_522,b_649,b_901	/home/miguel/IBE-UPF/TFM/Master_projects/PhyloPhere/Data/6.CAAS_traitfiles/Ranked/df8_sp.tab
A2M@1294	0	1000	0.0		/home/miguel/IBE-UPF/TFM/Master_projects/PhyloPhere/Data/6.CAAS_traitfiles/Ranked/df8_sp.tab
A2M@1297	0	1000	0.0		/home/miguel/IBE-UPF/TFM/Master_projects/PhyloPhere/Data/6.CAAS_traitfiles/Ranked/df8_sp.tab
A2M@1303	30	1000	0.03	b_136,b_86,b_583,b_813,b_254,b_99,b_319,b_546,b_774,b_723,b_416,b_308,b_432,b_988,b_473,b_649,b_258,b_77,b_658,b_426,b_371,b_215,b_334,b_882,b_177,b_814,b_349,b_63,b_60,b_704	/home/miguel/IBE-UPF/TFM/Master_projects/PhyloPhere/Data/6.CAAS_traitfiles/Ranked/df8_sp.tab
A2M@1305	28	1000	0.028	b_136,b_583,b_813,b_667,b_316,b_997,b_651,b_706,b_629,b_462,b_382,b_172,b_822,b_308,b_447,b_185,b_473,b_780,b_451,b_492,b_77,b_744,b_76,b_142,b_42,b_63,b_61,b_669	/home/miguel/IBE-UPF/TFM/Master_projects/PhyloPhere/Data/6.CAAS_traitfiles/Ranked/df8_sp.tab
A2M@1309	15	1000	0.015	b_583,b_789,b_99,b_557,b_546,b_774,b_432,b_988,b_473,b_309,b_658,b_63,b_167,b_60,b_704	/home/miguel/IBE-UPF/TFM/Master_projects/PhyloPhere/Data/6.CAAS_traitfiles/Ranked/df8_sp.tab
A2M@1312	0	1000	0.0		/home/miguel/IBE-UPF/TFM/Master_projects/PhyloPhere/Data/6.CAAS_traitfiles/Ranked/df8_sp.tab
A2M@1313	0	1000	0.0		/home/miguel/IBE-UPF/TFM/Master_projects/PhyloPhere/Data/6.CAAS_traitfiles/Ranked/df8_sp.tab
A2M@1317	6	1000	0.006	b_136,b_997,b_77,b_744,b_63,b_669	/home/miguel/IBE-UPF/TFM/Master_projects/PhyloPhere/Data/6.CAAS_traitfiles/Ranked/df8_sp.tab
A2M@1321	28	1000	0.028	b_136,b_583,b_813,b_667,b_316,b_997,b_651,b_706,b_629,b_462,b_382,b_172,b_822,b_308,b_447,b_185,b_473,b_780,b_451,b_492,b_77,b_744,b_76,b_142,b_42,b_63,b_61,b_669	/home/miguel/IBE-UPF/TFM/Master_projects/PhyloPhere/Data/6.CAAS_traitfiles/Ranked/df8_sp.tab
A2M@1323	0	1000	0.0		/home/miguel/IBE-UPF/TFM/Master_projects/PhyloPhere/Data/6.CAAS_traitfiles/Ranked/df8_sp.tab
A2M@1325	10	1000	0.01	b_813,b_997,b_608,b_491,b_492,b_49,b_77,b_96,b_61,b_669	/home/miguel/IBE-UPF/TFM/Master_projects/PhyloPhere/Data/6.CAAS_traitfiles/Ranked/df8_sp.tab
A2M@1329	0	1000	0.0		/home/miguel/IBE-UPF/TFM/Master_projects/PhyloPhere/Data/6.CAAS_traitfiles/Ranked/df8_sp.tab
A2M@1333	0	1000	0.0		/home/miguel/IBE-UPF/TFM/Master_projects/PhyloPhere/Data/6.CAAS_traitfiles/Ranked/df8_sp.tab
A2M@1340	33	1000	0.033	b_136,b_86,b_583,b_813,b_254,b_99,b_319,b_522,b_546,b_774,b_750,b_723,b_416,b_308,b_432,b_988,b_473,b_649,b_258,b_77,b_861,b_658,b_426,b_371,b_215,b_334,b_882,b_177,b_814,b_349,b_63,b_60,b_704	/home/miguel/IBE-UPF/TFM/Master_projects/PhyloPhere/Data/6.CAAS_traitfiles/Ranked/df8_sp.tab
A2M@1345	31	1000	0.031	b_136,b_583,b_813,b_667,b_316,b_997,b_651,b_524,b_706,b_629,b_717,b_462,b_382,b_172,b_822,b_608,b_308,b_447,b_185,b_473,b_780,b_451,b_492,b_77,b_744,b_76,b_142,b_42,b_63,b_61,b_669	/home/miguel/IBE-UPF/TFM/Master_projects/PhyloPhere/Data/6.CAAS_traitfiles/Ranked/df8_sp.tab
A2M@1349	0	1000	0.0		/home/miguel/IBE-UPF/TFM/Master_projects/PhyloPhere/Data/6.CAAS_traitfiles/Ranked/df8_sp.tab
A2M@1357	0	1000	0.0		/home/miguel/IBE-UPF/TFM/Master_projects/PhyloPhere/Data/6.CAAS_traitfiles/Ranked/df8_sp.tab
A2M@1360	0	1000	0.0		/home/miguel/IBE-UPF/TFM/Master_projects/PhyloPhere/Data/6.CAAS_traitfiles/Ranked/df8_sp.tab
A2M@1370	0	1000	0.0		/home/miguel/IBE-UPF/TFM/Master_projects/PhyloPhere/Data/6.CAAS_traitfiles/Ranked/df8_sp.tab
A2M@1372	0	1000	0.0		/home/miguel/IBE-UPF/TFM/Master_projects/PhyloPhere/Data/6.CAAS_traitfiles/Ranked/df8_sp.tab
A2M@1380	0	1000	0.0		/home/miguel/IBE-UPF/TFM/Master_projects/PhyloPhere/Data/6.CAAS_traitfiles/Ranked/df8_sp.tab
A2M@1388	0	1000	0.0		/home/miguel/IBE-UPF/TFM/Master_projects/PhyloPhere/Data/6.CAAS_traitfiles/Ranked/df8_sp.tab
A2M@1389	15	1000	0.015	b_136,b_86,b_583,b_813,b_254,b_99,b_416,b_308,b_432,b_473,b_77,b_334,b_814,b_63,b_704	/home/miguel/IBE-UPF/TFM/Master_projects/PhyloPhere/Data/6.CAAS_traitfiles/Ranked/df8_sp.tab
A2M@1391	0	1000	0.0		/home/miguel/IBE-UPF/TFM/Master_projects/PhyloPhere/Data/6.CAAS_traitfiles/Ranked/df8_sp.tab
A2M@1396	0	1000	0.0		/home/miguel/IBE-UPF/TFM/Master_projects/PhyloPhere/Data/6.CAAS_traitfiles/Ranked/df8_sp.tab
A2M@1405	0	1000	0.0		/home/miguel/IBE-UPF/TFM/Master_projects/PhyloPhere/Data/6.CAAS_traitfiles/Ranked/df8_sp.tab
A2M@1415	0	1000	0.0		/home/miguel/IBE-UPF/TFM/Master_projects/PhyloPhere/Data/6.CAAS_traitfiles/Ranked/df8_sp.tab
A2M@1419	0	1000	0.0		/home/miguel/IBE-UPF/TFM/Master_projects/PhyloPhere/Data/6.CAAS_traitfiles/Ranked/df8_sp.tab
A2M@1423	0	1000	0.0		/home/miguel/IBE-UPF/TFM/Master_projects/PhyloPhere/Data/6.CAAS_traitfiles/Ranked/df8_sp.tab
A2M@1427	0	1000	0.0		/home/miguel/IBE-UPF/TFM/Master_projects/PhyloPhere/Data/6.CAAS_traitfiles/Ranked/df8_sp.tab
A2M@1430	0	1000	0.0		/home/miguel/IBE-UPF/TFM/Master_projects/PhyloPhere/Data/6.CAAS_traitfiles/Ranked/df8_sp.tab
