A4GNT@1	61	1000	0.061	b_484,b_658,b_715,b_882,b_774,b_428,b_416,b_546,b_988,b_841,b_606,b_866,b_254,b_177,b_548,b_652,b_63,b_215,b_931,b_183,b_319,b_258,b_99,b_60,b_191,b_558,b_683,b_763,b_89,b_371,b_817,b_432,b_77,b_349,b_374,b_119,b_320,b_907,b_423,b_398,b_813,b_473,b_734,b_814,b_200,b_194,b_334,b_704,b_625,b_458,b_86,b_910,b_282,b_728,b_136,b_649,b_800,b_583,b_308,b_723,b_426	/home/miguel/IBE-UPF/TFM/Master_projects/PhyloPhere/Data/6.CAAS_traitfiles/Ranked/df8_sp.tab
A4GNT@6	0	1000	0.0		/home/miguel/IBE-UPF/TFM/Master_projects/PhyloPhere/Data/6.CAAS_traitfiles/Ranked/df8_sp.tab
A4GNT@11	22	1000	0.022	b_499,b_749,b_177,b_548,b_931,b_183,b_435,b_188,b_940,b_371,b_77,b_349,b_425,b_363,b_609,b_813,b_194,b_590,b_458,b_391,b_358,b_800	/home/miguel/IBE-UPF/TFM/Master_projects/PhyloPhere/Data/6.CAAS_traitfiles/Ranked/df8_sp.tab
A4GNT@14	13	1000	0.013	b_546,b_63,b_372,b_573,b_309,b_89,b_423,b_995,b_473,b_832,b_282,b_557,b_583	/home/miguel/IBE-UPF/TFM/Master_projects/PhyloPhere/Data/6.CAAS_traitfiles/Ranked/df8_sp.tab
A4GNT@15	0	1000	0.0		/home/miguel/IBE-UPF/TFM/Master_projects/PhyloPhere/Data/6.CAAS_traitfiles/Ranked/df8_sp.tab
A4GNT@19	0	1000	0.0		/home/miguel/IBE-UPF/TFM/Master_projects/PhyloPhere/Data/6.CAAS_traitfiles/Ranked/df8_sp.tab
A4GNT@21	0	1000	0.0		/home/miguel/IBE-UPF/TFM/Master_projects/PhyloPhere/Data/6.CAAS_traitfiles/Ranked/df8_sp.tab
A4GNT@22	0	1000	0.0		/home/miguel/IBE-UPF/TFM/Master_projects/PhyloPhere/Data/6.CAAS_traitfiles/Ranked/df8_sp.tab
A4GNT@23	0	1000	0.0		/home/miguel/IBE-UPF/TFM/Master_projects/PhyloPhere/Data/6.CAAS_traitfiles/Ranked/df8_sp.tab
A4GNT@27	0	1000	0.0		/home/miguel/IBE-UPF/TFM/Master_projects/PhyloPhere/Data/6.CAAS_traitfiles/Ranked/df8_sp.tab
A4GNT@28	0	1000	0.0		/home/miguel/IBE-UPF/TFM/Master_projects/PhyloPhere/Data/6.CAAS_traitfiles/Ranked/df8_sp.tab
A4GNT@32	71	1000	0.071	b_499,b_225,b_654,b_744,b_865,b_943,b_134,b_577,b_822,b_509,b_317,b_853,b_289,b_301,b_63,b_692,b_629,b_462,b_65,b_172,b_451,b_492,b_297,b_825,b_667,b_633,b_76,b_227,b_444,b_78,b_669,b_176,b_845,b_685,b_382,b_102,b_538,b_185,b_526,b_77,b_42,b_250,b_19,b_997,b_425,b_848,b_939,b_61,b_396,b_813,b_473,b_873,b_272,b_232,b_780,b_392,b_142,b_257,b_955,b_742,b_447,b_463,b_136,b_831,b_796,b_583,b_308,b_488,b_706,b_651,b_316	/home/miguel/IBE-UPF/TFM/Master_projects/PhyloPhere/Data/6.CAAS_traitfiles/Ranked/df8_sp.tab
A4GNT@33	0	1000	0.0		/home/miguel/IBE-UPF/TFM/Master_projects/PhyloPhere/Data/6.CAAS_traitfiles/Ranked/df8_sp.tab
A4GNT@34	36	1000	0.036	b_671,b_335,b_225,b_654,b_39,b_266,b_858,b_697,b_853,b_291,b_487,b_170,b_283,b_191,b_528,b_632,b_85,b_650,b_369,b_933,b_164,b_148,b_182,b_8,b_209,b_470,b_625,b_255,b_180,b_842,b_204,b_514,b_666,b_506,b_73,b_216	/home/miguel/IBE-UPF/TFM/Master_projects/PhyloPhere/Data/6.CAAS_traitfiles/Ranked/df8_sp.tab
A4GNT@37	0	1000	0.0		/home/miguel/IBE-UPF/TFM/Master_projects/PhyloPhere/Data/6.CAAS_traitfiles/Ranked/df8_sp.tab
A4GNT@38	0	1000	0.0		/home/miguel/IBE-UPF/TFM/Master_projects/PhyloPhere/Data/6.CAAS_traitfiles/Ranked/df8_sp.tab
A4GNT@39	0	1000	0.0		/home/miguel/IBE-UPF/TFM/Master_projects/PhyloPhere/Data/6.CAAS_traitfiles/Ranked/df8_sp.tab
A4GNT@41	58	1000	0.058	b_225,b_654,b_744,b_865,b_134,b_577,b_822,b_509,b_853,b_289,b_63,b_692,b_629,b_462,b_65,b_172,b_451,b_492,b_297,b_825,b_667,b_76,b_78,b_669,b_176,b_845,b_685,b_382,b_102,b_538,b_185,b_526,b_77,b_42,b_997,b_848,b_939,b_61,b_396,b_668,b_813,b_473,b_873,b_232,b_780,b_142,b_257,b_321,b_742,b_447,b_136,b_831,b_583,b_308,b_488,b_706,b_651,b_316	/home/miguel/IBE-UPF/TFM/Master_projects/PhyloPhere/Data/6.CAAS_traitfiles/Ranked/df8_sp.tab
A4GNT@42	0	1000	0.0		/home/miguel/IBE-UPF/TFM/Master_projects/PhyloPhere/Data/6.CAAS_traitfiles/Ranked/df8_sp.tab
A4GNT@43	0	1000	0.0		/home/miguel/IBE-UPF/TFM/Master_projects/PhyloPhere/Data/6.CAAS_traitfiles/Ranked/df8_sp.tab
A4GNT@44	0	1000	0.0		/home/miguel/IBE-UPF/TFM/Master_projects/PhyloPhere/Data/6.CAAS_traitfiles/Ranked/df8_sp.tab
A4GNT@46	0	1000	0.0		/home/miguel/IBE-UPF/TFM/Master_projects/PhyloPhere/Data/6.CAAS_traitfiles/Ranked/df8_sp.tab
A4GNT@48	45	1000	0.045	b_671,b_335,b_225,b_654,b_39,b_34,b_266,b_882,b_428,b_858,b_697,b_853,b_291,b_487,b_170,b_457,b_183,b_283,b_60,b_191,b_763,b_974,b_89,b_528,b_632,b_85,b_650,b_369,b_933,b_164,b_148,b_182,b_8,b_209,b_470,b_625,b_255,b_180,b_842,b_204,b_514,b_666,b_506,b_73,b_216	/home/miguel/IBE-UPF/TFM/Master_projects/PhyloPhere/Data/6.CAAS_traitfiles/Ranked/df8_sp.tab
A4GNT@49	0	1000	0.0		/home/miguel/IBE-UPF/TFM/Master_projects/PhyloPhere/Data/6.CAAS_traitfiles/Ranked/df8_sp.tab
A4GNT@50	36	1000	0.036	b_671,b_335,b_225,b_654,b_39,b_266,b_858,b_697,b_853,b_291,b_487,b_170,b_283,b_191,b_528,b_632,b_85,b_650,b_369,b_933,b_164,b_148,b_182,b_8,b_209,b_470,b_625,b_255,b_180,b_842,b_204,b_514,b_666,b_506,b_73,b_216	/home/miguel/IBE-UPF/TFM/Master_projects/PhyloPhere/Data/6.CAAS_traitfiles/Ranked/df8_sp.tab
A4GNT@60	0	1000	0.0		/home/miguel/IBE-UPF/TFM/Master_projects/PhyloPhere/Data/6.CAAS_traitfiles/Ranked/df8_sp.tab
A4GNT@63	27	1000	0.027	b_658,b_774,b_546,b_988,b_841,b_606,b_954,b_652,b_63,b_99,b_60,b_309,b_694,b_89,b_167,b_432,b_320,b_423,b_995,b_473,b_832,b_704,b_789,b_282,b_728,b_557,b_583	/home/miguel/IBE-UPF/TFM/Master_projects/PhyloPhere/Data/6.CAAS_traitfiles/Ranked/df8_sp.tab
A4GNT@64	36	1000	0.036	b_671,b_335,b_225,b_654,b_39,b_266,b_858,b_697,b_853,b_291,b_487,b_170,b_283,b_191,b_528,b_632,b_85,b_650,b_369,b_933,b_164,b_148,b_182,b_8,b_209,b_470,b_625,b_255,b_180,b_842,b_204,b_514,b_666,b_506,b_73,b_216	/home/miguel/IBE-UPF/TFM/Master_projects/PhyloPhere/Data/6.CAAS_traitfiles/Ranked/df8_sp.tab
A4GNT@65	0	1000	0.0		/home/miguel/IBE-UPF/TFM/Master_projects/PhyloPhere/Data/6.CAAS_traitfiles/Ranked/df8_sp.tab
A4GNT@69	0	1000	0.0		/home/miguel/IBE-UPF/TFM/Master_projects/PhyloPhere/Data/6.CAAS_traitfiles/Ranked/df8_sp.tab
A4GNT@75	0	1000	0.0		/home/miguel/IBE-UPF/TFM/Master_projects/PhyloPhere/Data/6.CAAS_traitfiles/Ranked/df8_sp.tab
A4GNT@79	36	1000	0.036	b_671,b_335,b_225,b_654,b_39,b_266,b_858,b_697,b_853,b_291,b_487,b_170,b_283,b_191,b_528,b_632,b_85,b_650,b_369,b_933,b_164,b_148,b_182,b_8,b_209,b_470,b_625,b_255,b_180,b_842,b_204,b_514,b_666,b_506,b_73,b_216	/home/miguel/IBE-UPF/TFM/Master_projects/PhyloPhere/Data/6.CAAS_traitfiles/Ranked/df8_sp.tab
A4GNT@80	0	1000	0.0		/home/miguel/IBE-UPF/TFM/Master_projects/PhyloPhere/Data/6.CAAS_traitfiles/Ranked/df8_sp.tab
A4GNT@81	0	1000	0.0		/home/miguel/IBE-UPF/TFM/Master_projects/PhyloPhere/Data/6.CAAS_traitfiles/Ranked/df8_sp.tab
A4GNT@83	25	1000	0.025	b_744,b_134,b_79,b_289,b_63,b_629,b_462,b_721,b_297,b_825,b_667,b_669,b_845,b_538,b_185,b_77,b_997,b_939,b_61,b_396,b_142,b_257,b_136,b_583,b_488	/home/miguel/IBE-UPF/TFM/Master_projects/PhyloPhere/Data/6.CAAS_traitfiles/Ranked/df8_sp.tab
A4GNT@90	36	1000	0.036	b_671,b_335,b_225,b_654,b_39,b_266,b_858,b_697,b_853,b_291,b_487,b_170,b_283,b_191,b_528,b_632,b_85,b_650,b_369,b_933,b_164,b_148,b_182,b_8,b_209,b_470,b_625,b_255,b_180,b_842,b_204,b_514,b_666,b_506,b_73,b_216	/home/miguel/IBE-UPF/TFM/Master_projects/PhyloPhere/Data/6.CAAS_traitfiles/Ranked/df8_sp.tab
A4GNT@91	36	1000	0.036	b_671,b_335,b_225,b_654,b_39,b_266,b_858,b_697,b_853,b_291,b_487,b_170,b_283,b_191,b_528,b_632,b_85,b_650,b_369,b_933,b_164,b_148,b_182,b_8,b_209,b_470,b_625,b_255,b_180,b_842,b_204,b_514,b_666,b_506,b_73,b_216	/home/miguel/IBE-UPF/TFM/Master_projects/PhyloPhere/Data/6.CAAS_traitfiles/Ranked/df8_sp.tab
A4GNT@93	0	1000	0.0		/home/miguel/IBE-UPF/TFM/Master_projects/PhyloPhere/Data/6.CAAS_traitfiles/Ranked/df8_sp.tab
A4GNT@94	29	1000	0.029	b_671,b_225,b_858,b_889,b_697,b_853,b_291,b_487,b_170,b_632,b_85,b_650,b_369,b_933,b_605,b_148,b_182,b_209,b_255,b_603,b_180,b_842,b_204,b_514,b_666,b_506,b_73,b_216,b_651	/home/miguel/IBE-UPF/TFM/Master_projects/PhyloPhere/Data/6.CAAS_traitfiles/Ranked/df8_sp.tab
A4GNT@95	45	1000	0.045	b_671,b_335,b_225,b_654,b_39,b_34,b_266,b_882,b_428,b_858,b_697,b_853,b_291,b_487,b_170,b_457,b_183,b_283,b_60,b_191,b_763,b_974,b_89,b_528,b_632,b_85,b_650,b_369,b_933,b_164,b_148,b_182,b_8,b_209,b_470,b_625,b_255,b_180,b_842,b_204,b_514,b_666,b_506,b_73,b_216	/home/miguel/IBE-UPF/TFM/Master_projects/PhyloPhere/Data/6.CAAS_traitfiles/Ranked/df8_sp.tab
A4GNT@97	0	1000	0.0		/home/miguel/IBE-UPF/TFM/Master_projects/PhyloPhere/Data/6.CAAS_traitfiles/Ranked/df8_sp.tab
A4GNT@100	0	1000	0.0		/home/miguel/IBE-UPF/TFM/Master_projects/PhyloPhere/Data/6.CAAS_traitfiles/Ranked/df8_sp.tab
A4GNT@101	0	1000	0.0		/home/miguel/IBE-UPF/TFM/Master_projects/PhyloPhere/Data/6.CAAS_traitfiles/Ranked/df8_sp.tab
A4GNT@104	0	1000	0.0		/home/miguel/IBE-UPF/TFM/Master_projects/PhyloPhere/Data/6.CAAS_traitfiles/Ranked/df8_sp.tab
A4GNT@106	61	1000	0.061	b_484,b_658,b_715,b_882,b_774,b_428,b_416,b_546,b_988,b_841,b_606,b_866,b_254,b_177,b_548,b_652,b_63,b_215,b_931,b_183,b_319,b_258,b_99,b_60,b_191,b_558,b_683,b_763,b_89,b_371,b_817,b_432,b_77,b_349,b_374,b_119,b_320,b_907,b_423,b_398,b_813,b_473,b_734,b_814,b_200,b_194,b_334,b_704,b_625,b_458,b_86,b_910,b_282,b_728,b_136,b_649,b_800,b_583,b_308,b_723,b_426	/home/miguel/IBE-UPF/TFM/Master_projects/PhyloPhere/Data/6.CAAS_traitfiles/Ranked/df8_sp.tab
A4GNT@109	56	1000	0.056	b_225,b_654,b_744,b_865,b_134,b_577,b_822,b_509,b_853,b_289,b_63,b_692,b_629,b_462,b_65,b_172,b_451,b_492,b_297,b_825,b_667,b_76,b_78,b_669,b_176,b_845,b_685,b_382,b_102,b_538,b_185,b_526,b_77,b_42,b_997,b_848,b_939,b_61,b_396,b_813,b_473,b_873,b_232,b_780,b_142,b_257,b_742,b_447,b_136,b_831,b_583,b_308,b_488,b_706,b_651,b_316	/home/miguel/IBE-UPF/TFM/Master_projects/PhyloPhere/Data/6.CAAS_traitfiles/Ranked/df8_sp.tab
A4GNT@113	0	1000	0.0		/home/miguel/IBE-UPF/TFM/Master_projects/PhyloPhere/Data/6.CAAS_traitfiles/Ranked/df8_sp.tab
A4GNT@122	0	1000	0.0		/home/miguel/IBE-UPF/TFM/Master_projects/PhyloPhere/Data/6.CAAS_traitfiles/Ranked/df8_sp.tab
A4GNT@130	0	1000	0.0		/home/miguel/IBE-UPF/TFM/Master_projects/PhyloPhere/Data/6.CAAS_traitfiles/Ranked/df8_sp.tab
A4GNT@131	0	1000	0.0		/home/miguel/IBE-UPF/TFM/Master_projects/PhyloPhere/Data/6.CAAS_traitfiles/Ranked/df8_sp.tab
A4GNT@134	69	1000	0.069	b_484,b_658,b_49,b_715,b_882,b_774,b_428,b_416,b_546,b_988,b_841,b_606,b_866,b_393,b_254,b_177,b_548,b_652,b_63,b_215,b_931,b_183,b_372,b_319,b_290,b_258,b_99,b_60,b_191,b_558,b_683,b_763,b_89,b_371,b_960,b_817,b_432,b_525,b_77,b_349,b_374,b_119,b_320,b_515,b_907,b_423,b_398,b_813,b_473,b_734,b_814,b_200,b_194,b_334,b_704,b_625,b_458,b_86,b_910,b_282,b_728,b_136,b_649,b_936,b_800,b_583,b_308,b_723,b_426	/home/miguel/IBE-UPF/TFM/Master_projects/PhyloPhere/Data/6.CAAS_traitfiles/Ranked/df8_sp.tab
A4GNT@135	0	1000	0.0		/home/miguel/IBE-UPF/TFM/Master_projects/PhyloPhere/Data/6.CAAS_traitfiles/Ranked/df8_sp.tab
A4GNT@138	32	1000	0.032	b_225,b_654,b_744,b_853,b_291,b_162,b_770,b_170,b_438,b_28,b_138,b_632,b_650,b_40,b_380,b_95,b_933,b_834,b_148,b_144,b_847,b_8,b_209,b_217,b_529,b_255,b_180,b_805,b_963,b_514,b_666,b_506	/home/miguel/IBE-UPF/TFM/Master_projects/PhyloPhere/Data/6.CAAS_traitfiles/Ranked/df8_sp.tab
A4GNT@140	29	1000	0.029	b_658,b_774,b_546,b_988,b_841,b_606,b_954,b_652,b_63,b_99,b_60,b_309,b_694,b_89,b_167,b_432,b_816,b_320,b_423,b_995,b_473,b_832,b_704,b_789,b_455,b_282,b_728,b_557,b_583	/home/miguel/IBE-UPF/TFM/Master_projects/PhyloPhere/Data/6.CAAS_traitfiles/Ranked/df8_sp.tab
A4GNT@143	0	1000	0.0		/home/miguel/IBE-UPF/TFM/Master_projects/PhyloPhere/Data/6.CAAS_traitfiles/Ranked/df8_sp.tab
A4GNT@147	6	1000	0.006	b_671,b_66,b_175,b_255,b_180,b_905	/home/miguel/IBE-UPF/TFM/Master_projects/PhyloPhere/Data/6.CAAS_traitfiles/Ranked/df8_sp.tab
A4GNT@152	0	1000	0.0		/home/miguel/IBE-UPF/TFM/Master_projects/PhyloPhere/Data/6.CAAS_traitfiles/Ranked/df8_sp.tab
A4GNT@156	0	1000	0.0		/home/miguel/IBE-UPF/TFM/Master_projects/PhyloPhere/Data/6.CAAS_traitfiles/Ranked/df8_sp.tab
A4GNT@163	0	1000	0.0		/home/miguel/IBE-UPF/TFM/Master_projects/PhyloPhere/Data/6.CAAS_traitfiles/Ranked/df8_sp.tab
A4GNT@173	0	1000	0.0		/home/miguel/IBE-UPF/TFM/Master_projects/PhyloPhere/Data/6.CAAS_traitfiles/Ranked/df8_sp.tab
A4GNT@185	82	1000	0.082	b_225,b_654,b_744,b_865,b_658,b_277,b_134,b_546,b_577,b_822,b_509,b_853,b_606,b_66,b_175,b_291,b_289,b_63,b_692,b_438,b_629,b_587,b_462,b_65,b_172,b_451,b_492,b_602,b_297,b_556,b_825,b_667,b_246,b_138,b_76,b_78,b_669,b_176,b_845,b_632,b_685,b_432,b_382,b_650,b_102,b_40,b_538,b_185,b_526,b_77,b_42,b_997,b_320,b_848,b_939,b_792,b_61,b_423,b_396,b_813,b_473,b_873,b_232,b_529,b_780,b_142,b_257,b_180,b_905,b_805,b_742,b_447,b_136,b_514,b_666,b_831,b_583,b_308,b_488,b_706,b_651,b_316	/home/miguel/IBE-UPF/TFM/Master_projects/PhyloPhere/Data/6.CAAS_traitfiles/Ranked/df8_sp.tab
A4GNT@187	61	1000	0.061	b_484,b_658,b_715,b_882,b_774,b_428,b_416,b_546,b_988,b_841,b_606,b_866,b_254,b_177,b_548,b_652,b_63,b_215,b_931,b_183,b_319,b_258,b_99,b_60,b_191,b_558,b_683,b_763,b_89,b_371,b_817,b_432,b_77,b_349,b_374,b_119,b_320,b_907,b_423,b_398,b_813,b_473,b_734,b_814,b_200,b_194,b_334,b_704,b_625,b_458,b_86,b_910,b_282,b_728,b_136,b_649,b_800,b_583,b_308,b_723,b_426	/home/miguel/IBE-UPF/TFM/Master_projects/PhyloPhere/Data/6.CAAS_traitfiles/Ranked/df8_sp.tab
A4GNT@188	0	1000	0.0		/home/miguel/IBE-UPF/TFM/Master_projects/PhyloPhere/Data/6.CAAS_traitfiles/Ranked/df8_sp.tab
A4GNT@199	43	1000	0.043	b_790,b_658,b_774,b_546,b_988,b_841,b_606,b_954,b_403,b_652,b_63,b_26,b_462,b_173,b_99,b_60,b_686,b_309,b_694,b_89,b_410,b_167,b_656,b_828,b_432,b_739,b_320,b_669,b_478,b_423,b_609,b_995,b_473,b_540,b_832,b_704,b_789,b_142,b_282,b_728,b_557,b_447,b_583	/home/miguel/IBE-UPF/TFM/Master_projects/PhyloPhere/Data/6.CAAS_traitfiles/Ranked/df8_sp.tab
A4GNT@205	3	1000	0.003	b_745,b_912,b_609	/home/miguel/IBE-UPF/TFM/Master_projects/PhyloPhere/Data/6.CAAS_traitfiles/Ranked/df8_sp.tab
A4GNT@211	36	1000	0.036	b_671,b_335,b_225,b_654,b_39,b_266,b_858,b_697,b_853,b_291,b_487,b_170,b_283,b_191,b_528,b_632,b_85,b_650,b_369,b_933,b_164,b_148,b_182,b_8,b_209,b_470,b_625,b_255,b_180,b_842,b_204,b_514,b_666,b_506,b_73,b_216	/home/miguel/IBE-UPF/TFM/Master_projects/PhyloPhere/Data/6.CAAS_traitfiles/Ranked/df8_sp.tab
A4GNT@213	56	1000	0.056	b_225,b_654,b_744,b_865,b_134,b_577,b_822,b_509,b_853,b_289,b_63,b_692,b_629,b_462,b_65,b_172,b_451,b_492,b_297,b_825,b_667,b_76,b_78,b_669,b_176,b_845,b_685,b_382,b_102,b_538,b_185,b_526,b_77,b_42,b_997,b_848,b_939,b_61,b_396,b_813,b_473,b_873,b_232,b_780,b_142,b_257,b_742,b_447,b_136,b_831,b_583,b_308,b_488,b_706,b_651,b_316	/home/miguel/IBE-UPF/TFM/Master_projects/PhyloPhere/Data/6.CAAS_traitfiles/Ranked/df8_sp.tab
A4GNT@216	0	1000	0.0		/home/miguel/IBE-UPF/TFM/Master_projects/PhyloPhere/Data/6.CAAS_traitfiles/Ranked/df8_sp.tab
A4GNT@217	0	1000	0.0		/home/miguel/IBE-UPF/TFM/Master_projects/PhyloPhere/Data/6.CAAS_traitfiles/Ranked/df8_sp.tab
A4GNT@221	0	1000	0.0		/home/miguel/IBE-UPF/TFM/Master_projects/PhyloPhere/Data/6.CAAS_traitfiles/Ranked/df8_sp.tab
A4GNT@225	25	1000	0.025	b_999,b_744,b_546,b_841,b_66,b_175,b_291,b_162,b_770,b_246,b_192,b_167,b_53,b_380,b_834,b_197,b_38,b_995,b_8,b_217,b_855,b_257,b_905,b_311,b_725	/home/miguel/IBE-UPF/TFM/Master_projects/PhyloPhere/Data/6.CAAS_traitfiles/Ranked/df8_sp.tab
A4GNT@230	0	1000	0.0		/home/miguel/IBE-UPF/TFM/Master_projects/PhyloPhere/Data/6.CAAS_traitfiles/Ranked/df8_sp.tab
A4GNT@236	0	1000	0.0		/home/miguel/IBE-UPF/TFM/Master_projects/PhyloPhere/Data/6.CAAS_traitfiles/Ranked/df8_sp.tab
A4GNT@238	36	1000	0.036	b_671,b_335,b_225,b_654,b_39,b_266,b_858,b_697,b_853,b_291,b_487,b_170,b_283,b_191,b_528,b_632,b_85,b_650,b_369,b_933,b_164,b_148,b_182,b_8,b_209,b_470,b_625,b_255,b_180,b_842,b_204,b_514,b_666,b_506,b_73,b_216	/home/miguel/IBE-UPF/TFM/Master_projects/PhyloPhere/Data/6.CAAS_traitfiles/Ranked/df8_sp.tab
A4GNT@241	0	1000	0.0		/home/miguel/IBE-UPF/TFM/Master_projects/PhyloPhere/Data/6.CAAS_traitfiles/Ranked/df8_sp.tab
A4GNT@243	0	1000	0.0		/home/miguel/IBE-UPF/TFM/Master_projects/PhyloPhere/Data/6.CAAS_traitfiles/Ranked/df8_sp.tab
A4GNT@244	0	1000	0.0		/home/miguel/IBE-UPF/TFM/Master_projects/PhyloPhere/Data/6.CAAS_traitfiles/Ranked/df8_sp.tab
A4GNT@249	0	1000	0.0		/home/miguel/IBE-UPF/TFM/Master_projects/PhyloPhere/Data/6.CAAS_traitfiles/Ranked/df8_sp.tab
A4GNT@251	68	1000	0.068	b_654,b_484,b_658,b_715,b_882,b_774,b_428,b_416,b_546,b_988,b_841,b_606,b_866,b_254,b_177,b_548,b_652,b_63,b_692,b_215,b_931,b_183,b_319,b_258,b_99,b_60,b_191,b_558,b_683,b_763,b_89,b_371,b_176,b_817,b_432,b_77,b_349,b_374,b_119,b_320,b_907,b_423,b_398,b_813,b_473,b_734,b_814,b_200,b_873,b_194,b_334,b_704,b_625,b_458,b_142,b_86,b_910,b_282,b_728,b_136,b_831,b_649,b_800,b_583,b_308,b_723,b_706,b_426	/home/miguel/IBE-UPF/TFM/Master_projects/PhyloPhere/Data/6.CAAS_traitfiles/Ranked/df8_sp.tab
A4GNT@265	0	1000	0.0		/home/miguel/IBE-UPF/TFM/Master_projects/PhyloPhere/Data/6.CAAS_traitfiles/Ranked/df8_sp.tab
A4GNT@268	0	1000	0.0		/home/miguel/IBE-UPF/TFM/Master_projects/PhyloPhere/Data/6.CAAS_traitfiles/Ranked/df8_sp.tab
A4GNT@272	0	1000	0.0		/home/miguel/IBE-UPF/TFM/Master_projects/PhyloPhere/Data/6.CAAS_traitfiles/Ranked/df8_sp.tab
A4GNT@276	0	1000	0.0		/home/miguel/IBE-UPF/TFM/Master_projects/PhyloPhere/Data/6.CAAS_traitfiles/Ranked/df8_sp.tab
A4GNT@277	0	1000	0.0		/home/miguel/IBE-UPF/TFM/Master_projects/PhyloPhere/Data/6.CAAS_traitfiles/Ranked/df8_sp.tab
A4GNT@279	0	1000	0.0		/home/miguel/IBE-UPF/TFM/Master_projects/PhyloPhere/Data/6.CAAS_traitfiles/Ranked/df8_sp.tab
A4GNT@281	0	1000	0.0		/home/miguel/IBE-UPF/TFM/Master_projects/PhyloPhere/Data/6.CAAS_traitfiles/Ranked/df8_sp.tab
A4GNT@282	0	1000	0.0		/home/miguel/IBE-UPF/TFM/Master_projects/PhyloPhere/Data/6.CAAS_traitfiles/Ranked/df8_sp.tab
A4GNT@291	0	1000	0.0		/home/miguel/IBE-UPF/TFM/Master_projects/PhyloPhere/Data/6.CAAS_traitfiles/Ranked/df8_sp.tab
A4GNT@294	0	1000	0.0		/home/miguel/IBE-UPF/TFM/Master_projects/PhyloPhere/Data/6.CAAS_traitfiles/Ranked/df8_sp.tab
A4GNT@296	0	1000	0.0		/home/miguel/IBE-UPF/TFM/Master_projects/PhyloPhere/Data/6.CAAS_traitfiles/Ranked/df8_sp.tab
A4GNT@298	0	1000	0.0		/home/miguel/IBE-UPF/TFM/Master_projects/PhyloPhere/Data/6.CAAS_traitfiles/Ranked/df8_sp.tab
A4GNT@300	0	1000	0.0		/home/miguel/IBE-UPF/TFM/Master_projects/PhyloPhere/Data/6.CAAS_traitfiles/Ranked/df8_sp.tab
A4GNT@301	56	1000	0.056	b_225,b_654,b_744,b_865,b_134,b_577,b_822,b_509,b_853,b_289,b_63,b_692,b_629,b_462,b_65,b_172,b_451,b_492,b_297,b_825,b_667,b_76,b_78,b_669,b_176,b_845,b_685,b_382,b_102,b_538,b_185,b_526,b_77,b_42,b_997,b_848,b_939,b_61,b_396,b_813,b_473,b_873,b_232,b_780,b_142,b_257,b_742,b_447,b_136,b_831,b_583,b_308,b_488,b_706,b_651,b_316	/home/miguel/IBE-UPF/TFM/Master_projects/PhyloPhere/Data/6.CAAS_traitfiles/Ranked/df8_sp.tab
A4GNT@307	0	1000	0.0		/home/miguel/IBE-UPF/TFM/Master_projects/PhyloPhere/Data/6.CAAS_traitfiles/Ranked/df8_sp.tab
A4GNT@312	25	1000	0.025	b_744,b_134,b_79,b_289,b_63,b_629,b_462,b_721,b_297,b_825,b_667,b_669,b_845,b_538,b_185,b_77,b_997,b_939,b_61,b_396,b_142,b_257,b_136,b_583,b_488	/home/miguel/IBE-UPF/TFM/Master_projects/PhyloPhere/Data/6.CAAS_traitfiles/Ranked/df8_sp.tab
A4GNT@317	43	1000	0.043	b_225,b_654,b_744,b_277,b_6,b_853,b_66,b_175,b_291,b_162,b_770,b_170,b_438,b_602,b_556,b_28,b_246,b_138,b_632,b_600,b_650,b_40,b_53,b_380,b_834,b_792,b_148,b_144,b_847,b_8,b_209,b_217,b_529,b_255,b_855,b_257,b_180,b_905,b_344,b_805,b_514,b_725,b_666	/home/miguel/IBE-UPF/TFM/Master_projects/PhyloPhere/Data/6.CAAS_traitfiles/Ranked/df8_sp.tab
A4GNT@320	7	1000	0.007	b_134,b_289,b_63,b_77,b_12,b_75,b_136	/home/miguel/IBE-UPF/TFM/Master_projects/PhyloPhere/Data/6.CAAS_traitfiles/Ranked/df8_sp.tab
A4GNT@321	0	1000	0.0		/home/miguel/IBE-UPF/TFM/Master_projects/PhyloPhere/Data/6.CAAS_traitfiles/Ranked/df8_sp.tab
A4GNT@323	0	1000	0.0		/home/miguel/IBE-UPF/TFM/Master_projects/PhyloPhere/Data/6.CAAS_traitfiles/Ranked/df8_sp.tab
A4GNT@324	0	1000	0.0		/home/miguel/IBE-UPF/TFM/Master_projects/PhyloPhere/Data/6.CAAS_traitfiles/Ranked/df8_sp.tab
A4GNT@326	0	1000	0.0		/home/miguel/IBE-UPF/TFM/Master_projects/PhyloPhere/Data/6.CAAS_traitfiles/Ranked/df8_sp.tab
A4GNT@327	0	1000	0.0		/home/miguel/IBE-UPF/TFM/Master_projects/PhyloPhere/Data/6.CAAS_traitfiles/Ranked/df8_sp.tab
A4GNT@328	36	1000	0.036	b_671,b_335,b_225,b_654,b_39,b_266,b_858,b_697,b_853,b_291,b_487,b_170,b_283,b_191,b_528,b_632,b_650,b_85,b_369,b_933,b_164,b_148,b_182,b_8,b_209,b_470,b_625,b_255,b_180,b_842,b_204,b_514,b_666,b_506,b_73,b_216	/home/miguel/IBE-UPF/TFM/Master_projects/PhyloPhere/Data/6.CAAS_traitfiles/Ranked/df8_sp.tab
A4GNT@329	27	1000	0.027	b_499,b_943,b_317,b_301,b_63,b_633,b_76,b_227,b_444,b_685,b_538,b_526,b_77,b_250,b_19,b_425,b_813,b_473,b_272,b_392,b_142,b_955,b_463,b_136,b_796,b_583,b_308	/home/miguel/IBE-UPF/TFM/Master_projects/PhyloPhere/Data/6.CAAS_traitfiles/Ranked/df8_sp.tab
A4GNT@332	0	1000	0.0		/home/miguel/IBE-UPF/TFM/Master_projects/PhyloPhere/Data/6.CAAS_traitfiles/Ranked/df8_sp.tab
A4GNT@333	0	1000	0.0		/home/miguel/IBE-UPF/TFM/Master_projects/PhyloPhere/Data/6.CAAS_traitfiles/Ranked/df8_sp.tab
A4GNT@335	64	1000	0.064	b_96,b_225,b_654,b_744,b_865,b_134,b_577,b_822,b_509,b_853,b_289,b_63,b_692,b_629,b_681,b_462,b_65,b_172,b_451,b_492,b_297,b_825,b_667,b_76,b_302,b_78,b_669,b_176,b_845,b_247,b_685,b_382,b_102,b_538,b_185,b_526,b_77,b_42,b_997,b_848,b_939,b_61,b_396,b_240,b_813,b_473,b_873,b_232,b_780,b_142,b_257,b_364,b_742,b_447,b_136,b_831,b_936,b_950,b_583,b_308,b_488,b_706,b_651,b_316	/home/miguel/IBE-UPF/TFM/Master_projects/PhyloPhere/Data/6.CAAS_traitfiles/Ranked/df8_sp.tab
A4GNT@336	13	1000	0.013	b_858,b_650,b_40,b_933,b_834,b_182,b_209,b_625,b_180,b_805,b_514,b_666,b_73	/home/miguel/IBE-UPF/TFM/Master_projects/PhyloPhere/Data/6.CAAS_traitfiles/Ranked/df8_sp.tab
A4GNT@338	38	1000	0.038	b_671,b_335,b_225,b_654,b_230,b_39,b_266,b_858,b_697,b_853,b_291,b_487,b_170,b_283,b_191,b_528,b_632,b_85,b_650,b_369,b_933,b_164,b_148,b_182,b_38,b_8,b_209,b_470,b_625,b_255,b_180,b_842,b_204,b_514,b_666,b_506,b_73,b_216	/home/miguel/IBE-UPF/TFM/Master_projects/PhyloPhere/Data/6.CAAS_traitfiles/Ranked/df8_sp.tab
A4GNT@339	0	1000	0.0		/home/miguel/IBE-UPF/TFM/Master_projects/PhyloPhere/Data/6.CAAS_traitfiles/Ranked/df8_sp.tab
