AAAS@4	0	1000	0.0		/home/miguel/IBE-UPF/TFM/Master_projects/PhyloPhere/Data/6.CAAS_traitfiles/Ranked/df8_sp.tab
AAAS@12	0	1000	0.0		/home/miguel/IBE-UPF/TFM/Master_projects/PhyloPhere/Data/6.CAAS_traitfiles/Ranked/df8_sp.tab
AAAS@28	27	1000	0.027	b_933,b_671,b_182,b_369,b_291,b_216,b_85,b_666,b_805,b_514,b_180,b_73,b_487,b_40,b_266,b_650,b_842,b_858,b_148,b_625,b_191,b_470,b_209,b_528,b_283,b_834,b_162	/home/miguel/IBE-UPF/TFM/Master_projects/PhyloPhere/Data/6.CAAS_traitfiles/Ranked/df8_sp.tab
AAAS@46	25	1000	0.025	b_997,b_136,b_538,b_629,b_61,b_289,b_825,b_667,b_185,b_744,b_257,b_939,b_77,b_79,b_396,b_583,b_63,b_297,b_142,b_462,b_721,b_488,b_669,b_845,b_134	/home/miguel/IBE-UPF/TFM/Master_projects/PhyloPhere/Data/6.CAAS_traitfiles/Ranked/df8_sp.tab
AAAS@50	0	1000	0.0		/home/miguel/IBE-UPF/TFM/Master_projects/PhyloPhere/Data/6.CAAS_traitfiles/Ranked/df8_sp.tab
AAAS@55	0	1000	0.0		/home/miguel/IBE-UPF/TFM/Master_projects/PhyloPhere/Data/6.CAAS_traitfiles/Ranked/df8_sp.tab
AAAS@57	0	1000	0.0		/home/miguel/IBE-UPF/TFM/Master_projects/PhyloPhere/Data/6.CAAS_traitfiles/Ranked/df8_sp.tab
AAAS@65	0	1000	0.0		/home/miguel/IBE-UPF/TFM/Master_projects/PhyloPhere/Data/6.CAAS_traitfiles/Ranked/df8_sp.tab
AAAS@81	0	1000	0.0		/home/miguel/IBE-UPF/TFM/Master_projects/PhyloPhere/Data/6.CAAS_traitfiles/Ranked/df8_sp.tab
AAAS@84	0	1000	0.0		/home/miguel/IBE-UPF/TFM/Master_projects/PhyloPhere/Data/6.CAAS_traitfiles/Ranked/df8_sp.tab
AAAS@86	25	1000	0.025	b_933,b_369,b_697,b_39,b_216,b_60,b_335,b_85,b_666,b_8,b_514,b_73,b_487,b_853,b_266,b_506,b_650,b_842,b_858,b_148,b_625,b_191,b_632,b_283,b_204	/home/miguel/IBE-UPF/TFM/Master_projects/PhyloPhere/Data/6.CAAS_traitfiles/Ranked/df8_sp.tab
AAAS@88	0	1000	0.0		/home/miguel/IBE-UPF/TFM/Master_projects/PhyloPhere/Data/6.CAAS_traitfiles/Ranked/df8_sp.tab
AAAS@111	36	1000	0.036	b_255,b_225,b_933,b_671,b_182,b_369,b_697,b_39,b_291,b_216,b_164,b_170,b_335,b_85,b_666,b_8,b_514,b_180,b_73,b_654,b_487,b_853,b_266,b_506,b_650,b_842,b_858,b_148,b_625,b_191,b_470,b_209,b_528,b_632,b_283,b_204	/home/miguel/IBE-UPF/TFM/Master_projects/PhyloPhere/Data/6.CAAS_traitfiles/Ranked/df8_sp.tab
AAAS@133	0	1000	0.0		/home/miguel/IBE-UPF/TFM/Master_projects/PhyloPhere/Data/6.CAAS_traitfiles/Ranked/df8_sp.tab
AAAS@154	0	1000	0.0		/home/miguel/IBE-UPF/TFM/Master_projects/PhyloPhere/Data/6.CAAS_traitfiles/Ranked/df8_sp.tab
AAAS@156	0	1000	0.0		/home/miguel/IBE-UPF/TFM/Master_projects/PhyloPhere/Data/6.CAAS_traitfiles/Ranked/df8_sp.tab
AAAS@173	36	1000	0.036	b_255,b_225,b_933,b_671,b_182,b_369,b_697,b_39,b_291,b_216,b_164,b_170,b_335,b_85,b_666,b_8,b_514,b_180,b_73,b_654,b_487,b_853,b_266,b_506,b_650,b_842,b_858,b_148,b_625,b_191,b_470,b_209,b_528,b_632,b_283,b_204	/home/miguel/IBE-UPF/TFM/Master_projects/PhyloPhere/Data/6.CAAS_traitfiles/Ranked/df8_sp.tab
AAAS@179	36	1000	0.036	b_255,b_225,b_933,b_671,b_182,b_369,b_697,b_39,b_291,b_216,b_164,b_170,b_335,b_85,b_666,b_8,b_514,b_180,b_73,b_654,b_487,b_853,b_266,b_506,b_650,b_842,b_858,b_148,b_625,b_191,b_470,b_209,b_528,b_632,b_283,b_204	/home/miguel/IBE-UPF/TFM/Master_projects/PhyloPhere/Data/6.CAAS_traitfiles/Ranked/df8_sp.tab
AAAS@228	0	1000	0.0		/home/miguel/IBE-UPF/TFM/Master_projects/PhyloPhere/Data/6.CAAS_traitfiles/Ranked/df8_sp.tab
AAAS@252	0	1000	0.0		/home/miguel/IBE-UPF/TFM/Master_projects/PhyloPhere/Data/6.CAAS_traitfiles/Ranked/df8_sp.tab
AAAS@253	0	1000	0.0		/home/miguel/IBE-UPF/TFM/Master_projects/PhyloPhere/Data/6.CAAS_traitfiles/Ranked/df8_sp.tab
AAAS@255	0	1000	0.0		/home/miguel/IBE-UPF/TFM/Master_projects/PhyloPhere/Data/6.CAAS_traitfiles/Ranked/df8_sp.tab
AAAS@291	61	1000	0.061	b_136,b_334,b_814,b_606,b_558,b_398,b_254,b_374,b_258,b_548,b_763,b_183,b_652,b_320,b_704,b_60,b_119,b_423,b_282,b_99,b_89,b_200,b_428,b_458,b_931,b_432,b_649,b_683,b_910,b_416,b_817,b_77,b_546,b_194,b_63,b_734,b_473,b_371,b_882,b_774,b_349,b_658,b_728,b_813,b_308,b_484,b_907,b_723,b_319,b_625,b_191,b_800,b_988,b_583,b_215,b_866,b_426,b_177,b_841,b_86,b_715	/home/miguel/IBE-UPF/TFM/Master_projects/PhyloPhere/Data/6.CAAS_traitfiles/Ranked/df8_sp.tab
AAAS@305	0	1000	0.0		/home/miguel/IBE-UPF/TFM/Master_projects/PhyloPhere/Data/6.CAAS_traitfiles/Ranked/df8_sp.tab
AAAS@326	0	1000	0.0		/home/miguel/IBE-UPF/TFM/Master_projects/PhyloPhere/Data/6.CAAS_traitfiles/Ranked/df8_sp.tab
AAAS@346	27	1000	0.027	b_606,b_309,b_652,b_557,b_320,b_704,b_60,b_423,b_282,b_99,b_89,b_432,b_546,b_694,b_63,b_473,b_774,b_995,b_658,b_728,b_954,b_988,b_167,b_832,b_583,b_841,b_789	/home/miguel/IBE-UPF/TFM/Master_projects/PhyloPhere/Data/6.CAAS_traitfiles/Ranked/df8_sp.tab
AAAS@353	32	1000	0.032	b_255,b_225,b_933,b_438,b_770,b_144,b_291,b_170,b_95,b_666,b_744,b_805,b_380,b_8,b_514,b_180,b_847,b_654,b_963,b_853,b_40,b_28,b_506,b_138,b_650,b_148,b_209,b_632,b_529,b_217,b_834,b_162	/home/miguel/IBE-UPF/TFM/Master_projects/PhyloPhere/Data/6.CAAS_traitfiles/Ranked/df8_sp.tab
AAAS@371	0	1000	0.0		/home/miguel/IBE-UPF/TFM/Master_projects/PhyloPhere/Data/6.CAAS_traitfiles/Ranked/df8_sp.tab
AAAS@375	0	1000	0.0		/home/miguel/IBE-UPF/TFM/Master_projects/PhyloPhere/Data/6.CAAS_traitfiles/Ranked/df8_sp.tab
AAAS@377	0	1000	0.0		/home/miguel/IBE-UPF/TFM/Master_projects/PhyloPhere/Data/6.CAAS_traitfiles/Ranked/df8_sp.tab
AAAS@378	0	1000	0.0		/home/miguel/IBE-UPF/TFM/Master_projects/PhyloPhere/Data/6.CAAS_traitfiles/Ranked/df8_sp.tab
AAAS@384	0	1000	0.0		/home/miguel/IBE-UPF/TFM/Master_projects/PhyloPhere/Data/6.CAAS_traitfiles/Ranked/df8_sp.tab
AAAS@408	0	1000	0.0		/home/miguel/IBE-UPF/TFM/Master_projects/PhyloPhere/Data/6.CAAS_traitfiles/Ranked/df8_sp.tab
AAAS@414	0	1000	0.0		/home/miguel/IBE-UPF/TFM/Master_projects/PhyloPhere/Data/6.CAAS_traitfiles/Ranked/df8_sp.tab
AAAS@417	44	1000	0.044	b_255,b_446,b_225,b_232,b_438,b_792,b_291,b_233,b_104,b_6,b_667,b_672,b_666,b_744,b_805,b_257,b_939,b_514,b_180,b_847,b_554,b_654,b_865,b_651,b_853,b_603,b_556,b_668,b_28,b_650,b_600,b_822,b_692,b_246,b_872,b_680,b_602,b_277,b_78,b_632,b_845,b_889,b_284,b_577	/home/miguel/IBE-UPF/TFM/Master_projects/PhyloPhere/Data/6.CAAS_traitfiles/Ranked/df8_sp.tab
AAAS@431	4	1000	0.004	b_654,b_453,b_209,b_588	/home/miguel/IBE-UPF/TFM/Master_projects/PhyloPhere/Data/6.CAAS_traitfiles/Ranked/df8_sp.tab
AAAS@437	10	1000	0.01	b_997,b_136,b_289,b_744,b_257,b_77,b_63,b_669,b_845,b_134	/home/miguel/IBE-UPF/TFM/Master_projects/PhyloPhere/Data/6.CAAS_traitfiles/Ranked/df8_sp.tab
AAAS@440	36	1000	0.036	b_255,b_225,b_933,b_671,b_182,b_369,b_697,b_39,b_291,b_216,b_164,b_170,b_335,b_85,b_666,b_8,b_514,b_180,b_73,b_654,b_487,b_853,b_266,b_506,b_650,b_842,b_858,b_148,b_625,b_191,b_470,b_209,b_528,b_632,b_283,b_204	/home/miguel/IBE-UPF/TFM/Master_projects/PhyloPhere/Data/6.CAAS_traitfiles/Ranked/df8_sp.tab
AAAS@442	0	1000	0.0		/home/miguel/IBE-UPF/TFM/Master_projects/PhyloPhere/Data/6.CAAS_traitfiles/Ranked/df8_sp.tab
AAAS@444	0	1000	0.0		/home/miguel/IBE-UPF/TFM/Master_projects/PhyloPhere/Data/6.CAAS_traitfiles/Ranked/df8_sp.tab
AAAS@450	0	1000	0.0		/home/miguel/IBE-UPF/TFM/Master_projects/PhyloPhere/Data/6.CAAS_traitfiles/Ranked/df8_sp.tab
AAAS@458	36	1000	0.036	b_255,b_225,b_933,b_671,b_182,b_369,b_697,b_39,b_291,b_216,b_164,b_170,b_335,b_85,b_666,b_8,b_514,b_180,b_73,b_654,b_487,b_853,b_266,b_506,b_650,b_842,b_858,b_148,b_625,b_191,b_470,b_209,b_528,b_632,b_283,b_204	/home/miguel/IBE-UPF/TFM/Master_projects/PhyloPhere/Data/6.CAAS_traitfiles/Ranked/df8_sp.tab
AAAS@465	0	1000	0.0		/home/miguel/IBE-UPF/TFM/Master_projects/PhyloPhere/Data/6.CAAS_traitfiles/Ranked/df8_sp.tab
AAAS@483	0	1000	0.0		/home/miguel/IBE-UPF/TFM/Master_projects/PhyloPhere/Data/6.CAAS_traitfiles/Ranked/df8_sp.tab
AAAS@485	0	1000	0.0		/home/miguel/IBE-UPF/TFM/Master_projects/PhyloPhere/Data/6.CAAS_traitfiles/Ranked/df8_sp.tab
AAAS@491	0	1000	0.0		/home/miguel/IBE-UPF/TFM/Master_projects/PhyloPhere/Data/6.CAAS_traitfiles/Ranked/df8_sp.tab
AAAS@495	36	1000	0.036	b_255,b_225,b_933,b_671,b_182,b_369,b_697,b_39,b_291,b_216,b_164,b_170,b_335,b_85,b_666,b_8,b_514,b_180,b_73,b_654,b_487,b_853,b_266,b_506,b_650,b_842,b_858,b_148,b_625,b_191,b_470,b_209,b_528,b_632,b_283,b_204	/home/miguel/IBE-UPF/TFM/Master_projects/PhyloPhere/Data/6.CAAS_traitfiles/Ranked/df8_sp.tab
AAAS@496	27	1000	0.027	b_606,b_309,b_652,b_557,b_320,b_704,b_60,b_423,b_282,b_99,b_89,b_432,b_546,b_694,b_583,b_63,b_473,b_774,b_995,b_658,b_728,b_954,b_988,b_167,b_832,b_841,b_789	/home/miguel/IBE-UPF/TFM/Master_projects/PhyloPhere/Data/6.CAAS_traitfiles/Ranked/df8_sp.tab
AAAS@497	0	1000	0.0		/home/miguel/IBE-UPF/TFM/Master_projects/PhyloPhere/Data/6.CAAS_traitfiles/Ranked/df8_sp.tab
AAAS@498	56	1000	0.056	b_997,b_225,b_102,b_136,b_232,b_848,b_382,b_780,b_538,b_629,b_61,b_289,b_492,b_825,b_667,b_185,b_65,b_744,b_257,b_831,b_742,b_939,b_526,b_447,b_77,b_654,b_865,b_396,b_651,b_853,b_63,b_473,b_316,b_873,b_706,b_297,b_142,b_42,b_813,b_308,b_176,b_509,b_172,b_822,b_462,b_692,b_76,b_685,b_583,b_451,b_78,b_488,b_669,b_845,b_134,b_577	/home/miguel/IBE-UPF/TFM/Master_projects/PhyloPhere/Data/6.CAAS_traitfiles/Ranked/df8_sp.tab
AAAS@506	0	1000	0.0		/home/miguel/IBE-UPF/TFM/Master_projects/PhyloPhere/Data/6.CAAS_traitfiles/Ranked/df8_sp.tab
AAAS@507	70	1000	0.07	b_997,b_225,b_717,b_102,b_136,b_232,b_848,b_956,b_382,b_540,b_780,b_637,b_538,b_629,b_916,b_88,b_61,b_289,b_492,b_825,b_708,b_667,b_185,b_65,b_744,b_257,b_831,b_742,b_939,b_526,b_447,b_77,b_654,b_865,b_396,b_651,b_853,b_63,b_473,b_287,b_316,b_873,b_706,b_297,b_439,b_849,b_524,b_142,b_42,b_813,b_308,b_837,b_176,b_509,b_172,b_822,b_462,b_692,b_418,b_415,b_76,b_685,b_583,b_451,b_78,b_488,b_669,b_845,b_134,b_577	/home/miguel/IBE-UPF/TFM/Master_projects/PhyloPhere/Data/6.CAAS_traitfiles/Ranked/df8_sp.tab
AAAS@508	36	1000	0.036	b_255,b_225,b_933,b_671,b_182,b_369,b_697,b_39,b_291,b_216,b_164,b_170,b_335,b_85,b_666,b_8,b_514,b_180,b_73,b_654,b_487,b_853,b_266,b_506,b_650,b_842,b_858,b_148,b_625,b_191,b_470,b_209,b_528,b_632,b_283,b_204	/home/miguel/IBE-UPF/TFM/Master_projects/PhyloPhere/Data/6.CAAS_traitfiles/Ranked/df8_sp.tab
AAAS@509	0	1000	0.0		/home/miguel/IBE-UPF/TFM/Master_projects/PhyloPhere/Data/6.CAAS_traitfiles/Ranked/df8_sp.tab
AAAS@511	0	1000	0.0		/home/miguel/IBE-UPF/TFM/Master_projects/PhyloPhere/Data/6.CAAS_traitfiles/Ranked/df8_sp.tab
AAAS@512	0	1000	0.0		/home/miguel/IBE-UPF/TFM/Master_projects/PhyloPhere/Data/6.CAAS_traitfiles/Ranked/df8_sp.tab
AAAS@513	0	1000	0.0		/home/miguel/IBE-UPF/TFM/Master_projects/PhyloPhere/Data/6.CAAS_traitfiles/Ranked/df8_sp.tab
AAAS@515	0	1000	0.0		/home/miguel/IBE-UPF/TFM/Master_projects/PhyloPhere/Data/6.CAAS_traitfiles/Ranked/df8_sp.tab
AAAS@517	10	1000	0.01	b_997,b_136,b_289,b_744,b_257,b_77,b_63,b_669,b_845,b_134	/home/miguel/IBE-UPF/TFM/Master_projects/PhyloPhere/Data/6.CAAS_traitfiles/Ranked/df8_sp.tab
AAAS@520	32	1000	0.032	b_997,b_136,b_848,b_61,b_289,b_667,b_744,b_257,b_939,b_526,b_447,b_77,b_654,b_63,b_316,b_873,b_297,b_142,b_813,b_176,b_509,b_172,b_462,b_692,b_591,b_583,b_451,b_78,b_669,b_845,b_134,b_577	/home/miguel/IBE-UPF/TFM/Master_projects/PhyloPhere/Data/6.CAAS_traitfiles/Ranked/df8_sp.tab
AAAS@522	36	1000	0.036	b_255,b_225,b_933,b_671,b_182,b_369,b_697,b_39,b_291,b_216,b_164,b_170,b_335,b_85,b_666,b_8,b_514,b_180,b_73,b_654,b_487,b_853,b_266,b_506,b_650,b_842,b_858,b_148,b_625,b_191,b_470,b_209,b_528,b_632,b_283,b_204	/home/miguel/IBE-UPF/TFM/Master_projects/PhyloPhere/Data/6.CAAS_traitfiles/Ranked/df8_sp.tab
AAAS@523	36	1000	0.036	b_255,b_225,b_933,b_671,b_182,b_369,b_697,b_39,b_291,b_216,b_164,b_170,b_335,b_85,b_666,b_8,b_514,b_180,b_73,b_654,b_487,b_853,b_266,b_506,b_650,b_842,b_858,b_148,b_625,b_191,b_470,b_209,b_528,b_632,b_283,b_204	/home/miguel/IBE-UPF/TFM/Master_projects/PhyloPhere/Data/6.CAAS_traitfiles/Ranked/df8_sp.tab
AAAS@524	0	1000	0.0		/home/miguel/IBE-UPF/TFM/Master_projects/PhyloPhere/Data/6.CAAS_traitfiles/Ranked/df8_sp.tab
AAAS@527	0	1000	0.0		/home/miguel/IBE-UPF/TFM/Master_projects/PhyloPhere/Data/6.CAAS_traitfiles/Ranked/df8_sp.tab
AAAS@529	1	1000	0.001	b_901	/home/miguel/IBE-UPF/TFM/Master_projects/PhyloPhere/Data/6.CAAS_traitfiles/Ranked/df8_sp.tab
AAAS@531	0	1000	0.0		/home/miguel/IBE-UPF/TFM/Master_projects/PhyloPhere/Data/6.CAAS_traitfiles/Ranked/df8_sp.tab
