AADACL4@2	3	1000	0.003	b_656,b_328,b_745	/home/miguel/IBE-UPF/TFM/Master_projects/PhyloPhere/Data/6.CAAS_traitfiles/Ranked/df8_sp.tab
AADACL4@3	5	1000	0.005	b_918,b_561,b_897,b_505,b_911	/home/miguel/IBE-UPF/TFM/Master_projects/PhyloPhere/Data/6.CAAS_traitfiles/Ranked/df8_sp.tab
AADACL4@4	0	1000	0.0		/home/miguel/IBE-UPF/TFM/Master_projects/PhyloPhere/Data/6.CAAS_traitfiles/Ranked/df8_sp.tab
AADACL4@6	0	1000	0.0		/home/miguel/IBE-UPF/TFM/Master_projects/PhyloPhere/Data/6.CAAS_traitfiles/Ranked/df8_sp.tab
AADACL4@7	0	1000	0.0		/home/miguel/IBE-UPF/TFM/Master_projects/PhyloPhere/Data/6.CAAS_traitfiles/Ranked/df8_sp.tab
AADACL4@8	0	1000	0.0		/home/miguel/IBE-UPF/TFM/Master_projects/PhyloPhere/Data/6.CAAS_traitfiles/Ranked/df8_sp.tab
AADACL4@9	0	1000	0.0		/home/miguel/IBE-UPF/TFM/Master_projects/PhyloPhere/Data/6.CAAS_traitfiles/Ranked/df8_sp.tab
AADACL4@10	0	1000	0.0		/home/miguel/IBE-UPF/TFM/Master_projects/PhyloPhere/Data/6.CAAS_traitfiles/Ranked/df8_sp.tab
AADACL4@13	14	1000	0.014	b_320,b_289,b_866,b_907,b_401,b_60,b_692,b_458,b_432,b_649,b_371,b_606,b_558,b_509	/home/miguel/IBE-UPF/TFM/Master_projects/PhyloPhere/Data/6.CAAS_traitfiles/Ranked/df8_sp.tab
AADACL4@14	0	1000	0.0		/home/miguel/IBE-UPF/TFM/Master_projects/PhyloPhere/Data/6.CAAS_traitfiles/Ranked/df8_sp.tab
AADACL4@17	0	1000	0.0		/home/miguel/IBE-UPF/TFM/Master_projects/PhyloPhere/Data/6.CAAS_traitfiles/Ranked/df8_sp.tab
AADACL4@21	0	1000	0.0		/home/miguel/IBE-UPF/TFM/Master_projects/PhyloPhere/Data/6.CAAS_traitfiles/Ranked/df8_sp.tab
AADACL4@26	0	1000	0.0		/home/miguel/IBE-UPF/TFM/Master_projects/PhyloPhere/Data/6.CAAS_traitfiles/Ranked/df8_sp.tab
AADACL4@27	14	1000	0.014	b_671,b_625,b_216,b_933,b_8,b_858,b_291,b_191,b_528,b_369,b_697,b_283,b_164,b_335	/home/miguel/IBE-UPF/TFM/Master_projects/PhyloPhere/Data/6.CAAS_traitfiles/Ranked/df8_sp.tab
AADACL4@29	10	1000	0.01	b_99,b_136,b_63,b_814,b_793,b_77,b_432,b_416,b_319,b_371	/home/miguel/IBE-UPF/TFM/Master_projects/PhyloPhere/Data/6.CAAS_traitfiles/Ranked/df8_sp.tab
AADACL4@30	0	1000	0.0		/home/miguel/IBE-UPF/TFM/Master_projects/PhyloPhere/Data/6.CAAS_traitfiles/Ranked/df8_sp.tab
AADACL4@31	0	1000	0.0		/home/miguel/IBE-UPF/TFM/Master_projects/PhyloPhere/Data/6.CAAS_traitfiles/Ranked/df8_sp.tab
AADACL4@33	0	1000	0.0		/home/miguel/IBE-UPF/TFM/Master_projects/PhyloPhere/Data/6.CAAS_traitfiles/Ranked/df8_sp.tab
AADACL4@34	0	1000	0.0		/home/miguel/IBE-UPF/TFM/Master_projects/PhyloPhere/Data/6.CAAS_traitfiles/Ranked/df8_sp.tab
AADACL4@35	19	1000	0.019	b_577,b_136,b_289,b_257,b_63,b_669,b_247,b_848,b_451,b_692,b_134,b_744,b_77,b_78,b_172,b_997,b_96,b_845,b_509	/home/miguel/IBE-UPF/TFM/Master_projects/PhyloPhere/Data/6.CAAS_traitfiles/Ranked/df8_sp.tab
AADACL4@36	0	1000	0.0		/home/miguel/IBE-UPF/TFM/Master_projects/PhyloPhere/Data/6.CAAS_traitfiles/Ranked/df8_sp.tab
AADACL4@37	17	1000	0.017	b_577,b_136,b_289,b_257,b_63,b_669,b_848,b_451,b_692,b_134,b_744,b_77,b_78,b_172,b_997,b_845,b_509	/home/miguel/IBE-UPF/TFM/Master_projects/PhyloPhere/Data/6.CAAS_traitfiles/Ranked/df8_sp.tab
AADACL4@38	17	1000	0.017	b_577,b_136,b_289,b_257,b_63,b_669,b_848,b_451,b_692,b_134,b_744,b_77,b_78,b_172,b_997,b_845,b_509	/home/miguel/IBE-UPF/TFM/Master_projects/PhyloPhere/Data/6.CAAS_traitfiles/Ranked/df8_sp.tab
AADACL4@39	0	1000	0.0		/home/miguel/IBE-UPF/TFM/Master_projects/PhyloPhere/Data/6.CAAS_traitfiles/Ranked/df8_sp.tab
AADACL4@41	0	1000	0.0		/home/miguel/IBE-UPF/TFM/Master_projects/PhyloPhere/Data/6.CAAS_traitfiles/Ranked/df8_sp.tab
AADACL4@43	17	1000	0.017	b_577,b_136,b_289,b_257,b_63,b_669,b_848,b_451,b_692,b_134,b_744,b_77,b_78,b_172,b_997,b_845,b_509	/home/miguel/IBE-UPF/TFM/Master_projects/PhyloPhere/Data/6.CAAS_traitfiles/Ranked/df8_sp.tab
AADACL4@47	7	1000	0.007	b_136,b_321,b_699,b_97,b_491,b_744,b_524	/home/miguel/IBE-UPF/TFM/Master_projects/PhyloPhere/Data/6.CAAS_traitfiles/Ranked/df8_sp.tab
AADACL4@51	9	1000	0.009	b_671,b_625,b_216,b_8,b_191,b_369,b_283,b_164,b_335	/home/miguel/IBE-UPF/TFM/Master_projects/PhyloPhere/Data/6.CAAS_traitfiles/Ranked/df8_sp.tab
AADACL4@52	18	1000	0.018	b_577,b_136,b_289,b_257,b_63,b_669,b_848,b_451,b_453,b_692,b_134,b_744,b_77,b_78,b_172,b_997,b_845,b_509	/home/miguel/IBE-UPF/TFM/Master_projects/PhyloPhere/Data/6.CAAS_traitfiles/Ranked/df8_sp.tab
AADACL4@56	0	1000	0.0		/home/miguel/IBE-UPF/TFM/Master_projects/PhyloPhere/Data/6.CAAS_traitfiles/Ranked/df8_sp.tab
AADACL4@58	17	1000	0.017	b_577,b_136,b_289,b_257,b_63,b_669,b_848,b_451,b_692,b_134,b_744,b_77,b_78,b_172,b_997,b_845,b_509	/home/miguel/IBE-UPF/TFM/Master_projects/PhyloPhere/Data/6.CAAS_traitfiles/Ranked/df8_sp.tab
AADACL4@67	0	1000	0.0		/home/miguel/IBE-UPF/TFM/Master_projects/PhyloPhere/Data/6.CAAS_traitfiles/Ranked/df8_sp.tab
AADACL4@70	22	1000	0.022	b_391,b_119,b_3,b_99,b_320,b_136,b_866,b_428,b_183,b_590,b_907,b_748,b_814,b_60,b_458,b_77,b_649,b_606,b_558,b_763,b_882,b_484	/home/miguel/IBE-UPF/TFM/Master_projects/PhyloPhere/Data/6.CAAS_traitfiles/Ranked/df8_sp.tab
AADACL4@71	0	1000	0.0		/home/miguel/IBE-UPF/TFM/Master_projects/PhyloPhere/Data/6.CAAS_traitfiles/Ranked/df8_sp.tab
AADACL4@76	14	1000	0.014	b_671,b_625,b_216,b_933,b_8,b_858,b_291,b_191,b_528,b_369,b_697,b_283,b_164,b_335	/home/miguel/IBE-UPF/TFM/Master_projects/PhyloPhere/Data/6.CAAS_traitfiles/Ranked/df8_sp.tab
AADACL4@77	4	1000	0.004	b_416,b_319,b_374,b_484	/home/miguel/IBE-UPF/TFM/Master_projects/PhyloPhere/Data/6.CAAS_traitfiles/Ranked/df8_sp.tab
AADACL4@78	0	1000	0.0		/home/miguel/IBE-UPF/TFM/Master_projects/PhyloPhere/Data/6.CAAS_traitfiles/Ranked/df8_sp.tab
AADACL4@79	0	1000	0.0		/home/miguel/IBE-UPF/TFM/Master_projects/PhyloPhere/Data/6.CAAS_traitfiles/Ranked/df8_sp.tab
AADACL4@83	0	1000	0.0		/home/miguel/IBE-UPF/TFM/Master_projects/PhyloPhere/Data/6.CAAS_traitfiles/Ranked/df8_sp.tab
AADACL4@84	14	1000	0.014	b_671,b_625,b_216,b_933,b_8,b_858,b_291,b_191,b_528,b_369,b_697,b_283,b_164,b_335	/home/miguel/IBE-UPF/TFM/Master_projects/PhyloPhere/Data/6.CAAS_traitfiles/Ranked/df8_sp.tab
AADACL4@86	10	1000	0.01	b_136,b_289,b_257,b_63,b_669,b_134,b_744,b_77,b_997,b_845	/home/miguel/IBE-UPF/TFM/Master_projects/PhyloPhere/Data/6.CAAS_traitfiles/Ranked/df8_sp.tab
AADACL4@89	14	1000	0.014	b_671,b_625,b_216,b_933,b_8,b_858,b_291,b_191,b_528,b_369,b_697,b_283,b_164,b_335	/home/miguel/IBE-UPF/TFM/Master_projects/PhyloPhere/Data/6.CAAS_traitfiles/Ranked/df8_sp.tab
AADACL4@91	0	1000	0.0		/home/miguel/IBE-UPF/TFM/Master_projects/PhyloPhere/Data/6.CAAS_traitfiles/Ranked/df8_sp.tab
AADACL4@95	0	1000	0.0		/home/miguel/IBE-UPF/TFM/Master_projects/PhyloPhere/Data/6.CAAS_traitfiles/Ranked/df8_sp.tab
AADACL4@104	0	1000	0.0		/home/miguel/IBE-UPF/TFM/Master_projects/PhyloPhere/Data/6.CAAS_traitfiles/Ranked/df8_sp.tab
AADACL4@106	0	1000	0.0		/home/miguel/IBE-UPF/TFM/Master_projects/PhyloPhere/Data/6.CAAS_traitfiles/Ranked/df8_sp.tab
AADACL4@107	0	1000	0.0		/home/miguel/IBE-UPF/TFM/Master_projects/PhyloPhere/Data/6.CAAS_traitfiles/Ranked/df8_sp.tab
AADACL4@108	0	1000	0.0		/home/miguel/IBE-UPF/TFM/Master_projects/PhyloPhere/Data/6.CAAS_traitfiles/Ranked/df8_sp.tab
AADACL4@109	14	1000	0.014	b_577,b_136,b_257,b_63,b_669,b_247,b_848,b_692,b_134,b_77,b_172,b_997,b_96,b_509	/home/miguel/IBE-UPF/TFM/Master_projects/PhyloPhere/Data/6.CAAS_traitfiles/Ranked/df8_sp.tab
AADACL4@121	51	1000	0.051	b_119,b_99,b_625,b_577,b_728,b_320,b_136,b_289,b_257,b_63,b_669,b_848,b_194,b_866,b_451,b_774,b_428,b_183,b_907,b_814,b_60,b_692,b_134,b_191,b_215,b_89,b_200,b_734,b_458,b_744,b_77,b_432,b_78,b_416,b_172,b_723,b_319,b_649,b_997,b_371,b_606,b_374,b_558,b_845,b_258,b_254,b_763,b_882,b_484,b_509,b_86	/home/miguel/IBE-UPF/TFM/Master_projects/PhyloPhere/Data/6.CAAS_traitfiles/Ranked/df8_sp.tab
AADACL4@122	0	1000	0.0		/home/miguel/IBE-UPF/TFM/Master_projects/PhyloPhere/Data/6.CAAS_traitfiles/Ranked/df8_sp.tab
AADACL4@128	0	1000	0.0		/home/miguel/IBE-UPF/TFM/Master_projects/PhyloPhere/Data/6.CAAS_traitfiles/Ranked/df8_sp.tab
AADACL4@131	14	1000	0.014	b_671,b_625,b_216,b_933,b_8,b_858,b_291,b_191,b_528,b_369,b_697,b_283,b_164,b_335	/home/miguel/IBE-UPF/TFM/Master_projects/PhyloPhere/Data/6.CAAS_traitfiles/Ranked/df8_sp.tab
AADACL4@132	0	1000	0.0		/home/miguel/IBE-UPF/TFM/Master_projects/PhyloPhere/Data/6.CAAS_traitfiles/Ranked/df8_sp.tab
AADACL4@134	14	1000	0.014	b_547,b_918,b_625,b_216,b_933,b_858,b_291,b_191,b_528,b_572,b_505,b_911,b_283,b_335	/home/miguel/IBE-UPF/TFM/Master_projects/PhyloPhere/Data/6.CAAS_traitfiles/Ranked/df8_sp.tab
AADACL4@135	63	1000	0.063	b_119,b_671,b_99,b_625,b_577,b_728,b_216,b_320,b_136,b_289,b_257,b_63,b_669,b_848,b_194,b_866,b_451,b_774,b_428,b_933,b_8,b_183,b_907,b_814,b_858,b_291,b_60,b_692,b_134,b_191,b_528,b_215,b_89,b_200,b_734,b_458,b_744,b_77,b_432,b_369,b_78,b_416,b_172,b_723,b_319,b_649,b_997,b_371,b_606,b_374,b_558,b_845,b_258,b_697,b_254,b_763,b_882,b_484,b_283,b_164,b_335,b_509,b_86	/home/miguel/IBE-UPF/TFM/Master_projects/PhyloPhere/Data/6.CAAS_traitfiles/Ranked/df8_sp.tab
AADACL4@138	0	1000	0.0		/home/miguel/IBE-UPF/TFM/Master_projects/PhyloPhere/Data/6.CAAS_traitfiles/Ranked/df8_sp.tab
AADACL4@146	0	1000	0.0		/home/miguel/IBE-UPF/TFM/Master_projects/PhyloPhere/Data/6.CAAS_traitfiles/Ranked/df8_sp.tab
AADACL4@147	0	1000	0.0		/home/miguel/IBE-UPF/TFM/Master_projects/PhyloPhere/Data/6.CAAS_traitfiles/Ranked/df8_sp.tab
AADACL4@151	13	1000	0.013	b_136,b_289,b_257,b_63,b_669,b_848,b_134,b_325,b_744,b_77,b_78,b_997,b_845	/home/miguel/IBE-UPF/TFM/Master_projects/PhyloPhere/Data/6.CAAS_traitfiles/Ranked/df8_sp.tab
AADACL4@152	16	1000	0.016	b_175,b_53,b_380,b_66,b_257,b_855,b_905,b_8,b_725,b_291,b_744,b_834,b_162,b_246,b_770,b_217	/home/miguel/IBE-UPF/TFM/Master_projects/PhyloPhere/Data/6.CAAS_traitfiles/Ranked/df8_sp.tab
AADACL4@155	0	1000	0.0		/home/miguel/IBE-UPF/TFM/Master_projects/PhyloPhere/Data/6.CAAS_traitfiles/Ranked/df8_sp.tab
AADACL4@156	0	1000	0.0		/home/miguel/IBE-UPF/TFM/Master_projects/PhyloPhere/Data/6.CAAS_traitfiles/Ranked/df8_sp.tab
AADACL4@157	0	1000	0.0		/home/miguel/IBE-UPF/TFM/Master_projects/PhyloPhere/Data/6.CAAS_traitfiles/Ranked/df8_sp.tab
AADACL4@159	0	1000	0.0		/home/miguel/IBE-UPF/TFM/Master_projects/PhyloPhere/Data/6.CAAS_traitfiles/Ranked/df8_sp.tab
AADACL4@160	20	1000	0.02	b_119,b_482,b_625,b_320,b_194,b_866,b_60,b_191,b_215,b_200,b_734,b_458,b_723,b_649,b_371,b_558,b_911,b_484,b_335,b_86	/home/miguel/IBE-UPF/TFM/Master_projects/PhyloPhere/Data/6.CAAS_traitfiles/Ranked/df8_sp.tab
AADACL4@161	24	1000	0.024	b_119,b_136,b_289,b_257,b_63,b_669,b_866,b_774,b_907,b_34,b_134,b_191,b_215,b_89,b_734,b_458,b_744,b_77,b_649,b_997,b_558,b_845,b_763,b_882	/home/miguel/IBE-UPF/TFM/Master_projects/PhyloPhere/Data/6.CAAS_traitfiles/Ranked/df8_sp.tab
AADACL4@162	17	1000	0.017	b_577,b_136,b_289,b_257,b_63,b_669,b_848,b_451,b_692,b_134,b_744,b_77,b_78,b_172,b_997,b_845,b_509	/home/miguel/IBE-UPF/TFM/Master_projects/PhyloPhere/Data/6.CAAS_traitfiles/Ranked/df8_sp.tab
AADACL4@165	19	1000	0.019	b_547,b_671,b_918,b_625,b_216,b_933,b_8,b_858,b_291,b_191,b_528,b_369,b_572,b_697,b_505,b_911,b_283,b_164,b_335	/home/miguel/IBE-UPF/TFM/Master_projects/PhyloPhere/Data/6.CAAS_traitfiles/Ranked/df8_sp.tab
AADACL4@166	0	1000	0.0		/home/miguel/IBE-UPF/TFM/Master_projects/PhyloPhere/Data/6.CAAS_traitfiles/Ranked/df8_sp.tab
AADACL4@170	17	1000	0.017	b_577,b_136,b_289,b_257,b_63,b_669,b_848,b_451,b_692,b_134,b_744,b_77,b_78,b_172,b_997,b_845,b_509	/home/miguel/IBE-UPF/TFM/Master_projects/PhyloPhere/Data/6.CAAS_traitfiles/Ranked/df8_sp.tab
AADACL4@173	14	1000	0.014	b_671,b_625,b_216,b_933,b_8,b_858,b_291,b_191,b_528,b_369,b_697,b_283,b_164,b_335	/home/miguel/IBE-UPF/TFM/Master_projects/PhyloPhere/Data/6.CAAS_traitfiles/Ranked/df8_sp.tab
AADACL4@174	14	1000	0.014	b_671,b_625,b_216,b_933,b_8,b_858,b_291,b_191,b_528,b_369,b_697,b_283,b_164,b_335	/home/miguel/IBE-UPF/TFM/Master_projects/PhyloPhere/Data/6.CAAS_traitfiles/Ranked/df8_sp.tab
AADACL4@176	0	1000	0.0		/home/miguel/IBE-UPF/TFM/Master_projects/PhyloPhere/Data/6.CAAS_traitfiles/Ranked/df8_sp.tab
AADACL4@182	0	1000	0.0		/home/miguel/IBE-UPF/TFM/Master_projects/PhyloPhere/Data/6.CAAS_traitfiles/Ranked/df8_sp.tab
AADACL4@183	0	1000	0.0		/home/miguel/IBE-UPF/TFM/Master_projects/PhyloPhere/Data/6.CAAS_traitfiles/Ranked/df8_sp.tab
AADACL4@187	0	1000	0.0		/home/miguel/IBE-UPF/TFM/Master_projects/PhyloPhere/Data/6.CAAS_traitfiles/Ranked/df8_sp.tab
AADACL4@190	0	1000	0.0		/home/miguel/IBE-UPF/TFM/Master_projects/PhyloPhere/Data/6.CAAS_traitfiles/Ranked/df8_sp.tab
AADACL4@191	10	1000	0.01	b_136,b_289,b_257,b_63,b_669,b_134,b_744,b_77,b_997,b_845	/home/miguel/IBE-UPF/TFM/Master_projects/PhyloPhere/Data/6.CAAS_traitfiles/Ranked/df8_sp.tab
AADACL4@192	0	1000	0.0		/home/miguel/IBE-UPF/TFM/Master_projects/PhyloPhere/Data/6.CAAS_traitfiles/Ranked/df8_sp.tab
AADACL4@195	14	1000	0.014	b_671,b_625,b_216,b_933,b_8,b_858,b_291,b_191,b_528,b_369,b_697,b_283,b_164,b_335	/home/miguel/IBE-UPF/TFM/Master_projects/PhyloPhere/Data/6.CAAS_traitfiles/Ranked/df8_sp.tab
AADACL4@196	22	1000	0.022	b_99,b_728,b_320,b_63,b_669,b_247,b_848,b_774,b_30,b_60,b_309,b_89,b_432,b_49,b_172,b_319,b_606,b_374,b_254,b_521,b_695,b_108	/home/miguel/IBE-UPF/TFM/Master_projects/PhyloPhere/Data/6.CAAS_traitfiles/Ranked/df8_sp.tab
AADACL4@197	25	1000	0.025	b_391,b_99,b_577,b_136,b_289,b_257,b_63,b_669,b_848,b_451,b_590,b_907,b_692,b_134,b_744,b_77,b_432,b_524,b_78,b_172,b_997,b_374,b_845,b_188,b_509	/home/miguel/IBE-UPF/TFM/Master_projects/PhyloPhere/Data/6.CAAS_traitfiles/Ranked/df8_sp.tab
AADACL4@198	0	1000	0.0		/home/miguel/IBE-UPF/TFM/Master_projects/PhyloPhere/Data/6.CAAS_traitfiles/Ranked/df8_sp.tab
AADACL4@199	29	1000	0.029	b_119,b_671,b_3,b_625,b_216,b_136,b_289,b_63,b_669,b_774,b_933,b_8,b_907,b_858,b_457,b_291,b_60,b_793,b_191,b_528,b_89,b_77,b_369,b_416,b_845,b_697,b_283,b_164,b_335	/home/miguel/IBE-UPF/TFM/Master_projects/PhyloPhere/Data/6.CAAS_traitfiles/Ranked/df8_sp.tab
AADACL4@200	0	1000	0.0		/home/miguel/IBE-UPF/TFM/Master_projects/PhyloPhere/Data/6.CAAS_traitfiles/Ranked/df8_sp.tab
AADACL4@201	0	1000	0.0		/home/miguel/IBE-UPF/TFM/Master_projects/PhyloPhere/Data/6.CAAS_traitfiles/Ranked/df8_sp.tab
AADACL4@203	0	1000	0.0		/home/miguel/IBE-UPF/TFM/Master_projects/PhyloPhere/Data/6.CAAS_traitfiles/Ranked/df8_sp.tab
AADACL4@212	1	1000	0.001	b_436	/home/miguel/IBE-UPF/TFM/Master_projects/PhyloPhere/Data/6.CAAS_traitfiles/Ranked/df8_sp.tab
AADACL4@214	0	1000	0.0		/home/miguel/IBE-UPF/TFM/Master_projects/PhyloPhere/Data/6.CAAS_traitfiles/Ranked/df8_sp.tab
AADACL4@217	0	1000	0.0		/home/miguel/IBE-UPF/TFM/Master_projects/PhyloPhere/Data/6.CAAS_traitfiles/Ranked/df8_sp.tab
AADACL4@219	0	1000	0.0		/home/miguel/IBE-UPF/TFM/Master_projects/PhyloPhere/Data/6.CAAS_traitfiles/Ranked/df8_sp.tab
AADACL4@220	10	1000	0.01	b_136,b_289,b_257,b_63,b_669,b_134,b_744,b_77,b_997,b_845	/home/miguel/IBE-UPF/TFM/Master_projects/PhyloPhere/Data/6.CAAS_traitfiles/Ranked/df8_sp.tab
AADACL4@222	6	1000	0.006	b_99,b_63,b_309,b_432,b_319,b_374	/home/miguel/IBE-UPF/TFM/Master_projects/PhyloPhere/Data/6.CAAS_traitfiles/Ranked/df8_sp.tab
AADACL4@225	4	1000	0.004	b_416,b_997,b_374,b_509	/home/miguel/IBE-UPF/TFM/Master_projects/PhyloPhere/Data/6.CAAS_traitfiles/Ranked/df8_sp.tab
AADACL4@226	14	1000	0.014	b_671,b_625,b_216,b_933,b_8,b_858,b_291,b_191,b_528,b_369,b_697,b_283,b_164,b_335	/home/miguel/IBE-UPF/TFM/Master_projects/PhyloPhere/Data/6.CAAS_traitfiles/Ranked/df8_sp.tab
AADACL4@227	14	1000	0.014	b_671,b_625,b_216,b_933,b_8,b_858,b_291,b_191,b_528,b_369,b_697,b_283,b_164,b_335	/home/miguel/IBE-UPF/TFM/Master_projects/PhyloPhere/Data/6.CAAS_traitfiles/Ranked/df8_sp.tab
AADACL4@229	0	1000	0.0		/home/miguel/IBE-UPF/TFM/Master_projects/PhyloPhere/Data/6.CAAS_traitfiles/Ranked/df8_sp.tab
AADACL4@233	2	1000	0.002	b_590,b_745	/home/miguel/IBE-UPF/TFM/Master_projects/PhyloPhere/Data/6.CAAS_traitfiles/Ranked/df8_sp.tab
AADACL4@234	0	1000	0.0		/home/miguel/IBE-UPF/TFM/Master_projects/PhyloPhere/Data/6.CAAS_traitfiles/Ranked/df8_sp.tab
AADACL4@237	11	1000	0.011	b_136,b_922,b_63,b_669,b_774,b_655,b_97,b_491,b_77,b_49,b_997	/home/miguel/IBE-UPF/TFM/Master_projects/PhyloPhere/Data/6.CAAS_traitfiles/Ranked/df8_sp.tab
AADACL4@238	14	1000	0.014	b_671,b_625,b_216,b_933,b_8,b_858,b_291,b_191,b_528,b_369,b_697,b_283,b_164,b_335	/home/miguel/IBE-UPF/TFM/Master_projects/PhyloPhere/Data/6.CAAS_traitfiles/Ranked/df8_sp.tab
AADACL4@239	0	1000	0.0		/home/miguel/IBE-UPF/TFM/Master_projects/PhyloPhere/Data/6.CAAS_traitfiles/Ranked/df8_sp.tab
AADACL4@241	0	1000	0.0		/home/miguel/IBE-UPF/TFM/Master_projects/PhyloPhere/Data/6.CAAS_traitfiles/Ranked/df8_sp.tab
AADACL4@243	0	1000	0.0		/home/miguel/IBE-UPF/TFM/Master_projects/PhyloPhere/Data/6.CAAS_traitfiles/Ranked/df8_sp.tab
AADACL4@244	15	1000	0.015	b_136,b_952,b_63,b_669,b_247,b_848,b_655,b_30,b_77,b_49,b_172,b_997,b_96,b_695,b_509	/home/miguel/IBE-UPF/TFM/Master_projects/PhyloPhere/Data/6.CAAS_traitfiles/Ranked/df8_sp.tab
AADACL4@245	0	1000	0.0		/home/miguel/IBE-UPF/TFM/Master_projects/PhyloPhere/Data/6.CAAS_traitfiles/Ranked/df8_sp.tab
AADACL4@247	16	1000	0.016	b_99,b_728,b_320,b_63,b_774,b_60,b_828,b_26,b_309,b_89,b_432,b_557,b_606,b_656,b_328,b_745	/home/miguel/IBE-UPF/TFM/Master_projects/PhyloPhere/Data/6.CAAS_traitfiles/Ranked/df8_sp.tab
AADACL4@248	0	1000	0.0		/home/miguel/IBE-UPF/TFM/Master_projects/PhyloPhere/Data/6.CAAS_traitfiles/Ranked/df8_sp.tab
AADACL4@250	12	1000	0.012	b_99,b_136,b_289,b_257,b_63,b_669,b_907,b_134,b_744,b_77,b_997,b_845	/home/miguel/IBE-UPF/TFM/Master_projects/PhyloPhere/Data/6.CAAS_traitfiles/Ranked/df8_sp.tab
AADACL4@251	6	1000	0.006	b_671,b_8,b_401,b_283,b_164,b_335	/home/miguel/IBE-UPF/TFM/Master_projects/PhyloPhere/Data/6.CAAS_traitfiles/Ranked/df8_sp.tab
AADACL4@253	0	1000	0.0		/home/miguel/IBE-UPF/TFM/Master_projects/PhyloPhere/Data/6.CAAS_traitfiles/Ranked/df8_sp.tab
AADACL4@254	0	1000	0.0		/home/miguel/IBE-UPF/TFM/Master_projects/PhyloPhere/Data/6.CAAS_traitfiles/Ranked/df8_sp.tab
AADACL4@255	0	1000	0.0		/home/miguel/IBE-UPF/TFM/Master_projects/PhyloPhere/Data/6.CAAS_traitfiles/Ranked/df8_sp.tab
AADACL4@256	0	1000	0.0		/home/miguel/IBE-UPF/TFM/Master_projects/PhyloPhere/Data/6.CAAS_traitfiles/Ranked/df8_sp.tab
AADACL4@259	0	1000	0.0		/home/miguel/IBE-UPF/TFM/Master_projects/PhyloPhere/Data/6.CAAS_traitfiles/Ranked/df8_sp.tab
AADACL4@262	0	1000	0.0		/home/miguel/IBE-UPF/TFM/Master_projects/PhyloPhere/Data/6.CAAS_traitfiles/Ranked/df8_sp.tab
AADACL4@263	0	1000	0.0		/home/miguel/IBE-UPF/TFM/Master_projects/PhyloPhere/Data/6.CAAS_traitfiles/Ranked/df8_sp.tab
AADACL4@267	0	1000	0.0		/home/miguel/IBE-UPF/TFM/Master_projects/PhyloPhere/Data/6.CAAS_traitfiles/Ranked/df8_sp.tab
AADACL4@269	24	1000	0.024	b_525,b_577,b_136,b_289,b_257,b_63,b_669,b_848,b_194,b_866,b_451,b_907,b_692,b_134,b_89,b_744,b_77,b_49,b_78,b_172,b_997,b_374,b_845,b_509	/home/miguel/IBE-UPF/TFM/Master_projects/PhyloPhere/Data/6.CAAS_traitfiles/Ranked/df8_sp.tab
AADACL4@270	14	1000	0.014	b_671,b_625,b_216,b_933,b_8,b_858,b_291,b_191,b_528,b_369,b_697,b_283,b_164,b_335	/home/miguel/IBE-UPF/TFM/Master_projects/PhyloPhere/Data/6.CAAS_traitfiles/Ranked/df8_sp.tab
AADACL4@271	14	1000	0.014	b_671,b_625,b_216,b_933,b_8,b_858,b_291,b_191,b_528,b_369,b_697,b_283,b_164,b_335	/home/miguel/IBE-UPF/TFM/Master_projects/PhyloPhere/Data/6.CAAS_traitfiles/Ranked/df8_sp.tab
AADACL4@275	0	1000	0.0		/home/miguel/IBE-UPF/TFM/Master_projects/PhyloPhere/Data/6.CAAS_traitfiles/Ranked/df8_sp.tab
AADACL4@277	2	1000	0.002	b_136,b_699	/home/miguel/IBE-UPF/TFM/Master_projects/PhyloPhere/Data/6.CAAS_traitfiles/Ranked/df8_sp.tab
AADACL4@280	10	1000	0.01	b_625,b_216,b_933,b_8,b_858,b_291,b_191,b_528,b_369,b_697	/home/miguel/IBE-UPF/TFM/Master_projects/PhyloPhere/Data/6.CAAS_traitfiles/Ranked/df8_sp.tab
AADACL4@285	14	1000	0.014	b_671,b_625,b_216,b_933,b_8,b_858,b_291,b_191,b_528,b_369,b_697,b_283,b_164,b_335	/home/miguel/IBE-UPF/TFM/Master_projects/PhyloPhere/Data/6.CAAS_traitfiles/Ranked/df8_sp.tab
AADACL4@288	0	1000	0.0		/home/miguel/IBE-UPF/TFM/Master_projects/PhyloPhere/Data/6.CAAS_traitfiles/Ranked/df8_sp.tab
AADACL4@290	0	1000	0.0		/home/miguel/IBE-UPF/TFM/Master_projects/PhyloPhere/Data/6.CAAS_traitfiles/Ranked/df8_sp.tab
AADACL4@291	15	1000	0.015	b_671,b_625,b_216,b_933,b_8,b_858,b_291,b_191,b_528,b_734,b_369,b_697,b_283,b_164,b_335	/home/miguel/IBE-UPF/TFM/Master_projects/PhyloPhere/Data/6.CAAS_traitfiles/Ranked/df8_sp.tab
AADACL4@294	51	1000	0.051	b_119,b_99,b_625,b_577,b_728,b_320,b_136,b_289,b_257,b_63,b_669,b_848,b_194,b_866,b_451,b_774,b_428,b_183,b_907,b_814,b_60,b_692,b_134,b_191,b_215,b_89,b_200,b_734,b_458,b_744,b_77,b_432,b_78,b_416,b_172,b_723,b_319,b_649,b_997,b_371,b_606,b_374,b_558,b_845,b_258,b_254,b_763,b_882,b_484,b_509,b_86	/home/miguel/IBE-UPF/TFM/Master_projects/PhyloPhere/Data/6.CAAS_traitfiles/Ranked/df8_sp.tab
AADACL4@297	28	1000	0.028	b_525,b_577,b_136,b_289,b_257,b_63,b_669,b_848,b_194,b_866,b_451,b_907,b_692,b_134,b_215,b_89,b_744,b_77,b_49,b_78,b_172,b_997,b_374,b_845,b_258,b_254,b_882,b_509	/home/miguel/IBE-UPF/TFM/Master_projects/PhyloPhere/Data/6.CAAS_traitfiles/Ranked/df8_sp.tab
AADACL4@298	0	1000	0.0		/home/miguel/IBE-UPF/TFM/Master_projects/PhyloPhere/Data/6.CAAS_traitfiles/Ranked/df8_sp.tab
AADACL4@299	0	1000	0.0		/home/miguel/IBE-UPF/TFM/Master_projects/PhyloPhere/Data/6.CAAS_traitfiles/Ranked/df8_sp.tab
AADACL4@300	14	1000	0.014	b_671,b_625,b_216,b_933,b_8,b_858,b_291,b_191,b_528,b_369,b_697,b_283,b_164,b_335	/home/miguel/IBE-UPF/TFM/Master_projects/PhyloPhere/Data/6.CAAS_traitfiles/Ranked/df8_sp.tab
AADACL4@301	14	1000	0.014	b_671,b_625,b_216,b_933,b_8,b_858,b_291,b_191,b_528,b_369,b_697,b_283,b_164,b_335	/home/miguel/IBE-UPF/TFM/Master_projects/PhyloPhere/Data/6.CAAS_traitfiles/Ranked/df8_sp.tab
AADACL4@303	0	1000	0.0		/home/miguel/IBE-UPF/TFM/Master_projects/PhyloPhere/Data/6.CAAS_traitfiles/Ranked/df8_sp.tab
AADACL4@305	0	1000	0.0		/home/miguel/IBE-UPF/TFM/Master_projects/PhyloPhere/Data/6.CAAS_traitfiles/Ranked/df8_sp.tab
AADACL4@310	0	1000	0.0		/home/miguel/IBE-UPF/TFM/Master_projects/PhyloPhere/Data/6.CAAS_traitfiles/Ranked/df8_sp.tab
AADACL4@313	15	1000	0.015	b_136,b_952,b_63,b_669,b_247,b_848,b_655,b_30,b_77,b_49,b_172,b_997,b_96,b_695,b_509	/home/miguel/IBE-UPF/TFM/Master_projects/PhyloPhere/Data/6.CAAS_traitfiles/Ranked/df8_sp.tab
AADACL4@314	0	1000	0.0		/home/miguel/IBE-UPF/TFM/Master_projects/PhyloPhere/Data/6.CAAS_traitfiles/Ranked/df8_sp.tab
AADACL4@315	0	1000	0.0		/home/miguel/IBE-UPF/TFM/Master_projects/PhyloPhere/Data/6.CAAS_traitfiles/Ranked/df8_sp.tab
AADACL4@316	5	1000	0.005	b_671,b_191,b_528,b_369,b_164	/home/miguel/IBE-UPF/TFM/Master_projects/PhyloPhere/Data/6.CAAS_traitfiles/Ranked/df8_sp.tab
AADACL4@317	0	1000	0.0		/home/miguel/IBE-UPF/TFM/Master_projects/PhyloPhere/Data/6.CAAS_traitfiles/Ranked/df8_sp.tab
AADACL4@318	0	1000	0.0		/home/miguel/IBE-UPF/TFM/Master_projects/PhyloPhere/Data/6.CAAS_traitfiles/Ranked/df8_sp.tab
AADACL4@319	0	1000	0.0		/home/miguel/IBE-UPF/TFM/Master_projects/PhyloPhere/Data/6.CAAS_traitfiles/Ranked/df8_sp.tab
AADACL4@320	0	1000	0.0		/home/miguel/IBE-UPF/TFM/Master_projects/PhyloPhere/Data/6.CAAS_traitfiles/Ranked/df8_sp.tab
AADACL4@321	24	1000	0.024	b_577,b_136,b_952,b_289,b_257,b_63,b_669,b_247,b_848,b_451,b_655,b_30,b_692,b_134,b_744,b_77,b_49,b_78,b_172,b_997,b_96,b_845,b_695,b_509	/home/miguel/IBE-UPF/TFM/Master_projects/PhyloPhere/Data/6.CAAS_traitfiles/Ranked/df8_sp.tab
AADACL4@322	0	1000	0.0		/home/miguel/IBE-UPF/TFM/Master_projects/PhyloPhere/Data/6.CAAS_traitfiles/Ranked/df8_sp.tab
AADACL4@323	18	1000	0.018	b_577,b_136,b_289,b_257,b_63,b_669,b_848,b_451,b_692,b_134,b_325,b_744,b_77,b_78,b_172,b_997,b_845,b_509	/home/miguel/IBE-UPF/TFM/Master_projects/PhyloPhere/Data/6.CAAS_traitfiles/Ranked/df8_sp.tab
AADACL4@325	20	1000	0.02	b_577,b_728,b_136,b_257,b_63,b_669,b_247,b_848,b_774,b_717,b_655,b_692,b_97,b_491,b_77,b_524,b_172,b_894,b_997,b_211	/home/miguel/IBE-UPF/TFM/Master_projects/PhyloPhere/Data/6.CAAS_traitfiles/Ranked/df8_sp.tab
AADACL4@326	0	1000	0.0		/home/miguel/IBE-UPF/TFM/Master_projects/PhyloPhere/Data/6.CAAS_traitfiles/Ranked/df8_sp.tab
AADACL4@330	50	1000	0.05	b_671,b_436,b_99,b_625,b_849,b_577,b_728,b_216,b_320,b_289,b_63,b_669,b_848,b_866,b_540,b_774,b_933,b_8,b_183,b_907,b_401,b_858,b_291,b_60,b_692,b_134,b_191,b_528,b_215,b_89,b_734,b_458,b_744,b_432,b_369,b_557,b_78,b_723,b_649,b_997,b_371,b_606,b_558,b_956,b_845,b_697,b_283,b_164,b_335,b_509	/home/miguel/IBE-UPF/TFM/Master_projects/PhyloPhere/Data/6.CAAS_traitfiles/Ranked/df8_sp.tab
AADACL4@331	0	1000	0.0		/home/miguel/IBE-UPF/TFM/Master_projects/PhyloPhere/Data/6.CAAS_traitfiles/Ranked/df8_sp.tab
AADACL4@337	12	1000	0.012	b_99,b_728,b_320,b_63,b_774,b_60,b_607,b_309,b_89,b_432,b_557,b_606	/home/miguel/IBE-UPF/TFM/Master_projects/PhyloPhere/Data/6.CAAS_traitfiles/Ranked/df8_sp.tab
AADACL4@346	0	1000	0.0		/home/miguel/IBE-UPF/TFM/Master_projects/PhyloPhere/Data/6.CAAS_traitfiles/Ranked/df8_sp.tab
AADACL4@347	0	1000	0.0		/home/miguel/IBE-UPF/TFM/Master_projects/PhyloPhere/Data/6.CAAS_traitfiles/Ranked/df8_sp.tab
AADACL4@351	17	1000	0.017	b_136,b_289,b_257,b_63,b_669,b_590,b_907,b_793,b_134,b_744,b_77,b_524,b_416,b_997,b_845,b_188,b_75	/home/miguel/IBE-UPF/TFM/Master_projects/PhyloPhere/Data/6.CAAS_traitfiles/Ranked/df8_sp.tab
AADACL4@355	0	1000	0.0		/home/miguel/IBE-UPF/TFM/Master_projects/PhyloPhere/Data/6.CAAS_traitfiles/Ranked/df8_sp.tab
AADACL4@361	0	1000	0.0		/home/miguel/IBE-UPF/TFM/Master_projects/PhyloPhere/Data/6.CAAS_traitfiles/Ranked/df8_sp.tab
AADACL4@364	0	1000	0.0		/home/miguel/IBE-UPF/TFM/Master_projects/PhyloPhere/Data/6.CAAS_traitfiles/Ranked/df8_sp.tab
AADACL4@370	14	1000	0.014	b_671,b_625,b_216,b_933,b_8,b_858,b_291,b_191,b_528,b_369,b_697,b_283,b_164,b_335	/home/miguel/IBE-UPF/TFM/Master_projects/PhyloPhere/Data/6.CAAS_traitfiles/Ranked/df8_sp.tab
AADACL4@377	0	1000	0.0		/home/miguel/IBE-UPF/TFM/Master_projects/PhyloPhere/Data/6.CAAS_traitfiles/Ranked/df8_sp.tab
AADACL4@378	20	1000	0.02	b_99,b_136,b_63,b_771,b_774,b_23,b_814,b_60,b_215,b_77,b_432,b_416,b_723,b_319,b_649,b_371,b_258,b_254,b_882,b_86	/home/miguel/IBE-UPF/TFM/Master_projects/PhyloPhere/Data/6.CAAS_traitfiles/Ranked/df8_sp.tab
AADACL4@379	0	1000	0.0		/home/miguel/IBE-UPF/TFM/Master_projects/PhyloPhere/Data/6.CAAS_traitfiles/Ranked/df8_sp.tab
AADACL4@380	14	1000	0.014	b_671,b_625,b_216,b_933,b_8,b_858,b_291,b_191,b_528,b_369,b_697,b_283,b_164,b_335	/home/miguel/IBE-UPF/TFM/Master_projects/PhyloPhere/Data/6.CAAS_traitfiles/Ranked/df8_sp.tab
AADACL4@383	0	1000	0.0		/home/miguel/IBE-UPF/TFM/Master_projects/PhyloPhere/Data/6.CAAS_traitfiles/Ranked/df8_sp.tab
AADACL4@384	0	1000	0.0		/home/miguel/IBE-UPF/TFM/Master_projects/PhyloPhere/Data/6.CAAS_traitfiles/Ranked/df8_sp.tab
AADACL4@385	9	1000	0.009	b_175,b_671,b_66,b_905,b_725,b_291,b_929,b_369,b_283	/home/miguel/IBE-UPF/TFM/Master_projects/PhyloPhere/Data/6.CAAS_traitfiles/Ranked/df8_sp.tab
AADACL4@386	14	1000	0.014	b_671,b_625,b_216,b_933,b_8,b_858,b_291,b_191,b_528,b_369,b_697,b_283,b_164,b_335	/home/miguel/IBE-UPF/TFM/Master_projects/PhyloPhere/Data/6.CAAS_traitfiles/Ranked/df8_sp.tab
AADACL4@387	0	1000	0.0		/home/miguel/IBE-UPF/TFM/Master_projects/PhyloPhere/Data/6.CAAS_traitfiles/Ranked/df8_sp.tab
AADACL4@392	14	1000	0.014	b_671,b_625,b_216,b_933,b_8,b_858,b_291,b_191,b_528,b_369,b_697,b_283,b_164,b_335	/home/miguel/IBE-UPF/TFM/Master_projects/PhyloPhere/Data/6.CAAS_traitfiles/Ranked/df8_sp.tab
AADACL4@394	0	1000	0.0		/home/miguel/IBE-UPF/TFM/Master_projects/PhyloPhere/Data/6.CAAS_traitfiles/Ranked/df8_sp.tab
AADACL4@395	0	1000	0.0		/home/miguel/IBE-UPF/TFM/Master_projects/PhyloPhere/Data/6.CAAS_traitfiles/Ranked/df8_sp.tab
AADACL4@398	0	1000	0.0		/home/miguel/IBE-UPF/TFM/Master_projects/PhyloPhere/Data/6.CAAS_traitfiles/Ranked/df8_sp.tab
AADACL4@400	15	1000	0.015	b_136,b_952,b_63,b_669,b_247,b_848,b_655,b_30,b_77,b_49,b_172,b_997,b_96,b_695,b_509	/home/miguel/IBE-UPF/TFM/Master_projects/PhyloPhere/Data/6.CAAS_traitfiles/Ranked/df8_sp.tab
AADACL4@402	14	1000	0.014	b_671,b_625,b_216,b_933,b_8,b_858,b_291,b_191,b_528,b_369,b_697,b_283,b_164,b_335	/home/miguel/IBE-UPF/TFM/Master_projects/PhyloPhere/Data/6.CAAS_traitfiles/Ranked/df8_sp.tab
AADACL4@404	0	1000	0.0		/home/miguel/IBE-UPF/TFM/Master_projects/PhyloPhere/Data/6.CAAS_traitfiles/Ranked/df8_sp.tab
