ABCA7@1	0	1000	0.0		/home/miguel/IBE-UPF/TFM/Master_projects/PhyloPhere/Data/6.CAAS_traitfiles/Ranked/df8_sp.tab
ABCA7@14	12	1000	0.012	b_33,b_89,b_547,b_816,b_482,b_728,b_252,b_60,b_658,b_652,b_988,b_309	/home/miguel/IBE-UPF/TFM/Master_projects/PhyloPhere/Data/6.CAAS_traitfiles/Ranked/df8_sp.tab
ABCA7@15	7	1000	0.007	b_291,b_8,b_283,b_369,b_225,b_853,b_311	/home/miguel/IBE-UPF/TFM/Master_projects/PhyloPhere/Data/6.CAAS_traitfiles/Ranked/df8_sp.tab
ABCA7@22	8	1000	0.008	b_755,b_164,b_291,b_8,b_671,b_283,b_369,b_311	/home/miguel/IBE-UPF/TFM/Master_projects/PhyloPhere/Data/6.CAAS_traitfiles/Ranked/df8_sp.tab
ABCA7@28	0	1000	0.0		/home/miguel/IBE-UPF/TFM/Master_projects/PhyloPhere/Data/6.CAAS_traitfiles/Ranked/df8_sp.tab
ABCA7@36	0	1000	0.0		/home/miguel/IBE-UPF/TFM/Master_projects/PhyloPhere/Data/6.CAAS_traitfiles/Ranked/df8_sp.tab
ABCA7@44	0	1000	0.0		/home/miguel/IBE-UPF/TFM/Master_projects/PhyloPhere/Data/6.CAAS_traitfiles/Ranked/df8_sp.tab
ABCA7@48	0	1000	0.0		/home/miguel/IBE-UPF/TFM/Master_projects/PhyloPhere/Data/6.CAAS_traitfiles/Ranked/df8_sp.tab
ABCA7@50	0	1000	0.0		/home/miguel/IBE-UPF/TFM/Master_projects/PhyloPhere/Data/6.CAAS_traitfiles/Ranked/df8_sp.tab
ABCA7@56	5	1000	0.005	b_845,b_744,b_134,b_669,b_997	/home/miguel/IBE-UPF/TFM/Master_projects/PhyloPhere/Data/6.CAAS_traitfiles/Ranked/df8_sp.tab
ABCA7@65	14	1000	0.014	b_151,b_994,b_780,b_873,b_30,b_96,b_382,b_509,b_240,b_364,b_688,b_669,b_997,b_65	/home/miguel/IBE-UPF/TFM/Master_projects/PhyloPhere/Data/6.CAAS_traitfiles/Ranked/df8_sp.tab
ABCA7@66	0	1000	0.0		/home/miguel/IBE-UPF/TFM/Master_projects/PhyloPhere/Data/6.CAAS_traitfiles/Ranked/df8_sp.tab
ABCA7@69	0	1000	0.0		/home/miguel/IBE-UPF/TFM/Master_projects/PhyloPhere/Data/6.CAAS_traitfiles/Ranked/df8_sp.tab
ABCA7@76	9	1000	0.009	b_424,b_89,b_728,b_60,b_774,b_658,b_652,b_988,b_309	/home/miguel/IBE-UPF/TFM/Master_projects/PhyloPhere/Data/6.CAAS_traitfiles/Ranked/df8_sp.tab
ABCA7@82	2	1000	0.002	b_692,b_651	/home/miguel/IBE-UPF/TFM/Master_projects/PhyloPhere/Data/6.CAAS_traitfiles/Ranked/df8_sp.tab
ABCA7@83	19	1000	0.019	b_164,b_291,b_8,b_514,b_671,b_39,b_148,b_283,b_654,b_369,b_225,b_853,b_650,b_255,b_180,b_170,b_182,b_209,b_632	/home/miguel/IBE-UPF/TFM/Master_projects/PhyloPhere/Data/6.CAAS_traitfiles/Ranked/df8_sp.tab
ABCA7@84	19	1000	0.019	b_164,b_291,b_8,b_514,b_671,b_39,b_148,b_283,b_654,b_369,b_225,b_853,b_650,b_255,b_180,b_170,b_182,b_209,b_632	/home/miguel/IBE-UPF/TFM/Master_projects/PhyloPhere/Data/6.CAAS_traitfiles/Ranked/df8_sp.tab
ABCA7@86	38	1000	0.038	b_822,b_742,b_590,b_692,b_845,b_865,b_780,b_142,b_873,b_685,b_232,b_454,b_382,b_654,b_509,b_396,b_744,b_316,b_225,b_78,b_328,b_853,b_629,b_577,b_102,b_134,b_669,b_538,b_745,b_297,b_488,b_706,b_997,b_65,b_309,b_651,b_462,b_609	/home/miguel/IBE-UPF/TFM/Master_projects/PhyloPhere/Data/6.CAAS_traitfiles/Ranked/df8_sp.tab
ABCA7@90	0	1000	0.0		/home/miguel/IBE-UPF/TFM/Master_projects/PhyloPhere/Data/6.CAAS_traitfiles/Ranked/df8_sp.tab
ABCA7@91	0	1000	0.0		/home/miguel/IBE-UPF/TFM/Master_projects/PhyloPhere/Data/6.CAAS_traitfiles/Ranked/df8_sp.tab
ABCA7@92	21	1000	0.021	b_164,b_291,b_8,b_217,b_514,b_671,b_39,b_148,b_283,b_654,b_369,b_482,b_225,b_853,b_650,b_255,b_180,b_170,b_182,b_209,b_632	/home/miguel/IBE-UPF/TFM/Master_projects/PhyloPhere/Data/6.CAAS_traitfiles/Ranked/df8_sp.tab
ABCA7@94	19	1000	0.019	b_164,b_291,b_8,b_514,b_671,b_39,b_148,b_283,b_654,b_369,b_225,b_853,b_650,b_255,b_180,b_170,b_182,b_209,b_632	/home/miguel/IBE-UPF/TFM/Master_projects/PhyloPhere/Data/6.CAAS_traitfiles/Ranked/df8_sp.tab
ABCA7@98	14	1000	0.014	b_590,b_89,b_142,b_454,b_328,b_728,b_60,b_774,b_658,b_652,b_745,b_988,b_309,b_609	/home/miguel/IBE-UPF/TFM/Master_projects/PhyloPhere/Data/6.CAAS_traitfiles/Ranked/df8_sp.tab
ABCA7@101	0	1000	0.0		/home/miguel/IBE-UPF/TFM/Master_projects/PhyloPhere/Data/6.CAAS_traitfiles/Ranked/df8_sp.tab
ABCA7@109	33	1000	0.033	b_822,b_742,b_692,b_845,b_865,b_780,b_142,b_685,b_873,b_232,b_382,b_654,b_509,b_396,b_744,b_316,b_225,b_78,b_853,b_629,b_577,b_453,b_102,b_134,b_669,b_538,b_297,b_488,b_706,b_997,b_65,b_651,b_462	/home/miguel/IBE-UPF/TFM/Master_projects/PhyloPhere/Data/6.CAAS_traitfiles/Ranked/df8_sp.tab
ABCA7@110	0	1000	0.0		/home/miguel/IBE-UPF/TFM/Master_projects/PhyloPhere/Data/6.CAAS_traitfiles/Ranked/df8_sp.tab
ABCA7@113	13	1000	0.013	b_845,b_142,b_396,b_744,b_79,b_629,b_134,b_669,b_538,b_297,b_488,b_997,b_462	/home/miguel/IBE-UPF/TFM/Master_projects/PhyloPhere/Data/6.CAAS_traitfiles/Ranked/df8_sp.tab
ABCA7@115	15	1000	0.015	b_106,b_81,b_89,b_723,b_937,b_728,b_734,b_457,b_60,b_774,b_205,b_658,b_652,b_988,b_931	/home/miguel/IBE-UPF/TFM/Master_projects/PhyloPhere/Data/6.CAAS_traitfiles/Ranked/df8_sp.tab
ABCA7@116	0	1000	0.0		/home/miguel/IBE-UPF/TFM/Master_projects/PhyloPhere/Data/6.CAAS_traitfiles/Ranked/df8_sp.tab
ABCA7@117	5	1000	0.005	b_151,b_240,b_364,b_669,b_997	/home/miguel/IBE-UPF/TFM/Master_projects/PhyloPhere/Data/6.CAAS_traitfiles/Ranked/df8_sp.tab
ABCA7@120	0	1000	0.0		/home/miguel/IBE-UPF/TFM/Master_projects/PhyloPhere/Data/6.CAAS_traitfiles/Ranked/df8_sp.tab
ABCA7@125	19	1000	0.019	b_164,b_291,b_8,b_514,b_671,b_39,b_148,b_283,b_654,b_369,b_225,b_853,b_650,b_255,b_180,b_170,b_182,b_209,b_632	/home/miguel/IBE-UPF/TFM/Master_projects/PhyloPhere/Data/6.CAAS_traitfiles/Ranked/df8_sp.tab
ABCA7@127	0	1000	0.0		/home/miguel/IBE-UPF/TFM/Master_projects/PhyloPhere/Data/6.CAAS_traitfiles/Ranked/df8_sp.tab
ABCA7@128	1	1000	0.001	b_547	/home/miguel/IBE-UPF/TFM/Master_projects/PhyloPhere/Data/6.CAAS_traitfiles/Ranked/df8_sp.tab
ABCA7@129	12	1000	0.012	b_142,b_744,b_699,b_79,b_629,b_669,b_411,b_337,b_997,b_651,b_462,b_609	/home/miguel/IBE-UPF/TFM/Master_projects/PhyloPhere/Data/6.CAAS_traitfiles/Ranked/df8_sp.tab
ABCA7@130	2	1000	0.002	b_994,b_869	/home/miguel/IBE-UPF/TFM/Master_projects/PhyloPhere/Data/6.CAAS_traitfiles/Ranked/df8_sp.tab
ABCA7@133	0	1000	0.0		/home/miguel/IBE-UPF/TFM/Master_projects/PhyloPhere/Data/6.CAAS_traitfiles/Ranked/df8_sp.tab
ABCA7@134	0	1000	0.0		/home/miguel/IBE-UPF/TFM/Master_projects/PhyloPhere/Data/6.CAAS_traitfiles/Ranked/df8_sp.tab
ABCA7@135	8	1000	0.008	b_89,b_728,b_60,b_774,b_658,b_652,b_988,b_309	/home/miguel/IBE-UPF/TFM/Master_projects/PhyloPhere/Data/6.CAAS_traitfiles/Ranked/df8_sp.tab
ABCA7@136	35	1000	0.035	b_151,b_822,b_742,b_692,b_845,b_865,b_780,b_142,b_685,b_873,b_30,b_232,b_382,b_654,b_509,b_396,b_744,b_316,b_225,b_78,b_853,b_629,b_577,b_688,b_102,b_134,b_669,b_538,b_297,b_488,b_706,b_997,b_65,b_651,b_462	/home/miguel/IBE-UPF/TFM/Master_projects/PhyloPhere/Data/6.CAAS_traitfiles/Ranked/df8_sp.tab
ABCA7@137	7	1000	0.007	b_316,b_629,b_207,b_337,b_997,b_462,b_609	/home/miguel/IBE-UPF/TFM/Master_projects/PhyloPhere/Data/6.CAAS_traitfiles/Ranked/df8_sp.tab
ABCA7@138	0	1000	0.0		/home/miguel/IBE-UPF/TFM/Master_projects/PhyloPhere/Data/6.CAAS_traitfiles/Ranked/df8_sp.tab
ABCA7@139	15	1000	0.015	b_622,b_845,b_142,b_382,b_396,b_744,b_79,b_629,b_134,b_669,b_538,b_297,b_488,b_997,b_462	/home/miguel/IBE-UPF/TFM/Master_projects/PhyloPhere/Data/6.CAAS_traitfiles/Ranked/df8_sp.tab
ABCA7@140	0	1000	0.0		/home/miguel/IBE-UPF/TFM/Master_projects/PhyloPhere/Data/6.CAAS_traitfiles/Ranked/df8_sp.tab
ABCA7@141	0	1000	0.0		/home/miguel/IBE-UPF/TFM/Master_projects/PhyloPhere/Data/6.CAAS_traitfiles/Ranked/df8_sp.tab
ABCA7@142	10	1000	0.01	b_8,b_514,b_39,b_148,b_283,b_369,b_853,b_650,b_60,b_632	/home/miguel/IBE-UPF/TFM/Master_projects/PhyloPhere/Data/6.CAAS_traitfiles/Ranked/df8_sp.tab
ABCA7@143	0	1000	0.0		/home/miguel/IBE-UPF/TFM/Master_projects/PhyloPhere/Data/6.CAAS_traitfiles/Ranked/df8_sp.tab
ABCA7@144	0	1000	0.0		/home/miguel/IBE-UPF/TFM/Master_projects/PhyloPhere/Data/6.CAAS_traitfiles/Ranked/df8_sp.tab
ABCA7@148	0	1000	0.0		/home/miguel/IBE-UPF/TFM/Master_projects/PhyloPhere/Data/6.CAAS_traitfiles/Ranked/df8_sp.tab
ABCA7@149	0	1000	0.0		/home/miguel/IBE-UPF/TFM/Master_projects/PhyloPhere/Data/6.CAAS_traitfiles/Ranked/df8_sp.tab
ABCA7@150	0	1000	0.0		/home/miguel/IBE-UPF/TFM/Master_projects/PhyloPhere/Data/6.CAAS_traitfiles/Ranked/df8_sp.tab
ABCA7@151	0	1000	0.0		/home/miguel/IBE-UPF/TFM/Master_projects/PhyloPhere/Data/6.CAAS_traitfiles/Ranked/df8_sp.tab
ABCA7@152	2	1000	0.002	b_669,b_997	/home/miguel/IBE-UPF/TFM/Master_projects/PhyloPhere/Data/6.CAAS_traitfiles/Ranked/df8_sp.tab
ABCA7@153	19	1000	0.019	b_164,b_291,b_8,b_514,b_671,b_39,b_148,b_283,b_654,b_369,b_225,b_853,b_650,b_255,b_180,b_170,b_182,b_209,b_632	/home/miguel/IBE-UPF/TFM/Master_projects/PhyloPhere/Data/6.CAAS_traitfiles/Ranked/df8_sp.tab
ABCA7@154	0	1000	0.0		/home/miguel/IBE-UPF/TFM/Master_projects/PhyloPhere/Data/6.CAAS_traitfiles/Ranked/df8_sp.tab
ABCA7@155	0	1000	0.0		/home/miguel/IBE-UPF/TFM/Master_projects/PhyloPhere/Data/6.CAAS_traitfiles/Ranked/df8_sp.tab
ABCA7@158	33	1000	0.033	b_822,b_742,b_692,b_89,b_845,b_865,b_780,b_142,b_685,b_873,b_232,b_382,b_654,b_509,b_396,b_744,b_316,b_225,b_78,b_853,b_629,b_577,b_102,b_134,b_669,b_538,b_297,b_488,b_706,b_997,b_65,b_651,b_462	/home/miguel/IBE-UPF/TFM/Master_projects/PhyloPhere/Data/6.CAAS_traitfiles/Ranked/df8_sp.tab
ABCA7@159	0	1000	0.0		/home/miguel/IBE-UPF/TFM/Master_projects/PhyloPhere/Data/6.CAAS_traitfiles/Ranked/df8_sp.tab
ABCA7@160	19	1000	0.019	b_164,b_291,b_8,b_514,b_671,b_39,b_148,b_283,b_654,b_369,b_225,b_853,b_650,b_255,b_180,b_170,b_182,b_209,b_632	/home/miguel/IBE-UPF/TFM/Master_projects/PhyloPhere/Data/6.CAAS_traitfiles/Ranked/df8_sp.tab
ABCA7@161	19	1000	0.019	b_164,b_291,b_8,b_514,b_671,b_39,b_148,b_283,b_654,b_369,b_225,b_853,b_650,b_255,b_180,b_170,b_182,b_209,b_632	/home/miguel/IBE-UPF/TFM/Master_projects/PhyloPhere/Data/6.CAAS_traitfiles/Ranked/df8_sp.tab
ABCA7@162	35	1000	0.035	b_822,b_742,b_692,b_845,b_865,b_780,b_142,b_685,b_873,b_232,b_96,b_382,b_654,b_509,b_396,b_744,b_316,b_225,b_78,b_853,b_240,b_629,b_364,b_577,b_102,b_134,b_669,b_538,b_297,b_488,b_706,b_997,b_65,b_651,b_462	/home/miguel/IBE-UPF/TFM/Master_projects/PhyloPhere/Data/6.CAAS_traitfiles/Ranked/df8_sp.tab
ABCA7@163	58	1000	0.058	b_822,b_164,b_742,b_291,b_8,b_692,b_89,b_845,b_865,b_780,b_514,b_142,b_671,b_685,b_873,b_39,b_232,b_148,b_283,b_723,b_382,b_654,b_369,b_509,b_396,b_744,b_316,b_225,b_78,b_853,b_728,b_734,b_650,b_60,b_629,b_774,b_255,b_577,b_102,b_658,b_652,b_134,b_669,b_538,b_180,b_170,b_297,b_488,b_706,b_997,b_988,b_182,b_65,b_209,b_651,b_632,b_462,b_931	/home/miguel/IBE-UPF/TFM/Master_projects/PhyloPhere/Data/6.CAAS_traitfiles/Ranked/df8_sp.tab
ABCA7@166	0	1000	0.0		/home/miguel/IBE-UPF/TFM/Master_projects/PhyloPhere/Data/6.CAAS_traitfiles/Ranked/df8_sp.tab
ABCA7@171	32	1000	0.032	b_822,b_742,b_692,b_845,b_865,b_780,b_142,b_685,b_873,b_232,b_382,b_654,b_509,b_396,b_744,b_316,b_225,b_78,b_853,b_629,b_577,b_102,b_134,b_669,b_538,b_297,b_488,b_706,b_997,b_65,b_651,b_462	/home/miguel/IBE-UPF/TFM/Master_projects/PhyloPhere/Data/6.CAAS_traitfiles/Ranked/df8_sp.tab
ABCA7@172	0	1000	0.0		/home/miguel/IBE-UPF/TFM/Master_projects/PhyloPhere/Data/6.CAAS_traitfiles/Ranked/df8_sp.tab
ABCA7@173	8	1000	0.008	b_89,b_728,b_60,b_774,b_658,b_652,b_988,b_309	/home/miguel/IBE-UPF/TFM/Master_projects/PhyloPhere/Data/6.CAAS_traitfiles/Ranked/df8_sp.tab
ABCA7@174	0	1000	0.0		/home/miguel/IBE-UPF/TFM/Master_projects/PhyloPhere/Data/6.CAAS_traitfiles/Ranked/df8_sp.tab
ABCA7@175	16	1000	0.016	b_742,b_692,b_845,b_780,b_142,b_685,b_873,b_232,b_654,b_316,b_463,b_669,b_538,b_488,b_706,b_462	/home/miguel/IBE-UPF/TFM/Master_projects/PhyloPhere/Data/6.CAAS_traitfiles/Ranked/df8_sp.tab
ABCA7@176	4	1000	0.004	b_737,b_744,b_316,b_812	/home/miguel/IBE-UPF/TFM/Master_projects/PhyloPhere/Data/6.CAAS_traitfiles/Ranked/df8_sp.tab
ABCA7@178	7	1000	0.007	b_23,b_723,b_60,b_774,b_658,b_988,b_309	/home/miguel/IBE-UPF/TFM/Master_projects/PhyloPhere/Data/6.CAAS_traitfiles/Ranked/df8_sp.tab
ABCA7@181	3	1000	0.003	b_728,b_60,b_931	/home/miguel/IBE-UPF/TFM/Master_projects/PhyloPhere/Data/6.CAAS_traitfiles/Ranked/df8_sp.tab
ABCA7@183	0	1000	0.0		/home/miguel/IBE-UPF/TFM/Master_projects/PhyloPhere/Data/6.CAAS_traitfiles/Ranked/df8_sp.tab
ABCA7@184	16	1000	0.016	b_291,b_138,b_8,b_217,b_514,b_148,b_654,b_369,b_225,b_853,b_650,b_255,b_180,b_170,b_209,b_632	/home/miguel/IBE-UPF/TFM/Master_projects/PhyloPhere/Data/6.CAAS_traitfiles/Ranked/df8_sp.tab
ABCA7@185	0	1000	0.0		/home/miguel/IBE-UPF/TFM/Master_projects/PhyloPhere/Data/6.CAAS_traitfiles/Ranked/df8_sp.tab
ABCA7@186	0	1000	0.0		/home/miguel/IBE-UPF/TFM/Master_projects/PhyloPhere/Data/6.CAAS_traitfiles/Ranked/df8_sp.tab
ABCA7@187	0	1000	0.0		/home/miguel/IBE-UPF/TFM/Master_projects/PhyloPhere/Data/6.CAAS_traitfiles/Ranked/df8_sp.tab
ABCA7@188	14	1000	0.014	b_89,b_368,b_728,b_60,b_774,b_658,b_40,b_652,b_337,b_997,b_988,b_309,b_462,b_609	/home/miguel/IBE-UPF/TFM/Master_projects/PhyloPhere/Data/6.CAAS_traitfiles/Ranked/df8_sp.tab
ABCA7@189	0	1000	0.0		/home/miguel/IBE-UPF/TFM/Master_projects/PhyloPhere/Data/6.CAAS_traitfiles/Ranked/df8_sp.tab
ABCA7@190	0	1000	0.0		/home/miguel/IBE-UPF/TFM/Master_projects/PhyloPhere/Data/6.CAAS_traitfiles/Ranked/df8_sp.tab
ABCA7@191	19	1000	0.019	b_164,b_291,b_8,b_514,b_671,b_39,b_148,b_283,b_654,b_369,b_225,b_853,b_650,b_255,b_180,b_170,b_182,b_209,b_632	/home/miguel/IBE-UPF/TFM/Master_projects/PhyloPhere/Data/6.CAAS_traitfiles/Ranked/df8_sp.tab
ABCA7@193	23	1000	0.023	b_822,b_89,b_780,b_142,b_382,b_744,b_316,b_699,b_728,b_60,b_629,b_774,b_658,b_652,b_669,b_337,b_706,b_997,b_988,b_309,b_651,b_462,b_609	/home/miguel/IBE-UPF/TFM/Master_projects/PhyloPhere/Data/6.CAAS_traitfiles/Ranked/df8_sp.tab
ABCA7@194	0	1000	0.0		/home/miguel/IBE-UPF/TFM/Master_projects/PhyloPhere/Data/6.CAAS_traitfiles/Ranked/df8_sp.tab
ABCA7@195	0	1000	0.0		/home/miguel/IBE-UPF/TFM/Master_projects/PhyloPhere/Data/6.CAAS_traitfiles/Ranked/df8_sp.tab
ABCA7@197	0	1000	0.0		/home/miguel/IBE-UPF/TFM/Master_projects/PhyloPhere/Data/6.CAAS_traitfiles/Ranked/df8_sp.tab
ABCA7@198	0	1000	0.0		/home/miguel/IBE-UPF/TFM/Master_projects/PhyloPhere/Data/6.CAAS_traitfiles/Ranked/df8_sp.tab
ABCA7@199	19	1000	0.019	b_164,b_291,b_8,b_514,b_671,b_39,b_148,b_283,b_654,b_369,b_225,b_853,b_650,b_255,b_180,b_170,b_182,b_209,b_632	/home/miguel/IBE-UPF/TFM/Master_projects/PhyloPhere/Data/6.CAAS_traitfiles/Ranked/df8_sp.tab
ABCA7@200	19	1000	0.019	b_164,b_291,b_8,b_514,b_671,b_39,b_148,b_283,b_654,b_369,b_225,b_853,b_650,b_255,b_180,b_170,b_182,b_209,b_632	/home/miguel/IBE-UPF/TFM/Master_projects/PhyloPhere/Data/6.CAAS_traitfiles/Ranked/df8_sp.tab
ABCA7@202	32	1000	0.032	b_822,b_742,b_692,b_845,b_865,b_780,b_142,b_685,b_873,b_232,b_382,b_654,b_509,b_396,b_744,b_316,b_225,b_78,b_853,b_629,b_577,b_102,b_134,b_669,b_538,b_297,b_488,b_706,b_997,b_65,b_651,b_462	/home/miguel/IBE-UPF/TFM/Master_projects/PhyloPhere/Data/6.CAAS_traitfiles/Ranked/df8_sp.tab
ABCA7@206	20	1000	0.02	b_742,b_692,b_780,b_873,b_96,b_382,b_509,b_396,b_240,b_629,b_364,b_577,b_134,b_669,b_538,b_488,b_706,b_997,b_65,b_651	/home/miguel/IBE-UPF/TFM/Master_projects/PhyloPhere/Data/6.CAAS_traitfiles/Ranked/df8_sp.tab
ABCA7@207	0	1000	0.0		/home/miguel/IBE-UPF/TFM/Master_projects/PhyloPhere/Data/6.CAAS_traitfiles/Ranked/df8_sp.tab
ABCA7@210	0	1000	0.0		/home/miguel/IBE-UPF/TFM/Master_projects/PhyloPhere/Data/6.CAAS_traitfiles/Ranked/df8_sp.tab
ABCA7@212	9	1000	0.009	b_8,b_222,b_514,b_39,b_283,b_369,b_853,b_98,b_977	/home/miguel/IBE-UPF/TFM/Master_projects/PhyloPhere/Data/6.CAAS_traitfiles/Ranked/df8_sp.tab
ABCA7@213	11	1000	0.011	b_291,b_8,b_514,b_148,b_369,b_225,b_853,b_650,b_182,b_209,b_632	/home/miguel/IBE-UPF/TFM/Master_projects/PhyloPhere/Data/6.CAAS_traitfiles/Ranked/df8_sp.tab
ABCA7@217	0	1000	0.0		/home/miguel/IBE-UPF/TFM/Master_projects/PhyloPhere/Data/6.CAAS_traitfiles/Ranked/df8_sp.tab
ABCA7@219	0	1000	0.0		/home/miguel/IBE-UPF/TFM/Master_projects/PhyloPhere/Data/6.CAAS_traitfiles/Ranked/df8_sp.tab
ABCA7@221	32	1000	0.032	b_822,b_742,b_692,b_845,b_865,b_780,b_142,b_685,b_873,b_232,b_382,b_654,b_509,b_396,b_744,b_316,b_225,b_78,b_853,b_629,b_577,b_102,b_134,b_669,b_538,b_297,b_488,b_706,b_997,b_65,b_651,b_462	/home/miguel/IBE-UPF/TFM/Master_projects/PhyloPhere/Data/6.CAAS_traitfiles/Ranked/df8_sp.tab
ABCA7@225	0	1000	0.0		/home/miguel/IBE-UPF/TFM/Master_projects/PhyloPhere/Data/6.CAAS_traitfiles/Ranked/df8_sp.tab
ABCA7@226	19	1000	0.019	b_164,b_291,b_8,b_514,b_671,b_39,b_148,b_283,b_654,b_369,b_225,b_853,b_650,b_255,b_180,b_170,b_182,b_209,b_632	/home/miguel/IBE-UPF/TFM/Master_projects/PhyloPhere/Data/6.CAAS_traitfiles/Ranked/df8_sp.tab
ABCA7@229	0	1000	0.0		/home/miguel/IBE-UPF/TFM/Master_projects/PhyloPhere/Data/6.CAAS_traitfiles/Ranked/df8_sp.tab
ABCA7@230	4	1000	0.004	b_89,b_728,b_774,b_988	/home/miguel/IBE-UPF/TFM/Master_projects/PhyloPhere/Data/6.CAAS_traitfiles/Ranked/df8_sp.tab
ABCA7@231	0	1000	0.0		/home/miguel/IBE-UPF/TFM/Master_projects/PhyloPhere/Data/6.CAAS_traitfiles/Ranked/df8_sp.tab
ABCA7@233	32	1000	0.032	b_822,b_742,b_692,b_845,b_865,b_780,b_142,b_685,b_873,b_232,b_382,b_654,b_509,b_396,b_744,b_316,b_225,b_78,b_853,b_629,b_577,b_102,b_134,b_669,b_538,b_297,b_488,b_706,b_997,b_65,b_651,b_462	/home/miguel/IBE-UPF/TFM/Master_projects/PhyloPhere/Data/6.CAAS_traitfiles/Ranked/df8_sp.tab
ABCA7@234	20	1000	0.02	b_164,b_291,b_8,b_514,b_671,b_39,b_148,b_283,b_654,b_369,b_225,b_853,b_650,b_255,b_311,b_180,b_170,b_182,b_209,b_632	/home/miguel/IBE-UPF/TFM/Master_projects/PhyloPhere/Data/6.CAAS_traitfiles/Ranked/df8_sp.tab
ABCA7@236	0	1000	0.0		/home/miguel/IBE-UPF/TFM/Master_projects/PhyloPhere/Data/6.CAAS_traitfiles/Ranked/df8_sp.tab
ABCA7@238	0	1000	0.0		/home/miguel/IBE-UPF/TFM/Master_projects/PhyloPhere/Data/6.CAAS_traitfiles/Ranked/df8_sp.tab
ABCA7@240	20	1000	0.02	b_164,b_291,b_901,b_865,b_514,b_671,b_283,b_654,b_369,b_225,b_853,b_457,b_650,b_255,b_41,b_180,b_997,b_182,b_668,b_632	/home/miguel/IBE-UPF/TFM/Master_projects/PhyloPhere/Data/6.CAAS_traitfiles/Ranked/df8_sp.tab
ABCA7@241	0	1000	0.0		/home/miguel/IBE-UPF/TFM/Master_projects/PhyloPhere/Data/6.CAAS_traitfiles/Ranked/df8_sp.tab
ABCA7@252	9	1000	0.009	b_901,b_89,b_820,b_937,b_734,b_457,b_60,b_774,b_41	/home/miguel/IBE-UPF/TFM/Master_projects/PhyloPhere/Data/6.CAAS_traitfiles/Ranked/df8_sp.tab
ABCA7@254	19	1000	0.019	b_164,b_291,b_8,b_514,b_671,b_39,b_148,b_283,b_654,b_369,b_225,b_853,b_650,b_255,b_180,b_170,b_182,b_209,b_632	/home/miguel/IBE-UPF/TFM/Master_projects/PhyloPhere/Data/6.CAAS_traitfiles/Ranked/df8_sp.tab
ABCA7@255	7	1000	0.007	b_622,b_89,b_685,b_728,b_774,b_669,b_988	/home/miguel/IBE-UPF/TFM/Master_projects/PhyloPhere/Data/6.CAAS_traitfiles/Ranked/df8_sp.tab
ABCA7@260	0	1000	0.0		/home/miguel/IBE-UPF/TFM/Master_projects/PhyloPhere/Data/6.CAAS_traitfiles/Ranked/df8_sp.tab
ABCA7@265	19	1000	0.019	b_164,b_291,b_8,b_514,b_671,b_39,b_148,b_283,b_654,b_369,b_225,b_853,b_650,b_255,b_180,b_170,b_182,b_209,b_632	/home/miguel/IBE-UPF/TFM/Master_projects/PhyloPhere/Data/6.CAAS_traitfiles/Ranked/df8_sp.tab
ABCA7@266	19	1000	0.019	b_164,b_291,b_8,b_514,b_671,b_39,b_148,b_283,b_654,b_369,b_225,b_853,b_650,b_255,b_180,b_170,b_182,b_209,b_632	/home/miguel/IBE-UPF/TFM/Master_projects/PhyloPhere/Data/6.CAAS_traitfiles/Ranked/df8_sp.tab
ABCA7@269	0	1000	0.0		/home/miguel/IBE-UPF/TFM/Master_projects/PhyloPhere/Data/6.CAAS_traitfiles/Ranked/df8_sp.tab
ABCA7@270	19	1000	0.019	b_164,b_291,b_8,b_514,b_671,b_39,b_148,b_283,b_654,b_369,b_225,b_853,b_650,b_255,b_180,b_170,b_182,b_209,b_632	/home/miguel/IBE-UPF/TFM/Master_projects/PhyloPhere/Data/6.CAAS_traitfiles/Ranked/df8_sp.tab
ABCA7@277	0	1000	0.0		/home/miguel/IBE-UPF/TFM/Master_projects/PhyloPhere/Data/6.CAAS_traitfiles/Ranked/df8_sp.tab
ABCA7@285	19	1000	0.019	b_164,b_291,b_8,b_514,b_671,b_39,b_148,b_283,b_654,b_369,b_225,b_853,b_650,b_255,b_180,b_170,b_182,b_209,b_632	/home/miguel/IBE-UPF/TFM/Master_projects/PhyloPhere/Data/6.CAAS_traitfiles/Ranked/df8_sp.tab
ABCA7@288	0	1000	0.0		/home/miguel/IBE-UPF/TFM/Master_projects/PhyloPhere/Data/6.CAAS_traitfiles/Ranked/df8_sp.tab
ABCA7@289	19	1000	0.019	b_164,b_291,b_8,b_514,b_671,b_39,b_148,b_283,b_654,b_369,b_225,b_853,b_650,b_255,b_180,b_170,b_182,b_209,b_632	/home/miguel/IBE-UPF/TFM/Master_projects/PhyloPhere/Data/6.CAAS_traitfiles/Ranked/df8_sp.tab
ABCA7@292	32	1000	0.032	b_822,b_742,b_692,b_845,b_865,b_780,b_142,b_685,b_873,b_232,b_382,b_654,b_509,b_396,b_744,b_316,b_225,b_78,b_853,b_629,b_577,b_102,b_134,b_669,b_538,b_297,b_488,b_706,b_997,b_65,b_651,b_462	/home/miguel/IBE-UPF/TFM/Master_projects/PhyloPhere/Data/6.CAAS_traitfiles/Ranked/df8_sp.tab
ABCA7@296	0	1000	0.0		/home/miguel/IBE-UPF/TFM/Master_projects/PhyloPhere/Data/6.CAAS_traitfiles/Ranked/df8_sp.tab
ABCA7@297	0	1000	0.0		/home/miguel/IBE-UPF/TFM/Master_projects/PhyloPhere/Data/6.CAAS_traitfiles/Ranked/df8_sp.tab
ABCA7@299	0	1000	0.0		/home/miguel/IBE-UPF/TFM/Master_projects/PhyloPhere/Data/6.CAAS_traitfiles/Ranked/df8_sp.tab
ABCA7@301	19	1000	0.019	b_164,b_291,b_8,b_514,b_671,b_39,b_148,b_283,b_654,b_369,b_225,b_853,b_650,b_255,b_180,b_170,b_182,b_209,b_632	/home/miguel/IBE-UPF/TFM/Master_projects/PhyloPhere/Data/6.CAAS_traitfiles/Ranked/df8_sp.tab
ABCA7@303	0	1000	0.0		/home/miguel/IBE-UPF/TFM/Master_projects/PhyloPhere/Data/6.CAAS_traitfiles/Ranked/df8_sp.tab
ABCA7@304	8	1000	0.008	b_164,b_576,b_368,b_671,b_225,b_853,b_453,b_91	/home/miguel/IBE-UPF/TFM/Master_projects/PhyloPhere/Data/6.CAAS_traitfiles/Ranked/df8_sp.tab
ABCA7@306	0	1000	0.0		/home/miguel/IBE-UPF/TFM/Master_projects/PhyloPhere/Data/6.CAAS_traitfiles/Ranked/df8_sp.tab
ABCA7@308	10	1000	0.01	b_89,b_723,b_728,b_734,b_60,b_774,b_658,b_652,b_988,b_931	/home/miguel/IBE-UPF/TFM/Master_projects/PhyloPhere/Data/6.CAAS_traitfiles/Ranked/df8_sp.tab
ABCA7@309	0	1000	0.0		/home/miguel/IBE-UPF/TFM/Master_projects/PhyloPhere/Data/6.CAAS_traitfiles/Ranked/df8_sp.tab
ABCA7@313	0	1000	0.0		/home/miguel/IBE-UPF/TFM/Master_projects/PhyloPhere/Data/6.CAAS_traitfiles/Ranked/df8_sp.tab
ABCA7@314	0	1000	0.0		/home/miguel/IBE-UPF/TFM/Master_projects/PhyloPhere/Data/6.CAAS_traitfiles/Ranked/df8_sp.tab
ABCA7@316	0	1000	0.0		/home/miguel/IBE-UPF/TFM/Master_projects/PhyloPhere/Data/6.CAAS_traitfiles/Ranked/df8_sp.tab
ABCA7@320	14	1000	0.014	b_164,b_8,b_71,b_671,b_39,b_148,b_654,b_369,b_225,b_180,b_170,b_182,b_209,b_632	/home/miguel/IBE-UPF/TFM/Master_projects/PhyloPhere/Data/6.CAAS_traitfiles/Ranked/df8_sp.tab
ABCA7@322	10	1000	0.01	b_89,b_723,b_728,b_734,b_60,b_774,b_658,b_652,b_988,b_931	/home/miguel/IBE-UPF/TFM/Master_projects/PhyloPhere/Data/6.CAAS_traitfiles/Ranked/df8_sp.tab
ABCA7@325	0	1000	0.0		/home/miguel/IBE-UPF/TFM/Master_projects/PhyloPhere/Data/6.CAAS_traitfiles/Ranked/df8_sp.tab
ABCA7@326	2	1000	0.002	b_901,b_253	/home/miguel/IBE-UPF/TFM/Master_projects/PhyloPhere/Data/6.CAAS_traitfiles/Ranked/df8_sp.tab
ABCA7@328	6	1000	0.006	b_142,b_685,b_463,b_538,b_272,b_943	/home/miguel/IBE-UPF/TFM/Master_projects/PhyloPhere/Data/6.CAAS_traitfiles/Ranked/df8_sp.tab
ABCA7@329	20	1000	0.02	b_164,b_291,b_8,b_514,b_671,b_39,b_148,b_283,b_654,b_369,b_482,b_225,b_853,b_650,b_255,b_180,b_170,b_182,b_209,b_632	/home/miguel/IBE-UPF/TFM/Master_projects/PhyloPhere/Data/6.CAAS_traitfiles/Ranked/df8_sp.tab
ABCA7@330	0	1000	0.0		/home/miguel/IBE-UPF/TFM/Master_projects/PhyloPhere/Data/6.CAAS_traitfiles/Ranked/df8_sp.tab
ABCA7@332	0	1000	0.0		/home/miguel/IBE-UPF/TFM/Master_projects/PhyloPhere/Data/6.CAAS_traitfiles/Ranked/df8_sp.tab
ABCA7@335	17	1000	0.017	b_333,b_164,b_576,b_671,b_39,b_919,b_283,b_654,b_957,b_225,b_853,b_453,b_91,b_700,b_180,b_170,b_209	/home/miguel/IBE-UPF/TFM/Master_projects/PhyloPhere/Data/6.CAAS_traitfiles/Ranked/df8_sp.tab
ABCA7@338	0	1000	0.0		/home/miguel/IBE-UPF/TFM/Master_projects/PhyloPhere/Data/6.CAAS_traitfiles/Ranked/df8_sp.tab
ABCA7@339	0	1000	0.0		/home/miguel/IBE-UPF/TFM/Master_projects/PhyloPhere/Data/6.CAAS_traitfiles/Ranked/df8_sp.tab
ABCA7@340	0	1000	0.0		/home/miguel/IBE-UPF/TFM/Master_projects/PhyloPhere/Data/6.CAAS_traitfiles/Ranked/df8_sp.tab
ABCA7@341	0	1000	0.0		/home/miguel/IBE-UPF/TFM/Master_projects/PhyloPhere/Data/6.CAAS_traitfiles/Ranked/df8_sp.tab
ABCA7@342	0	1000	0.0		/home/miguel/IBE-UPF/TFM/Master_projects/PhyloPhere/Data/6.CAAS_traitfiles/Ranked/df8_sp.tab
ABCA7@344	0	1000	0.0		/home/miguel/IBE-UPF/TFM/Master_projects/PhyloPhere/Data/6.CAAS_traitfiles/Ranked/df8_sp.tab
ABCA7@351	0	1000	0.0		/home/miguel/IBE-UPF/TFM/Master_projects/PhyloPhere/Data/6.CAAS_traitfiles/Ranked/df8_sp.tab
ABCA7@353	19	1000	0.019	b_164,b_291,b_8,b_514,b_671,b_39,b_148,b_283,b_654,b_369,b_225,b_853,b_650,b_255,b_180,b_170,b_182,b_209,b_632	/home/miguel/IBE-UPF/TFM/Master_projects/PhyloPhere/Data/6.CAAS_traitfiles/Ranked/df8_sp.tab
ABCA7@354	0	1000	0.0		/home/miguel/IBE-UPF/TFM/Master_projects/PhyloPhere/Data/6.CAAS_traitfiles/Ranked/df8_sp.tab
ABCA7@359	19	1000	0.019	b_164,b_291,b_8,b_514,b_671,b_39,b_148,b_283,b_654,b_369,b_225,b_853,b_650,b_255,b_180,b_170,b_182,b_209,b_632	/home/miguel/IBE-UPF/TFM/Master_projects/PhyloPhere/Data/6.CAAS_traitfiles/Ranked/df8_sp.tab
ABCA7@360	0	1000	0.0		/home/miguel/IBE-UPF/TFM/Master_projects/PhyloPhere/Data/6.CAAS_traitfiles/Ranked/df8_sp.tab
ABCA7@362	0	1000	0.0		/home/miguel/IBE-UPF/TFM/Master_projects/PhyloPhere/Data/6.CAAS_traitfiles/Ranked/df8_sp.tab
ABCA7@363	0	1000	0.0		/home/miguel/IBE-UPF/TFM/Master_projects/PhyloPhere/Data/6.CAAS_traitfiles/Ranked/df8_sp.tab
ABCA7@364	0	1000	0.0		/home/miguel/IBE-UPF/TFM/Master_projects/PhyloPhere/Data/6.CAAS_traitfiles/Ranked/df8_sp.tab
ABCA7@365	0	1000	0.0		/home/miguel/IBE-UPF/TFM/Master_projects/PhyloPhere/Data/6.CAAS_traitfiles/Ranked/df8_sp.tab
ABCA7@370	0	1000	0.0		/home/miguel/IBE-UPF/TFM/Master_projects/PhyloPhere/Data/6.CAAS_traitfiles/Ranked/df8_sp.tab
ABCA7@371	0	1000	0.0		/home/miguel/IBE-UPF/TFM/Master_projects/PhyloPhere/Data/6.CAAS_traitfiles/Ranked/df8_sp.tab
ABCA7@373	35	1000	0.035	b_822,b_742,b_692,b_845,b_865,b_780,b_142,b_685,b_873,b_232,b_382,b_654,b_509,b_396,b_744,b_316,b_225,b_78,b_463,b_853,b_629,b_577,b_102,b_134,b_669,b_538,b_272,b_297,b_488,b_706,b_997,b_65,b_651,b_462,b_943	/home/miguel/IBE-UPF/TFM/Master_projects/PhyloPhere/Data/6.CAAS_traitfiles/Ranked/df8_sp.tab
ABCA7@374	34	1000	0.034	b_822,b_742,b_590,b_692,b_845,b_865,b_780,b_142,b_685,b_873,b_232,b_382,b_654,b_509,b_396,b_744,b_316,b_225,b_78,b_853,b_629,b_577,b_102,b_134,b_669,b_538,b_297,b_488,b_706,b_997,b_65,b_651,b_462,b_609	/home/miguel/IBE-UPF/TFM/Master_projects/PhyloPhere/Data/6.CAAS_traitfiles/Ranked/df8_sp.tab
ABCA7@376	30	1000	0.03	b_333,b_164,b_742,b_291,b_8,b_576,b_368,b_514,b_671,b_39,b_148,b_919,b_283,b_654,b_369,b_225,b_853,b_471,b_650,b_255,b_453,b_91,b_700,b_180,b_170,b_182,b_209,b_98,b_977,b_632	/home/miguel/IBE-UPF/TFM/Master_projects/PhyloPhere/Data/6.CAAS_traitfiles/Ranked/df8_sp.tab
ABCA7@377	0	1000	0.0		/home/miguel/IBE-UPF/TFM/Master_projects/PhyloPhere/Data/6.CAAS_traitfiles/Ranked/df8_sp.tab
ABCA7@379	19	1000	0.019	b_164,b_291,b_8,b_514,b_671,b_39,b_148,b_283,b_654,b_369,b_225,b_853,b_650,b_255,b_180,b_170,b_182,b_209,b_632	/home/miguel/IBE-UPF/TFM/Master_projects/PhyloPhere/Data/6.CAAS_traitfiles/Ranked/df8_sp.tab
ABCA7@380	0	1000	0.0		/home/miguel/IBE-UPF/TFM/Master_projects/PhyloPhere/Data/6.CAAS_traitfiles/Ranked/df8_sp.tab
ABCA7@384	0	1000	0.0		/home/miguel/IBE-UPF/TFM/Master_projects/PhyloPhere/Data/6.CAAS_traitfiles/Ranked/df8_sp.tab
ABCA7@387	0	1000	0.0		/home/miguel/IBE-UPF/TFM/Master_projects/PhyloPhere/Data/6.CAAS_traitfiles/Ranked/df8_sp.tab
ABCA7@391	0	1000	0.0		/home/miguel/IBE-UPF/TFM/Master_projects/PhyloPhere/Data/6.CAAS_traitfiles/Ranked/df8_sp.tab
ABCA7@404	19	1000	0.019	b_164,b_291,b_8,b_514,b_671,b_39,b_148,b_283,b_654,b_369,b_225,b_853,b_650,b_255,b_180,b_170,b_182,b_209,b_632	/home/miguel/IBE-UPF/TFM/Master_projects/PhyloPhere/Data/6.CAAS_traitfiles/Ranked/df8_sp.tab
ABCA7@410	0	1000	0.0		/home/miguel/IBE-UPF/TFM/Master_projects/PhyloPhere/Data/6.CAAS_traitfiles/Ranked/df8_sp.tab
ABCA7@414	0	1000	0.0		/home/miguel/IBE-UPF/TFM/Master_projects/PhyloPhere/Data/6.CAAS_traitfiles/Ranked/df8_sp.tab
ABCA7@418	3	1000	0.003	b_565,b_685,b_688	/home/miguel/IBE-UPF/TFM/Master_projects/PhyloPhere/Data/6.CAAS_traitfiles/Ranked/df8_sp.tab
ABCA7@419	13	1000	0.013	b_845,b_142,b_396,b_744,b_79,b_629,b_134,b_669,b_538,b_297,b_488,b_997,b_462	/home/miguel/IBE-UPF/TFM/Master_projects/PhyloPhere/Data/6.CAAS_traitfiles/Ranked/df8_sp.tab
ABCA7@420	0	1000	0.0		/home/miguel/IBE-UPF/TFM/Master_projects/PhyloPhere/Data/6.CAAS_traitfiles/Ranked/df8_sp.tab
ABCA7@421	0	1000	0.0		/home/miguel/IBE-UPF/TFM/Master_projects/PhyloPhere/Data/6.CAAS_traitfiles/Ranked/df8_sp.tab
ABCA7@422	0	1000	0.0		/home/miguel/IBE-UPF/TFM/Master_projects/PhyloPhere/Data/6.CAAS_traitfiles/Ranked/df8_sp.tab
ABCA7@423	0	1000	0.0		/home/miguel/IBE-UPF/TFM/Master_projects/PhyloPhere/Data/6.CAAS_traitfiles/Ranked/df8_sp.tab
ABCA7@425	5	1000	0.005	b_692,b_142,b_873,b_654,b_706	/home/miguel/IBE-UPF/TFM/Master_projects/PhyloPhere/Data/6.CAAS_traitfiles/Ranked/df8_sp.tab
ABCA7@426	0	1000	0.0		/home/miguel/IBE-UPF/TFM/Master_projects/PhyloPhere/Data/6.CAAS_traitfiles/Ranked/df8_sp.tab
ABCA7@428	0	1000	0.0		/home/miguel/IBE-UPF/TFM/Master_projects/PhyloPhere/Data/6.CAAS_traitfiles/Ranked/df8_sp.tab
ABCA7@452	0	1000	0.0		/home/miguel/IBE-UPF/TFM/Master_projects/PhyloPhere/Data/6.CAAS_traitfiles/Ranked/df8_sp.tab
ABCA7@453	0	1000	0.0		/home/miguel/IBE-UPF/TFM/Master_projects/PhyloPhere/Data/6.CAAS_traitfiles/Ranked/df8_sp.tab
ABCA7@461	0	1000	0.0		/home/miguel/IBE-UPF/TFM/Master_projects/PhyloPhere/Data/6.CAAS_traitfiles/Ranked/df8_sp.tab
ABCA7@462	0	1000	0.0		/home/miguel/IBE-UPF/TFM/Master_projects/PhyloPhere/Data/6.CAAS_traitfiles/Ranked/df8_sp.tab
ABCA7@463	0	1000	0.0		/home/miguel/IBE-UPF/TFM/Master_projects/PhyloPhere/Data/6.CAAS_traitfiles/Ranked/df8_sp.tab
ABCA7@476	19	1000	0.019	b_164,b_291,b_8,b_514,b_671,b_39,b_148,b_283,b_654,b_369,b_225,b_853,b_650,b_255,b_180,b_170,b_182,b_209,b_632	/home/miguel/IBE-UPF/TFM/Master_projects/PhyloPhere/Data/6.CAAS_traitfiles/Ranked/df8_sp.tab
ABCA7@482	0	1000	0.0		/home/miguel/IBE-UPF/TFM/Master_projects/PhyloPhere/Data/6.CAAS_traitfiles/Ranked/df8_sp.tab
ABCA7@487	0	1000	0.0		/home/miguel/IBE-UPF/TFM/Master_projects/PhyloPhere/Data/6.CAAS_traitfiles/Ranked/df8_sp.tab
ABCA7@488	0	1000	0.0		/home/miguel/IBE-UPF/TFM/Master_projects/PhyloPhere/Data/6.CAAS_traitfiles/Ranked/df8_sp.tab
ABCA7@490	0	1000	0.0		/home/miguel/IBE-UPF/TFM/Master_projects/PhyloPhere/Data/6.CAAS_traitfiles/Ranked/df8_sp.tab
ABCA7@491	1	1000	0.001	b_142	/home/miguel/IBE-UPF/TFM/Master_projects/PhyloPhere/Data/6.CAAS_traitfiles/Ranked/df8_sp.tab
ABCA7@507	25	1000	0.025	b_822,b_164,b_291,b_692,b_845,b_865,b_514,b_671,b_516,b_283,b_654,b_369,b_665,b_225,b_78,b_853,b_889,b_650,b_255,b_180,b_603,b_182,b_668,b_651,b_632	/home/miguel/IBE-UPF/TFM/Master_projects/PhyloPhere/Data/6.CAAS_traitfiles/Ranked/df8_sp.tab
ABCA7@511	0	1000	0.0		/home/miguel/IBE-UPF/TFM/Master_projects/PhyloPhere/Data/6.CAAS_traitfiles/Ranked/df8_sp.tab
ABCA7@515	0	1000	0.0		/home/miguel/IBE-UPF/TFM/Master_projects/PhyloPhere/Data/6.CAAS_traitfiles/Ranked/df8_sp.tab
ABCA7@529	19	1000	0.019	b_164,b_291,b_8,b_514,b_671,b_39,b_148,b_283,b_654,b_369,b_225,b_853,b_650,b_255,b_180,b_170,b_182,b_209,b_632	/home/miguel/IBE-UPF/TFM/Master_projects/PhyloPhere/Data/6.CAAS_traitfiles/Ranked/df8_sp.tab
ABCA7@531	0	1000	0.0		/home/miguel/IBE-UPF/TFM/Master_projects/PhyloPhere/Data/6.CAAS_traitfiles/Ranked/df8_sp.tab
ABCA7@549	0	1000	0.0		/home/miguel/IBE-UPF/TFM/Master_projects/PhyloPhere/Data/6.CAAS_traitfiles/Ranked/df8_sp.tab
ABCA7@555	5	1000	0.005	b_89,b_774,b_652,b_669,b_988	/home/miguel/IBE-UPF/TFM/Master_projects/PhyloPhere/Data/6.CAAS_traitfiles/Ranked/df8_sp.tab
ABCA7@560	0	1000	0.0		/home/miguel/IBE-UPF/TFM/Master_projects/PhyloPhere/Data/6.CAAS_traitfiles/Ranked/df8_sp.tab
ABCA7@567	0	1000	0.0		/home/miguel/IBE-UPF/TFM/Master_projects/PhyloPhere/Data/6.CAAS_traitfiles/Ranked/df8_sp.tab
ABCA7@580	0	1000	0.0		/home/miguel/IBE-UPF/TFM/Master_projects/PhyloPhere/Data/6.CAAS_traitfiles/Ranked/df8_sp.tab
ABCA7@587	32	1000	0.032	b_822,b_742,b_692,b_845,b_865,b_780,b_142,b_685,b_873,b_232,b_382,b_654,b_509,b_396,b_744,b_316,b_225,b_78,b_853,b_629,b_577,b_102,b_134,b_669,b_538,b_297,b_488,b_706,b_997,b_65,b_651,b_462	/home/miguel/IBE-UPF/TFM/Master_projects/PhyloPhere/Data/6.CAAS_traitfiles/Ranked/df8_sp.tab
ABCA7@589	19	1000	0.019	b_164,b_291,b_8,b_514,b_671,b_39,b_148,b_283,b_654,b_369,b_225,b_853,b_650,b_255,b_180,b_170,b_182,b_209,b_632	/home/miguel/IBE-UPF/TFM/Master_projects/PhyloPhere/Data/6.CAAS_traitfiles/Ranked/df8_sp.tab
ABCA7@591	0	1000	0.0		/home/miguel/IBE-UPF/TFM/Master_projects/PhyloPhere/Data/6.CAAS_traitfiles/Ranked/df8_sp.tab
ABCA7@593	0	1000	0.0		/home/miguel/IBE-UPF/TFM/Master_projects/PhyloPhere/Data/6.CAAS_traitfiles/Ranked/df8_sp.tab
ABCA7@597	0	1000	0.0		/home/miguel/IBE-UPF/TFM/Master_projects/PhyloPhere/Data/6.CAAS_traitfiles/Ranked/df8_sp.tab
ABCA7@598	0	1000	0.0		/home/miguel/IBE-UPF/TFM/Master_projects/PhyloPhere/Data/6.CAAS_traitfiles/Ranked/df8_sp.tab
ABCA7@604	17	1000	0.017	b_590,b_89,b_142,b_454,b_723,b_728,b_734,b_60,b_774,b_456,b_532,b_658,b_652,b_988,b_931,b_943,b_609	/home/miguel/IBE-UPF/TFM/Master_projects/PhyloPhere/Data/6.CAAS_traitfiles/Ranked/df8_sp.tab
ABCA7@609	0	1000	0.0		/home/miguel/IBE-UPF/TFM/Master_projects/PhyloPhere/Data/6.CAAS_traitfiles/Ranked/df8_sp.tab
ABCA7@611	0	1000	0.0		/home/miguel/IBE-UPF/TFM/Master_projects/PhyloPhere/Data/6.CAAS_traitfiles/Ranked/df8_sp.tab
ABCA7@615	19	1000	0.019	b_164,b_291,b_8,b_514,b_671,b_39,b_148,b_283,b_654,b_369,b_225,b_853,b_650,b_255,b_180,b_170,b_182,b_209,b_632	/home/miguel/IBE-UPF/TFM/Master_projects/PhyloPhere/Data/6.CAAS_traitfiles/Ranked/df8_sp.tab
ABCA7@623	0	1000	0.0		/home/miguel/IBE-UPF/TFM/Master_projects/PhyloPhere/Data/6.CAAS_traitfiles/Ranked/df8_sp.tab
ABCA7@629	19	1000	0.019	b_164,b_291,b_8,b_514,b_671,b_148,b_654,b_225,b_805,b_853,b_650,b_255,b_162,b_40,b_180,b_170,b_182,b_209,b_632	/home/miguel/IBE-UPF/TFM/Master_projects/PhyloPhere/Data/6.CAAS_traitfiles/Ranked/df8_sp.tab
ABCA7@643	0	1000	0.0		/home/miguel/IBE-UPF/TFM/Master_projects/PhyloPhere/Data/6.CAAS_traitfiles/Ranked/df8_sp.tab
ABCA7@646	0	1000	0.0		/home/miguel/IBE-UPF/TFM/Master_projects/PhyloPhere/Data/6.CAAS_traitfiles/Ranked/df8_sp.tab
ABCA7@648	0	1000	0.0		/home/miguel/IBE-UPF/TFM/Master_projects/PhyloPhere/Data/6.CAAS_traitfiles/Ranked/df8_sp.tab
ABCA7@651	0	1000	0.0		/home/miguel/IBE-UPF/TFM/Master_projects/PhyloPhere/Data/6.CAAS_traitfiles/Ranked/df8_sp.tab
ABCA7@662	0	1000	0.0		/home/miguel/IBE-UPF/TFM/Master_projects/PhyloPhere/Data/6.CAAS_traitfiles/Ranked/df8_sp.tab
ABCA7@665	0	1000	0.0		/home/miguel/IBE-UPF/TFM/Master_projects/PhyloPhere/Data/6.CAAS_traitfiles/Ranked/df8_sp.tab
ABCA7@668	0	1000	0.0		/home/miguel/IBE-UPF/TFM/Master_projects/PhyloPhere/Data/6.CAAS_traitfiles/Ranked/df8_sp.tab
ABCA7@670	0	1000	0.0		/home/miguel/IBE-UPF/TFM/Master_projects/PhyloPhere/Data/6.CAAS_traitfiles/Ranked/df8_sp.tab
ABCA7@671	0	1000	0.0		/home/miguel/IBE-UPF/TFM/Master_projects/PhyloPhere/Data/6.CAAS_traitfiles/Ranked/df8_sp.tab
ABCA7@675	23	1000	0.023	b_151,b_5,b_822,b_845,b_994,b_865,b_780,b_142,b_96,b_382,b_396,b_744,b_316,b_78,b_629,b_134,b_669,b_538,b_869,b_297,b_488,b_997,b_462	/home/miguel/IBE-UPF/TFM/Master_projects/PhyloPhere/Data/6.CAAS_traitfiles/Ranked/df8_sp.tab
ABCA7@676	0	1000	0.0		/home/miguel/IBE-UPF/TFM/Master_projects/PhyloPhere/Data/6.CAAS_traitfiles/Ranked/df8_sp.tab
ABCA7@677	0	1000	0.0		/home/miguel/IBE-UPF/TFM/Master_projects/PhyloPhere/Data/6.CAAS_traitfiles/Ranked/df8_sp.tab
ABCA7@678	10	1000	0.01	b_164,b_671,b_39,b_654,b_225,b_853,b_170,b_209,b_98,b_977	/home/miguel/IBE-UPF/TFM/Master_projects/PhyloPhere/Data/6.CAAS_traitfiles/Ranked/df8_sp.tab
ABCA7@680	0	1000	0.0		/home/miguel/IBE-UPF/TFM/Master_projects/PhyloPhere/Data/6.CAAS_traitfiles/Ranked/df8_sp.tab
ABCA7@681	0	1000	0.0		/home/miguel/IBE-UPF/TFM/Master_projects/PhyloPhere/Data/6.CAAS_traitfiles/Ranked/df8_sp.tab
ABCA7@683	0	1000	0.0		/home/miguel/IBE-UPF/TFM/Master_projects/PhyloPhere/Data/6.CAAS_traitfiles/Ranked/df8_sp.tab
ABCA7@687	0	1000	0.0		/home/miguel/IBE-UPF/TFM/Master_projects/PhyloPhere/Data/6.CAAS_traitfiles/Ranked/df8_sp.tab
ABCA7@690	0	1000	0.0		/home/miguel/IBE-UPF/TFM/Master_projects/PhyloPhere/Data/6.CAAS_traitfiles/Ranked/df8_sp.tab
ABCA7@698	0	1000	0.0		/home/miguel/IBE-UPF/TFM/Master_projects/PhyloPhere/Data/6.CAAS_traitfiles/Ranked/df8_sp.tab
ABCA7@701	14	1000	0.014	b_590,b_89,b_142,b_454,b_328,b_728,b_60,b_774,b_658,b_652,b_745,b_988,b_309,b_609	/home/miguel/IBE-UPF/TFM/Master_projects/PhyloPhere/Data/6.CAAS_traitfiles/Ranked/df8_sp.tab
ABCA7@720	0	1000	0.0		/home/miguel/IBE-UPF/TFM/Master_projects/PhyloPhere/Data/6.CAAS_traitfiles/Ranked/df8_sp.tab
ABCA7@722	0	1000	0.0		/home/miguel/IBE-UPF/TFM/Master_projects/PhyloPhere/Data/6.CAAS_traitfiles/Ranked/df8_sp.tab
ABCA7@729	0	1000	0.0		/home/miguel/IBE-UPF/TFM/Master_projects/PhyloPhere/Data/6.CAAS_traitfiles/Ranked/df8_sp.tab
ABCA7@730	1	1000	0.001	b_305	/home/miguel/IBE-UPF/TFM/Master_projects/PhyloPhere/Data/6.CAAS_traitfiles/Ranked/df8_sp.tab
ABCA7@731	34	1000	0.034	b_164,b_291,b_8,b_692,b_89,b_845,b_514,b_142,b_671,b_873,b_39,b_148,b_283,b_723,b_654,b_369,b_509,b_744,b_316,b_78,b_728,b_734,b_650,b_60,b_774,b_255,b_577,b_134,b_669,b_297,b_997,b_209,b_632,b_462	/home/miguel/IBE-UPF/TFM/Master_projects/PhyloPhere/Data/6.CAAS_traitfiles/Ranked/df8_sp.tab
ABCA7@732	0	1000	0.0		/home/miguel/IBE-UPF/TFM/Master_projects/PhyloPhere/Data/6.CAAS_traitfiles/Ranked/df8_sp.tab
ABCA7@734	14	1000	0.014	b_164,b_291,b_8,b_514,b_671,b_39,b_148,b_283,b_654,b_369,b_650,b_255,b_209,b_632	/home/miguel/IBE-UPF/TFM/Master_projects/PhyloPhere/Data/6.CAAS_traitfiles/Ranked/df8_sp.tab
ABCA7@738	8	1000	0.008	b_8,b_514,b_39,b_148,b_283,b_369,b_650,b_632	/home/miguel/IBE-UPF/TFM/Master_projects/PhyloPhere/Data/6.CAAS_traitfiles/Ranked/df8_sp.tab
ABCA7@739	0	1000	0.0		/home/miguel/IBE-UPF/TFM/Master_projects/PhyloPhere/Data/6.CAAS_traitfiles/Ranked/df8_sp.tab
ABCA7@740	15	1000	0.015	b_164,b_291,b_692,b_845,b_514,b_671,b_283,b_654,b_369,b_665,b_78,b_889,b_650,b_255,b_632	/home/miguel/IBE-UPF/TFM/Master_projects/PhyloPhere/Data/6.CAAS_traitfiles/Ranked/df8_sp.tab
ABCA7@741	5	1000	0.005	b_89,b_728,b_60,b_774,b_309	/home/miguel/IBE-UPF/TFM/Master_projects/PhyloPhere/Data/6.CAAS_traitfiles/Ranked/df8_sp.tab
ABCA7@742	14	1000	0.014	b_164,b_291,b_8,b_514,b_671,b_39,b_148,b_283,b_654,b_369,b_650,b_255,b_209,b_632	/home/miguel/IBE-UPF/TFM/Master_projects/PhyloPhere/Data/6.CAAS_traitfiles/Ranked/df8_sp.tab
ABCA7@748	0	1000	0.0		/home/miguel/IBE-UPF/TFM/Master_projects/PhyloPhere/Data/6.CAAS_traitfiles/Ranked/df8_sp.tab
ABCA7@756	0	1000	0.0		/home/miguel/IBE-UPF/TFM/Master_projects/PhyloPhere/Data/6.CAAS_traitfiles/Ranked/df8_sp.tab
ABCA7@757	0	1000	0.0		/home/miguel/IBE-UPF/TFM/Master_projects/PhyloPhere/Data/6.CAAS_traitfiles/Ranked/df8_sp.tab
ABCA7@761	0	1000	0.0		/home/miguel/IBE-UPF/TFM/Master_projects/PhyloPhere/Data/6.CAAS_traitfiles/Ranked/df8_sp.tab
ABCA7@767	0	1000	0.0		/home/miguel/IBE-UPF/TFM/Master_projects/PhyloPhere/Data/6.CAAS_traitfiles/Ranked/df8_sp.tab
ABCA7@769	0	1000	0.0		/home/miguel/IBE-UPF/TFM/Master_projects/PhyloPhere/Data/6.CAAS_traitfiles/Ranked/df8_sp.tab
ABCA7@771	0	1000	0.0		/home/miguel/IBE-UPF/TFM/Master_projects/PhyloPhere/Data/6.CAAS_traitfiles/Ranked/df8_sp.tab
ABCA7@772	0	1000	0.0		/home/miguel/IBE-UPF/TFM/Master_projects/PhyloPhere/Data/6.CAAS_traitfiles/Ranked/df8_sp.tab
ABCA7@777	0	1000	0.0		/home/miguel/IBE-UPF/TFM/Master_projects/PhyloPhere/Data/6.CAAS_traitfiles/Ranked/df8_sp.tab
ABCA7@786	32	1000	0.032	b_822,b_742,b_692,b_845,b_865,b_780,b_142,b_685,b_873,b_232,b_382,b_654,b_509,b_396,b_744,b_316,b_225,b_78,b_853,b_629,b_577,b_102,b_134,b_669,b_538,b_297,b_488,b_706,b_997,b_65,b_651,b_462	/home/miguel/IBE-UPF/TFM/Master_projects/PhyloPhere/Data/6.CAAS_traitfiles/Ranked/df8_sp.tab
ABCA7@788	0	1000	0.0		/home/miguel/IBE-UPF/TFM/Master_projects/PhyloPhere/Data/6.CAAS_traitfiles/Ranked/df8_sp.tab
ABCA7@791	0	1000	0.0		/home/miguel/IBE-UPF/TFM/Master_projects/PhyloPhere/Data/6.CAAS_traitfiles/Ranked/df8_sp.tab
ABCA7@819	0	1000	0.0		/home/miguel/IBE-UPF/TFM/Master_projects/PhyloPhere/Data/6.CAAS_traitfiles/Ranked/df8_sp.tab
ABCA7@822	0	1000	0.0		/home/miguel/IBE-UPF/TFM/Master_projects/PhyloPhere/Data/6.CAAS_traitfiles/Ranked/df8_sp.tab
ABCA7@824	0	1000	0.0		/home/miguel/IBE-UPF/TFM/Master_projects/PhyloPhere/Data/6.CAAS_traitfiles/Ranked/df8_sp.tab
ABCA7@825	1	1000	0.001	b_516	/home/miguel/IBE-UPF/TFM/Master_projects/PhyloPhere/Data/6.CAAS_traitfiles/Ranked/df8_sp.tab
ABCA7@829	4	1000	0.004	b_89,b_60,b_658,b_309	/home/miguel/IBE-UPF/TFM/Master_projects/PhyloPhere/Data/6.CAAS_traitfiles/Ranked/df8_sp.tab
ABCA7@837	5	1000	0.005	b_590,b_142,b_669,b_309,b_609	/home/miguel/IBE-UPF/TFM/Master_projects/PhyloPhere/Data/6.CAAS_traitfiles/Ranked/df8_sp.tab
ABCA7@851	0	1000	0.0		/home/miguel/IBE-UPF/TFM/Master_projects/PhyloPhere/Data/6.CAAS_traitfiles/Ranked/df8_sp.tab
ABCA7@854	0	1000	0.0		/home/miguel/IBE-UPF/TFM/Master_projects/PhyloPhere/Data/6.CAAS_traitfiles/Ranked/df8_sp.tab
ABCA7@865	19	1000	0.019	b_164,b_291,b_8,b_514,b_671,b_39,b_148,b_283,b_654,b_369,b_225,b_853,b_650,b_255,b_180,b_170,b_182,b_209,b_632	/home/miguel/IBE-UPF/TFM/Master_projects/PhyloPhere/Data/6.CAAS_traitfiles/Ranked/df8_sp.tab
ABCA7@866	0	1000	0.0		/home/miguel/IBE-UPF/TFM/Master_projects/PhyloPhere/Data/6.CAAS_traitfiles/Ranked/df8_sp.tab
ABCA7@867	0	1000	0.0		/home/miguel/IBE-UPF/TFM/Master_projects/PhyloPhere/Data/6.CAAS_traitfiles/Ranked/df8_sp.tab
ABCA7@872	0	1000	0.0		/home/miguel/IBE-UPF/TFM/Master_projects/PhyloPhere/Data/6.CAAS_traitfiles/Ranked/df8_sp.tab
ABCA7@873	0	1000	0.0		/home/miguel/IBE-UPF/TFM/Master_projects/PhyloPhere/Data/6.CAAS_traitfiles/Ranked/df8_sp.tab
ABCA7@874	0	1000	0.0		/home/miguel/IBE-UPF/TFM/Master_projects/PhyloPhere/Data/6.CAAS_traitfiles/Ranked/df8_sp.tab
ABCA7@875	0	1000	0.0		/home/miguel/IBE-UPF/TFM/Master_projects/PhyloPhere/Data/6.CAAS_traitfiles/Ranked/df8_sp.tab
ABCA7@877	0	1000	0.0		/home/miguel/IBE-UPF/TFM/Master_projects/PhyloPhere/Data/6.CAAS_traitfiles/Ranked/df8_sp.tab
ABCA7@879	0	1000	0.0		/home/miguel/IBE-UPF/TFM/Master_projects/PhyloPhere/Data/6.CAAS_traitfiles/Ranked/df8_sp.tab
ABCA7@883	3	1000	0.003	b_728,b_60,b_931	/home/miguel/IBE-UPF/TFM/Master_projects/PhyloPhere/Data/6.CAAS_traitfiles/Ranked/df8_sp.tab
ABCA7@885	15	1000	0.015	b_742,b_865,b_685,b_232,b_382,b_509,b_744,b_225,b_853,b_629,b_102,b_538,b_488,b_65,b_651	/home/miguel/IBE-UPF/TFM/Master_projects/PhyloPhere/Data/6.CAAS_traitfiles/Ranked/df8_sp.tab
ABCA7@886	8	1000	0.008	b_164,b_291,b_816,b_283,b_369,b_225,b_853,b_311	/home/miguel/IBE-UPF/TFM/Master_projects/PhyloPhere/Data/6.CAAS_traitfiles/Ranked/df8_sp.tab
ABCA7@911	0	1000	0.0		/home/miguel/IBE-UPF/TFM/Master_projects/PhyloPhere/Data/6.CAAS_traitfiles/Ranked/df8_sp.tab
ABCA7@914	2	1000	0.002	b_988,b_309	/home/miguel/IBE-UPF/TFM/Master_projects/PhyloPhere/Data/6.CAAS_traitfiles/Ranked/df8_sp.tab
ABCA7@925	0	1000	0.0		/home/miguel/IBE-UPF/TFM/Master_projects/PhyloPhere/Data/6.CAAS_traitfiles/Ranked/df8_sp.tab
ABCA7@929	19	1000	0.019	b_164,b_291,b_8,b_514,b_671,b_39,b_148,b_283,b_654,b_369,b_225,b_853,b_650,b_255,b_180,b_170,b_182,b_209,b_632	/home/miguel/IBE-UPF/TFM/Master_projects/PhyloPhere/Data/6.CAAS_traitfiles/Ranked/df8_sp.tab
ABCA7@932	16	1000	0.016	b_164,b_291,b_8,b_514,b_671,b_39,b_283,b_654,b_369,b_225,b_853,b_255,b_180,b_170,b_182,b_209	/home/miguel/IBE-UPF/TFM/Master_projects/PhyloPhere/Data/6.CAAS_traitfiles/Ranked/df8_sp.tab
ABCA7@939	16	1000	0.016	b_164,b_291,b_8,b_514,b_671,b_39,b_283,b_654,b_369,b_225,b_853,b_255,b_180,b_170,b_182,b_209	/home/miguel/IBE-UPF/TFM/Master_projects/PhyloPhere/Data/6.CAAS_traitfiles/Ranked/df8_sp.tab
ABCA7@961	0	1000	0.0		/home/miguel/IBE-UPF/TFM/Master_projects/PhyloPhere/Data/6.CAAS_traitfiles/Ranked/df8_sp.tab
ABCA7@979	0	1000	0.0		/home/miguel/IBE-UPF/TFM/Master_projects/PhyloPhere/Data/6.CAAS_traitfiles/Ranked/df8_sp.tab
ABCA7@980	8	1000	0.008	b_89,b_884,b_60,b_774,b_658,b_652,b_988,b_309	/home/miguel/IBE-UPF/TFM/Master_projects/PhyloPhere/Data/6.CAAS_traitfiles/Ranked/df8_sp.tab
ABCA7@990	16	1000	0.016	b_164,b_291,b_8,b_514,b_671,b_39,b_283,b_654,b_369,b_225,b_853,b_255,b_180,b_170,b_182,b_209	/home/miguel/IBE-UPF/TFM/Master_projects/PhyloPhere/Data/6.CAAS_traitfiles/Ranked/df8_sp.tab
ABCA7@991	9	1000	0.009	b_164,b_291,b_8,b_671,b_283,b_369,b_225,b_853,b_311	/home/miguel/IBE-UPF/TFM/Master_projects/PhyloPhere/Data/6.CAAS_traitfiles/Ranked/df8_sp.tab
ABCA7@992	9	1000	0.009	b_151,b_994,b_780,b_382,b_728,b_774,b_669,b_997,b_988	/home/miguel/IBE-UPF/TFM/Master_projects/PhyloPhere/Data/6.CAAS_traitfiles/Ranked/df8_sp.tab
ABCA7@993	0	1000	0.0		/home/miguel/IBE-UPF/TFM/Master_projects/PhyloPhere/Data/6.CAAS_traitfiles/Ranked/df8_sp.tab
ABCA7@994	13	1000	0.013	b_845,b_142,b_396,b_744,b_79,b_629,b_134,b_669,b_538,b_297,b_488,b_997,b_462	/home/miguel/IBE-UPF/TFM/Master_projects/PhyloPhere/Data/6.CAAS_traitfiles/Ranked/df8_sp.tab
ABCA7@995	0	1000	0.0		/home/miguel/IBE-UPF/TFM/Master_projects/PhyloPhere/Data/6.CAAS_traitfiles/Ranked/df8_sp.tab
ABCA7@997	0	1000	0.0		/home/miguel/IBE-UPF/TFM/Master_projects/PhyloPhere/Data/6.CAAS_traitfiles/Ranked/df8_sp.tab
ABCA7@998	0	1000	0.0		/home/miguel/IBE-UPF/TFM/Master_projects/PhyloPhere/Data/6.CAAS_traitfiles/Ranked/df8_sp.tab
ABCA7@1000	19	1000	0.019	b_164,b_291,b_8,b_514,b_671,b_39,b_148,b_283,b_654,b_369,b_225,b_853,b_650,b_255,b_180,b_170,b_182,b_209,b_632	/home/miguel/IBE-UPF/TFM/Master_projects/PhyloPhere/Data/6.CAAS_traitfiles/Ranked/df8_sp.tab
ABCA7@1001	0	1000	0.0		/home/miguel/IBE-UPF/TFM/Master_projects/PhyloPhere/Data/6.CAAS_traitfiles/Ranked/df8_sp.tab
ABCA7@1002	1	1000	0.001	b_822	/home/miguel/IBE-UPF/TFM/Master_projects/PhyloPhere/Data/6.CAAS_traitfiles/Ranked/df8_sp.tab
ABCA7@1003	0	1000	0.0		/home/miguel/IBE-UPF/TFM/Master_projects/PhyloPhere/Data/6.CAAS_traitfiles/Ranked/df8_sp.tab
ABCA7@1004	11	1000	0.011	b_822,b_780,b_685,b_873,b_232,b_382,b_509,b_316,b_669,b_997,b_65	/home/miguel/IBE-UPF/TFM/Master_projects/PhyloPhere/Data/6.CAAS_traitfiles/Ranked/df8_sp.tab
ABCA7@1005	0	1000	0.0		/home/miguel/IBE-UPF/TFM/Master_projects/PhyloPhere/Data/6.CAAS_traitfiles/Ranked/df8_sp.tab
ABCA7@1006	0	1000	0.0		/home/miguel/IBE-UPF/TFM/Master_projects/PhyloPhere/Data/6.CAAS_traitfiles/Ranked/df8_sp.tab
ABCA7@1007	0	1000	0.0		/home/miguel/IBE-UPF/TFM/Master_projects/PhyloPhere/Data/6.CAAS_traitfiles/Ranked/df8_sp.tab
ABCA7@1008	3	1000	0.003	b_822,b_382,b_309	/home/miguel/IBE-UPF/TFM/Master_projects/PhyloPhere/Data/6.CAAS_traitfiles/Ranked/df8_sp.tab
ABCA7@1009	0	1000	0.0		/home/miguel/IBE-UPF/TFM/Master_projects/PhyloPhere/Data/6.CAAS_traitfiles/Ranked/df8_sp.tab
ABCA7@1010	8	1000	0.008	b_744,b_699,b_79,b_669,b_411,b_337,b_997,b_988	/home/miguel/IBE-UPF/TFM/Master_projects/PhyloPhere/Data/6.CAAS_traitfiles/Ranked/df8_sp.tab
ABCA7@1011	0	1000	0.0		/home/miguel/IBE-UPF/TFM/Master_projects/PhyloPhere/Data/6.CAAS_traitfiles/Ranked/df8_sp.tab
ABCA7@1012	0	1000	0.0		/home/miguel/IBE-UPF/TFM/Master_projects/PhyloPhere/Data/6.CAAS_traitfiles/Ranked/df8_sp.tab
ABCA7@1013	0	1000	0.0		/home/miguel/IBE-UPF/TFM/Master_projects/PhyloPhere/Data/6.CAAS_traitfiles/Ranked/df8_sp.tab
ABCA7@1014	13	1000	0.013	b_89,b_142,b_734,b_457,b_60,b_774,b_658,b_652,b_75,b_988,b_474,b_931,b_609	/home/miguel/IBE-UPF/TFM/Master_projects/PhyloPhere/Data/6.CAAS_traitfiles/Ranked/df8_sp.tab
ABCA7@1015	0	1000	0.0		/home/miguel/IBE-UPF/TFM/Master_projects/PhyloPhere/Data/6.CAAS_traitfiles/Ranked/df8_sp.tab
ABCA7@1017	0	1000	0.0		/home/miguel/IBE-UPF/TFM/Master_projects/PhyloPhere/Data/6.CAAS_traitfiles/Ranked/df8_sp.tab
ABCA7@1020	0	1000	0.0		/home/miguel/IBE-UPF/TFM/Master_projects/PhyloPhere/Data/6.CAAS_traitfiles/Ranked/df8_sp.tab
ABCA7@1026	9	1000	0.009	b_8,b_514,b_671,b_148,b_369,b_650,b_255,b_180,b_182	/home/miguel/IBE-UPF/TFM/Master_projects/PhyloPhere/Data/6.CAAS_traitfiles/Ranked/df8_sp.tab
ABCA7@1030	32	1000	0.032	b_822,b_742,b_692,b_845,b_865,b_780,b_142,b_685,b_873,b_232,b_382,b_654,b_509,b_396,b_744,b_316,b_225,b_78,b_853,b_629,b_577,b_102,b_134,b_669,b_538,b_297,b_488,b_706,b_997,b_65,b_651,b_462	/home/miguel/IBE-UPF/TFM/Master_projects/PhyloPhere/Data/6.CAAS_traitfiles/Ranked/df8_sp.tab
ABCA7@1031	0	1000	0.0		/home/miguel/IBE-UPF/TFM/Master_projects/PhyloPhere/Data/6.CAAS_traitfiles/Ranked/df8_sp.tab
ABCA7@1032	0	1000	0.0		/home/miguel/IBE-UPF/TFM/Master_projects/PhyloPhere/Data/6.CAAS_traitfiles/Ranked/df8_sp.tab
ABCA7@1042	0	1000	0.0		/home/miguel/IBE-UPF/TFM/Master_projects/PhyloPhere/Data/6.CAAS_traitfiles/Ranked/df8_sp.tab
ABCA7@1044	0	1000	0.0		/home/miguel/IBE-UPF/TFM/Master_projects/PhyloPhere/Data/6.CAAS_traitfiles/Ranked/df8_sp.tab
ABCA7@1048	24	1000	0.024	b_164,b_291,b_8,b_514,b_671,b_39,b_148,b_283,b_654,b_369,b_225,b_853,b_650,b_60,b_918,b_255,b_52,b_180,b_522,b_170,b_182,b_209,b_668,b_632	/home/miguel/IBE-UPF/TFM/Master_projects/PhyloPhere/Data/6.CAAS_traitfiles/Ranked/df8_sp.tab
ABCA7@1049	0	1000	0.0		/home/miguel/IBE-UPF/TFM/Master_projects/PhyloPhere/Data/6.CAAS_traitfiles/Ranked/df8_sp.tab
ABCA7@1051	19	1000	0.019	b_164,b_291,b_8,b_514,b_671,b_39,b_148,b_283,b_654,b_369,b_225,b_853,b_650,b_255,b_180,b_170,b_182,b_209,b_632	/home/miguel/IBE-UPF/TFM/Master_projects/PhyloPhere/Data/6.CAAS_traitfiles/Ranked/df8_sp.tab
ABCA7@1056	0	1000	0.0		/home/miguel/IBE-UPF/TFM/Master_projects/PhyloPhere/Data/6.CAAS_traitfiles/Ranked/df8_sp.tab
ABCA7@1057	9	1000	0.009	b_920,b_514,b_39,b_654,b_650,b_180,b_170,b_182,b_209	/home/miguel/IBE-UPF/TFM/Master_projects/PhyloPhere/Data/6.CAAS_traitfiles/Ranked/df8_sp.tab
ABCA7@1060	1	1000	0.001	b_284	/home/miguel/IBE-UPF/TFM/Master_projects/PhyloPhere/Data/6.CAAS_traitfiles/Ranked/df8_sp.tab
ABCA7@1061	0	1000	0.0		/home/miguel/IBE-UPF/TFM/Master_projects/PhyloPhere/Data/6.CAAS_traitfiles/Ranked/df8_sp.tab
ABCA7@1064	6	1000	0.006	b_164,b_8,b_671,b_283,b_225,b_311	/home/miguel/IBE-UPF/TFM/Master_projects/PhyloPhere/Data/6.CAAS_traitfiles/Ranked/df8_sp.tab
ABCA7@1067	44	1000	0.044	b_164,b_106,b_81,b_291,b_8,b_89,b_845,b_514,b_142,b_671,b_39,b_148,b_283,b_654,b_369,b_396,b_744,b_225,b_937,b_79,b_853,b_734,b_457,b_650,b_60,b_629,b_774,b_255,b_205,b_658,b_134,b_669,b_538,b_180,b_170,b_297,b_488,b_997,b_988,b_182,b_209,b_632,b_462,b_931	/home/miguel/IBE-UPF/TFM/Master_projects/PhyloPhere/Data/6.CAAS_traitfiles/Ranked/df8_sp.tab
ABCA7@1070	8	1000	0.008	b_89,b_728,b_60,b_774,b_658,b_652,b_988,b_309	/home/miguel/IBE-UPF/TFM/Master_projects/PhyloPhere/Data/6.CAAS_traitfiles/Ranked/df8_sp.tab
ABCA7@1072	0	1000	0.0		/home/miguel/IBE-UPF/TFM/Master_projects/PhyloPhere/Data/6.CAAS_traitfiles/Ranked/df8_sp.tab
ABCA7@1073	0	1000	0.0		/home/miguel/IBE-UPF/TFM/Master_projects/PhyloPhere/Data/6.CAAS_traitfiles/Ranked/df8_sp.tab
ABCA7@1090	0	1000	0.0		/home/miguel/IBE-UPF/TFM/Master_projects/PhyloPhere/Data/6.CAAS_traitfiles/Ranked/df8_sp.tab
ABCA7@1091	0	1000	0.0		/home/miguel/IBE-UPF/TFM/Master_projects/PhyloPhere/Data/6.CAAS_traitfiles/Ranked/df8_sp.tab
ABCA7@1092	1	1000	0.001	b_901	/home/miguel/IBE-UPF/TFM/Master_projects/PhyloPhere/Data/6.CAAS_traitfiles/Ranked/df8_sp.tab
ABCA7@1093	0	1000	0.0		/home/miguel/IBE-UPF/TFM/Master_projects/PhyloPhere/Data/6.CAAS_traitfiles/Ranked/df8_sp.tab
ABCA7@1094	4	1000	0.004	b_514,b_516,b_650,b_603	/home/miguel/IBE-UPF/TFM/Master_projects/PhyloPhere/Data/6.CAAS_traitfiles/Ranked/df8_sp.tab
ABCA7@1095	0	1000	0.0		/home/miguel/IBE-UPF/TFM/Master_projects/PhyloPhere/Data/6.CAAS_traitfiles/Ranked/df8_sp.tab
ABCA7@1096	0	1000	0.0		/home/miguel/IBE-UPF/TFM/Master_projects/PhyloPhere/Data/6.CAAS_traitfiles/Ranked/df8_sp.tab
ABCA7@1097	0	1000	0.0		/home/miguel/IBE-UPF/TFM/Master_projects/PhyloPhere/Data/6.CAAS_traitfiles/Ranked/df8_sp.tab
ABCA7@1098	16	1000	0.016	b_291,b_8,b_217,b_514,b_148,b_770,b_654,b_744,b_805,b_144,b_380,b_650,b_255,b_162,b_209,b_632	/home/miguel/IBE-UPF/TFM/Master_projects/PhyloPhere/Data/6.CAAS_traitfiles/Ranked/df8_sp.tab
ABCA7@1099	0	1000	0.0		/home/miguel/IBE-UPF/TFM/Master_projects/PhyloPhere/Data/6.CAAS_traitfiles/Ranked/df8_sp.tab
ABCA7@1100	0	1000	0.0		/home/miguel/IBE-UPF/TFM/Master_projects/PhyloPhere/Data/6.CAAS_traitfiles/Ranked/df8_sp.tab
ABCA7@1101	0	1000	0.0		/home/miguel/IBE-UPF/TFM/Master_projects/PhyloPhere/Data/6.CAAS_traitfiles/Ranked/df8_sp.tab
ABCA7@1102	0	1000	0.0		/home/miguel/IBE-UPF/TFM/Master_projects/PhyloPhere/Data/6.CAAS_traitfiles/Ranked/df8_sp.tab
ABCA7@1103	0	1000	0.0		/home/miguel/IBE-UPF/TFM/Master_projects/PhyloPhere/Data/6.CAAS_traitfiles/Ranked/df8_sp.tab
ABCA7@1104	0	1000	0.0		/home/miguel/IBE-UPF/TFM/Master_projects/PhyloPhere/Data/6.CAAS_traitfiles/Ranked/df8_sp.tab
ABCA7@1106	25	1000	0.025	b_822,b_742,b_692,b_845,b_142,b_685,b_873,b_232,b_382,b_654,b_509,b_396,b_316,b_78,b_629,b_577,b_134,b_669,b_538,b_272,b_297,b_488,b_706,b_65,b_651	/home/miguel/IBE-UPF/TFM/Master_projects/PhyloPhere/Data/6.CAAS_traitfiles/Ranked/df8_sp.tab
ABCA7@1107	0	1000	0.0		/home/miguel/IBE-UPF/TFM/Master_projects/PhyloPhere/Data/6.CAAS_traitfiles/Ranked/df8_sp.tab
ABCA7@1108	21	1000	0.021	b_151,b_89,b_994,b_780,b_873,b_30,b_96,b_382,b_509,b_728,b_240,b_60,b_774,b_364,b_688,b_658,b_652,b_669,b_997,b_988,b_65	/home/miguel/IBE-UPF/TFM/Master_projects/PhyloPhere/Data/6.CAAS_traitfiles/Ranked/df8_sp.tab
ABCA7@1109	0	1000	0.0		/home/miguel/IBE-UPF/TFM/Master_projects/PhyloPhere/Data/6.CAAS_traitfiles/Ranked/df8_sp.tab
ABCA7@1110	0	1000	0.0		/home/miguel/IBE-UPF/TFM/Master_projects/PhyloPhere/Data/6.CAAS_traitfiles/Ranked/df8_sp.tab
ABCA7@1111	7	1000	0.007	b_142,b_744,b_959,b_699,b_669,b_997,b_462	/home/miguel/IBE-UPF/TFM/Master_projects/PhyloPhere/Data/6.CAAS_traitfiles/Ranked/df8_sp.tab
ABCA7@1112	0	1000	0.0		/home/miguel/IBE-UPF/TFM/Master_projects/PhyloPhere/Data/6.CAAS_traitfiles/Ranked/df8_sp.tab
ABCA7@1113	0	1000	0.0		/home/miguel/IBE-UPF/TFM/Master_projects/PhyloPhere/Data/6.CAAS_traitfiles/Ranked/df8_sp.tab
ABCA7@1114	13	1000	0.013	b_164,b_8,b_71,b_671,b_39,b_148,b_654,b_369,b_811,b_180,b_170,b_182,b_632	/home/miguel/IBE-UPF/TFM/Master_projects/PhyloPhere/Data/6.CAAS_traitfiles/Ranked/df8_sp.tab
ABCA7@1115	0	1000	0.0		/home/miguel/IBE-UPF/TFM/Master_projects/PhyloPhere/Data/6.CAAS_traitfiles/Ranked/df8_sp.tab
ABCA7@1116	25	1000	0.025	b_822,b_164,b_291,b_692,b_845,b_865,b_514,b_671,b_516,b_283,b_654,b_369,b_665,b_225,b_78,b_853,b_889,b_650,b_255,b_180,b_603,b_182,b_668,b_651,b_632	/home/miguel/IBE-UPF/TFM/Master_projects/PhyloPhere/Data/6.CAAS_traitfiles/Ranked/df8_sp.tab
ABCA7@1118	13	1000	0.013	b_164,b_291,b_514,b_39,b_283,b_369,b_482,b_225,b_853,b_255,b_170,b_182,b_632	/home/miguel/IBE-UPF/TFM/Master_projects/PhyloPhere/Data/6.CAAS_traitfiles/Ranked/df8_sp.tab
ABCA7@1119	0	1000	0.0		/home/miguel/IBE-UPF/TFM/Master_projects/PhyloPhere/Data/6.CAAS_traitfiles/Ranked/df8_sp.tab
ABCA7@1123	0	1000	0.0		/home/miguel/IBE-UPF/TFM/Master_projects/PhyloPhere/Data/6.CAAS_traitfiles/Ranked/df8_sp.tab
ABCA7@1124	10	1000	0.01	b_780,b_873,b_96,b_382,b_509,b_240,b_364,b_669,b_997,b_65	/home/miguel/IBE-UPF/TFM/Master_projects/PhyloPhere/Data/6.CAAS_traitfiles/Ranked/df8_sp.tab
ABCA7@1125	0	1000	0.0		/home/miguel/IBE-UPF/TFM/Master_projects/PhyloPhere/Data/6.CAAS_traitfiles/Ranked/df8_sp.tab
ABCA7@1127	19	1000	0.019	b_164,b_291,b_8,b_514,b_671,b_39,b_148,b_283,b_654,b_369,b_225,b_853,b_650,b_255,b_180,b_170,b_182,b_209,b_632	/home/miguel/IBE-UPF/TFM/Master_projects/PhyloPhere/Data/6.CAAS_traitfiles/Ranked/df8_sp.tab
ABCA7@1128	0	1000	0.0		/home/miguel/IBE-UPF/TFM/Master_projects/PhyloPhere/Data/6.CAAS_traitfiles/Ranked/df8_sp.tab
ABCA7@1130	1	1000	0.001	b_637	/home/miguel/IBE-UPF/TFM/Master_projects/PhyloPhere/Data/6.CAAS_traitfiles/Ranked/df8_sp.tab
ABCA7@1138	0	1000	0.0		/home/miguel/IBE-UPF/TFM/Master_projects/PhyloPhere/Data/6.CAAS_traitfiles/Ranked/df8_sp.tab
ABCA7@1140	0	1000	0.0		/home/miguel/IBE-UPF/TFM/Master_projects/PhyloPhere/Data/6.CAAS_traitfiles/Ranked/df8_sp.tab
ABCA7@1141	0	1000	0.0		/home/miguel/IBE-UPF/TFM/Master_projects/PhyloPhere/Data/6.CAAS_traitfiles/Ranked/df8_sp.tab
ABCA7@1143	0	1000	0.0		/home/miguel/IBE-UPF/TFM/Master_projects/PhyloPhere/Data/6.CAAS_traitfiles/Ranked/df8_sp.tab
ABCA7@1144	0	1000	0.0		/home/miguel/IBE-UPF/TFM/Master_projects/PhyloPhere/Data/6.CAAS_traitfiles/Ranked/df8_sp.tab
ABCA7@1145	0	1000	0.0		/home/miguel/IBE-UPF/TFM/Master_projects/PhyloPhere/Data/6.CAAS_traitfiles/Ranked/df8_sp.tab
ABCA7@1146	22	1000	0.022	b_291,b_138,b_8,b_217,b_514,b_148,b_770,b_654,b_744,b_225,b_805,b_853,b_144,b_380,b_650,b_255,b_162,b_40,b_180,b_170,b_209,b_632	/home/miguel/IBE-UPF/TFM/Master_projects/PhyloPhere/Data/6.CAAS_traitfiles/Ranked/df8_sp.tab
ABCA7@1147	3	1000	0.003	b_205,b_669,b_462	/home/miguel/IBE-UPF/TFM/Master_projects/PhyloPhere/Data/6.CAAS_traitfiles/Ranked/df8_sp.tab
ABCA7@1148	0	1000	0.0		/home/miguel/IBE-UPF/TFM/Master_projects/PhyloPhere/Data/6.CAAS_traitfiles/Ranked/df8_sp.tab
ABCA7@1149	0	1000	0.0		/home/miguel/IBE-UPF/TFM/Master_projects/PhyloPhere/Data/6.CAAS_traitfiles/Ranked/df8_sp.tab
ABCA7@1154	0	1000	0.0		/home/miguel/IBE-UPF/TFM/Master_projects/PhyloPhere/Data/6.CAAS_traitfiles/Ranked/df8_sp.tab
ABCA7@1157	0	1000	0.0		/home/miguel/IBE-UPF/TFM/Master_projects/PhyloPhere/Data/6.CAAS_traitfiles/Ranked/df8_sp.tab
ABCA7@1158	0	1000	0.0		/home/miguel/IBE-UPF/TFM/Master_projects/PhyloPhere/Data/6.CAAS_traitfiles/Ranked/df8_sp.tab
ABCA7@1161	19	1000	0.019	b_164,b_291,b_8,b_514,b_671,b_39,b_148,b_283,b_654,b_369,b_225,b_853,b_650,b_255,b_180,b_170,b_182,b_209,b_632	/home/miguel/IBE-UPF/TFM/Master_projects/PhyloPhere/Data/6.CAAS_traitfiles/Ranked/df8_sp.tab
ABCA7@1176	0	1000	0.0		/home/miguel/IBE-UPF/TFM/Master_projects/PhyloPhere/Data/6.CAAS_traitfiles/Ranked/df8_sp.tab
ABCA7@1178	0	1000	0.0		/home/miguel/IBE-UPF/TFM/Master_projects/PhyloPhere/Data/6.CAAS_traitfiles/Ranked/df8_sp.tab
ABCA7@1179	0	1000	0.0		/home/miguel/IBE-UPF/TFM/Master_projects/PhyloPhere/Data/6.CAAS_traitfiles/Ranked/df8_sp.tab
ABCA7@1180	0	1000	0.0		/home/miguel/IBE-UPF/TFM/Master_projects/PhyloPhere/Data/6.CAAS_traitfiles/Ranked/df8_sp.tab
ABCA7@1184	0	1000	0.0		/home/miguel/IBE-UPF/TFM/Master_projects/PhyloPhere/Data/6.CAAS_traitfiles/Ranked/df8_sp.tab
ABCA7@1194	0	1000	0.0		/home/miguel/IBE-UPF/TFM/Master_projects/PhyloPhere/Data/6.CAAS_traitfiles/Ranked/df8_sp.tab
ABCA7@1197	0	1000	0.0		/home/miguel/IBE-UPF/TFM/Master_projects/PhyloPhere/Data/6.CAAS_traitfiles/Ranked/df8_sp.tab
ABCA7@1199	0	1000	0.0		/home/miguel/IBE-UPF/TFM/Master_projects/PhyloPhere/Data/6.CAAS_traitfiles/Ranked/df8_sp.tab
ABCA7@1200	0	1000	0.0		/home/miguel/IBE-UPF/TFM/Master_projects/PhyloPhere/Data/6.CAAS_traitfiles/Ranked/df8_sp.tab
ABCA7@1201	0	1000	0.0		/home/miguel/IBE-UPF/TFM/Master_projects/PhyloPhere/Data/6.CAAS_traitfiles/Ranked/df8_sp.tab
ABCA7@1211	0	1000	0.0		/home/miguel/IBE-UPF/TFM/Master_projects/PhyloPhere/Data/6.CAAS_traitfiles/Ranked/df8_sp.tab
ABCA7@1213	5	1000	0.005	b_994,b_780,b_873,b_30,b_65	/home/miguel/IBE-UPF/TFM/Master_projects/PhyloPhere/Data/6.CAAS_traitfiles/Ranked/df8_sp.tab
ABCA7@1217	0	1000	0.0		/home/miguel/IBE-UPF/TFM/Master_projects/PhyloPhere/Data/6.CAAS_traitfiles/Ranked/df8_sp.tab
ABCA7@1227	0	1000	0.0		/home/miguel/IBE-UPF/TFM/Master_projects/PhyloPhere/Data/6.CAAS_traitfiles/Ranked/df8_sp.tab
ABCA7@1230	32	1000	0.032	b_822,b_8,b_692,b_89,b_845,b_780,b_39,b_723,b_382,b_509,b_396,b_744,b_225,b_78,b_853,b_728,b_734,b_60,b_774,b_255,b_577,b_102,b_658,b_652,b_134,b_669,b_538,b_706,b_997,b_988,b_65,b_931	/home/miguel/IBE-UPF/TFM/Master_projects/PhyloPhere/Data/6.CAAS_traitfiles/Ranked/df8_sp.tab
ABCA7@1232	0	1000	0.0		/home/miguel/IBE-UPF/TFM/Master_projects/PhyloPhere/Data/6.CAAS_traitfiles/Ranked/df8_sp.tab
ABCA7@1233	0	1000	0.0		/home/miguel/IBE-UPF/TFM/Master_projects/PhyloPhere/Data/6.CAAS_traitfiles/Ranked/df8_sp.tab
ABCA7@1236	4	1000	0.004	b_547,b_482,b_252,b_632	/home/miguel/IBE-UPF/TFM/Master_projects/PhyloPhere/Data/6.CAAS_traitfiles/Ranked/df8_sp.tab
ABCA7@1237	0	1000	0.0		/home/miguel/IBE-UPF/TFM/Master_projects/PhyloPhere/Data/6.CAAS_traitfiles/Ranked/df8_sp.tab
ABCA7@1240	21	1000	0.021	b_333,b_822,b_164,b_742,b_692,b_865,b_173,b_671,b_685,b_168,b_654,b_382,b_663,b_225,b_78,b_728,b_983,b_538,b_65,b_309,b_651	/home/miguel/IBE-UPF/TFM/Master_projects/PhyloPhere/Data/6.CAAS_traitfiles/Ranked/df8_sp.tab
ABCA7@1246	0	1000	0.0		/home/miguel/IBE-UPF/TFM/Master_projects/PhyloPhere/Data/6.CAAS_traitfiles/Ranked/df8_sp.tab
ABCA7@1247	0	1000	0.0		/home/miguel/IBE-UPF/TFM/Master_projects/PhyloPhere/Data/6.CAAS_traitfiles/Ranked/df8_sp.tab
ABCA7@1248	7	1000	0.007	b_89,b_884,b_547,b_702,b_805,b_843,b_40	/home/miguel/IBE-UPF/TFM/Master_projects/PhyloPhere/Data/6.CAAS_traitfiles/Ranked/df8_sp.tab
ABCA7@1249	0	1000	0.0		/home/miguel/IBE-UPF/TFM/Master_projects/PhyloPhere/Data/6.CAAS_traitfiles/Ranked/df8_sp.tab
ABCA7@1250	0	1000	0.0		/home/miguel/IBE-UPF/TFM/Master_projects/PhyloPhere/Data/6.CAAS_traitfiles/Ranked/df8_sp.tab
ABCA7@1251	0	1000	0.0		/home/miguel/IBE-UPF/TFM/Master_projects/PhyloPhere/Data/6.CAAS_traitfiles/Ranked/df8_sp.tab
ABCA7@1253	0	1000	0.0		/home/miguel/IBE-UPF/TFM/Master_projects/PhyloPhere/Data/6.CAAS_traitfiles/Ranked/df8_sp.tab
ABCA7@1254	12	1000	0.012	b_138,b_8,b_490,b_520,b_217,b_148,b_770,b_744,b_144,b_380,b_255,b_162	/home/miguel/IBE-UPF/TFM/Master_projects/PhyloPhere/Data/6.CAAS_traitfiles/Ranked/df8_sp.tab
ABCA7@1255	0	1000	0.0		/home/miguel/IBE-UPF/TFM/Master_projects/PhyloPhere/Data/6.CAAS_traitfiles/Ranked/df8_sp.tab
ABCA7@1256	0	1000	0.0		/home/miguel/IBE-UPF/TFM/Master_projects/PhyloPhere/Data/6.CAAS_traitfiles/Ranked/df8_sp.tab
ABCA7@1257	0	1000	0.0		/home/miguel/IBE-UPF/TFM/Master_projects/PhyloPhere/Data/6.CAAS_traitfiles/Ranked/df8_sp.tab
ABCA7@1258	1	1000	0.001	b_931	/home/miguel/IBE-UPF/TFM/Master_projects/PhyloPhere/Data/6.CAAS_traitfiles/Ranked/df8_sp.tab
ABCA7@1260	0	1000	0.0		/home/miguel/IBE-UPF/TFM/Master_projects/PhyloPhere/Data/6.CAAS_traitfiles/Ranked/df8_sp.tab
ABCA7@1261	0	1000	0.0		/home/miguel/IBE-UPF/TFM/Master_projects/PhyloPhere/Data/6.CAAS_traitfiles/Ranked/df8_sp.tab
ABCA7@1262	0	1000	0.0		/home/miguel/IBE-UPF/TFM/Master_projects/PhyloPhere/Data/6.CAAS_traitfiles/Ranked/df8_sp.tab
ABCA7@1263	0	1000	0.0		/home/miguel/IBE-UPF/TFM/Master_projects/PhyloPhere/Data/6.CAAS_traitfiles/Ranked/df8_sp.tab
ABCA7@1264	0	1000	0.0		/home/miguel/IBE-UPF/TFM/Master_projects/PhyloPhere/Data/6.CAAS_traitfiles/Ranked/df8_sp.tab
ABCA7@1265	0	1000	0.0		/home/miguel/IBE-UPF/TFM/Master_projects/PhyloPhere/Data/6.CAAS_traitfiles/Ranked/df8_sp.tab
ABCA7@1267	0	1000	0.0		/home/miguel/IBE-UPF/TFM/Master_projects/PhyloPhere/Data/6.CAAS_traitfiles/Ranked/df8_sp.tab
ABCA7@1268	0	1000	0.0		/home/miguel/IBE-UPF/TFM/Master_projects/PhyloPhere/Data/6.CAAS_traitfiles/Ranked/df8_sp.tab
ABCA7@1278	8	1000	0.008	b_89,b_728,b_60,b_774,b_658,b_652,b_988,b_309	/home/miguel/IBE-UPF/TFM/Master_projects/PhyloPhere/Data/6.CAAS_traitfiles/Ranked/df8_sp.tab
ABCA7@1283	0	1000	0.0		/home/miguel/IBE-UPF/TFM/Master_projects/PhyloPhere/Data/6.CAAS_traitfiles/Ranked/df8_sp.tab
ABCA7@1286	0	1000	0.0		/home/miguel/IBE-UPF/TFM/Master_projects/PhyloPhere/Data/6.CAAS_traitfiles/Ranked/df8_sp.tab
ABCA7@1289	0	1000	0.0		/home/miguel/IBE-UPF/TFM/Master_projects/PhyloPhere/Data/6.CAAS_traitfiles/Ranked/df8_sp.tab
ABCA7@1290	0	1000	0.0		/home/miguel/IBE-UPF/TFM/Master_projects/PhyloPhere/Data/6.CAAS_traitfiles/Ranked/df8_sp.tab
ABCA7@1295	0	1000	0.0		/home/miguel/IBE-UPF/TFM/Master_projects/PhyloPhere/Data/6.CAAS_traitfiles/Ranked/df8_sp.tab
ABCA7@1298	0	1000	0.0		/home/miguel/IBE-UPF/TFM/Master_projects/PhyloPhere/Data/6.CAAS_traitfiles/Ranked/df8_sp.tab
ABCA7@1301	0	1000	0.0		/home/miguel/IBE-UPF/TFM/Master_projects/PhyloPhere/Data/6.CAAS_traitfiles/Ranked/df8_sp.tab
ABCA7@1304	0	1000	0.0		/home/miguel/IBE-UPF/TFM/Master_projects/PhyloPhere/Data/6.CAAS_traitfiles/Ranked/df8_sp.tab
ABCA7@1306	0	1000	0.0		/home/miguel/IBE-UPF/TFM/Master_projects/PhyloPhere/Data/6.CAAS_traitfiles/Ranked/df8_sp.tab
ABCA7@1307	0	1000	0.0		/home/miguel/IBE-UPF/TFM/Master_projects/PhyloPhere/Data/6.CAAS_traitfiles/Ranked/df8_sp.tab
ABCA7@1313	0	1000	0.0		/home/miguel/IBE-UPF/TFM/Master_projects/PhyloPhere/Data/6.CAAS_traitfiles/Ranked/df8_sp.tab
ABCA7@1319	0	1000	0.0		/home/miguel/IBE-UPF/TFM/Master_projects/PhyloPhere/Data/6.CAAS_traitfiles/Ranked/df8_sp.tab
ABCA7@1332	0	1000	0.0		/home/miguel/IBE-UPF/TFM/Master_projects/PhyloPhere/Data/6.CAAS_traitfiles/Ranked/df8_sp.tab
ABCA7@1354	0	1000	0.0		/home/miguel/IBE-UPF/TFM/Master_projects/PhyloPhere/Data/6.CAAS_traitfiles/Ranked/df8_sp.tab
ABCA7@1357	8	1000	0.008	b_89,b_728,b_60,b_774,b_658,b_652,b_988,b_309	/home/miguel/IBE-UPF/TFM/Master_projects/PhyloPhere/Data/6.CAAS_traitfiles/Ranked/df8_sp.tab
ABCA7@1362	19	1000	0.019	b_164,b_291,b_8,b_514,b_671,b_39,b_148,b_283,b_654,b_369,b_225,b_853,b_650,b_255,b_180,b_170,b_182,b_209,b_632	/home/miguel/IBE-UPF/TFM/Master_projects/PhyloPhere/Data/6.CAAS_traitfiles/Ranked/df8_sp.tab
ABCA7@1363	0	1000	0.0		/home/miguel/IBE-UPF/TFM/Master_projects/PhyloPhere/Data/6.CAAS_traitfiles/Ranked/df8_sp.tab
ABCA7@1364	19	1000	0.019	b_164,b_291,b_8,b_514,b_671,b_39,b_148,b_283,b_654,b_369,b_225,b_853,b_650,b_255,b_180,b_170,b_182,b_209,b_632	/home/miguel/IBE-UPF/TFM/Master_projects/PhyloPhere/Data/6.CAAS_traitfiles/Ranked/df8_sp.tab
ABCA7@1365	32	1000	0.032	b_822,b_742,b_692,b_845,b_865,b_780,b_142,b_685,b_873,b_232,b_382,b_654,b_509,b_396,b_744,b_316,b_225,b_78,b_853,b_629,b_577,b_102,b_134,b_669,b_538,b_297,b_488,b_706,b_997,b_65,b_651,b_462	/home/miguel/IBE-UPF/TFM/Master_projects/PhyloPhere/Data/6.CAAS_traitfiles/Ranked/df8_sp.tab
ABCA7@1366	6	1000	0.006	b_590,b_142,b_454,b_745,b_309,b_609	/home/miguel/IBE-UPF/TFM/Master_projects/PhyloPhere/Data/6.CAAS_traitfiles/Ranked/df8_sp.tab
ABCA7@1372	8	1000	0.008	b_89,b_547,b_351,b_457,b_650,b_60,b_918,b_522	/home/miguel/IBE-UPF/TFM/Master_projects/PhyloPhere/Data/6.CAAS_traitfiles/Ranked/df8_sp.tab
ABCA7@1373	0	1000	0.0		/home/miguel/IBE-UPF/TFM/Master_projects/PhyloPhere/Data/6.CAAS_traitfiles/Ranked/df8_sp.tab
ABCA7@1376	0	1000	0.0		/home/miguel/IBE-UPF/TFM/Master_projects/PhyloPhere/Data/6.CAAS_traitfiles/Ranked/df8_sp.tab
ABCA7@1378	19	1000	0.019	b_164,b_291,b_8,b_514,b_671,b_39,b_148,b_283,b_654,b_369,b_225,b_853,b_650,b_255,b_180,b_170,b_182,b_209,b_632	/home/miguel/IBE-UPF/TFM/Master_projects/PhyloPhere/Data/6.CAAS_traitfiles/Ranked/df8_sp.tab
ABCA7@1382	0	1000	0.0		/home/miguel/IBE-UPF/TFM/Master_projects/PhyloPhere/Data/6.CAAS_traitfiles/Ranked/df8_sp.tab
ABCA7@1383	8	1000	0.008	b_845,b_396,b_744,b_79,b_134,b_669,b_538,b_997	/home/miguel/IBE-UPF/TFM/Master_projects/PhyloPhere/Data/6.CAAS_traitfiles/Ranked/df8_sp.tab
ABCA7@1384	0	1000	0.0		/home/miguel/IBE-UPF/TFM/Master_projects/PhyloPhere/Data/6.CAAS_traitfiles/Ranked/df8_sp.tab
ABCA7@1385	0	1000	0.0		/home/miguel/IBE-UPF/TFM/Master_projects/PhyloPhere/Data/6.CAAS_traitfiles/Ranked/df8_sp.tab
ABCA7@1388	0	1000	0.0		/home/miguel/IBE-UPF/TFM/Master_projects/PhyloPhere/Data/6.CAAS_traitfiles/Ranked/df8_sp.tab
ABCA7@1394	0	1000	0.0		/home/miguel/IBE-UPF/TFM/Master_projects/PhyloPhere/Data/6.CAAS_traitfiles/Ranked/df8_sp.tab
ABCA7@1395	0	1000	0.0		/home/miguel/IBE-UPF/TFM/Master_projects/PhyloPhere/Data/6.CAAS_traitfiles/Ranked/df8_sp.tab
ABCA7@1396	0	1000	0.0		/home/miguel/IBE-UPF/TFM/Master_projects/PhyloPhere/Data/6.CAAS_traitfiles/Ranked/df8_sp.tab
ABCA7@1399	8	1000	0.008	b_89,b_728,b_60,b_774,b_658,b_652,b_988,b_309	/home/miguel/IBE-UPF/TFM/Master_projects/PhyloPhere/Data/6.CAAS_traitfiles/Ranked/df8_sp.tab
ABCA7@1400	0	1000	0.0		/home/miguel/IBE-UPF/TFM/Master_projects/PhyloPhere/Data/6.CAAS_traitfiles/Ranked/df8_sp.tab
ABCA7@1401	0	1000	0.0		/home/miguel/IBE-UPF/TFM/Master_projects/PhyloPhere/Data/6.CAAS_traitfiles/Ranked/df8_sp.tab
ABCA7@1405	19	1000	0.019	b_164,b_291,b_8,b_514,b_671,b_39,b_148,b_283,b_654,b_369,b_225,b_853,b_650,b_255,b_180,b_170,b_182,b_209,b_632	/home/miguel/IBE-UPF/TFM/Master_projects/PhyloPhere/Data/6.CAAS_traitfiles/Ranked/df8_sp.tab
ABCA7@1414	0	1000	0.0		/home/miguel/IBE-UPF/TFM/Master_projects/PhyloPhere/Data/6.CAAS_traitfiles/Ranked/df8_sp.tab
ABCA7@1422	0	1000	0.0		/home/miguel/IBE-UPF/TFM/Master_projects/PhyloPhere/Data/6.CAAS_traitfiles/Ranked/df8_sp.tab
ABCA7@1428	7	1000	0.007	b_723,b_728,b_734,b_60,b_652,b_988,b_931	/home/miguel/IBE-UPF/TFM/Master_projects/PhyloPhere/Data/6.CAAS_traitfiles/Ranked/df8_sp.tab
ABCA7@1435	0	1000	0.0		/home/miguel/IBE-UPF/TFM/Master_projects/PhyloPhere/Data/6.CAAS_traitfiles/Ranked/df8_sp.tab
ABCA7@1436	0	1000	0.0		/home/miguel/IBE-UPF/TFM/Master_projects/PhyloPhere/Data/6.CAAS_traitfiles/Ranked/df8_sp.tab
ABCA7@1437	22	1000	0.022	b_164,b_291,b_8,b_406,b_514,b_71,b_671,b_39,b_148,b_283,b_654,b_369,b_225,b_853,b_650,b_255,b_811,b_180,b_170,b_182,b_209,b_632	/home/miguel/IBE-UPF/TFM/Master_projects/PhyloPhere/Data/6.CAAS_traitfiles/Ranked/df8_sp.tab
ABCA7@1438	0	1000	0.0		/home/miguel/IBE-UPF/TFM/Master_projects/PhyloPhere/Data/6.CAAS_traitfiles/Ranked/df8_sp.tab
ABCA7@1439	7	1000	0.007	b_590,b_142,b_454,b_328,b_745,b_309,b_609	/home/miguel/IBE-UPF/TFM/Master_projects/PhyloPhere/Data/6.CAAS_traitfiles/Ranked/df8_sp.tab
ABCA7@1440	0	1000	0.0		/home/miguel/IBE-UPF/TFM/Master_projects/PhyloPhere/Data/6.CAAS_traitfiles/Ranked/df8_sp.tab
ABCA7@1443	32	1000	0.032	b_822,b_742,b_692,b_845,b_865,b_780,b_142,b_685,b_873,b_232,b_382,b_654,b_509,b_396,b_744,b_316,b_225,b_78,b_853,b_629,b_577,b_102,b_134,b_669,b_538,b_297,b_488,b_706,b_997,b_65,b_651,b_462	/home/miguel/IBE-UPF/TFM/Master_projects/PhyloPhere/Data/6.CAAS_traitfiles/Ranked/df8_sp.tab
ABCA7@1445	18	1000	0.018	b_164,b_291,b_8,b_671,b_39,b_148,b_283,b_654,b_225,b_853,b_734,b_650,b_255,b_700,b_180,b_170,b_209,b_632	/home/miguel/IBE-UPF/TFM/Master_projects/PhyloPhere/Data/6.CAAS_traitfiles/Ranked/df8_sp.tab
ABCA7@1451	0	1000	0.0		/home/miguel/IBE-UPF/TFM/Master_projects/PhyloPhere/Data/6.CAAS_traitfiles/Ranked/df8_sp.tab
ABCA7@1454	17	1000	0.017	b_291,b_547,b_39,b_911,b_148,b_283,b_650,b_918,b_255,b_52,b_180,b_522,b_170,b_182,b_572,b_166,b_632	/home/miguel/IBE-UPF/TFM/Master_projects/PhyloPhere/Data/6.CAAS_traitfiles/Ranked/df8_sp.tab
ABCA7@1459	0	1000	0.0		/home/miguel/IBE-UPF/TFM/Master_projects/PhyloPhere/Data/6.CAAS_traitfiles/Ranked/df8_sp.tab
ABCA7@1460	0	1000	0.0		/home/miguel/IBE-UPF/TFM/Master_projects/PhyloPhere/Data/6.CAAS_traitfiles/Ranked/df8_sp.tab
ABCA7@1461	0	1000	0.0		/home/miguel/IBE-UPF/TFM/Master_projects/PhyloPhere/Data/6.CAAS_traitfiles/Ranked/df8_sp.tab
ABCA7@1462	0	1000	0.0		/home/miguel/IBE-UPF/TFM/Master_projects/PhyloPhere/Data/6.CAAS_traitfiles/Ranked/df8_sp.tab
ABCA7@1465	0	1000	0.0		/home/miguel/IBE-UPF/TFM/Master_projects/PhyloPhere/Data/6.CAAS_traitfiles/Ranked/df8_sp.tab
ABCA7@1466	0	1000	0.0		/home/miguel/IBE-UPF/TFM/Master_projects/PhyloPhere/Data/6.CAAS_traitfiles/Ranked/df8_sp.tab
ABCA7@1481	0	1000	0.0		/home/miguel/IBE-UPF/TFM/Master_projects/PhyloPhere/Data/6.CAAS_traitfiles/Ranked/df8_sp.tab
ABCA7@1496	19	1000	0.019	b_164,b_291,b_8,b_514,b_671,b_39,b_148,b_283,b_654,b_369,b_225,b_853,b_650,b_255,b_180,b_170,b_182,b_209,b_632	/home/miguel/IBE-UPF/TFM/Master_projects/PhyloPhere/Data/6.CAAS_traitfiles/Ranked/df8_sp.tab
ABCA7@1503	0	1000	0.0		/home/miguel/IBE-UPF/TFM/Master_projects/PhyloPhere/Data/6.CAAS_traitfiles/Ranked/df8_sp.tab
ABCA7@1507	10	1000	0.01	b_89,b_723,b_728,b_734,b_60,b_774,b_658,b_652,b_988,b_931	/home/miguel/IBE-UPF/TFM/Master_projects/PhyloPhere/Data/6.CAAS_traitfiles/Ranked/df8_sp.tab
ABCA7@1509	0	1000	0.0		/home/miguel/IBE-UPF/TFM/Master_projects/PhyloPhere/Data/6.CAAS_traitfiles/Ranked/df8_sp.tab
ABCA7@1514	5	1000	0.005	b_822,b_516,b_705,b_665,b_603	/home/miguel/IBE-UPF/TFM/Master_projects/PhyloPhere/Data/6.CAAS_traitfiles/Ranked/df8_sp.tab
ABCA7@1526	6	1000	0.006	b_845,b_744,b_78,b_134,b_669,b_997	/home/miguel/IBE-UPF/TFM/Master_projects/PhyloPhere/Data/6.CAAS_traitfiles/Ranked/df8_sp.tab
ABCA7@1527	0	1000	0.0		/home/miguel/IBE-UPF/TFM/Master_projects/PhyloPhere/Data/6.CAAS_traitfiles/Ranked/df8_sp.tab
ABCA7@1540	19	1000	0.019	b_164,b_291,b_8,b_514,b_671,b_39,b_148,b_283,b_654,b_369,b_225,b_853,b_650,b_255,b_180,b_170,b_182,b_209,b_632	/home/miguel/IBE-UPF/TFM/Master_projects/PhyloPhere/Data/6.CAAS_traitfiles/Ranked/df8_sp.tab
ABCA7@1544	0	1000	0.0		/home/miguel/IBE-UPF/TFM/Master_projects/PhyloPhere/Data/6.CAAS_traitfiles/Ranked/df8_sp.tab
ABCA7@1546	0	1000	0.0		/home/miguel/IBE-UPF/TFM/Master_projects/PhyloPhere/Data/6.CAAS_traitfiles/Ranked/df8_sp.tab
ABCA7@1579	0	1000	0.0		/home/miguel/IBE-UPF/TFM/Master_projects/PhyloPhere/Data/6.CAAS_traitfiles/Ranked/df8_sp.tab
ABCA7@1592	0	1000	0.0		/home/miguel/IBE-UPF/TFM/Master_projects/PhyloPhere/Data/6.CAAS_traitfiles/Ranked/df8_sp.tab
ABCA7@1609	0	1000	0.0		/home/miguel/IBE-UPF/TFM/Master_projects/PhyloPhere/Data/6.CAAS_traitfiles/Ranked/df8_sp.tab
ABCA7@1612	0	1000	0.0		/home/miguel/IBE-UPF/TFM/Master_projects/PhyloPhere/Data/6.CAAS_traitfiles/Ranked/df8_sp.tab
ABCA7@1613	0	1000	0.0		/home/miguel/IBE-UPF/TFM/Master_projects/PhyloPhere/Data/6.CAAS_traitfiles/Ranked/df8_sp.tab
ABCA7@1614	0	1000	0.0		/home/miguel/IBE-UPF/TFM/Master_projects/PhyloPhere/Data/6.CAAS_traitfiles/Ranked/df8_sp.tab
ABCA7@1615	0	1000	0.0		/home/miguel/IBE-UPF/TFM/Master_projects/PhyloPhere/Data/6.CAAS_traitfiles/Ranked/df8_sp.tab
ABCA7@1619	19	1000	0.019	b_164,b_291,b_8,b_514,b_671,b_39,b_148,b_283,b_654,b_369,b_225,b_853,b_650,b_255,b_180,b_170,b_182,b_209,b_632	/home/miguel/IBE-UPF/TFM/Master_projects/PhyloPhere/Data/6.CAAS_traitfiles/Ranked/df8_sp.tab
ABCA7@1621	0	1000	0.0		/home/miguel/IBE-UPF/TFM/Master_projects/PhyloPhere/Data/6.CAAS_traitfiles/Ranked/df8_sp.tab
ABCA7@1638	0	1000	0.0		/home/miguel/IBE-UPF/TFM/Master_projects/PhyloPhere/Data/6.CAAS_traitfiles/Ranked/df8_sp.tab
ABCA7@1642	0	1000	0.0		/home/miguel/IBE-UPF/TFM/Master_projects/PhyloPhere/Data/6.CAAS_traitfiles/Ranked/df8_sp.tab
ABCA7@1648	0	1000	0.0		/home/miguel/IBE-UPF/TFM/Master_projects/PhyloPhere/Data/6.CAAS_traitfiles/Ranked/df8_sp.tab
ABCA7@1652	0	1000	0.0		/home/miguel/IBE-UPF/TFM/Master_projects/PhyloPhere/Data/6.CAAS_traitfiles/Ranked/df8_sp.tab
ABCA7@1669	0	1000	0.0		/home/miguel/IBE-UPF/TFM/Master_projects/PhyloPhere/Data/6.CAAS_traitfiles/Ranked/df8_sp.tab
ABCA7@1671	26	1000	0.026	b_822,b_164,b_291,b_8,b_692,b_514,b_671,b_39,b_148,b_283,b_654,b_369,b_665,b_225,b_78,b_853,b_889,b_650,b_255,b_180,b_170,b_603,b_182,b_209,b_651,b_632	/home/miguel/IBE-UPF/TFM/Master_projects/PhyloPhere/Data/6.CAAS_traitfiles/Ranked/df8_sp.tab
ABCA7@1672	25	1000	0.025	b_822,b_164,b_291,b_692,b_514,b_671,b_39,b_148,b_283,b_654,b_369,b_665,b_225,b_78,b_853,b_889,b_650,b_255,b_180,b_170,b_603,b_182,b_209,b_651,b_632	/home/miguel/IBE-UPF/TFM/Master_projects/PhyloPhere/Data/6.CAAS_traitfiles/Ranked/df8_sp.tab
ABCA7@1676	8	1000	0.008	b_89,b_728,b_60,b_774,b_658,b_652,b_988,b_309	/home/miguel/IBE-UPF/TFM/Master_projects/PhyloPhere/Data/6.CAAS_traitfiles/Ranked/df8_sp.tab
ABCA7@1679	19	1000	0.019	b_164,b_291,b_8,b_514,b_671,b_39,b_148,b_283,b_654,b_369,b_225,b_853,b_650,b_255,b_180,b_170,b_182,b_209,b_632	/home/miguel/IBE-UPF/TFM/Master_projects/PhyloPhere/Data/6.CAAS_traitfiles/Ranked/df8_sp.tab
ABCA7@1686	0	1000	0.0		/home/miguel/IBE-UPF/TFM/Master_projects/PhyloPhere/Data/6.CAAS_traitfiles/Ranked/df8_sp.tab
ABCA7@1688	0	1000	0.0		/home/miguel/IBE-UPF/TFM/Master_projects/PhyloPhere/Data/6.CAAS_traitfiles/Ranked/df8_sp.tab
ABCA7@1689	22	1000	0.022	b_692,b_89,b_845,b_142,b_873,b_723,b_654,b_509,b_744,b_316,b_78,b_728,b_734,b_60,b_774,b_577,b_134,b_669,b_522,b_297,b_997,b_462	/home/miguel/IBE-UPF/TFM/Master_projects/PhyloPhere/Data/6.CAAS_traitfiles/Ranked/df8_sp.tab
ABCA7@1691	19	1000	0.019	b_164,b_291,b_8,b_514,b_671,b_39,b_148,b_283,b_654,b_369,b_225,b_853,b_650,b_255,b_180,b_170,b_182,b_209,b_632	/home/miguel/IBE-UPF/TFM/Master_projects/PhyloPhere/Data/6.CAAS_traitfiles/Ranked/df8_sp.tab
ABCA7@1693	0	1000	0.0		/home/miguel/IBE-UPF/TFM/Master_projects/PhyloPhere/Data/6.CAAS_traitfiles/Ranked/df8_sp.tab
ABCA7@1696	11	1000	0.011	b_291,b_8,b_217,b_514,b_148,b_654,b_369,b_650,b_255,b_209,b_632	/home/miguel/IBE-UPF/TFM/Master_projects/PhyloPhere/Data/6.CAAS_traitfiles/Ranked/df8_sp.tab
ABCA7@1704	5	1000	0.005	b_89,b_728,b_60,b_774,b_309	/home/miguel/IBE-UPF/TFM/Master_projects/PhyloPhere/Data/6.CAAS_traitfiles/Ranked/df8_sp.tab
ABCA7@1711	8	1000	0.008	b_424,b_89,b_723,b_728,b_734,b_60,b_774,b_669	/home/miguel/IBE-UPF/TFM/Master_projects/PhyloPhere/Data/6.CAAS_traitfiles/Ranked/df8_sp.tab
ABCA7@1718	5	1000	0.005	b_547,b_351,b_60,b_566,b_652	/home/miguel/IBE-UPF/TFM/Master_projects/PhyloPhere/Data/6.CAAS_traitfiles/Ranked/df8_sp.tab
ABCA7@1720	0	1000	0.0		/home/miguel/IBE-UPF/TFM/Master_projects/PhyloPhere/Data/6.CAAS_traitfiles/Ranked/df8_sp.tab
ABCA7@1725	0	1000	0.0		/home/miguel/IBE-UPF/TFM/Master_projects/PhyloPhere/Data/6.CAAS_traitfiles/Ranked/df8_sp.tab
ABCA7@1729	0	1000	0.0		/home/miguel/IBE-UPF/TFM/Master_projects/PhyloPhere/Data/6.CAAS_traitfiles/Ranked/df8_sp.tab
ABCA7@1730	0	1000	0.0		/home/miguel/IBE-UPF/TFM/Master_projects/PhyloPhere/Data/6.CAAS_traitfiles/Ranked/df8_sp.tab
ABCA7@1734	0	1000	0.0		/home/miguel/IBE-UPF/TFM/Master_projects/PhyloPhere/Data/6.CAAS_traitfiles/Ranked/df8_sp.tab
ABCA7@1736	3	1000	0.003	b_742,b_873,b_651	/home/miguel/IBE-UPF/TFM/Master_projects/PhyloPhere/Data/6.CAAS_traitfiles/Ranked/df8_sp.tab
ABCA7@1739	0	1000	0.0		/home/miguel/IBE-UPF/TFM/Master_projects/PhyloPhere/Data/6.CAAS_traitfiles/Ranked/df8_sp.tab
ABCA7@1740	0	1000	0.0		/home/miguel/IBE-UPF/TFM/Master_projects/PhyloPhere/Data/6.CAAS_traitfiles/Ranked/df8_sp.tab
ABCA7@1752	19	1000	0.019	b_164,b_291,b_8,b_514,b_671,b_39,b_148,b_283,b_654,b_369,b_225,b_853,b_650,b_255,b_180,b_170,b_182,b_209,b_632	/home/miguel/IBE-UPF/TFM/Master_projects/PhyloPhere/Data/6.CAAS_traitfiles/Ranked/df8_sp.tab
ABCA7@1776	0	1000	0.0		/home/miguel/IBE-UPF/TFM/Master_projects/PhyloPhere/Data/6.CAAS_traitfiles/Ranked/df8_sp.tab
ABCA7@1777	0	1000	0.0		/home/miguel/IBE-UPF/TFM/Master_projects/PhyloPhere/Data/6.CAAS_traitfiles/Ranked/df8_sp.tab
ABCA7@1778	0	1000	0.0		/home/miguel/IBE-UPF/TFM/Master_projects/PhyloPhere/Data/6.CAAS_traitfiles/Ranked/df8_sp.tab
ABCA7@1779	19	1000	0.019	b_164,b_291,b_8,b_514,b_671,b_39,b_148,b_283,b_654,b_369,b_225,b_853,b_650,b_255,b_180,b_170,b_182,b_209,b_632	/home/miguel/IBE-UPF/TFM/Master_projects/PhyloPhere/Data/6.CAAS_traitfiles/Ranked/df8_sp.tab
ABCA7@1781	0	1000	0.0		/home/miguel/IBE-UPF/TFM/Master_projects/PhyloPhere/Data/6.CAAS_traitfiles/Ranked/df8_sp.tab
ABCA7@1784	0	1000	0.0		/home/miguel/IBE-UPF/TFM/Master_projects/PhyloPhere/Data/6.CAAS_traitfiles/Ranked/df8_sp.tab
ABCA7@1787	0	1000	0.0		/home/miguel/IBE-UPF/TFM/Master_projects/PhyloPhere/Data/6.CAAS_traitfiles/Ranked/df8_sp.tab
ABCA7@1789	0	1000	0.0		/home/miguel/IBE-UPF/TFM/Master_projects/PhyloPhere/Data/6.CAAS_traitfiles/Ranked/df8_sp.tab
ABCA7@1792	0	1000	0.0		/home/miguel/IBE-UPF/TFM/Master_projects/PhyloPhere/Data/6.CAAS_traitfiles/Ranked/df8_sp.tab
ABCA7@1793	16	1000	0.016	b_291,b_8,b_217,b_514,b_148,b_770,b_654,b_744,b_805,b_144,b_380,b_650,b_255,b_162,b_209,b_632	/home/miguel/IBE-UPF/TFM/Master_projects/PhyloPhere/Data/6.CAAS_traitfiles/Ranked/df8_sp.tab
ABCA7@1796	14	1000	0.014	b_164,b_291,b_8,b_514,b_671,b_39,b_148,b_283,b_654,b_369,b_650,b_255,b_209,b_632	/home/miguel/IBE-UPF/TFM/Master_projects/PhyloPhere/Data/6.CAAS_traitfiles/Ranked/df8_sp.tab
ABCA7@1799	0	1000	0.0		/home/miguel/IBE-UPF/TFM/Master_projects/PhyloPhere/Data/6.CAAS_traitfiles/Ranked/df8_sp.tab
ABCA7@1800	14	1000	0.014	b_164,b_291,b_8,b_514,b_671,b_39,b_148,b_283,b_654,b_369,b_650,b_255,b_209,b_632	/home/miguel/IBE-UPF/TFM/Master_projects/PhyloPhere/Data/6.CAAS_traitfiles/Ranked/df8_sp.tab
ABCA7@1813	0	1000	0.0		/home/miguel/IBE-UPF/TFM/Master_projects/PhyloPhere/Data/6.CAAS_traitfiles/Ranked/df8_sp.tab
ABCA7@1830	0	1000	0.0		/home/miguel/IBE-UPF/TFM/Master_projects/PhyloPhere/Data/6.CAAS_traitfiles/Ranked/df8_sp.tab
ABCA7@1833	0	1000	0.0		/home/miguel/IBE-UPF/TFM/Master_projects/PhyloPhere/Data/6.CAAS_traitfiles/Ranked/df8_sp.tab
ABCA7@1834	0	1000	0.0		/home/miguel/IBE-UPF/TFM/Master_projects/PhyloPhere/Data/6.CAAS_traitfiles/Ranked/df8_sp.tab
ABCA7@1837	0	1000	0.0		/home/miguel/IBE-UPF/TFM/Master_projects/PhyloPhere/Data/6.CAAS_traitfiles/Ranked/df8_sp.tab
ABCA7@1838	0	1000	0.0		/home/miguel/IBE-UPF/TFM/Master_projects/PhyloPhere/Data/6.CAAS_traitfiles/Ranked/df8_sp.tab
ABCA7@1839	0	1000	0.0		/home/miguel/IBE-UPF/TFM/Master_projects/PhyloPhere/Data/6.CAAS_traitfiles/Ranked/df8_sp.tab
ABCA7@1840	11	1000	0.011	b_291,b_547,b_39,b_911,b_148,b_283,b_650,b_918,b_255,b_572,b_632	/home/miguel/IBE-UPF/TFM/Master_projects/PhyloPhere/Data/6.CAAS_traitfiles/Ranked/df8_sp.tab
ABCA7@1841	9	1000	0.009	b_89,b_873,b_30,b_96,b_509,b_240,b_688,b_669,b_997	/home/miguel/IBE-UPF/TFM/Master_projects/PhyloPhere/Data/6.CAAS_traitfiles/Ranked/df8_sp.tab
ABCA7@1844	0	1000	0.0		/home/miguel/IBE-UPF/TFM/Master_projects/PhyloPhere/Data/6.CAAS_traitfiles/Ranked/df8_sp.tab
ABCA7@1849	14	1000	0.014	b_164,b_291,b_8,b_514,b_671,b_39,b_148,b_283,b_654,b_369,b_650,b_255,b_209,b_632	/home/miguel/IBE-UPF/TFM/Master_projects/PhyloPhere/Data/6.CAAS_traitfiles/Ranked/df8_sp.tab
ABCA7@1850	13	1000	0.013	b_164,b_291,b_8,b_514,b_671,b_148,b_654,b_805,b_650,b_255,b_162,b_209,b_632	/home/miguel/IBE-UPF/TFM/Master_projects/PhyloPhere/Data/6.CAAS_traitfiles/Ranked/df8_sp.tab
ABCA7@1854	14	1000	0.014	b_164,b_291,b_8,b_514,b_671,b_39,b_148,b_283,b_654,b_369,b_650,b_255,b_209,b_632	/home/miguel/IBE-UPF/TFM/Master_projects/PhyloPhere/Data/6.CAAS_traitfiles/Ranked/df8_sp.tab
ABCA7@1868	0	1000	0.0		/home/miguel/IBE-UPF/TFM/Master_projects/PhyloPhere/Data/6.CAAS_traitfiles/Ranked/df8_sp.tab
ABCA7@1871	0	1000	0.0		/home/miguel/IBE-UPF/TFM/Master_projects/PhyloPhere/Data/6.CAAS_traitfiles/Ranked/df8_sp.tab
ABCA7@1878	0	1000	0.0		/home/miguel/IBE-UPF/TFM/Master_projects/PhyloPhere/Data/6.CAAS_traitfiles/Ranked/df8_sp.tab
ABCA7@1879	0	1000	0.0		/home/miguel/IBE-UPF/TFM/Master_projects/PhyloPhere/Data/6.CAAS_traitfiles/Ranked/df8_sp.tab
ABCA7@1900	0	1000	0.0		/home/miguel/IBE-UPF/TFM/Master_projects/PhyloPhere/Data/6.CAAS_traitfiles/Ranked/df8_sp.tab
ABCA7@1912	34	1000	0.034	b_822,b_742,b_692,b_845,b_865,b_780,b_142,b_685,b_873,b_232,b_382,b_654,b_509,b_396,b_744,b_316,b_225,b_78,b_853,b_629,b_456,b_577,b_102,b_652,b_134,b_669,b_538,b_297,b_488,b_706,b_997,b_65,b_651,b_462	/home/miguel/IBE-UPF/TFM/Master_projects/PhyloPhere/Data/6.CAAS_traitfiles/Ranked/df8_sp.tab
ABCA7@1926	14	1000	0.014	b_164,b_291,b_8,b_514,b_671,b_39,b_148,b_283,b_654,b_369,b_650,b_255,b_209,b_632	/home/miguel/IBE-UPF/TFM/Master_projects/PhyloPhere/Data/6.CAAS_traitfiles/Ranked/df8_sp.tab
ABCA7@1930	0	1000	0.0		/home/miguel/IBE-UPF/TFM/Master_projects/PhyloPhere/Data/6.CAAS_traitfiles/Ranked/df8_sp.tab
ABCA7@1937	5	1000	0.005	b_89,b_728,b_60,b_774,b_309	/home/miguel/IBE-UPF/TFM/Master_projects/PhyloPhere/Data/6.CAAS_traitfiles/Ranked/df8_sp.tab
ABCA7@1942	34	1000	0.034	b_164,b_291,b_8,b_692,b_89,b_845,b_514,b_142,b_671,b_873,b_39,b_148,b_283,b_723,b_654,b_369,b_509,b_744,b_316,b_78,b_728,b_734,b_650,b_60,b_774,b_255,b_577,b_134,b_669,b_297,b_997,b_209,b_632,b_462	/home/miguel/IBE-UPF/TFM/Master_projects/PhyloPhere/Data/6.CAAS_traitfiles/Ranked/df8_sp.tab
ABCA7@1947	0	1000	0.0		/home/miguel/IBE-UPF/TFM/Master_projects/PhyloPhere/Data/6.CAAS_traitfiles/Ranked/df8_sp.tab
ABCA7@1950	19	1000	0.019	b_164,b_291,b_8,b_514,b_671,b_39,b_148,b_283,b_654,b_369,b_225,b_853,b_650,b_255,b_180,b_170,b_182,b_209,b_632	/home/miguel/IBE-UPF/TFM/Master_projects/PhyloPhere/Data/6.CAAS_traitfiles/Ranked/df8_sp.tab
ABCA7@1953	0	1000	0.0		/home/miguel/IBE-UPF/TFM/Master_projects/PhyloPhere/Data/6.CAAS_traitfiles/Ranked/df8_sp.tab
ABCA7@1961	0	1000	0.0		/home/miguel/IBE-UPF/TFM/Master_projects/PhyloPhere/Data/6.CAAS_traitfiles/Ranked/df8_sp.tab
ABCA7@1962	0	1000	0.0		/home/miguel/IBE-UPF/TFM/Master_projects/PhyloPhere/Data/6.CAAS_traitfiles/Ranked/df8_sp.tab
ABCA7@1963	32	1000	0.032	b_822,b_742,b_692,b_845,b_865,b_780,b_142,b_685,b_873,b_232,b_382,b_654,b_509,b_396,b_744,b_316,b_225,b_78,b_853,b_629,b_577,b_102,b_134,b_669,b_538,b_297,b_488,b_706,b_997,b_65,b_651,b_462	/home/miguel/IBE-UPF/TFM/Master_projects/PhyloPhere/Data/6.CAAS_traitfiles/Ranked/df8_sp.tab
ABCA7@1964	0	1000	0.0		/home/miguel/IBE-UPF/TFM/Master_projects/PhyloPhere/Data/6.CAAS_traitfiles/Ranked/df8_sp.tab
ABCA7@1965	15	1000	0.015	b_692,b_845,b_142,b_873,b_654,b_509,b_744,b_316,b_78,b_577,b_134,b_669,b_297,b_997,b_462	/home/miguel/IBE-UPF/TFM/Master_projects/PhyloPhere/Data/6.CAAS_traitfiles/Ranked/df8_sp.tab
ABCA7@1966	8	1000	0.008	b_742,b_342,b_396,b_744,b_316,b_471,b_102,b_997	/home/miguel/IBE-UPF/TFM/Master_projects/PhyloPhere/Data/6.CAAS_traitfiles/Ranked/df8_sp.tab
ABCA7@1968	0	1000	0.0		/home/miguel/IBE-UPF/TFM/Master_projects/PhyloPhere/Data/6.CAAS_traitfiles/Ranked/df8_sp.tab
ABCA7@1969	0	1000	0.0		/home/miguel/IBE-UPF/TFM/Master_projects/PhyloPhere/Data/6.CAAS_traitfiles/Ranked/df8_sp.tab
ABCA7@1972	0	1000	0.0		/home/miguel/IBE-UPF/TFM/Master_projects/PhyloPhere/Data/6.CAAS_traitfiles/Ranked/df8_sp.tab
ABCA7@1974	22	1000	0.022	b_164,b_291,b_8,b_514,b_671,b_39,b_148,b_283,b_654,b_369,b_225,b_805,b_853,b_650,b_255,b_162,b_40,b_180,b_170,b_182,b_209,b_632	/home/miguel/IBE-UPF/TFM/Master_projects/PhyloPhere/Data/6.CAAS_traitfiles/Ranked/df8_sp.tab
ABCA7@1976	0	1000	0.0		/home/miguel/IBE-UPF/TFM/Master_projects/PhyloPhere/Data/6.CAAS_traitfiles/Ranked/df8_sp.tab
ABCA7@1978	0	1000	0.0		/home/miguel/IBE-UPF/TFM/Master_projects/PhyloPhere/Data/6.CAAS_traitfiles/Ranked/df8_sp.tab
ABCA7@1983	0	1000	0.0		/home/miguel/IBE-UPF/TFM/Master_projects/PhyloPhere/Data/6.CAAS_traitfiles/Ranked/df8_sp.tab
ABCA7@1986	8	1000	0.008	b_89,b_728,b_60,b_774,b_658,b_652,b_988,b_309	/home/miguel/IBE-UPF/TFM/Master_projects/PhyloPhere/Data/6.CAAS_traitfiles/Ranked/df8_sp.tab
ABCA7@1994	0	1000	0.0		/home/miguel/IBE-UPF/TFM/Master_projects/PhyloPhere/Data/6.CAAS_traitfiles/Ranked/df8_sp.tab
ABCA7@1998	0	1000	0.0		/home/miguel/IBE-UPF/TFM/Master_projects/PhyloPhere/Data/6.CAAS_traitfiles/Ranked/df8_sp.tab
ABCA7@1999	0	1000	0.0		/home/miguel/IBE-UPF/TFM/Master_projects/PhyloPhere/Data/6.CAAS_traitfiles/Ranked/df8_sp.tab
ABCA7@2002	0	1000	0.0		/home/miguel/IBE-UPF/TFM/Master_projects/PhyloPhere/Data/6.CAAS_traitfiles/Ranked/df8_sp.tab
ABCA7@2006	8	1000	0.008	b_89,b_728,b_60,b_774,b_658,b_652,b_988,b_309	/home/miguel/IBE-UPF/TFM/Master_projects/PhyloPhere/Data/6.CAAS_traitfiles/Ranked/df8_sp.tab
ABCA7@2009	17	1000	0.017	b_590,b_89,b_142,b_454,b_723,b_728,b_734,b_60,b_774,b_456,b_532,b_658,b_652,b_988,b_931,b_943,b_609	/home/miguel/IBE-UPF/TFM/Master_projects/PhyloPhere/Data/6.CAAS_traitfiles/Ranked/df8_sp.tab
ABCA7@2010	0	1000	0.0		/home/miguel/IBE-UPF/TFM/Master_projects/PhyloPhere/Data/6.CAAS_traitfiles/Ranked/df8_sp.tab
ABCA7@2011	0	1000	0.0		/home/miguel/IBE-UPF/TFM/Master_projects/PhyloPhere/Data/6.CAAS_traitfiles/Ranked/df8_sp.tab
ABCA7@2012	0	1000	0.0		/home/miguel/IBE-UPF/TFM/Master_projects/PhyloPhere/Data/6.CAAS_traitfiles/Ranked/df8_sp.tab
ABCA7@2024	19	1000	0.019	b_164,b_291,b_8,b_514,b_671,b_39,b_148,b_283,b_654,b_369,b_225,b_853,b_650,b_255,b_180,b_170,b_182,b_209,b_632	/home/miguel/IBE-UPF/TFM/Master_projects/PhyloPhere/Data/6.CAAS_traitfiles/Ranked/df8_sp.tab
ABCA7@2032	0	1000	0.0		/home/miguel/IBE-UPF/TFM/Master_projects/PhyloPhere/Data/6.CAAS_traitfiles/Ranked/df8_sp.tab
ABCA7@2034	8	1000	0.008	b_89,b_728,b_60,b_774,b_658,b_652,b_988,b_309	/home/miguel/IBE-UPF/TFM/Master_projects/PhyloPhere/Data/6.CAAS_traitfiles/Ranked/df8_sp.tab
ABCA7@2035	0	1000	0.0		/home/miguel/IBE-UPF/TFM/Master_projects/PhyloPhere/Data/6.CAAS_traitfiles/Ranked/df8_sp.tab
ABCA7@2038	0	1000	0.0		/home/miguel/IBE-UPF/TFM/Master_projects/PhyloPhere/Data/6.CAAS_traitfiles/Ranked/df8_sp.tab
ABCA7@2039	0	1000	0.0		/home/miguel/IBE-UPF/TFM/Master_projects/PhyloPhere/Data/6.CAAS_traitfiles/Ranked/df8_sp.tab
ABCA7@2040	17	1000	0.017	b_291,b_138,b_217,b_884,b_547,b_148,b_770,b_744,b_805,b_380,b_650,b_255,b_162,b_40,b_180,b_170,b_632	/home/miguel/IBE-UPF/TFM/Master_projects/PhyloPhere/Data/6.CAAS_traitfiles/Ranked/df8_sp.tab
ABCA7@2041	9	1000	0.009	b_164,b_291,b_8,b_671,b_283,b_369,b_225,b_853,b_311	/home/miguel/IBE-UPF/TFM/Master_projects/PhyloPhere/Data/6.CAAS_traitfiles/Ranked/df8_sp.tab
ABCA7@2042	0	1000	0.0		/home/miguel/IBE-UPF/TFM/Master_projects/PhyloPhere/Data/6.CAAS_traitfiles/Ranked/df8_sp.tab
ABCA7@2043	9	1000	0.009	b_89,b_728,b_60,b_774,b_658,b_652,b_669,b_988,b_309	/home/miguel/IBE-UPF/TFM/Master_projects/PhyloPhere/Data/6.CAAS_traitfiles/Ranked/df8_sp.tab
ABCA7@2044	0	1000	0.0		/home/miguel/IBE-UPF/TFM/Master_projects/PhyloPhere/Data/6.CAAS_traitfiles/Ranked/df8_sp.tab
ABCA7@2045	0	1000	0.0		/home/miguel/IBE-UPF/TFM/Master_projects/PhyloPhere/Data/6.CAAS_traitfiles/Ranked/df8_sp.tab
ABCA7@2046	5	1000	0.005	b_845,b_744,b_134,b_669,b_997	/home/miguel/IBE-UPF/TFM/Master_projects/PhyloPhere/Data/6.CAAS_traitfiles/Ranked/df8_sp.tab
ABCA7@2047	33	1000	0.033	b_822,b_742,b_692,b_845,b_865,b_780,b_142,b_685,b_873,b_232,b_382,b_654,b_509,b_396,b_744,b_316,b_225,b_78,b_79,b_853,b_629,b_577,b_102,b_134,b_669,b_538,b_297,b_488,b_706,b_997,b_65,b_651,b_462	/home/miguel/IBE-UPF/TFM/Master_projects/PhyloPhere/Data/6.CAAS_traitfiles/Ranked/df8_sp.tab
ABCA7@2048	17	1000	0.017	b_164,b_8,b_514,b_671,b_39,b_148,b_283,b_654,b_369,b_225,b_853,b_650,b_255,b_170,b_182,b_98,b_209	/home/miguel/IBE-UPF/TFM/Master_projects/PhyloPhere/Data/6.CAAS_traitfiles/Ranked/df8_sp.tab
ABCA7@2053	10	1000	0.01	b_89,b_734,b_457,b_60,b_774,b_658,b_652,b_988,b_474,b_931	/home/miguel/IBE-UPF/TFM/Master_projects/PhyloPhere/Data/6.CAAS_traitfiles/Ranked/df8_sp.tab
ABCA7@2056	6	1000	0.006	b_671,b_148,b_255,b_180,b_170,b_209	/home/miguel/IBE-UPF/TFM/Master_projects/PhyloPhere/Data/6.CAAS_traitfiles/Ranked/df8_sp.tab
ABCA7@2057	33	1000	0.033	b_822,b_742,b_692,b_845,b_865,b_780,b_142,b_685,b_873,b_232,b_382,b_654,b_509,b_396,b_744,b_316,b_225,b_78,b_853,b_629,b_577,b_102,b_134,b_669,b_538,b_272,b_297,b_488,b_706,b_997,b_65,b_651,b_462	/home/miguel/IBE-UPF/TFM/Master_projects/PhyloPhere/Data/6.CAAS_traitfiles/Ranked/df8_sp.tab
ABCA7@2058	0	1000	0.0		/home/miguel/IBE-UPF/TFM/Master_projects/PhyloPhere/Data/6.CAAS_traitfiles/Ranked/df8_sp.tab
ABCA7@2060	0	1000	0.0		/home/miguel/IBE-UPF/TFM/Master_projects/PhyloPhere/Data/6.CAAS_traitfiles/Ranked/df8_sp.tab
ABCA7@2061	1	1000	0.001	b_651	/home/miguel/IBE-UPF/TFM/Master_projects/PhyloPhere/Data/6.CAAS_traitfiles/Ranked/df8_sp.tab
ABCA7@2064	23	1000	0.023	b_822,b_742,b_692,b_780,b_142,b_654,b_509,b_396,b_744,b_316,b_225,b_78,b_853,b_942,b_577,b_453,b_102,b_134,b_170,b_488,b_997,b_209,b_651	/home/miguel/IBE-UPF/TFM/Master_projects/PhyloPhere/Data/6.CAAS_traitfiles/Ranked/df8_sp.tab
ABCA7@2066	0	1000	0.0		/home/miguel/IBE-UPF/TFM/Master_projects/PhyloPhere/Data/6.CAAS_traitfiles/Ranked/df8_sp.tab
ABCA7@2068	19	1000	0.019	b_164,b_291,b_8,b_514,b_671,b_39,b_148,b_283,b_654,b_369,b_225,b_853,b_650,b_255,b_180,b_170,b_182,b_209,b_632	/home/miguel/IBE-UPF/TFM/Master_projects/PhyloPhere/Data/6.CAAS_traitfiles/Ranked/df8_sp.tab
ABCA7@2069	33	1000	0.033	b_822,b_742,b_692,b_845,b_865,b_780,b_142,b_685,b_873,b_232,b_382,b_654,b_509,b_396,b_744,b_316,b_225,b_78,b_853,b_629,b_284,b_577,b_102,b_134,b_669,b_538,b_297,b_488,b_706,b_997,b_65,b_651,b_462	/home/miguel/IBE-UPF/TFM/Master_projects/PhyloPhere/Data/6.CAAS_traitfiles/Ranked/df8_sp.tab
ABCA7@2072	5	1000	0.005	b_845,b_744,b_134,b_669,b_997	/home/miguel/IBE-UPF/TFM/Master_projects/PhyloPhere/Data/6.CAAS_traitfiles/Ranked/df8_sp.tab
