ABCA2@31	0	1000	0.0		/home/miguel/IBE-UPF/TFM/Master_projects/PhyloPhere/Data/6.CAAS_traitfiles/Ranked/df8_sp.tab
ABCA2@89	0	1000	0.0		/home/miguel/IBE-UPF/TFM/Master_projects/PhyloPhere/Data/6.CAAS_traitfiles/Ranked/df8_sp.tab
ABCA2@92	31	1000	0.031	b_451,b_316,b_744,b_526,b_134,b_462,b_813,b_667,b_692,b_142,b_447,b_289,b_997,b_63,b_257,b_78,b_509,b_848,b_583,b_61,b_939,b_669,b_297,b_577,b_172,b_873,b_136,b_654,b_176,b_845,b_77	/home/miguel/IBE-UPF/TFM/Master_projects/PhyloPhere/Data/6.CAAS_traitfiles/Ranked/df8_sp.tab
ABCA2@108	0	1000	0.0		/home/miguel/IBE-UPF/TFM/Master_projects/PhyloPhere/Data/6.CAAS_traitfiles/Ranked/df8_sp.tab
ABCA2@109	0	1000	0.0		/home/miguel/IBE-UPF/TFM/Master_projects/PhyloPhere/Data/6.CAAS_traitfiles/Ranked/df8_sp.tab
ABCA2@110	0	1000	0.0		/home/miguel/IBE-UPF/TFM/Master_projects/PhyloPhere/Data/6.CAAS_traitfiles/Ranked/df8_sp.tab
ABCA2@111	0	1000	0.0		/home/miguel/IBE-UPF/TFM/Master_projects/PhyloPhere/Data/6.CAAS_traitfiles/Ranked/df8_sp.tab
ABCA2@112	25	1000	0.025	b_697,b_506,b_933,b_650,b_487,b_148,b_39,b_164,b_209,b_369,b_283,b_291,b_191,b_528,b_858,b_654,b_216,b_632,b_8,b_625,b_255,b_514,b_335,b_73,b_671	/home/miguel/IBE-UPF/TFM/Master_projects/PhyloPhere/Data/6.CAAS_traitfiles/Ranked/df8_sp.tab
ABCA2@113	0	1000	0.0		/home/miguel/IBE-UPF/TFM/Master_projects/PhyloPhere/Data/6.CAAS_traitfiles/Ranked/df8_sp.tab
ABCA2@114	64	1000	0.064	b_119,b_744,b_134,b_889,b_697,b_194,b_506,b_484,b_882,b_99,b_933,b_650,b_692,b_487,b_148,b_814,b_289,b_997,b_63,b_334,b_257,b_86,b_78,b_763,b_910,b_374,b_39,b_432,b_164,b_209,b_428,b_841,b_509,b_369,b_848,b_583,b_283,b_606,b_291,b_254,b_577,b_191,b_528,b_172,b_200,b_858,b_654,b_723,b_216,b_632,b_907,b_8,b_728,b_625,b_416,b_255,b_514,b_845,b_335,b_77,b_183,b_73,b_60,b_671	/home/miguel/IBE-UPF/TFM/Master_projects/PhyloPhere/Data/6.CAAS_traitfiles/Ranked/df8_sp.tab
ABCA2@115	35	1000	0.035	b_451,b_316,b_744,b_526,b_134,b_462,b_813,b_667,b_692,b_142,b_171,b_337,b_447,b_289,b_997,b_63,b_257,b_78,b_699,b_358,b_509,b_848,b_583,b_61,b_939,b_669,b_297,b_577,b_172,b_873,b_136,b_654,b_176,b_845,b_77	/home/miguel/IBE-UPF/TFM/Master_projects/PhyloPhere/Data/6.CAAS_traitfiles/Ranked/df8_sp.tab
ABCA2@116	0	1000	0.0		/home/miguel/IBE-UPF/TFM/Master_projects/PhyloPhere/Data/6.CAAS_traitfiles/Ranked/df8_sp.tab
ABCA2@117	39	1000	0.039	b_451,b_316,b_744,b_526,b_134,b_462,b_813,b_667,b_692,b_142,b_171,b_337,b_447,b_289,b_997,b_63,b_257,b_78,b_699,b_358,b_509,b_524,b_848,b_583,b_61,b_207,b_939,b_717,b_669,b_297,b_577,b_172,b_873,b_136,b_654,b_176,b_817,b_845,b_77	/home/miguel/IBE-UPF/TFM/Master_projects/PhyloPhere/Data/6.CAAS_traitfiles/Ranked/df8_sp.tab
ABCA2@118	43	1000	0.043	b_451,b_316,b_744,b_526,b_134,b_462,b_813,b_667,b_532,b_692,b_142,b_814,b_447,b_289,b_997,b_63,b_334,b_257,b_78,b_454,b_398,b_374,b_645,b_358,b_188,b_509,b_848,b_435,b_583,b_61,b_939,b_669,b_297,b_577,b_172,b_873,b_136,b_654,b_176,b_391,b_845,b_77,b_646	/home/miguel/IBE-UPF/TFM/Master_projects/PhyloPhere/Data/6.CAAS_traitfiles/Ranked/df8_sp.tab
ABCA2@120	0	1000	0.0		/home/miguel/IBE-UPF/TFM/Master_projects/PhyloPhere/Data/6.CAAS_traitfiles/Ranked/df8_sp.tab
ABCA2@121	59	1000	0.059	b_119,b_649,b_744,b_727,b_134,b_697,b_458,b_506,b_882,b_937,b_933,b_650,b_487,b_148,b_457,b_558,b_289,b_997,b_63,b_257,b_763,b_774,b_3,b_39,b_164,b_734,b_34,b_215,b_209,b_428,b_369,b_974,b_283,b_866,b_291,b_669,b_191,b_46,b_528,b_136,b_858,b_654,b_216,b_632,b_907,b_8,b_625,b_416,b_255,b_514,b_845,b_335,b_77,b_89,b_183,b_73,b_60,b_671,b_793	/home/miguel/IBE-UPF/TFM/Master_projects/PhyloPhere/Data/6.CAAS_traitfiles/Ranked/df8_sp.tab
ABCA2@122	25	1000	0.025	b_697,b_506,b_933,b_650,b_487,b_148,b_39,b_164,b_209,b_369,b_283,b_291,b_191,b_528,b_858,b_654,b_216,b_632,b_8,b_625,b_255,b_514,b_335,b_73,b_671	/home/miguel/IBE-UPF/TFM/Master_projects/PhyloPhere/Data/6.CAAS_traitfiles/Ranked/df8_sp.tab
ABCA2@123	0	1000	0.0		/home/miguel/IBE-UPF/TFM/Master_projects/PhyloPhere/Data/6.CAAS_traitfiles/Ranked/df8_sp.tab
ABCA2@136	0	1000	0.0		/home/miguel/IBE-UPF/TFM/Master_projects/PhyloPhere/Data/6.CAAS_traitfiles/Ranked/df8_sp.tab
ABCA2@139	0	1000	0.0		/home/miguel/IBE-UPF/TFM/Master_projects/PhyloPhere/Data/6.CAAS_traitfiles/Ranked/df8_sp.tab
ABCA2@143	25	1000	0.025	b_697,b_506,b_933,b_650,b_487,b_148,b_39,b_164,b_209,b_369,b_283,b_291,b_191,b_528,b_858,b_654,b_216,b_632,b_8,b_625,b_255,b_514,b_335,b_73,b_671	/home/miguel/IBE-UPF/TFM/Master_projects/PhyloPhere/Data/6.CAAS_traitfiles/Ranked/df8_sp.tab
ABCA2@150	0	1000	0.0		/home/miguel/IBE-UPF/TFM/Master_projects/PhyloPhere/Data/6.CAAS_traitfiles/Ranked/df8_sp.tab
ABCA2@152	0	1000	0.0		/home/miguel/IBE-UPF/TFM/Master_projects/PhyloPhere/Data/6.CAAS_traitfiles/Ranked/df8_sp.tab
ABCA2@154	0	1000	0.0		/home/miguel/IBE-UPF/TFM/Master_projects/PhyloPhere/Data/6.CAAS_traitfiles/Ranked/df8_sp.tab
ABCA2@158	31	1000	0.031	b_451,b_316,b_744,b_526,b_134,b_462,b_813,b_667,b_692,b_142,b_447,b_289,b_997,b_63,b_257,b_78,b_509,b_848,b_583,b_61,b_939,b_669,b_297,b_577,b_172,b_873,b_136,b_654,b_176,b_845,b_77	/home/miguel/IBE-UPF/TFM/Master_projects/PhyloPhere/Data/6.CAAS_traitfiles/Ranked/df8_sp.tab
ABCA2@160	0	1000	0.0		/home/miguel/IBE-UPF/TFM/Master_projects/PhyloPhere/Data/6.CAAS_traitfiles/Ranked/df8_sp.tab
ABCA2@168	25	1000	0.025	b_697,b_506,b_933,b_650,b_487,b_148,b_39,b_164,b_209,b_369,b_283,b_291,b_191,b_528,b_858,b_654,b_216,b_632,b_8,b_625,b_255,b_514,b_335,b_73,b_671	/home/miguel/IBE-UPF/TFM/Master_projects/PhyloPhere/Data/6.CAAS_traitfiles/Ranked/df8_sp.tab
ABCA2@175	72	1000	0.072	b_119,b_451,b_316,b_649,b_744,b_526,b_134,b_458,b_194,b_462,b_813,b_667,b_484,b_882,b_99,b_692,b_142,b_814,b_447,b_558,b_258,b_289,b_997,b_63,b_334,b_257,b_86,b_78,b_763,b_774,b_398,b_910,b_683,b_371,b_374,b_432,b_734,b_215,b_428,b_841,b_509,b_848,b_583,b_61,b_606,b_939,b_704,b_866,b_669,b_297,b_254,b_577,b_191,b_172,b_200,b_873,b_136,b_654,b_319,b_176,b_723,b_907,b_728,b_817,b_625,b_416,b_845,b_77,b_89,b_183,b_320,b_60	/home/miguel/IBE-UPF/TFM/Master_projects/PhyloPhere/Data/6.CAAS_traitfiles/Ranked/df8_sp.tab
ABCA2@176	0	1000	0.0		/home/miguel/IBE-UPF/TFM/Master_projects/PhyloPhere/Data/6.CAAS_traitfiles/Ranked/df8_sp.tab
ABCA2@177	0	1000	0.0		/home/miguel/IBE-UPF/TFM/Master_projects/PhyloPhere/Data/6.CAAS_traitfiles/Ranked/df8_sp.tab
ABCA2@178	0	1000	0.0		/home/miguel/IBE-UPF/TFM/Master_projects/PhyloPhere/Data/6.CAAS_traitfiles/Ranked/df8_sp.tab
ABCA2@179	0	1000	0.0		/home/miguel/IBE-UPF/TFM/Master_projects/PhyloPhere/Data/6.CAAS_traitfiles/Ranked/df8_sp.tab
ABCA2@180	25	1000	0.025	b_649,b_813,b_882,b_99,b_814,b_258,b_63,b_334,b_86,b_774,b_371,b_432,b_771,b_215,b_583,b_704,b_254,b_136,b_319,b_723,b_416,b_926,b_77,b_23,b_60	/home/miguel/IBE-UPF/TFM/Master_projects/PhyloPhere/Data/6.CAAS_traitfiles/Ranked/df8_sp.tab
ABCA2@181	0	1000	0.0		/home/miguel/IBE-UPF/TFM/Master_projects/PhyloPhere/Data/6.CAAS_traitfiles/Ranked/df8_sp.tab
ABCA2@182	0	1000	0.0		/home/miguel/IBE-UPF/TFM/Master_projects/PhyloPhere/Data/6.CAAS_traitfiles/Ranked/df8_sp.tab
ABCA2@184	59	1000	0.059	b_119,b_649,b_458,b_194,b_813,b_484,b_882,b_532,b_99,b_590,b_142,b_814,b_171,b_558,b_258,b_63,b_334,b_86,b_763,b_774,b_454,b_398,b_910,b_683,b_371,b_374,b_432,b_734,b_358,b_215,b_188,b_428,b_841,b_524,b_435,b_583,b_606,b_250,b_704,b_866,b_254,b_191,b_200,b_136,b_425,b_319,b_723,b_907,b_728,b_391,b_817,b_625,b_416,b_77,b_89,b_183,b_60,b_320,b_646	/home/miguel/IBE-UPF/TFM/Master_projects/PhyloPhere/Data/6.CAAS_traitfiles/Ranked/df8_sp.tab
ABCA2@185	25	1000	0.025	b_697,b_506,b_933,b_650,b_487,b_148,b_39,b_164,b_209,b_369,b_283,b_291,b_191,b_528,b_858,b_654,b_216,b_632,b_8,b_625,b_255,b_514,b_335,b_73,b_671	/home/miguel/IBE-UPF/TFM/Master_projects/PhyloPhere/Data/6.CAAS_traitfiles/Ranked/df8_sp.tab
ABCA2@187	0	1000	0.0		/home/miguel/IBE-UPF/TFM/Master_projects/PhyloPhere/Data/6.CAAS_traitfiles/Ranked/df8_sp.tab
ABCA2@191	0	1000	0.0		/home/miguel/IBE-UPF/TFM/Master_projects/PhyloPhere/Data/6.CAAS_traitfiles/Ranked/df8_sp.tab
ABCA2@192	0	1000	0.0		/home/miguel/IBE-UPF/TFM/Master_projects/PhyloPhere/Data/6.CAAS_traitfiles/Ranked/df8_sp.tab
ABCA2@193	0	1000	0.0		/home/miguel/IBE-UPF/TFM/Master_projects/PhyloPhere/Data/6.CAAS_traitfiles/Ranked/df8_sp.tab
ABCA2@195	0	1000	0.0		/home/miguel/IBE-UPF/TFM/Master_projects/PhyloPhere/Data/6.CAAS_traitfiles/Ranked/df8_sp.tab
ABCA2@196	25	1000	0.025	b_697,b_506,b_933,b_650,b_487,b_148,b_39,b_164,b_209,b_369,b_283,b_291,b_191,b_528,b_858,b_654,b_216,b_632,b_8,b_625,b_255,b_514,b_335,b_73,b_671	/home/miguel/IBE-UPF/TFM/Master_projects/PhyloPhere/Data/6.CAAS_traitfiles/Ranked/df8_sp.tab
ABCA2@199	0	1000	0.0		/home/miguel/IBE-UPF/TFM/Master_projects/PhyloPhere/Data/6.CAAS_traitfiles/Ranked/df8_sp.tab
ABCA2@200	0	1000	0.0		/home/miguel/IBE-UPF/TFM/Master_projects/PhyloPhere/Data/6.CAAS_traitfiles/Ranked/df8_sp.tab
ABCA2@213	13	1000	0.013	b_316,b_526,b_462,b_667,b_447,b_63,b_78,b_583,b_61,b_669,b_577,b_873,b_176	/home/miguel/IBE-UPF/TFM/Master_projects/PhyloPhere/Data/6.CAAS_traitfiles/Ranked/df8_sp.tab
ABCA2@217	23	1000	0.023	b_414,b_649,b_194,b_813,b_882,b_99,b_457,b_683,b_734,b_428,b_841,b_606,b_704,b_866,b_133,b_254,b_191,b_858,b_216,b_625,b_89,b_183,b_320	/home/miguel/IBE-UPF/TFM/Master_projects/PhyloPhere/Data/6.CAAS_traitfiles/Ranked/df8_sp.tab
ABCA2@221	26	1000	0.026	b_119,b_649,b_506,b_937,b_148,b_814,b_558,b_774,b_3,b_734,b_661,b_215,b_482,b_866,b_191,b_46,b_200,b_858,b_723,b_216,b_8,b_625,b_335,b_823,b_320,b_793	/home/miguel/IBE-UPF/TFM/Master_projects/PhyloPhere/Data/6.CAAS_traitfiles/Ranked/df8_sp.tab
ABCA2@222	21	1000	0.021	b_694,b_789,b_372,b_99,b_995,b_63,b_309,b_774,b_432,b_841,b_583,b_606,b_704,b_573,b_832,b_167,b_728,b_557,b_89,b_60,b_320	/home/miguel/IBE-UPF/TFM/Master_projects/PhyloPhere/Data/6.CAAS_traitfiles/Ranked/df8_sp.tab
ABCA2@225	0	1000	0.0		/home/miguel/IBE-UPF/TFM/Master_projects/PhyloPhere/Data/6.CAAS_traitfiles/Ranked/df8_sp.tab
ABCA2@228	0	1000	0.0		/home/miguel/IBE-UPF/TFM/Master_projects/PhyloPhere/Data/6.CAAS_traitfiles/Ranked/df8_sp.tab
ABCA2@232	32	1000	0.032	b_697,b_505,b_506,b_911,b_933,b_650,b_487,b_148,b_304,b_39,b_164,b_209,b_369,b_547,b_283,b_918,b_291,b_244,b_191,b_528,b_572,b_858,b_654,b_216,b_632,b_8,b_625,b_255,b_514,b_335,b_73,b_671	/home/miguel/IBE-UPF/TFM/Master_projects/PhyloPhere/Data/6.CAAS_traitfiles/Ranked/df8_sp.tab
ABCA2@234	0	1000	0.0		/home/miguel/IBE-UPF/TFM/Master_projects/PhyloPhere/Data/6.CAAS_traitfiles/Ranked/df8_sp.tab
ABCA2@235	25	1000	0.025	b_697,b_506,b_933,b_650,b_487,b_148,b_39,b_164,b_209,b_369,b_283,b_291,b_191,b_528,b_858,b_654,b_216,b_632,b_8,b_625,b_255,b_514,b_335,b_73,b_671	/home/miguel/IBE-UPF/TFM/Master_projects/PhyloPhere/Data/6.CAAS_traitfiles/Ranked/df8_sp.tab
ABCA2@239	0	1000	0.0		/home/miguel/IBE-UPF/TFM/Master_projects/PhyloPhere/Data/6.CAAS_traitfiles/Ranked/df8_sp.tab
ABCA2@241	0	1000	0.0		/home/miguel/IBE-UPF/TFM/Master_projects/PhyloPhere/Data/6.CAAS_traitfiles/Ranked/df8_sp.tab
ABCA2@248	0	1000	0.0		/home/miguel/IBE-UPF/TFM/Master_projects/PhyloPhere/Data/6.CAAS_traitfiles/Ranked/df8_sp.tab
ABCA2@250	37	1000	0.037	b_451,b_316,b_744,b_240,b_526,b_134,b_681,b_462,b_813,b_667,b_692,b_96,b_142,b_447,b_289,b_997,b_63,b_257,b_78,b_936,b_247,b_509,b_302,b_848,b_583,b_61,b_939,b_669,b_297,b_577,b_172,b_873,b_136,b_654,b_176,b_845,b_77	/home/miguel/IBE-UPF/TFM/Master_projects/PhyloPhere/Data/6.CAAS_traitfiles/Ranked/df8_sp.tab
ABCA2@251	0	1000	0.0		/home/miguel/IBE-UPF/TFM/Master_projects/PhyloPhere/Data/6.CAAS_traitfiles/Ranked/df8_sp.tab
ABCA2@254	0	1000	0.0		/home/miguel/IBE-UPF/TFM/Master_projects/PhyloPhere/Data/6.CAAS_traitfiles/Ranked/df8_sp.tab
ABCA2@260	0	1000	0.0		/home/miguel/IBE-UPF/TFM/Master_projects/PhyloPhere/Data/6.CAAS_traitfiles/Ranked/df8_sp.tab
ABCA2@261	63	1000	0.063	b_451,b_316,b_162,b_744,b_805,b_526,b_134,b_462,b_813,b_600,b_667,b_217,b_650,b_770,b_692,b_855,b_148,b_142,b_380,b_447,b_144,b_289,b_997,b_63,b_438,b_257,b_78,b_277,b_529,b_432,b_834,b_209,b_509,b_28,b_848,b_583,b_61,b_606,b_939,b_66,b_291,b_669,b_297,b_577,b_725,b_905,b_172,b_556,b_873,b_136,b_175,b_654,b_176,b_632,b_8,b_53,b_255,b_514,b_845,b_77,b_89,b_320,b_246	/home/miguel/IBE-UPF/TFM/Master_projects/PhyloPhere/Data/6.CAAS_traitfiles/Ranked/df8_sp.tab
ABCA2@264	0	1000	0.0		/home/miguel/IBE-UPF/TFM/Master_projects/PhyloPhere/Data/6.CAAS_traitfiles/Ranked/df8_sp.tab
ABCA2@265	0	1000	0.0		/home/miguel/IBE-UPF/TFM/Master_projects/PhyloPhere/Data/6.CAAS_traitfiles/Ranked/df8_sp.tab
ABCA2@269	0	1000	0.0		/home/miguel/IBE-UPF/TFM/Master_projects/PhyloPhere/Data/6.CAAS_traitfiles/Ranked/df8_sp.tab
ABCA2@272	30	1000	0.03	b_697,b_506,b_933,b_650,b_487,b_148,b_39,b_164,b_209,b_369,b_283,b_66,b_291,b_725,b_191,b_528,b_905,b_929,b_175,b_858,b_654,b_216,b_632,b_8,b_625,b_255,b_514,b_335,b_73,b_671	/home/miguel/IBE-UPF/TFM/Master_projects/PhyloPhere/Data/6.CAAS_traitfiles/Ranked/df8_sp.tab
ABCA2@273	25	1000	0.025	b_697,b_506,b_933,b_650,b_487,b_148,b_39,b_164,b_209,b_369,b_283,b_291,b_191,b_528,b_858,b_654,b_216,b_632,b_8,b_625,b_255,b_514,b_335,b_73,b_671	/home/miguel/IBE-UPF/TFM/Master_projects/PhyloPhere/Data/6.CAAS_traitfiles/Ranked/df8_sp.tab
ABCA2@279	0	1000	0.0		/home/miguel/IBE-UPF/TFM/Master_projects/PhyloPhere/Data/6.CAAS_traitfiles/Ranked/df8_sp.tab
ABCA2@280	0	1000	0.0		/home/miguel/IBE-UPF/TFM/Master_projects/PhyloPhere/Data/6.CAAS_traitfiles/Ranked/df8_sp.tab
ABCA2@281	0	1000	0.0		/home/miguel/IBE-UPF/TFM/Master_projects/PhyloPhere/Data/6.CAAS_traitfiles/Ranked/df8_sp.tab
ABCA2@282	0	1000	0.0		/home/miguel/IBE-UPF/TFM/Master_projects/PhyloPhere/Data/6.CAAS_traitfiles/Ranked/df8_sp.tab
ABCA2@284	0	1000	0.0		/home/miguel/IBE-UPF/TFM/Master_projects/PhyloPhere/Data/6.CAAS_traitfiles/Ranked/df8_sp.tab
ABCA2@285	0	1000	0.0		/home/miguel/IBE-UPF/TFM/Master_projects/PhyloPhere/Data/6.CAAS_traitfiles/Ranked/df8_sp.tab
ABCA2@286	0	1000	0.0		/home/miguel/IBE-UPF/TFM/Master_projects/PhyloPhere/Data/6.CAAS_traitfiles/Ranked/df8_sp.tab
ABCA2@287	0	1000	0.0		/home/miguel/IBE-UPF/TFM/Master_projects/PhyloPhere/Data/6.CAAS_traitfiles/Ranked/df8_sp.tab
ABCA2@292	19	1000	0.019	b_694,b_789,b_99,b_995,b_63,b_309,b_774,b_432,b_841,b_583,b_606,b_704,b_832,b_167,b_728,b_557,b_89,b_60,b_320	/home/miguel/IBE-UPF/TFM/Master_projects/PhyloPhere/Data/6.CAAS_traitfiles/Ranked/df8_sp.tab
ABCA2@293	0	1000	0.0		/home/miguel/IBE-UPF/TFM/Master_projects/PhyloPhere/Data/6.CAAS_traitfiles/Ranked/df8_sp.tab
ABCA2@295	0	1000	0.0		/home/miguel/IBE-UPF/TFM/Master_projects/PhyloPhere/Data/6.CAAS_traitfiles/Ranked/df8_sp.tab
ABCA2@301	22	1000	0.022	b_414,b_697,b_933,b_487,b_897,b_39,b_164,b_561,b_369,b_283,b_482,b_291,b_569,b_191,b_528,b_632,b_625,b_255,b_514,b_335,b_823,b_320	/home/miguel/IBE-UPF/TFM/Master_projects/PhyloPhere/Data/6.CAAS_traitfiles/Ranked/df8_sp.tab
ABCA2@305	0	1000	0.0		/home/miguel/IBE-UPF/TFM/Master_projects/PhyloPhere/Data/6.CAAS_traitfiles/Ranked/df8_sp.tab
ABCA2@329	0	1000	0.0		/home/miguel/IBE-UPF/TFM/Master_projects/PhyloPhere/Data/6.CAAS_traitfiles/Ranked/df8_sp.tab
ABCA2@332	25	1000	0.025	b_697,b_506,b_933,b_650,b_487,b_148,b_39,b_164,b_209,b_369,b_283,b_291,b_191,b_528,b_858,b_654,b_216,b_632,b_8,b_625,b_255,b_514,b_335,b_73,b_671	/home/miguel/IBE-UPF/TFM/Master_projects/PhyloPhere/Data/6.CAAS_traitfiles/Ranked/df8_sp.tab
ABCA2@335	25	1000	0.025	b_697,b_506,b_933,b_650,b_487,b_148,b_39,b_164,b_209,b_369,b_283,b_291,b_191,b_528,b_858,b_654,b_216,b_632,b_8,b_625,b_255,b_514,b_335,b_73,b_671	/home/miguel/IBE-UPF/TFM/Master_projects/PhyloPhere/Data/6.CAAS_traitfiles/Ranked/df8_sp.tab
ABCA2@336	0	1000	0.0		/home/miguel/IBE-UPF/TFM/Master_projects/PhyloPhere/Data/6.CAAS_traitfiles/Ranked/df8_sp.tab
ABCA2@338	0	1000	0.0		/home/miguel/IBE-UPF/TFM/Master_projects/PhyloPhere/Data/6.CAAS_traitfiles/Ranked/df8_sp.tab
ABCA2@339	2	1000	0.002	b_351,b_763	/home/miguel/IBE-UPF/TFM/Master_projects/PhyloPhere/Data/6.CAAS_traitfiles/Ranked/df8_sp.tab
ABCA2@340	46	1000	0.046	b_119,b_649,b_458,b_194,b_813,b_484,b_882,b_99,b_814,b_558,b_258,b_63,b_334,b_86,b_763,b_774,b_398,b_910,b_683,b_371,b_374,b_432,b_734,b_215,b_428,b_841,b_583,b_606,b_704,b_866,b_254,b_191,b_200,b_136,b_319,b_723,b_907,b_728,b_817,b_625,b_416,b_77,b_89,b_183,b_320,b_60	/home/miguel/IBE-UPF/TFM/Master_projects/PhyloPhere/Data/6.CAAS_traitfiles/Ranked/df8_sp.tab
ABCA2@341	0	1000	0.0		/home/miguel/IBE-UPF/TFM/Master_projects/PhyloPhere/Data/6.CAAS_traitfiles/Ranked/df8_sp.tab
ABCA2@343	9	1000	0.009	b_692,b_142,b_168,b_289,b_35,b_583,b_717,b_725,b_333	/home/miguel/IBE-UPF/TFM/Master_projects/PhyloPhere/Data/6.CAAS_traitfiles/Ranked/df8_sp.tab
ABCA2@349	31	1000	0.031	b_451,b_316,b_744,b_526,b_134,b_462,b_813,b_667,b_692,b_142,b_447,b_289,b_997,b_63,b_257,b_78,b_509,b_848,b_583,b_61,b_939,b_669,b_297,b_577,b_172,b_873,b_136,b_654,b_176,b_845,b_77	/home/miguel/IBE-UPF/TFM/Master_projects/PhyloPhere/Data/6.CAAS_traitfiles/Ranked/df8_sp.tab
ABCA2@351	13	1000	0.013	b_789,b_745,b_99,b_590,b_328,b_142,b_63,b_309,b_454,b_432,b_524,b_583,b_26	/home/miguel/IBE-UPF/TFM/Master_projects/PhyloPhere/Data/6.CAAS_traitfiles/Ranked/df8_sp.tab
ABCA2@352	66	1000	0.066	b_451,b_316,b_744,b_526,b_134,b_697,b_462,b_813,b_506,b_667,b_484,b_882,b_933,b_650,b_692,b_487,b_148,b_142,b_447,b_558,b_258,b_289,b_997,b_63,b_257,b_86,b_78,b_398,b_910,b_39,b_164,b_734,b_215,b_209,b_428,b_509,b_369,b_848,b_583,b_61,b_283,b_939,b_291,b_669,b_297,b_577,b_191,b_528,b_172,b_873,b_136,b_858,b_654,b_176,b_216,b_632,b_8,b_625,b_416,b_255,b_514,b_845,b_335,b_77,b_73,b_671	/home/miguel/IBE-UPF/TFM/Master_projects/PhyloPhere/Data/6.CAAS_traitfiles/Ranked/df8_sp.tab
ABCA2@353	42	1000	0.042	b_451,b_316,b_744,b_526,b_134,b_462,b_813,b_667,b_99,b_692,b_142,b_447,b_289,b_997,b_63,b_257,b_309,b_78,b_774,b_432,b_509,b_7,b_848,b_583,b_61,b_939,b_704,b_669,b_297,b_254,b_167,b_577,b_172,b_873,b_136,b_654,b_319,b_176,b_845,b_77,b_23,b_60	/home/miguel/IBE-UPF/TFM/Master_projects/PhyloPhere/Data/6.CAAS_traitfiles/Ranked/df8_sp.tab
ABCA2@355	25	1000	0.025	b_697,b_506,b_933,b_650,b_487,b_148,b_39,b_164,b_209,b_369,b_283,b_291,b_191,b_528,b_858,b_654,b_216,b_632,b_8,b_625,b_255,b_514,b_335,b_73,b_671	/home/miguel/IBE-UPF/TFM/Master_projects/PhyloPhere/Data/6.CAAS_traitfiles/Ranked/df8_sp.tab
ABCA2@357	0	1000	0.0		/home/miguel/IBE-UPF/TFM/Master_projects/PhyloPhere/Data/6.CAAS_traitfiles/Ranked/df8_sp.tab
ABCA2@359	4	1000	0.004	b_301,b_63,b_136,b_77	/home/miguel/IBE-UPF/TFM/Master_projects/PhyloPhere/Data/6.CAAS_traitfiles/Ranked/df8_sp.tab
ABCA2@362	31	1000	0.031	b_451,b_316,b_744,b_526,b_134,b_462,b_813,b_667,b_692,b_142,b_447,b_289,b_997,b_63,b_257,b_78,b_509,b_848,b_583,b_61,b_939,b_669,b_297,b_577,b_172,b_873,b_136,b_654,b_176,b_845,b_77	/home/miguel/IBE-UPF/TFM/Master_projects/PhyloPhere/Data/6.CAAS_traitfiles/Ranked/df8_sp.tab
ABCA2@363	39	1000	0.039	b_722,b_316,b_801,b_744,b_240,b_837,b_134,b_655,b_498,b_681,b_462,b_692,b_96,b_142,b_436,b_447,b_289,b_997,b_63,b_695,b_78,b_956,b_276,b_540,b_509,b_848,b_401,b_583,b_669,b_297,b_577,b_873,b_849,b_381,b_654,b_688,b_176,b_30,b_845	/home/miguel/IBE-UPF/TFM/Master_projects/PhyloPhere/Data/6.CAAS_traitfiles/Ranked/df8_sp.tab
ABCA2@364	0	1000	0.0		/home/miguel/IBE-UPF/TFM/Master_projects/PhyloPhere/Data/6.CAAS_traitfiles/Ranked/df8_sp.tab
ABCA2@366	0	1000	0.0		/home/miguel/IBE-UPF/TFM/Master_projects/PhyloPhere/Data/6.CAAS_traitfiles/Ranked/df8_sp.tab
ABCA2@369	0	1000	0.0		/home/miguel/IBE-UPF/TFM/Master_projects/PhyloPhere/Data/6.CAAS_traitfiles/Ranked/df8_sp.tab
ABCA2@370	0	1000	0.0		/home/miguel/IBE-UPF/TFM/Master_projects/PhyloPhere/Data/6.CAAS_traitfiles/Ranked/df8_sp.tab
ABCA2@371	31	1000	0.031	b_451,b_316,b_744,b_526,b_134,b_462,b_813,b_667,b_692,b_142,b_447,b_289,b_997,b_63,b_257,b_78,b_509,b_848,b_583,b_61,b_939,b_669,b_297,b_577,b_172,b_873,b_136,b_654,b_176,b_845,b_77	/home/miguel/IBE-UPF/TFM/Master_projects/PhyloPhere/Data/6.CAAS_traitfiles/Ranked/df8_sp.tab
ABCA2@372	0	1000	0.0		/home/miguel/IBE-UPF/TFM/Master_projects/PhyloPhere/Data/6.CAAS_traitfiles/Ranked/df8_sp.tab
ABCA2@374	8	1000	0.008	b_289,b_63,b_257,b_524,b_669,b_136,b_747,b_77	/home/miguel/IBE-UPF/TFM/Master_projects/PhyloPhere/Data/6.CAAS_traitfiles/Ranked/df8_sp.tab
ABCA2@376	0	1000	0.0		/home/miguel/IBE-UPF/TFM/Master_projects/PhyloPhere/Data/6.CAAS_traitfiles/Ranked/df8_sp.tab
ABCA2@445	25	1000	0.025	b_697,b_506,b_933,b_650,b_487,b_148,b_39,b_164,b_209,b_369,b_283,b_291,b_191,b_528,b_858,b_654,b_216,b_632,b_8,b_625,b_255,b_514,b_335,b_73,b_671	/home/miguel/IBE-UPF/TFM/Master_projects/PhyloPhere/Data/6.CAAS_traitfiles/Ranked/df8_sp.tab
ABCA2@490	0	1000	0.0		/home/miguel/IBE-UPF/TFM/Master_projects/PhyloPhere/Data/6.CAAS_traitfiles/Ranked/df8_sp.tab
ABCA2@521	10	1000	0.01	b_744,b_134,b_289,b_997,b_63,b_257,b_669,b_136,b_845,b_77	/home/miguel/IBE-UPF/TFM/Master_projects/PhyloPhere/Data/6.CAAS_traitfiles/Ranked/df8_sp.tab
ABCA2@526	25	1000	0.025	b_697,b_506,b_933,b_650,b_487,b_148,b_39,b_164,b_209,b_369,b_283,b_291,b_191,b_528,b_858,b_654,b_216,b_632,b_8,b_625,b_255,b_514,b_335,b_73,b_671	/home/miguel/IBE-UPF/TFM/Master_projects/PhyloPhere/Data/6.CAAS_traitfiles/Ranked/df8_sp.tab
ABCA2@528	94	1000	0.094	b_119,b_451,b_316,b_649,b_744,b_526,b_134,b_697,b_458,b_194,b_462,b_813,b_506,b_667,b_484,b_882,b_99,b_933,b_650,b_692,b_487,b_148,b_142,b_814,b_447,b_558,b_258,b_289,b_997,b_63,b_334,b_257,b_86,b_78,b_763,b_774,b_398,b_910,b_683,b_371,b_374,b_39,b_432,b_164,b_734,b_215,b_209,b_428,b_841,b_509,b_369,b_848,b_583,b_61,b_283,b_606,b_939,b_704,b_866,b_291,b_669,b_297,b_254,b_577,b_191,b_528,b_172,b_200,b_873,b_136,b_858,b_654,b_319,b_176,b_723,b_216,b_632,b_907,b_8,b_728,b_817,b_625,b_416,b_255,b_514,b_845,b_335,b_77,b_89,b_183,b_73,b_320,b_60,b_671	/home/miguel/IBE-UPF/TFM/Master_projects/PhyloPhere/Data/6.CAAS_traitfiles/Ranked/df8_sp.tab
ABCA2@641	0	1000	0.0		/home/miguel/IBE-UPF/TFM/Master_projects/PhyloPhere/Data/6.CAAS_traitfiles/Ranked/df8_sp.tab
ABCA2@642	0	1000	0.0		/home/miguel/IBE-UPF/TFM/Master_projects/PhyloPhere/Data/6.CAAS_traitfiles/Ranked/df8_sp.tab
ABCA2@643	0	1000	0.0		/home/miguel/IBE-UPF/TFM/Master_projects/PhyloPhere/Data/6.CAAS_traitfiles/Ranked/df8_sp.tab
ABCA2@644	0	1000	0.0		/home/miguel/IBE-UPF/TFM/Master_projects/PhyloPhere/Data/6.CAAS_traitfiles/Ranked/df8_sp.tab
ABCA2@645	0	1000	0.0		/home/miguel/IBE-UPF/TFM/Master_projects/PhyloPhere/Data/6.CAAS_traitfiles/Ranked/df8_sp.tab
ABCA2@646	0	1000	0.0		/home/miguel/IBE-UPF/TFM/Master_projects/PhyloPhere/Data/6.CAAS_traitfiles/Ranked/df8_sp.tab
ABCA2@647	0	1000	0.0		/home/miguel/IBE-UPF/TFM/Master_projects/PhyloPhere/Data/6.CAAS_traitfiles/Ranked/df8_sp.tab
ABCA2@648	0	1000	0.0		/home/miguel/IBE-UPF/TFM/Master_projects/PhyloPhere/Data/6.CAAS_traitfiles/Ranked/df8_sp.tab
ABCA2@649	25	1000	0.025	b_697,b_506,b_933,b_650,b_487,b_148,b_39,b_164,b_209,b_369,b_283,b_291,b_191,b_528,b_858,b_654,b_216,b_632,b_8,b_625,b_255,b_514,b_335,b_73,b_671	/home/miguel/IBE-UPF/TFM/Master_projects/PhyloPhere/Data/6.CAAS_traitfiles/Ranked/df8_sp.tab
ABCA2@650	0	1000	0.0		/home/miguel/IBE-UPF/TFM/Master_projects/PhyloPhere/Data/6.CAAS_traitfiles/Ranked/df8_sp.tab
ABCA2@651	0	1000	0.0		/home/miguel/IBE-UPF/TFM/Master_projects/PhyloPhere/Data/6.CAAS_traitfiles/Ranked/df8_sp.tab
ABCA2@653	0	1000	0.0		/home/miguel/IBE-UPF/TFM/Master_projects/PhyloPhere/Data/6.CAAS_traitfiles/Ranked/df8_sp.tab
ABCA2@654	0	1000	0.0		/home/miguel/IBE-UPF/TFM/Master_projects/PhyloPhere/Data/6.CAAS_traitfiles/Ranked/df8_sp.tab
ABCA2@655	0	1000	0.0		/home/miguel/IBE-UPF/TFM/Master_projects/PhyloPhere/Data/6.CAAS_traitfiles/Ranked/df8_sp.tab
ABCA2@666	0	1000	0.0		/home/miguel/IBE-UPF/TFM/Master_projects/PhyloPhere/Data/6.CAAS_traitfiles/Ranked/df8_sp.tab
ABCA2@668	0	1000	0.0		/home/miguel/IBE-UPF/TFM/Master_projects/PhyloPhere/Data/6.CAAS_traitfiles/Ranked/df8_sp.tab
ABCA2@708	0	1000	0.0		/home/miguel/IBE-UPF/TFM/Master_projects/PhyloPhere/Data/6.CAAS_traitfiles/Ranked/df8_sp.tab
ABCA2@709	0	1000	0.0		/home/miguel/IBE-UPF/TFM/Master_projects/PhyloPhere/Data/6.CAAS_traitfiles/Ranked/df8_sp.tab
ABCA2@711	0	1000	0.0		/home/miguel/IBE-UPF/TFM/Master_projects/PhyloPhere/Data/6.CAAS_traitfiles/Ranked/df8_sp.tab
ABCA2@712	0	1000	0.0		/home/miguel/IBE-UPF/TFM/Master_projects/PhyloPhere/Data/6.CAAS_traitfiles/Ranked/df8_sp.tab
ABCA2@713	0	1000	0.0		/home/miguel/IBE-UPF/TFM/Master_projects/PhyloPhere/Data/6.CAAS_traitfiles/Ranked/df8_sp.tab
ABCA2@742	25	1000	0.025	b_697,b_506,b_933,b_650,b_487,b_148,b_39,b_164,b_209,b_369,b_283,b_291,b_191,b_528,b_858,b_654,b_216,b_632,b_8,b_625,b_255,b_514,b_335,b_73,b_671	/home/miguel/IBE-UPF/TFM/Master_projects/PhyloPhere/Data/6.CAAS_traitfiles/Ranked/df8_sp.tab
ABCA2@760	34	1000	0.034	b_697,b_506,b_882,b_933,b_650,b_487,b_148,b_457,b_763,b_39,b_164,b_34,b_209,b_428,b_369,b_974,b_283,b_291,b_191,b_528,b_858,b_654,b_216,b_632,b_8,b_625,b_255,b_514,b_335,b_89,b_183,b_73,b_60,b_671	/home/miguel/IBE-UPF/TFM/Master_projects/PhyloPhere/Data/6.CAAS_traitfiles/Ranked/df8_sp.tab
ABCA2@874	0	1000	0.0		/home/miguel/IBE-UPF/TFM/Master_projects/PhyloPhere/Data/6.CAAS_traitfiles/Ranked/df8_sp.tab
ABCA2@878	0	1000	0.0		/home/miguel/IBE-UPF/TFM/Master_projects/PhyloPhere/Data/6.CAAS_traitfiles/Ranked/df8_sp.tab
ABCA2@882	25	1000	0.025	b_697,b_506,b_933,b_650,b_487,b_148,b_39,b_164,b_209,b_369,b_283,b_291,b_191,b_528,b_858,b_654,b_216,b_632,b_8,b_625,b_255,b_514,b_335,b_73,b_671	/home/miguel/IBE-UPF/TFM/Master_projects/PhyloPhere/Data/6.CAAS_traitfiles/Ranked/df8_sp.tab
ABCA2@926	0	1000	0.0		/home/miguel/IBE-UPF/TFM/Master_projects/PhyloPhere/Data/6.CAAS_traitfiles/Ranked/df8_sp.tab
ABCA2@927	0	1000	0.0		/home/miguel/IBE-UPF/TFM/Master_projects/PhyloPhere/Data/6.CAAS_traitfiles/Ranked/df8_sp.tab
ABCA2@928	25	1000	0.025	b_414,b_194,b_505,b_911,b_933,b_487,b_897,b_304,b_39,b_561,b_547,b_283,b_918,b_482,b_291,b_569,b_244,b_191,b_528,b_572,b_632,b_625,b_255,b_335,b_320	/home/miguel/IBE-UPF/TFM/Master_projects/PhyloPhere/Data/6.CAAS_traitfiles/Ranked/df8_sp.tab
ABCA2@933	0	1000	0.0		/home/miguel/IBE-UPF/TFM/Master_projects/PhyloPhere/Data/6.CAAS_traitfiles/Ranked/df8_sp.tab
ABCA2@934	0	1000	0.0		/home/miguel/IBE-UPF/TFM/Master_projects/PhyloPhere/Data/6.CAAS_traitfiles/Ranked/df8_sp.tab
ABCA2@944	0	1000	0.0		/home/miguel/IBE-UPF/TFM/Master_projects/PhyloPhere/Data/6.CAAS_traitfiles/Ranked/df8_sp.tab
ABCA2@947	25	1000	0.025	b_697,b_506,b_933,b_650,b_487,b_148,b_39,b_164,b_209,b_369,b_283,b_291,b_191,b_528,b_858,b_654,b_216,b_632,b_8,b_625,b_255,b_514,b_335,b_73,b_671	/home/miguel/IBE-UPF/TFM/Master_projects/PhyloPhere/Data/6.CAAS_traitfiles/Ranked/df8_sp.tab
ABCA2@975	0	1000	0.0		/home/miguel/IBE-UPF/TFM/Master_projects/PhyloPhere/Data/6.CAAS_traitfiles/Ranked/df8_sp.tab
ABCA2@1027	0	1000	0.0		/home/miguel/IBE-UPF/TFM/Master_projects/PhyloPhere/Data/6.CAAS_traitfiles/Ranked/df8_sp.tab
ABCA2@1068	0	1000	0.0		/home/miguel/IBE-UPF/TFM/Master_projects/PhyloPhere/Data/6.CAAS_traitfiles/Ranked/df8_sp.tab
ABCA2@1070	0	1000	0.0		/home/miguel/IBE-UPF/TFM/Master_projects/PhyloPhere/Data/6.CAAS_traitfiles/Ranked/df8_sp.tab
ABCA2@1072	0	1000	0.0		/home/miguel/IBE-UPF/TFM/Master_projects/PhyloPhere/Data/6.CAAS_traitfiles/Ranked/df8_sp.tab
ABCA2@1073	0	1000	0.0		/home/miguel/IBE-UPF/TFM/Master_projects/PhyloPhere/Data/6.CAAS_traitfiles/Ranked/df8_sp.tab
ABCA2@1075	38	1000	0.038	b_119,b_649,b_458,b_882,b_457,b_558,b_258,b_63,b_334,b_86,b_763,b_774,b_910,b_371,b_374,b_432,b_734,b_34,b_215,b_428,b_841,b_583,b_704,b_866,b_254,b_191,b_46,b_136,b_858,b_216,b_907,b_817,b_625,b_416,b_77,b_89,b_183,b_60	/home/miguel/IBE-UPF/TFM/Master_projects/PhyloPhere/Data/6.CAAS_traitfiles/Ranked/df8_sp.tab
ABCA2@1077	0	1000	0.0		/home/miguel/IBE-UPF/TFM/Master_projects/PhyloPhere/Data/6.CAAS_traitfiles/Ranked/df8_sp.tab
ABCA2@1185	25	1000	0.025	b_697,b_506,b_933,b_650,b_487,b_148,b_39,b_164,b_209,b_369,b_283,b_291,b_191,b_528,b_858,b_654,b_216,b_632,b_8,b_625,b_255,b_514,b_335,b_73,b_671	/home/miguel/IBE-UPF/TFM/Master_projects/PhyloPhere/Data/6.CAAS_traitfiles/Ranked/df8_sp.tab
ABCA2@1197	0	1000	0.0		/home/miguel/IBE-UPF/TFM/Master_projects/PhyloPhere/Data/6.CAAS_traitfiles/Ranked/df8_sp.tab
ABCA2@1200	0	1000	0.0		/home/miguel/IBE-UPF/TFM/Master_projects/PhyloPhere/Data/6.CAAS_traitfiles/Ranked/df8_sp.tab
ABCA2@1201	19	1000	0.019	b_694,b_789,b_99,b_995,b_63,b_309,b_774,b_432,b_841,b_583,b_606,b_704,b_832,b_167,b_728,b_557,b_89,b_60,b_320	/home/miguel/IBE-UPF/TFM/Master_projects/PhyloPhere/Data/6.CAAS_traitfiles/Ranked/df8_sp.tab
ABCA2@1203	31	1000	0.031	b_451,b_316,b_744,b_526,b_134,b_462,b_813,b_667,b_692,b_142,b_447,b_289,b_997,b_63,b_257,b_78,b_509,b_848,b_583,b_61,b_939,b_669,b_297,b_577,b_172,b_873,b_136,b_654,b_176,b_845,b_77	/home/miguel/IBE-UPF/TFM/Master_projects/PhyloPhere/Data/6.CAAS_traitfiles/Ranked/df8_sp.tab
ABCA2@1205	32	1000	0.032	b_451,b_316,b_744,b_526,b_134,b_462,b_813,b_667,b_692,b_142,b_447,b_289,b_997,b_63,b_257,b_78,b_325,b_509,b_848,b_583,b_61,b_939,b_669,b_297,b_577,b_172,b_873,b_136,b_654,b_176,b_845,b_77	/home/miguel/IBE-UPF/TFM/Master_projects/PhyloPhere/Data/6.CAAS_traitfiles/Ranked/df8_sp.tab
ABCA2@1210	0	1000	0.0		/home/miguel/IBE-UPF/TFM/Master_projects/PhyloPhere/Data/6.CAAS_traitfiles/Ranked/df8_sp.tab
ABCA2@1215	0	1000	0.0		/home/miguel/IBE-UPF/TFM/Master_projects/PhyloPhere/Data/6.CAAS_traitfiles/Ranked/df8_sp.tab
ABCA2@1217	0	1000	0.0		/home/miguel/IBE-UPF/TFM/Master_projects/PhyloPhere/Data/6.CAAS_traitfiles/Ranked/df8_sp.tab
ABCA2@1218	46	1000	0.046	b_119,b_649,b_458,b_194,b_813,b_484,b_882,b_99,b_814,b_558,b_258,b_63,b_334,b_86,b_763,b_774,b_398,b_910,b_683,b_371,b_374,b_432,b_734,b_215,b_428,b_841,b_583,b_606,b_704,b_866,b_254,b_191,b_200,b_136,b_319,b_723,b_907,b_728,b_817,b_625,b_416,b_77,b_89,b_183,b_60,b_320	/home/miguel/IBE-UPF/TFM/Master_projects/PhyloPhere/Data/6.CAAS_traitfiles/Ranked/df8_sp.tab
ABCA2@1225	56	1000	0.056	b_119,b_649,b_240,b_655,b_458,b_194,b_681,b_813,b_484,b_882,b_99,b_814,b_558,b_258,b_997,b_63,b_334,b_49,b_86,b_763,b_774,b_398,b_910,b_936,b_683,b_371,b_374,b_432,b_734,b_215,b_428,b_841,b_509,b_583,b_61,b_606,b_704,b_866,b_669,b_254,b_191,b_172,b_200,b_136,b_319,b_723,b_907,b_728,b_817,b_625,b_416,b_77,b_89,b_183,b_320,b_60	/home/miguel/IBE-UPF/TFM/Master_projects/PhyloPhere/Data/6.CAAS_traitfiles/Ranked/df8_sp.tab
ABCA2@1231	0	1000	0.0		/home/miguel/IBE-UPF/TFM/Master_projects/PhyloPhere/Data/6.CAAS_traitfiles/Ranked/df8_sp.tab
ABCA2@1233	31	1000	0.031	b_451,b_316,b_744,b_526,b_134,b_462,b_813,b_667,b_692,b_142,b_447,b_289,b_997,b_63,b_257,b_78,b_509,b_848,b_583,b_61,b_939,b_669,b_297,b_577,b_172,b_873,b_136,b_654,b_176,b_845,b_77	/home/miguel/IBE-UPF/TFM/Master_projects/PhyloPhere/Data/6.CAAS_traitfiles/Ranked/df8_sp.tab
ABCA2@1258	25	1000	0.025	b_697,b_506,b_933,b_650,b_487,b_148,b_39,b_164,b_209,b_369,b_283,b_291,b_191,b_528,b_858,b_654,b_216,b_632,b_8,b_625,b_255,b_514,b_335,b_73,b_671	/home/miguel/IBE-UPF/TFM/Master_projects/PhyloPhere/Data/6.CAAS_traitfiles/Ranked/df8_sp.tab
ABCA2@1271	20	1000	0.02	b_119,b_697,b_506,b_148,b_71,b_39,b_164,b_215,b_369,b_191,b_528,b_858,b_654,b_216,b_632,b_8,b_625,b_335,b_73,b_671	/home/miguel/IBE-UPF/TFM/Master_projects/PhyloPhere/Data/6.CAAS_traitfiles/Ranked/df8_sp.tab
ABCA2@1274	0	1000	0.0		/home/miguel/IBE-UPF/TFM/Master_projects/PhyloPhere/Data/6.CAAS_traitfiles/Ranked/df8_sp.tab
ABCA2@1275	0	1000	0.0		/home/miguel/IBE-UPF/TFM/Master_projects/PhyloPhere/Data/6.CAAS_traitfiles/Ranked/df8_sp.tab
ABCA2@1320	25	1000	0.025	b_697,b_506,b_933,b_650,b_487,b_148,b_39,b_164,b_209,b_369,b_283,b_291,b_191,b_528,b_858,b_654,b_216,b_632,b_8,b_625,b_255,b_514,b_335,b_73,b_671	/home/miguel/IBE-UPF/TFM/Master_projects/PhyloPhere/Data/6.CAAS_traitfiles/Ranked/df8_sp.tab
ABCA2@1321	0	1000	0.0		/home/miguel/IBE-UPF/TFM/Master_projects/PhyloPhere/Data/6.CAAS_traitfiles/Ranked/df8_sp.tab
ABCA2@1322	0	1000	0.0		/home/miguel/IBE-UPF/TFM/Master_projects/PhyloPhere/Data/6.CAAS_traitfiles/Ranked/df8_sp.tab
ABCA2@1323	19	1000	0.019	b_694,b_789,b_99,b_995,b_63,b_309,b_774,b_432,b_841,b_583,b_606,b_704,b_832,b_167,b_728,b_557,b_89,b_60,b_320	/home/miguel/IBE-UPF/TFM/Master_projects/PhyloPhere/Data/6.CAAS_traitfiles/Ranked/df8_sp.tab
ABCA2@1324	14	1000	0.014	b_694,b_789,b_995,b_309,b_774,b_432,b_841,b_606,b_704,b_832,b_167,b_89,b_60,b_320	/home/miguel/IBE-UPF/TFM/Master_projects/PhyloPhere/Data/6.CAAS_traitfiles/Ranked/df8_sp.tab
ABCA2@1325	0	1000	0.0		/home/miguel/IBE-UPF/TFM/Master_projects/PhyloPhere/Data/6.CAAS_traitfiles/Ranked/df8_sp.tab
ABCA2@1326	0	1000	0.0		/home/miguel/IBE-UPF/TFM/Master_projects/PhyloPhere/Data/6.CAAS_traitfiles/Ranked/df8_sp.tab
ABCA2@1327	0	1000	0.0		/home/miguel/IBE-UPF/TFM/Master_projects/PhyloPhere/Data/6.CAAS_traitfiles/Ranked/df8_sp.tab
ABCA2@1328	30	1000	0.03	b_920,b_697,b_506,b_882,b_933,b_650,b_487,b_148,b_39,b_164,b_209,b_428,b_369,b_974,b_283,b_291,b_191,b_528,b_858,b_654,b_216,b_632,b_8,b_625,b_255,b_514,b_335,b_183,b_73,b_671	/home/miguel/IBE-UPF/TFM/Master_projects/PhyloPhere/Data/6.CAAS_traitfiles/Ranked/df8_sp.tab
ABCA2@1329	0	1000	0.0		/home/miguel/IBE-UPF/TFM/Master_projects/PhyloPhere/Data/6.CAAS_traitfiles/Ranked/df8_sp.tab
ABCA2@1330	0	1000	0.0		/home/miguel/IBE-UPF/TFM/Master_projects/PhyloPhere/Data/6.CAAS_traitfiles/Ranked/df8_sp.tab
ABCA2@1332	0	1000	0.0		/home/miguel/IBE-UPF/TFM/Master_projects/PhyloPhere/Data/6.CAAS_traitfiles/Ranked/df8_sp.tab
ABCA2@1335	14	1000	0.014	b_316,b_744,b_134,b_813,b_63,b_49,b_78,b_848,b_583,b_669,b_136,b_688,b_845,b_77	/home/miguel/IBE-UPF/TFM/Master_projects/PhyloPhere/Data/6.CAAS_traitfiles/Ranked/df8_sp.tab
ABCA2@1340	0	1000	0.0		/home/miguel/IBE-UPF/TFM/Master_projects/PhyloPhere/Data/6.CAAS_traitfiles/Ranked/df8_sp.tab
ABCA2@1349	31	1000	0.031	b_722,b_316,b_801,b_744,b_837,b_134,b_462,b_692,b_142,b_436,b_447,b_289,b_997,b_63,b_78,b_956,b_276,b_540,b_509,b_848,b_401,b_583,b_669,b_297,b_577,b_873,b_849,b_381,b_654,b_176,b_845	/home/miguel/IBE-UPF/TFM/Master_projects/PhyloPhere/Data/6.CAAS_traitfiles/Ranked/df8_sp.tab
ABCA2@1364	17	1000	0.017	b_162,b_744,b_506,b_650,b_148,b_144,b_529,b_561,b_834,b_209,b_28,b_569,b_963,b_654,b_8,b_255,b_514	/home/miguel/IBE-UPF/TFM/Master_projects/PhyloPhere/Data/6.CAAS_traitfiles/Ranked/df8_sp.tab
ABCA2@1371	0	1000	0.0		/home/miguel/IBE-UPF/TFM/Master_projects/PhyloPhere/Data/6.CAAS_traitfiles/Ranked/df8_sp.tab
ABCA2@1377	0	1000	0.0		/home/miguel/IBE-UPF/TFM/Master_projects/PhyloPhere/Data/6.CAAS_traitfiles/Ranked/df8_sp.tab
ABCA2@1383	0	1000	0.0		/home/miguel/IBE-UPF/TFM/Master_projects/PhyloPhere/Data/6.CAAS_traitfiles/Ranked/df8_sp.tab
ABCA2@1388	0	1000	0.0		/home/miguel/IBE-UPF/TFM/Master_projects/PhyloPhere/Data/6.CAAS_traitfiles/Ranked/df8_sp.tab
ABCA2@1390	0	1000	0.0		/home/miguel/IBE-UPF/TFM/Master_projects/PhyloPhere/Data/6.CAAS_traitfiles/Ranked/df8_sp.tab
ABCA2@1392	0	1000	0.0		/home/miguel/IBE-UPF/TFM/Master_projects/PhyloPhere/Data/6.CAAS_traitfiles/Ranked/df8_sp.tab
ABCA2@1395	1	1000	0.001	b_799	/home/miguel/IBE-UPF/TFM/Master_projects/PhyloPhere/Data/6.CAAS_traitfiles/Ranked/df8_sp.tab
ABCA2@1399	0	1000	0.0		/home/miguel/IBE-UPF/TFM/Master_projects/PhyloPhere/Data/6.CAAS_traitfiles/Ranked/df8_sp.tab
ABCA2@1401	0	1000	0.0		/home/miguel/IBE-UPF/TFM/Master_projects/PhyloPhere/Data/6.CAAS_traitfiles/Ranked/df8_sp.tab
ABCA2@1402	0	1000	0.0		/home/miguel/IBE-UPF/TFM/Master_projects/PhyloPhere/Data/6.CAAS_traitfiles/Ranked/df8_sp.tab
ABCA2@1404	25	1000	0.025	b_697,b_506,b_933,b_650,b_487,b_148,b_39,b_164,b_209,b_369,b_283,b_291,b_191,b_528,b_858,b_654,b_216,b_632,b_8,b_625,b_255,b_514,b_335,b_73,b_671	/home/miguel/IBE-UPF/TFM/Master_projects/PhyloPhere/Data/6.CAAS_traitfiles/Ranked/df8_sp.tab
ABCA2@1406	25	1000	0.025	b_697,b_506,b_933,b_650,b_487,b_148,b_39,b_164,b_209,b_369,b_283,b_291,b_191,b_528,b_858,b_654,b_216,b_632,b_8,b_625,b_255,b_514,b_335,b_73,b_671	/home/miguel/IBE-UPF/TFM/Master_projects/PhyloPhere/Data/6.CAAS_traitfiles/Ranked/df8_sp.tab
ABCA2@1409	0	1000	0.0		/home/miguel/IBE-UPF/TFM/Master_projects/PhyloPhere/Data/6.CAAS_traitfiles/Ranked/df8_sp.tab
ABCA2@1410	94	1000	0.094	b_119,b_451,b_316,b_649,b_744,b_526,b_134,b_697,b_458,b_194,b_462,b_813,b_506,b_667,b_484,b_882,b_99,b_933,b_650,b_692,b_487,b_148,b_142,b_814,b_447,b_558,b_258,b_289,b_997,b_63,b_334,b_257,b_86,b_78,b_763,b_774,b_398,b_910,b_683,b_371,b_374,b_39,b_432,b_164,b_734,b_215,b_209,b_428,b_841,b_509,b_369,b_848,b_583,b_61,b_283,b_606,b_939,b_704,b_866,b_291,b_669,b_297,b_254,b_577,b_191,b_528,b_172,b_200,b_873,b_136,b_858,b_654,b_319,b_176,b_723,b_216,b_632,b_907,b_8,b_728,b_817,b_625,b_416,b_255,b_514,b_845,b_335,b_77,b_89,b_183,b_73,b_320,b_60,b_671	/home/miguel/IBE-UPF/TFM/Master_projects/PhyloPhere/Data/6.CAAS_traitfiles/Ranked/df8_sp.tab
ABCA2@1440	0	1000	0.0		/home/miguel/IBE-UPF/TFM/Master_projects/PhyloPhere/Data/6.CAAS_traitfiles/Ranked/df8_sp.tab
ABCA2@1462	0	1000	0.0		/home/miguel/IBE-UPF/TFM/Master_projects/PhyloPhere/Data/6.CAAS_traitfiles/Ranked/df8_sp.tab
ABCA2@1487	0	1000	0.0		/home/miguel/IBE-UPF/TFM/Master_projects/PhyloPhere/Data/6.CAAS_traitfiles/Ranked/df8_sp.tab
ABCA2@1489	25	1000	0.025	b_697,b_506,b_933,b_650,b_487,b_148,b_39,b_164,b_209,b_369,b_283,b_291,b_191,b_528,b_858,b_654,b_216,b_632,b_8,b_625,b_255,b_514,b_335,b_73,b_671	/home/miguel/IBE-UPF/TFM/Master_projects/PhyloPhere/Data/6.CAAS_traitfiles/Ranked/df8_sp.tab
ABCA2@1526	0	1000	0.0		/home/miguel/IBE-UPF/TFM/Master_projects/PhyloPhere/Data/6.CAAS_traitfiles/Ranked/df8_sp.tab
ABCA2@1539	0	1000	0.0		/home/miguel/IBE-UPF/TFM/Master_projects/PhyloPhere/Data/6.CAAS_traitfiles/Ranked/df8_sp.tab
ABCA2@1573	16	1000	0.016	b_933,b_650,b_487,b_148,b_209,b_369,b_283,b_291,b_191,b_528,b_858,b_216,b_625,b_514,b_73,b_671	/home/miguel/IBE-UPF/TFM/Master_projects/PhyloPhere/Data/6.CAAS_traitfiles/Ranked/df8_sp.tab
ABCA2@1575	31	1000	0.031	b_162,b_744,b_805,b_600,b_217,b_650,b_770,b_855,b_148,b_380,b_144,b_438,b_257,b_277,b_529,b_834,b_209,b_28,b_66,b_291,b_725,b_905,b_556,b_175,b_654,b_632,b_8,b_53,b_255,b_514,b_246	/home/miguel/IBE-UPF/TFM/Master_projects/PhyloPhere/Data/6.CAAS_traitfiles/Ranked/df8_sp.tab
ABCA2@1577	0	1000	0.0		/home/miguel/IBE-UPF/TFM/Master_projects/PhyloPhere/Data/6.CAAS_traitfiles/Ranked/df8_sp.tab
ABCA2@1579	1	1000	0.001	b_211	/home/miguel/IBE-UPF/TFM/Master_projects/PhyloPhere/Data/6.CAAS_traitfiles/Ranked/df8_sp.tab
ABCA2@1584	42	1000	0.042	b_119,b_649,b_727,b_458,b_194,b_484,b_882,b_424,b_99,b_814,b_558,b_258,b_63,b_86,b_763,b_774,b_304,b_371,b_374,b_432,b_734,b_215,b_428,b_848,b_606,b_866,b_254,b_191,b_200,b_136,b_319,b_723,b_907,b_728,b_625,b_416,b_845,b_77,b_89,b_183,b_60,b_320	/home/miguel/IBE-UPF/TFM/Master_projects/PhyloPhere/Data/6.CAAS_traitfiles/Ranked/df8_sp.tab
ABCA2@1590	54	1000	0.054	b_119,b_796,b_649,b_458,b_194,b_813,b_484,b_882,b_99,b_142,b_814,b_171,b_558,b_258,b_63,b_334,b_86,b_763,b_774,b_398,b_910,b_683,b_371,b_374,b_432,b_734,b_358,b_215,b_188,b_428,b_841,b_583,b_606,b_250,b_704,b_866,b_712,b_254,b_191,b_200,b_136,b_425,b_319,b_723,b_907,b_728,b_817,b_625,b_416,b_77,b_89,b_183,b_60,b_320	/home/miguel/IBE-UPF/TFM/Master_projects/PhyloPhere/Data/6.CAAS_traitfiles/Ranked/df8_sp.tab
ABCA2@1594	25	1000	0.025	b_697,b_506,b_933,b_650,b_487,b_148,b_39,b_164,b_209,b_369,b_283,b_291,b_191,b_528,b_858,b_654,b_216,b_632,b_8,b_625,b_255,b_514,b_335,b_73,b_671	/home/miguel/IBE-UPF/TFM/Master_projects/PhyloPhere/Data/6.CAAS_traitfiles/Ranked/df8_sp.tab
ABCA2@1596	0	1000	0.0		/home/miguel/IBE-UPF/TFM/Master_projects/PhyloPhere/Data/6.CAAS_traitfiles/Ranked/df8_sp.tab
ABCA2@1598	0	1000	0.0		/home/miguel/IBE-UPF/TFM/Master_projects/PhyloPhere/Data/6.CAAS_traitfiles/Ranked/df8_sp.tab
ABCA2@1600	0	1000	0.0		/home/miguel/IBE-UPF/TFM/Master_projects/PhyloPhere/Data/6.CAAS_traitfiles/Ranked/df8_sp.tab
ABCA2@1603	19	1000	0.019	b_694,b_789,b_99,b_995,b_63,b_309,b_774,b_432,b_841,b_583,b_606,b_704,b_832,b_167,b_728,b_557,b_89,b_60,b_320	/home/miguel/IBE-UPF/TFM/Master_projects/PhyloPhere/Data/6.CAAS_traitfiles/Ranked/df8_sp.tab
ABCA2@1609	0	1000	0.0		/home/miguel/IBE-UPF/TFM/Master_projects/PhyloPhere/Data/6.CAAS_traitfiles/Ranked/df8_sp.tab
ABCA2@1615	31	1000	0.031	b_722,b_316,b_801,b_744,b_837,b_134,b_462,b_692,b_142,b_436,b_447,b_289,b_997,b_63,b_78,b_956,b_276,b_540,b_509,b_848,b_401,b_583,b_669,b_297,b_577,b_873,b_849,b_381,b_654,b_176,b_845	/home/miguel/IBE-UPF/TFM/Master_projects/PhyloPhere/Data/6.CAAS_traitfiles/Ranked/df8_sp.tab
ABCA2@1619	0	1000	0.0		/home/miguel/IBE-UPF/TFM/Master_projects/PhyloPhere/Data/6.CAAS_traitfiles/Ranked/df8_sp.tab
ABCA2@1644	25	1000	0.025	b_697,b_506,b_933,b_650,b_487,b_148,b_39,b_164,b_209,b_369,b_283,b_291,b_191,b_528,b_858,b_654,b_216,b_632,b_8,b_625,b_255,b_514,b_335,b_73,b_671	/home/miguel/IBE-UPF/TFM/Master_projects/PhyloPhere/Data/6.CAAS_traitfiles/Ranked/df8_sp.tab
ABCA2@1674	25	1000	0.025	b_697,b_506,b_933,b_650,b_487,b_148,b_39,b_164,b_209,b_369,b_283,b_291,b_191,b_528,b_858,b_654,b_216,b_632,b_8,b_625,b_255,b_514,b_335,b_73,b_671	/home/miguel/IBE-UPF/TFM/Master_projects/PhyloPhere/Data/6.CAAS_traitfiles/Ranked/df8_sp.tab
ABCA2@1677	0	1000	0.0		/home/miguel/IBE-UPF/TFM/Master_projects/PhyloPhere/Data/6.CAAS_traitfiles/Ranked/df8_sp.tab
ABCA2@1683	5	1000	0.005	b_119,b_327,b_351,b_973,b_910	/home/miguel/IBE-UPF/TFM/Master_projects/PhyloPhere/Data/6.CAAS_traitfiles/Ranked/df8_sp.tab
ABCA2@1692	10	1000	0.01	b_744,b_134,b_289,b_997,b_63,b_257,b_669,b_136,b_845,b_77	/home/miguel/IBE-UPF/TFM/Master_projects/PhyloPhere/Data/6.CAAS_traitfiles/Ranked/df8_sp.tab
ABCA2@1696	0	1000	0.0		/home/miguel/IBE-UPF/TFM/Master_projects/PhyloPhere/Data/6.CAAS_traitfiles/Ranked/df8_sp.tab
ABCA2@1795	0	1000	0.0		/home/miguel/IBE-UPF/TFM/Master_projects/PhyloPhere/Data/6.CAAS_traitfiles/Ranked/df8_sp.tab
ABCA2@1804	0	1000	0.0		/home/miguel/IBE-UPF/TFM/Master_projects/PhyloPhere/Data/6.CAAS_traitfiles/Ranked/df8_sp.tab
ABCA2@1805	0	1000	0.0		/home/miguel/IBE-UPF/TFM/Master_projects/PhyloPhere/Data/6.CAAS_traitfiles/Ranked/df8_sp.tab
ABCA2@1808	0	1000	0.0		/home/miguel/IBE-UPF/TFM/Master_projects/PhyloPhere/Data/6.CAAS_traitfiles/Ranked/df8_sp.tab
ABCA2@1809	0	1000	0.0		/home/miguel/IBE-UPF/TFM/Master_projects/PhyloPhere/Data/6.CAAS_traitfiles/Ranked/df8_sp.tab
ABCA2@1840	10	1000	0.01	b_744,b_134,b_234,b_289,b_997,b_257,b_725,b_136,b_542,b_77	/home/miguel/IBE-UPF/TFM/Master_projects/PhyloPhere/Data/6.CAAS_traitfiles/Ranked/df8_sp.tab
ABCA2@1918	0	1000	0.0		/home/miguel/IBE-UPF/TFM/Master_projects/PhyloPhere/Data/6.CAAS_traitfiles/Ranked/df8_sp.tab
ABCA2@1941	0	1000	0.0		/home/miguel/IBE-UPF/TFM/Master_projects/PhyloPhere/Data/6.CAAS_traitfiles/Ranked/df8_sp.tab
ABCA2@1967	25	1000	0.025	b_697,b_506,b_933,b_650,b_487,b_148,b_39,b_164,b_209,b_369,b_283,b_291,b_191,b_528,b_858,b_654,b_216,b_632,b_8,b_625,b_255,b_514,b_335,b_73,b_671	/home/miguel/IBE-UPF/TFM/Master_projects/PhyloPhere/Data/6.CAAS_traitfiles/Ranked/df8_sp.tab
ABCA2@1971	25	1000	0.025	b_697,b_506,b_933,b_650,b_487,b_148,b_39,b_164,b_209,b_369,b_283,b_291,b_191,b_528,b_858,b_654,b_216,b_632,b_8,b_625,b_255,b_514,b_335,b_73,b_671	/home/miguel/IBE-UPF/TFM/Master_projects/PhyloPhere/Data/6.CAAS_traitfiles/Ranked/df8_sp.tab
ABCA2@1975	31	1000	0.031	b_451,b_316,b_744,b_526,b_134,b_462,b_813,b_667,b_692,b_142,b_447,b_289,b_997,b_63,b_257,b_78,b_509,b_848,b_583,b_61,b_939,b_669,b_297,b_577,b_172,b_873,b_136,b_654,b_176,b_845,b_77	/home/miguel/IBE-UPF/TFM/Master_projects/PhyloPhere/Data/6.CAAS_traitfiles/Ranked/df8_sp.tab
ABCA2@1978	0	1000	0.0		/home/miguel/IBE-UPF/TFM/Master_projects/PhyloPhere/Data/6.CAAS_traitfiles/Ranked/df8_sp.tab
ABCA2@1987	12	1000	0.012	b_650,b_487,b_148,b_39,b_369,b_283,b_725,b_929,b_632,b_8,b_514,b_60	/home/miguel/IBE-UPF/TFM/Master_projects/PhyloPhere/Data/6.CAAS_traitfiles/Ranked/df8_sp.tab
ABCA2@2006	0	1000	0.0		/home/miguel/IBE-UPF/TFM/Master_projects/PhyloPhere/Data/6.CAAS_traitfiles/Ranked/df8_sp.tab
ABCA2@2106	25	1000	0.025	b_697,b_506,b_933,b_650,b_487,b_148,b_39,b_164,b_209,b_369,b_283,b_291,b_191,b_528,b_858,b_654,b_216,b_632,b_8,b_625,b_255,b_514,b_335,b_73,b_671	/home/miguel/IBE-UPF/TFM/Master_projects/PhyloPhere/Data/6.CAAS_traitfiles/Ranked/df8_sp.tab
ABCA2@2116	0	1000	0.0		/home/miguel/IBE-UPF/TFM/Master_projects/PhyloPhere/Data/6.CAAS_traitfiles/Ranked/df8_sp.tab
ABCA2@2129	40	1000	0.04	b_119,b_649,b_727,b_458,b_194,b_484,b_882,b_424,b_99,b_814,b_558,b_258,b_63,b_86,b_763,b_774,b_304,b_371,b_374,b_432,b_734,b_215,b_428,b_606,b_866,b_254,b_191,b_200,b_136,b_319,b_723,b_907,b_728,b_625,b_416,b_77,b_89,b_183,b_60,b_320	/home/miguel/IBE-UPF/TFM/Master_projects/PhyloPhere/Data/6.CAAS_traitfiles/Ranked/df8_sp.tab
ABCA2@2134	0	1000	0.0		/home/miguel/IBE-UPF/TFM/Master_projects/PhyloPhere/Data/6.CAAS_traitfiles/Ranked/df8_sp.tab
ABCA2@2138	0	1000	0.0		/home/miguel/IBE-UPF/TFM/Master_projects/PhyloPhere/Data/6.CAAS_traitfiles/Ranked/df8_sp.tab
ABCA2@2261	0	1000	0.0		/home/miguel/IBE-UPF/TFM/Master_projects/PhyloPhere/Data/6.CAAS_traitfiles/Ranked/df8_sp.tab
ABCA2@2270	0	1000	0.0		/home/miguel/IBE-UPF/TFM/Master_projects/PhyloPhere/Data/6.CAAS_traitfiles/Ranked/df8_sp.tab
ABCA2@2272	19	1000	0.019	b_694,b_789,b_99,b_995,b_63,b_309,b_774,b_432,b_841,b_583,b_606,b_704,b_832,b_167,b_728,b_557,b_89,b_60,b_320	/home/miguel/IBE-UPF/TFM/Master_projects/PhyloPhere/Data/6.CAAS_traitfiles/Ranked/df8_sp.tab
ABCA2@2277	25	1000	0.025	b_697,b_506,b_933,b_650,b_487,b_148,b_39,b_164,b_209,b_369,b_283,b_291,b_191,b_528,b_858,b_654,b_216,b_632,b_8,b_625,b_255,b_514,b_335,b_73,b_671	/home/miguel/IBE-UPF/TFM/Master_projects/PhyloPhere/Data/6.CAAS_traitfiles/Ranked/df8_sp.tab
ABCA2@2306	0	1000	0.0		/home/miguel/IBE-UPF/TFM/Master_projects/PhyloPhere/Data/6.CAAS_traitfiles/Ranked/df8_sp.tab
ABCA2@2308	25	1000	0.025	b_697,b_506,b_933,b_650,b_487,b_148,b_39,b_164,b_209,b_369,b_283,b_291,b_191,b_528,b_858,b_654,b_216,b_632,b_8,b_625,b_255,b_514,b_335,b_73,b_671	/home/miguel/IBE-UPF/TFM/Master_projects/PhyloPhere/Data/6.CAAS_traitfiles/Ranked/df8_sp.tab
ABCA2@2345	35	1000	0.035	b_451,b_316,b_744,b_526,b_134,b_462,b_813,b_667,b_692,b_142,b_171,b_337,b_447,b_289,b_997,b_63,b_257,b_78,b_699,b_358,b_509,b_848,b_583,b_61,b_939,b_669,b_297,b_577,b_172,b_873,b_136,b_654,b_176,b_845,b_77	/home/miguel/IBE-UPF/TFM/Master_projects/PhyloPhere/Data/6.CAAS_traitfiles/Ranked/df8_sp.tab
ABCA2@2350	0	1000	0.0		/home/miguel/IBE-UPF/TFM/Master_projects/PhyloPhere/Data/6.CAAS_traitfiles/Ranked/df8_sp.tab
ABCA2@2354	1	1000	0.001	b_661	/home/miguel/IBE-UPF/TFM/Master_projects/PhyloPhere/Data/6.CAAS_traitfiles/Ranked/df8_sp.tab
ABCA2@2355	25	1000	0.025	b_697,b_506,b_933,b_650,b_487,b_148,b_39,b_164,b_209,b_369,b_283,b_291,b_191,b_528,b_858,b_654,b_216,b_632,b_8,b_625,b_255,b_514,b_335,b_73,b_671	/home/miguel/IBE-UPF/TFM/Master_projects/PhyloPhere/Data/6.CAAS_traitfiles/Ranked/df8_sp.tab
ABCA2@2364	0	1000	0.0		/home/miguel/IBE-UPF/TFM/Master_projects/PhyloPhere/Data/6.CAAS_traitfiles/Ranked/df8_sp.tab
ABCA2@2365	0	1000	0.0		/home/miguel/IBE-UPF/TFM/Master_projects/PhyloPhere/Data/6.CAAS_traitfiles/Ranked/df8_sp.tab
ABCA2@2373	0	1000	0.0		/home/miguel/IBE-UPF/TFM/Master_projects/PhyloPhere/Data/6.CAAS_traitfiles/Ranked/df8_sp.tab
