ABR@4	0	1000	0.0		/home/miguel/IBE-UPF/TFM/Master_projects/PhyloPhere/Data/6.CAAS_traitfiles/Ranked/df8_sp.tab
ABR@33	25	1000	0.025	b_185,b_721,b_142,b_845,b_136,b_667,b_61,b_63,b_583,b_297,b_997,b_79,b_134,b_289,b_629,b_396,b_939,b_77,b_825,b_538,b_462,b_488,b_669,b_744,b_257	/home/miguel/IBE-UPF/TFM/Master_projects/PhyloPhere/Data/6.CAAS_traitfiles/Ranked/df8_sp.tab
ABR@34	61	1000	0.061	b_398,b_814,b_606,b_319,b_841,b_484,b_215,b_200,b_704,b_371,b_349,b_136,b_774,b_426,b_63,b_583,b_423,b_320,b_683,b_625,b_652,b_191,b_715,b_416,b_308,b_99,b_548,b_800,b_813,b_194,b_89,b_988,b_334,b_119,b_728,b_473,b_546,b_931,b_658,b_649,b_86,b_77,b_177,b_907,b_763,b_910,b_817,b_882,b_432,b_723,b_374,b_282,b_558,b_866,b_254,b_60,b_258,b_183,b_734,b_458,b_428	/home/miguel/IBE-UPF/TFM/Master_projects/PhyloPhere/Data/6.CAAS_traitfiles/Ranked/df8_sp.tab
ABR@36	61	1000	0.061	b_398,b_814,b_606,b_319,b_841,b_484,b_215,b_200,b_704,b_371,b_349,b_136,b_774,b_426,b_63,b_583,b_423,b_320,b_683,b_625,b_652,b_191,b_715,b_416,b_308,b_99,b_548,b_800,b_813,b_194,b_89,b_988,b_334,b_119,b_728,b_473,b_546,b_931,b_658,b_649,b_86,b_77,b_177,b_907,b_763,b_910,b_817,b_882,b_432,b_723,b_374,b_282,b_558,b_866,b_254,b_60,b_258,b_183,b_734,b_458,b_428	/home/miguel/IBE-UPF/TFM/Master_projects/PhyloPhere/Data/6.CAAS_traitfiles/Ranked/df8_sp.tab
ABR@38	10	1000	0.01	b_845,b_136,b_63,b_997,b_134,b_289,b_77,b_669,b_744,b_257	/home/miguel/IBE-UPF/TFM/Master_projects/PhyloPhere/Data/6.CAAS_traitfiles/Ranked/df8_sp.tab
ABR@39	44	1000	0.044	b_451,b_524,b_142,b_845,b_136,b_667,b_63,b_583,b_997,b_780,b_102,b_577,b_706,b_308,b_608,b_813,b_289,b_76,b_629,b_692,b_42,b_176,b_865,b_172,b_396,b_685,b_473,b_939,b_418,b_77,b_316,b_708,b_237,b_742,b_538,b_462,b_382,b_848,b_637,b_232,b_717,b_669,b_744,b_257	/home/miguel/IBE-UPF/TFM/Master_projects/PhyloPhere/Data/6.CAAS_traitfiles/Ranked/df8_sp.tab
ABR@42	56	1000	0.056	b_185,b_451,b_142,b_447,b_845,b_136,b_667,b_822,b_61,b_63,b_583,b_297,b_997,b_780,b_831,b_102,b_853,b_577,b_492,b_706,b_308,b_134,b_813,b_289,b_76,b_629,b_65,b_692,b_42,b_651,b_176,b_865,b_172,b_225,b_396,b_685,b_473,b_526,b_939,b_77,b_316,b_825,b_654,b_742,b_538,b_462,b_382,b_78,b_873,b_509,b_848,b_488,b_232,b_669,b_744,b_257	/home/miguel/IBE-UPF/TFM/Master_projects/PhyloPhere/Data/6.CAAS_traitfiles/Ranked/df8_sp.tab
ABR@54	25	1000	0.025	b_185,b_721,b_142,b_845,b_136,b_667,b_61,b_63,b_583,b_297,b_997,b_79,b_134,b_289,b_629,b_396,b_939,b_77,b_825,b_538,b_462,b_488,b_669,b_744,b_257	/home/miguel/IBE-UPF/TFM/Master_projects/PhyloPhere/Data/6.CAAS_traitfiles/Ranked/df8_sp.tab
ABR@74	37	1000	0.037	b_185,b_451,b_447,b_61,b_297,b_997,b_214,b_831,b_102,b_853,b_492,b_706,b_134,b_813,b_629,b_176,b_919,b_865,b_225,b_396,b_526,b_939,b_77,b_316,b_66,b_587,b_654,b_927,b_742,b_830,b_199,b_873,b_509,b_488,b_669,b_744,b_257	/home/miguel/IBE-UPF/TFM/Master_projects/PhyloPhere/Data/6.CAAS_traitfiles/Ranked/df8_sp.tab
ABR@75	105	1000	0.105	b_697,b_185,b_841,b_215,b_506,b_721,b_142,b_845,b_34,b_349,b_136,b_216,b_667,b_774,b_81,b_148,b_657,b_61,b_63,b_583,b_423,b_625,b_297,b_997,b_666,b_79,b_528,b_85,b_191,b_457,b_255,b_853,b_715,b_369,b_416,b_106,b_134,b_548,b_800,b_266,b_289,b_143,b_164,b_629,b_89,b_842,b_937,b_988,b_283,b_205,b_46,b_514,b_94,b_225,b_933,b_230,b_396,b_578,b_119,b_487,b_546,b_470,b_931,b_649,b_658,b_209,b_291,b_939,b_204,b_77,b_177,b_858,b_671,b_825,b_335,b_907,b_763,b_654,b_632,b_39,b_910,b_817,b_538,b_73,b_882,b_462,b_282,b_650,b_182,b_558,b_866,b_488,b_180,b_60,b_170,b_183,b_734,b_3,b_669,b_458,b_428,b_744,b_793,b_8,b_257	/home/miguel/IBE-UPF/TFM/Master_projects/PhyloPhere/Data/6.CAAS_traitfiles/Ranked/df8_sp.tab
ABR@76	52	1000	0.052	b_697,b_414,b_506,b_216,b_148,b_244,b_320,b_482,b_625,b_666,b_528,b_85,b_191,b_255,b_853,b_561,b_166,b_369,b_266,b_164,b_194,b_842,b_569,b_283,b_514,b_225,b_933,b_911,b_487,b_918,b_470,b_209,b_291,b_204,b_858,b_572,b_671,b_335,b_505,b_654,b_632,b_39,b_73,b_650,b_182,b_522,b_547,b_180,b_170,b_304,b_897,b_8	/home/miguel/IBE-UPF/TFM/Master_projects/PhyloPhere/Data/6.CAAS_traitfiles/Ranked/df8_sp.tab
ABR@89	0	1000	0.0		/home/miguel/IBE-UPF/TFM/Master_projects/PhyloPhere/Data/6.CAAS_traitfiles/Ranked/df8_sp.tab
ABR@119	0	1000	0.0		/home/miguel/IBE-UPF/TFM/Master_projects/PhyloPhere/Data/6.CAAS_traitfiles/Ranked/df8_sp.tab
ABR@120	0	1000	0.0		/home/miguel/IBE-UPF/TFM/Master_projects/PhyloPhere/Data/6.CAAS_traitfiles/Ranked/df8_sp.tab
ABR@122	0	1000	0.0		/home/miguel/IBE-UPF/TFM/Master_projects/PhyloPhere/Data/6.CAAS_traitfiles/Ranked/df8_sp.tab
ABR@124	0	1000	0.0		/home/miguel/IBE-UPF/TFM/Master_projects/PhyloPhere/Data/6.CAAS_traitfiles/Ranked/df8_sp.tab
ABR@125	0	1000	0.0		/home/miguel/IBE-UPF/TFM/Master_projects/PhyloPhere/Data/6.CAAS_traitfiles/Ranked/df8_sp.tab
ABR@126	0	1000	0.0		/home/miguel/IBE-UPF/TFM/Master_projects/PhyloPhere/Data/6.CAAS_traitfiles/Ranked/df8_sp.tab
ABR@127	0	1000	0.0		/home/miguel/IBE-UPF/TFM/Master_projects/PhyloPhere/Data/6.CAAS_traitfiles/Ranked/df8_sp.tab
ABR@128	0	1000	0.0		/home/miguel/IBE-UPF/TFM/Master_projects/PhyloPhere/Data/6.CAAS_traitfiles/Ranked/df8_sp.tab
ABR@129	0	1000	0.0		/home/miguel/IBE-UPF/TFM/Master_projects/PhyloPhere/Data/6.CAAS_traitfiles/Ranked/df8_sp.tab
ABR@130	0	1000	0.0		/home/miguel/IBE-UPF/TFM/Master_projects/PhyloPhere/Data/6.CAAS_traitfiles/Ranked/df8_sp.tab
ABR@131	0	1000	0.0		/home/miguel/IBE-UPF/TFM/Master_projects/PhyloPhere/Data/6.CAAS_traitfiles/Ranked/df8_sp.tab
ABR@132	0	1000	0.0		/home/miguel/IBE-UPF/TFM/Master_projects/PhyloPhere/Data/6.CAAS_traitfiles/Ranked/df8_sp.tab
ABR@133	0	1000	0.0		/home/miguel/IBE-UPF/TFM/Master_projects/PhyloPhere/Data/6.CAAS_traitfiles/Ranked/df8_sp.tab
ABR@134	0	1000	0.0		/home/miguel/IBE-UPF/TFM/Master_projects/PhyloPhere/Data/6.CAAS_traitfiles/Ranked/df8_sp.tab
ABR@135	0	1000	0.0		/home/miguel/IBE-UPF/TFM/Master_projects/PhyloPhere/Data/6.CAAS_traitfiles/Ranked/df8_sp.tab
ABR@136	0	1000	0.0		/home/miguel/IBE-UPF/TFM/Master_projects/PhyloPhere/Data/6.CAAS_traitfiles/Ranked/df8_sp.tab
ABR@137	0	1000	0.0		/home/miguel/IBE-UPF/TFM/Master_projects/PhyloPhere/Data/6.CAAS_traitfiles/Ranked/df8_sp.tab
ABR@138	0	1000	0.0		/home/miguel/IBE-UPF/TFM/Master_projects/PhyloPhere/Data/6.CAAS_traitfiles/Ranked/df8_sp.tab
ABR@139	0	1000	0.0		/home/miguel/IBE-UPF/TFM/Master_projects/PhyloPhere/Data/6.CAAS_traitfiles/Ranked/df8_sp.tab
ABR@141	0	1000	0.0		/home/miguel/IBE-UPF/TFM/Master_projects/PhyloPhere/Data/6.CAAS_traitfiles/Ranked/df8_sp.tab
ABR@142	0	1000	0.0		/home/miguel/IBE-UPF/TFM/Master_projects/PhyloPhere/Data/6.CAAS_traitfiles/Ranked/df8_sp.tab
ABR@143	0	1000	0.0		/home/miguel/IBE-UPF/TFM/Master_projects/PhyloPhere/Data/6.CAAS_traitfiles/Ranked/df8_sp.tab
ABR@147	0	1000	0.0		/home/miguel/IBE-UPF/TFM/Master_projects/PhyloPhere/Data/6.CAAS_traitfiles/Ranked/df8_sp.tab
ABR@148	12	1000	0.012	b_845,b_136,b_63,b_997,b_134,b_289,b_540,b_77,b_436,b_669,b_744,b_257	/home/miguel/IBE-UPF/TFM/Master_projects/PhyloPhere/Data/6.CAAS_traitfiles/Ranked/df8_sp.tab
ABR@149	0	1000	0.0		/home/miguel/IBE-UPF/TFM/Master_projects/PhyloPhere/Data/6.CAAS_traitfiles/Ranked/df8_sp.tab
ABR@150	0	1000	0.0		/home/miguel/IBE-UPF/TFM/Master_projects/PhyloPhere/Data/6.CAAS_traitfiles/Ranked/df8_sp.tab
ABR@151	0	1000	0.0		/home/miguel/IBE-UPF/TFM/Master_projects/PhyloPhere/Data/6.CAAS_traitfiles/Ranked/df8_sp.tab
ABR@152	0	1000	0.0		/home/miguel/IBE-UPF/TFM/Master_projects/PhyloPhere/Data/6.CAAS_traitfiles/Ranked/df8_sp.tab
ABR@153	17	1000	0.017	b_721,b_845,b_136,b_63,b_916,b_997,b_79,b_134,b_289,b_540,b_396,b_77,b_436,b_538,b_669,b_744,b_257	/home/miguel/IBE-UPF/TFM/Master_projects/PhyloPhere/Data/6.CAAS_traitfiles/Ranked/df8_sp.tab
ABR@154	0	1000	0.0		/home/miguel/IBE-UPF/TFM/Master_projects/PhyloPhere/Data/6.CAAS_traitfiles/Ranked/df8_sp.tab
ABR@156	0	1000	0.0		/home/miguel/IBE-UPF/TFM/Master_projects/PhyloPhere/Data/6.CAAS_traitfiles/Ranked/df8_sp.tab
ABR@159	0	1000	0.0		/home/miguel/IBE-UPF/TFM/Master_projects/PhyloPhere/Data/6.CAAS_traitfiles/Ranked/df8_sp.tab
ABR@160	0	1000	0.0		/home/miguel/IBE-UPF/TFM/Master_projects/PhyloPhere/Data/6.CAAS_traitfiles/Ranked/df8_sp.tab
ABR@161	61	1000	0.061	b_381,b_185,b_142,b_447,b_845,b_439,b_95,b_822,b_415,b_849,b_63,b_583,b_916,b_297,b_997,b_287,b_780,b_831,b_102,b_853,b_577,b_801,b_401,b_492,b_706,b_134,b_289,b_76,b_629,b_65,b_692,b_722,b_651,b_176,b_540,b_865,b_956,b_225,b_396,b_685,b_88,b_473,b_316,b_436,b_693,b_825,b_654,b_742,b_538,b_462,b_382,b_78,b_873,b_509,b_848,b_488,b_276,b_232,b_669,b_837,b_744	/home/miguel/IBE-UPF/TFM/Master_projects/PhyloPhere/Data/6.CAAS_traitfiles/Ranked/df8_sp.tab
ABR@166	0	1000	0.0		/home/miguel/IBE-UPF/TFM/Master_projects/PhyloPhere/Data/6.CAAS_traitfiles/Ranked/df8_sp.tab
ABR@167	0	1000	0.0		/home/miguel/IBE-UPF/TFM/Master_projects/PhyloPhere/Data/6.CAAS_traitfiles/Ranked/df8_sp.tab
ABR@168	0	1000	0.0		/home/miguel/IBE-UPF/TFM/Master_projects/PhyloPhere/Data/6.CAAS_traitfiles/Ranked/df8_sp.tab
ABR@169	0	1000	0.0		/home/miguel/IBE-UPF/TFM/Master_projects/PhyloPhere/Data/6.CAAS_traitfiles/Ranked/df8_sp.tab
ABR@170	0	1000	0.0		/home/miguel/IBE-UPF/TFM/Master_projects/PhyloPhere/Data/6.CAAS_traitfiles/Ranked/df8_sp.tab
ABR@171	0	1000	0.0		/home/miguel/IBE-UPF/TFM/Master_projects/PhyloPhere/Data/6.CAAS_traitfiles/Ranked/df8_sp.tab
ABR@172	0	1000	0.0		/home/miguel/IBE-UPF/TFM/Master_projects/PhyloPhere/Data/6.CAAS_traitfiles/Ranked/df8_sp.tab
ABR@173	0	1000	0.0		/home/miguel/IBE-UPF/TFM/Master_projects/PhyloPhere/Data/6.CAAS_traitfiles/Ranked/df8_sp.tab
ABR@174	0	1000	0.0		/home/miguel/IBE-UPF/TFM/Master_projects/PhyloPhere/Data/6.CAAS_traitfiles/Ranked/df8_sp.tab
ABR@175	0	1000	0.0		/home/miguel/IBE-UPF/TFM/Master_projects/PhyloPhere/Data/6.CAAS_traitfiles/Ranked/df8_sp.tab
ABR@176	0	1000	0.0		/home/miguel/IBE-UPF/TFM/Master_projects/PhyloPhere/Data/6.CAAS_traitfiles/Ranked/df8_sp.tab
ABR@177	0	1000	0.0		/home/miguel/IBE-UPF/TFM/Master_projects/PhyloPhere/Data/6.CAAS_traitfiles/Ranked/df8_sp.tab
ABR@179	0	1000	0.0		/home/miguel/IBE-UPF/TFM/Master_projects/PhyloPhere/Data/6.CAAS_traitfiles/Ranked/df8_sp.tab
ABR@180	0	1000	0.0		/home/miguel/IBE-UPF/TFM/Master_projects/PhyloPhere/Data/6.CAAS_traitfiles/Ranked/df8_sp.tab
ABR@181	0	1000	0.0		/home/miguel/IBE-UPF/TFM/Master_projects/PhyloPhere/Data/6.CAAS_traitfiles/Ranked/df8_sp.tab
ABR@341	0	1000	0.0		/home/miguel/IBE-UPF/TFM/Master_projects/PhyloPhere/Data/6.CAAS_traitfiles/Ranked/df8_sp.tab
ABR@375	56	1000	0.056	b_185,b_451,b_142,b_447,b_845,b_136,b_667,b_822,b_61,b_63,b_583,b_297,b_997,b_780,b_831,b_102,b_853,b_577,b_492,b_706,b_308,b_134,b_813,b_289,b_76,b_629,b_65,b_692,b_42,b_651,b_176,b_865,b_172,b_225,b_396,b_685,b_473,b_526,b_939,b_77,b_316,b_825,b_654,b_742,b_538,b_462,b_382,b_78,b_873,b_509,b_848,b_488,b_232,b_669,b_744,b_257	/home/miguel/IBE-UPF/TFM/Master_projects/PhyloPhere/Data/6.CAAS_traitfiles/Ranked/df8_sp.tab
ABR@391	56	1000	0.056	b_185,b_451,b_142,b_447,b_845,b_136,b_667,b_822,b_61,b_63,b_583,b_297,b_997,b_780,b_831,b_102,b_853,b_577,b_492,b_706,b_308,b_134,b_813,b_289,b_76,b_629,b_65,b_692,b_42,b_651,b_176,b_865,b_172,b_225,b_396,b_685,b_473,b_526,b_939,b_77,b_316,b_825,b_654,b_742,b_538,b_462,b_382,b_78,b_873,b_509,b_848,b_488,b_232,b_669,b_744,b_257	/home/miguel/IBE-UPF/TFM/Master_projects/PhyloPhere/Data/6.CAAS_traitfiles/Ranked/df8_sp.tab
ABR@409	0	1000	0.0		/home/miguel/IBE-UPF/TFM/Master_projects/PhyloPhere/Data/6.CAAS_traitfiles/Ranked/df8_sp.tab
ABR@436	0	1000	0.0		/home/miguel/IBE-UPF/TFM/Master_projects/PhyloPhere/Data/6.CAAS_traitfiles/Ranked/df8_sp.tab
ABR@461	0	1000	0.0		/home/miguel/IBE-UPF/TFM/Master_projects/PhyloPhere/Data/6.CAAS_traitfiles/Ranked/df8_sp.tab
ABR@552	36	1000	0.036	b_697,b_506,b_216,b_148,b_625,b_666,b_528,b_85,b_191,b_255,b_853,b_369,b_266,b_164,b_842,b_283,b_514,b_225,b_933,b_487,b_470,b_209,b_291,b_204,b_858,b_671,b_335,b_654,b_632,b_39,b_73,b_650,b_182,b_180,b_170,b_8	/home/miguel/IBE-UPF/TFM/Master_projects/PhyloPhere/Data/6.CAAS_traitfiles/Ranked/df8_sp.tab
ABR@576	0	1000	0.0		/home/miguel/IBE-UPF/TFM/Master_projects/PhyloPhere/Data/6.CAAS_traitfiles/Ranked/df8_sp.tab
ABR@582	56	1000	0.056	b_185,b_451,b_142,b_447,b_845,b_136,b_667,b_822,b_61,b_63,b_583,b_297,b_997,b_780,b_831,b_102,b_853,b_577,b_492,b_706,b_308,b_134,b_813,b_289,b_76,b_629,b_65,b_692,b_42,b_651,b_176,b_865,b_172,b_225,b_396,b_685,b_473,b_526,b_939,b_77,b_316,b_825,b_654,b_742,b_538,b_462,b_382,b_78,b_873,b_509,b_848,b_488,b_232,b_669,b_744,b_257	/home/miguel/IBE-UPF/TFM/Master_projects/PhyloPhere/Data/6.CAAS_traitfiles/Ranked/df8_sp.tab
ABR@607	0	1000	0.0		/home/miguel/IBE-UPF/TFM/Master_projects/PhyloPhere/Data/6.CAAS_traitfiles/Ranked/df8_sp.tab
ABR@682	0	1000	0.0		/home/miguel/IBE-UPF/TFM/Master_projects/PhyloPhere/Data/6.CAAS_traitfiles/Ranked/df8_sp.tab
ABR@744	0	1000	0.0		/home/miguel/IBE-UPF/TFM/Master_projects/PhyloPhere/Data/6.CAAS_traitfiles/Ranked/df8_sp.tab
ABR@788	0	1000	0.0		/home/miguel/IBE-UPF/TFM/Master_projects/PhyloPhere/Data/6.CAAS_traitfiles/Ranked/df8_sp.tab
ABR@792	0	1000	0.0		/home/miguel/IBE-UPF/TFM/Master_projects/PhyloPhere/Data/6.CAAS_traitfiles/Ranked/df8_sp.tab
ABR@820	27	1000	0.027	b_606,b_841,b_704,b_309,b_774,b_63,b_789,b_583,b_423,b_167,b_832,b_320,b_694,b_652,b_99,b_89,b_988,b_728,b_473,b_546,b_658,b_954,b_557,b_432,b_282,b_60,b_995	/home/miguel/IBE-UPF/TFM/Master_projects/PhyloPhere/Data/6.CAAS_traitfiles/Ranked/df8_sp.tab
ABR@821	0	1000	0.0		/home/miguel/IBE-UPF/TFM/Master_projects/PhyloPhere/Data/6.CAAS_traitfiles/Ranked/df8_sp.tab
