ACAP3@0	0	1000	0.0		/home/miguel/IBE-UPF/TFM/Master_projects/PhyloPhere/Data/6.CAAS_traitfiles/Ranked/df8_sp.tab
ACAP3@9	0	1000	0.0		/home/miguel/IBE-UPF/TFM/Master_projects/PhyloPhere/Data/6.CAAS_traitfiles/Ranked/df8_sp.tab
ACAP3@12	0	1000	0.0		/home/miguel/IBE-UPF/TFM/Master_projects/PhyloPhere/Data/6.CAAS_traitfiles/Ranked/df8_sp.tab
ACAP3@14	20	1000	0.02	b_148,b_650,b_654,b_369,b_255,b_506,b_291,b_853,b_632,b_666,b_528,b_225,b_209,b_933,b_170,b_842,b_514,b_8,b_204,b_180	/home/miguel/IBE-UPF/TFM/Master_projects/PhyloPhere/Data/6.CAAS_traitfiles/Ranked/df8_sp.tab
ACAP3@27	0	1000	0.0		/home/miguel/IBE-UPF/TFM/Master_projects/PhyloPhere/Data/6.CAAS_traitfiles/Ranked/df8_sp.tab
ACAP3@29	20	1000	0.02	b_148,b_650,b_654,b_369,b_255,b_506,b_291,b_853,b_632,b_666,b_528,b_225,b_209,b_933,b_170,b_842,b_514,b_8,b_204,b_180	/home/miguel/IBE-UPF/TFM/Master_projects/PhyloPhere/Data/6.CAAS_traitfiles/Ranked/df8_sp.tab
ACAP3@33	0	1000	0.0		/home/miguel/IBE-UPF/TFM/Master_projects/PhyloPhere/Data/6.CAAS_traitfiles/Ranked/df8_sp.tab
ACAP3@39	20	1000	0.02	b_148,b_650,b_654,b_369,b_255,b_506,b_291,b_853,b_632,b_666,b_528,b_225,b_209,b_933,b_170,b_842,b_514,b_8,b_204,b_180	/home/miguel/IBE-UPF/TFM/Master_projects/PhyloPhere/Data/6.CAAS_traitfiles/Ranked/df8_sp.tab
ACAP3@46	0	1000	0.0		/home/miguel/IBE-UPF/TFM/Master_projects/PhyloPhere/Data/6.CAAS_traitfiles/Ranked/df8_sp.tab
ACAP3@48	37	1000	0.037	b_451,b_583,b_669,b_76,b_447,b_42,b_692,b_825,b_382,b_473,b_63,b_654,b_538,b_651,b_939,b_289,b_462,b_848,b_845,b_865,b_685,b_172,b_853,b_257,b_742,b_142,b_997,b_78,b_225,b_102,b_492,b_297,b_873,b_822,b_488,b_831,b_65	/home/miguel/IBE-UPF/TFM/Master_projects/PhyloPhere/Data/6.CAAS_traitfiles/Ranked/df8_sp.tab
ACAP3@54	0	1000	0.0		/home/miguel/IBE-UPF/TFM/Master_projects/PhyloPhere/Data/6.CAAS_traitfiles/Ranked/df8_sp.tab
ACAP3@57	0	1000	0.0		/home/miguel/IBE-UPF/TFM/Master_projects/PhyloPhere/Data/6.CAAS_traitfiles/Ranked/df8_sp.tab
ACAP3@67	35	1000	0.035	b_432,b_349,b_583,b_658,b_423,b_334,b_704,b_723,b_426,b_546,b_558,b_282,b_817,b_728,b_473,b_398,b_89,b_63,b_60,b_320,b_254,b_841,b_258,b_910,b_866,b_988,b_683,b_774,b_652,b_606,b_99,b_374,b_715,b_215,b_319	/home/miguel/IBE-UPF/TFM/Master_projects/PhyloPhere/Data/6.CAAS_traitfiles/Ranked/df8_sp.tab
ACAP3@93	0	1000	0.0		/home/miguel/IBE-UPF/TFM/Master_projects/PhyloPhere/Data/6.CAAS_traitfiles/Ranked/df8_sp.tab
ACAP3@117	20	1000	0.02	b_148,b_650,b_654,b_369,b_255,b_506,b_291,b_853,b_632,b_666,b_528,b_225,b_209,b_933,b_170,b_842,b_514,b_8,b_204,b_180	/home/miguel/IBE-UPF/TFM/Master_projects/PhyloPhere/Data/6.CAAS_traitfiles/Ranked/df8_sp.tab
ACAP3@139	0	1000	0.0		/home/miguel/IBE-UPF/TFM/Master_projects/PhyloPhere/Data/6.CAAS_traitfiles/Ranked/df8_sp.tab
ACAP3@143	0	1000	0.0		/home/miguel/IBE-UPF/TFM/Master_projects/PhyloPhere/Data/6.CAAS_traitfiles/Ranked/df8_sp.tab
ACAP3@183	13	1000	0.013	b_148,b_650,b_654,b_369,b_255,b_506,b_291,b_632,b_528,b_209,b_933,b_514,b_8	/home/miguel/IBE-UPF/TFM/Master_projects/PhyloPhere/Data/6.CAAS_traitfiles/Ranked/df8_sp.tab
ACAP3@187	0	1000	0.0		/home/miguel/IBE-UPF/TFM/Master_projects/PhyloPhere/Data/6.CAAS_traitfiles/Ranked/df8_sp.tab
ACAP3@190	37	1000	0.037	b_451,b_583,b_669,b_76,b_447,b_42,b_692,b_825,b_382,b_473,b_63,b_654,b_538,b_651,b_939,b_289,b_462,b_848,b_845,b_865,b_685,b_172,b_853,b_257,b_742,b_142,b_997,b_78,b_225,b_102,b_492,b_297,b_873,b_822,b_488,b_831,b_65	/home/miguel/IBE-UPF/TFM/Master_projects/PhyloPhere/Data/6.CAAS_traitfiles/Ranked/df8_sp.tab
ACAP3@212	20	1000	0.02	b_148,b_650,b_654,b_369,b_255,b_506,b_291,b_853,b_632,b_666,b_528,b_225,b_209,b_933,b_170,b_842,b_514,b_8,b_204,b_180	/home/miguel/IBE-UPF/TFM/Master_projects/PhyloPhere/Data/6.CAAS_traitfiles/Ranked/df8_sp.tab
ACAP3@214	0	1000	0.0		/home/miguel/IBE-UPF/TFM/Master_projects/PhyloPhere/Data/6.CAAS_traitfiles/Ranked/df8_sp.tab
ACAP3@235	0	1000	0.0		/home/miguel/IBE-UPF/TFM/Master_projects/PhyloPhere/Data/6.CAAS_traitfiles/Ranked/df8_sp.tab
ACAP3@237	0	1000	0.0		/home/miguel/IBE-UPF/TFM/Master_projects/PhyloPhere/Data/6.CAAS_traitfiles/Ranked/df8_sp.tab
ACAP3@274	0	1000	0.0		/home/miguel/IBE-UPF/TFM/Master_projects/PhyloPhere/Data/6.CAAS_traitfiles/Ranked/df8_sp.tab
ACAP3@285	0	1000	0.0		/home/miguel/IBE-UPF/TFM/Master_projects/PhyloPhere/Data/6.CAAS_traitfiles/Ranked/df8_sp.tab
ACAP3@304	0	1000	0.0		/home/miguel/IBE-UPF/TFM/Master_projects/PhyloPhere/Data/6.CAAS_traitfiles/Ranked/df8_sp.tab
ACAP3@313	0	1000	0.0		/home/miguel/IBE-UPF/TFM/Master_projects/PhyloPhere/Data/6.CAAS_traitfiles/Ranked/df8_sp.tab
ACAP3@373	14	1000	0.014	b_148,b_805,b_162,b_650,b_654,b_255,b_506,b_291,b_632,b_834,b_209,b_933,b_514,b_8	/home/miguel/IBE-UPF/TFM/Master_projects/PhyloPhere/Data/6.CAAS_traitfiles/Ranked/df8_sp.tab
ACAP3@377	24	1000	0.024	b_833,b_583,b_669,b_498,b_825,b_30,b_382,b_473,b_681,b_695,b_63,b_831,b_688,b_49,b_936,b_848,b_950,b_172,b_247,b_997,b_240,b_492,b_873,b_65	/home/miguel/IBE-UPF/TFM/Master_projects/PhyloPhere/Data/6.CAAS_traitfiles/Ranked/df8_sp.tab
ACAP3@378	1	1000	0.001	b_40	/home/miguel/IBE-UPF/TFM/Master_projects/PhyloPhere/Data/6.CAAS_traitfiles/Ranked/df8_sp.tab
ACAP3@383	0	1000	0.0		/home/miguel/IBE-UPF/TFM/Master_projects/PhyloPhere/Data/6.CAAS_traitfiles/Ranked/df8_sp.tab
ACAP3@389	0	1000	0.0		/home/miguel/IBE-UPF/TFM/Master_projects/PhyloPhere/Data/6.CAAS_traitfiles/Ranked/df8_sp.tab
ACAP3@394	0	1000	0.0		/home/miguel/IBE-UPF/TFM/Master_projects/PhyloPhere/Data/6.CAAS_traitfiles/Ranked/df8_sp.tab
ACAP3@402	25	1000	0.025	b_432,b_583,b_658,b_423,b_704,b_546,b_557,b_282,b_728,b_473,b_89,b_63,b_60,b_320,b_175,b_841,b_832,b_988,b_774,b_652,b_789,b_606,b_167,b_99,b_954	/home/miguel/IBE-UPF/TFM/Master_projects/PhyloPhere/Data/6.CAAS_traitfiles/Ranked/df8_sp.tab
ACAP3@455	3	1000	0.003	b_590,b_764,b_367	/home/miguel/IBE-UPF/TFM/Master_projects/PhyloPhere/Data/6.CAAS_traitfiles/Ranked/df8_sp.tab
ACAP3@456	6	1000	0.006	b_349,b_334,b_704,b_723,b_728,b_473	/home/miguel/IBE-UPF/TFM/Master_projects/PhyloPhere/Data/6.CAAS_traitfiles/Ranked/df8_sp.tab
ACAP3@459	0	1000	0.0		/home/miguel/IBE-UPF/TFM/Master_projects/PhyloPhere/Data/6.CAAS_traitfiles/Ranked/df8_sp.tab
ACAP3@460	0	1000	0.0		/home/miguel/IBE-UPF/TFM/Master_projects/PhyloPhere/Data/6.CAAS_traitfiles/Ranked/df8_sp.tab
ACAP3@464	0	1000	0.0		/home/miguel/IBE-UPF/TFM/Master_projects/PhyloPhere/Data/6.CAAS_traitfiles/Ranked/df8_sp.tab
ACAP3@465	24	1000	0.024	b_325,b_583,b_669,b_76,b_447,b_42,b_825,b_382,b_63,b_538,b_939,b_289,b_462,b_848,b_845,b_865,b_257,b_142,b_997,b_78,b_492,b_297,b_822,b_488	/home/miguel/IBE-UPF/TFM/Master_projects/PhyloPhere/Data/6.CAAS_traitfiles/Ranked/df8_sp.tab
ACAP3@468	53	1000	0.053	b_432,b_451,b_79,b_583,b_658,b_669,b_423,b_411,b_704,b_426,b_546,b_692,b_282,b_817,b_825,b_728,b_473,b_398,b_63,b_89,b_320,b_60,b_538,b_254,b_651,b_939,b_841,b_289,b_462,b_845,b_910,b_685,b_988,b_172,b_853,b_257,b_142,b_683,b_997,b_774,b_652,b_606,b_167,b_99,b_225,b_102,b_374,b_297,b_954,b_715,b_488,b_319,b_831	/home/miguel/IBE-UPF/TFM/Master_projects/PhyloPhere/Data/6.CAAS_traitfiles/Ranked/df8_sp.tab
ACAP3@474	38	1000	0.038	b_451,b_325,b_583,b_669,b_76,b_447,b_42,b_692,b_825,b_382,b_473,b_63,b_654,b_538,b_651,b_939,b_289,b_462,b_848,b_845,b_865,b_685,b_172,b_853,b_257,b_742,b_142,b_997,b_78,b_225,b_102,b_492,b_297,b_873,b_822,b_488,b_831,b_65	/home/miguel/IBE-UPF/TFM/Master_projects/PhyloPhere/Data/6.CAAS_traitfiles/Ranked/df8_sp.tab
ACAP3@478	0	1000	0.0		/home/miguel/IBE-UPF/TFM/Master_projects/PhyloPhere/Data/6.CAAS_traitfiles/Ranked/df8_sp.tab
ACAP3@493	0	1000	0.0		/home/miguel/IBE-UPF/TFM/Master_projects/PhyloPhere/Data/6.CAAS_traitfiles/Ranked/df8_sp.tab
ACAP3@497	20	1000	0.02	b_148,b_650,b_654,b_369,b_255,b_506,b_291,b_853,b_632,b_666,b_528,b_225,b_209,b_933,b_170,b_842,b_514,b_8,b_204,b_180	/home/miguel/IBE-UPF/TFM/Master_projects/PhyloPhere/Data/6.CAAS_traitfiles/Ranked/df8_sp.tab
ACAP3@499	20	1000	0.02	b_148,b_650,b_654,b_369,b_255,b_506,b_291,b_853,b_632,b_666,b_528,b_225,b_209,b_933,b_170,b_842,b_514,b_8,b_204,b_180	/home/miguel/IBE-UPF/TFM/Master_projects/PhyloPhere/Data/6.CAAS_traitfiles/Ranked/df8_sp.tab
ACAP3@501	58	1000	0.058	b_432,b_349,b_451,b_79,b_583,b_658,b_669,b_423,b_334,b_411,b_704,b_723,b_426,b_546,b_692,b_558,b_282,b_817,b_825,b_728,b_473,b_398,b_63,b_89,b_320,b_60,b_538,b_254,b_651,b_939,b_841,b_289,b_258,b_462,b_845,b_910,b_866,b_685,b_988,b_172,b_853,b_257,b_142,b_683,b_997,b_774,b_652,b_606,b_99,b_225,b_102,b_374,b_297,b_715,b_488,b_215,b_319,b_831	/home/miguel/IBE-UPF/TFM/Master_projects/PhyloPhere/Data/6.CAAS_traitfiles/Ranked/df8_sp.tab
ACAP3@502	0	1000	0.0		/home/miguel/IBE-UPF/TFM/Master_projects/PhyloPhere/Data/6.CAAS_traitfiles/Ranked/df8_sp.tab
ACAP3@503	0	1000	0.0		/home/miguel/IBE-UPF/TFM/Master_projects/PhyloPhere/Data/6.CAAS_traitfiles/Ranked/df8_sp.tab
ACAP3@504	0	1000	0.0		/home/miguel/IBE-UPF/TFM/Master_projects/PhyloPhere/Data/6.CAAS_traitfiles/Ranked/df8_sp.tab
ACAP3@505	18	1000	0.018	b_432,b_392,b_583,b_658,b_334,b_817,b_473,b_398,b_63,b_903,b_456,b_910,b_683,b_652,b_99,b_374,b_715,b_319	/home/miguel/IBE-UPF/TFM/Master_projects/PhyloPhere/Data/6.CAAS_traitfiles/Ranked/df8_sp.tab
ACAP3@506	0	1000	0.0		/home/miguel/IBE-UPF/TFM/Master_projects/PhyloPhere/Data/6.CAAS_traitfiles/Ranked/df8_sp.tab
ACAP3@513	0	1000	0.0		/home/miguel/IBE-UPF/TFM/Master_projects/PhyloPhere/Data/6.CAAS_traitfiles/Ranked/df8_sp.tab
ACAP3@517	44	1000	0.044	b_425,b_392,b_451,b_583,b_669,b_633,b_76,b_447,b_42,b_692,b_825,b_382,b_473,b_499,b_63,b_654,b_538,b_651,b_955,b_939,b_289,b_462,b_848,b_845,b_865,b_685,b_172,b_853,b_257,b_742,b_142,b_317,b_997,b_78,b_225,b_102,b_492,b_297,b_873,b_822,b_488,b_301,b_831,b_65	/home/miguel/IBE-UPF/TFM/Master_projects/PhyloPhere/Data/6.CAAS_traitfiles/Ranked/df8_sp.tab
ACAP3@525	0	1000	0.0		/home/miguel/IBE-UPF/TFM/Master_projects/PhyloPhere/Data/6.CAAS_traitfiles/Ranked/df8_sp.tab
ACAP3@527	15	1000	0.015	b_79,b_583,b_669,b_825,b_63,b_538,b_939,b_289,b_462,b_845,b_257,b_142,b_997,b_297,b_488	/home/miguel/IBE-UPF/TFM/Master_projects/PhyloPhere/Data/6.CAAS_traitfiles/Ranked/df8_sp.tab
ACAP3@528	0	1000	0.0		/home/miguel/IBE-UPF/TFM/Master_projects/PhyloPhere/Data/6.CAAS_traitfiles/Ranked/df8_sp.tab
ACAP3@529	20	1000	0.02	b_148,b_650,b_654,b_369,b_255,b_506,b_291,b_853,b_632,b_666,b_528,b_225,b_209,b_933,b_170,b_842,b_514,b_8,b_204,b_180	/home/miguel/IBE-UPF/TFM/Master_projects/PhyloPhere/Data/6.CAAS_traitfiles/Ranked/df8_sp.tab
ACAP3@532	20	1000	0.02	b_148,b_650,b_654,b_369,b_255,b_506,b_291,b_853,b_632,b_666,b_528,b_225,b_209,b_933,b_170,b_842,b_514,b_8,b_204,b_180	/home/miguel/IBE-UPF/TFM/Master_projects/PhyloPhere/Data/6.CAAS_traitfiles/Ranked/df8_sp.tab
ACAP3@533	0	1000	0.0		/home/miguel/IBE-UPF/TFM/Master_projects/PhyloPhere/Data/6.CAAS_traitfiles/Ranked/df8_sp.tab
ACAP3@537	37	1000	0.037	b_451,b_583,b_669,b_76,b_447,b_42,b_692,b_825,b_382,b_473,b_63,b_654,b_538,b_651,b_939,b_289,b_462,b_848,b_845,b_865,b_685,b_172,b_853,b_257,b_742,b_142,b_997,b_78,b_225,b_102,b_492,b_297,b_873,b_822,b_488,b_831,b_65	/home/miguel/IBE-UPF/TFM/Master_projects/PhyloPhere/Data/6.CAAS_traitfiles/Ranked/df8_sp.tab
ACAP3@540	0	1000	0.0		/home/miguel/IBE-UPF/TFM/Master_projects/PhyloPhere/Data/6.CAAS_traitfiles/Ranked/df8_sp.tab
ACAP3@541	0	1000	0.0		/home/miguel/IBE-UPF/TFM/Master_projects/PhyloPhere/Data/6.CAAS_traitfiles/Ranked/df8_sp.tab
ACAP3@547	15	1000	0.015	b_148,b_650,b_654,b_369,b_255,b_506,b_291,b_38,b_632,b_528,b_209,b_933,b_230,b_514,b_8	/home/miguel/IBE-UPF/TFM/Master_projects/PhyloPhere/Data/6.CAAS_traitfiles/Ranked/df8_sp.tab
ACAP3@551	24	1000	0.024	b_432,b_349,b_583,b_658,b_669,b_334,b_723,b_546,b_558,b_282,b_817,b_728,b_473,b_89,b_63,b_320,b_866,b_988,b_774,b_652,b_606,b_99,b_374,b_715	/home/miguel/IBE-UPF/TFM/Master_projects/PhyloPhere/Data/6.CAAS_traitfiles/Ranked/df8_sp.tab
ACAP3@552	24	1000	0.024	b_833,b_583,b_669,b_498,b_825,b_30,b_382,b_473,b_681,b_695,b_63,b_831,b_688,b_49,b_936,b_848,b_950,b_172,b_247,b_997,b_240,b_492,b_873,b_65	/home/miguel/IBE-UPF/TFM/Master_projects/PhyloPhere/Data/6.CAAS_traitfiles/Ranked/df8_sp.tab
ACAP3@553	26	1000	0.026	b_524,b_425,b_432,b_392,b_454,b_583,b_646,b_633,b_76,b_358,b_334,b_609,b_590,b_435,b_188,b_817,b_473,b_398,b_499,b_63,b_903,b_955,b_456,b_142,b_99,b_374	/home/miguel/IBE-UPF/TFM/Master_projects/PhyloPhere/Data/6.CAAS_traitfiles/Ranked/df8_sp.tab
ACAP3@574	0	1000	0.0		/home/miguel/IBE-UPF/TFM/Master_projects/PhyloPhere/Data/6.CAAS_traitfiles/Ranked/df8_sp.tab
ACAP3@577	0	1000	0.0		/home/miguel/IBE-UPF/TFM/Master_projects/PhyloPhere/Data/6.CAAS_traitfiles/Ranked/df8_sp.tab
ACAP3@579	0	1000	0.0		/home/miguel/IBE-UPF/TFM/Master_projects/PhyloPhere/Data/6.CAAS_traitfiles/Ranked/df8_sp.tab
ACAP3@600	0	1000	0.0		/home/miguel/IBE-UPF/TFM/Master_projects/PhyloPhere/Data/6.CAAS_traitfiles/Ranked/df8_sp.tab
ACAP3@602	0	1000	0.0		/home/miguel/IBE-UPF/TFM/Master_projects/PhyloPhere/Data/6.CAAS_traitfiles/Ranked/df8_sp.tab
ACAP3@605	38	1000	0.038	b_432,b_349,b_454,b_583,b_658,b_423,b_334,b_704,b_723,b_426,b_546,b_435,b_558,b_282,b_817,b_728,b_473,b_398,b_89,b_63,b_320,b_60,b_903,b_254,b_841,b_258,b_910,b_866,b_988,b_683,b_774,b_652,b_606,b_99,b_374,b_715,b_215,b_319	/home/miguel/IBE-UPF/TFM/Master_projects/PhyloPhere/Data/6.CAAS_traitfiles/Ranked/df8_sp.tab
ACAP3@608	0	1000	0.0		/home/miguel/IBE-UPF/TFM/Master_projects/PhyloPhere/Data/6.CAAS_traitfiles/Ranked/df8_sp.tab
ACAP3@613	20	1000	0.02	b_148,b_650,b_654,b_369,b_255,b_506,b_291,b_853,b_632,b_666,b_528,b_225,b_209,b_933,b_170,b_842,b_514,b_8,b_204,b_180	/home/miguel/IBE-UPF/TFM/Master_projects/PhyloPhere/Data/6.CAAS_traitfiles/Ranked/df8_sp.tab
ACAP3@618	3	1000	0.003	b_300,b_247,b_997	/home/miguel/IBE-UPF/TFM/Master_projects/PhyloPhere/Data/6.CAAS_traitfiles/Ranked/df8_sp.tab
ACAP3@625	0	1000	0.0		/home/miguel/IBE-UPF/TFM/Master_projects/PhyloPhere/Data/6.CAAS_traitfiles/Ranked/df8_sp.tab
ACAP3@626	0	1000	0.0		/home/miguel/IBE-UPF/TFM/Master_projects/PhyloPhere/Data/6.CAAS_traitfiles/Ranked/df8_sp.tab
ACAP3@627	14	1000	0.014	b_650,b_920,b_654,b_255,b_506,b_666,b_528,b_209,b_933,b_170,b_842,b_514,b_8,b_180	/home/miguel/IBE-UPF/TFM/Master_projects/PhyloPhere/Data/6.CAAS_traitfiles/Ranked/df8_sp.tab
ACAP3@629	20	1000	0.02	b_148,b_650,b_654,b_369,b_255,b_506,b_291,b_853,b_180,b_632,b_666,b_528,b_225,b_209,b_933,b_170,b_842,b_514,b_8,b_204	/home/miguel/IBE-UPF/TFM/Master_projects/PhyloPhere/Data/6.CAAS_traitfiles/Ranked/df8_sp.tab
ACAP3@630	0	1000	0.0		/home/miguel/IBE-UPF/TFM/Master_projects/PhyloPhere/Data/6.CAAS_traitfiles/Ranked/df8_sp.tab
ACAP3@631	0	1000	0.0		/home/miguel/IBE-UPF/TFM/Master_projects/PhyloPhere/Data/6.CAAS_traitfiles/Ranked/df8_sp.tab
ACAP3@638	0	1000	0.0		/home/miguel/IBE-UPF/TFM/Master_projects/PhyloPhere/Data/6.CAAS_traitfiles/Ranked/df8_sp.tab
ACAP3@656	26	1000	0.026	b_148,b_650,b_692,b_654,b_603,b_369,b_255,b_651,b_506,b_291,b_889,b_853,b_632,b_666,b_78,b_528,b_225,b_209,b_933,b_170,b_842,b_822,b_514,b_8,b_204,b_180	/home/miguel/IBE-UPF/TFM/Master_projects/PhyloPhere/Data/6.CAAS_traitfiles/Ranked/df8_sp.tab
ACAP3@657	0	1000	0.0		/home/miguel/IBE-UPF/TFM/Master_projects/PhyloPhere/Data/6.CAAS_traitfiles/Ranked/df8_sp.tab
ACAP3@663	0	1000	0.0		/home/miguel/IBE-UPF/TFM/Master_projects/PhyloPhere/Data/6.CAAS_traitfiles/Ranked/df8_sp.tab
ACAP3@664	0	1000	0.0		/home/miguel/IBE-UPF/TFM/Master_projects/PhyloPhere/Data/6.CAAS_traitfiles/Ranked/df8_sp.tab
ACAP3@669	0	1000	0.0		/home/miguel/IBE-UPF/TFM/Master_projects/PhyloPhere/Data/6.CAAS_traitfiles/Ranked/df8_sp.tab
ACAP3@671	0	1000	0.0		/home/miguel/IBE-UPF/TFM/Master_projects/PhyloPhere/Data/6.CAAS_traitfiles/Ranked/df8_sp.tab
ACAP3@673	0	1000	0.0		/home/miguel/IBE-UPF/TFM/Master_projects/PhyloPhere/Data/6.CAAS_traitfiles/Ranked/df8_sp.tab
ACAP3@676	0	1000	0.0		/home/miguel/IBE-UPF/TFM/Master_projects/PhyloPhere/Data/6.CAAS_traitfiles/Ranked/df8_sp.tab
ACAP3@678	0	1000	0.0		/home/miguel/IBE-UPF/TFM/Master_projects/PhyloPhere/Data/6.CAAS_traitfiles/Ranked/df8_sp.tab
ACAP3@690	0	1000	0.0		/home/miguel/IBE-UPF/TFM/Master_projects/PhyloPhere/Data/6.CAAS_traitfiles/Ranked/df8_sp.tab
ACAP3@720	0	1000	0.0		/home/miguel/IBE-UPF/TFM/Master_projects/PhyloPhere/Data/6.CAAS_traitfiles/Ranked/df8_sp.tab
ACAP3@722	0	1000	0.0		/home/miguel/IBE-UPF/TFM/Master_projects/PhyloPhere/Data/6.CAAS_traitfiles/Ranked/df8_sp.tab
ACAP3@723	0	1000	0.0		/home/miguel/IBE-UPF/TFM/Master_projects/PhyloPhere/Data/6.CAAS_traitfiles/Ranked/df8_sp.tab
ACAP3@724	0	1000	0.0		/home/miguel/IBE-UPF/TFM/Master_projects/PhyloPhere/Data/6.CAAS_traitfiles/Ranked/df8_sp.tab
ACAP3@725	0	1000	0.0		/home/miguel/IBE-UPF/TFM/Master_projects/PhyloPhere/Data/6.CAAS_traitfiles/Ranked/df8_sp.tab
ACAP3@726	0	1000	0.0		/home/miguel/IBE-UPF/TFM/Master_projects/PhyloPhere/Data/6.CAAS_traitfiles/Ranked/df8_sp.tab
ACAP3@727	0	1000	0.0		/home/miguel/IBE-UPF/TFM/Master_projects/PhyloPhere/Data/6.CAAS_traitfiles/Ranked/df8_sp.tab
ACAP3@728	0	1000	0.0		/home/miguel/IBE-UPF/TFM/Master_projects/PhyloPhere/Data/6.CAAS_traitfiles/Ranked/df8_sp.tab
ACAP3@730	0	1000	0.0		/home/miguel/IBE-UPF/TFM/Master_projects/PhyloPhere/Data/6.CAAS_traitfiles/Ranked/df8_sp.tab
ACAP3@732	0	1000	0.0		/home/miguel/IBE-UPF/TFM/Master_projects/PhyloPhere/Data/6.CAAS_traitfiles/Ranked/df8_sp.tab
ACAP3@733	0	1000	0.0		/home/miguel/IBE-UPF/TFM/Master_projects/PhyloPhere/Data/6.CAAS_traitfiles/Ranked/df8_sp.tab
ACAP3@736	0	1000	0.0		/home/miguel/IBE-UPF/TFM/Master_projects/PhyloPhere/Data/6.CAAS_traitfiles/Ranked/df8_sp.tab
ACAP3@737	0	1000	0.0		/home/miguel/IBE-UPF/TFM/Master_projects/PhyloPhere/Data/6.CAAS_traitfiles/Ranked/df8_sp.tab
ACAP3@738	0	1000	0.0		/home/miguel/IBE-UPF/TFM/Master_projects/PhyloPhere/Data/6.CAAS_traitfiles/Ranked/df8_sp.tab
ACAP3@739	0	1000	0.0		/home/miguel/IBE-UPF/TFM/Master_projects/PhyloPhere/Data/6.CAAS_traitfiles/Ranked/df8_sp.tab
ACAP3@740	0	1000	0.0		/home/miguel/IBE-UPF/TFM/Master_projects/PhyloPhere/Data/6.CAAS_traitfiles/Ranked/df8_sp.tab
ACAP3@741	28	1000	0.028	b_148,b_569,b_650,b_244,b_561,b_482,b_547,b_654,b_320,b_369,b_255,b_505,b_506,b_291,b_853,b_632,b_666,b_528,b_911,b_225,b_209,b_933,b_170,b_842,b_514,b_8,b_204,b_180	/home/miguel/IBE-UPF/TFM/Master_projects/PhyloPhere/Data/6.CAAS_traitfiles/Ranked/df8_sp.tab
ACAP3@742	0	1000	0.0		/home/miguel/IBE-UPF/TFM/Master_projects/PhyloPhere/Data/6.CAAS_traitfiles/Ranked/df8_sp.tab
ACAP3@743	0	1000	0.0		/home/miguel/IBE-UPF/TFM/Master_projects/PhyloPhere/Data/6.CAAS_traitfiles/Ranked/df8_sp.tab
ACAP3@744	0	1000	0.0		/home/miguel/IBE-UPF/TFM/Master_projects/PhyloPhere/Data/6.CAAS_traitfiles/Ranked/df8_sp.tab
ACAP3@745	0	1000	0.0		/home/miguel/IBE-UPF/TFM/Master_projects/PhyloPhere/Data/6.CAAS_traitfiles/Ranked/df8_sp.tab
ACAP3@746	0	1000	0.0		/home/miguel/IBE-UPF/TFM/Master_projects/PhyloPhere/Data/6.CAAS_traitfiles/Ranked/df8_sp.tab
ACAP3@754	0	1000	0.0		/home/miguel/IBE-UPF/TFM/Master_projects/PhyloPhere/Data/6.CAAS_traitfiles/Ranked/df8_sp.tab
ACAP3@755	0	1000	0.0		/home/miguel/IBE-UPF/TFM/Master_projects/PhyloPhere/Data/6.CAAS_traitfiles/Ranked/df8_sp.tab
ACAP3@756	0	1000	0.0		/home/miguel/IBE-UPF/TFM/Master_projects/PhyloPhere/Data/6.CAAS_traitfiles/Ranked/df8_sp.tab
ACAP3@757	0	1000	0.0		/home/miguel/IBE-UPF/TFM/Master_projects/PhyloPhere/Data/6.CAAS_traitfiles/Ranked/df8_sp.tab
ACAP3@759	0	1000	0.0		/home/miguel/IBE-UPF/TFM/Master_projects/PhyloPhere/Data/6.CAAS_traitfiles/Ranked/df8_sp.tab
ACAP3@760	0	1000	0.0		/home/miguel/IBE-UPF/TFM/Master_projects/PhyloPhere/Data/6.CAAS_traitfiles/Ranked/df8_sp.tab
ACAP3@761	0	1000	0.0		/home/miguel/IBE-UPF/TFM/Master_projects/PhyloPhere/Data/6.CAAS_traitfiles/Ranked/df8_sp.tab
ACAP3@762	0	1000	0.0		/home/miguel/IBE-UPF/TFM/Master_projects/PhyloPhere/Data/6.CAAS_traitfiles/Ranked/df8_sp.tab
ACAP3@763	0	1000	0.0		/home/miguel/IBE-UPF/TFM/Master_projects/PhyloPhere/Data/6.CAAS_traitfiles/Ranked/df8_sp.tab
ACAP3@769	20	1000	0.02	b_425,b_432,b_392,b_79,b_583,b_646,b_669,b_633,b_358,b_334,b_817,b_825,b_398,b_499,b_538,b_955,b_939,b_456,b_462,b_374	/home/miguel/IBE-UPF/TFM/Master_projects/PhyloPhere/Data/6.CAAS_traitfiles/Ranked/df8_sp.tab
ACAP3@771	0	1000	0.0		/home/miguel/IBE-UPF/TFM/Master_projects/PhyloPhere/Data/6.CAAS_traitfiles/Ranked/df8_sp.tab
ACAP3@772	20	1000	0.02	b_148,b_650,b_654,b_369,b_255,b_506,b_291,b_853,b_632,b_666,b_528,b_225,b_209,b_933,b_170,b_842,b_514,b_8,b_204,b_180	/home/miguel/IBE-UPF/TFM/Master_projects/PhyloPhere/Data/6.CAAS_traitfiles/Ranked/df8_sp.tab
ACAP3@775	20	1000	0.02	b_148,b_650,b_654,b_369,b_255,b_506,b_291,b_853,b_632,b_666,b_78,b_528,b_225,b_209,b_933,b_170,b_842,b_514,b_204,b_180	/home/miguel/IBE-UPF/TFM/Master_projects/PhyloPhere/Data/6.CAAS_traitfiles/Ranked/df8_sp.tab
ACAP3@777	0	1000	0.0		/home/miguel/IBE-UPF/TFM/Master_projects/PhyloPhere/Data/6.CAAS_traitfiles/Ranked/df8_sp.tab
ACAP3@779	0	1000	0.0		/home/miguel/IBE-UPF/TFM/Master_projects/PhyloPhere/Data/6.CAAS_traitfiles/Ranked/df8_sp.tab
ACAP3@783	0	1000	0.0		/home/miguel/IBE-UPF/TFM/Master_projects/PhyloPhere/Data/6.CAAS_traitfiles/Ranked/df8_sp.tab
ACAP3@785	0	1000	0.0		/home/miguel/IBE-UPF/TFM/Master_projects/PhyloPhere/Data/6.CAAS_traitfiles/Ranked/df8_sp.tab
ACAP3@799	0	1000	0.0		/home/miguel/IBE-UPF/TFM/Master_projects/PhyloPhere/Data/6.CAAS_traitfiles/Ranked/df8_sp.tab
