ACOT12@1	0	1000	0.0		/home/miguel/IBE-UPF/TFM/Master_projects/PhyloPhere/Data/6.CAAS_traitfiles/Ranked/df8_sp.tab
ACOT12@2	0	1000	0.0		/home/miguel/IBE-UPF/TFM/Master_projects/PhyloPhere/Data/6.CAAS_traitfiles/Ranked/df8_sp.tab
ACOT12@3	53	1000	0.053	b_632,b_697,b_8,b_666,b_650,b_858,b_763,b_369,b_578,b_750,b_73,b_191,b_799,b_148,b_283,b_216,b_39,b_470,b_89,b_209,b_671,b_60,b_164,b_514,b_528,b_94,b_335,b_119,b_182,b_457,b_625,b_882,b_506,b_291,b_215,b_180,b_34,b_170,b_85,b_933,b_204,b_428,b_841,b_183,b_842,b_654,b_853,b_266,b_910,b_487,b_225,b_18,b_255	/home/miguel/IBE-UPF/TFM/Master_projects/PhyloPhere/Data/6.CAAS_traitfiles/Ranked/df8_sp.tab
ACOT12@5	27	1000	0.027	b_658,b_789,b_63,b_320,b_583,b_606,b_728,b_832,b_432,b_99,b_89,b_704,b_60,b_282,b_694,b_774,b_995,b_652,b_954,b_841,b_167,b_309,b_557,b_423,b_473,b_546,b_988	/home/miguel/IBE-UPF/TFM/Master_projects/PhyloPhere/Data/6.CAAS_traitfiles/Ranked/df8_sp.tab
ACOT12@7	0	1000	0.0		/home/miguel/IBE-UPF/TFM/Master_projects/PhyloPhere/Data/6.CAAS_traitfiles/Ranked/df8_sp.tab
ACOT12@8	0	1000	0.0		/home/miguel/IBE-UPF/TFM/Master_projects/PhyloPhere/Data/6.CAAS_traitfiles/Ranked/df8_sp.tab
ACOT12@9	1	1000	0.001	b_516	/home/miguel/IBE-UPF/TFM/Master_projects/PhyloPhere/Data/6.CAAS_traitfiles/Ranked/df8_sp.tab
ACOT12@14	36	1000	0.036	b_632,b_697,b_8,b_666,b_650,b_858,b_369,b_73,b_191,b_148,b_283,b_216,b_39,b_470,b_209,b_671,b_164,b_514,b_528,b_335,b_182,b_625,b_506,b_291,b_180,b_170,b_85,b_933,b_204,b_842,b_654,b_853,b_266,b_487,b_225,b_255	/home/miguel/IBE-UPF/TFM/Master_projects/PhyloPhere/Data/6.CAAS_traitfiles/Ranked/df8_sp.tab
ACOT12@17	0	1000	0.0		/home/miguel/IBE-UPF/TFM/Master_projects/PhyloPhere/Data/6.CAAS_traitfiles/Ranked/df8_sp.tab
ACOT12@20	36	1000	0.036	b_632,b_697,b_8,b_666,b_650,b_858,b_369,b_73,b_191,b_148,b_283,b_216,b_39,b_470,b_209,b_671,b_164,b_514,b_528,b_335,b_182,b_625,b_506,b_291,b_180,b_170,b_85,b_933,b_204,b_842,b_654,b_853,b_266,b_487,b_225,b_255	/home/miguel/IBE-UPF/TFM/Master_projects/PhyloPhere/Data/6.CAAS_traitfiles/Ranked/df8_sp.tab
ACOT12@22	0	1000	0.0		/home/miguel/IBE-UPF/TFM/Master_projects/PhyloPhere/Data/6.CAAS_traitfiles/Ranked/df8_sp.tab
ACOT12@32	0	1000	0.0		/home/miguel/IBE-UPF/TFM/Master_projects/PhyloPhere/Data/6.CAAS_traitfiles/Ranked/df8_sp.tab
ACOT12@36	38	1000	0.038	b_632,b_697,b_8,b_666,b_650,b_858,b_369,b_73,b_191,b_148,b_283,b_216,b_39,b_470,b_209,b_671,b_164,b_514,b_230,b_528,b_335,b_182,b_625,b_506,b_291,b_180,b_170,b_85,b_933,b_204,b_842,b_654,b_853,b_266,b_487,b_225,b_255,b_38	/home/miguel/IBE-UPF/TFM/Master_projects/PhyloPhere/Data/6.CAAS_traitfiles/Ranked/df8_sp.tab
ACOT12@42	0	1000	0.0		/home/miguel/IBE-UPF/TFM/Master_projects/PhyloPhere/Data/6.CAAS_traitfiles/Ranked/df8_sp.tab
ACOT12@43	0	1000	0.0		/home/miguel/IBE-UPF/TFM/Master_projects/PhyloPhere/Data/6.CAAS_traitfiles/Ranked/df8_sp.tab
ACOT12@44	0	1000	0.0		/home/miguel/IBE-UPF/TFM/Master_projects/PhyloPhere/Data/6.CAAS_traitfiles/Ranked/df8_sp.tab
ACOT12@45	0	1000	0.0		/home/miguel/IBE-UPF/TFM/Master_projects/PhyloPhere/Data/6.CAAS_traitfiles/Ranked/df8_sp.tab
ACOT12@46	0	1000	0.0		/home/miguel/IBE-UPF/TFM/Master_projects/PhyloPhere/Data/6.CAAS_traitfiles/Ranked/df8_sp.tab
ACOT12@48	0	1000	0.0		/home/miguel/IBE-UPF/TFM/Master_projects/PhyloPhere/Data/6.CAAS_traitfiles/Ranked/df8_sp.tab
ACOT12@49	0	1000	0.0		/home/miguel/IBE-UPF/TFM/Master_projects/PhyloPhere/Data/6.CAAS_traitfiles/Ranked/df8_sp.tab
ACOT12@51	0	1000	0.0		/home/miguel/IBE-UPF/TFM/Master_projects/PhyloPhere/Data/6.CAAS_traitfiles/Ranked/df8_sp.tab
ACOT12@52	0	1000	0.0		/home/miguel/IBE-UPF/TFM/Master_projects/PhyloPhere/Data/6.CAAS_traitfiles/Ranked/df8_sp.tab
ACOT12@55	0	1000	0.0		/home/miguel/IBE-UPF/TFM/Master_projects/PhyloPhere/Data/6.CAAS_traitfiles/Ranked/df8_sp.tab
ACOT12@64	0	1000	0.0		/home/miguel/IBE-UPF/TFM/Master_projects/PhyloPhere/Data/6.CAAS_traitfiles/Ranked/df8_sp.tab
ACOT12@66	25	1000	0.025	b_396,b_63,b_939,b_583,b_79,b_61,b_669,b_77,b_538,b_462,b_488,b_721,b_744,b_185,b_845,b_997,b_289,b_297,b_825,b_136,b_142,b_629,b_257,b_667,b_134	/home/miguel/IBE-UPF/TFM/Master_projects/PhyloPhere/Data/6.CAAS_traitfiles/Ranked/df8_sp.tab
ACOT12@73	9	1000	0.009	b_789,b_293,b_63,b_583,b_524,b_99,b_954,b_309,b_557	/home/miguel/IBE-UPF/TFM/Master_projects/PhyloPhere/Data/6.CAAS_traitfiles/Ranked/df8_sp.tab
ACOT12@87	71	1000	0.071	b_801,b_848,b_585,b_742,b_63,b_583,b_287,b_693,b_168,b_669,b_83,b_401,b_722,b_91,b_538,b_129,b_828,b_462,b_700,b_333,b_681,b_651,b_731,b_470,b_381,b_685,b_865,b_671,b_154,b_276,b_164,b_692,b_837,b_663,b_240,b_149,b_439,b_983,b_88,b_382,b_378,b_873,b_845,b_686,b_80,b_447,b_368,b_410,b_289,b_478,b_297,b_403,b_540,b_825,b_78,b_767,b_654,b_65,b_853,b_142,b_473,b_173,b_822,b_150,b_831,b_492,b_225,b_984,b_849,b_436,b_790	/home/miguel/IBE-UPF/TFM/Master_projects/PhyloPhere/Data/6.CAAS_traitfiles/Ranked/df8_sp.tab
ACOT12@88	0	1000	0.0		/home/miguel/IBE-UPF/TFM/Master_projects/PhyloPhere/Data/6.CAAS_traitfiles/Ranked/df8_sp.tab
ACOT12@89	0	1000	0.0		/home/miguel/IBE-UPF/TFM/Master_projects/PhyloPhere/Data/6.CAAS_traitfiles/Ranked/df8_sp.tab
ACOT12@91	0	1000	0.0		/home/miguel/IBE-UPF/TFM/Master_projects/PhyloPhere/Data/6.CAAS_traitfiles/Ranked/df8_sp.tab
ACOT12@95	43	1000	0.043	b_86,b_955,b_817,b_334,b_63,b_426,b_320,b_583,b_308,b_200,b_907,b_77,b_813,b_728,b_398,b_258,b_371,b_432,b_649,b_99,b_704,b_814,b_250,b_119,b_774,b_625,b_392,b_456,b_882,b_800,b_558,b_903,b_416,b_652,b_428,b_734,b_183,b_136,b_319,b_423,b_473,b_374,b_254	/home/miguel/IBE-UPF/TFM/Master_projects/PhyloPhere/Data/6.CAAS_traitfiles/Ranked/df8_sp.tab
ACOT12@96	0	1000	0.0		/home/miguel/IBE-UPF/TFM/Master_projects/PhyloPhere/Data/6.CAAS_traitfiles/Ranked/df8_sp.tab
ACOT12@116	0	1000	0.0		/home/miguel/IBE-UPF/TFM/Master_projects/PhyloPhere/Data/6.CAAS_traitfiles/Ranked/df8_sp.tab
ACOT12@131	0	1000	0.0		/home/miguel/IBE-UPF/TFM/Master_projects/PhyloPhere/Data/6.CAAS_traitfiles/Ranked/df8_sp.tab
ACOT12@135	0	1000	0.0		/home/miguel/IBE-UPF/TFM/Master_projects/PhyloPhere/Data/6.CAAS_traitfiles/Ranked/df8_sp.tab
ACOT12@138	36	1000	0.036	b_632,b_697,b_8,b_666,b_650,b_858,b_369,b_73,b_191,b_148,b_283,b_216,b_39,b_470,b_209,b_671,b_164,b_514,b_528,b_335,b_182,b_625,b_506,b_291,b_180,b_170,b_85,b_933,b_204,b_842,b_654,b_853,b_266,b_487,b_225,b_255	/home/miguel/IBE-UPF/TFM/Master_projects/PhyloPhere/Data/6.CAAS_traitfiles/Ranked/df8_sp.tab
ACOT12@149	45	1000	0.045	b_780,b_848,b_742,b_396,b_247,b_63,b_936,b_176,b_583,b_706,b_302,b_308,b_364,b_577,b_61,b_669,b_77,b_813,b_538,b_488,b_681,b_651,b_96,b_692,b_240,b_76,b_382,b_873,b_172,b_185,b_509,b_997,b_825,b_950,b_136,b_65,b_473,b_831,b_629,b_492,b_257,b_667,b_42,b_526,b_134	/home/miguel/IBE-UPF/TFM/Master_projects/PhyloPhere/Data/6.CAAS_traitfiles/Ranked/df8_sp.tab
ACOT12@150	0	1000	0.0		/home/miguel/IBE-UPF/TFM/Master_projects/PhyloPhere/Data/6.CAAS_traitfiles/Ranked/df8_sp.tab
ACOT12@152	0	1000	0.0		/home/miguel/IBE-UPF/TFM/Master_projects/PhyloPhere/Data/6.CAAS_traitfiles/Ranked/df8_sp.tab
ACOT12@153	0	1000	0.0		/home/miguel/IBE-UPF/TFM/Master_projects/PhyloPhere/Data/6.CAAS_traitfiles/Ranked/df8_sp.tab
ACOT12@158	0	1000	0.0		/home/miguel/IBE-UPF/TFM/Master_projects/PhyloPhere/Data/6.CAAS_traitfiles/Ranked/df8_sp.tab
ACOT12@159	0	1000	0.0		/home/miguel/IBE-UPF/TFM/Master_projects/PhyloPhere/Data/6.CAAS_traitfiles/Ranked/df8_sp.tab
ACOT12@160	0	1000	0.0		/home/miguel/IBE-UPF/TFM/Master_projects/PhyloPhere/Data/6.CAAS_traitfiles/Ranked/df8_sp.tab
ACOT12@161	0	1000	0.0		/home/miguel/IBE-UPF/TFM/Master_projects/PhyloPhere/Data/6.CAAS_traitfiles/Ranked/df8_sp.tab
ACOT12@164	37	1000	0.037	b_632,b_697,b_8,b_666,b_650,b_858,b_369,b_73,b_191,b_148,b_283,b_216,b_39,b_470,b_605,b_209,b_671,b_164,b_514,b_528,b_335,b_182,b_625,b_506,b_291,b_180,b_170,b_85,b_933,b_204,b_842,b_654,b_853,b_266,b_487,b_225,b_255	/home/miguel/IBE-UPF/TFM/Master_projects/PhyloPhere/Data/6.CAAS_traitfiles/Ranked/df8_sp.tab
ACOT12@165	13	1000	0.013	b_63,b_583,b_832,b_89,b_282,b_573,b_995,b_309,b_557,b_423,b_473,b_546,b_372	/home/miguel/IBE-UPF/TFM/Master_projects/PhyloPhere/Data/6.CAAS_traitfiles/Ranked/df8_sp.tab
ACOT12@166	30	1000	0.03	b_632,b_697,b_666,b_650,b_369,b_748,b_73,b_283,b_216,b_470,b_865,b_671,b_164,b_514,b_528,b_182,b_506,b_452,b_291,b_180,b_668,b_85,b_204,b_654,b_853,b_266,b_487,b_225,b_255,b_436	/home/miguel/IBE-UPF/TFM/Master_projects/PhyloPhere/Data/6.CAAS_traitfiles/Ranked/df8_sp.tab
ACOT12@167	0	1000	0.0		/home/miguel/IBE-UPF/TFM/Master_projects/PhyloPhere/Data/6.CAAS_traitfiles/Ranked/df8_sp.tab
ACOT12@168	0	1000	0.0		/home/miguel/IBE-UPF/TFM/Master_projects/PhyloPhere/Data/6.CAAS_traitfiles/Ranked/df8_sp.tab
ACOT12@171	0	1000	0.0		/home/miguel/IBE-UPF/TFM/Master_projects/PhyloPhere/Data/6.CAAS_traitfiles/Ranked/df8_sp.tab
ACOT12@172	19	1000	0.019	b_8,b_650,b_191,b_148,b_283,b_216,b_470,b_209,b_164,b_335,b_182,b_625,b_506,b_170,b_85,b_734,b_98,b_853,b_255	/home/miguel/IBE-UPF/TFM/Master_projects/PhyloPhere/Data/6.CAAS_traitfiles/Ranked/df8_sp.tab
ACOT12@176	0	1000	0.0		/home/miguel/IBE-UPF/TFM/Master_projects/PhyloPhere/Data/6.CAAS_traitfiles/Ranked/df8_sp.tab
ACOT12@179	0	1000	0.0		/home/miguel/IBE-UPF/TFM/Master_projects/PhyloPhere/Data/6.CAAS_traitfiles/Ranked/df8_sp.tab
ACOT12@202	0	1000	0.0		/home/miguel/IBE-UPF/TFM/Master_projects/PhyloPhere/Data/6.CAAS_traitfiles/Ranked/df8_sp.tab
ACOT12@211	0	1000	0.0		/home/miguel/IBE-UPF/TFM/Master_projects/PhyloPhere/Data/6.CAAS_traitfiles/Ranked/df8_sp.tab
ACOT12@219	22	1000	0.022	b_817,b_426,b_302,b_931,b_445,b_77,b_813,b_524,b_371,b_177,b_771,b_458,b_349,b_23,b_625,b_800,b_183,b_136,b_319,b_435,b_548,b_194	/home/miguel/IBE-UPF/TFM/Master_projects/PhyloPhere/Data/6.CAAS_traitfiles/Ranked/df8_sp.tab
ACOT12@222	58	1000	0.058	b_780,b_848,b_742,b_396,b_63,b_939,b_176,b_583,b_706,b_308,b_577,b_79,b_61,b_669,b_77,b_813,b_538,b_462,b_488,b_651,b_685,b_865,b_721,b_692,b_744,b_76,b_382,b_873,b_172,b_185,b_845,b_509,b_447,b_997,b_289,b_297,b_102,b_825,b_78,b_136,b_451,b_654,b_65,b_853,b_142,b_473,b_316,b_822,b_831,b_629,b_492,b_257,b_667,b_225,b_42,b_526,b_232,b_134	/home/miguel/IBE-UPF/TFM/Master_projects/PhyloPhere/Data/6.CAAS_traitfiles/Ranked/df8_sp.tab
ACOT12@223	0	1000	0.0		/home/miguel/IBE-UPF/TFM/Master_projects/PhyloPhere/Data/6.CAAS_traitfiles/Ranked/df8_sp.tab
ACOT12@227	27	1000	0.027	b_658,b_789,b_63,b_320,b_583,b_606,b_728,b_832,b_432,b_99,b_89,b_704,b_60,b_282,b_694,b_774,b_995,b_652,b_954,b_841,b_167,b_309,b_557,b_423,b_473,b_546,b_988	/home/miguel/IBE-UPF/TFM/Master_projects/PhyloPhere/Data/6.CAAS_traitfiles/Ranked/df8_sp.tab
ACOT12@231	0	1000	0.0		/home/miguel/IBE-UPF/TFM/Master_projects/PhyloPhere/Data/6.CAAS_traitfiles/Ranked/df8_sp.tab
ACOT12@237	0	1000	0.0		/home/miguel/IBE-UPF/TFM/Master_projects/PhyloPhere/Data/6.CAAS_traitfiles/Ranked/df8_sp.tab
ACOT12@245	29	1000	0.029	b_632,b_8,b_666,b_650,b_66,b_369,b_148,b_283,b_39,b_209,b_671,b_164,b_514,b_6,b_175,b_182,b_459,b_291,b_929,b_180,b_170,b_905,b_654,b_344,b_853,b_725,b_487,b_225,b_255	/home/miguel/IBE-UPF/TFM/Master_projects/PhyloPhere/Data/6.CAAS_traitfiles/Ranked/df8_sp.tab
ACOT12@266	36	1000	0.036	b_632,b_697,b_8,b_666,b_650,b_858,b_369,b_73,b_191,b_148,b_283,b_216,b_39,b_470,b_209,b_671,b_164,b_514,b_528,b_335,b_182,b_625,b_506,b_291,b_180,b_170,b_85,b_933,b_204,b_842,b_654,b_853,b_266,b_487,b_225,b_255	/home/miguel/IBE-UPF/TFM/Master_projects/PhyloPhere/Data/6.CAAS_traitfiles/Ranked/df8_sp.tab
ACOT12@268	36	1000	0.036	b_632,b_697,b_8,b_666,b_650,b_858,b_369,b_73,b_191,b_148,b_283,b_216,b_39,b_470,b_209,b_671,b_164,b_514,b_528,b_335,b_182,b_625,b_506,b_291,b_180,b_170,b_85,b_933,b_204,b_842,b_654,b_853,b_266,b_487,b_225,b_255	/home/miguel/IBE-UPF/TFM/Master_projects/PhyloPhere/Data/6.CAAS_traitfiles/Ranked/df8_sp.tab
ACOT12@274	22	1000	0.022	b_632,b_166,b_191,b_482,b_304,b_572,b_283,b_39,b_528,b_918,b_335,b_182,b_291,b_911,b_170,b_85,b_933,b_547,b_897,b_266,b_522,b_255	/home/miguel/IBE-UPF/TFM/Master_projects/PhyloPhere/Data/6.CAAS_traitfiles/Ranked/df8_sp.tab
ACOT12@286	0	1000	0.0		/home/miguel/IBE-UPF/TFM/Master_projects/PhyloPhere/Data/6.CAAS_traitfiles/Ranked/df8_sp.tab
ACOT12@288	36	1000	0.036	b_632,b_414,b_320,b_166,b_191,b_482,b_148,b_304,b_572,b_283,b_39,b_209,b_671,b_528,b_918,b_335,b_182,b_244,b_625,b_506,b_291,b_911,b_180,b_569,b_170,b_85,b_933,b_561,b_547,b_897,b_266,b_522,b_487,b_505,b_255,b_194	/home/miguel/IBE-UPF/TFM/Master_projects/PhyloPhere/Data/6.CAAS_traitfiles/Ranked/df8_sp.tab
ACOT12@291	0	1000	0.0		/home/miguel/IBE-UPF/TFM/Master_projects/PhyloPhere/Data/6.CAAS_traitfiles/Ranked/df8_sp.tab
ACOT12@292	49	1000	0.049	b_632,b_697,b_8,b_666,b_650,b_414,b_858,b_369,b_166,b_73,b_191,b_482,b_148,b_283,b_216,b_39,b_470,b_209,b_671,b_164,b_514,b_528,b_918,b_335,b_182,b_244,b_625,b_506,b_291,b_911,b_180,b_569,b_170,b_85,b_933,b_204,b_561,b_842,b_654,b_547,b_897,b_853,b_266,b_522,b_487,b_225,b_505,b_255,b_194	/home/miguel/IBE-UPF/TFM/Master_projects/PhyloPhere/Data/6.CAAS_traitfiles/Ranked/df8_sp.tab
ACOT12@293	0	1000	0.0		/home/miguel/IBE-UPF/TFM/Master_projects/PhyloPhere/Data/6.CAAS_traitfiles/Ranked/df8_sp.tab
ACOT12@297	36	1000	0.036	b_632,b_697,b_8,b_666,b_650,b_858,b_369,b_73,b_191,b_148,b_283,b_216,b_39,b_470,b_209,b_671,b_164,b_514,b_528,b_335,b_182,b_625,b_506,b_291,b_180,b_170,b_85,b_933,b_204,b_842,b_654,b_853,b_266,b_487,b_225,b_255	/home/miguel/IBE-UPF/TFM/Master_projects/PhyloPhere/Data/6.CAAS_traitfiles/Ranked/df8_sp.tab
ACOT12@299	0	1000	0.0		/home/miguel/IBE-UPF/TFM/Master_projects/PhyloPhere/Data/6.CAAS_traitfiles/Ranked/df8_sp.tab
ACOT12@300	36	1000	0.036	b_632,b_697,b_8,b_666,b_650,b_858,b_369,b_73,b_191,b_148,b_283,b_216,b_39,b_470,b_209,b_671,b_164,b_514,b_528,b_335,b_182,b_625,b_506,b_291,b_180,b_170,b_85,b_933,b_204,b_842,b_654,b_853,b_266,b_487,b_225,b_255	/home/miguel/IBE-UPF/TFM/Master_projects/PhyloPhere/Data/6.CAAS_traitfiles/Ranked/df8_sp.tab
ACOT12@307	0	1000	0.0		/home/miguel/IBE-UPF/TFM/Master_projects/PhyloPhere/Data/6.CAAS_traitfiles/Ranked/df8_sp.tab
ACOT12@311	56	1000	0.056	b_780,b_848,b_742,b_396,b_63,b_939,b_176,b_583,b_706,b_308,b_577,b_61,b_669,b_77,b_813,b_538,b_462,b_488,b_651,b_685,b_865,b_692,b_744,b_76,b_382,b_873,b_172,b_185,b_845,b_509,b_447,b_997,b_289,b_297,b_102,b_825,b_78,b_136,b_451,b_654,b_65,b_853,b_142,b_473,b_316,b_822,b_831,b_629,b_492,b_257,b_667,b_225,b_42,b_526,b_232,b_134	/home/miguel/IBE-UPF/TFM/Master_projects/PhyloPhere/Data/6.CAAS_traitfiles/Ranked/df8_sp.tab
ACOT12@314	0	1000	0.0		/home/miguel/IBE-UPF/TFM/Master_projects/PhyloPhere/Data/6.CAAS_traitfiles/Ranked/df8_sp.tab
ACOT12@331	56	1000	0.056	b_780,b_848,b_742,b_396,b_63,b_939,b_176,b_583,b_706,b_308,b_577,b_61,b_669,b_77,b_813,b_538,b_462,b_488,b_651,b_685,b_865,b_692,b_744,b_76,b_382,b_873,b_172,b_185,b_845,b_509,b_447,b_997,b_289,b_297,b_102,b_825,b_78,b_136,b_451,b_654,b_65,b_853,b_142,b_473,b_316,b_822,b_831,b_629,b_492,b_257,b_667,b_225,b_42,b_526,b_232,b_134	/home/miguel/IBE-UPF/TFM/Master_projects/PhyloPhere/Data/6.CAAS_traitfiles/Ranked/df8_sp.tab
ACOT12@333	0	1000	0.0		/home/miguel/IBE-UPF/TFM/Master_projects/PhyloPhere/Data/6.CAAS_traitfiles/Ranked/df8_sp.tab
ACOT12@336	37	1000	0.037	b_396,b_63,b_939,b_583,b_79,b_942,b_61,b_669,b_77,b_538,b_462,b_488,b_737,b_721,b_744,b_489,b_761,b_4,b_185,b_214,b_234,b_845,b_830,b_170,b_610,b_997,b_289,b_297,b_825,b_136,b_142,b_725,b_629,b_257,b_667,b_40,b_134	/home/miguel/IBE-UPF/TFM/Master_projects/PhyloPhere/Data/6.CAAS_traitfiles/Ranked/df8_sp.tab
ACOT12@337	0	1000	0.0		/home/miguel/IBE-UPF/TFM/Master_projects/PhyloPhere/Data/6.CAAS_traitfiles/Ranked/df8_sp.tab
ACOT12@341	0	1000	0.0		/home/miguel/IBE-UPF/TFM/Master_projects/PhyloPhere/Data/6.CAAS_traitfiles/Ranked/df8_sp.tab
ACOT12@346	0	1000	0.0		/home/miguel/IBE-UPF/TFM/Master_projects/PhyloPhere/Data/6.CAAS_traitfiles/Ranked/df8_sp.tab
ACOT12@349	0	1000	0.0		/home/miguel/IBE-UPF/TFM/Master_projects/PhyloPhere/Data/6.CAAS_traitfiles/Ranked/df8_sp.tab
ACOT12@350	36	1000	0.036	b_632,b_697,b_8,b_666,b_650,b_858,b_369,b_73,b_191,b_148,b_283,b_216,b_39,b_470,b_209,b_671,b_164,b_514,b_528,b_335,b_182,b_625,b_506,b_291,b_180,b_170,b_85,b_933,b_204,b_842,b_654,b_853,b_266,b_487,b_225,b_255	/home/miguel/IBE-UPF/TFM/Master_projects/PhyloPhere/Data/6.CAAS_traitfiles/Ranked/df8_sp.tab
ACOT12@356	0	1000	0.0		/home/miguel/IBE-UPF/TFM/Master_projects/PhyloPhere/Data/6.CAAS_traitfiles/Ranked/df8_sp.tab
ACOT12@357	0	1000	0.0		/home/miguel/IBE-UPF/TFM/Master_projects/PhyloPhere/Data/6.CAAS_traitfiles/Ranked/df8_sp.tab
ACOT12@362	27	1000	0.027	b_632,b_697,b_8,b_650,b_858,b_369,b_73,b_191,b_148,b_283,b_216,b_39,b_209,b_671,b_164,b_514,b_230,b_528,b_335,b_625,b_506,b_291,b_933,b_654,b_487,b_255,b_38	/home/miguel/IBE-UPF/TFM/Master_projects/PhyloPhere/Data/6.CAAS_traitfiles/Ranked/df8_sp.tab
ACOT12@369	5	1000	0.005	b_3,b_177,b_458,b_661,b_548	/home/miguel/IBE-UPF/TFM/Master_projects/PhyloPhere/Data/6.CAAS_traitfiles/Ranked/df8_sp.tab
ACOT12@371	36	1000	0.036	b_632,b_697,b_8,b_666,b_650,b_858,b_369,b_73,b_191,b_148,b_283,b_216,b_39,b_470,b_209,b_671,b_164,b_514,b_528,b_335,b_182,b_625,b_506,b_291,b_180,b_170,b_85,b_933,b_204,b_842,b_654,b_853,b_266,b_487,b_225,b_255	/home/miguel/IBE-UPF/TFM/Master_projects/PhyloPhere/Data/6.CAAS_traitfiles/Ranked/df8_sp.tab
ACOT12@373	0	1000	0.0		/home/miguel/IBE-UPF/TFM/Master_projects/PhyloPhere/Data/6.CAAS_traitfiles/Ranked/df8_sp.tab
ACOT12@375	0	1000	0.0		/home/miguel/IBE-UPF/TFM/Master_projects/PhyloPhere/Data/6.CAAS_traitfiles/Ranked/df8_sp.tab
ACOT12@381	42	1000	0.042	b_632,b_697,b_8,b_666,b_650,b_858,b_369,b_73,b_191,b_174,b_148,b_283,b_216,b_39,b_470,b_89,b_209,b_671,b_164,b_514,b_528,b_335,b_182,b_457,b_625,b_506,b_291,b_920,b_180,b_170,b_85,b_933,b_204,b_428,b_842,b_654,b_974,b_853,b_266,b_487,b_225,b_255	/home/miguel/IBE-UPF/TFM/Master_projects/PhyloPhere/Data/6.CAAS_traitfiles/Ranked/df8_sp.tab
ACOT12@384	0	1000	0.0		/home/miguel/IBE-UPF/TFM/Master_projects/PhyloPhere/Data/6.CAAS_traitfiles/Ranked/df8_sp.tab
ACOT12@387	0	1000	0.0		/home/miguel/IBE-UPF/TFM/Master_projects/PhyloPhere/Data/6.CAAS_traitfiles/Ranked/df8_sp.tab
ACOT12@391	0	1000	0.0		/home/miguel/IBE-UPF/TFM/Master_projects/PhyloPhere/Data/6.CAAS_traitfiles/Ranked/df8_sp.tab
ACOT12@393	25	1000	0.025	b_632,b_697,b_320,b_369,b_723,b_200,b_191,b_482,b_39,b_164,b_528,b_335,b_119,b_182,b_625,b_215,b_569,b_170,b_85,b_71,b_561,b_823,b_266,b_400,b_760	/home/miguel/IBE-UPF/TFM/Master_projects/PhyloPhere/Data/6.CAAS_traitfiles/Ranked/df8_sp.tab
ACOT12@394	0	1000	0.0		/home/miguel/IBE-UPF/TFM/Master_projects/PhyloPhere/Data/6.CAAS_traitfiles/Ranked/df8_sp.tab
ACOT12@397	0	1000	0.0		/home/miguel/IBE-UPF/TFM/Master_projects/PhyloPhere/Data/6.CAAS_traitfiles/Ranked/df8_sp.tab
ACOT12@401	13	1000	0.013	b_658,b_817,b_426,b_606,b_715,b_495,b_97,b_99,b_774,b_683,b_416,b_423,b_988	/home/miguel/IBE-UPF/TFM/Master_projects/PhyloPhere/Data/6.CAAS_traitfiles/Ranked/df8_sp.tab
ACOT12@416	26	1000	0.026	b_848,b_742,b_247,b_63,b_583,b_521,b_669,b_91,b_538,b_129,b_681,b_651,b_692,b_663,b_240,b_983,b_382,b_873,b_172,b_825,b_950,b_65,b_473,b_831,b_492,b_984	/home/miguel/IBE-UPF/TFM/Master_projects/PhyloPhere/Data/6.CAAS_traitfiles/Ranked/df8_sp.tab
ACOT12@417	36	1000	0.036	b_632,b_697,b_8,b_666,b_650,b_858,b_369,b_73,b_191,b_148,b_283,b_216,b_39,b_470,b_209,b_671,b_164,b_514,b_528,b_335,b_182,b_625,b_506,b_291,b_180,b_170,b_85,b_933,b_204,b_842,b_654,b_853,b_266,b_487,b_225,b_255	/home/miguel/IBE-UPF/TFM/Master_projects/PhyloPhere/Data/6.CAAS_traitfiles/Ranked/df8_sp.tab
ACOT12@424	0	1000	0.0		/home/miguel/IBE-UPF/TFM/Master_projects/PhyloPhere/Data/6.CAAS_traitfiles/Ranked/df8_sp.tab
ACOT12@426	0	1000	0.0		/home/miguel/IBE-UPF/TFM/Master_projects/PhyloPhere/Data/6.CAAS_traitfiles/Ranked/df8_sp.tab
ACOT12@430	0	1000	0.0		/home/miguel/IBE-UPF/TFM/Master_projects/PhyloPhere/Data/6.CAAS_traitfiles/Ranked/df8_sp.tab
ACOT12@431	36	1000	0.036	b_632,b_697,b_8,b_666,b_650,b_858,b_369,b_73,b_191,b_148,b_283,b_216,b_39,b_470,b_209,b_671,b_164,b_514,b_528,b_335,b_182,b_625,b_506,b_291,b_180,b_170,b_85,b_933,b_204,b_842,b_654,b_853,b_266,b_487,b_225,b_255	/home/miguel/IBE-UPF/TFM/Master_projects/PhyloPhere/Data/6.CAAS_traitfiles/Ranked/df8_sp.tab
ACOT12@432	27	1000	0.027	b_658,b_789,b_63,b_320,b_583,b_606,b_728,b_832,b_432,b_99,b_89,b_704,b_60,b_282,b_694,b_774,b_995,b_652,b_954,b_841,b_167,b_309,b_557,b_423,b_473,b_546,b_988	/home/miguel/IBE-UPF/TFM/Master_projects/PhyloPhere/Data/6.CAAS_traitfiles/Ranked/df8_sp.tab
ACOT12@433	61	1000	0.061	b_658,b_86,b_817,b_334,b_63,b_426,b_320,b_763,b_583,b_723,b_606,b_308,b_200,b_715,b_931,b_907,b_191,b_77,b_813,b_728,b_398,b_258,b_371,b_432,b_649,b_177,b_99,b_89,b_704,b_60,b_282,b_814,b_484,b_458,b_119,b_774,b_349,b_683,b_625,b_882,b_800,b_558,b_416,b_652,b_215,b_866,b_428,b_734,b_841,b_183,b_136,b_319,b_423,b_473,b_374,b_910,b_548,b_546,b_988,b_254,b_194	/home/miguel/IBE-UPF/TFM/Master_projects/PhyloPhere/Data/6.CAAS_traitfiles/Ranked/df8_sp.tab
ACOT12@436	0	1000	0.0		/home/miguel/IBE-UPF/TFM/Master_projects/PhyloPhere/Data/6.CAAS_traitfiles/Ranked/df8_sp.tab
ACOT12@437	0	1000	0.0		/home/miguel/IBE-UPF/TFM/Master_projects/PhyloPhere/Data/6.CAAS_traitfiles/Ranked/df8_sp.tab
ACOT12@438	3	1000	0.003	b_236,b_282,b_546	/home/miguel/IBE-UPF/TFM/Master_projects/PhyloPhere/Data/6.CAAS_traitfiles/Ranked/df8_sp.tab
ACOT12@439	61	1000	0.061	b_658,b_86,b_817,b_334,b_63,b_426,b_320,b_763,b_583,b_723,b_606,b_308,b_200,b_715,b_931,b_907,b_191,b_77,b_813,b_728,b_398,b_258,b_371,b_432,b_649,b_177,b_99,b_89,b_704,b_60,b_282,b_814,b_484,b_458,b_119,b_774,b_349,b_683,b_625,b_882,b_800,b_558,b_416,b_652,b_215,b_866,b_428,b_734,b_841,b_183,b_136,b_319,b_423,b_473,b_374,b_910,b_548,b_546,b_988,b_254,b_194	/home/miguel/IBE-UPF/TFM/Master_projects/PhyloPhere/Data/6.CAAS_traitfiles/Ranked/df8_sp.tab
ACOT12@441	36	1000	0.036	b_632,b_697,b_8,b_666,b_650,b_858,b_369,b_73,b_191,b_148,b_283,b_216,b_39,b_470,b_209,b_671,b_164,b_514,b_528,b_335,b_182,b_625,b_506,b_291,b_180,b_170,b_85,b_933,b_204,b_842,b_654,b_853,b_266,b_487,b_225,b_255	/home/miguel/IBE-UPF/TFM/Master_projects/PhyloPhere/Data/6.CAAS_traitfiles/Ranked/df8_sp.tab
ACOT12@447	85	1000	0.085	b_780,b_848,b_742,b_396,b_955,b_817,b_334,b_63,b_943,b_939,b_499,b_176,b_583,b_706,b_308,b_577,b_61,b_907,b_669,b_77,b_425,b_813,b_538,b_398,b_524,b_462,b_646,b_633,b_488,b_590,b_651,b_609,b_432,b_391,b_685,b_865,b_99,b_814,b_692,b_250,b_744,b_358,b_76,b_382,b_392,b_456,b_873,b_172,b_185,b_903,b_416,b_845,b_509,b_447,b_997,b_289,b_188,b_297,b_102,b_825,b_78,b_136,b_451,b_654,b_435,b_65,b_853,b_142,b_473,b_316,b_374,b_822,b_171,b_831,b_629,b_492,b_257,b_454,b_667,b_225,b_42,b_526,b_232,b_532,b_134	/home/miguel/IBE-UPF/TFM/Master_projects/PhyloPhere/Data/6.CAAS_traitfiles/Ranked/df8_sp.tab
ACOT12@451	27	1000	0.027	b_658,b_789,b_63,b_320,b_583,b_606,b_728,b_832,b_432,b_99,b_89,b_704,b_60,b_282,b_694,b_774,b_995,b_652,b_954,b_841,b_167,b_309,b_557,b_423,b_473,b_546,b_988	/home/miguel/IBE-UPF/TFM/Master_projects/PhyloPhere/Data/6.CAAS_traitfiles/Ranked/df8_sp.tab
ACOT12@457	0	1000	0.0		/home/miguel/IBE-UPF/TFM/Master_projects/PhyloPhere/Data/6.CAAS_traitfiles/Ranked/df8_sp.tab
ACOT12@458	0	1000	0.0		/home/miguel/IBE-UPF/TFM/Master_projects/PhyloPhere/Data/6.CAAS_traitfiles/Ranked/df8_sp.tab
ACOT12@460	0	1000	0.0		/home/miguel/IBE-UPF/TFM/Master_projects/PhyloPhere/Data/6.CAAS_traitfiles/Ranked/df8_sp.tab
ACOT12@461	0	1000	0.0		/home/miguel/IBE-UPF/TFM/Master_projects/PhyloPhere/Data/6.CAAS_traitfiles/Ranked/df8_sp.tab
ACOT12@462	0	1000	0.0		/home/miguel/IBE-UPF/TFM/Master_projects/PhyloPhere/Data/6.CAAS_traitfiles/Ranked/df8_sp.tab
ACOT12@463	0	1000	0.0		/home/miguel/IBE-UPF/TFM/Master_projects/PhyloPhere/Data/6.CAAS_traitfiles/Ranked/df8_sp.tab
ACOT12@464	0	1000	0.0		/home/miguel/IBE-UPF/TFM/Master_projects/PhyloPhere/Data/6.CAAS_traitfiles/Ranked/df8_sp.tab
ACOT12@467	0	1000	0.0		/home/miguel/IBE-UPF/TFM/Master_projects/PhyloPhere/Data/6.CAAS_traitfiles/Ranked/df8_sp.tab
ACOT12@468	0	1000	0.0		/home/miguel/IBE-UPF/TFM/Master_projects/PhyloPhere/Data/6.CAAS_traitfiles/Ranked/df8_sp.tab
ACOT12@471	56	1000	0.056	b_780,b_848,b_742,b_396,b_63,b_939,b_176,b_583,b_706,b_308,b_577,b_61,b_669,b_77,b_813,b_538,b_462,b_488,b_651,b_685,b_865,b_692,b_744,b_76,b_382,b_873,b_172,b_185,b_845,b_509,b_447,b_997,b_289,b_297,b_102,b_825,b_78,b_136,b_451,b_654,b_65,b_853,b_142,b_473,b_316,b_822,b_831,b_629,b_492,b_257,b_667,b_225,b_42,b_526,b_232,b_134	/home/miguel/IBE-UPF/TFM/Master_projects/PhyloPhere/Data/6.CAAS_traitfiles/Ranked/df8_sp.tab
ACOT12@475	0	1000	0.0		/home/miguel/IBE-UPF/TFM/Master_projects/PhyloPhere/Data/6.CAAS_traitfiles/Ranked/df8_sp.tab
ACOT12@482	0	1000	0.0		/home/miguel/IBE-UPF/TFM/Master_projects/PhyloPhere/Data/6.CAAS_traitfiles/Ranked/df8_sp.tab
ACOT12@487	0	1000	0.0		/home/miguel/IBE-UPF/TFM/Master_projects/PhyloPhere/Data/6.CAAS_traitfiles/Ranked/df8_sp.tab
ACOT12@495	0	1000	0.0		/home/miguel/IBE-UPF/TFM/Master_projects/PhyloPhere/Data/6.CAAS_traitfiles/Ranked/df8_sp.tab
ACOT12@496	0	1000	0.0		/home/miguel/IBE-UPF/TFM/Master_projects/PhyloPhere/Data/6.CAAS_traitfiles/Ranked/df8_sp.tab
ACOT12@499	7	1000	0.007	b_742,b_333,b_731,b_471,b_439,b_128,b_186	/home/miguel/IBE-UPF/TFM/Master_projects/PhyloPhere/Data/6.CAAS_traitfiles/Ranked/df8_sp.tab
ACOT12@502	36	1000	0.036	b_632,b_697,b_8,b_666,b_650,b_858,b_369,b_73,b_191,b_148,b_283,b_216,b_39,b_470,b_209,b_671,b_164,b_514,b_528,b_335,b_182,b_625,b_506,b_291,b_180,b_170,b_85,b_933,b_204,b_842,b_654,b_853,b_266,b_487,b_225,b_255	/home/miguel/IBE-UPF/TFM/Master_projects/PhyloPhere/Data/6.CAAS_traitfiles/Ranked/df8_sp.tab
ACOT12@504	0	1000	0.0		/home/miguel/IBE-UPF/TFM/Master_projects/PhyloPhere/Data/6.CAAS_traitfiles/Ranked/df8_sp.tab
ACOT12@508	0	1000	0.0		/home/miguel/IBE-UPF/TFM/Master_projects/PhyloPhere/Data/6.CAAS_traitfiles/Ranked/df8_sp.tab
ACOT12@509	31	1000	0.031	b_994,b_63,b_936,b_583,b_290,b_308,b_122,b_907,b_669,b_77,b_813,b_832,b_537,b_89,b_282,b_960,b_800,b_866,b_525,b_515,b_403,b_136,b_309,b_557,b_473,b_374,b_548,b_546,b_49,b_372,b_194	/home/miguel/IBE-UPF/TFM/Master_projects/PhyloPhere/Data/6.CAAS_traitfiles/Ranked/df8_sp.tab
ACOT12@512	0	1000	0.0		/home/miguel/IBE-UPF/TFM/Master_projects/PhyloPhere/Data/6.CAAS_traitfiles/Ranked/df8_sp.tab
ACOT12@521	0	1000	0.0		/home/miguel/IBE-UPF/TFM/Master_projects/PhyloPhere/Data/6.CAAS_traitfiles/Ranked/df8_sp.tab
ACOT12@536	0	1000	0.0		/home/miguel/IBE-UPF/TFM/Master_projects/PhyloPhere/Data/6.CAAS_traitfiles/Ranked/df8_sp.tab
ACOT12@537	56	1000	0.056	b_780,b_848,b_742,b_396,b_63,b_939,b_176,b_583,b_706,b_308,b_577,b_61,b_669,b_77,b_813,b_538,b_462,b_488,b_651,b_685,b_865,b_692,b_744,b_76,b_382,b_873,b_172,b_185,b_845,b_509,b_447,b_997,b_289,b_297,b_102,b_825,b_78,b_136,b_451,b_654,b_65,b_853,b_142,b_473,b_316,b_822,b_831,b_629,b_492,b_257,b_667,b_225,b_42,b_526,b_232,b_134	/home/miguel/IBE-UPF/TFM/Master_projects/PhyloPhere/Data/6.CAAS_traitfiles/Ranked/df8_sp.tab
ACOT12@538	0	1000	0.0		/home/miguel/IBE-UPF/TFM/Master_projects/PhyloPhere/Data/6.CAAS_traitfiles/Ranked/df8_sp.tab
ACOT12@539	36	1000	0.036	b_632,b_697,b_8,b_666,b_650,b_858,b_369,b_73,b_191,b_148,b_283,b_216,b_39,b_470,b_209,b_671,b_164,b_514,b_528,b_335,b_182,b_625,b_506,b_291,b_180,b_170,b_85,b_933,b_204,b_842,b_654,b_853,b_266,b_487,b_225,b_255	/home/miguel/IBE-UPF/TFM/Master_projects/PhyloPhere/Data/6.CAAS_traitfiles/Ranked/df8_sp.tab
ACOT12@542	30	1000	0.03	b_632,b_697,b_414,b_320,b_369,b_191,b_482,b_283,b_39,b_164,b_514,b_528,b_335,b_182,b_625,b_291,b_569,b_170,b_85,b_933,b_561,b_823,b_842,b_897,b_853,b_266,b_487,b_225,b_255,b_760	/home/miguel/IBE-UPF/TFM/Master_projects/PhyloPhere/Data/6.CAAS_traitfiles/Ranked/df8_sp.tab
ACOT12@543	36	1000	0.036	b_632,b_697,b_8,b_666,b_650,b_858,b_369,b_73,b_191,b_148,b_283,b_216,b_39,b_470,b_209,b_671,b_164,b_514,b_528,b_335,b_182,b_625,b_506,b_291,b_180,b_170,b_85,b_933,b_204,b_842,b_654,b_853,b_266,b_487,b_225,b_255	/home/miguel/IBE-UPF/TFM/Master_projects/PhyloPhere/Data/6.CAAS_traitfiles/Ranked/df8_sp.tab
ACOT12@544	0	1000	0.0		/home/miguel/IBE-UPF/TFM/Master_projects/PhyloPhere/Data/6.CAAS_traitfiles/Ranked/df8_sp.tab
ACOT12@545	0	1000	0.0		/home/miguel/IBE-UPF/TFM/Master_projects/PhyloPhere/Data/6.CAAS_traitfiles/Ranked/df8_sp.tab
ACOT12@546	0	1000	0.0		/home/miguel/IBE-UPF/TFM/Master_projects/PhyloPhere/Data/6.CAAS_traitfiles/Ranked/df8_sp.tab
ACOT12@547	0	1000	0.0		/home/miguel/IBE-UPF/TFM/Master_projects/PhyloPhere/Data/6.CAAS_traitfiles/Ranked/df8_sp.tab
ACOT12@548	0	1000	0.0		/home/miguel/IBE-UPF/TFM/Master_projects/PhyloPhere/Data/6.CAAS_traitfiles/Ranked/df8_sp.tab
