ACSS2@6	0	1000	0.0		/home/miguel/IBE-UPF/TFM/Master_projects/PhyloPhere/Data/6.CAAS_traitfiles/Ranked/df8_sp.tab
ACSS2@7	0	1000	0.0		/home/miguel/IBE-UPF/TFM/Master_projects/PhyloPhere/Data/6.CAAS_traitfiles/Ranked/df8_sp.tab
ACSS2@9	0	1000	0.0		/home/miguel/IBE-UPF/TFM/Master_projects/PhyloPhere/Data/6.CAAS_traitfiles/Ranked/df8_sp.tab
ACSS2@10	0	1000	0.0		/home/miguel/IBE-UPF/TFM/Master_projects/PhyloPhere/Data/6.CAAS_traitfiles/Ranked/df8_sp.tab
ACSS2@12	0	1000	0.0		/home/miguel/IBE-UPF/TFM/Master_projects/PhyloPhere/Data/6.CAAS_traitfiles/Ranked/df8_sp.tab
ACSS2@15	0	1000	0.0		/home/miguel/IBE-UPF/TFM/Master_projects/PhyloPhere/Data/6.CAAS_traitfiles/Ranked/df8_sp.tab
ACSS2@24	0	1000	0.0		/home/miguel/IBE-UPF/TFM/Master_projects/PhyloPhere/Data/6.CAAS_traitfiles/Ranked/df8_sp.tab
ACSS2@26	0	1000	0.0		/home/miguel/IBE-UPF/TFM/Master_projects/PhyloPhere/Data/6.CAAS_traitfiles/Ranked/df8_sp.tab
ACSS2@29	0	1000	0.0		/home/miguel/IBE-UPF/TFM/Master_projects/PhyloPhere/Data/6.CAAS_traitfiles/Ranked/df8_sp.tab
ACSS2@73	0	1000	0.0		/home/miguel/IBE-UPF/TFM/Master_projects/PhyloPhere/Data/6.CAAS_traitfiles/Ranked/df8_sp.tab
ACSS2@75	0	1000	0.0		/home/miguel/IBE-UPF/TFM/Master_projects/PhyloPhere/Data/6.CAAS_traitfiles/Ranked/df8_sp.tab
ACSS2@80	23	1000	0.023	b_311,b_291,b_369,b_335,b_625,b_38,b_858,b_18,b_331,b_216,b_799,b_755,b_191,b_164,b_697,b_933,b_841,b_528,b_671,b_283,b_8,b_546,b_230	/home/miguel/IBE-UPF/TFM/Master_projects/PhyloPhere/Data/6.CAAS_traitfiles/Ranked/df8_sp.tab
ACSS2@92	0	1000	0.0		/home/miguel/IBE-UPF/TFM/Master_projects/PhyloPhere/Data/6.CAAS_traitfiles/Ranked/df8_sp.tab
ACSS2@99	118	1000	0.118	b_232,b_538,b_831,b_995,b_704,b_692,b_805,b_651,b_6,b_650,b_291,b_873,b_666,b_658,b_180,b_209,b_632,b_63,b_853,b_162,b_694,b_438,b_185,b_822,b_61,b_172,b_832,b_316,b_654,b_320,b_225,b_848,b_514,b_66,b_780,b_685,b_669,b_175,b_136,b_728,b_774,b_492,b_447,b_451,b_825,b_473,b_629,b_602,b_102,b_167,b_725,b_176,b_99,b_170,b_600,b_577,b_509,b_148,b_40,b_529,b_308,b_834,b_988,b_606,b_60,b_76,b_583,b_855,b_770,b_89,b_789,b_142,b_246,b_667,b_557,b_289,b_396,b_432,b_134,b_309,b_954,b_841,b_744,b_845,b_865,b_488,b_217,b_144,b_282,b_556,b_255,b_77,b_380,b_382,b_277,b_138,b_257,b_652,b_905,b_706,b_297,b_65,b_997,b_847,b_53,b_526,b_423,b_42,b_28,b_939,b_8,b_546,b_813,b_742,b_344,b_792,b_462,b_78	/home/miguel/IBE-UPF/TFM/Master_projects/PhyloPhere/Data/6.CAAS_traitfiles/Ranked/df8_sp.tab
ACSS2@102	0	1000	0.0		/home/miguel/IBE-UPF/TFM/Master_projects/PhyloPhere/Data/6.CAAS_traitfiles/Ranked/df8_sp.tab
ACSS2@112	0	1000	0.0		/home/miguel/IBE-UPF/TFM/Master_projects/PhyloPhere/Data/6.CAAS_traitfiles/Ranked/df8_sp.tab
ACSS2@116	0	1000	0.0		/home/miguel/IBE-UPF/TFM/Master_projects/PhyloPhere/Data/6.CAAS_traitfiles/Ranked/df8_sp.tab
ACSS2@134	0	1000	0.0		/home/miguel/IBE-UPF/TFM/Master_projects/PhyloPhere/Data/6.CAAS_traitfiles/Ranked/df8_sp.tab
ACSS2@138	0	1000	0.0		/home/miguel/IBE-UPF/TFM/Master_projects/PhyloPhere/Data/6.CAAS_traitfiles/Ranked/df8_sp.tab
ACSS2@139	0	1000	0.0		/home/miguel/IBE-UPF/TFM/Master_projects/PhyloPhere/Data/6.CAAS_traitfiles/Ranked/df8_sp.tab
ACSS2@142	0	1000	0.0		/home/miguel/IBE-UPF/TFM/Master_projects/PhyloPhere/Data/6.CAAS_traitfiles/Ranked/df8_sp.tab
ACSS2@182	36	1000	0.036	b_39,b_470,b_650,b_291,b_369,b_335,b_666,b_180,b_209,b_632,b_625,b_853,b_85,b_654,b_225,b_858,b_514,b_204,b_216,b_170,b_506,b_148,b_266,b_191,b_164,b_697,b_933,b_842,b_255,b_528,b_671,b_283,b_73,b_487,b_8,b_182	/home/miguel/IBE-UPF/TFM/Master_projects/PhyloPhere/Data/6.CAAS_traitfiles/Ranked/df8_sp.tab
ACSS2@195	36	1000	0.036	b_39,b_470,b_650,b_291,b_369,b_335,b_666,b_180,b_209,b_632,b_625,b_853,b_85,b_654,b_225,b_858,b_514,b_204,b_216,b_170,b_506,b_148,b_266,b_191,b_164,b_697,b_933,b_842,b_255,b_528,b_671,b_283,b_73,b_487,b_8,b_182	/home/miguel/IBE-UPF/TFM/Master_projects/PhyloPhere/Data/6.CAAS_traitfiles/Ranked/df8_sp.tab
ACSS2@206	36	1000	0.036	b_39,b_470,b_650,b_291,b_369,b_335,b_666,b_180,b_209,b_632,b_625,b_853,b_85,b_654,b_225,b_858,b_514,b_204,b_216,b_170,b_506,b_148,b_266,b_191,b_164,b_697,b_933,b_842,b_255,b_528,b_671,b_283,b_73,b_487,b_8,b_182	/home/miguel/IBE-UPF/TFM/Master_projects/PhyloPhere/Data/6.CAAS_traitfiles/Ranked/df8_sp.tab
ACSS2@217	0	1000	0.0		/home/miguel/IBE-UPF/TFM/Master_projects/PhyloPhere/Data/6.CAAS_traitfiles/Ranked/df8_sp.tab
ACSS2@234	36	1000	0.036	b_39,b_470,b_650,b_291,b_369,b_335,b_666,b_180,b_209,b_632,b_625,b_853,b_85,b_654,b_225,b_858,b_514,b_204,b_216,b_170,b_506,b_148,b_266,b_191,b_164,b_697,b_933,b_842,b_255,b_528,b_671,b_283,b_73,b_487,b_8,b_182	/home/miguel/IBE-UPF/TFM/Master_projects/PhyloPhere/Data/6.CAAS_traitfiles/Ranked/df8_sp.tab
ACSS2@238	0	1000	0.0		/home/miguel/IBE-UPF/TFM/Master_projects/PhyloPhere/Data/6.CAAS_traitfiles/Ranked/df8_sp.tab
ACSS2@240	0	1000	0.0		/home/miguel/IBE-UPF/TFM/Master_projects/PhyloPhere/Data/6.CAAS_traitfiles/Ranked/df8_sp.tab
ACSS2@242	0	1000	0.0		/home/miguel/IBE-UPF/TFM/Master_projects/PhyloPhere/Data/6.CAAS_traitfiles/Ranked/df8_sp.tab
ACSS2@255	0	1000	0.0		/home/miguel/IBE-UPF/TFM/Master_projects/PhyloPhere/Data/6.CAAS_traitfiles/Ranked/df8_sp.tab
ACSS2@258	0	1000	0.0		/home/miguel/IBE-UPF/TFM/Master_projects/PhyloPhere/Data/6.CAAS_traitfiles/Ranked/df8_sp.tab
ACSS2@259	3	1000	0.003	b_669,b_136,b_77	/home/miguel/IBE-UPF/TFM/Master_projects/PhyloPhere/Data/6.CAAS_traitfiles/Ranked/df8_sp.tab
ACSS2@263	10	1000	0.01	b_63,b_669,b_136,b_289,b_134,b_744,b_845,b_77,b_257,b_997	/home/miguel/IBE-UPF/TFM/Master_projects/PhyloPhere/Data/6.CAAS_traitfiles/Ranked/df8_sp.tab
ACSS2@269	0	1000	0.0		/home/miguel/IBE-UPF/TFM/Master_projects/PhyloPhere/Data/6.CAAS_traitfiles/Ranked/df8_sp.tab
ACSS2@272	61	1000	0.061	b_194,b_200,b_428,b_177,b_882,b_704,b_817,b_398,b_658,b_374,b_625,b_63,b_334,b_86,b_320,b_458,b_723,b_319,b_136,b_728,b_774,b_473,b_371,b_763,b_119,b_866,b_258,b_99,b_558,b_800,b_308,b_349,b_988,b_931,b_606,b_60,b_191,b_583,b_484,b_89,b_183,b_416,b_734,b_814,b_432,b_683,b_841,b_910,b_548,b_282,b_254,b_77,b_649,b_215,b_652,b_423,b_426,b_546,b_813,b_907,b_715	/home/miguel/IBE-UPF/TFM/Master_projects/PhyloPhere/Data/6.CAAS_traitfiles/Ranked/df8_sp.tab
ACSS2@275	56	1000	0.056	b_232,b_538,b_831,b_692,b_651,b_873,b_63,b_853,b_185,b_822,b_61,b_172,b_316,b_654,b_225,b_848,b_780,b_685,b_669,b_136,b_492,b_447,b_451,b_825,b_473,b_629,b_102,b_176,b_577,b_509,b_308,b_583,b_76,b_142,b_667,b_289,b_396,b_134,b_744,b_845,b_865,b_488,b_77,b_382,b_257,b_706,b_297,b_65,b_997,b_526,b_42,b_939,b_813,b_742,b_462,b_78	/home/miguel/IBE-UPF/TFM/Master_projects/PhyloPhere/Data/6.CAAS_traitfiles/Ranked/df8_sp.tab
ACSS2@276	0	1000	0.0		/home/miguel/IBE-UPF/TFM/Master_projects/PhyloPhere/Data/6.CAAS_traitfiles/Ranked/df8_sp.tab
ACSS2@279	36	1000	0.036	b_39,b_470,b_650,b_291,b_369,b_335,b_666,b_180,b_209,b_632,b_625,b_853,b_85,b_654,b_225,b_858,b_514,b_204,b_216,b_170,b_506,b_148,b_266,b_191,b_164,b_697,b_933,b_842,b_255,b_528,b_671,b_283,b_73,b_487,b_8,b_182	/home/miguel/IBE-UPF/TFM/Master_projects/PhyloPhere/Data/6.CAAS_traitfiles/Ranked/df8_sp.tab
ACSS2@284	36	1000	0.036	b_39,b_470,b_650,b_291,b_369,b_335,b_666,b_180,b_209,b_632,b_625,b_853,b_85,b_654,b_225,b_858,b_514,b_204,b_216,b_170,b_506,b_148,b_266,b_191,b_164,b_697,b_933,b_842,b_255,b_528,b_671,b_283,b_73,b_487,b_8,b_182	/home/miguel/IBE-UPF/TFM/Master_projects/PhyloPhere/Data/6.CAAS_traitfiles/Ranked/df8_sp.tab
ACSS2@292	0	1000	0.0		/home/miguel/IBE-UPF/TFM/Master_projects/PhyloPhere/Data/6.CAAS_traitfiles/Ranked/df8_sp.tab
ACSS2@330	0	1000	0.0		/home/miguel/IBE-UPF/TFM/Master_projects/PhyloPhere/Data/6.CAAS_traitfiles/Ranked/df8_sp.tab
ACSS2@349	0	1000	0.0		/home/miguel/IBE-UPF/TFM/Master_projects/PhyloPhere/Data/6.CAAS_traitfiles/Ranked/df8_sp.tab
ACSS2@350	64	1000	0.064	b_232,b_538,b_831,b_692,b_651,b_873,b_63,b_853,b_240,b_185,b_822,b_950,b_61,b_172,b_316,b_654,b_225,b_848,b_780,b_685,b_669,b_136,b_302,b_492,b_447,b_451,b_825,b_473,b_629,b_96,b_364,b_102,b_176,b_936,b_577,b_509,b_308,b_583,b_76,b_681,b_142,b_667,b_289,b_396,b_134,b_744,b_845,b_865,b_247,b_488,b_77,b_382,b_257,b_706,b_297,b_65,b_997,b_526,b_42,b_939,b_813,b_742,b_462,b_78	/home/miguel/IBE-UPF/TFM/Master_projects/PhyloPhere/Data/6.CAAS_traitfiles/Ranked/df8_sp.tab
ACSS2@374	0	1000	0.0		/home/miguel/IBE-UPF/TFM/Master_projects/PhyloPhere/Data/6.CAAS_traitfiles/Ranked/df8_sp.tab
ACSS2@391	0	1000	0.0		/home/miguel/IBE-UPF/TFM/Master_projects/PhyloPhere/Data/6.CAAS_traitfiles/Ranked/df8_sp.tab
ACSS2@392	65	1000	0.065	b_903,b_194,b_200,b_428,b_177,b_882,b_704,b_817,b_398,b_658,b_374,b_625,b_63,b_334,b_86,b_320,b_458,b_723,b_319,b_250,b_136,b_728,b_774,b_473,b_371,b_763,b_119,b_866,b_258,b_99,b_558,b_800,b_308,b_349,b_988,b_931,b_606,b_60,b_191,b_583,b_484,b_89,b_183,b_416,b_734,b_814,b_432,b_456,b_683,b_841,b_910,b_548,b_282,b_254,b_77,b_649,b_392,b_215,b_652,b_423,b_426,b_546,b_813,b_907,b_715	/home/miguel/IBE-UPF/TFM/Master_projects/PhyloPhere/Data/6.CAAS_traitfiles/Ranked/df8_sp.tab
ACSS2@396	0	1000	0.0		/home/miguel/IBE-UPF/TFM/Master_projects/PhyloPhere/Data/6.CAAS_traitfiles/Ranked/df8_sp.tab
ACSS2@397	0	1000	0.0		/home/miguel/IBE-UPF/TFM/Master_projects/PhyloPhere/Data/6.CAAS_traitfiles/Ranked/df8_sp.tab
ACSS2@419	0	1000	0.0		/home/miguel/IBE-UPF/TFM/Master_projects/PhyloPhere/Data/6.CAAS_traitfiles/Ranked/df8_sp.tab
ACSS2@427	0	1000	0.0		/home/miguel/IBE-UPF/TFM/Master_projects/PhyloPhere/Data/6.CAAS_traitfiles/Ranked/df8_sp.tab
ACSS2@431	0	1000	0.0		/home/miguel/IBE-UPF/TFM/Master_projects/PhyloPhere/Data/6.CAAS_traitfiles/Ranked/df8_sp.tab
ACSS2@433	0	1000	0.0		/home/miguel/IBE-UPF/TFM/Master_projects/PhyloPhere/Data/6.CAAS_traitfiles/Ranked/df8_sp.tab
ACSS2@434	0	1000	0.0		/home/miguel/IBE-UPF/TFM/Master_projects/PhyloPhere/Data/6.CAAS_traitfiles/Ranked/df8_sp.tab
ACSS2@451	0	1000	0.0		/home/miguel/IBE-UPF/TFM/Master_projects/PhyloPhere/Data/6.CAAS_traitfiles/Ranked/df8_sp.tab
ACSS2@452	12	1000	0.012	b_398,b_694,b_320,b_728,b_167,b_988,b_44,b_89,b_133,b_841,b_910,b_254	/home/miguel/IBE-UPF/TFM/Master_projects/PhyloPhere/Data/6.CAAS_traitfiles/Ranked/df8_sp.tab
ACSS2@460	0	1000	0.0		/home/miguel/IBE-UPF/TFM/Master_projects/PhyloPhere/Data/6.CAAS_traitfiles/Ranked/df8_sp.tab
ACSS2@515	0	1000	0.0		/home/miguel/IBE-UPF/TFM/Master_projects/PhyloPhere/Data/6.CAAS_traitfiles/Ranked/df8_sp.tab
ACSS2@539	0	1000	0.0		/home/miguel/IBE-UPF/TFM/Master_projects/PhyloPhere/Data/6.CAAS_traitfiles/Ranked/df8_sp.tab
ACSS2@622	56	1000	0.056	b_232,b_538,b_831,b_692,b_651,b_873,b_63,b_853,b_185,b_822,b_61,b_172,b_316,b_654,b_225,b_848,b_780,b_685,b_669,b_136,b_492,b_447,b_451,b_825,b_473,b_629,b_102,b_176,b_577,b_509,b_308,b_583,b_76,b_142,b_667,b_289,b_396,b_134,b_744,b_845,b_865,b_488,b_77,b_382,b_257,b_706,b_297,b_65,b_997,b_526,b_42,b_939,b_813,b_742,b_462,b_78	/home/miguel/IBE-UPF/TFM/Master_projects/PhyloPhere/Data/6.CAAS_traitfiles/Ranked/df8_sp.tab
ACSS2@625	0	1000	0.0		/home/miguel/IBE-UPF/TFM/Master_projects/PhyloPhere/Data/6.CAAS_traitfiles/Ranked/df8_sp.tab
ACSS2@626	36	1000	0.036	b_39,b_470,b_650,b_291,b_369,b_335,b_666,b_180,b_209,b_632,b_625,b_853,b_85,b_654,b_225,b_858,b_514,b_204,b_216,b_170,b_506,b_148,b_266,b_191,b_164,b_697,b_933,b_842,b_255,b_528,b_671,b_283,b_73,b_487,b_8,b_182	/home/miguel/IBE-UPF/TFM/Master_projects/PhyloPhere/Data/6.CAAS_traitfiles/Ranked/df8_sp.tab
ACSS2@672	0	1000	0.0		/home/miguel/IBE-UPF/TFM/Master_projects/PhyloPhere/Data/6.CAAS_traitfiles/Ranked/df8_sp.tab
ACSS2@675	0	1000	0.0		/home/miguel/IBE-UPF/TFM/Master_projects/PhyloPhere/Data/6.CAAS_traitfiles/Ranked/df8_sp.tab
ACSS2@680	0	1000	0.0		/home/miguel/IBE-UPF/TFM/Master_projects/PhyloPhere/Data/6.CAAS_traitfiles/Ranked/df8_sp.tab
ACSS2@684	0	1000	0.0		/home/miguel/IBE-UPF/TFM/Master_projects/PhyloPhere/Data/6.CAAS_traitfiles/Ranked/df8_sp.tab
ACSS2@690	0	1000	0.0		/home/miguel/IBE-UPF/TFM/Master_projects/PhyloPhere/Data/6.CAAS_traitfiles/Ranked/df8_sp.tab
ACSS2@700	36	1000	0.036	b_39,b_470,b_650,b_291,b_369,b_335,b_666,b_180,b_209,b_632,b_625,b_853,b_85,b_654,b_225,b_858,b_514,b_204,b_216,b_170,b_506,b_148,b_266,b_191,b_164,b_697,b_933,b_842,b_255,b_528,b_671,b_283,b_73,b_487,b_8,b_182	/home/miguel/IBE-UPF/TFM/Master_projects/PhyloPhere/Data/6.CAAS_traitfiles/Ranked/df8_sp.tab
