ACTR5@2	0	1000	0.0		/home/miguel/IBE-UPF/TFM/Master_projects/PhyloPhere/Data/6.CAAS_traitfiles/Ranked/df8_sp.tab
ACTR5@6	0	1000	0.0		/home/miguel/IBE-UPF/TFM/Master_projects/PhyloPhere/Data/6.CAAS_traitfiles/Ranked/df8_sp.tab
ACTR5@10	0	1000	0.0		/home/miguel/IBE-UPF/TFM/Master_projects/PhyloPhere/Data/6.CAAS_traitfiles/Ranked/df8_sp.tab
ACTR5@12	0	1000	0.0		/home/miguel/IBE-UPF/TFM/Master_projects/PhyloPhere/Data/6.CAAS_traitfiles/Ranked/df8_sp.tab
ACTR5@25	10	1000	0.01	b_63,b_744,b_289,b_77,b_997,b_845,b_134,b_136,b_257,b_669	/home/miguel/IBE-UPF/TFM/Master_projects/PhyloPhere/Data/6.CAAS_traitfiles/Ranked/df8_sp.tab
ACTR5@27	29	1000	0.029	b_167,b_423,b_309,b_473,b_63,b_505,b_728,b_99,b_841,b_60,b_988,b_432,b_694,b_583,b_89,b_789,b_954,b_175,b_774,b_658,b_320,b_832,b_704,b_606,b_546,b_652,b_282,b_557,b_995	/home/miguel/IBE-UPF/TFM/Master_projects/PhyloPhere/Data/6.CAAS_traitfiles/Ranked/df8_sp.tab
ACTR5@41	0	1000	0.0		/home/miguel/IBE-UPF/TFM/Master_projects/PhyloPhere/Data/6.CAAS_traitfiles/Ranked/df8_sp.tab
ACTR5@46	0	1000	0.0		/home/miguel/IBE-UPF/TFM/Master_projects/PhyloPhere/Data/6.CAAS_traitfiles/Ranked/df8_sp.tab
ACTR5@50	36	1000	0.036	b_470,b_8,b_506,b_666,b_204,b_858,b_335,b_369,b_487,b_148,b_191,b_39,b_182,b_255,b_654,b_625,b_225,b_514,b_697,b_73,b_283,b_180,b_216,b_853,b_85,b_266,b_650,b_528,b_842,b_209,b_170,b_632,b_671,b_933,b_164,b_291	/home/miguel/IBE-UPF/TFM/Master_projects/PhyloPhere/Data/6.CAAS_traitfiles/Ranked/df8_sp.tab
ACTR5@74	0	1000	0.0		/home/miguel/IBE-UPF/TFM/Master_projects/PhyloPhere/Data/6.CAAS_traitfiles/Ranked/df8_sp.tab
ACTR5@75	9	1000	0.009	b_858,b_428,b_18,b_216,b_799,b_754,b_34,b_94,b_183	/home/miguel/IBE-UPF/TFM/Master_projects/PhyloPhere/Data/6.CAAS_traitfiles/Ranked/df8_sp.tab
ACTR5@131	0	1000	0.0		/home/miguel/IBE-UPF/TFM/Master_projects/PhyloPhere/Data/6.CAAS_traitfiles/Ranked/df8_sp.tab
ACTR5@156	56	1000	0.056	b_451,b_667,b_873,b_382,b_172,b_685,b_473,b_78,b_63,b_629,b_488,b_526,b_102,b_42,b_577,b_744,b_289,b_61,b_692,b_77,b_509,b_848,b_654,b_997,b_232,b_225,b_142,b_185,b_845,b_583,b_76,b_742,b_297,b_134,b_538,b_853,b_865,b_780,b_462,b_939,b_831,b_316,b_447,b_136,b_651,b_822,b_396,b_65,b_308,b_706,b_257,b_176,b_492,b_669,b_813,b_825	/home/miguel/IBE-UPF/TFM/Master_projects/PhyloPhere/Data/6.CAAS_traitfiles/Ranked/df8_sp.tab
ACTR5@176	25	1000	0.025	b_667,b_721,b_79,b_63,b_629,b_488,b_744,b_289,b_61,b_77,b_997,b_142,b_185,b_845,b_583,b_297,b_134,b_538,b_462,b_939,b_136,b_396,b_257,b_669,b_825	/home/miguel/IBE-UPF/TFM/Master_projects/PhyloPhere/Data/6.CAAS_traitfiles/Ranked/df8_sp.tab
ACTR5@177	0	1000	0.0		/home/miguel/IBE-UPF/TFM/Master_projects/PhyloPhere/Data/6.CAAS_traitfiles/Ranked/df8_sp.tab
ACTR5@178	0	1000	0.0		/home/miguel/IBE-UPF/TFM/Master_projects/PhyloPhere/Data/6.CAAS_traitfiles/Ranked/df8_sp.tab
ACTR5@179	0	1000	0.0		/home/miguel/IBE-UPF/TFM/Master_projects/PhyloPhere/Data/6.CAAS_traitfiles/Ranked/df8_sp.tab
ACTR5@180	36	1000	0.036	b_470,b_8,b_506,b_666,b_204,b_858,b_335,b_369,b_487,b_148,b_191,b_39,b_182,b_255,b_654,b_625,b_225,b_514,b_697,b_73,b_283,b_180,b_216,b_853,b_85,b_266,b_650,b_528,b_842,b_209,b_170,b_632,b_671,b_933,b_164,b_291	/home/miguel/IBE-UPF/TFM/Master_projects/PhyloPhere/Data/6.CAAS_traitfiles/Ranked/df8_sp.tab
ACTR5@185	0	1000	0.0		/home/miguel/IBE-UPF/TFM/Master_projects/PhyloPhere/Data/6.CAAS_traitfiles/Ranked/df8_sp.tab
ACTR5@194	61	1000	0.061	b_907,b_423,b_473,b_258,b_723,b_63,b_191,b_334,b_548,b_728,b_254,b_428,b_99,b_800,b_763,b_194,b_86,b_77,b_841,b_882,b_60,b_177,b_625,b_988,b_432,b_910,b_374,b_715,b_583,b_866,b_215,b_484,b_683,b_426,b_89,b_931,b_814,b_734,b_649,b_774,b_119,b_349,b_458,b_319,b_658,b_136,b_371,b_558,b_320,b_398,b_200,b_704,b_606,b_308,b_416,b_183,b_546,b_652,b_282,b_817,b_813	/home/miguel/IBE-UPF/TFM/Master_projects/PhyloPhere/Data/6.CAAS_traitfiles/Ranked/df8_sp.tab
ACTR5@199	0	1000	0.0		/home/miguel/IBE-UPF/TFM/Master_projects/PhyloPhere/Data/6.CAAS_traitfiles/Ranked/df8_sp.tab
ACTR5@205	0	1000	0.0		/home/miguel/IBE-UPF/TFM/Master_projects/PhyloPhere/Data/6.CAAS_traitfiles/Ranked/df8_sp.tab
ACTR5@217	56	1000	0.056	b_451,b_667,b_873,b_382,b_172,b_685,b_473,b_78,b_63,b_629,b_488,b_526,b_102,b_42,b_577,b_744,b_289,b_61,b_692,b_77,b_509,b_848,b_654,b_997,b_232,b_225,b_142,b_185,b_845,b_583,b_76,b_742,b_297,b_134,b_538,b_853,b_865,b_780,b_462,b_939,b_831,b_316,b_447,b_136,b_651,b_822,b_396,b_65,b_308,b_706,b_257,b_176,b_492,b_669,b_813,b_825	/home/miguel/IBE-UPF/TFM/Master_projects/PhyloPhere/Data/6.CAAS_traitfiles/Ranked/df8_sp.tab
ACTR5@256	0	1000	0.0		/home/miguel/IBE-UPF/TFM/Master_projects/PhyloPhere/Data/6.CAAS_traitfiles/Ranked/df8_sp.tab
ACTR5@260	36	1000	0.036	b_470,b_8,b_506,b_666,b_204,b_858,b_335,b_369,b_487,b_148,b_191,b_39,b_182,b_255,b_654,b_625,b_225,b_514,b_697,b_73,b_283,b_180,b_216,b_853,b_85,b_266,b_650,b_528,b_842,b_209,b_170,b_632,b_671,b_933,b_164,b_291	/home/miguel/IBE-UPF/TFM/Master_projects/PhyloPhere/Data/6.CAAS_traitfiles/Ranked/df8_sp.tab
ACTR5@281	0	1000	0.0		/home/miguel/IBE-UPF/TFM/Master_projects/PhyloPhere/Data/6.CAAS_traitfiles/Ranked/df8_sp.tab
ACTR5@324	0	1000	0.0		/home/miguel/IBE-UPF/TFM/Master_projects/PhyloPhere/Data/6.CAAS_traitfiles/Ranked/df8_sp.tab
ACTR5@339	0	1000	0.0		/home/miguel/IBE-UPF/TFM/Master_projects/PhyloPhere/Data/6.CAAS_traitfiles/Ranked/df8_sp.tab
ACTR5@357	0	1000	0.0		/home/miguel/IBE-UPF/TFM/Master_projects/PhyloPhere/Data/6.CAAS_traitfiles/Ranked/df8_sp.tab
ACTR5@365	118	1000	0.118	b_6,b_451,b_8,b_667,b_873,b_666,b_382,b_805,b_167,b_423,b_172,b_28,b_309,b_685,b_277,b_473,b_847,b_78,b_63,b_148,b_629,b_725,b_488,b_728,b_526,b_102,b_42,b_99,b_792,b_577,b_744,b_138,b_289,b_61,b_692,b_77,b_602,b_509,b_841,b_848,b_255,b_654,b_997,b_60,b_232,b_162,b_225,b_988,b_142,b_438,b_185,b_432,b_694,b_845,b_583,b_76,b_380,b_514,b_556,b_742,b_297,b_134,b_180,b_89,b_538,b_853,b_770,b_865,b_834,b_789,b_780,b_462,b_53,b_954,b_650,b_600,b_939,b_217,b_66,b_831,b_175,b_905,b_316,b_344,b_40,b_774,b_246,b_658,b_447,b_209,b_136,b_170,b_651,b_320,b_632,b_832,b_704,b_822,b_606,b_396,b_65,b_308,b_706,b_144,b_529,b_546,b_855,b_257,b_652,b_282,b_176,b_492,b_669,b_291,b_557,b_813,b_995,b_825	/home/miguel/IBE-UPF/TFM/Master_projects/PhyloPhere/Data/6.CAAS_traitfiles/Ranked/df8_sp.tab
ACTR5@374	0	1000	0.0		/home/miguel/IBE-UPF/TFM/Master_projects/PhyloPhere/Data/6.CAAS_traitfiles/Ranked/df8_sp.tab
ACTR5@380	0	1000	0.0		/home/miguel/IBE-UPF/TFM/Master_projects/PhyloPhere/Data/6.CAAS_traitfiles/Ranked/df8_sp.tab
ACTR5@411	0	1000	0.0		/home/miguel/IBE-UPF/TFM/Master_projects/PhyloPhere/Data/6.CAAS_traitfiles/Ranked/df8_sp.tab
ACTR5@419	0	1000	0.0		/home/miguel/IBE-UPF/TFM/Master_projects/PhyloPhere/Data/6.CAAS_traitfiles/Ranked/df8_sp.tab
ACTR5@421	36	1000	0.036	b_470,b_8,b_506,b_666,b_204,b_858,b_335,b_369,b_487,b_148,b_191,b_39,b_182,b_255,b_654,b_625,b_225,b_514,b_697,b_73,b_283,b_180,b_216,b_853,b_85,b_266,b_650,b_528,b_842,b_209,b_170,b_632,b_671,b_933,b_164,b_291	/home/miguel/IBE-UPF/TFM/Master_projects/PhyloPhere/Data/6.CAAS_traitfiles/Ranked/df8_sp.tab
ACTR5@427	36	1000	0.036	b_470,b_8,b_506,b_666,b_204,b_858,b_335,b_369,b_487,b_148,b_191,b_39,b_182,b_255,b_654,b_625,b_225,b_514,b_697,b_73,b_283,b_180,b_216,b_853,b_85,b_266,b_650,b_528,b_842,b_209,b_170,b_632,b_671,b_933,b_164,b_291	/home/miguel/IBE-UPF/TFM/Master_projects/PhyloPhere/Data/6.CAAS_traitfiles/Ranked/df8_sp.tab
ACTR5@467	0	1000	0.0		/home/miguel/IBE-UPF/TFM/Master_projects/PhyloPhere/Data/6.CAAS_traitfiles/Ranked/df8_sp.tab
ACTR5@474	0	1000	0.0		/home/miguel/IBE-UPF/TFM/Master_projects/PhyloPhere/Data/6.CAAS_traitfiles/Ranked/df8_sp.tab
ACTR5@482	56	1000	0.056	b_451,b_667,b_873,b_382,b_172,b_685,b_473,b_78,b_63,b_629,b_488,b_526,b_102,b_42,b_577,b_744,b_289,b_61,b_692,b_77,b_509,b_848,b_654,b_997,b_232,b_225,b_142,b_185,b_845,b_583,b_76,b_742,b_297,b_134,b_538,b_853,b_865,b_780,b_462,b_939,b_831,b_316,b_447,b_136,b_651,b_822,b_396,b_65,b_308,b_706,b_257,b_176,b_492,b_669,b_813,b_825	/home/miguel/IBE-UPF/TFM/Master_projects/PhyloPhere/Data/6.CAAS_traitfiles/Ranked/df8_sp.tab
ACTR5@485	0	1000	0.0		/home/miguel/IBE-UPF/TFM/Master_projects/PhyloPhere/Data/6.CAAS_traitfiles/Ranked/df8_sp.tab
ACTR5@502	0	1000	0.0		/home/miguel/IBE-UPF/TFM/Master_projects/PhyloPhere/Data/6.CAAS_traitfiles/Ranked/df8_sp.tab
ACTR5@506	0	1000	0.0		/home/miguel/IBE-UPF/TFM/Master_projects/PhyloPhere/Data/6.CAAS_traitfiles/Ranked/df8_sp.tab
ACTR5@517	0	1000	0.0		/home/miguel/IBE-UPF/TFM/Master_projects/PhyloPhere/Data/6.CAAS_traitfiles/Ranked/df8_sp.tab
ACTR5@523	0	1000	0.0		/home/miguel/IBE-UPF/TFM/Master_projects/PhyloPhere/Data/6.CAAS_traitfiles/Ranked/df8_sp.tab
ACTR5@526	0	1000	0.0		/home/miguel/IBE-UPF/TFM/Master_projects/PhyloPhere/Data/6.CAAS_traitfiles/Ranked/df8_sp.tab
ACTR5@542	27	1000	0.027	b_8,b_167,b_847,b_725,b_792,b_744,b_138,b_602,b_841,b_162,b_225,b_380,b_853,b_770,b_834,b_311,b_53,b_217,b_66,b_175,b_905,b_344,b_246,b_855,b_257,b_291,b_995	/home/miguel/IBE-UPF/TFM/Master_projects/PhyloPhere/Data/6.CAAS_traitfiles/Ranked/df8_sp.tab
ACTR5@547	0	1000	0.0		/home/miguel/IBE-UPF/TFM/Master_projects/PhyloPhere/Data/6.CAAS_traitfiles/Ranked/df8_sp.tab
ACTR5@549	36	1000	0.036	b_470,b_8,b_506,b_666,b_204,b_858,b_335,b_369,b_487,b_148,b_191,b_39,b_182,b_255,b_654,b_625,b_225,b_514,b_697,b_73,b_283,b_180,b_216,b_853,b_85,b_266,b_650,b_528,b_842,b_209,b_170,b_632,b_671,b_933,b_164,b_291	/home/miguel/IBE-UPF/TFM/Master_projects/PhyloPhere/Data/6.CAAS_traitfiles/Ranked/df8_sp.tab
ACTR5@551	0	1000	0.0		/home/miguel/IBE-UPF/TFM/Master_projects/PhyloPhere/Data/6.CAAS_traitfiles/Ranked/df8_sp.tab
ACTR5@553	0	1000	0.0		/home/miguel/IBE-UPF/TFM/Master_projects/PhyloPhere/Data/6.CAAS_traitfiles/Ranked/df8_sp.tab
ACTR5@554	0	1000	0.0		/home/miguel/IBE-UPF/TFM/Master_projects/PhyloPhere/Data/6.CAAS_traitfiles/Ranked/df8_sp.tab
ACTR5@564	0	1000	0.0		/home/miguel/IBE-UPF/TFM/Master_projects/PhyloPhere/Data/6.CAAS_traitfiles/Ranked/df8_sp.tab
ACTR5@568	0	1000	0.0		/home/miguel/IBE-UPF/TFM/Master_projects/PhyloPhere/Data/6.CAAS_traitfiles/Ranked/df8_sp.tab
ACTR5@572	0	1000	0.0		/home/miguel/IBE-UPF/TFM/Master_projects/PhyloPhere/Data/6.CAAS_traitfiles/Ranked/df8_sp.tab
ACTR5@573	0	1000	0.0		/home/miguel/IBE-UPF/TFM/Master_projects/PhyloPhere/Data/6.CAAS_traitfiles/Ranked/df8_sp.tab
ACTR5@587	31	1000	0.031	b_470,b_506,b_666,b_204,b_858,b_369,b_487,b_148,b_39,b_182,b_255,b_654,b_625,b_225,b_514,b_697,b_73,b_283,b_180,b_216,b_853,b_85,b_650,b_842,b_209,b_170,b_632,b_671,b_933,b_164,b_291	/home/miguel/IBE-UPF/TFM/Master_projects/PhyloPhere/Data/6.CAAS_traitfiles/Ranked/df8_sp.tab
ACTR5@588	0	1000	0.0		/home/miguel/IBE-UPF/TFM/Master_projects/PhyloPhere/Data/6.CAAS_traitfiles/Ranked/df8_sp.tab
ACTR5@590	0	1000	0.0		/home/miguel/IBE-UPF/TFM/Master_projects/PhyloPhere/Data/6.CAAS_traitfiles/Ranked/df8_sp.tab
ACTR5@591	0	1000	0.0		/home/miguel/IBE-UPF/TFM/Master_projects/PhyloPhere/Data/6.CAAS_traitfiles/Ranked/df8_sp.tab
ACTR5@592	0	1000	0.0		/home/miguel/IBE-UPF/TFM/Master_projects/PhyloPhere/Data/6.CAAS_traitfiles/Ranked/df8_sp.tab
ACTR5@594	0	1000	0.0		/home/miguel/IBE-UPF/TFM/Master_projects/PhyloPhere/Data/6.CAAS_traitfiles/Ranked/df8_sp.tab
ACTR5@595	36	1000	0.036	b_470,b_8,b_506,b_666,b_204,b_858,b_335,b_369,b_487,b_148,b_191,b_39,b_182,b_255,b_654,b_625,b_225,b_514,b_697,b_73,b_283,b_180,b_216,b_853,b_85,b_266,b_650,b_528,b_842,b_209,b_170,b_632,b_671,b_933,b_164,b_291	/home/miguel/IBE-UPF/TFM/Master_projects/PhyloPhere/Data/6.CAAS_traitfiles/Ranked/df8_sp.tab
ACTR5@596	36	1000	0.036	b_470,b_8,b_506,b_666,b_204,b_858,b_335,b_369,b_487,b_148,b_191,b_39,b_182,b_255,b_654,b_625,b_225,b_514,b_697,b_73,b_283,b_180,b_216,b_853,b_85,b_266,b_650,b_528,b_842,b_209,b_170,b_632,b_671,b_933,b_164,b_291	/home/miguel/IBE-UPF/TFM/Master_projects/PhyloPhere/Data/6.CAAS_traitfiles/Ranked/df8_sp.tab
ACTR5@600	36	1000	0.036	b_470,b_8,b_506,b_666,b_204,b_858,b_335,b_369,b_487,b_148,b_191,b_39,b_182,b_255,b_654,b_625,b_225,b_514,b_697,b_73,b_283,b_180,b_216,b_853,b_85,b_266,b_650,b_528,b_842,b_209,b_170,b_632,b_671,b_933,b_164,b_291	/home/miguel/IBE-UPF/TFM/Master_projects/PhyloPhere/Data/6.CAAS_traitfiles/Ranked/df8_sp.tab
ACTR5@601	0	1000	0.0		/home/miguel/IBE-UPF/TFM/Master_projects/PhyloPhere/Data/6.CAAS_traitfiles/Ranked/df8_sp.tab
