Read 1 item
Error in `dplyr::select()`:
! Can't select columns that don't exist.
✖ Column `trait_CI_lb` doesn't exist.
Backtrace:
     ▆
  1. ├─global create_pairwise_data(trait_ci)
  2. │ └─ci_data %>% ...
  3. ├─dplyr::select(...)
  4. ├─dplyr:::select.data.frame(...)
  5. │ └─tidyselect::eval_select(expr(c(...)), data = .data, error_call = error_call)
  6. │   └─tidyselect:::eval_select_impl(...)
  7. │     ├─tidyselect:::with_subscript_errors(...)
  8. │     │ └─base::withCallingHandlers(...)
  9. │     └─tidyselect:::vars_select_eval(...)
 10. │       └─tidyselect:::walk_data_tree(expr, data_mask, context_mask)
 11. │         └─tidyselect:::eval_c(expr, data_mask, context_mask)
 12. │           └─tidyselect:::reduce_sels(node, data_mask, context_mask, init = init)
 13. │             └─tidyselect:::walk_data_tree(new, data_mask, context_mask)
 14. │               └─tidyselect:::as_indices_sel_impl(...)
 15. │                 └─tidyselect:::as_indices_impl(...)
 16. │                   └─tidyselect:::chr_as_locations(x, vars, call = call, arg = arg)
 17. │                     └─vctrs::vec_as_location(...)
 18. └─vctrs (local) `<fn>`()
 19.   └─vctrs:::stop_subscript_oob(...)
 20.     └─vctrs:::stop_subscript(...)
 21.       └─rlang::abort(...)

Quitting from 3.CI-composition.Rmd:109-152 [prep_CI]
Execution halted
