Read 1 item
Error in `parse()`:
! <text>:5:44: unexpected string constant
4:   
5:   cat("\n=== Selecting pairs for", my_trait" ===\n"
                                              ^
Backtrace:
     ▆
  1. └─rmarkdown::render(...)
  2.   └─knitr::knit(knit_input, knit_output, envir = envir, quiet = quiet)
  3.     └─knitr:::process_file(text, output)
  4.       ├─xfun:::handle_error(...)
  5.       ├─base::withCallingHandlers(...)
  6.       └─knitr:::process_group(group)
  7.         └─knitr:::call_block(x)
  8.           └─knitr:::block_exec(params)
  9.             └─knitr:::eng_r(options)
 10.               ├─knitr:::in_input_dir(...)
 11.               │ └─knitr:::in_dir(input_dir(), expr)
 12.               └─knitr (local) evaluate(...)
 13.                 └─evaluate::evaluate(...)
 14.                   ├─evaluate::parse_all(input, filename = filename)
 15.                   └─evaluate:::parse_all.character(input, filename = filename)
 16.                     └─base::parse(text = x, srcfile = src)

Quitting from 4.Independent_contrasts.Rmd:98-123 [pair_selection]
Execution halted
