Read 1 item
Error in `mutate()`:
ℹ In argument: `N = adult_necropsy_count`.
Caused by error:
! object 'adult_necropsy_count' not found
Backtrace:
     ▆
  1. ├─global contrast_plot.f(stats_df)
  2. │ └─df %>% mutate(N = !!N.sym)
  3. ├─dplyr::mutate(., N = !!N.sym)
  4. ├─dplyr:::mutate.data.frame(., N = !!N.sym)
  5. │ └─dplyr:::mutate_cols(.data, dplyr_quosures(...), by)
  6. │   ├─base::withCallingHandlers(...)
  7. │   └─dplyr:::mutate_col(dots[[i]], data, mask, new_columns)
  8. │     └─mask$eval_all_mutate(quo)
  9. │       └─dplyr (local) eval()
 10. └─base::.handleSimpleError(...)
 11.   └─dplyr (local) h(simpleError(msg, call))
 12.     └─rlang::abort(message, class = error_class, parent = parent, call = error_call)

Quitting from 2.Phenotype_exploration.Rmd:83-105 [phenoplot]
Execution halted
