Warning message:
package ‘readr’ was built under R version 4.3.2 
Loading required package: phytools
Loading required package: maps
Warning messages:
1: package ‘phytools’ was built under R version 4.3.2 
2: package ‘maps’ was built under R version 4.3.2 
Processing permulation 1 of 1000
Processing permulation 2 of 1000
Processing permulation 3 of 1000
Processing permulation 4 of 1000
Processing permulation 5 of 1000
Processing permulation 6 of 1000
Processing permulation 7 of 1000
Processing permulation 8 of 1000
Processing permulation 9 of 1000
Processing permulation 10 of 1000
Processing permulation 11 of 1000
Processing permulation 12 of 1000
Processing permulation 13 of 1000
Processing permulation 14 of 1000
Processing permulation 15 of 1000
Processing permulation 16 of 1000
Processing permulation 17 of 1000
Processing permulation 18 of 1000
Processing permulation 19 of 1000
Processing permulation 20 of 1000
Processing permulation 21 of 1000
Processing permulation 22 of 1000
Processing permulation 23 of 1000
Processing permulation 24 of 1000
Processing permulation 25 of 1000
Processing permulation 26 of 1000
Processing permulation 27 of 1000
Processing permulation 28 of 1000
Processing permulation 29 of 1000
Processing permulation 30 of 1000
Processing permulation 31 of 1000
Processing permulation 32 of 1000
Processing permulation 33 of 1000
Processing permulation 34 of 1000
Processing permulation 35 of 1000
Processing permulation 36 of 1000
Processing permulation 37 of 1000
Processing permulation 38 of 1000
Processing permulation 39 of 1000
Processing permulation 40 of 1000
Processing permulation 41 of 1000
Processing permulation 42 of 1000
Processing permulation 43 of 1000
Processing permulation 44 of 1000
Processing permulation 45 of 1000
Processing permulation 46 of 1000
Processing permulation 47 of 1000
Processing permulation 48 of 1000
Processing permulation 49 of 1000
Processing permulation 50 of 1000
Processing permulation 51 of 1000
Processing permulation 52 of 1000
Processing permulation 53 of 1000
Processing permulation 54 of 1000
Processing permulation 55 of 1000
Processing permulation 56 of 1000
Processing permulation 57 of 1000
Processing permulation 58 of 1000
Processing permulation 59 of 1000
Processing permulation 60 of 1000
Processing permulation 61 of 1000
Processing permulation 62 of 1000
Processing permulation 63 of 1000
Processing permulation 64 of 1000
Processing permulation 65 of 1000
Processing permulation 66 of 1000
Processing permulation 67 of 1000
Processing permulation 68 of 1000
Processing permulation 69 of 1000
Processing permulation 70 of 1000
Processing permulation 71 of 1000
Processing permulation 72 of 1000
Processing permulation 73 of 1000
Processing permulation 74 of 1000
Processing permulation 75 of 1000
Processing permulation 76 of 1000
Processing permulation 77 of 1000
Processing permulation 78 of 1000
Processing permulation 79 of 1000
Processing permulation 80 of 1000
Processing permulation 81 of 1000
Processing permulation 82 of 1000
Processing permulation 83 of 1000
Processing permulation 84 of 1000
Processing permulation 85 of 1000
Processing permulation 86 of 1000
Processing permulation 87 of 1000
Processing permulation 88 of 1000
Processing permulation 89 of 1000
Processing permulation 90 of 1000
Processing permulation 91 of 1000
Processing permulation 92 of 1000
Processing permulation 93 of 1000
Processing permulation 94 of 1000
Processing permulation 95 of 1000
Processing permulation 96 of 1000
Processing permulation 97 of 1000
Processing permulation 98 of 1000
Processing permulation 99 of 1000
Processing permulation 100 of 1000
Processing permulation 101 of 1000
Processing permulation 102 of 1000
Processing permulation 103 of 1000
Processing permulation 104 of 1000
Processing permulation 105 of 1000
Processing permulation 106 of 1000
Processing permulation 107 of 1000
Processing permulation 108 of 1000
Processing permulation 109 of 1000
Processing permulation 110 of 1000
Processing permulation 111 of 1000
Processing permulation 112 of 1000
Processing permulation 113 of 1000
Processing permulation 114 of 1000
Processing permulation 115 of 1000
Processing permulation 116 of 1000
Processing permulation 117 of 1000
Processing permulation 118 of 1000
Processing permulation 119 of 1000
Processing permulation 120 of 1000
Processing permulation 121 of 1000
Processing permulation 122 of 1000
Processing permulation 123 of 1000
Processing permulation 124 of 1000
Processing permulation 125 of 1000
Processing permulation 126 of 1000
Processing permulation 127 of 1000
Processing permulation 128 of 1000
Processing permulation 129 of 1000
Processing permulation 130 of 1000
Processing permulation 131 of 1000
Processing permulation 132 of 1000
Processing permulation 133 of 1000
Processing permulation 134 of 1000
Processing permulation 135 of 1000
Processing permulation 136 of 1000
Processing permulation 137 of 1000
Processing permulation 138 of 1000
Processing permulation 139 of 1000
Processing permulation 140 of 1000
Processing permulation 141 of 1000
Processing permulation 142 of 1000
Processing permulation 143 of 1000
Processing permulation 144 of 1000
Processing permulation 145 of 1000
Processing permulation 146 of 1000
Processing permulation 147 of 1000
Processing permulation 148 of 1000
Processing permulation 149 of 1000
Processing permulation 150 of 1000
Processing permulation 151 of 1000
Processing permulation 152 of 1000
Processing permulation 153 of 1000
Processing permulation 154 of 1000
Processing permulation 155 of 1000
Processing permulation 156 of 1000
Processing permulation 157 of 1000
Processing permulation 158 of 1000
Processing permulation 159 of 1000
Processing permulation 160 of 1000
Processing permulation 161 of 1000
Processing permulation 162 of 1000
Processing permulation 163 of 1000
Processing permulation 164 of 1000
Processing permulation 165 of 1000
Processing permulation 166 of 1000
Processing permulation 167 of 1000
Processing permulation 168 of 1000
Processing permulation 169 of 1000
Processing permulation 170 of 1000
Processing permulation 171 of 1000
Processing permulation 172 of 1000
Processing permulation 173 of 1000
Processing permulation 174 of 1000
Processing permulation 175 of 1000
Processing permulation 176 of 1000
Processing permulation 177 of 1000
Processing permulation 178 of 1000
Processing permulation 179 of 1000
Processing permulation 180 of 1000
Processing permulation 181 of 1000
Processing permulation 182 of 1000
Processing permulation 183 of 1000
Processing permulation 184 of 1000
Processing permulation 185 of 1000
Processing permulation 186 of 1000
Processing permulation 187 of 1000
Processing permulation 188 of 1000
Processing permulation 189 of 1000
Processing permulation 190 of 1000
Processing permulation 191 of 1000
Processing permulation 192 of 1000
Processing permulation 193 of 1000
Processing permulation 194 of 1000
Processing permulation 195 of 1000
Processing permulation 196 of 1000
Processing permulation 197 of 1000
Processing permulation 198 of 1000
Processing permulation 199 of 1000
Processing permulation 200 of 1000
Processing permulation 201 of 1000
Processing permulation 202 of 1000
Processing permulation 203 of 1000
Processing permulation 204 of 1000
Processing permulation 205 of 1000
Processing permulation 206 of 1000
Processing permulation 207 of 1000
Processing permulation 208 of 1000
Processing permulation 209 of 1000
Processing permulation 210 of 1000
Processing permulation 211 of 1000
Processing permulation 212 of 1000
Processing permulation 213 of 1000
Processing permulation 214 of 1000
Processing permulation 215 of 1000
Processing permulation 216 of 1000
Processing permulation 217 of 1000
Processing permulation 218 of 1000
Processing permulation 219 of 1000
Processing permulation 220 of 1000
Processing permulation 221 of 1000
Processing permulation 222 of 1000
Processing permulation 223 of 1000
Processing permulation 224 of 1000
Processing permulation 225 of 1000
Processing permulation 226 of 1000
Processing permulation 227 of 1000
Processing permulation 228 of 1000
Processing permulation 229 of 1000
Processing permulation 230 of 1000
Processing permulation 231 of 1000
Processing permulation 232 of 1000
Processing permulation 233 of 1000
Processing permulation 234 of 1000
Processing permulation 235 of 1000
Processing permulation 236 of 1000
Processing permulation 237 of 1000
Processing permulation 238 of 1000
Processing permulation 239 of 1000
Processing permulation 240 of 1000
Processing permulation 241 of 1000
Processing permulation 242 of 1000
Processing permulation 243 of 1000
Processing permulation 244 of 1000
Processing permulation 245 of 1000
Processing permulation 246 of 1000
Processing permulation 247 of 1000
Processing permulation 248 of 1000
Processing permulation 249 of 1000
Processing permulation 250 of 1000
Processing permulation 251 of 1000
Processing permulation 252 of 1000
Processing permulation 253 of 1000
Processing permulation 254 of 1000
Processing permulation 255 of 1000
Processing permulation 256 of 1000
Processing permulation 257 of 1000
Processing permulation 258 of 1000
Processing permulation 259 of 1000
Processing permulation 260 of 1000
Processing permulation 261 of 1000
Processing permulation 262 of 1000
Processing permulation 263 of 1000
Processing permulation 264 of 1000
Processing permulation 265 of 1000
Processing permulation 266 of 1000
Processing permulation 267 of 1000
Processing permulation 268 of 1000
Processing permulation 269 of 1000
Processing permulation 270 of 1000
Processing permulation 271 of 1000
Processing permulation 272 of 1000
Processing permulation 273 of 1000
Processing permulation 274 of 1000
Processing permulation 275 of 1000
Processing permulation 276 of 1000
Processing permulation 277 of 1000
Processing permulation 278 of 1000
Processing permulation 279 of 1000
Processing permulation 280 of 1000
Processing permulation 281 of 1000
Processing permulation 282 of 1000
Processing permulation 283 of 1000
Processing permulation 284 of 1000
Processing permulation 285 of 1000
Processing permulation 286 of 1000
Processing permulation 287 of 1000
Processing permulation 288 of 1000
Processing permulation 289 of 1000
Processing permulation 290 of 1000
Processing permulation 291 of 1000
Processing permulation 292 of 1000
Processing permulation 293 of 1000
Processing permulation 294 of 1000
Processing permulation 295 of 1000
Processing permulation 296 of 1000
Processing permulation 297 of 1000
Processing permulation 298 of 1000
Processing permulation 299 of 1000
Processing permulation 300 of 1000
Processing permulation 301 of 1000
Processing permulation 302 of 1000
Processing permulation 303 of 1000
Processing permulation 304 of 1000
Processing permulation 305 of 1000
Processing permulation 306 of 1000
Processing permulation 307 of 1000
Processing permulation 308 of 1000
Processing permulation 309 of 1000
Processing permulation 310 of 1000
Processing permulation 311 of 1000
Processing permulation 312 of 1000
Processing permulation 313 of 1000
Processing permulation 314 of 1000
Processing permulation 315 of 1000
Processing permulation 316 of 1000
Processing permulation 317 of 1000
Processing permulation 318 of 1000
Processing permulation 319 of 1000
Processing permulation 320 of 1000
Processing permulation 321 of 1000
Processing permulation 322 of 1000
Processing permulation 323 of 1000
Processing permulation 324 of 1000
Processing permulation 325 of 1000
Processing permulation 326 of 1000
Processing permulation 327 of 1000
Processing permulation 328 of 1000
Processing permulation 329 of 1000
Processing permulation 330 of 1000
Processing permulation 331 of 1000
Processing permulation 332 of 1000
Processing permulation 333 of 1000
Processing permulation 334 of 1000
Processing permulation 335 of 1000
Processing permulation 336 of 1000
Processing permulation 337 of 1000
Processing permulation 338 of 1000
Processing permulation 339 of 1000
Processing permulation 340 of 1000
Processing permulation 341 of 1000
Processing permulation 342 of 1000
Processing permulation 343 of 1000
Processing permulation 344 of 1000
Processing permulation 345 of 1000
Processing permulation 346 of 1000
Processing permulation 347 of 1000
Processing permulation 348 of 1000
Processing permulation 349 of 1000
Processing permulation 350 of 1000
Processing permulation 351 of 1000
Processing permulation 352 of 1000
Processing permulation 353 of 1000
Processing permulation 354 of 1000
Processing permulation 355 of 1000
Processing permulation 356 of 1000
Processing permulation 357 of 1000
Processing permulation 358 of 1000
Processing permulation 359 of 1000
Processing permulation 360 of 1000
Processing permulation 361 of 1000
Processing permulation 362 of 1000
Processing permulation 363 of 1000
Processing permulation 364 of 1000
Processing permulation 365 of 1000
Processing permulation 366 of 1000
Processing permulation 367 of 1000
Processing permulation 368 of 1000
Processing permulation 369 of 1000
Processing permulation 370 of 1000
Processing permulation 371 of 1000
Processing permulation 372 of 1000
Processing permulation 373 of 1000
Processing permulation 374 of 1000
Processing permulation 375 of 1000
Processing permulation 376 of 1000
Processing permulation 377 of 1000
Processing permulation 378 of 1000
Processing permulation 379 of 1000
Processing permulation 380 of 1000
Processing permulation 381 of 1000
Processing permulation 382 of 1000
Processing permulation 383 of 1000
Processing permulation 384 of 1000
Processing permulation 385 of 1000
Processing permulation 386 of 1000
Processing permulation 387 of 1000
Processing permulation 388 of 1000
Processing permulation 389 of 1000
Processing permulation 390 of 1000
Processing permulation 391 of 1000
Processing permulation 392 of 1000
Processing permulation 393 of 1000
Processing permulation 394 of 1000
Processing permulation 395 of 1000
Processing permulation 396 of 1000
Processing permulation 397 of 1000
Processing permulation 398 of 1000
Processing permulation 399 of 1000
Processing permulation 400 of 1000
Processing permulation 401 of 1000
Processing permulation 402 of 1000
Processing permulation 403 of 1000
Processing permulation 404 of 1000
Processing permulation 405 of 1000
Processing permulation 406 of 1000
Processing permulation 407 of 1000
Processing permulation 408 of 1000
Processing permulation 409 of 1000
Processing permulation 410 of 1000
Processing permulation 411 of 1000
Processing permulation 412 of 1000
Processing permulation 413 of 1000
Processing permulation 414 of 1000
Processing permulation 415 of 1000
Processing permulation 416 of 1000
Processing permulation 417 of 1000
Processing permulation 418 of 1000
Processing permulation 419 of 1000
Processing permulation 420 of 1000
Processing permulation 421 of 1000
Processing permulation 422 of 1000
Processing permulation 423 of 1000
Processing permulation 424 of 1000
Processing permulation 425 of 1000
Processing permulation 426 of 1000
Processing permulation 427 of 1000
Processing permulation 428 of 1000
Processing permulation 429 of 1000
Processing permulation 430 of 1000
Processing permulation 431 of 1000
Processing permulation 432 of 1000
Processing permulation 433 of 1000
Processing permulation 434 of 1000
Processing permulation 435 of 1000
Processing permulation 436 of 1000
Processing permulation 437 of 1000
Processing permulation 438 of 1000
Processing permulation 439 of 1000
Processing permulation 440 of 1000
Processing permulation 441 of 1000
Processing permulation 442 of 1000
Processing permulation 443 of 1000
Processing permulation 444 of 1000
Processing permulation 445 of 1000
Processing permulation 446 of 1000
Processing permulation 447 of 1000
Processing permulation 448 of 1000
Processing permulation 449 of 1000
Processing permulation 450 of 1000
Processing permulation 451 of 1000
Processing permulation 452 of 1000
Processing permulation 453 of 1000
Processing permulation 454 of 1000
Processing permulation 455 of 1000
Processing permulation 456 of 1000
Processing permulation 457 of 1000
Processing permulation 458 of 1000
Processing permulation 459 of 1000
Processing permulation 460 of 1000
Processing permulation 461 of 1000
Processing permulation 462 of 1000
Processing permulation 463 of 1000
Processing permulation 464 of 1000
Processing permulation 465 of 1000
Processing permulation 466 of 1000
Processing permulation 467 of 1000
Processing permulation 468 of 1000
Processing permulation 469 of 1000
Processing permulation 470 of 1000
Processing permulation 471 of 1000
Processing permulation 472 of 1000
Processing permulation 473 of 1000
Processing permulation 474 of 1000
Processing permulation 475 of 1000
Processing permulation 476 of 1000
Processing permulation 477 of 1000
Processing permulation 478 of 1000
Processing permulation 479 of 1000
Processing permulation 480 of 1000
Processing permulation 481 of 1000
Processing permulation 482 of 1000
Processing permulation 483 of 1000
Processing permulation 484 of 1000
Processing permulation 485 of 1000
Processing permulation 486 of 1000
Processing permulation 487 of 1000
Processing permulation 488 of 1000
Processing permulation 489 of 1000
Processing permulation 490 of 1000
Processing permulation 491 of 1000
Processing permulation 492 of 1000
Processing permulation 493 of 1000
Processing permulation 494 of 1000
Processing permulation 495 of 1000
Processing permulation 496 of 1000
Processing permulation 497 of 1000
Processing permulation 498 of 1000
Processing permulation 499 of 1000
Processing permulation 500 of 1000
Processing permulation 501 of 1000
Processing permulation 502 of 1000
Processing permulation 503 of 1000
Processing permulation 504 of 1000
Processing permulation 505 of 1000
Processing permulation 506 of 1000
Processing permulation 507 of 1000
Processing permulation 508 of 1000
Processing permulation 509 of 1000
Processing permulation 510 of 1000
Processing permulation 511 of 1000
Processing permulation 512 of 1000
Processing permulation 513 of 1000
Processing permulation 514 of 1000
Processing permulation 515 of 1000
Processing permulation 516 of 1000
Processing permulation 517 of 1000
Processing permulation 518 of 1000
Processing permulation 519 of 1000
Processing permulation 520 of 1000
Processing permulation 521 of 1000
Processing permulation 522 of 1000
Processing permulation 523 of 1000
Processing permulation 524 of 1000
Processing permulation 525 of 1000
Processing permulation 526 of 1000
Processing permulation 527 of 1000
Processing permulation 528 of 1000
Processing permulation 529 of 1000
Processing permulation 530 of 1000
Processing permulation 531 of 1000
Processing permulation 532 of 1000
Processing permulation 533 of 1000
Processing permulation 534 of 1000
Processing permulation 535 of 1000
Processing permulation 536 of 1000
Processing permulation 537 of 1000
Processing permulation 538 of 1000
Processing permulation 539 of 1000
Processing permulation 540 of 1000
Processing permulation 541 of 1000
Processing permulation 542 of 1000
Processing permulation 543 of 1000
Processing permulation 544 of 1000
Processing permulation 545 of 1000
Processing permulation 546 of 1000
Processing permulation 547 of 1000
Processing permulation 548 of 1000
Processing permulation 549 of 1000
Processing permulation 550 of 1000
Processing permulation 551 of 1000
Processing permulation 552 of 1000
Processing permulation 553 of 1000
Processing permulation 554 of 1000
Processing permulation 555 of 1000
Processing permulation 556 of 1000
Processing permulation 557 of 1000
Processing permulation 558 of 1000
Processing permulation 559 of 1000
Processing permulation 560 of 1000
Processing permulation 561 of 1000
Processing permulation 562 of 1000
Processing permulation 563 of 1000
Processing permulation 564 of 1000
Processing permulation 565 of 1000
Processing permulation 566 of 1000
Processing permulation 567 of 1000
Processing permulation 568 of 1000
Processing permulation 569 of 1000
Processing permulation 570 of 1000
Processing permulation 571 of 1000
Processing permulation 572 of 1000
Processing permulation 573 of 1000
Processing permulation 574 of 1000
Processing permulation 575 of 1000
Processing permulation 576 of 1000
Processing permulation 577 of 1000
Processing permulation 578 of 1000
Processing permulation 579 of 1000
Processing permulation 580 of 1000
Processing permulation 581 of 1000
Processing permulation 582 of 1000
Processing permulation 583 of 1000
Processing permulation 584 of 1000
Processing permulation 585 of 1000
Processing permulation 586 of 1000
Processing permulation 587 of 1000
Processing permulation 588 of 1000
Processing permulation 589 of 1000
Processing permulation 590 of 1000
Processing permulation 591 of 1000
Processing permulation 592 of 1000
Processing permulation 593 of 1000
Processing permulation 594 of 1000
Processing permulation 595 of 1000
Processing permulation 596 of 1000
Processing permulation 597 of 1000
Processing permulation 598 of 1000
Processing permulation 599 of 1000
Processing permulation 600 of 1000
Processing permulation 601 of 1000
Processing permulation 602 of 1000
Processing permulation 603 of 1000
Processing permulation 604 of 1000
Processing permulation 605 of 1000
Processing permulation 606 of 1000
Processing permulation 607 of 1000
Processing permulation 608 of 1000
Processing permulation 609 of 1000
Processing permulation 610 of 1000
Processing permulation 611 of 1000
Processing permulation 612 of 1000
Processing permulation 613 of 1000
Processing permulation 614 of 1000
Processing permulation 615 of 1000
Processing permulation 616 of 1000
Processing permulation 617 of 1000
Processing permulation 618 of 1000
Processing permulation 619 of 1000
Processing permulation 620 of 1000
Processing permulation 621 of 1000
Processing permulation 622 of 1000
Processing permulation 623 of 1000
Processing permulation 624 of 1000
Processing permulation 625 of 1000
Processing permulation 626 of 1000
Processing permulation 627 of 1000
Processing permulation 628 of 1000
Processing permulation 629 of 1000
Processing permulation 630 of 1000
Processing permulation 631 of 1000
Processing permulation 632 of 1000
Processing permulation 633 of 1000
Processing permulation 634 of 1000
Processing permulation 635 of 1000
Processing permulation 636 of 1000
Processing permulation 637 of 1000
Processing permulation 638 of 1000
Processing permulation 639 of 1000
Processing permulation 640 of 1000
Processing permulation 641 of 1000
Processing permulation 642 of 1000
Processing permulation 643 of 1000
Processing permulation 644 of 1000
Processing permulation 645 of 1000
Processing permulation 646 of 1000
Processing permulation 647 of 1000
Processing permulation 648 of 1000
Processing permulation 649 of 1000
Processing permulation 650 of 1000
Processing permulation 651 of 1000
Processing permulation 652 of 1000
Processing permulation 653 of 1000
Processing permulation 654 of 1000
Processing permulation 655 of 1000
Processing permulation 656 of 1000
Processing permulation 657 of 1000
Processing permulation 658 of 1000
Processing permulation 659 of 1000
Processing permulation 660 of 1000
Processing permulation 661 of 1000
Processing permulation 662 of 1000
Processing permulation 663 of 1000
Processing permulation 664 of 1000
Processing permulation 665 of 1000
Processing permulation 666 of 1000
Processing permulation 667 of 1000
Processing permulation 668 of 1000
Processing permulation 669 of 1000
Processing permulation 670 of 1000
Processing permulation 671 of 1000
Processing permulation 672 of 1000
Processing permulation 673 of 1000
Processing permulation 674 of 1000
Processing permulation 675 of 1000
Processing permulation 676 of 1000
Processing permulation 677 of 1000
Processing permulation 678 of 1000
Processing permulation 679 of 1000
Processing permulation 680 of 1000
Processing permulation 681 of 1000
Processing permulation 682 of 1000
Processing permulation 683 of 1000
Processing permulation 684 of 1000
Processing permulation 685 of 1000
Processing permulation 686 of 1000
Processing permulation 687 of 1000
Processing permulation 688 of 1000
Processing permulation 689 of 1000
Processing permulation 690 of 1000
Processing permulation 691 of 1000
Processing permulation 692 of 1000
Processing permulation 693 of 1000
Processing permulation 694 of 1000
Processing permulation 695 of 1000
Processing permulation 696 of 1000
Processing permulation 697 of 1000
Processing permulation 698 of 1000
Processing permulation 699 of 1000
Processing permulation 700 of 1000
Processing permulation 701 of 1000
Processing permulation 702 of 1000
Processing permulation 703 of 1000
Processing permulation 704 of 1000
Processing permulation 705 of 1000
Processing permulation 706 of 1000
Processing permulation 707 of 1000
Processing permulation 708 of 1000
Processing permulation 709 of 1000
Processing permulation 710 of 1000
Processing permulation 711 of 1000
Processing permulation 712 of 1000
Processing permulation 713 of 1000
Processing permulation 714 of 1000
Processing permulation 715 of 1000
Processing permulation 716 of 1000
Processing permulation 717 of 1000
Processing permulation 718 of 1000
Processing permulation 719 of 1000
Processing permulation 720 of 1000
Processing permulation 721 of 1000
Processing permulation 722 of 1000
Processing permulation 723 of 1000
Processing permulation 724 of 1000
Processing permulation 725 of 1000
Processing permulation 726 of 1000
Processing permulation 727 of 1000
Processing permulation 728 of 1000
Processing permulation 729 of 1000
Processing permulation 730 of 1000
Processing permulation 731 of 1000
Processing permulation 732 of 1000
Processing permulation 733 of 1000
Processing permulation 734 of 1000
Processing permulation 735 of 1000
Processing permulation 736 of 1000
Processing permulation 737 of 1000
Processing permulation 738 of 1000
Processing permulation 739 of 1000
Processing permulation 740 of 1000
Processing permulation 741 of 1000
Processing permulation 742 of 1000
Processing permulation 743 of 1000
Processing permulation 744 of 1000
Processing permulation 745 of 1000
Processing permulation 746 of 1000
Processing permulation 747 of 1000
Processing permulation 748 of 1000
Processing permulation 749 of 1000
Processing permulation 750 of 1000
Processing permulation 751 of 1000
Processing permulation 752 of 1000
Processing permulation 753 of 1000
Processing permulation 754 of 1000
Processing permulation 755 of 1000
Processing permulation 756 of 1000
Processing permulation 757 of 1000
Processing permulation 758 of 1000
Processing permulation 759 of 1000
Processing permulation 760 of 1000
Processing permulation 761 of 1000
Processing permulation 762 of 1000
Processing permulation 763 of 1000
Processing permulation 764 of 1000
Processing permulation 765 of 1000
Processing permulation 766 of 1000
Processing permulation 767 of 1000
Processing permulation 768 of 1000
Processing permulation 769 of 1000
Processing permulation 770 of 1000
Processing permulation 771 of 1000
Processing permulation 772 of 1000
Processing permulation 773 of 1000
Processing permulation 774 of 1000
Processing permulation 775 of 1000
Processing permulation 776 of 1000
Processing permulation 777 of 1000
Processing permulation 778 of 1000
Processing permulation 779 of 1000
Processing permulation 780 of 1000
Processing permulation 781 of 1000
Processing permulation 782 of 1000
Processing permulation 783 of 1000
Processing permulation 784 of 1000
Processing permulation 785 of 1000
Processing permulation 786 of 1000
Processing permulation 787 of 1000
Processing permulation 788 of 1000
Processing permulation 789 of 1000
Processing permulation 790 of 1000
Processing permulation 791 of 1000
Processing permulation 792 of 1000
Processing permulation 793 of 1000
Processing permulation 794 of 1000
Processing permulation 795 of 1000
Processing permulation 796 of 1000
Processing permulation 797 of 1000
Processing permulation 798 of 1000
Processing permulation 799 of 1000
Processing permulation 800 of 1000
Processing permulation 801 of 1000
Processing permulation 802 of 1000
Processing permulation 803 of 1000
Processing permulation 804 of 1000
Processing permulation 805 of 1000
Processing permulation 806 of 1000
Processing permulation 807 of 1000
Processing permulation 808 of 1000
Processing permulation 809 of 1000
Processing permulation 810 of 1000
Processing permulation 811 of 1000
Processing permulation 812 of 1000
Processing permulation 813 of 1000
Processing permulation 814 of 1000
Processing permulation 815 of 1000
Processing permulation 816 of 1000
Processing permulation 817 of 1000
Processing permulation 818 of 1000
Processing permulation 819 of 1000
Processing permulation 820 of 1000
Processing permulation 821 of 1000
Processing permulation 822 of 1000
Processing permulation 823 of 1000
Processing permulation 824 of 1000
Processing permulation 825 of 1000
Processing permulation 826 of 1000
Processing permulation 827 of 1000
Processing permulation 828 of 1000
Processing permulation 829 of 1000
Processing permulation 830 of 1000
Processing permulation 831 of 1000
Processing permulation 832 of 1000
Processing permulation 833 of 1000
Processing permulation 834 of 1000
Processing permulation 835 of 1000
Processing permulation 836 of 1000
Processing permulation 837 of 1000
Processing permulation 838 of 1000
Processing permulation 839 of 1000
Processing permulation 840 of 1000
Processing permulation 841 of 1000
Processing permulation 842 of 1000
Processing permulation 843 of 1000
Processing permulation 844 of 1000
Processing permulation 845 of 1000
Processing permulation 846 of 1000
Processing permulation 847 of 1000
Processing permulation 848 of 1000
Processing permulation 849 of 1000
Processing permulation 850 of 1000
Processing permulation 851 of 1000
Processing permulation 852 of 1000
Processing permulation 853 of 1000
Processing permulation 854 of 1000
Processing permulation 855 of 1000
Processing permulation 856 of 1000
Processing permulation 857 of 1000
Processing permulation 858 of 1000
Processing permulation 859 of 1000
Processing permulation 860 of 1000
Processing permulation 861 of 1000
Processing permulation 862 of 1000
Processing permulation 863 of 1000
Processing permulation 864 of 1000
Processing permulation 865 of 1000
Processing permulation 866 of 1000
Processing permulation 867 of 1000
Processing permulation 868 of 1000
Processing permulation 869 of 1000
Processing permulation 870 of 1000
Processing permulation 871 of 1000
Processing permulation 872 of 1000
Processing permulation 873 of 1000
Processing permulation 874 of 1000
Processing permulation 875 of 1000
Processing permulation 876 of 1000
Processing permulation 877 of 1000
Processing permulation 878 of 1000
Processing permulation 879 of 1000
Processing permulation 880 of 1000
Processing permulation 881 of 1000
Processing permulation 882 of 1000
Processing permulation 883 of 1000
Processing permulation 884 of 1000
Processing permulation 885 of 1000
Processing permulation 886 of 1000
Processing permulation 887 of 1000
Processing permulation 888 of 1000
Processing permulation 889 of 1000
Processing permulation 890 of 1000
Processing permulation 891 of 1000
Processing permulation 892 of 1000
Processing permulation 893 of 1000
Processing permulation 894 of 1000
Processing permulation 895 of 1000
Processing permulation 896 of 1000
Processing permulation 897 of 1000
Processing permulation 898 of 1000
Processing permulation 899 of 1000
Processing permulation 900 of 1000
Processing permulation 901 of 1000
Processing permulation 902 of 1000
Processing permulation 903 of 1000
Processing permulation 904 of 1000
Processing permulation 905 of 1000
Processing permulation 906 of 1000
Processing permulation 907 of 1000
Processing permulation 908 of 1000
Processing permulation 909 of 1000
Processing permulation 910 of 1000
Processing permulation 911 of 1000
Processing permulation 912 of 1000
Processing permulation 913 of 1000
Processing permulation 914 of 1000
Processing permulation 915 of 1000
Processing permulation 916 of 1000
Processing permulation 917 of 1000
Processing permulation 918 of 1000
Processing permulation 919 of 1000
Processing permulation 920 of 1000
Processing permulation 921 of 1000
Processing permulation 922 of 1000
Processing permulation 923 of 1000
Processing permulation 924 of 1000
Processing permulation 925 of 1000
Processing permulation 926 of 1000
Processing permulation 927 of 1000
Processing permulation 928 of 1000
Processing permulation 929 of 1000
Processing permulation 930 of 1000
Processing permulation 931 of 1000
Processing permulation 932 of 1000
Processing permulation 933 of 1000
Processing permulation 934 of 1000
Processing permulation 935 of 1000
Processing permulation 936 of 1000
Processing permulation 937 of 1000
Processing permulation 938 of 1000
Processing permulation 939 of 1000
Processing permulation 940 of 1000
Processing permulation 941 of 1000
Processing permulation 942 of 1000
Processing permulation 943 of 1000
Processing permulation 944 of 1000
Processing permulation 945 of 1000
Processing permulation 946 of 1000
Processing permulation 947 of 1000
Processing permulation 948 of 1000
Processing permulation 949 of 1000
Processing permulation 950 of 1000
Processing permulation 951 of 1000
Processing permulation 952 of 1000
Processing permulation 953 of 1000
Processing permulation 954 of 1000
Processing permulation 955 of 1000
Processing permulation 956 of 1000
Processing permulation 957 of 1000
Processing permulation 958 of 1000
Processing permulation 959 of 1000
Processing permulation 960 of 1000
Processing permulation 961 of 1000
Processing permulation 962 of 1000
Processing permulation 963 of 1000
Processing permulation 964 of 1000
Processing permulation 965 of 1000
Processing permulation 966 of 1000
Processing permulation 967 of 1000
Processing permulation 968 of 1000
Processing permulation 969 of 1000
Processing permulation 970 of 1000
Processing permulation 971 of 1000
Processing permulation 972 of 1000
Processing permulation 973 of 1000
Processing permulation 974 of 1000
Processing permulation 975 of 1000
Processing permulation 976 of 1000
Processing permulation 977 of 1000
Processing permulation 978 of 1000
Processing permulation 979 of 1000
Processing permulation 980 of 1000
Processing permulation 981 of 1000
Processing permulation 982 of 1000
Processing permulation 983 of 1000
Processing permulation 984 of 1000
Processing permulation 985 of 1000
Processing permulation 986 of 1000
Processing permulation 987 of 1000
Processing permulation 988 of 1000
Processing permulation 989 of 1000
Processing permulation 990 of 1000
Processing permulation 991 of 1000
Processing permulation 992 of 1000
Processing permulation 993 of 1000
Processing permulation 994 of 1000
Processing permulation 995 of 1000
Processing permulation 996 of 1000
Processing permulation 997 of 1000
Processing permulation 998 of 1000
Processing permulation 999 of 1000
Processing permulation 1000 of 1000
