ADAMTS13@0	0	1000	0.0		/home/miguel/IBE-UPF/TFM/Master_projects/PhyloPhere/Data/6.CAAS_traitfiles/Ranked/df8_sp.tab
ADAMTS13@1	3	1000	0.003	b_289,b_129,b_849	/home/miguel/IBE-UPF/TFM/Master_projects/PhyloPhere/Data/6.CAAS_traitfiles/Ranked/df8_sp.tab
ADAMTS13@2	0	1000	0.0		/home/miguel/IBE-UPF/TFM/Master_projects/PhyloPhere/Data/6.CAAS_traitfiles/Ranked/df8_sp.tab
ADAMTS13@3	0	1000	0.0		/home/miguel/IBE-UPF/TFM/Master_projects/PhyloPhere/Data/6.CAAS_traitfiles/Ranked/df8_sp.tab
ADAMTS13@4	4	1000	0.004	b_308,b_289,b_232,b_172	/home/miguel/IBE-UPF/TFM/Master_projects/PhyloPhere/Data/6.CAAS_traitfiles/Ranked/df8_sp.tab
ADAMTS13@5	0	1000	0.0		/home/miguel/IBE-UPF/TFM/Master_projects/PhyloPhere/Data/6.CAAS_traitfiles/Ranked/df8_sp.tab
ADAMTS13@6	0	1000	0.0		/home/miguel/IBE-UPF/TFM/Master_projects/PhyloPhere/Data/6.CAAS_traitfiles/Ranked/df8_sp.tab
ADAMTS13@7	0	1000	0.0		/home/miguel/IBE-UPF/TFM/Master_projects/PhyloPhere/Data/6.CAAS_traitfiles/Ranked/df8_sp.tab
ADAMTS13@8	3	1000	0.003	b_364,b_308,b_172	/home/miguel/IBE-UPF/TFM/Master_projects/PhyloPhere/Data/6.CAAS_traitfiles/Ranked/df8_sp.tab
ADAMTS13@9	4	1000	0.004	b_308,b_289,b_232,b_172	/home/miguel/IBE-UPF/TFM/Master_projects/PhyloPhere/Data/6.CAAS_traitfiles/Ranked/df8_sp.tab
ADAMTS13@11	0	1000	0.0		/home/miguel/IBE-UPF/TFM/Master_projects/PhyloPhere/Data/6.CAAS_traitfiles/Ranked/df8_sp.tab
ADAMTS13@12	1	1000	0.001	b_744	/home/miguel/IBE-UPF/TFM/Master_projects/PhyloPhere/Data/6.CAAS_traitfiles/Ranked/df8_sp.tab
ADAMTS13@13	0	1000	0.0		/home/miguel/IBE-UPF/TFM/Master_projects/PhyloPhere/Data/6.CAAS_traitfiles/Ranked/df8_sp.tab
ADAMTS13@14	5	1000	0.005	b_250,b_308,b_955,b_633,b_943	/home/miguel/IBE-UPF/TFM/Master_projects/PhyloPhere/Data/6.CAAS_traitfiles/Ranked/df8_sp.tab
ADAMTS13@15	0	1000	0.0		/home/miguel/IBE-UPF/TFM/Master_projects/PhyloPhere/Data/6.CAAS_traitfiles/Ranked/df8_sp.tab
ADAMTS13@16	0	1000	0.0		/home/miguel/IBE-UPF/TFM/Master_projects/PhyloPhere/Data/6.CAAS_traitfiles/Ranked/df8_sp.tab
ADAMTS13@17	13	1000	0.013	b_230,b_39,b_671,b_73,b_335,b_697,b_38,b_283,b_933,b_487,b_654,b_164,b_209	/home/miguel/IBE-UPF/TFM/Master_projects/PhyloPhere/Data/6.CAAS_traitfiles/Ranked/df8_sp.tab
ADAMTS13@18	0	1000	0.0		/home/miguel/IBE-UPF/TFM/Master_projects/PhyloPhere/Data/6.CAAS_traitfiles/Ranked/df8_sp.tab
ADAMTS13@19	0	1000	0.0		/home/miguel/IBE-UPF/TFM/Master_projects/PhyloPhere/Data/6.CAAS_traitfiles/Ranked/df8_sp.tab
ADAMTS13@20	0	1000	0.0		/home/miguel/IBE-UPF/TFM/Master_projects/PhyloPhere/Data/6.CAAS_traitfiles/Ranked/df8_sp.tab
ADAMTS13@21	0	1000	0.0		/home/miguel/IBE-UPF/TFM/Master_projects/PhyloPhere/Data/6.CAAS_traitfiles/Ranked/df8_sp.tab
ADAMTS13@24	0	1000	0.0		/home/miguel/IBE-UPF/TFM/Master_projects/PhyloPhere/Data/6.CAAS_traitfiles/Ranked/df8_sp.tab
ADAMTS13@25	0	1000	0.0		/home/miguel/IBE-UPF/TFM/Master_projects/PhyloPhere/Data/6.CAAS_traitfiles/Ranked/df8_sp.tab
ADAMTS13@26	7	1000	0.007	b_826,b_38,b_881,b_770,b_744,b_933,b_542	/home/miguel/IBE-UPF/TFM/Master_projects/PhyloPhere/Data/6.CAAS_traitfiles/Ranked/df8_sp.tab
ADAMTS13@27	0	1000	0.0		/home/miguel/IBE-UPF/TFM/Master_projects/PhyloPhere/Data/6.CAAS_traitfiles/Ranked/df8_sp.tab
ADAMTS13@41	20	1000	0.02	b_180,b_842,b_39,b_85,b_671,b_73,b_335,b_697,b_204,b_225,b_170,b_266,b_283,b_853,b_470,b_933,b_487,b_654,b_164,b_209	/home/miguel/IBE-UPF/TFM/Master_projects/PhyloPhere/Data/6.CAAS_traitfiles/Ranked/df8_sp.tab
ADAMTS13@45	0	1000	0.0		/home/miguel/IBE-UPF/TFM/Master_projects/PhyloPhere/Data/6.CAAS_traitfiles/Ranked/df8_sp.tab
ADAMTS13@60	20	1000	0.02	b_180,b_842,b_39,b_85,b_671,b_73,b_335,b_697,b_204,b_225,b_170,b_266,b_283,b_853,b_470,b_933,b_487,b_654,b_164,b_209	/home/miguel/IBE-UPF/TFM/Master_projects/PhyloPhere/Data/6.CAAS_traitfiles/Ranked/df8_sp.tab
ADAMTS13@70	0	1000	0.0		/home/miguel/IBE-UPF/TFM/Master_projects/PhyloPhere/Data/6.CAAS_traitfiles/Ranked/df8_sp.tab
ADAMTS13@71	0	1000	0.0		/home/miguel/IBE-UPF/TFM/Master_projects/PhyloPhere/Data/6.CAAS_traitfiles/Ranked/df8_sp.tab
ADAMTS13@73	0	1000	0.0		/home/miguel/IBE-UPF/TFM/Master_projects/PhyloPhere/Data/6.CAAS_traitfiles/Ranked/df8_sp.tab
ADAMTS13@74	0	1000	0.0		/home/miguel/IBE-UPF/TFM/Master_projects/PhyloPhere/Data/6.CAAS_traitfiles/Ranked/df8_sp.tab
ADAMTS13@83	0	1000	0.0		/home/miguel/IBE-UPF/TFM/Master_projects/PhyloPhere/Data/6.CAAS_traitfiles/Ranked/df8_sp.tab
ADAMTS13@85	0	1000	0.0		/home/miguel/IBE-UPF/TFM/Master_projects/PhyloPhere/Data/6.CAAS_traitfiles/Ranked/df8_sp.tab
ADAMTS13@86	0	1000	0.0		/home/miguel/IBE-UPF/TFM/Master_projects/PhyloPhere/Data/6.CAAS_traitfiles/Ranked/df8_sp.tab
ADAMTS13@87	0	1000	0.0		/home/miguel/IBE-UPF/TFM/Master_projects/PhyloPhere/Data/6.CAAS_traitfiles/Ranked/df8_sp.tab
ADAMTS13@95	20	1000	0.02	b_180,b_842,b_39,b_85,b_671,b_73,b_335,b_697,b_204,b_225,b_170,b_266,b_283,b_853,b_470,b_933,b_487,b_654,b_164,b_209	/home/miguel/IBE-UPF/TFM/Master_projects/PhyloPhere/Data/6.CAAS_traitfiles/Ranked/df8_sp.tab
ADAMTS13@97	0	1000	0.0		/home/miguel/IBE-UPF/TFM/Master_projects/PhyloPhere/Data/6.CAAS_traitfiles/Ranked/df8_sp.tab
ADAMTS13@100	0	1000	0.0		/home/miguel/IBE-UPF/TFM/Master_projects/PhyloPhere/Data/6.CAAS_traitfiles/Ranked/df8_sp.tab
ADAMTS13@101	0	1000	0.0		/home/miguel/IBE-UPF/TFM/Master_projects/PhyloPhere/Data/6.CAAS_traitfiles/Ranked/df8_sp.tab
ADAMTS13@104	20	1000	0.02	b_180,b_842,b_39,b_85,b_671,b_73,b_335,b_697,b_204,b_225,b_170,b_266,b_283,b_853,b_470,b_933,b_487,b_654,b_164,b_209	/home/miguel/IBE-UPF/TFM/Master_projects/PhyloPhere/Data/6.CAAS_traitfiles/Ranked/df8_sp.tab
ADAMTS13@107	0	1000	0.0		/home/miguel/IBE-UPF/TFM/Master_projects/PhyloPhere/Data/6.CAAS_traitfiles/Ranked/df8_sp.tab
ADAMTS13@112	3	1000	0.003	b_250,b_172,b_853	/home/miguel/IBE-UPF/TFM/Master_projects/PhyloPhere/Data/6.CAAS_traitfiles/Ranked/df8_sp.tab
ADAMTS13@115	0	1000	0.0		/home/miguel/IBE-UPF/TFM/Master_projects/PhyloPhere/Data/6.CAAS_traitfiles/Ranked/df8_sp.tab
ADAMTS13@116	0	1000	0.0		/home/miguel/IBE-UPF/TFM/Master_projects/PhyloPhere/Data/6.CAAS_traitfiles/Ranked/df8_sp.tab
ADAMTS13@122	0	1000	0.0		/home/miguel/IBE-UPF/TFM/Master_projects/PhyloPhere/Data/6.CAAS_traitfiles/Ranked/df8_sp.tab
ADAMTS13@125	0	1000	0.0		/home/miguel/IBE-UPF/TFM/Master_projects/PhyloPhere/Data/6.CAAS_traitfiles/Ranked/df8_sp.tab
ADAMTS13@136	0	1000	0.0		/home/miguel/IBE-UPF/TFM/Master_projects/PhyloPhere/Data/6.CAAS_traitfiles/Ranked/df8_sp.tab
ADAMTS13@137	0	1000	0.0		/home/miguel/IBE-UPF/TFM/Master_projects/PhyloPhere/Data/6.CAAS_traitfiles/Ranked/df8_sp.tab
ADAMTS13@148	0	1000	0.0		/home/miguel/IBE-UPF/TFM/Master_projects/PhyloPhere/Data/6.CAAS_traitfiles/Ranked/df8_sp.tab
ADAMTS13@151	8	1000	0.008	b_289,b_257,b_655,b_297,b_744,b_667,b_845,b_939	/home/miguel/IBE-UPF/TFM/Master_projects/PhyloPhere/Data/6.CAAS_traitfiles/Ranked/df8_sp.tab
ADAMTS13@152	0	1000	0.0		/home/miguel/IBE-UPF/TFM/Master_projects/PhyloPhere/Data/6.CAAS_traitfiles/Ranked/df8_sp.tab
ADAMTS13@177	20	1000	0.02	b_180,b_842,b_39,b_85,b_671,b_73,b_335,b_697,b_204,b_225,b_170,b_266,b_283,b_853,b_470,b_933,b_487,b_654,b_164,b_209	/home/miguel/IBE-UPF/TFM/Master_projects/PhyloPhere/Data/6.CAAS_traitfiles/Ranked/df8_sp.tab
ADAMTS13@180	0	1000	0.0		/home/miguel/IBE-UPF/TFM/Master_projects/PhyloPhere/Data/6.CAAS_traitfiles/Ranked/df8_sp.tab
ADAMTS13@184	0	1000	0.0		/home/miguel/IBE-UPF/TFM/Master_projects/PhyloPhere/Data/6.CAAS_traitfiles/Ranked/df8_sp.tab
ADAMTS13@188	0	1000	0.0		/home/miguel/IBE-UPF/TFM/Master_projects/PhyloPhere/Data/6.CAAS_traitfiles/Ranked/df8_sp.tab
ADAMTS13@195	0	1000	0.0		/home/miguel/IBE-UPF/TFM/Master_projects/PhyloPhere/Data/6.CAAS_traitfiles/Ranked/df8_sp.tab
ADAMTS13@197	20	1000	0.02	b_180,b_842,b_39,b_85,b_671,b_73,b_335,b_697,b_204,b_225,b_170,b_266,b_283,b_853,b_470,b_933,b_487,b_654,b_164,b_209	/home/miguel/IBE-UPF/TFM/Master_projects/PhyloPhere/Data/6.CAAS_traitfiles/Ranked/df8_sp.tab
ADAMTS13@198	0	1000	0.0		/home/miguel/IBE-UPF/TFM/Master_projects/PhyloPhere/Data/6.CAAS_traitfiles/Ranked/df8_sp.tab
ADAMTS13@199	0	1000	0.0		/home/miguel/IBE-UPF/TFM/Master_projects/PhyloPhere/Data/6.CAAS_traitfiles/Ranked/df8_sp.tab
ADAMTS13@200	20	1000	0.02	b_180,b_842,b_39,b_85,b_671,b_73,b_335,b_697,b_204,b_225,b_170,b_266,b_283,b_853,b_470,b_933,b_487,b_654,b_164,b_209	/home/miguel/IBE-UPF/TFM/Master_projects/PhyloPhere/Data/6.CAAS_traitfiles/Ranked/df8_sp.tab
ADAMTS13@201	0	1000	0.0		/home/miguel/IBE-UPF/TFM/Master_projects/PhyloPhere/Data/6.CAAS_traitfiles/Ranked/df8_sp.tab
ADAMTS13@207	0	1000	0.0		/home/miguel/IBE-UPF/TFM/Master_projects/PhyloPhere/Data/6.CAAS_traitfiles/Ranked/df8_sp.tab
ADAMTS13@211	8	1000	0.008	b_234,b_725,b_289,b_257,b_699,b_744,b_531,b_542	/home/miguel/IBE-UPF/TFM/Master_projects/PhyloPhere/Data/6.CAAS_traitfiles/Ranked/df8_sp.tab
ADAMTS13@214	20	1000	0.02	b_180,b_842,b_39,b_85,b_671,b_73,b_335,b_697,b_204,b_225,b_170,b_266,b_283,b_853,b_470,b_933,b_487,b_654,b_164,b_209	/home/miguel/IBE-UPF/TFM/Master_projects/PhyloPhere/Data/6.CAAS_traitfiles/Ranked/df8_sp.tab
ADAMTS13@215	20	1000	0.02	b_180,b_842,b_39,b_85,b_671,b_73,b_335,b_697,b_204,b_225,b_170,b_266,b_283,b_853,b_470,b_933,b_487,b_654,b_164,b_209	/home/miguel/IBE-UPF/TFM/Master_projects/PhyloPhere/Data/6.CAAS_traitfiles/Ranked/df8_sp.tab
ADAMTS13@218	0	1000	0.0		/home/miguel/IBE-UPF/TFM/Master_projects/PhyloPhere/Data/6.CAAS_traitfiles/Ranked/df8_sp.tab
ADAMTS13@219	0	1000	0.0		/home/miguel/IBE-UPF/TFM/Master_projects/PhyloPhere/Data/6.CAAS_traitfiles/Ranked/df8_sp.tab
ADAMTS13@220	0	1000	0.0		/home/miguel/IBE-UPF/TFM/Master_projects/PhyloPhere/Data/6.CAAS_traitfiles/Ranked/df8_sp.tab
ADAMTS13@223	0	1000	0.0		/home/miguel/IBE-UPF/TFM/Master_projects/PhyloPhere/Data/6.CAAS_traitfiles/Ranked/df8_sp.tab
ADAMTS13@225	12	1000	0.012	b_180,b_842,b_85,b_671,b_73,b_71,b_266,b_283,b_470,b_933,b_487,b_209	/home/miguel/IBE-UPF/TFM/Master_projects/PhyloPhere/Data/6.CAAS_traitfiles/Ranked/df8_sp.tab
ADAMTS13@226	0	1000	0.0		/home/miguel/IBE-UPF/TFM/Master_projects/PhyloPhere/Data/6.CAAS_traitfiles/Ranked/df8_sp.tab
ADAMTS13@228	0	1000	0.0		/home/miguel/IBE-UPF/TFM/Master_projects/PhyloPhere/Data/6.CAAS_traitfiles/Ranked/df8_sp.tab
ADAMTS13@230	4	1000	0.004	b_250,b_955,b_172,b_939	/home/miguel/IBE-UPF/TFM/Master_projects/PhyloPhere/Data/6.CAAS_traitfiles/Ranked/df8_sp.tab
ADAMTS13@231	0	1000	0.0		/home/miguel/IBE-UPF/TFM/Master_projects/PhyloPhere/Data/6.CAAS_traitfiles/Ranked/df8_sp.tab
ADAMTS13@232	0	1000	0.0		/home/miguel/IBE-UPF/TFM/Master_projects/PhyloPhere/Data/6.CAAS_traitfiles/Ranked/df8_sp.tab
ADAMTS13@236	0	1000	0.0		/home/miguel/IBE-UPF/TFM/Master_projects/PhyloPhere/Data/6.CAAS_traitfiles/Ranked/df8_sp.tab
ADAMTS13@237	0	1000	0.0		/home/miguel/IBE-UPF/TFM/Master_projects/PhyloPhere/Data/6.CAAS_traitfiles/Ranked/df8_sp.tab
ADAMTS13@238	3	1000	0.003	b_443,b_86,b_335	/home/miguel/IBE-UPF/TFM/Master_projects/PhyloPhere/Data/6.CAAS_traitfiles/Ranked/df8_sp.tab
ADAMTS13@242	20	1000	0.02	b_180,b_842,b_39,b_85,b_671,b_73,b_335,b_697,b_204,b_225,b_170,b_266,b_283,b_853,b_470,b_933,b_487,b_654,b_164,b_209	/home/miguel/IBE-UPF/TFM/Master_projects/PhyloPhere/Data/6.CAAS_traitfiles/Ranked/df8_sp.tab
ADAMTS13@248	20	1000	0.02	b_180,b_842,b_39,b_85,b_671,b_73,b_335,b_697,b_204,b_225,b_170,b_266,b_283,b_853,b_470,b_933,b_487,b_654,b_164,b_209	/home/miguel/IBE-UPF/TFM/Master_projects/PhyloPhere/Data/6.CAAS_traitfiles/Ranked/df8_sp.tab
ADAMTS13@251	0	1000	0.0		/home/miguel/IBE-UPF/TFM/Master_projects/PhyloPhere/Data/6.CAAS_traitfiles/Ranked/df8_sp.tab
ADAMTS13@255	0	1000	0.0		/home/miguel/IBE-UPF/TFM/Master_projects/PhyloPhere/Data/6.CAAS_traitfiles/Ranked/df8_sp.tab
ADAMTS13@257	0	1000	0.0		/home/miguel/IBE-UPF/TFM/Master_projects/PhyloPhere/Data/6.CAAS_traitfiles/Ranked/df8_sp.tab
ADAMTS13@258	20	1000	0.02	b_180,b_842,b_39,b_85,b_671,b_73,b_335,b_697,b_204,b_225,b_170,b_266,b_283,b_853,b_470,b_933,b_487,b_654,b_164,b_209	/home/miguel/IBE-UPF/TFM/Master_projects/PhyloPhere/Data/6.CAAS_traitfiles/Ranked/df8_sp.tab
ADAMTS13@259	0	1000	0.0		/home/miguel/IBE-UPF/TFM/Master_projects/PhyloPhere/Data/6.CAAS_traitfiles/Ranked/df8_sp.tab
ADAMTS13@261	0	1000	0.0		/home/miguel/IBE-UPF/TFM/Master_projects/PhyloPhere/Data/6.CAAS_traitfiles/Ranked/df8_sp.tab
ADAMTS13@274	0	1000	0.0		/home/miguel/IBE-UPF/TFM/Master_projects/PhyloPhere/Data/6.CAAS_traitfiles/Ranked/df8_sp.tab
ADAMTS13@275	0	1000	0.0		/home/miguel/IBE-UPF/TFM/Master_projects/PhyloPhere/Data/6.CAAS_traitfiles/Ranked/df8_sp.tab
ADAMTS13@280	0	1000	0.0		/home/miguel/IBE-UPF/TFM/Master_projects/PhyloPhere/Data/6.CAAS_traitfiles/Ranked/df8_sp.tab
ADAMTS13@282	11	1000	0.011	b_180,b_842,b_95,b_169,b_204,b_225,b_170,b_853,b_933,b_654,b_209	/home/miguel/IBE-UPF/TFM/Master_projects/PhyloPhere/Data/6.CAAS_traitfiles/Ranked/df8_sp.tab
ADAMTS13@289	0	1000	0.0		/home/miguel/IBE-UPF/TFM/Master_projects/PhyloPhere/Data/6.CAAS_traitfiles/Ranked/df8_sp.tab
ADAMTS13@292	0	1000	0.0		/home/miguel/IBE-UPF/TFM/Master_projects/PhyloPhere/Data/6.CAAS_traitfiles/Ranked/df8_sp.tab
ADAMTS13@293	0	1000	0.0		/home/miguel/IBE-UPF/TFM/Master_projects/PhyloPhere/Data/6.CAAS_traitfiles/Ranked/df8_sp.tab
ADAMTS13@298	0	1000	0.0		/home/miguel/IBE-UPF/TFM/Master_projects/PhyloPhere/Data/6.CAAS_traitfiles/Ranked/df8_sp.tab
ADAMTS13@302	21	1000	0.021	b_180,b_842,b_39,b_85,b_671,b_73,b_335,b_98,b_697,b_204,b_225,b_170,b_266,b_283,b_853,b_470,b_933,b_487,b_654,b_164,b_209	/home/miguel/IBE-UPF/TFM/Master_projects/PhyloPhere/Data/6.CAAS_traitfiles/Ranked/df8_sp.tab
ADAMTS13@305	4	1000	0.004	b_85,b_73,b_266,b_882	/home/miguel/IBE-UPF/TFM/Master_projects/PhyloPhere/Data/6.CAAS_traitfiles/Ranked/df8_sp.tab
ADAMTS13@306	0	1000	0.0		/home/miguel/IBE-UPF/TFM/Master_projects/PhyloPhere/Data/6.CAAS_traitfiles/Ranked/df8_sp.tab
ADAMTS13@308	0	1000	0.0		/home/miguel/IBE-UPF/TFM/Master_projects/PhyloPhere/Data/6.CAAS_traitfiles/Ranked/df8_sp.tab
ADAMTS13@310	20	1000	0.02	b_180,b_842,b_39,b_85,b_671,b_73,b_335,b_697,b_204,b_225,b_170,b_266,b_283,b_853,b_470,b_933,b_487,b_654,b_164,b_209	/home/miguel/IBE-UPF/TFM/Master_projects/PhyloPhere/Data/6.CAAS_traitfiles/Ranked/df8_sp.tab
ADAMTS13@311	0	1000	0.0		/home/miguel/IBE-UPF/TFM/Master_projects/PhyloPhere/Data/6.CAAS_traitfiles/Ranked/df8_sp.tab
ADAMTS13@314	30	1000	0.03	b_822,b_725,b_308,b_651,b_538,b_78,b_289,b_102,b_865,b_257,b_855,b_225,b_170,b_185,b_232,b_297,b_396,b_172,b_744,b_176,b_873,b_667,b_853,b_692,b_248,b_577,b_845,b_654,b_939,b_209	/home/miguel/IBE-UPF/TFM/Master_projects/PhyloPhere/Data/6.CAAS_traitfiles/Ranked/df8_sp.tab
ADAMTS13@316	0	1000	0.0		/home/miguel/IBE-UPF/TFM/Master_projects/PhyloPhere/Data/6.CAAS_traitfiles/Ranked/df8_sp.tab
ADAMTS13@321	0	1000	0.0		/home/miguel/IBE-UPF/TFM/Master_projects/PhyloPhere/Data/6.CAAS_traitfiles/Ranked/df8_sp.tab
ADAMTS13@322	0	1000	0.0		/home/miguel/IBE-UPF/TFM/Master_projects/PhyloPhere/Data/6.CAAS_traitfiles/Ranked/df8_sp.tab
ADAMTS13@323	21	1000	0.021	b_86,b_308,b_538,b_289,b_102,b_637,b_865,b_257,b_484,b_237,b_232,b_396,b_172,b_744,b_176,b_882,b_667,b_692,b_577,b_845,b_939	/home/miguel/IBE-UPF/TFM/Master_projects/PhyloPhere/Data/6.CAAS_traitfiles/Ranked/df8_sp.tab
ADAMTS13@325	0	1000	0.0		/home/miguel/IBE-UPF/TFM/Master_projects/PhyloPhere/Data/6.CAAS_traitfiles/Ranked/df8_sp.tab
ADAMTS13@340	0	1000	0.0		/home/miguel/IBE-UPF/TFM/Master_projects/PhyloPhere/Data/6.CAAS_traitfiles/Ranked/df8_sp.tab
ADAMTS13@342	25	1000	0.025	b_822,b_308,b_651,b_538,b_78,b_289,b_102,b_865,b_257,b_225,b_185,b_232,b_297,b_396,b_172,b_744,b_176,b_873,b_667,b_853,b_692,b_577,b_845,b_654,b_939	/home/miguel/IBE-UPF/TFM/Master_projects/PhyloPhere/Data/6.CAAS_traitfiles/Ranked/df8_sp.tab
ADAMTS13@352	0	1000	0.0		/home/miguel/IBE-UPF/TFM/Master_projects/PhyloPhere/Data/6.CAAS_traitfiles/Ranked/df8_sp.tab
ADAMTS13@354	0	1000	0.0		/home/miguel/IBE-UPF/TFM/Master_projects/PhyloPhere/Data/6.CAAS_traitfiles/Ranked/df8_sp.tab
ADAMTS13@362	0	1000	0.0		/home/miguel/IBE-UPF/TFM/Master_projects/PhyloPhere/Data/6.CAAS_traitfiles/Ranked/df8_sp.tab
ADAMTS13@365	0	1000	0.0		/home/miguel/IBE-UPF/TFM/Master_projects/PhyloPhere/Data/6.CAAS_traitfiles/Ranked/df8_sp.tab
ADAMTS13@369	0	1000	0.0		/home/miguel/IBE-UPF/TFM/Master_projects/PhyloPhere/Data/6.CAAS_traitfiles/Ranked/df8_sp.tab
ADAMTS13@371	0	1000	0.0		/home/miguel/IBE-UPF/TFM/Master_projects/PhyloPhere/Data/6.CAAS_traitfiles/Ranked/df8_sp.tab
ADAMTS13@382	20	1000	0.02	b_180,b_842,b_39,b_85,b_671,b_73,b_335,b_697,b_204,b_225,b_170,b_266,b_283,b_853,b_470,b_933,b_487,b_654,b_164,b_209	/home/miguel/IBE-UPF/TFM/Master_projects/PhyloPhere/Data/6.CAAS_traitfiles/Ranked/df8_sp.tab
ADAMTS13@385	2	1000	0.002	b_436,b_266	/home/miguel/IBE-UPF/TFM/Master_projects/PhyloPhere/Data/6.CAAS_traitfiles/Ranked/df8_sp.tab
ADAMTS13@389	4	1000	0.004	b_289,b_257,b_744,b_845	/home/miguel/IBE-UPF/TFM/Master_projects/PhyloPhere/Data/6.CAAS_traitfiles/Ranked/df8_sp.tab
ADAMTS13@390	20	1000	0.02	b_180,b_842,b_39,b_85,b_671,b_73,b_335,b_697,b_204,b_225,b_170,b_266,b_283,b_853,b_470,b_933,b_487,b_654,b_164,b_209	/home/miguel/IBE-UPF/TFM/Master_projects/PhyloPhere/Data/6.CAAS_traitfiles/Ranked/df8_sp.tab
ADAMTS13@391	0	1000	0.0		/home/miguel/IBE-UPF/TFM/Master_projects/PhyloPhere/Data/6.CAAS_traitfiles/Ranked/df8_sp.tab
ADAMTS13@392	0	1000	0.0		/home/miguel/IBE-UPF/TFM/Master_projects/PhyloPhere/Data/6.CAAS_traitfiles/Ranked/df8_sp.tab
ADAMTS13@394	0	1000	0.0		/home/miguel/IBE-UPF/TFM/Master_projects/PhyloPhere/Data/6.CAAS_traitfiles/Ranked/df8_sp.tab
ADAMTS13@395	12	1000	0.012	b_272,b_250,b_444,b_19,b_308,b_538,b_955,b_227,b_633,b_943,b_882,b_796	/home/miguel/IBE-UPF/TFM/Master_projects/PhyloPhere/Data/6.CAAS_traitfiles/Ranked/df8_sp.tab
ADAMTS13@398	25	1000	0.025	b_822,b_308,b_651,b_538,b_78,b_289,b_102,b_865,b_257,b_225,b_185,b_232,b_297,b_396,b_172,b_744,b_176,b_873,b_667,b_853,b_692,b_577,b_845,b_654,b_939	/home/miguel/IBE-UPF/TFM/Master_projects/PhyloPhere/Data/6.CAAS_traitfiles/Ranked/df8_sp.tab
ADAMTS13@399	10	1000	0.01	b_180,b_39,b_671,b_811,b_459,b_170,b_71,b_344,b_654,b_164	/home/miguel/IBE-UPF/TFM/Master_projects/PhyloPhere/Data/6.CAAS_traitfiles/Ranked/df8_sp.tab
ADAMTS13@404	20	1000	0.02	b_180,b_842,b_39,b_85,b_671,b_73,b_335,b_697,b_204,b_225,b_170,b_266,b_283,b_853,b_470,b_933,b_487,b_654,b_164,b_209	/home/miguel/IBE-UPF/TFM/Master_projects/PhyloPhere/Data/6.CAAS_traitfiles/Ranked/df8_sp.tab
ADAMTS13@405	20	1000	0.02	b_180,b_842,b_39,b_85,b_671,b_73,b_335,b_697,b_204,b_225,b_170,b_266,b_283,b_853,b_470,b_933,b_487,b_654,b_164,b_209	/home/miguel/IBE-UPF/TFM/Master_projects/PhyloPhere/Data/6.CAAS_traitfiles/Ranked/df8_sp.tab
ADAMTS13@412	0	1000	0.0		/home/miguel/IBE-UPF/TFM/Master_projects/PhyloPhere/Data/6.CAAS_traitfiles/Ranked/df8_sp.tab
ADAMTS13@418	0	1000	0.0		/home/miguel/IBE-UPF/TFM/Master_projects/PhyloPhere/Data/6.CAAS_traitfiles/Ranked/df8_sp.tab
ADAMTS13@420	0	1000	0.0		/home/miguel/IBE-UPF/TFM/Master_projects/PhyloPhere/Data/6.CAAS_traitfiles/Ranked/df8_sp.tab
ADAMTS13@423	0	1000	0.0		/home/miguel/IBE-UPF/TFM/Master_projects/PhyloPhere/Data/6.CAAS_traitfiles/Ranked/df8_sp.tab
ADAMTS13@426	0	1000	0.0		/home/miguel/IBE-UPF/TFM/Master_projects/PhyloPhere/Data/6.CAAS_traitfiles/Ranked/df8_sp.tab
ADAMTS13@427	20	1000	0.02	b_180,b_842,b_39,b_85,b_671,b_73,b_335,b_697,b_204,b_225,b_170,b_266,b_283,b_853,b_470,b_933,b_487,b_654,b_164,b_209	/home/miguel/IBE-UPF/TFM/Master_projects/PhyloPhere/Data/6.CAAS_traitfiles/Ranked/df8_sp.tab
ADAMTS13@433	0	1000	0.0		/home/miguel/IBE-UPF/TFM/Master_projects/PhyloPhere/Data/6.CAAS_traitfiles/Ranked/df8_sp.tab
ADAMTS13@439	0	1000	0.0		/home/miguel/IBE-UPF/TFM/Master_projects/PhyloPhere/Data/6.CAAS_traitfiles/Ranked/df8_sp.tab
ADAMTS13@441	0	1000	0.0		/home/miguel/IBE-UPF/TFM/Master_projects/PhyloPhere/Data/6.CAAS_traitfiles/Ranked/df8_sp.tab
ADAMTS13@442	0	1000	0.0		/home/miguel/IBE-UPF/TFM/Master_projects/PhyloPhere/Data/6.CAAS_traitfiles/Ranked/df8_sp.tab
ADAMTS13@443	0	1000	0.0		/home/miguel/IBE-UPF/TFM/Master_projects/PhyloPhere/Data/6.CAAS_traitfiles/Ranked/df8_sp.tab
ADAMTS13@444	0	1000	0.0		/home/miguel/IBE-UPF/TFM/Master_projects/PhyloPhere/Data/6.CAAS_traitfiles/Ranked/df8_sp.tab
ADAMTS13@448	0	1000	0.0		/home/miguel/IBE-UPF/TFM/Master_projects/PhyloPhere/Data/6.CAAS_traitfiles/Ranked/df8_sp.tab
ADAMTS13@459	0	1000	0.0		/home/miguel/IBE-UPF/TFM/Master_projects/PhyloPhere/Data/6.CAAS_traitfiles/Ranked/df8_sp.tab
ADAMTS13@470	0	1000	0.0		/home/miguel/IBE-UPF/TFM/Master_projects/PhyloPhere/Data/6.CAAS_traitfiles/Ranked/df8_sp.tab
ADAMTS13@471	0	1000	0.0		/home/miguel/IBE-UPF/TFM/Master_projects/PhyloPhere/Data/6.CAAS_traitfiles/Ranked/df8_sp.tab
ADAMTS13@472	0	1000	0.0		/home/miguel/IBE-UPF/TFM/Master_projects/PhyloPhere/Data/6.CAAS_traitfiles/Ranked/df8_sp.tab
ADAMTS13@474	2	1000	0.002	b_864,b_943	/home/miguel/IBE-UPF/TFM/Master_projects/PhyloPhere/Data/6.CAAS_traitfiles/Ranked/df8_sp.tab
ADAMTS13@476	22	1000	0.022	b_822,b_651,b_78,b_289,b_102,b_865,b_257,b_225,b_185,b_232,b_396,b_172,b_744,b_176,b_668,b_667,b_853,b_692,b_577,b_845,b_654,b_939	/home/miguel/IBE-UPF/TFM/Master_projects/PhyloPhere/Data/6.CAAS_traitfiles/Ranked/df8_sp.tab
ADAMTS13@484	0	1000	0.0		/home/miguel/IBE-UPF/TFM/Master_projects/PhyloPhere/Data/6.CAAS_traitfiles/Ranked/df8_sp.tab
ADAMTS13@488	0	1000	0.0		/home/miguel/IBE-UPF/TFM/Master_projects/PhyloPhere/Data/6.CAAS_traitfiles/Ranked/df8_sp.tab
ADAMTS13@489	28	1000	0.028	b_822,b_436,b_984,b_651,b_538,b_78,b_289,b_693,b_983,b_671,b_865,b_828,b_129,b_478,b_722,b_225,b_767,b_297,b_849,b_276,b_149,b_873,b_853,b_470,b_692,b_845,b_654,b_164	/home/miguel/IBE-UPF/TFM/Master_projects/PhyloPhere/Data/6.CAAS_traitfiles/Ranked/df8_sp.tab
ADAMTS13@494	0	1000	0.0		/home/miguel/IBE-UPF/TFM/Master_projects/PhyloPhere/Data/6.CAAS_traitfiles/Ranked/df8_sp.tab
ADAMTS13@496	0	1000	0.0		/home/miguel/IBE-UPF/TFM/Master_projects/PhyloPhere/Data/6.CAAS_traitfiles/Ranked/df8_sp.tab
ADAMTS13@497	0	1000	0.0		/home/miguel/IBE-UPF/TFM/Master_projects/PhyloPhere/Data/6.CAAS_traitfiles/Ranked/df8_sp.tab
ADAMTS13@498	32	1000	0.032	b_30,b_822,b_364,b_96,b_308,b_651,b_538,b_78,b_289,b_952,b_102,b_730,b_865,b_257,b_225,b_185,b_655,b_232,b_297,b_396,b_172,b_744,b_176,b_695,b_873,b_667,b_853,b_692,b_577,b_845,b_654,b_939	/home/miguel/IBE-UPF/TFM/Master_projects/PhyloPhere/Data/6.CAAS_traitfiles/Ranked/df8_sp.tab
ADAMTS13@509	0	1000	0.0		/home/miguel/IBE-UPF/TFM/Master_projects/PhyloPhere/Data/6.CAAS_traitfiles/Ranked/df8_sp.tab
ADAMTS13@515	9	1000	0.009	b_272,b_250,b_308,b_538,b_955,b_637,b_227,b_633,b_943	/home/miguel/IBE-UPF/TFM/Master_projects/PhyloPhere/Data/6.CAAS_traitfiles/Ranked/df8_sp.tab
ADAMTS13@516	0	1000	0.0		/home/miguel/IBE-UPF/TFM/Master_projects/PhyloPhere/Data/6.CAAS_traitfiles/Ranked/df8_sp.tab
ADAMTS13@518	0	1000	0.0		/home/miguel/IBE-UPF/TFM/Master_projects/PhyloPhere/Data/6.CAAS_traitfiles/Ranked/df8_sp.tab
ADAMTS13@523	20	1000	0.02	b_180,b_842,b_39,b_85,b_671,b_73,b_335,b_697,b_204,b_225,b_170,b_266,b_283,b_853,b_470,b_933,b_487,b_654,b_164,b_209	/home/miguel/IBE-UPF/TFM/Master_projects/PhyloPhere/Data/6.CAAS_traitfiles/Ranked/df8_sp.tab
ADAMTS13@528	0	1000	0.0		/home/miguel/IBE-UPF/TFM/Master_projects/PhyloPhere/Data/6.CAAS_traitfiles/Ranked/df8_sp.tab
ADAMTS13@529	0	1000	0.0		/home/miguel/IBE-UPF/TFM/Master_projects/PhyloPhere/Data/6.CAAS_traitfiles/Ranked/df8_sp.tab
ADAMTS13@531	29	1000	0.029	b_30,b_822,b_308,b_651,b_538,b_78,b_289,b_952,b_102,b_730,b_865,b_257,b_225,b_185,b_655,b_232,b_297,b_396,b_172,b_744,b_176,b_873,b_667,b_853,b_692,b_577,b_845,b_654,b_939	/home/miguel/IBE-UPF/TFM/Master_projects/PhyloPhere/Data/6.CAAS_traitfiles/Ranked/df8_sp.tab
ADAMTS13@538	0	1000	0.0		/home/miguel/IBE-UPF/TFM/Master_projects/PhyloPhere/Data/6.CAAS_traitfiles/Ranked/df8_sp.tab
ADAMTS13@539	20	1000	0.02	b_768,b_308,b_538,b_289,b_102,b_637,b_865,b_257,b_129,b_237,b_232,b_396,b_172,b_744,b_176,b_667,b_692,b_577,b_845,b_939	/home/miguel/IBE-UPF/TFM/Master_projects/PhyloPhere/Data/6.CAAS_traitfiles/Ranked/df8_sp.tab
ADAMTS13@544	3	1000	0.003	b_86,b_308,b_484	/home/miguel/IBE-UPF/TFM/Master_projects/PhyloPhere/Data/6.CAAS_traitfiles/Ranked/df8_sp.tab
ADAMTS13@547	0	1000	0.0		/home/miguel/IBE-UPF/TFM/Master_projects/PhyloPhere/Data/6.CAAS_traitfiles/Ranked/df8_sp.tab
ADAMTS13@550	0	1000	0.0		/home/miguel/IBE-UPF/TFM/Master_projects/PhyloPhere/Data/6.CAAS_traitfiles/Ranked/df8_sp.tab
ADAMTS13@554	0	1000	0.0		/home/miguel/IBE-UPF/TFM/Master_projects/PhyloPhere/Data/6.CAAS_traitfiles/Ranked/df8_sp.tab
ADAMTS13@556	0	1000	0.0		/home/miguel/IBE-UPF/TFM/Master_projects/PhyloPhere/Data/6.CAAS_traitfiles/Ranked/df8_sp.tab
ADAMTS13@559	0	1000	0.0		/home/miguel/IBE-UPF/TFM/Master_projects/PhyloPhere/Data/6.CAAS_traitfiles/Ranked/df8_sp.tab
ADAMTS13@561	0	1000	0.0		/home/miguel/IBE-UPF/TFM/Master_projects/PhyloPhere/Data/6.CAAS_traitfiles/Ranked/df8_sp.tab
ADAMTS13@569	0	1000	0.0		/home/miguel/IBE-UPF/TFM/Master_projects/PhyloPhere/Data/6.CAAS_traitfiles/Ranked/df8_sp.tab
ADAMTS13@574	0	1000	0.0		/home/miguel/IBE-UPF/TFM/Master_projects/PhyloPhere/Data/6.CAAS_traitfiles/Ranked/df8_sp.tab
ADAMTS13@576	20	1000	0.02	b_180,b_842,b_39,b_85,b_671,b_73,b_335,b_697,b_204,b_225,b_170,b_266,b_283,b_853,b_470,b_933,b_487,b_654,b_164,b_209	/home/miguel/IBE-UPF/TFM/Master_projects/PhyloPhere/Data/6.CAAS_traitfiles/Ranked/df8_sp.tab
ADAMTS13@578	0	1000	0.0		/home/miguel/IBE-UPF/TFM/Master_projects/PhyloPhere/Data/6.CAAS_traitfiles/Ranked/df8_sp.tab
ADAMTS13@580	0	1000	0.0		/home/miguel/IBE-UPF/TFM/Master_projects/PhyloPhere/Data/6.CAAS_traitfiles/Ranked/df8_sp.tab
ADAMTS13@582	20	1000	0.02	b_180,b_842,b_39,b_85,b_671,b_73,b_335,b_697,b_204,b_225,b_170,b_266,b_283,b_853,b_470,b_933,b_487,b_654,b_164,b_209	/home/miguel/IBE-UPF/TFM/Master_projects/PhyloPhere/Data/6.CAAS_traitfiles/Ranked/df8_sp.tab
ADAMTS13@583	20	1000	0.02	b_180,b_842,b_39,b_85,b_671,b_73,b_335,b_697,b_204,b_225,b_170,b_266,b_283,b_853,b_470,b_933,b_487,b_654,b_164,b_209	/home/miguel/IBE-UPF/TFM/Master_projects/PhyloPhere/Data/6.CAAS_traitfiles/Ranked/df8_sp.tab
ADAMTS13@590	0	1000	0.0		/home/miguel/IBE-UPF/TFM/Master_projects/PhyloPhere/Data/6.CAAS_traitfiles/Ranked/df8_sp.tab
ADAMTS13@592	20	1000	0.02	b_180,b_842,b_39,b_85,b_671,b_73,b_335,b_697,b_204,b_225,b_170,b_266,b_283,b_853,b_470,b_933,b_487,b_654,b_164,b_209	/home/miguel/IBE-UPF/TFM/Master_projects/PhyloPhere/Data/6.CAAS_traitfiles/Ranked/df8_sp.tab
ADAMTS13@597	24	1000	0.024	b_180,b_842,b_39,b_85,b_671,b_73,b_335,b_697,b_204,b_225,b_170,b_820,b_260,b_861,b_266,b_283,b_882,b_853,b_470,b_933,b_487,b_654,b_164,b_209	/home/miguel/IBE-UPF/TFM/Master_projects/PhyloPhere/Data/6.CAAS_traitfiles/Ranked/df8_sp.tab
ADAMTS13@600	0	1000	0.0		/home/miguel/IBE-UPF/TFM/Master_projects/PhyloPhere/Data/6.CAAS_traitfiles/Ranked/df8_sp.tab
ADAMTS13@603	10	1000	0.01	b_538,b_289,b_257,b_185,b_297,b_396,b_744,b_667,b_845,b_939	/home/miguel/IBE-UPF/TFM/Master_projects/PhyloPhere/Data/6.CAAS_traitfiles/Ranked/df8_sp.tab
ADAMTS13@604	0	1000	0.0		/home/miguel/IBE-UPF/TFM/Master_projects/PhyloPhere/Data/6.CAAS_traitfiles/Ranked/df8_sp.tab
ADAMTS13@606	0	1000	0.0		/home/miguel/IBE-UPF/TFM/Master_projects/PhyloPhere/Data/6.CAAS_traitfiles/Ranked/df8_sp.tab
ADAMTS13@612	0	1000	0.0		/home/miguel/IBE-UPF/TFM/Master_projects/PhyloPhere/Data/6.CAAS_traitfiles/Ranked/df8_sp.tab
ADAMTS13@613	14	1000	0.014	b_725,b_842,b_671,b_335,b_459,b_697,b_204,b_225,b_283,b_853,b_66,b_933,b_344,b_164	/home/miguel/IBE-UPF/TFM/Master_projects/PhyloPhere/Data/6.CAAS_traitfiles/Ranked/df8_sp.tab
ADAMTS13@614	0	1000	0.0		/home/miguel/IBE-UPF/TFM/Master_projects/PhyloPhere/Data/6.CAAS_traitfiles/Ranked/df8_sp.tab
ADAMTS13@615	0	1000	0.0		/home/miguel/IBE-UPF/TFM/Master_projects/PhyloPhere/Data/6.CAAS_traitfiles/Ranked/df8_sp.tab
ADAMTS13@617	3	1000	0.003	b_250,b_308,b_484	/home/miguel/IBE-UPF/TFM/Master_projects/PhyloPhere/Data/6.CAAS_traitfiles/Ranked/df8_sp.tab
ADAMTS13@621	0	1000	0.0		/home/miguel/IBE-UPF/TFM/Master_projects/PhyloPhere/Data/6.CAAS_traitfiles/Ranked/df8_sp.tab
ADAMTS13@622	0	1000	0.0		/home/miguel/IBE-UPF/TFM/Master_projects/PhyloPhere/Data/6.CAAS_traitfiles/Ranked/df8_sp.tab
ADAMTS13@633	3	1000	0.003	b_747,b_237,b_744	/home/miguel/IBE-UPF/TFM/Master_projects/PhyloPhere/Data/6.CAAS_traitfiles/Ranked/df8_sp.tab
ADAMTS13@637	20	1000	0.02	b_180,b_842,b_39,b_85,b_671,b_73,b_335,b_697,b_204,b_225,b_170,b_266,b_283,b_853,b_470,b_933,b_487,b_654,b_164,b_209	/home/miguel/IBE-UPF/TFM/Master_projects/PhyloPhere/Data/6.CAAS_traitfiles/Ranked/df8_sp.tab
ADAMTS13@645	0	1000	0.0		/home/miguel/IBE-UPF/TFM/Master_projects/PhyloPhere/Data/6.CAAS_traitfiles/Ranked/df8_sp.tab
ADAMTS13@646	0	1000	0.0		/home/miguel/IBE-UPF/TFM/Master_projects/PhyloPhere/Data/6.CAAS_traitfiles/Ranked/df8_sp.tab
ADAMTS13@648	11	1000	0.011	b_39,b_897,b_244,b_572,b_335,b_561,b_881,b_283,b_882,b_933,b_487	/home/miguel/IBE-UPF/TFM/Master_projects/PhyloPhere/Data/6.CAAS_traitfiles/Ranked/df8_sp.tab
ADAMTS13@649	0	1000	0.0		/home/miguel/IBE-UPF/TFM/Master_projects/PhyloPhere/Data/6.CAAS_traitfiles/Ranked/df8_sp.tab
ADAMTS13@651	16	1000	0.016	b_180,b_39,b_85,b_244,b_572,b_73,b_335,b_697,b_170,b_266,b_283,b_853,b_470,b_933,b_487,b_164	/home/miguel/IBE-UPF/TFM/Master_projects/PhyloPhere/Data/6.CAAS_traitfiles/Ranked/df8_sp.tab
ADAMTS13@652	0	1000	0.0		/home/miguel/IBE-UPF/TFM/Master_projects/PhyloPhere/Data/6.CAAS_traitfiles/Ranked/df8_sp.tab
ADAMTS13@653	2	1000	0.002	b_770,b_744	/home/miguel/IBE-UPF/TFM/Master_projects/PhyloPhere/Data/6.CAAS_traitfiles/Ranked/df8_sp.tab
ADAMTS13@655	14	1000	0.014	b_78,b_289,b_257,b_297,b_172,b_744,b_176,b_873,b_667,b_692,b_577,b_845,b_654,b_939	/home/miguel/IBE-UPF/TFM/Master_projects/PhyloPhere/Data/6.CAAS_traitfiles/Ranked/df8_sp.tab
ADAMTS13@658	21	1000	0.021	b_180,b_842,b_39,b_85,b_671,b_73,b_335,b_697,b_204,b_225,b_170,b_266,b_283,b_882,b_853,b_470,b_933,b_487,b_654,b_164,b_209	/home/miguel/IBE-UPF/TFM/Master_projects/PhyloPhere/Data/6.CAAS_traitfiles/Ranked/df8_sp.tab
ADAMTS13@659	0	1000	0.0		/home/miguel/IBE-UPF/TFM/Master_projects/PhyloPhere/Data/6.CAAS_traitfiles/Ranked/df8_sp.tab
ADAMTS13@664	0	1000	0.0		/home/miguel/IBE-UPF/TFM/Master_projects/PhyloPhere/Data/6.CAAS_traitfiles/Ranked/df8_sp.tab
ADAMTS13@669	20	1000	0.02	b_180,b_842,b_39,b_85,b_671,b_73,b_335,b_697,b_204,b_225,b_170,b_266,b_283,b_853,b_470,b_933,b_487,b_654,b_164,b_209	/home/miguel/IBE-UPF/TFM/Master_projects/PhyloPhere/Data/6.CAAS_traitfiles/Ranked/df8_sp.tab
ADAMTS13@670	0	1000	0.0		/home/miguel/IBE-UPF/TFM/Master_projects/PhyloPhere/Data/6.CAAS_traitfiles/Ranked/df8_sp.tab
ADAMTS13@675	0	1000	0.0		/home/miguel/IBE-UPF/TFM/Master_projects/PhyloPhere/Data/6.CAAS_traitfiles/Ranked/df8_sp.tab
ADAMTS13@676	0	1000	0.0		/home/miguel/IBE-UPF/TFM/Master_projects/PhyloPhere/Data/6.CAAS_traitfiles/Ranked/df8_sp.tab
ADAMTS13@677	0	1000	0.0		/home/miguel/IBE-UPF/TFM/Master_projects/PhyloPhere/Data/6.CAAS_traitfiles/Ranked/df8_sp.tab
ADAMTS13@678	0	1000	0.0		/home/miguel/IBE-UPF/TFM/Master_projects/PhyloPhere/Data/6.CAAS_traitfiles/Ranked/df8_sp.tab
ADAMTS13@680	0	1000	0.0		/home/miguel/IBE-UPF/TFM/Master_projects/PhyloPhere/Data/6.CAAS_traitfiles/Ranked/df8_sp.tab
ADAMTS13@681	4	1000	0.004	b_768,b_983,b_894,b_172	/home/miguel/IBE-UPF/TFM/Master_projects/PhyloPhere/Data/6.CAAS_traitfiles/Ranked/df8_sp.tab
ADAMTS13@683	0	1000	0.0		/home/miguel/IBE-UPF/TFM/Master_projects/PhyloPhere/Data/6.CAAS_traitfiles/Ranked/df8_sp.tab
ADAMTS13@685	0	1000	0.0		/home/miguel/IBE-UPF/TFM/Master_projects/PhyloPhere/Data/6.CAAS_traitfiles/Ranked/df8_sp.tab
ADAMTS13@686	0	1000	0.0		/home/miguel/IBE-UPF/TFM/Master_projects/PhyloPhere/Data/6.CAAS_traitfiles/Ranked/df8_sp.tab
ADAMTS13@688	0	1000	0.0		/home/miguel/IBE-UPF/TFM/Master_projects/PhyloPhere/Data/6.CAAS_traitfiles/Ranked/df8_sp.tab
ADAMTS13@689	0	1000	0.0		/home/miguel/IBE-UPF/TFM/Master_projects/PhyloPhere/Data/6.CAAS_traitfiles/Ranked/df8_sp.tab
ADAMTS13@691	6	1000	0.006	b_538,b_257,b_185,b_396,b_667,b_721	/home/miguel/IBE-UPF/TFM/Master_projects/PhyloPhere/Data/6.CAAS_traitfiles/Ranked/df8_sp.tab
ADAMTS13@692	0	1000	0.0		/home/miguel/IBE-UPF/TFM/Master_projects/PhyloPhere/Data/6.CAAS_traitfiles/Ranked/df8_sp.tab
ADAMTS13@693	0	1000	0.0		/home/miguel/IBE-UPF/TFM/Master_projects/PhyloPhere/Data/6.CAAS_traitfiles/Ranked/df8_sp.tab
ADAMTS13@694	0	1000	0.0		/home/miguel/IBE-UPF/TFM/Master_projects/PhyloPhere/Data/6.CAAS_traitfiles/Ranked/df8_sp.tab
ADAMTS13@695	0	1000	0.0		/home/miguel/IBE-UPF/TFM/Master_projects/PhyloPhere/Data/6.CAAS_traitfiles/Ranked/df8_sp.tab
ADAMTS13@696	0	1000	0.0		/home/miguel/IBE-UPF/TFM/Master_projects/PhyloPhere/Data/6.CAAS_traitfiles/Ranked/df8_sp.tab
ADAMTS13@698	7	1000	0.007	b_538,b_257,b_185,b_655,b_396,b_667,b_721	/home/miguel/IBE-UPF/TFM/Master_projects/PhyloPhere/Data/6.CAAS_traitfiles/Ranked/df8_sp.tab
ADAMTS13@699	0	1000	0.0		/home/miguel/IBE-UPF/TFM/Master_projects/PhyloPhere/Data/6.CAAS_traitfiles/Ranked/df8_sp.tab
ADAMTS13@700	0	1000	0.0		/home/miguel/IBE-UPF/TFM/Master_projects/PhyloPhere/Data/6.CAAS_traitfiles/Ranked/df8_sp.tab
ADAMTS13@703	0	1000	0.0		/home/miguel/IBE-UPF/TFM/Master_projects/PhyloPhere/Data/6.CAAS_traitfiles/Ranked/df8_sp.tab
ADAMTS13@704	2	1000	0.002	b_257,b_655	/home/miguel/IBE-UPF/TFM/Master_projects/PhyloPhere/Data/6.CAAS_traitfiles/Ranked/df8_sp.tab
ADAMTS13@709	3	1000	0.003	b_308,b_172,b_873	/home/miguel/IBE-UPF/TFM/Master_projects/PhyloPhere/Data/6.CAAS_traitfiles/Ranked/df8_sp.tab
ADAMTS13@711	1	1000	0.001	b_984	/home/miguel/IBE-UPF/TFM/Master_projects/PhyloPhere/Data/6.CAAS_traitfiles/Ranked/df8_sp.tab
ADAMTS13@712	0	1000	0.0		/home/miguel/IBE-UPF/TFM/Master_projects/PhyloPhere/Data/6.CAAS_traitfiles/Ranked/df8_sp.tab
ADAMTS13@713	0	1000	0.0		/home/miguel/IBE-UPF/TFM/Master_projects/PhyloPhere/Data/6.CAAS_traitfiles/Ranked/df8_sp.tab
ADAMTS13@714	0	1000	0.0		/home/miguel/IBE-UPF/TFM/Master_projects/PhyloPhere/Data/6.CAAS_traitfiles/Ranked/df8_sp.tab
ADAMTS13@717	0	1000	0.0		/home/miguel/IBE-UPF/TFM/Master_projects/PhyloPhere/Data/6.CAAS_traitfiles/Ranked/df8_sp.tab
ADAMTS13@719	0	1000	0.0		/home/miguel/IBE-UPF/TFM/Master_projects/PhyloPhere/Data/6.CAAS_traitfiles/Ranked/df8_sp.tab
ADAMTS13@720	0	1000	0.0		/home/miguel/IBE-UPF/TFM/Master_projects/PhyloPhere/Data/6.CAAS_traitfiles/Ranked/df8_sp.tab
ADAMTS13@721	0	1000	0.0		/home/miguel/IBE-UPF/TFM/Master_projects/PhyloPhere/Data/6.CAAS_traitfiles/Ranked/df8_sp.tab
ADAMTS13@722	2	1000	0.002	b_129,b_873	/home/miguel/IBE-UPF/TFM/Master_projects/PhyloPhere/Data/6.CAAS_traitfiles/Ranked/df8_sp.tab
ADAMTS13@725	0	1000	0.0		/home/miguel/IBE-UPF/TFM/Master_projects/PhyloPhere/Data/6.CAAS_traitfiles/Ranked/df8_sp.tab
ADAMTS13@726	0	1000	0.0		/home/miguel/IBE-UPF/TFM/Master_projects/PhyloPhere/Data/6.CAAS_traitfiles/Ranked/df8_sp.tab
ADAMTS13@727	0	1000	0.0		/home/miguel/IBE-UPF/TFM/Master_projects/PhyloPhere/Data/6.CAAS_traitfiles/Ranked/df8_sp.tab
ADAMTS13@730	0	1000	0.0		/home/miguel/IBE-UPF/TFM/Master_projects/PhyloPhere/Data/6.CAAS_traitfiles/Ranked/df8_sp.tab
ADAMTS13@731	0	1000	0.0		/home/miguel/IBE-UPF/TFM/Master_projects/PhyloPhere/Data/6.CAAS_traitfiles/Ranked/df8_sp.tab
ADAMTS13@732	0	1000	0.0		/home/miguel/IBE-UPF/TFM/Master_projects/PhyloPhere/Data/6.CAAS_traitfiles/Ranked/df8_sp.tab
ADAMTS13@733	0	1000	0.0		/home/miguel/IBE-UPF/TFM/Master_projects/PhyloPhere/Data/6.CAAS_traitfiles/Ranked/df8_sp.tab
ADAMTS13@734	25	1000	0.025	b_822,b_180,b_842,b_39,b_651,b_78,b_85,b_605,b_671,b_73,b_697,b_204,b_225,b_170,b_665,b_283,b_603,b_853,b_470,b_933,b_692,b_487,b_654,b_164,b_209	/home/miguel/IBE-UPF/TFM/Master_projects/PhyloPhere/Data/6.CAAS_traitfiles/Ranked/df8_sp.tab
ADAMTS13@736	20	1000	0.02	b_180,b_842,b_39,b_85,b_671,b_73,b_335,b_697,b_204,b_225,b_170,b_266,b_283,b_853,b_470,b_933,b_487,b_654,b_164,b_209	/home/miguel/IBE-UPF/TFM/Master_projects/PhyloPhere/Data/6.CAAS_traitfiles/Ranked/df8_sp.tab
ADAMTS13@738	20	1000	0.02	b_180,b_842,b_39,b_85,b_671,b_73,b_335,b_697,b_204,b_225,b_170,b_266,b_283,b_853,b_470,b_933,b_487,b_654,b_164,b_209	/home/miguel/IBE-UPF/TFM/Master_projects/PhyloPhere/Data/6.CAAS_traitfiles/Ranked/df8_sp.tab
ADAMTS13@739	0	1000	0.0		/home/miguel/IBE-UPF/TFM/Master_projects/PhyloPhere/Data/6.CAAS_traitfiles/Ranked/df8_sp.tab
ADAMTS13@740	26	1000	0.026	b_822,b_308,b_651,b_538,b_78,b_289,b_102,b_865,b_257,b_225,b_185,b_232,b_297,b_396,b_172,b_744,b_176,b_873,b_667,b_79,b_853,b_692,b_577,b_845,b_654,b_939	/home/miguel/IBE-UPF/TFM/Master_projects/PhyloPhere/Data/6.CAAS_traitfiles/Ranked/df8_sp.tab
ADAMTS13@741	0	1000	0.0		/home/miguel/IBE-UPF/TFM/Master_projects/PhyloPhere/Data/6.CAAS_traitfiles/Ranked/df8_sp.tab
ADAMTS13@742	0	1000	0.0		/home/miguel/IBE-UPF/TFM/Master_projects/PhyloPhere/Data/6.CAAS_traitfiles/Ranked/df8_sp.tab
ADAMTS13@743	0	1000	0.0		/home/miguel/IBE-UPF/TFM/Master_projects/PhyloPhere/Data/6.CAAS_traitfiles/Ranked/df8_sp.tab
ADAMTS13@744	4	1000	0.004	b_289,b_257,b_744,b_845	/home/miguel/IBE-UPF/TFM/Master_projects/PhyloPhere/Data/6.CAAS_traitfiles/Ranked/df8_sp.tab
ADAMTS13@748	0	1000	0.0		/home/miguel/IBE-UPF/TFM/Master_projects/PhyloPhere/Data/6.CAAS_traitfiles/Ranked/df8_sp.tab
ADAMTS13@750	20	1000	0.02	b_180,b_842,b_39,b_85,b_671,b_73,b_335,b_697,b_204,b_225,b_170,b_266,b_283,b_853,b_470,b_933,b_487,b_654,b_164,b_209	/home/miguel/IBE-UPF/TFM/Master_projects/PhyloPhere/Data/6.CAAS_traitfiles/Ranked/df8_sp.tab
ADAMTS13@751	17	1000	0.017	b_180,b_725,b_805,b_602,b_257,b_855,b_529,b_225,b_170,b_600,b_770,b_744,b_853,b_66,b_344,b_654,b_209	/home/miguel/IBE-UPF/TFM/Master_projects/PhyloPhere/Data/6.CAAS_traitfiles/Ranked/df8_sp.tab
ADAMTS13@753	20	1000	0.02	b_180,b_842,b_39,b_85,b_671,b_73,b_335,b_697,b_204,b_225,b_170,b_266,b_283,b_853,b_470,b_933,b_487,b_654,b_164,b_209	/home/miguel/IBE-UPF/TFM/Master_projects/PhyloPhere/Data/6.CAAS_traitfiles/Ranked/df8_sp.tab
ADAMTS13@755	24	1000	0.024	b_822,b_651,b_78,b_289,b_102,b_865,b_257,b_225,b_185,b_232,b_297,b_396,b_172,b_744,b_176,b_668,b_873,b_667,b_853,b_692,b_577,b_845,b_654,b_939	/home/miguel/IBE-UPF/TFM/Master_projects/PhyloPhere/Data/6.CAAS_traitfiles/Ranked/df8_sp.tab
ADAMTS13@757	10	1000	0.01	b_39,b_85,b_335,b_561,b_98,b_225,b_170,b_283,b_853,b_164	/home/miguel/IBE-UPF/TFM/Master_projects/PhyloPhere/Data/6.CAAS_traitfiles/Ranked/df8_sp.tab
ADAMTS13@758	0	1000	0.0		/home/miguel/IBE-UPF/TFM/Master_projects/PhyloPhere/Data/6.CAAS_traitfiles/Ranked/df8_sp.tab
ADAMTS13@759	0	1000	0.0		/home/miguel/IBE-UPF/TFM/Master_projects/PhyloPhere/Data/6.CAAS_traitfiles/Ranked/df8_sp.tab
ADAMTS13@761	0	1000	0.0		/home/miguel/IBE-UPF/TFM/Master_projects/PhyloPhere/Data/6.CAAS_traitfiles/Ranked/df8_sp.tab
ADAMTS13@762	0	1000	0.0		/home/miguel/IBE-UPF/TFM/Master_projects/PhyloPhere/Data/6.CAAS_traitfiles/Ranked/df8_sp.tab
ADAMTS13@766	0	1000	0.0		/home/miguel/IBE-UPF/TFM/Master_projects/PhyloPhere/Data/6.CAAS_traitfiles/Ranked/df8_sp.tab
ADAMTS13@767	0	1000	0.0		/home/miguel/IBE-UPF/TFM/Master_projects/PhyloPhere/Data/6.CAAS_traitfiles/Ranked/df8_sp.tab
ADAMTS13@768	28	1000	0.028	b_822,b_86,b_308,b_651,b_538,b_78,b_289,b_102,b_865,b_257,b_225,b_484,b_185,b_232,b_297,b_396,b_172,b_744,b_176,b_882,b_873,b_667,b_853,b_692,b_577,b_845,b_654,b_939	/home/miguel/IBE-UPF/TFM/Master_projects/PhyloPhere/Data/6.CAAS_traitfiles/Ranked/df8_sp.tab
ADAMTS13@769	0	1000	0.0		/home/miguel/IBE-UPF/TFM/Master_projects/PhyloPhere/Data/6.CAAS_traitfiles/Ranked/df8_sp.tab
ADAMTS13@771	2	1000	0.002	b_922,b_655	/home/miguel/IBE-UPF/TFM/Master_projects/PhyloPhere/Data/6.CAAS_traitfiles/Ranked/df8_sp.tab
ADAMTS13@773	2	1000	0.002	b_444,b_19	/home/miguel/IBE-UPF/TFM/Master_projects/PhyloPhere/Data/6.CAAS_traitfiles/Ranked/df8_sp.tab
ADAMTS13@774	20	1000	0.02	b_180,b_842,b_39,b_85,b_671,b_73,b_335,b_697,b_204,b_225,b_170,b_266,b_283,b_853,b_470,b_933,b_487,b_654,b_164,b_209	/home/miguel/IBE-UPF/TFM/Master_projects/PhyloPhere/Data/6.CAAS_traitfiles/Ranked/df8_sp.tab
ADAMTS13@775	0	1000	0.0		/home/miguel/IBE-UPF/TFM/Master_projects/PhyloPhere/Data/6.CAAS_traitfiles/Ranked/df8_sp.tab
ADAMTS13@776	0	1000	0.0		/home/miguel/IBE-UPF/TFM/Master_projects/PhyloPhere/Data/6.CAAS_traitfiles/Ranked/df8_sp.tab
ADAMTS13@777	20	1000	0.02	b_180,b_842,b_39,b_85,b_671,b_73,b_335,b_697,b_204,b_225,b_170,b_266,b_283,b_853,b_470,b_933,b_487,b_654,b_164,b_209	/home/miguel/IBE-UPF/TFM/Master_projects/PhyloPhere/Data/6.CAAS_traitfiles/Ranked/df8_sp.tab
ADAMTS13@779	20	1000	0.02	b_180,b_842,b_39,b_85,b_671,b_73,b_335,b_697,b_204,b_225,b_170,b_266,b_283,b_853,b_470,b_933,b_487,b_654,b_164,b_209	/home/miguel/IBE-UPF/TFM/Master_projects/PhyloPhere/Data/6.CAAS_traitfiles/Ranked/df8_sp.tab
ADAMTS13@780	20	1000	0.02	b_180,b_842,b_39,b_85,b_671,b_73,b_335,b_697,b_204,b_225,b_170,b_266,b_283,b_853,b_470,b_933,b_487,b_654,b_164,b_209	/home/miguel/IBE-UPF/TFM/Master_projects/PhyloPhere/Data/6.CAAS_traitfiles/Ranked/df8_sp.tab
ADAMTS13@781	28	1000	0.028	b_822,b_86,b_308,b_651,b_538,b_78,b_289,b_102,b_865,b_257,b_225,b_484,b_185,b_232,b_297,b_396,b_172,b_744,b_176,b_882,b_873,b_667,b_853,b_692,b_577,b_845,b_654,b_939	/home/miguel/IBE-UPF/TFM/Master_projects/PhyloPhere/Data/6.CAAS_traitfiles/Ranked/df8_sp.tab
ADAMTS13@782	0	1000	0.0		/home/miguel/IBE-UPF/TFM/Master_projects/PhyloPhere/Data/6.CAAS_traitfiles/Ranked/df8_sp.tab
ADAMTS13@783	0	1000	0.0		/home/miguel/IBE-UPF/TFM/Master_projects/PhyloPhere/Data/6.CAAS_traitfiles/Ranked/df8_sp.tab
ADAMTS13@784	0	1000	0.0		/home/miguel/IBE-UPF/TFM/Master_projects/PhyloPhere/Data/6.CAAS_traitfiles/Ranked/df8_sp.tab
ADAMTS13@785	0	1000	0.0		/home/miguel/IBE-UPF/TFM/Master_projects/PhyloPhere/Data/6.CAAS_traitfiles/Ranked/df8_sp.tab
ADAMTS13@786	0	1000	0.0		/home/miguel/IBE-UPF/TFM/Master_projects/PhyloPhere/Data/6.CAAS_traitfiles/Ranked/df8_sp.tab
ADAMTS13@787	0	1000	0.0		/home/miguel/IBE-UPF/TFM/Master_projects/PhyloPhere/Data/6.CAAS_traitfiles/Ranked/df8_sp.tab
ADAMTS13@788	0	1000	0.0		/home/miguel/IBE-UPF/TFM/Master_projects/PhyloPhere/Data/6.CAAS_traitfiles/Ranked/df8_sp.tab
ADAMTS13@789	0	1000	0.0		/home/miguel/IBE-UPF/TFM/Master_projects/PhyloPhere/Data/6.CAAS_traitfiles/Ranked/df8_sp.tab
ADAMTS13@791	5	1000	0.005	b_257,b_484,b_667,b_692,b_577	/home/miguel/IBE-UPF/TFM/Master_projects/PhyloPhere/Data/6.CAAS_traitfiles/Ranked/df8_sp.tab
ADAMTS13@793	0	1000	0.0		/home/miguel/IBE-UPF/TFM/Master_projects/PhyloPhere/Data/6.CAAS_traitfiles/Ranked/df8_sp.tab
ADAMTS13@795	0	1000	0.0		/home/miguel/IBE-UPF/TFM/Master_projects/PhyloPhere/Data/6.CAAS_traitfiles/Ranked/df8_sp.tab
ADAMTS13@796	0	1000	0.0		/home/miguel/IBE-UPF/TFM/Master_projects/PhyloPhere/Data/6.CAAS_traitfiles/Ranked/df8_sp.tab
ADAMTS13@798	0	1000	0.0		/home/miguel/IBE-UPF/TFM/Master_projects/PhyloPhere/Data/6.CAAS_traitfiles/Ranked/df8_sp.tab
ADAMTS13@800	0	1000	0.0		/home/miguel/IBE-UPF/TFM/Master_projects/PhyloPhere/Data/6.CAAS_traitfiles/Ranked/df8_sp.tab
ADAMTS13@801	10	1000	0.01	b_842,b_671,b_335,b_697,b_204,b_225,b_283,b_853,b_933,b_164	/home/miguel/IBE-UPF/TFM/Master_projects/PhyloPhere/Data/6.CAAS_traitfiles/Ranked/df8_sp.tab
ADAMTS13@802	0	1000	0.0		/home/miguel/IBE-UPF/TFM/Master_projects/PhyloPhere/Data/6.CAAS_traitfiles/Ranked/df8_sp.tab
ADAMTS13@803	0	1000	0.0		/home/miguel/IBE-UPF/TFM/Master_projects/PhyloPhere/Data/6.CAAS_traitfiles/Ranked/df8_sp.tab
ADAMTS13@804	45	1000	0.045	b_822,b_180,b_86,b_842,b_39,b_308,b_651,b_538,b_78,b_85,b_289,b_102,b_671,b_865,b_73,b_257,b_335,b_697,b_204,b_225,b_170,b_484,b_185,b_232,b_297,b_396,b_172,b_744,b_266,b_283,b_176,b_882,b_873,b_667,b_853,b_470,b_933,b_692,b_487,b_577,b_845,b_654,b_164,b_939,b_209	/home/miguel/IBE-UPF/TFM/Master_projects/PhyloPhere/Data/6.CAAS_traitfiles/Ranked/df8_sp.tab
ADAMTS13@805	0	1000	0.0		/home/miguel/IBE-UPF/TFM/Master_projects/PhyloPhere/Data/6.CAAS_traitfiles/Ranked/df8_sp.tab
ADAMTS13@806	10	1000	0.01	b_180,b_842,b_95,b_204,b_225,b_170,b_853,b_933,b_654,b_209	/home/miguel/IBE-UPF/TFM/Master_projects/PhyloPhere/Data/6.CAAS_traitfiles/Ranked/df8_sp.tab
ADAMTS13@807	14	1000	0.014	b_822,b_538,b_78,b_289,b_102,b_257,b_225,b_396,b_172,b_744,b_853,b_692,b_577,b_845	/home/miguel/IBE-UPF/TFM/Master_projects/PhyloPhere/Data/6.CAAS_traitfiles/Ranked/df8_sp.tab
ADAMTS13@808	23	1000	0.023	b_822,b_180,b_308,b_651,b_78,b_289,b_865,b_257,b_225,b_185,b_232,b_297,b_744,b_176,b_667,b_603,b_853,b_692,b_872,b_577,b_845,b_654,b_939	/home/miguel/IBE-UPF/TFM/Master_projects/PhyloPhere/Data/6.CAAS_traitfiles/Ranked/df8_sp.tab
ADAMTS13@809	10	1000	0.01	b_86,b_308,b_289,b_484,b_297,b_882,b_667,b_79,b_721,b_939	/home/miguel/IBE-UPF/TFM/Master_projects/PhyloPhere/Data/6.CAAS_traitfiles/Ranked/df8_sp.tab
ADAMTS13@811	0	1000	0.0		/home/miguel/IBE-UPF/TFM/Master_projects/PhyloPhere/Data/6.CAAS_traitfiles/Ranked/df8_sp.tab
ADAMTS13@812	25	1000	0.025	b_822,b_308,b_651,b_538,b_78,b_289,b_102,b_865,b_257,b_225,b_185,b_232,b_297,b_396,b_172,b_744,b_176,b_873,b_667,b_853,b_692,b_577,b_845,b_654,b_939	/home/miguel/IBE-UPF/TFM/Master_projects/PhyloPhere/Data/6.CAAS_traitfiles/Ranked/df8_sp.tab
ADAMTS13@813	0	1000	0.0		/home/miguel/IBE-UPF/TFM/Master_projects/PhyloPhere/Data/6.CAAS_traitfiles/Ranked/df8_sp.tab
ADAMTS13@816	0	1000	0.0		/home/miguel/IBE-UPF/TFM/Master_projects/PhyloPhere/Data/6.CAAS_traitfiles/Ranked/df8_sp.tab
ADAMTS13@817	0	1000	0.0		/home/miguel/IBE-UPF/TFM/Master_projects/PhyloPhere/Data/6.CAAS_traitfiles/Ranked/df8_sp.tab
ADAMTS13@818	0	1000	0.0		/home/miguel/IBE-UPF/TFM/Master_projects/PhyloPhere/Data/6.CAAS_traitfiles/Ranked/df8_sp.tab
ADAMTS13@820	0	1000	0.0		/home/miguel/IBE-UPF/TFM/Master_projects/PhyloPhere/Data/6.CAAS_traitfiles/Ranked/df8_sp.tab
ADAMTS13@827	0	1000	0.0		/home/miguel/IBE-UPF/TFM/Master_projects/PhyloPhere/Data/6.CAAS_traitfiles/Ranked/df8_sp.tab
ADAMTS13@831	0	1000	0.0		/home/miguel/IBE-UPF/TFM/Master_projects/PhyloPhere/Data/6.CAAS_traitfiles/Ranked/df8_sp.tab
ADAMTS13@833	0	1000	0.0		/home/miguel/IBE-UPF/TFM/Master_projects/PhyloPhere/Data/6.CAAS_traitfiles/Ranked/df8_sp.tab
ADAMTS13@834	0	1000	0.0		/home/miguel/IBE-UPF/TFM/Master_projects/PhyloPhere/Data/6.CAAS_traitfiles/Ranked/df8_sp.tab
ADAMTS13@837	0	1000	0.0		/home/miguel/IBE-UPF/TFM/Master_projects/PhyloPhere/Data/6.CAAS_traitfiles/Ranked/df8_sp.tab
ADAMTS13@839	0	1000	0.0		/home/miguel/IBE-UPF/TFM/Master_projects/PhyloPhere/Data/6.CAAS_traitfiles/Ranked/df8_sp.tab
ADAMTS13@840	0	1000	0.0		/home/miguel/IBE-UPF/TFM/Master_projects/PhyloPhere/Data/6.CAAS_traitfiles/Ranked/df8_sp.tab
ADAMTS13@842	0	1000	0.0		/home/miguel/IBE-UPF/TFM/Master_projects/PhyloPhere/Data/6.CAAS_traitfiles/Ranked/df8_sp.tab
ADAMTS13@843	0	1000	0.0		/home/miguel/IBE-UPF/TFM/Master_projects/PhyloPhere/Data/6.CAAS_traitfiles/Ranked/df8_sp.tab
ADAMTS13@845	25	1000	0.025	b_822,b_308,b_651,b_538,b_78,b_289,b_102,b_865,b_257,b_225,b_185,b_232,b_297,b_396,b_172,b_744,b_176,b_873,b_667,b_853,b_692,b_577,b_845,b_654,b_939	/home/miguel/IBE-UPF/TFM/Master_projects/PhyloPhere/Data/6.CAAS_traitfiles/Ranked/df8_sp.tab
ADAMTS13@846	0	1000	0.0		/home/miguel/IBE-UPF/TFM/Master_projects/PhyloPhere/Data/6.CAAS_traitfiles/Ranked/df8_sp.tab
ADAMTS13@848	0	1000	0.0		/home/miguel/IBE-UPF/TFM/Master_projects/PhyloPhere/Data/6.CAAS_traitfiles/Ranked/df8_sp.tab
ADAMTS13@851	0	1000	0.0		/home/miguel/IBE-UPF/TFM/Master_projects/PhyloPhere/Data/6.CAAS_traitfiles/Ranked/df8_sp.tab
ADAMTS13@852	0	1000	0.0		/home/miguel/IBE-UPF/TFM/Master_projects/PhyloPhere/Data/6.CAAS_traitfiles/Ranked/df8_sp.tab
ADAMTS13@854	0	1000	0.0		/home/miguel/IBE-UPF/TFM/Master_projects/PhyloPhere/Data/6.CAAS_traitfiles/Ranked/df8_sp.tab
ADAMTS13@857	0	1000	0.0		/home/miguel/IBE-UPF/TFM/Master_projects/PhyloPhere/Data/6.CAAS_traitfiles/Ranked/df8_sp.tab
ADAMTS13@860	8	1000	0.008	b_308,b_730,b_655,b_172,b_521,b_695,b_859,b_895	/home/miguel/IBE-UPF/TFM/Master_projects/PhyloPhere/Data/6.CAAS_traitfiles/Ranked/df8_sp.tab
ADAMTS13@861	0	1000	0.0		/home/miguel/IBE-UPF/TFM/Master_projects/PhyloPhere/Data/6.CAAS_traitfiles/Ranked/df8_sp.tab
ADAMTS13@862	0	1000	0.0		/home/miguel/IBE-UPF/TFM/Master_projects/PhyloPhere/Data/6.CAAS_traitfiles/Ranked/df8_sp.tab
ADAMTS13@864	0	1000	0.0		/home/miguel/IBE-UPF/TFM/Master_projects/PhyloPhere/Data/6.CAAS_traitfiles/Ranked/df8_sp.tab
ADAMTS13@866	0	1000	0.0		/home/miguel/IBE-UPF/TFM/Master_projects/PhyloPhere/Data/6.CAAS_traitfiles/Ranked/df8_sp.tab
ADAMTS13@871	0	1000	0.0		/home/miguel/IBE-UPF/TFM/Master_projects/PhyloPhere/Data/6.CAAS_traitfiles/Ranked/df8_sp.tab
ADAMTS13@873	0	1000	0.0		/home/miguel/IBE-UPF/TFM/Master_projects/PhyloPhere/Data/6.CAAS_traitfiles/Ranked/df8_sp.tab
ADAMTS13@878	0	1000	0.0		/home/miguel/IBE-UPF/TFM/Master_projects/PhyloPhere/Data/6.CAAS_traitfiles/Ranked/df8_sp.tab
ADAMTS13@881	0	1000	0.0		/home/miguel/IBE-UPF/TFM/Master_projects/PhyloPhere/Data/6.CAAS_traitfiles/Ranked/df8_sp.tab
ADAMTS13@887	0	1000	0.0		/home/miguel/IBE-UPF/TFM/Master_projects/PhyloPhere/Data/6.CAAS_traitfiles/Ranked/df8_sp.tab
ADAMTS13@888	0	1000	0.0		/home/miguel/IBE-UPF/TFM/Master_projects/PhyloPhere/Data/6.CAAS_traitfiles/Ranked/df8_sp.tab
ADAMTS13@889	25	1000	0.025	b_822,b_308,b_651,b_538,b_78,b_289,b_102,b_865,b_257,b_225,b_185,b_232,b_297,b_396,b_172,b_744,b_176,b_873,b_667,b_853,b_692,b_577,b_845,b_654,b_939	/home/miguel/IBE-UPF/TFM/Master_projects/PhyloPhere/Data/6.CAAS_traitfiles/Ranked/df8_sp.tab
ADAMTS13@891	20	1000	0.02	b_180,b_842,b_39,b_85,b_671,b_73,b_335,b_697,b_204,b_225,b_170,b_266,b_283,b_853,b_470,b_933,b_487,b_654,b_164,b_209	/home/miguel/IBE-UPF/TFM/Master_projects/PhyloPhere/Data/6.CAAS_traitfiles/Ranked/df8_sp.tab
ADAMTS13@897	0	1000	0.0		/home/miguel/IBE-UPF/TFM/Master_projects/PhyloPhere/Data/6.CAAS_traitfiles/Ranked/df8_sp.tab
ADAMTS13@898	23	1000	0.023	b_180,b_842,b_39,b_897,b_85,b_671,b_73,b_335,b_561,b_697,b_204,b_225,b_170,b_266,b_283,b_853,b_470,b_933,b_487,b_760,b_654,b_164,b_209	/home/miguel/IBE-UPF/TFM/Master_projects/PhyloPhere/Data/6.CAAS_traitfiles/Ranked/df8_sp.tab
ADAMTS13@902	8	1000	0.008	b_436,b_671,b_697,b_204,b_225,b_283,b_853,b_164	/home/miguel/IBE-UPF/TFM/Master_projects/PhyloPhere/Data/6.CAAS_traitfiles/Ranked/df8_sp.tab
ADAMTS13@903	14	1000	0.014	b_822,b_538,b_78,b_289,b_102,b_257,b_225,b_396,b_172,b_744,b_853,b_692,b_577,b_845	/home/miguel/IBE-UPF/TFM/Master_projects/PhyloPhere/Data/6.CAAS_traitfiles/Ranked/df8_sp.tab
ADAMTS13@908	20	1000	0.02	b_180,b_842,b_39,b_85,b_671,b_73,b_335,b_697,b_204,b_225,b_170,b_266,b_283,b_853,b_470,b_933,b_487,b_654,b_164,b_209	/home/miguel/IBE-UPF/TFM/Master_projects/PhyloPhere/Data/6.CAAS_traitfiles/Ranked/df8_sp.tab
ADAMTS13@909	0	1000	0.0		/home/miguel/IBE-UPF/TFM/Master_projects/PhyloPhere/Data/6.CAAS_traitfiles/Ranked/df8_sp.tab
ADAMTS13@910	0	1000	0.0		/home/miguel/IBE-UPF/TFM/Master_projects/PhyloPhere/Data/6.CAAS_traitfiles/Ranked/df8_sp.tab
ADAMTS13@919	0	1000	0.0		/home/miguel/IBE-UPF/TFM/Master_projects/PhyloPhere/Data/6.CAAS_traitfiles/Ranked/df8_sp.tab
ADAMTS13@920	0	1000	0.0		/home/miguel/IBE-UPF/TFM/Master_projects/PhyloPhere/Data/6.CAAS_traitfiles/Ranked/df8_sp.tab
ADAMTS13@923	0	1000	0.0		/home/miguel/IBE-UPF/TFM/Master_projects/PhyloPhere/Data/6.CAAS_traitfiles/Ranked/df8_sp.tab
ADAMTS13@926	0	1000	0.0		/home/miguel/IBE-UPF/TFM/Master_projects/PhyloPhere/Data/6.CAAS_traitfiles/Ranked/df8_sp.tab
ADAMTS13@933	0	1000	0.0		/home/miguel/IBE-UPF/TFM/Master_projects/PhyloPhere/Data/6.CAAS_traitfiles/Ranked/df8_sp.tab
ADAMTS13@935	0	1000	0.0		/home/miguel/IBE-UPF/TFM/Master_projects/PhyloPhere/Data/6.CAAS_traitfiles/Ranked/df8_sp.tab
ADAMTS13@936	0	1000	0.0		/home/miguel/IBE-UPF/TFM/Master_projects/PhyloPhere/Data/6.CAAS_traitfiles/Ranked/df8_sp.tab
ADAMTS13@952	0	1000	0.0		/home/miguel/IBE-UPF/TFM/Master_projects/PhyloPhere/Data/6.CAAS_traitfiles/Ranked/df8_sp.tab
ADAMTS13@956	0	1000	0.0		/home/miguel/IBE-UPF/TFM/Master_projects/PhyloPhere/Data/6.CAAS_traitfiles/Ranked/df8_sp.tab
ADAMTS13@958	0	1000	0.0		/home/miguel/IBE-UPF/TFM/Master_projects/PhyloPhere/Data/6.CAAS_traitfiles/Ranked/df8_sp.tab
ADAMTS13@959	0	1000	0.0		/home/miguel/IBE-UPF/TFM/Master_projects/PhyloPhere/Data/6.CAAS_traitfiles/Ranked/df8_sp.tab
ADAMTS13@960	0	1000	0.0		/home/miguel/IBE-UPF/TFM/Master_projects/PhyloPhere/Data/6.CAAS_traitfiles/Ranked/df8_sp.tab
ADAMTS13@961	25	1000	0.025	b_822,b_308,b_651,b_538,b_78,b_289,b_102,b_865,b_257,b_225,b_185,b_232,b_297,b_396,b_172,b_744,b_176,b_873,b_667,b_853,b_692,b_577,b_845,b_654,b_939	/home/miguel/IBE-UPF/TFM/Master_projects/PhyloPhere/Data/6.CAAS_traitfiles/Ranked/df8_sp.tab
ADAMTS13@962	0	1000	0.0		/home/miguel/IBE-UPF/TFM/Master_projects/PhyloPhere/Data/6.CAAS_traitfiles/Ranked/df8_sp.tab
ADAMTS13@964	20	1000	0.02	b_180,b_842,b_39,b_85,b_671,b_73,b_335,b_697,b_204,b_225,b_170,b_266,b_283,b_853,b_470,b_933,b_487,b_654,b_164,b_209	/home/miguel/IBE-UPF/TFM/Master_projects/PhyloPhere/Data/6.CAAS_traitfiles/Ranked/df8_sp.tab
ADAMTS13@968	0	1000	0.0		/home/miguel/IBE-UPF/TFM/Master_projects/PhyloPhere/Data/6.CAAS_traitfiles/Ranked/df8_sp.tab
ADAMTS13@969	0	1000	0.0		/home/miguel/IBE-UPF/TFM/Master_projects/PhyloPhere/Data/6.CAAS_traitfiles/Ranked/df8_sp.tab
ADAMTS13@980	0	1000	0.0		/home/miguel/IBE-UPF/TFM/Master_projects/PhyloPhere/Data/6.CAAS_traitfiles/Ranked/df8_sp.tab
ADAMTS13@985	19	1000	0.019	b_250,b_358,b_308,b_538,b_955,b_289,b_257,b_171,b_185,b_297,b_396,b_744,b_633,b_943,b_667,b_79,b_845,b_721,b_939	/home/miguel/IBE-UPF/TFM/Master_projects/PhyloPhere/Data/6.CAAS_traitfiles/Ranked/df8_sp.tab
ADAMTS13@986	14	1000	0.014	b_180,b_842,b_85,b_73,b_335,b_204,b_170,b_266,b_283,b_853,b_470,b_487,b_164,b_209	/home/miguel/IBE-UPF/TFM/Master_projects/PhyloPhere/Data/6.CAAS_traitfiles/Ranked/df8_sp.tab
ADAMTS13@989	20	1000	0.02	b_180,b_842,b_39,b_85,b_671,b_73,b_335,b_697,b_204,b_225,b_170,b_266,b_283,b_853,b_470,b_933,b_487,b_654,b_164,b_209	/home/miguel/IBE-UPF/TFM/Master_projects/PhyloPhere/Data/6.CAAS_traitfiles/Ranked/df8_sp.tab
ADAMTS13@991	4	1000	0.004	b_289,b_257,b_744,b_845	/home/miguel/IBE-UPF/TFM/Master_projects/PhyloPhere/Data/6.CAAS_traitfiles/Ranked/df8_sp.tab
ADAMTS13@993	0	1000	0.0		/home/miguel/IBE-UPF/TFM/Master_projects/PhyloPhere/Data/6.CAAS_traitfiles/Ranked/df8_sp.tab
ADAMTS13@995	28	1000	0.028	b_980,b_984,b_180,b_725,b_39,b_308,b_651,b_102,b_671,b_865,b_257,b_459,b_225,b_170,b_185,b_232,b_297,b_396,b_172,b_744,b_283,b_853,b_66,b_344,b_577,b_654,b_164,b_209	/home/miguel/IBE-UPF/TFM/Master_projects/PhyloPhere/Data/6.CAAS_traitfiles/Ranked/df8_sp.tab
ADAMTS13@996	32	1000	0.032	b_30,b_822,b_364,b_96,b_308,b_651,b_538,b_78,b_289,b_952,b_102,b_730,b_865,b_257,b_225,b_185,b_655,b_232,b_297,b_396,b_172,b_744,b_176,b_695,b_873,b_667,b_853,b_692,b_577,b_845,b_654,b_939	/home/miguel/IBE-UPF/TFM/Master_projects/PhyloPhere/Data/6.CAAS_traitfiles/Ranked/df8_sp.tab
ADAMTS13@998	0	1000	0.0		/home/miguel/IBE-UPF/TFM/Master_projects/PhyloPhere/Data/6.CAAS_traitfiles/Ranked/df8_sp.tab
ADAMTS13@1010	0	1000	0.0		/home/miguel/IBE-UPF/TFM/Master_projects/PhyloPhere/Data/6.CAAS_traitfiles/Ranked/df8_sp.tab
ADAMTS13@1012	42	1000	0.042	b_822,b_436,b_984,b_180,b_842,b_39,b_651,b_538,b_78,b_85,b_289,b_693,b_983,b_671,b_865,b_73,b_335,b_828,b_697,b_129,b_478,b_204,b_722,b_225,b_767,b_170,b_297,b_849,b_276,b_266,b_283,b_149,b_873,b_853,b_470,b_933,b_692,b_487,b_845,b_654,b_164,b_209	/home/miguel/IBE-UPF/TFM/Master_projects/PhyloPhere/Data/6.CAAS_traitfiles/Ranked/df8_sp.tab
ADAMTS13@1013	0	1000	0.0		/home/miguel/IBE-UPF/TFM/Master_projects/PhyloPhere/Data/6.CAAS_traitfiles/Ranked/df8_sp.tab
ADAMTS13@1014	0	1000	0.0		/home/miguel/IBE-UPF/TFM/Master_projects/PhyloPhere/Data/6.CAAS_traitfiles/Ranked/df8_sp.tab
ADAMTS13@1018	0	1000	0.0		/home/miguel/IBE-UPF/TFM/Master_projects/PhyloPhere/Data/6.CAAS_traitfiles/Ranked/df8_sp.tab
ADAMTS13@1019	20	1000	0.02	b_180,b_842,b_39,b_85,b_671,b_73,b_335,b_697,b_204,b_225,b_170,b_266,b_283,b_853,b_470,b_933,b_487,b_654,b_164,b_209	/home/miguel/IBE-UPF/TFM/Master_projects/PhyloPhere/Data/6.CAAS_traitfiles/Ranked/df8_sp.tab
ADAMTS13@1021	22	1000	0.022	b_180,b_842,b_39,b_85,b_244,b_572,b_671,b_73,b_335,b_697,b_204,b_225,b_170,b_266,b_283,b_853,b_470,b_933,b_487,b_654,b_164,b_209	/home/miguel/IBE-UPF/TFM/Master_projects/PhyloPhere/Data/6.CAAS_traitfiles/Ranked/df8_sp.tab
ADAMTS13@1022	0	1000	0.0		/home/miguel/IBE-UPF/TFM/Master_projects/PhyloPhere/Data/6.CAAS_traitfiles/Ranked/df8_sp.tab
ADAMTS13@1025	0	1000	0.0		/home/miguel/IBE-UPF/TFM/Master_projects/PhyloPhere/Data/6.CAAS_traitfiles/Ranked/df8_sp.tab
ADAMTS13@1026	25	1000	0.025	b_822,b_308,b_651,b_538,b_78,b_289,b_102,b_865,b_257,b_225,b_185,b_232,b_297,b_396,b_172,b_744,b_176,b_873,b_667,b_853,b_692,b_577,b_845,b_654,b_939	/home/miguel/IBE-UPF/TFM/Master_projects/PhyloPhere/Data/6.CAAS_traitfiles/Ranked/df8_sp.tab
ADAMTS13@1027	22	1000	0.022	b_230,b_180,b_842,b_39,b_85,b_671,b_73,b_335,b_697,b_204,b_38,b_225,b_170,b_266,b_283,b_853,b_470,b_933,b_487,b_654,b_164,b_209	/home/miguel/IBE-UPF/TFM/Master_projects/PhyloPhere/Data/6.CAAS_traitfiles/Ranked/df8_sp.tab
ADAMTS13@1028	4	1000	0.004	b_289,b_257,b_744,b_845	/home/miguel/IBE-UPF/TFM/Master_projects/PhyloPhere/Data/6.CAAS_traitfiles/Ranked/df8_sp.tab
ADAMTS13@1038	20	1000	0.02	b_180,b_842,b_39,b_85,b_671,b_73,b_335,b_697,b_204,b_225,b_170,b_266,b_283,b_853,b_470,b_933,b_487,b_654,b_164,b_209	/home/miguel/IBE-UPF/TFM/Master_projects/PhyloPhere/Data/6.CAAS_traitfiles/Ranked/df8_sp.tab
ADAMTS13@1047	5	1000	0.005	b_308,b_969,b_894,b_655,b_97	/home/miguel/IBE-UPF/TFM/Master_projects/PhyloPhere/Data/6.CAAS_traitfiles/Ranked/df8_sp.tab
ADAMTS13@1048	20	1000	0.02	b_180,b_842,b_39,b_85,b_671,b_73,b_335,b_697,b_204,b_225,b_170,b_266,b_283,b_853,b_470,b_933,b_487,b_654,b_164,b_209	/home/miguel/IBE-UPF/TFM/Master_projects/PhyloPhere/Data/6.CAAS_traitfiles/Ranked/df8_sp.tab
ADAMTS13@1049	0	1000	0.0		/home/miguel/IBE-UPF/TFM/Master_projects/PhyloPhere/Data/6.CAAS_traitfiles/Ranked/df8_sp.tab
ADAMTS13@1050	0	1000	0.0		/home/miguel/IBE-UPF/TFM/Master_projects/PhyloPhere/Data/6.CAAS_traitfiles/Ranked/df8_sp.tab
ADAMTS13@1051	0	1000	0.0		/home/miguel/IBE-UPF/TFM/Master_projects/PhyloPhere/Data/6.CAAS_traitfiles/Ranked/df8_sp.tab
ADAMTS13@1052	0	1000	0.0		/home/miguel/IBE-UPF/TFM/Master_projects/PhyloPhere/Data/6.CAAS_traitfiles/Ranked/df8_sp.tab
ADAMTS13@1053	0	1000	0.0		/home/miguel/IBE-UPF/TFM/Master_projects/PhyloPhere/Data/6.CAAS_traitfiles/Ranked/df8_sp.tab
ADAMTS13@1054	20	1000	0.02	b_180,b_842,b_39,b_85,b_671,b_73,b_335,b_697,b_204,b_225,b_170,b_266,b_283,b_853,b_470,b_933,b_487,b_654,b_164,b_209	/home/miguel/IBE-UPF/TFM/Master_projects/PhyloPhere/Data/6.CAAS_traitfiles/Ranked/df8_sp.tab
ADAMTS13@1055	7	1000	0.007	b_250,b_358,b_308,b_955,b_171,b_633,b_943	/home/miguel/IBE-UPF/TFM/Master_projects/PhyloPhere/Data/6.CAAS_traitfiles/Ranked/df8_sp.tab
ADAMTS13@1058	0	1000	0.0		/home/miguel/IBE-UPF/TFM/Master_projects/PhyloPhere/Data/6.CAAS_traitfiles/Ranked/df8_sp.tab
ADAMTS13@1059	0	1000	0.0		/home/miguel/IBE-UPF/TFM/Master_projects/PhyloPhere/Data/6.CAAS_traitfiles/Ranked/df8_sp.tab
ADAMTS13@1061	17	1000	0.017	b_180,b_725,b_805,b_602,b_257,b_855,b_529,b_225,b_170,b_600,b_770,b_744,b_853,b_66,b_344,b_654,b_209	/home/miguel/IBE-UPF/TFM/Master_projects/PhyloPhere/Data/6.CAAS_traitfiles/Ranked/df8_sp.tab
ADAMTS13@1063	0	1000	0.0		/home/miguel/IBE-UPF/TFM/Master_projects/PhyloPhere/Data/6.CAAS_traitfiles/Ranked/df8_sp.tab
ADAMTS13@1065	0	1000	0.0		/home/miguel/IBE-UPF/TFM/Master_projects/PhyloPhere/Data/6.CAAS_traitfiles/Ranked/df8_sp.tab
ADAMTS13@1066	0	1000	0.0		/home/miguel/IBE-UPF/TFM/Master_projects/PhyloPhere/Data/6.CAAS_traitfiles/Ranked/df8_sp.tab
ADAMTS13@1068	0	1000	0.0		/home/miguel/IBE-UPF/TFM/Master_projects/PhyloPhere/Data/6.CAAS_traitfiles/Ranked/df8_sp.tab
ADAMTS13@1069	0	1000	0.0		/home/miguel/IBE-UPF/TFM/Master_projects/PhyloPhere/Data/6.CAAS_traitfiles/Ranked/df8_sp.tab
ADAMTS13@1072	0	1000	0.0		/home/miguel/IBE-UPF/TFM/Master_projects/PhyloPhere/Data/6.CAAS_traitfiles/Ranked/df8_sp.tab
ADAMTS13@1073	0	1000	0.0		/home/miguel/IBE-UPF/TFM/Master_projects/PhyloPhere/Data/6.CAAS_traitfiles/Ranked/df8_sp.tab
ADAMTS13@1075	20	1000	0.02	b_180,b_842,b_39,b_85,b_671,b_73,b_335,b_697,b_204,b_225,b_170,b_266,b_283,b_853,b_470,b_933,b_487,b_654,b_164,b_209	/home/miguel/IBE-UPF/TFM/Master_projects/PhyloPhere/Data/6.CAAS_traitfiles/Ranked/df8_sp.tab
ADAMTS13@1076	2	1000	0.002	b_250,b_308	/home/miguel/IBE-UPF/TFM/Master_projects/PhyloPhere/Data/6.CAAS_traitfiles/Ranked/df8_sp.tab
ADAMTS13@1078	0	1000	0.0		/home/miguel/IBE-UPF/TFM/Master_projects/PhyloPhere/Data/6.CAAS_traitfiles/Ranked/df8_sp.tab
ADAMTS13@1079	12	1000	0.012	b_308,b_651,b_538,b_257,b_185,b_396,b_172,b_176,b_873,b_667,b_692,b_577	/home/miguel/IBE-UPF/TFM/Master_projects/PhyloPhere/Data/6.CAAS_traitfiles/Ranked/df8_sp.tab
ADAMTS13@1080	0	1000	0.0		/home/miguel/IBE-UPF/TFM/Master_projects/PhyloPhere/Data/6.CAAS_traitfiles/Ranked/df8_sp.tab
ADAMTS13@1082	0	1000	0.0		/home/miguel/IBE-UPF/TFM/Master_projects/PhyloPhere/Data/6.CAAS_traitfiles/Ranked/df8_sp.tab
ADAMTS13@1083	0	1000	0.0		/home/miguel/IBE-UPF/TFM/Master_projects/PhyloPhere/Data/6.CAAS_traitfiles/Ranked/df8_sp.tab
ADAMTS13@1084	0	1000	0.0		/home/miguel/IBE-UPF/TFM/Master_projects/PhyloPhere/Data/6.CAAS_traitfiles/Ranked/df8_sp.tab
ADAMTS13@1086	0	1000	0.0		/home/miguel/IBE-UPF/TFM/Master_projects/PhyloPhere/Data/6.CAAS_traitfiles/Ranked/df8_sp.tab
ADAMTS13@1087	3	1000	0.003	b_78,b_853,b_939	/home/miguel/IBE-UPF/TFM/Master_projects/PhyloPhere/Data/6.CAAS_traitfiles/Ranked/df8_sp.tab
ADAMTS13@1088	0	1000	0.0		/home/miguel/IBE-UPF/TFM/Master_projects/PhyloPhere/Data/6.CAAS_traitfiles/Ranked/df8_sp.tab
ADAMTS13@1089	0	1000	0.0		/home/miguel/IBE-UPF/TFM/Master_projects/PhyloPhere/Data/6.CAAS_traitfiles/Ranked/df8_sp.tab
ADAMTS13@1090	0	1000	0.0		/home/miguel/IBE-UPF/TFM/Master_projects/PhyloPhere/Data/6.CAAS_traitfiles/Ranked/df8_sp.tab
ADAMTS13@1092	0	1000	0.0		/home/miguel/IBE-UPF/TFM/Master_projects/PhyloPhere/Data/6.CAAS_traitfiles/Ranked/df8_sp.tab
ADAMTS13@1093	2	1000	0.002	b_308,b_171	/home/miguel/IBE-UPF/TFM/Master_projects/PhyloPhere/Data/6.CAAS_traitfiles/Ranked/df8_sp.tab
ADAMTS13@1094	0	1000	0.0		/home/miguel/IBE-UPF/TFM/Master_projects/PhyloPhere/Data/6.CAAS_traitfiles/Ranked/df8_sp.tab
ADAMTS13@1096	0	1000	0.0		/home/miguel/IBE-UPF/TFM/Master_projects/PhyloPhere/Data/6.CAAS_traitfiles/Ranked/df8_sp.tab
ADAMTS13@1097	3	1000	0.003	b_308,b_171,b_484	/home/miguel/IBE-UPF/TFM/Master_projects/PhyloPhere/Data/6.CAAS_traitfiles/Ranked/df8_sp.tab
ADAMTS13@1098	0	1000	0.0		/home/miguel/IBE-UPF/TFM/Master_projects/PhyloPhere/Data/6.CAAS_traitfiles/Ranked/df8_sp.tab
ADAMTS13@1099	0	1000	0.0		/home/miguel/IBE-UPF/TFM/Master_projects/PhyloPhere/Data/6.CAAS_traitfiles/Ranked/df8_sp.tab
ADAMTS13@1100	0	1000	0.0		/home/miguel/IBE-UPF/TFM/Master_projects/PhyloPhere/Data/6.CAAS_traitfiles/Ranked/df8_sp.tab
ADAMTS13@1105	0	1000	0.0		/home/miguel/IBE-UPF/TFM/Master_projects/PhyloPhere/Data/6.CAAS_traitfiles/Ranked/df8_sp.tab
ADAMTS13@1107	25	1000	0.025	b_822,b_308,b_651,b_538,b_78,b_289,b_102,b_865,b_257,b_225,b_185,b_232,b_297,b_396,b_172,b_744,b_176,b_873,b_667,b_853,b_692,b_577,b_845,b_654,b_939	/home/miguel/IBE-UPF/TFM/Master_projects/PhyloPhere/Data/6.CAAS_traitfiles/Ranked/df8_sp.tab
ADAMTS13@1111	0	1000	0.0		/home/miguel/IBE-UPF/TFM/Master_projects/PhyloPhere/Data/6.CAAS_traitfiles/Ranked/df8_sp.tab
ADAMTS13@1116	0	1000	0.0		/home/miguel/IBE-UPF/TFM/Master_projects/PhyloPhere/Data/6.CAAS_traitfiles/Ranked/df8_sp.tab
ADAMTS13@1119	20	1000	0.02	b_180,b_842,b_39,b_85,b_671,b_73,b_335,b_697,b_204,b_225,b_170,b_266,b_283,b_853,b_470,b_933,b_487,b_654,b_164,b_209	/home/miguel/IBE-UPF/TFM/Master_projects/PhyloPhere/Data/6.CAAS_traitfiles/Ranked/df8_sp.tab
ADAMTS13@1121	0	1000	0.0		/home/miguel/IBE-UPF/TFM/Master_projects/PhyloPhere/Data/6.CAAS_traitfiles/Ranked/df8_sp.tab
ADAMTS13@1139	22	1000	0.022	b_180,b_842,b_39,b_85,b_671,b_811,b_73,b_335,b_697,b_204,b_225,b_170,b_71,b_266,b_283,b_853,b_470,b_933,b_487,b_654,b_164,b_209	/home/miguel/IBE-UPF/TFM/Master_projects/PhyloPhere/Data/6.CAAS_traitfiles/Ranked/df8_sp.tab
ADAMTS13@1140	0	1000	0.0		/home/miguel/IBE-UPF/TFM/Master_projects/PhyloPhere/Data/6.CAAS_traitfiles/Ranked/df8_sp.tab
ADAMTS13@1149	0	1000	0.0		/home/miguel/IBE-UPF/TFM/Master_projects/PhyloPhere/Data/6.CAAS_traitfiles/Ranked/df8_sp.tab
ADAMTS13@1151	4	1000	0.004	b_86,b_308,b_484,b_882	/home/miguel/IBE-UPF/TFM/Master_projects/PhyloPhere/Data/6.CAAS_traitfiles/Ranked/df8_sp.tab
ADAMTS13@1152	0	1000	0.0		/home/miguel/IBE-UPF/TFM/Master_projects/PhyloPhere/Data/6.CAAS_traitfiles/Ranked/df8_sp.tab
ADAMTS13@1155	0	1000	0.0		/home/miguel/IBE-UPF/TFM/Master_projects/PhyloPhere/Data/6.CAAS_traitfiles/Ranked/df8_sp.tab
ADAMTS13@1160	0	1000	0.0		/home/miguel/IBE-UPF/TFM/Master_projects/PhyloPhere/Data/6.CAAS_traitfiles/Ranked/df8_sp.tab
ADAMTS13@1162	0	1000	0.0		/home/miguel/IBE-UPF/TFM/Master_projects/PhyloPhere/Data/6.CAAS_traitfiles/Ranked/df8_sp.tab
ADAMTS13@1164	20	1000	0.02	b_180,b_842,b_39,b_85,b_671,b_73,b_335,b_697,b_204,b_225,b_170,b_266,b_283,b_853,b_470,b_933,b_487,b_654,b_164,b_209	/home/miguel/IBE-UPF/TFM/Master_projects/PhyloPhere/Data/6.CAAS_traitfiles/Ranked/df8_sp.tab
ADAMTS13@1166	20	1000	0.02	b_180,b_842,b_39,b_85,b_671,b_73,b_335,b_697,b_204,b_225,b_170,b_266,b_283,b_853,b_470,b_933,b_487,b_654,b_164,b_209	/home/miguel/IBE-UPF/TFM/Master_projects/PhyloPhere/Data/6.CAAS_traitfiles/Ranked/df8_sp.tab
ADAMTS13@1167	20	1000	0.02	b_180,b_842,b_39,b_85,b_671,b_73,b_335,b_697,b_204,b_225,b_170,b_266,b_283,b_853,b_470,b_933,b_487,b_654,b_164,b_209	/home/miguel/IBE-UPF/TFM/Master_projects/PhyloPhere/Data/6.CAAS_traitfiles/Ranked/df8_sp.tab
ADAMTS13@1168	0	1000	0.0		/home/miguel/IBE-UPF/TFM/Master_projects/PhyloPhere/Data/6.CAAS_traitfiles/Ranked/df8_sp.tab
ADAMTS13@1169	20	1000	0.02	b_180,b_842,b_39,b_85,b_671,b_73,b_335,b_697,b_204,b_225,b_170,b_266,b_283,b_853,b_470,b_933,b_487,b_654,b_164,b_209	/home/miguel/IBE-UPF/TFM/Master_projects/PhyloPhere/Data/6.CAAS_traitfiles/Ranked/df8_sp.tab
ADAMTS13@1170	0	1000	0.0		/home/miguel/IBE-UPF/TFM/Master_projects/PhyloPhere/Data/6.CAAS_traitfiles/Ranked/df8_sp.tab
ADAMTS13@1171	1	1000	0.001	b_484	/home/miguel/IBE-UPF/TFM/Master_projects/PhyloPhere/Data/6.CAAS_traitfiles/Ranked/df8_sp.tab
ADAMTS13@1174	0	1000	0.0		/home/miguel/IBE-UPF/TFM/Master_projects/PhyloPhere/Data/6.CAAS_traitfiles/Ranked/df8_sp.tab
ADAMTS13@1175	20	1000	0.02	b_180,b_842,b_39,b_85,b_671,b_73,b_335,b_697,b_204,b_225,b_170,b_266,b_283,b_853,b_470,b_933,b_487,b_654,b_164,b_209	/home/miguel/IBE-UPF/TFM/Master_projects/PhyloPhere/Data/6.CAAS_traitfiles/Ranked/df8_sp.tab
ADAMTS13@1176	20	1000	0.02	b_180,b_842,b_39,b_85,b_671,b_73,b_335,b_697,b_204,b_225,b_170,b_266,b_283,b_853,b_470,b_933,b_487,b_654,b_164,b_209	/home/miguel/IBE-UPF/TFM/Master_projects/PhyloPhere/Data/6.CAAS_traitfiles/Ranked/df8_sp.tab
ADAMTS13@1181	0	1000	0.0		/home/miguel/IBE-UPF/TFM/Master_projects/PhyloPhere/Data/6.CAAS_traitfiles/Ranked/df8_sp.tab
ADAMTS13@1186	20	1000	0.02	b_180,b_842,b_39,b_85,b_671,b_73,b_335,b_697,b_204,b_225,b_170,b_266,b_283,b_853,b_470,b_933,b_487,b_654,b_164,b_209	/home/miguel/IBE-UPF/TFM/Master_projects/PhyloPhere/Data/6.CAAS_traitfiles/Ranked/df8_sp.tab
ADAMTS13@1187	0	1000	0.0		/home/miguel/IBE-UPF/TFM/Master_projects/PhyloPhere/Data/6.CAAS_traitfiles/Ranked/df8_sp.tab
ADAMTS13@1190	20	1000	0.02	b_180,b_842,b_39,b_85,b_671,b_73,b_335,b_697,b_204,b_225,b_170,b_266,b_283,b_853,b_470,b_933,b_487,b_654,b_164,b_209	/home/miguel/IBE-UPF/TFM/Master_projects/PhyloPhere/Data/6.CAAS_traitfiles/Ranked/df8_sp.tab
ADAMTS13@1192	0	1000	0.0		/home/miguel/IBE-UPF/TFM/Master_projects/PhyloPhere/Data/6.CAAS_traitfiles/Ranked/df8_sp.tab
ADAMTS13@1194	0	1000	0.0		/home/miguel/IBE-UPF/TFM/Master_projects/PhyloPhere/Data/6.CAAS_traitfiles/Ranked/df8_sp.tab
ADAMTS13@1196	13	1000	0.013	b_180,b_39,b_85,b_244,b_572,b_73,b_335,b_170,b_266,b_283,b_470,b_933,b_487	/home/miguel/IBE-UPF/TFM/Master_projects/PhyloPhere/Data/6.CAAS_traitfiles/Ranked/df8_sp.tab
ADAMTS13@1197	4	1000	0.004	b_86,b_308,b_484,b_882	/home/miguel/IBE-UPF/TFM/Master_projects/PhyloPhere/Data/6.CAAS_traitfiles/Ranked/df8_sp.tab
ADAMTS13@1199	0	1000	0.0		/home/miguel/IBE-UPF/TFM/Master_projects/PhyloPhere/Data/6.CAAS_traitfiles/Ranked/df8_sp.tab
ADAMTS13@1200	15	1000	0.015	b_180,b_39,b_85,b_671,b_811,b_73,b_335,b_697,b_204,b_170,b_71,b_266,b_470,b_654,b_164	/home/miguel/IBE-UPF/TFM/Master_projects/PhyloPhere/Data/6.CAAS_traitfiles/Ranked/df8_sp.tab
ADAMTS13@1201	0	1000	0.0		/home/miguel/IBE-UPF/TFM/Master_projects/PhyloPhere/Data/6.CAAS_traitfiles/Ranked/df8_sp.tab
ADAMTS13@1202	20	1000	0.02	b_180,b_842,b_39,b_85,b_671,b_73,b_335,b_697,b_204,b_225,b_170,b_266,b_283,b_853,b_470,b_933,b_487,b_654,b_164,b_209	/home/miguel/IBE-UPF/TFM/Master_projects/PhyloPhere/Data/6.CAAS_traitfiles/Ranked/df8_sp.tab
ADAMTS13@1203	20	1000	0.02	b_180,b_842,b_39,b_85,b_671,b_73,b_335,b_697,b_204,b_225,b_170,b_266,b_283,b_853,b_470,b_933,b_487,b_654,b_164,b_209	/home/miguel/IBE-UPF/TFM/Master_projects/PhyloPhere/Data/6.CAAS_traitfiles/Ranked/df8_sp.tab
ADAMTS13@1208	20	1000	0.02	b_180,b_842,b_39,b_85,b_671,b_73,b_335,b_697,b_204,b_225,b_170,b_266,b_283,b_853,b_470,b_933,b_487,b_654,b_164,b_209	/home/miguel/IBE-UPF/TFM/Master_projects/PhyloPhere/Data/6.CAAS_traitfiles/Ranked/df8_sp.tab
ADAMTS13@1214	0	1000	0.0		/home/miguel/IBE-UPF/TFM/Master_projects/PhyloPhere/Data/6.CAAS_traitfiles/Ranked/df8_sp.tab
ADAMTS13@1218	0	1000	0.0		/home/miguel/IBE-UPF/TFM/Master_projects/PhyloPhere/Data/6.CAAS_traitfiles/Ranked/df8_sp.tab
ADAMTS13@1221	20	1000	0.02	b_180,b_842,b_39,b_85,b_671,b_73,b_335,b_697,b_204,b_225,b_170,b_266,b_283,b_853,b_470,b_933,b_487,b_654,b_164,b_209	/home/miguel/IBE-UPF/TFM/Master_projects/PhyloPhere/Data/6.CAAS_traitfiles/Ranked/df8_sp.tab
ADAMTS13@1222	21	1000	0.021	b_180,b_842,b_39,b_85,b_671,b_73,b_335,b_697,b_204,b_225,b_170,b_71,b_266,b_283,b_853,b_470,b_933,b_487,b_654,b_164,b_209	/home/miguel/IBE-UPF/TFM/Master_projects/PhyloPhere/Data/6.CAAS_traitfiles/Ranked/df8_sp.tab
ADAMTS13@1223	4	1000	0.004	b_86,b_308,b_484,b_882	/home/miguel/IBE-UPF/TFM/Master_projects/PhyloPhere/Data/6.CAAS_traitfiles/Ranked/df8_sp.tab
ADAMTS13@1224	0	1000	0.0		/home/miguel/IBE-UPF/TFM/Master_projects/PhyloPhere/Data/6.CAAS_traitfiles/Ranked/df8_sp.tab
ADAMTS13@1225	0	1000	0.0		/home/miguel/IBE-UPF/TFM/Master_projects/PhyloPhere/Data/6.CAAS_traitfiles/Ranked/df8_sp.tab
ADAMTS13@1227	4	1000	0.004	b_289,b_257,b_744,b_845	/home/miguel/IBE-UPF/TFM/Master_projects/PhyloPhere/Data/6.CAAS_traitfiles/Ranked/df8_sp.tab
ADAMTS13@1233	2	1000	0.002	b_655,b_97	/home/miguel/IBE-UPF/TFM/Master_projects/PhyloPhere/Data/6.CAAS_traitfiles/Ranked/df8_sp.tab
ADAMTS13@1237	20	1000	0.02	b_180,b_842,b_39,b_85,b_671,b_73,b_335,b_697,b_204,b_225,b_170,b_266,b_283,b_853,b_470,b_933,b_487,b_654,b_164,b_209	/home/miguel/IBE-UPF/TFM/Master_projects/PhyloPhere/Data/6.CAAS_traitfiles/Ranked/df8_sp.tab
ADAMTS13@1243	0	1000	0.0		/home/miguel/IBE-UPF/TFM/Master_projects/PhyloPhere/Data/6.CAAS_traitfiles/Ranked/df8_sp.tab
ADAMTS13@1247	20	1000	0.02	b_180,b_842,b_39,b_85,b_671,b_73,b_335,b_697,b_204,b_225,b_170,b_266,b_283,b_853,b_470,b_933,b_487,b_654,b_164,b_209	/home/miguel/IBE-UPF/TFM/Master_projects/PhyloPhere/Data/6.CAAS_traitfiles/Ranked/df8_sp.tab
ADAMTS13@1248	0	1000	0.0		/home/miguel/IBE-UPF/TFM/Master_projects/PhyloPhere/Data/6.CAAS_traitfiles/Ranked/df8_sp.tab
ADAMTS13@1249	2	1000	0.002	b_747,b_75	/home/miguel/IBE-UPF/TFM/Master_projects/PhyloPhere/Data/6.CAAS_traitfiles/Ranked/df8_sp.tab
ADAMTS13@1250	0	1000	0.0		/home/miguel/IBE-UPF/TFM/Master_projects/PhyloPhere/Data/6.CAAS_traitfiles/Ranked/df8_sp.tab
ADAMTS13@1251	0	1000	0.0		/home/miguel/IBE-UPF/TFM/Master_projects/PhyloPhere/Data/6.CAAS_traitfiles/Ranked/df8_sp.tab
ADAMTS13@1254	0	1000	0.0		/home/miguel/IBE-UPF/TFM/Master_projects/PhyloPhere/Data/6.CAAS_traitfiles/Ranked/df8_sp.tab
ADAMTS13@1257	0	1000	0.0		/home/miguel/IBE-UPF/TFM/Master_projects/PhyloPhere/Data/6.CAAS_traitfiles/Ranked/df8_sp.tab
ADAMTS13@1258	25	1000	0.025	b_822,b_308,b_651,b_538,b_78,b_289,b_102,b_865,b_257,b_225,b_185,b_232,b_297,b_396,b_172,b_744,b_176,b_873,b_667,b_853,b_692,b_577,b_845,b_654,b_939	/home/miguel/IBE-UPF/TFM/Master_projects/PhyloPhere/Data/6.CAAS_traitfiles/Ranked/df8_sp.tab
ADAMTS13@1262	0	1000	0.0		/home/miguel/IBE-UPF/TFM/Master_projects/PhyloPhere/Data/6.CAAS_traitfiles/Ranked/df8_sp.tab
ADAMTS13@1265	0	1000	0.0		/home/miguel/IBE-UPF/TFM/Master_projects/PhyloPhere/Data/6.CAAS_traitfiles/Ranked/df8_sp.tab
ADAMTS13@1266	0	1000	0.0		/home/miguel/IBE-UPF/TFM/Master_projects/PhyloPhere/Data/6.CAAS_traitfiles/Ranked/df8_sp.tab
ADAMTS13@1270	0	1000	0.0		/home/miguel/IBE-UPF/TFM/Master_projects/PhyloPhere/Data/6.CAAS_traitfiles/Ranked/df8_sp.tab
ADAMTS13@1273	0	1000	0.0		/home/miguel/IBE-UPF/TFM/Master_projects/PhyloPhere/Data/6.CAAS_traitfiles/Ranked/df8_sp.tab
ADAMTS13@1275	2	1000	0.002	b_651,b_865	/home/miguel/IBE-UPF/TFM/Master_projects/PhyloPhere/Data/6.CAAS_traitfiles/Ranked/df8_sp.tab
ADAMTS13@1279	0	1000	0.0		/home/miguel/IBE-UPF/TFM/Master_projects/PhyloPhere/Data/6.CAAS_traitfiles/Ranked/df8_sp.tab
ADAMTS13@1280	0	1000	0.0		/home/miguel/IBE-UPF/TFM/Master_projects/PhyloPhere/Data/6.CAAS_traitfiles/Ranked/df8_sp.tab
ADAMTS13@1286	20	1000	0.02	b_180,b_842,b_39,b_85,b_671,b_73,b_335,b_697,b_204,b_225,b_170,b_266,b_283,b_853,b_470,b_933,b_487,b_654,b_164,b_209	/home/miguel/IBE-UPF/TFM/Master_projects/PhyloPhere/Data/6.CAAS_traitfiles/Ranked/df8_sp.tab
ADAMTS13@1289	0	1000	0.0		/home/miguel/IBE-UPF/TFM/Master_projects/PhyloPhere/Data/6.CAAS_traitfiles/Ranked/df8_sp.tab
ADAMTS13@1295	0	1000	0.0		/home/miguel/IBE-UPF/TFM/Master_projects/PhyloPhere/Data/6.CAAS_traitfiles/Ranked/df8_sp.tab
ADAMTS13@1296	12	1000	0.012	b_826,b_252,b_725,b_289,b_257,b_561,b_326,b_770,b_744,b_197,b_542,b_845	/home/miguel/IBE-UPF/TFM/Master_projects/PhyloPhere/Data/6.CAAS_traitfiles/Ranked/df8_sp.tab
ADAMTS13@1299	20	1000	0.02	b_180,b_842,b_39,b_85,b_671,b_73,b_335,b_697,b_204,b_225,b_170,b_266,b_283,b_853,b_470,b_933,b_487,b_654,b_164,b_209	/home/miguel/IBE-UPF/TFM/Master_projects/PhyloPhere/Data/6.CAAS_traitfiles/Ranked/df8_sp.tab
ADAMTS13@1301	30	1000	0.03	b_822,b_358,b_308,b_651,b_538,b_78,b_289,b_102,b_865,b_257,b_171,b_699,b_595,b_225,b_185,b_232,b_297,b_396,b_172,b_744,b_176,b_873,b_667,b_853,b_692,b_337,b_577,b_845,b_654,b_939	/home/miguel/IBE-UPF/TFM/Master_projects/PhyloPhere/Data/6.CAAS_traitfiles/Ranked/df8_sp.tab
ADAMTS13@1303	0	1000	0.0		/home/miguel/IBE-UPF/TFM/Master_projects/PhyloPhere/Data/6.CAAS_traitfiles/Ranked/df8_sp.tab
ADAMTS13@1305	0	1000	0.0		/home/miguel/IBE-UPF/TFM/Master_projects/PhyloPhere/Data/6.CAAS_traitfiles/Ranked/df8_sp.tab
ADAMTS13@1307	0	1000	0.0		/home/miguel/IBE-UPF/TFM/Master_projects/PhyloPhere/Data/6.CAAS_traitfiles/Ranked/df8_sp.tab
ADAMTS13@1309	20	1000	0.02	b_822,b_180,b_651,b_78,b_85,b_605,b_671,b_73,b_697,b_204,b_225,b_665,b_283,b_603,b_853,b_470,b_692,b_487,b_654,b_164	/home/miguel/IBE-UPF/TFM/Master_projects/PhyloPhere/Data/6.CAAS_traitfiles/Ranked/df8_sp.tab
ADAMTS13@1310	0	1000	0.0		/home/miguel/IBE-UPF/TFM/Master_projects/PhyloPhere/Data/6.CAAS_traitfiles/Ranked/df8_sp.tab
ADAMTS13@1311	0	1000	0.0		/home/miguel/IBE-UPF/TFM/Master_projects/PhyloPhere/Data/6.CAAS_traitfiles/Ranked/df8_sp.tab
ADAMTS13@1312	0	1000	0.0		/home/miguel/IBE-UPF/TFM/Master_projects/PhyloPhere/Data/6.CAAS_traitfiles/Ranked/df8_sp.tab
ADAMTS13@1314	0	1000	0.0		/home/miguel/IBE-UPF/TFM/Master_projects/PhyloPhere/Data/6.CAAS_traitfiles/Ranked/df8_sp.tab
ADAMTS13@1315	0	1000	0.0		/home/miguel/IBE-UPF/TFM/Master_projects/PhyloPhere/Data/6.CAAS_traitfiles/Ranked/df8_sp.tab
