======================================================
 SLURM TASK ID : 9
 TRAIT         : folfrug_idx  [CLASS 2]
 NODE          : mr-00-07
======================================================
==========================================
 PHYLOPHERE SINGLE-PHENOTYPE RUNNER
 CLASS      : 2
 TRAIT      : folfrug_idx
 Timestamp  : 20260317_195231
 NF run name: folfrug_idx_5636b7b6
 IS_TOY     : false  (tag: '')
 Cycles     : 1000000
 N_Rand     : 1000000
 RUN_FADE   : false  (mode=gene_set)
 RUN_MOLERATE: false  (mode=gene_set)
 RUN_RER    : false  (tool=build_trait,build_tree,build_matrix,continuous)
==========================================

------------------------------------------
 Running CLASS 2: folfrug_idx
   Trait file    : /data/samanthafs/scratch/lab_anavarro/mramon/2.Primates/1.Primates_data/maria_caas/Datos_fenotipos/diet_traitfile_comma.csv
   Discrete meth : decile
   (no pruning, no secondary/n/c traits)
   Output        : /data/samanthafs/scratch/lab_anavarro/mramon/2.Primates/2.Primates_results/CAAS_RESULTS/diet/folfrug_idx/20260317_195231/filter
------------------------------------------

 N E X T F L O W   ~  version 25.04.6

Launching `/data/samanthafs/scratch/lab_anavarro/mramon/0.Phylophere/main.nf` [folfrug_idx_5636b7b6] DSL2 - revision: 172d73259e



PHYLOPHERE - NF PIPELINE  ~  version 1.0.0
=============================================

PHYLOPHERE: A Nextflow pipeline including a complete set
of phylogenetic comparative tools and analyses for Phenome-Genome studies

Author:         Miguel Ramon (miguel.ramon@upf.edu)



stats_df generated during reporting
No data pruning selected; skipping data pruning module.
[-        ] CON…ORTING:DATASET_EXPLORATION -
[-        ] CON…TING:PHENOTYPE_EXPLORATION -
[-        ] CON…TION:CI_COMPOSITION_REPORT -
Running composition analysis (CI or discrete). n_trait=true, c_trait=true

[-        ] CON…ORTING:DATASET_EXPLORATION -
[-        ] CON…TING:PHENOTYPE_EXPLORATION -
[-        ] CON…TION:CI_COMPOSITION_REPORT -
[-        ] CON…LECTION:CONTRAST_ALGORITHM -
[-        ] CON…ECTION:CHECK_MIN_CONTRASTS -
[-        ] CT:DISCOVERY_BATCHED           -
[-        ] CT:CONCAT_DISCOVERY            -
[-        ] CT:CONCAT_BACKGROUND           -
[-        ] CT:RESAMPLE                    -
[-        ] CT:CONCAT_RESAMPLE             -
Running composition analysis (CI or discrete). n_trait=true, c_trait=true
Using contrast selection output for CT analyses.

[-        ] CON…ORTING:DATASET_EXPLORATION -
[-        ] CON…TING:PHENOTYPE_EXPLORATION -
[-        ] CON…TION:CI_COMPOSITION_REPORT -
[-        ] CON…LECTION:CONTRAST_ALGORITHM -
[-        ] CON…ECTION:CHECK_MIN_CONTRASTS -
[-        ] CT:DISCOVERY_BATCHED           -
[-        ] CT:CONCAT_DISCOVERY            -
[-        ] CT:CONCAT_BACKGROUND           -
[-        ] CT:RESAMPLE                    -
[-        ] CT:CONCAT_RESAMPLE             -
[-        ] CT:BOOTSTRAP_BATCHED           -
[-        ] CT:CONCAT_BOOTSTRAP            -
[-        ] CT_…:CAAS_SIGNIFICATION_REPORT -
[-        ] CT_…TION:CT_DISAMBIGUATION_RUN -
[-        ] CT_…NESS:ASR_ROBUSTNESS_REPORT -
[-        ] CT_…AAS_PREPARE_POSTPROC_INPUT -
Running composition analysis (CI or discrete). n_trait=true, c_trait=true
Using contrast selection output for CT analyses.
📥 Using discovery file from CT module for signification
📥 Using global background genes from CT module for signification
📥 Using bootstrap file from CT module
📥 Using discovery file from upstream disambiguation output
📥 [asr_robustness] Using disambiguation output from upstream CT_DISAMBIGUATION
🔬 [asr_robustness] Posterior threshold (params.ct_disambig_posterior_threshold): 0.95
📊 [asr_robustness] Outputs → /data/samanthafs/scratch/lab_anavarro/mramon/2.Primates/2.Primates_results/CAAS_RESULTS/diet/folfrug_idx/20260317_195231/filter/asr_robustness/
📂 Post-processing input normalized from disambiguation master CSV
⛔ Rows with Pattern in {ambiguous, no_change} are removed before clustering and tracked
📥 Using global background genes from CT_DISCOVERY module
🔧 Filter mode: running with minlen=3, maxcaas=0.7
   (Cluster filtering will respect CAAP_Group boundaries)

[-        ] CON…ORTING:DATASET_EXPLORATION -
[-        ] CON…TING:PHENOTYPE_EXPLORATION -
[-        ] CON…TION:CI_COMPOSITION_REPORT -
[-        ] CON…LECTION:CONTRAST_ALGORITHM -
[-        ] CON…ECTION:CHECK_MIN_CONTRASTS -
[-        ] CT:DISCOVERY_BATCHED           -
[-        ] CT:CONCAT_DISCOVERY            -
[-        ] CT:CONCAT_BACKGROUND           -
[-        ] CT:RESAMPLE                    -
[-        ] CT:CONCAT_RESAMPLE             -
[-        ] CT:BOOTSTRAP_BATCHED           -
[-        ] CT:CONCAT_BOOTSTRAP            -
[-        ] CT_…:CAAS_SIGNIFICATION_REPORT -
[-        ] CT_…TION:CT_DISAMBIGUATION_RUN -
[-        ] CT_…NESS:ASR_ROBUSTNESS_REPORT -
[-        ] CT_…AAS_PREPARE_POSTPROC_INPUT -
[-        ] CT_POSTPROC:CT_FILTER          -
[-        ] CT_POSTPROC:CT_FILTER_SUMMARY  -
[-        ] CT_POSTPROC:CAAS_FILTER_GENES  -
[-        ] CT_…OC:CAAS_BACKGROUND_CLEANUP -
Plus 3 more processes waiting for tasks…
Running composition analysis (CI or discrete). n_trait=true, c_trait=true
Using contrast selection output for CT analyses.
📥 Using discovery file from CT module for signification
📥 Using global background genes from CT module for signification
📥 Using bootstrap file from CT module
📥 Using discovery file from upstream disambiguation output
📥 [asr_robustness] Using disambiguation output from upstream CT_DISAMBIGUATION
🔬 [asr_robustness] Posterior threshold (params.ct_disambig_posterior_threshold): 0.95
📊 [asr_robustness] Outputs → /data/samanthafs/scratch/lab_anavarro/mramon/2.Primates/2.Primates_results/CAAS_RESULTS/diet/folfrug_idx/20260317_195231/filter/asr_robustness/
📂 Post-processing input normalized from disambiguation master CSV
⛔ Rows with Pattern in {ambiguous, no_change} are removed before clustering and tracked
📥 Using global background genes from CT_DISCOVERY module
🔧 Filter mode: running with minlen=3, maxcaas=0.7
   (Cluster filtering will respect CAAP_Group boundaries)
🧬 Running gene-level filtering (mode: both)...
   (Gene-level statistics will be calculated per CAAP_Group)
Cleaned background files: /data/samanthafs/scratch/lab_anavarro/mramon/2.Primates/2.Primates_results/CAAS_RESULTS/diet/folfrug_idx/20260317_195231/filter/postproc/cleaned_backgrounds
📊 CT characterization reports...
Post-processing reports generated in: /data/samanthafs/scratch/lab_anavarro/mramon/2.Primates/2.Primates_results/CAAS_RESULTS/diet/folfrug_idx/20260317_195231/filter/postproc/reports

[-        ] CON…ORTING:DATASET_EXPLORATION -
[-        ] CON…TING:PHENOTYPE_EXPLORATION -
[-        ] CON…TION:CI_COMPOSITION_REPORT -
[-        ] CON…LECTION:CONTRAST_ALGORITHM -
[-        ] CON…ECTION:CHECK_MIN_CONTRASTS -
[-        ] CT:DISCOVERY_BATCHED           -
[-        ] CT:CONCAT_DISCOVERY            -
[-        ] CT:CONCAT_BACKGROUND           -
[-        ] CT:RESAMPLE                    -
[-        ] CT:CONCAT_RESAMPLE             -
[-        ] CT:BOOTSTRAP_BATCHED           -
[-        ] CT:CONCAT_BOOTSTRAP            -
[-        ] CT_…:CAAS_SIGNIFICATION_REPORT -
[-        ] CT_…TION:CT_DISAMBIGUATION_RUN -
[-        ] CT_…NESS:ASR_ROBUSTNESS_REPORT -
[-        ] CT_…AAS_PREPARE_POSTPROC_INPUT -
[-        ] CT_POSTPROC:CT_FILTER          -
[-        ] CT_POSTPROC:CT_FILTER_SUMMARY  -
[-        ] CT_POSTPROC:CAAS_FILTER_GENES  -
[-        ] CT_…OC:CAAS_BACKGROUND_CLEANUP -
Plus 8 more processes waiting for tasks…
Running composition analysis (CI or discrete). n_trait=true, c_trait=true
Using contrast selection output for CT analyses.
📥 Using discovery file from CT module for signification
📥 Using global background genes from CT module for signification
📥 Using bootstrap file from CT module
📥 Using discovery file from upstream disambiguation output
📥 [asr_robustness] Using disambiguation output from upstream CT_DISAMBIGUATION
🔬 [asr_robustness] Posterior threshold (params.ct_disambig_posterior_threshold): 0.95
📊 [asr_robustness] Outputs → /data/samanthafs/scratch/lab_anavarro/mramon/2.Primates/2.Primates_results/CAAS_RESULTS/diet/folfrug_idx/20260317_195231/filter/asr_robustness/
📂 Post-processing input normalized from disambiguation master CSV
⛔ Rows with Pattern in {ambiguous, no_change} are removed before clustering and tracked
📥 Using global background genes from CT_DISCOVERY module
🔧 Filter mode: running with minlen=3, maxcaas=0.7
   (Cluster filtering will respect CAAP_Group boundaries)
🧬 Running gene-level filtering (mode: both)...
   (Gene-level statistics will be calculated per CAAP_Group)
Cleaned background files: /data/samanthafs/scratch/lab_anavarro/mramon/2.Primates/2.Primates_results/CAAS_RESULTS/diet/folfrug_idx/20260317_195231/filter/postproc/cleaned_backgrounds
📊 CT characterization reports...
Post-processing reports generated in: /data/samanthafs/scratch/lab_anavarro/mramon/2.Primates/2.Primates_results/CAAS_RESULTS/diet/folfrug_idx/20260317_195231/filter/postproc/reports
🔬 CT_ACCUMULATION
   Alignment dir  : /data/samanthafs/scratch/lab_anavarro/mramon/2.Primates/1.Primates_data/2.Alignments/Primate_alignments
   Genomic info   : /data/samanthafs/scratch/lab_anavarro/mramon/2.Primates/1.Primates_data/2.Alignments/ensembl_genes.output
   Rand type      : naive
   Randomizations : 1000000

Monitor the execution with Seqera Platform using this URL: https://cloud.seqera.io/user/miralnso/watch/nuUF3V6cVIk5C
[-        ] CON…ORTING:DATASET_EXPLORATION -
[-        ] CON…TING:PHENOTYPE_EXPLORATION -
[-        ] CON…TION:CI_COMPOSITION_REPORT -
[-        ] CON…LECTION:CONTRAST_ALGORITHM -
[-        ] CON…ECTION:CHECK_MIN_CONTRASTS -
[-        ] CT:DISCOVERY_BATCHED           -
[-        ] CT:CONCAT_DISCOVERY            -
[-        ] CT:CONCAT_BACKGROUND           -
[-        ] CT:RESAMPLE                    -
[-        ] CT:CONCAT_RESAMPLE             -
[-        ] CT:BOOTSTRAP_BATCHED           -
[-        ] CT:CONCAT_BOOTSTRAP            -
[-        ] CT_…:CAAS_SIGNIFICATION_REPORT -
[-        ] CT_…TION:CT_DISAMBIGUATION_RUN -
[-        ] CT_…NESS:ASR_ROBUSTNESS_REPORT -
[-        ] CT_…AAS_PREPARE_POSTPROC_INPUT -
[-        ] CT_POSTPROC:CT_FILTER          -
[-        ] CT_POSTPROC:CT_FILTER_SUMMARY  -
[-        ] CT_POSTPROC:CAAS_FILTER_GENES  -
[-        ] CT_…OC:CAAS_BACKGROUND_CLEANUP -
Plus 8 more processes waiting for tasks…
Running composition analysis (CI or discrete). n_trait=true, c_trait=true
Using contrast selection output for CT analyses.
📥 Using discovery file from CT module for signification
📥 Using global background genes from CT module for signification
📥 Using bootstrap file from CT module
📥 Using discovery file from upstream disambiguation output
📥 [asr_robustness] Using disambiguation output from upstream CT_DISAMBIGUATION
🔬 [asr_robustness] Posterior threshold (params.ct_disambig_posterior_threshold): 0.95
📊 [asr_robustness] Outputs → /data/samanthafs/scratch/lab_anavarro/mramon/2.Primates/2.Primates_results/CAAS_RESULTS/diet/folfrug_idx/20260317_195231/filter/asr_robustness/
📂 Post-processing input normalized from disambiguation master CSV
⛔ Rows with Pattern in {ambiguous, no_change} are removed before clustering and tracked
📥 Using global background genes from CT_DISCOVERY module
🔧 Filter mode: running with minlen=3, maxcaas=0.7
   (Cluster filtering will respect CAAP_Group boundaries)
🧬 Running gene-level filtering (mode: both)...
   (Gene-level statistics will be calculated per CAAP_Group)
Cleaned background files: /data/samanthafs/scratch/lab_anavarro/mramon/2.Primates/2.Primates_results/CAAS_RESULTS/diet/folfrug_idx/20260317_195231/filter/postproc/cleaned_backgrounds
📊 CT characterization reports...
Post-processing reports generated in: /data/samanthafs/scratch/lab_anavarro/mramon/2.Primates/2.Primates_results/CAAS_RESULTS/diet/folfrug_idx/20260317_195231/filter/postproc/reports
🔬 CT_ACCUMULATION
   Alignment dir  : /data/samanthafs/scratch/lab_anavarro/mramon/2.Primates/1.Primates_data/2.Alignments/Primate_alignments
   Genomic info   : /data/samanthafs/scratch/lab_anavarro/mramon/2.Primates/1.Primates_data/2.Alignments/ensembl_genes.output
   Rand type      : naive
   Randomizations : 1000000

Monitor the execution with Seqera Platform using this URL: https://cloud.seqera.io/user/miralnso/watch/nuUF3V6cVIk5C
[-        ] CON…ORTING:DATASET_EXPLORATION | 0 of 1
[-        ] CON…TING:PHENOTYPE_EXPLORATION -
[-        ] CON…TION:CI_COMPOSITION_REPORT -
[-        ] CON…LECTION:CONTRAST_ALGORITHM -
[-        ] CON…ECTION:CHECK_MIN_CONTRASTS -
[-        ] CT:DISCOVERY_BATCHED           -
[-        ] CT:CONCAT_DISCOVERY            -
[-        ] CT:CONCAT_BACKGROUND           -
[-        ] CT:RESAMPLE                    -
[-        ] CT:CONCAT_RESAMPLE             -
[-        ] CT:BOOTSTRAP_BATCHED           -
[-        ] CT:CONCAT_BOOTSTRAP            -
[-        ] CT_…:CAAS_SIGNIFICATION_REPORT -
[-        ] CT_…TION:CT_DISAMBIGUATION_RUN -
[-        ] CT_…NESS:ASR_ROBUSTNESS_REPORT -
[-        ] CT_…AAS_PREPARE_POSTPROC_INPUT -
[-        ] CT_POSTPROC:CT_FILTER          -
[-        ] CT_POSTPROC:CT_FILTER_SUMMARY  -
[-        ] CT_POSTPROC:CAAS_FILTER_GENES  -
[-        ] CT_…OC:CAAS_BACKGROUND_CLEANUP -
Plus 8 more processes waiting for tasks…
Running composition analysis (CI or discrete). n_trait=true, c_trait=true
Using contrast selection output for CT analyses.
📥 Using discovery file from CT module for signification
📥 Using global background genes from CT module for signification
📥 Using bootstrap file from CT module
📥 Using discovery file from upstream disambiguation output
📥 [asr_robustness] Using disambiguation output from upstream CT_DISAMBIGUATION
🔬 [asr_robustness] Posterior threshold (params.ct_disambig_posterior_threshold): 0.95
📊 [asr_robustness] Outputs → /data/samanthafs/scratch/lab_anavarro/mramon/2.Primates/2.Primates_results/CAAS_RESULTS/diet/folfrug_idx/20260317_195231/filter/asr_robustness/
📂 Post-processing input normalized from disambiguation master CSV
⛔ Rows with Pattern in {ambiguous, no_change} are removed before clustering and tracked
📥 Using global background genes from CT_DISCOVERY module
🔧 Filter mode: running with minlen=3, maxcaas=0.7
   (Cluster filtering will respect CAAP_Group boundaries)
🧬 Running gene-level filtering (mode: both)...
   (Gene-level statistics will be calculated per CAAP_Group)
Cleaned background files: /data/samanthafs/scratch/lab_anavarro/mramon/2.Primates/2.Primates_results/CAAS_RESULTS/diet/folfrug_idx/20260317_195231/filter/postproc/cleaned_backgrounds
📊 CT characterization reports...
Post-processing reports generated in: /data/samanthafs/scratch/lab_anavarro/mramon/2.Primates/2.Primates_results/CAAS_RESULTS/diet/folfrug_idx/20260317_195231/filter/postproc/reports
🔬 CT_ACCUMULATION
   Alignment dir  : /data/samanthafs/scratch/lab_anavarro/mramon/2.Primates/1.Primates_data/2.Alignments/Primate_alignments
   Genomic info   : /data/samanthafs/scratch/lab_anavarro/mramon/2.Primates/1.Primates_data/2.Alignments/ensembl_genes.output
   Rand type      : naive
   Randomizations : 1000000

Monitor the execution with Seqera Platform using this URL: https://cloud.seqera.io/user/miralnso/watch/nuUF3V6cVIk5C
executor >  slurm (1)
[ae/07da7c] CON…TION (dataset_exploration) | 0 of 1
[-        ] CON…TING:PHENOTYPE_EXPLORATION -
[-        ] CON…TION:CI_COMPOSITION_REPORT -
[-        ] CON…LECTION:CONTRAST_ALGORITHM -
[-        ] CON…ECTION:CHECK_MIN_CONTRASTS -
[-        ] CT:DISCOVERY_BATCHED           -
[-        ] CT:CONCAT_DISCOVERY            -
[-        ] CT:CONCAT_BACKGROUND           -
[-        ] CT:RESAMPLE                    -
[-        ] CT:CONCAT_RESAMPLE             -
[-        ] CT:BOOTSTRAP_BATCHED           -
[-        ] CT:CONCAT_BOOTSTRAP            -
[-        ] CT_…:CAAS_SIGNIFICATION_REPORT -
[-        ] CT_…TION:CT_DISAMBIGUATION_RUN -
[-        ] CT_…NESS:ASR_ROBUSTNESS_REPORT -
[-        ] CT_…AAS_PREPARE_POSTPROC_INPUT -
[-        ] CT_POSTPROC:CT_FILTER          -
[-        ] CT_POSTPROC:CT_FILTER_SUMMARY  -
[-        ] CT_POSTPROC:CAAS_FILTER_GENES  -
[-        ] CT_…OC:CAAS_BACKGROUND_CLEANUP -
Plus 8 more processes waiting for tasks…
Running composition analysis (CI or discrete). n_trait=true, c_trait=true
Using contrast selection output for CT analyses.
📥 Using discovery file from CT module for signification
📥 Using global background genes from CT module for signification
📥 Using bootstrap file from CT module
📥 Using discovery file from upstream disambiguation output
📥 [asr_robustness] Using disambiguation output from upstream CT_DISAMBIGUATION
🔬 [asr_robustness] Posterior threshold (params.ct_disambig_posterior_threshold): 0.95
📊 [asr_robustness] Outputs → /data/samanthafs/scratch/lab_anavarro/mramon/2.Primates/2.Primates_results/CAAS_RESULTS/diet/folfrug_idx/20260317_195231/filter/asr_robustness/
📂 Post-processing input normalized from disambiguation master CSV
⛔ Rows with Pattern in {ambiguous, no_change} are removed before clustering and tracked
📥 Using global background genes from CT_DISCOVERY module
🔧 Filter mode: running with minlen=3, maxcaas=0.7
   (Cluster filtering will respect CAAP_Group boundaries)
🧬 Running gene-level filtering (mode: both)...
   (Gene-level statistics will be calculated per CAAP_Group)
Cleaned background files: /data/samanthafs/scratch/lab_anavarro/mramon/2.Primates/2.Primates_results/CAAS_RESULTS/diet/folfrug_idx/20260317_195231/filter/postproc/cleaned_backgrounds
📊 CT characterization reports...
Post-processing reports generated in: /data/samanthafs/scratch/lab_anavarro/mramon/2.Primates/2.Primates_results/CAAS_RESULTS/diet/folfrug_idx/20260317_195231/filter/postproc/reports
🔬 CT_ACCUMULATION
   Alignment dir  : /data/samanthafs/scratch/lab_anavarro/mramon/2.Primates/1.Primates_data/2.Alignments/Primate_alignments
   Genomic info   : /data/samanthafs/scratch/lab_anavarro/mramon/2.Primates/1.Primates_data/2.Alignments/ensembl_genes.output
   Rand type      : naive
   Randomizations : 1000000

Monitor the execution with Seqera Platform using this URL: https://cloud.seqera.io/user/miralnso/watch/nuUF3V6cVIk5C
executor >  slurm (1)
[ae/07da7c] CON…TION (dataset_exploration) | 0 of 1
[-        ] CON…TING:PHENOTYPE_EXPLORATION -
[-        ] CON…TION:CI_COMPOSITION_REPORT -
[-        ] CON…LECTION:CONTRAST_ALGORITHM -
[-        ] CON…ECTION:CHECK_MIN_CONTRASTS -
[-        ] CT:DISCOVERY_BATCHED           -
[-        ] CT:CONCAT_DISCOVERY            -
[-        ] CT:CONCAT_BACKGROUND           -
[-        ] CT:RESAMPLE                    -
[-        ] CT:CONCAT_RESAMPLE             -
[-        ] CT:BOOTSTRAP_BATCHED           -
[-        ] CT:CONCAT_BOOTSTRAP            -
[-        ] CT_…:CAAS_SIGNIFICATION_REPORT -
[-        ] CT_…TION:CT_DISAMBIGUATION_RUN -
[-        ] CT_…NESS:ASR_ROBUSTNESS_REPORT -
[-        ] CT_…AAS_PREPARE_POSTPROC_INPUT -
[-        ] CT_POSTPROC:CT_FILTER          -
[-        ] CT_POSTPROC:CT_FILTER_SUMMARY  -
[-        ] CT_POSTPROC:CAAS_FILTER_GENES  -
[-        ] CT_…OC:CAAS_BACKGROUND_CLEANUP -
Plus 8 more processes waiting for tasks…
Running composition analysis (CI or discrete). n_trait=true, c_trait=true
Using contrast selection output for CT analyses.
📥 Using discovery file from CT module for signification
📥 Using global background genes from CT module for signification
📥 Using bootstrap file from CT module
📥 Using discovery file from upstream disambiguation output
📥 [asr_robustness] Using disambiguation output from upstream CT_DISAMBIGUATION
🔬 [asr_robustness] Posterior threshold (params.ct_disambig_posterior_threshold): 0.95
📊 [asr_robustness] Outputs → /data/samanthafs/scratch/lab_anavarro/mramon/2.Primates/2.Primates_results/CAAS_RESULTS/diet/folfrug_idx/20260317_195231/filter/asr_robustness/
📂 Post-processing input normalized from disambiguation master CSV
⛔ Rows with Pattern in {ambiguous, no_change} are removed before clustering and tracked
📥 Using global background genes from CT_DISCOVERY module
🔧 Filter mode: running with minlen=3, maxcaas=0.7
   (Cluster filtering will respect CAAP_Group boundaries)
🧬 Running gene-level filtering (mode: both)...
   (Gene-level statistics will be calculated per CAAP_Group)
Cleaned background files: /data/samanthafs/scratch/lab_anavarro/mramon/2.Primates/2.Primates_results/CAAS_RESULTS/diet/folfrug_idx/20260317_195231/filter/postproc/cleaned_backgrounds
📊 CT characterization reports...
Post-processing reports generated in: /data/samanthafs/scratch/lab_anavarro/mramon/2.Primates/2.Primates_results/CAAS_RESULTS/diet/folfrug_idx/20260317_195231/filter/postproc/reports
🔬 CT_ACCUMULATION
   Alignment dir  : /data/samanthafs/scratch/lab_anavarro/mramon/2.Primates/1.Primates_data/2.Alignments/Primate_alignments
   Genomic info   : /data/samanthafs/scratch/lab_anavarro/mramon/2.Primates/1.Primates_data/2.Alignments/ensembl_genes.output
   Rand type      : naive
   Randomizations : 1000000

Monitor the execution with Seqera Platform using this URL: https://cloud.seqera.io/user/miralnso/watch/nuUF3V6cVIk5C
executor >  slurm (1)
[ae/07da7c] CON…TION (dataset_exploration) | 1 of 1 ✔
[-        ] CON…TING:PHENOTYPE_EXPLORATION -
[-        ] CON…TION:CI_COMPOSITION_REPORT -
[-        ] CON…LECTION:CONTRAST_ALGORITHM -
[-        ] CON…ECTION:CHECK_MIN_CONTRASTS -
[-        ] CT:DISCOVERY_BATCHED           -
[-        ] CT:CONCAT_DISCOVERY            -
[-        ] CT:CONCAT_BACKGROUND           -
[-        ] CT:RESAMPLE                    -
[-        ] CT:CONCAT_RESAMPLE             -
[-        ] CT:BOOTSTRAP_BATCHED           -
[-        ] CT:CONCAT_BOOTSTRAP            -
[-        ] CT_…:CAAS_SIGNIFICATION_REPORT -
[-        ] CT_…TION:CT_DISAMBIGUATION_RUN -
[-        ] CT_…NESS:ASR_ROBUSTNESS_REPORT -
[-        ] CT_…AAS_PREPARE_POSTPROC_INPUT -
[-        ] CT_POSTPROC:CT_FILTER          -
[-        ] CT_POSTPROC:CT_FILTER_SUMMARY  -
[-        ] CT_POSTPROC:CAAS_FILTER_GENES  -
[-        ] CT_…OC:CAAS_BACKGROUND_CLEANUP -
Plus 8 more processes waiting for tasks…
Running composition analysis (CI or discrete). n_trait=true, c_trait=true
Using contrast selection output for CT analyses.
📥 Using discovery file from CT module for signification
📥 Using global background genes from CT module for signification
📥 Using bootstrap file from CT module
📥 Using discovery file from upstream disambiguation output
📥 [asr_robustness] Using disambiguation output from upstream CT_DISAMBIGUATION
🔬 [asr_robustness] Posterior threshold (params.ct_disambig_posterior_threshold): 0.95
📊 [asr_robustness] Outputs → /data/samanthafs/scratch/lab_anavarro/mramon/2.Primates/2.Primates_results/CAAS_RESULTS/diet/folfrug_idx/20260317_195231/filter/asr_robustness/
📂 Post-processing input normalized from disambiguation master CSV
⛔ Rows with Pattern in {ambiguous, no_change} are removed before clustering and tracked
📥 Using global background genes from CT_DISCOVERY module
🔧 Filter mode: running with minlen=3, maxcaas=0.7
   (Cluster filtering will respect CAAP_Group boundaries)
🧬 Running gene-level filtering (mode: both)...
   (Gene-level statistics will be calculated per CAAP_Group)
Cleaned background files: /data/samanthafs/scratch/lab_anavarro/mramon/2.Primates/2.Primates_results/CAAS_RESULTS/diet/folfrug_idx/20260317_195231/filter/postproc/cleaned_backgrounds
📊 CT characterization reports...
Post-processing reports generated in: /data/samanthafs/scratch/lab_anavarro/mramon/2.Primates/2.Primates_results/CAAS_RESULTS/diet/folfrug_idx/20260317_195231/filter/postproc/reports
🔬 CT_ACCUMULATION
   Alignment dir  : /data/samanthafs/scratch/lab_anavarro/mramon/2.Primates/1.Primates_data/2.Alignments/Primate_alignments
   Genomic info   : /data/samanthafs/scratch/lab_anavarro/mramon/2.Primates/1.Primates_data/2.Alignments/ensembl_genes.output
   Rand type      : naive
   Randomizations : 1000000

Monitor the execution with Seqera Platform using this URL: https://cloud.seqera.io/user/miralnso/watch/nuUF3V6cVIk5C
executor >  slurm (2)
[ae/07da7c] CON…TION (dataset_exploration) | 1 of 1 ✔
[2a/7fd1f0] CON…ON (phenotype_exploration) | 0 of 1
[-        ] CON…TION:CI_COMPOSITION_REPORT -
[-        ] CON…LECTION:CONTRAST_ALGORITHM -
[-        ] CON…ECTION:CHECK_MIN_CONTRASTS -
[-        ] CT:DISCOVERY_BATCHED           -
[-        ] CT:CONCAT_DISCOVERY            -
[-        ] CT:CONCAT_BACKGROUND           -
[-        ] CT:RESAMPLE                    -
[-        ] CT:CONCAT_RESAMPLE             -
[-        ] CT:BOOTSTRAP_BATCHED           -
[-        ] CT:CONCAT_BOOTSTRAP            -
[-        ] CT_…:CAAS_SIGNIFICATION_REPORT -
[-        ] CT_…TION:CT_DISAMBIGUATION_RUN -
[-        ] CT_…NESS:ASR_ROBUSTNESS_REPORT -
[-        ] CT_…AAS_PREPARE_POSTPROC_INPUT -
[-        ] CT_POSTPROC:CT_FILTER          -
[-        ] CT_POSTPROC:CT_FILTER_SUMMARY  -
[-        ] CT_POSTPROC:CAAS_FILTER_GENES  -
[-        ] CT_…OC:CAAS_BACKGROUND_CLEANUP -
Plus 8 more processes waiting for tasks…
Running composition analysis (CI or discrete). n_trait=true, c_trait=true
Using contrast selection output for CT analyses.
📥 Using discovery file from CT module for signification
📥 Using global background genes from CT module for signification
📥 Using bootstrap file from CT module
📥 Using discovery file from upstream disambiguation output
📥 [asr_robustness] Using disambiguation output from upstream CT_DISAMBIGUATION
🔬 [asr_robustness] Posterior threshold (params.ct_disambig_posterior_threshold): 0.95
📊 [asr_robustness] Outputs → /data/samanthafs/scratch/lab_anavarro/mramon/2.Primates/2.Primates_results/CAAS_RESULTS/diet/folfrug_idx/20260317_195231/filter/asr_robustness/
📂 Post-processing input normalized from disambiguation master CSV
⛔ Rows with Pattern in {ambiguous, no_change} are removed before clustering and tracked
📥 Using global background genes from CT_DISCOVERY module
🔧 Filter mode: running with minlen=3, maxcaas=0.7
   (Cluster filtering will respect CAAP_Group boundaries)
🧬 Running gene-level filtering (mode: both)...
   (Gene-level statistics will be calculated per CAAP_Group)
Cleaned background files: /data/samanthafs/scratch/lab_anavarro/mramon/2.Primates/2.Primates_results/CAAS_RESULTS/diet/folfrug_idx/20260317_195231/filter/postproc/cleaned_backgrounds
📊 CT characterization reports...
Post-processing reports generated in: /data/samanthafs/scratch/lab_anavarro/mramon/2.Primates/2.Primates_results/CAAS_RESULTS/diet/folfrug_idx/20260317_195231/filter/postproc/reports
🔬 CT_ACCUMULATION
   Alignment dir  : /data/samanthafs/scratch/lab_anavarro/mramon/2.Primates/1.Primates_data/2.Alignments/Primate_alignments
   Genomic info   : /data/samanthafs/scratch/lab_anavarro/mramon/2.Primates/1.Primates_data/2.Alignments/ensembl_genes.output
   Rand type      : naive
   Randomizations : 1000000

Monitor the execution with Seqera Platform using this URL: https://cloud.seqera.io/user/miralnso/watch/nuUF3V6cVIk5C
executor >  slurm (2)
[ae/07da7c] CON…TION (dataset_exploration) | 1 of 1 ✔
[2a/7fd1f0] CON…ON (phenotype_exploration) | 0 of 1
[-        ] CON…TION:CI_COMPOSITION_REPORT -
[-        ] CON…LECTION:CONTRAST_ALGORITHM -
[-        ] CON…ECTION:CHECK_MIN_CONTRASTS -
[-        ] CT:DISCOVERY_BATCHED           -
[-        ] CT:CONCAT_DISCOVERY            -
[-        ] CT:CONCAT_BACKGROUND           -
[-        ] CT:RESAMPLE                    -
[-        ] CT:CONCAT_RESAMPLE             -
[-        ] CT:BOOTSTRAP_BATCHED           -
[-        ] CT:CONCAT_BOOTSTRAP            -
[-        ] CT_…:CAAS_SIGNIFICATION_REPORT -
[-        ] CT_…TION:CT_DISAMBIGUATION_RUN -
[-        ] CT_…NESS:ASR_ROBUSTNESS_REPORT -
[-        ] CT_…AAS_PREPARE_POSTPROC_INPUT -
[-        ] CT_POSTPROC:CT_FILTER          -
[-        ] CT_POSTPROC:CT_FILTER_SUMMARY  -
[-        ] CT_POSTPROC:CAAS_FILTER_GENES  -
[-        ] CT_…OC:CAAS_BACKGROUND_CLEANUP -
Plus 8 more processes waiting for tasks…
Running composition analysis (CI or discrete). n_trait=true, c_trait=true
Using contrast selection output for CT analyses.
📥 Using discovery file from CT module for signification
📥 Using global background genes from CT module for signification
📥 Using bootstrap file from CT module
📥 Using discovery file from upstream disambiguation output
📥 [asr_robustness] Using disambiguation output from upstream CT_DISAMBIGUATION
🔬 [asr_robustness] Posterior threshold (params.ct_disambig_posterior_threshold): 0.95
📊 [asr_robustness] Outputs → /data/samanthafs/scratch/lab_anavarro/mramon/2.Primates/2.Primates_results/CAAS_RESULTS/diet/folfrug_idx/20260317_195231/filter/asr_robustness/
📂 Post-processing input normalized from disambiguation master CSV
⛔ Rows with Pattern in {ambiguous, no_change} are removed before clustering and tracked
📥 Using global background genes from CT_DISCOVERY module
🔧 Filter mode: running with minlen=3, maxcaas=0.7
   (Cluster filtering will respect CAAP_Group boundaries)
🧬 Running gene-level filtering (mode: both)...
   (Gene-level statistics will be calculated per CAAP_Group)
Cleaned background files: /data/samanthafs/scratch/lab_anavarro/mramon/2.Primates/2.Primates_results/CAAS_RESULTS/diet/folfrug_idx/20260317_195231/filter/postproc/cleaned_backgrounds
📊 CT characterization reports...
Post-processing reports generated in: /data/samanthafs/scratch/lab_anavarro/mramon/2.Primates/2.Primates_results/CAAS_RESULTS/diet/folfrug_idx/20260317_195231/filter/postproc/reports
🔬 CT_ACCUMULATION
   Alignment dir  : /data/samanthafs/scratch/lab_anavarro/mramon/2.Primates/1.Primates_data/2.Alignments/Primate_alignments
   Genomic info   : /data/samanthafs/scratch/lab_anavarro/mramon/2.Primates/1.Primates_data/2.Alignments/ensembl_genes.output
   Rand type      : naive
   Randomizations : 1000000

Monitor the execution with Seqera Platform using this URL: https://cloud.seqera.io/user/miralnso/watch/nuUF3V6cVIk5C
executor >  slurm (2)
[ae/07da7c] CON…TION (dataset_exploration) | 1 of 1 ✔
[2a/7fd1f0] CON…ON (phenotype_exploration) | 1 of 1 ✔
[-        ] CON…TION:CI_COMPOSITION_REPORT -
[-        ] CON…LECTION:CONTRAST_ALGORITHM -
[-        ] CON…ECTION:CHECK_MIN_CONTRASTS -
[-        ] CT:DISCOVERY_BATCHED           -
[-        ] CT:CONCAT_DISCOVERY            -
[-        ] CT:CONCAT_BACKGROUND           -
[-        ] CT:RESAMPLE                    -
[-        ] CT:CONCAT_RESAMPLE             -
[-        ] CT:BOOTSTRAP_BATCHED           -
[-        ] CT:CONCAT_BOOTSTRAP            -
[-        ] CT_…:CAAS_SIGNIFICATION_REPORT -
[-        ] CT_…TION:CT_DISAMBIGUATION_RUN -
[-        ] CT_…NESS:ASR_ROBUSTNESS_REPORT -
[-        ] CT_…AAS_PREPARE_POSTPROC_INPUT -
[-        ] CT_POSTPROC:CT_FILTER          -
[-        ] CT_POSTPROC:CT_FILTER_SUMMARY  -
[-        ] CT_POSTPROC:CAAS_FILTER_GENES  -
[-        ] CT_…OC:CAAS_BACKGROUND_CLEANUP -
Plus 8 more processes waiting for tasks…

























Monitor the execution with Seqera Platform using this URL: https://cloud.seqera.io/user/miralnso/watch/nuUF3V6cVIk5C
executor >  slurm (3)
[ae/07da7c] CON…TION (dataset_exploration) | 1 of 1 ✔
[2a/7fd1f0] CON…ON (phenotype_exploration) | 1 of 1 ✔
[60/d0da9c] CON…RT (CI_COMPOSITION_REPORT) | 0 of 1
[-        ] CON…LECTION:CONTRAST_ALGORITHM -
[-        ] CON…ECTION:CHECK_MIN_CONTRASTS -
[-        ] CT:DISCOVERY_BATCHED           -
[-        ] CT:CONCAT_DISCOVERY            -
[-        ] CT:CONCAT_BACKGROUND           -
[-        ] CT:RESAMPLE                    -
[-        ] CT:CONCAT_RESAMPLE             -
[-        ] CT:BOOTSTRAP_BATCHED           -
[-        ] CT:CONCAT_BOOTSTRAP            -
[-        ] CT_…:CAAS_SIGNIFICATION_REPORT -
[-        ] CT_…TION:CT_DISAMBIGUATION_RUN -
[-        ] CT_…NESS:ASR_ROBUSTNESS_REPORT -
[-        ] CT_…AAS_PREPARE_POSTPROC_INPUT -
[-        ] CT_POSTPROC:CT_FILTER          -
[-        ] CT_POSTPROC:CT_FILTER_SUMMARY  -
[-        ] CT_POSTPROC:CAAS_FILTER_GENES  -
[-        ] CT_…OC:CAAS_BACKGROUND_CLEANUP -
Plus 8 more processes waiting for tasks…

























Monitor the execution with Seqera Platform using this URL: https://cloud.seqera.io/user/miralnso/watch/nuUF3V6cVIk5C
executor >  slurm (3)
[ae/07da7c] CON…TION (dataset_exploration) | 1 of 1 ✔
[2a/7fd1f0] CON…ON (phenotype_exploration) | 1 of 1 ✔
[60/d0da9c] CON…RT (CI_COMPOSITION_REPORT) | 0 of 1
[-        ] CON…LECTION:CONTRAST_ALGORITHM -
[-        ] CON…ECTION:CHECK_MIN_CONTRASTS -
[-        ] CT:DISCOVERY_BATCHED           -
[-        ] CT:CONCAT_DISCOVERY            -
[-        ] CT:CONCAT_BACKGROUND           -
[-        ] CT:RESAMPLE                    -
[-        ] CT:CONCAT_RESAMPLE             -
[-        ] CT:BOOTSTRAP_BATCHED           -
[-        ] CT:CONCAT_BOOTSTRAP            -
[-        ] CT_…:CAAS_SIGNIFICATION_REPORT -
[-        ] CT_…TION:CT_DISAMBIGUATION_RUN -
[-        ] CT_…NESS:ASR_ROBUSTNESS_REPORT -
[-        ] CT_…AAS_PREPARE_POSTPROC_INPUT -
[-        ] CT_POSTPROC:CT_FILTER          -
[-        ] CT_POSTPROC:CT_FILTER_SUMMARY  -
[-        ] CT_POSTPROC:CAAS_FILTER_GENES  -
[-        ] CT_…OC:CAAS_BACKGROUND_CLEANUP -
Plus 8 more processes waiting for tasks…

Monitor the execution with Seqera Platform using this URL: https://cloud.seqera.io/user/miralnso/watch/nuUF3V6cVIk5C
executor >  slurm (3)
[ae/07da7c] CON…TION (dataset_exploration) | 1 of 1 ✔
[2a/7fd1f0] CON…ON (phenotype_exploration) | 1 of 1 ✔
[60/d0da9c] CON…RT (CI_COMPOSITION_REPORT) | 1 of 1 ✔
[-        ] CON…LECTION:CONTRAST_ALGORITHM -
[-        ] CON…ECTION:CHECK_MIN_CONTRASTS -
[-        ] CT:DISCOVERY_BATCHED           -
[-        ] CT:CONCAT_DISCOVERY            -
[-        ] CT:CONCAT_BACKGROUND           -
[-        ] CT:RESAMPLE                    -
[-        ] CT:CONCAT_RESAMPLE             -
[-        ] CT:BOOTSTRAP_BATCHED           -
[-        ] CT:CONCAT_BOOTSTRAP            -
[-        ] CT_…:CAAS_SIGNIFICATION_REPORT -
[-        ] CT_…TION:CT_DISAMBIGUATION_RUN -
[-        ] CT_…NESS:ASR_ROBUSTNESS_REPORT -
[-        ] CT_…AAS_PREPARE_POSTPROC_INPUT -
[-        ] CT_POSTPROC:CT_FILTER          -
[-        ] CT_POSTPROC:CT_FILTER_SUMMARY  -
[-        ] CT_POSTPROC:CAAS_FILTER_GENES  -
[-        ] CT_…OC:CAAS_BACKGROUND_CLEANUP -
Plus 8 more processes waiting for tasks…

Monitor the execution with Seqera Platform using this URL: https://cloud.seqera.io/user/miralnso/watch/nuUF3V6cVIk5C
executor >  slurm (3)
[ae/07da7c] CON…TION (dataset_exploration) | 1 of 1 ✔
[2a/7fd1f0] CON…ON (phenotype_exploration) | 1 of 1 ✔
[60/d0da9c] CON…RT (CI_COMPOSITION_REPORT) | 1 of 1 ✔
[-        ] CON…LECTION:CONTRAST_ALGORITHM | 0 of 1
[-        ] CON…ECTION:CHECK_MIN_CONTRASTS -
[-        ] CT:DISCOVERY_BATCHED           -
[-        ] CT:CONCAT_DISCOVERY            -
[-        ] CT:CONCAT_BACKGROUND           -
[-        ] CT:RESAMPLE                    -
[-        ] CT:CONCAT_RESAMPLE             -
[-        ] CT:BOOTSTRAP_BATCHED           -
[-        ] CT:CONCAT_BOOTSTRAP            -
[-        ] CT_…:CAAS_SIGNIFICATION_REPORT -
[-        ] CT_…TION:CT_DISAMBIGUATION_RUN -
[-        ] CT_…NESS:ASR_ROBUSTNESS_REPORT -
[-        ] CT_…AAS_PREPARE_POSTPROC_INPUT -
[-        ] CT_POSTPROC:CT_FILTER          -
[-        ] CT_POSTPROC:CT_FILTER_SUMMARY  -
[-        ] CT_POSTPROC:CAAS_FILTER_GENES  -
[-        ] CT_…OC:CAAS_BACKGROUND_CLEANUP -
Plus 8 more processes waiting for tasks…

Monitor the execution with Seqera Platform using this URL: https://cloud.seqera.io/user/miralnso/watch/nuUF3V6cVIk5C
executor >  slurm (4)
[ae/07da7c] CON…TION (dataset_exploration) | 1 of 1 ✔
[2a/7fd1f0] CON…ON (phenotype_exploration) | 1 of 1 ✔
[60/d0da9c] CON…RT (CI_COMPOSITION_REPORT) | 1 of 1 ✔
[2d/9b5243] CON…RITHM (CONTRAST_ALGORITHM) | 0 of 1
[-        ] CON…ECTION:CHECK_MIN_CONTRASTS -
[-        ] CT:DISCOVERY_BATCHED           -
[-        ] CT:CONCAT_DISCOVERY            -
[-        ] CT:CONCAT_BACKGROUND           -
[-        ] CT:RESAMPLE                    -
[-        ] CT:CONCAT_RESAMPLE             -
[-        ] CT:BOOTSTRAP_BATCHED           -
[-        ] CT:CONCAT_BOOTSTRAP            -
[-        ] CT_…:CAAS_SIGNIFICATION_REPORT -
[-        ] CT_…TION:CT_DISAMBIGUATION_RUN -
[-        ] CT_…NESS:ASR_ROBUSTNESS_REPORT -
[-        ] CT_…AAS_PREPARE_POSTPROC_INPUT -
[-        ] CT_POSTPROC:CT_FILTER          -
[-        ] CT_POSTPROC:CT_FILTER_SUMMARY  -
[-        ] CT_POSTPROC:CAAS_FILTER_GENES  -
[-        ] CT_…OC:CAAS_BACKGROUND_CLEANUP -
Plus 8 more processes waiting for tasks…

Monitor the execution with Seqera Platform using this URL: https://cloud.seqera.io/user/miralnso/watch/nuUF3V6cVIk5C
executor >  slurm (4)
[ae/07da7c] CON…TION (dataset_exploration) | 1 of 1 ✔
[2a/7fd1f0] CON…ON (phenotype_exploration) | 1 of 1 ✔
[60/d0da9c] CON…RT (CI_COMPOSITION_REPORT) | 1 of 1 ✔
[2d/9b5243] CON…RITHM (CONTRAST_ALGORITHM) | 0 of 1
[-        ] CON…ECTION:CHECK_MIN_CONTRASTS -
[-        ] CT:DISCOVERY_BATCHED           -
[-        ] CT:CONCAT_DISCOVERY            -
[-        ] CT:CONCAT_BACKGROUND           -
[-        ] CT:RESAMPLE                    -
[-        ] CT:CONCAT_RESAMPLE             -
[-        ] CT:BOOTSTRAP_BATCHED           -
[-        ] CT:CONCAT_BOOTSTRAP            -
[-        ] CT_…:CAAS_SIGNIFICATION_REPORT -
[-        ] CT_…TION:CT_DISAMBIGUATION_RUN -
[-        ] CT_…NESS:ASR_ROBUSTNESS_REPORT -
[-        ] CT_…AAS_PREPARE_POSTPROC_INPUT -
[-        ] CT_POSTPROC:CT_FILTER          -
[-        ] CT_POSTPROC:CT_FILTER_SUMMARY  -
[-        ] CT_POSTPROC:CAAS_FILTER_GENES  -
[-        ] CT_…OC:CAAS_BACKGROUND_CLEANUP -
Plus 8 more processes waiting for tasks…

Monitor the execution with Seqera Platform using this URL: https://cloud.seqera.io/user/miralnso/watch/nuUF3V6cVIk5C
executor >  slurm (4)
[ae/07da7c] CON…TION (dataset_exploration) | 1 of 1 ✔
[2a/7fd1f0] CON…ON (phenotype_exploration) | 1 of 1 ✔
[60/d0da9c] CON…RT (CI_COMPOSITION_REPORT) | 1 of 1 ✔
[2d/9b5243] CON…RITHM (CONTRAST_ALGORITHM) | 1 of 1 ✔
[-        ] CON…ECTION:CHECK_MIN_CONTRASTS | 0 of 1
[-        ] CT:DISCOVERY_BATCHED           -
[-        ] CT:CONCAT_DISCOVERY            -
[-        ] CT:CONCAT_BACKGROUND           -
[-        ] CT:RESAMPLE                    -
[-        ] CT:CONCAT_RESAMPLE             -
[-        ] CT:BOOTSTRAP_BATCHED           -
[-        ] CT:CONCAT_BOOTSTRAP            -
[-        ] CT_…:CAAS_SIGNIFICATION_REPORT -
[-        ] CT_…TION:CT_DISAMBIGUATION_RUN -
[-        ] CT_…NESS:ASR_ROBUSTNESS_REPORT -
[-        ] CT_…AAS_PREPARE_POSTPROC_INPUT -
[-        ] CT_POSTPROC:CT_FILTER          -
[-        ] CT_POSTPROC:CT_FILTER_SUMMARY  -
[-        ] CT_POSTPROC:CAAS_FILTER_GENES  -
[-        ] CT_…OC:CAAS_BACKGROUND_CLEANUP -
Plus 8 more processes waiting for tasks…

Monitor the execution with Seqera Platform using this URL: https://cloud.seqera.io/user/miralnso/watch/nuUF3V6cVIk5C
executor >  slurm (5)
[ae/07da7c] CON…TION (dataset_exploration) | 1 of 1 ✔
[2a/7fd1f0] CON…ON (phenotype_exploration) | 1 of 1 ✔
[60/d0da9c] CON…RT (CI_COMPOSITION_REPORT) | 1 of 1 ✔
[2d/9b5243] CON…RITHM (CONTRAST_ALGORITHM) | 1 of 1 ✔
[9f/b6c8d7] CON…ASTS (CHECK_MIN_CONTRASTS) | 0 of 1
[-        ] CT:DISCOVERY_BATCHED           -
[-        ] CT:CONCAT_DISCOVERY            -
[-        ] CT:CONCAT_BACKGROUND           -
[-        ] CT:RESAMPLE                    -
[-        ] CT:CONCAT_RESAMPLE             -
[-        ] CT:BOOTSTRAP_BATCHED           -
[-        ] CT:CONCAT_BOOTSTRAP            -
[-        ] CT_…:CAAS_SIGNIFICATION_REPORT -
[-        ] CT_…TION:CT_DISAMBIGUATION_RUN -
[-        ] CT_…NESS:ASR_ROBUSTNESS_REPORT -
[-        ] CT_…AAS_PREPARE_POSTPROC_INPUT -
[-        ] CT_POSTPROC:CT_FILTER          -
[-        ] CT_POSTPROC:CT_FILTER_SUMMARY  -
[-        ] CT_POSTPROC:CAAS_FILTER_GENES  -
[-        ] CT_…OC:CAAS_BACKGROUND_CLEANUP -
Plus 8 more processes waiting for tasks…

Monitor the execution with Seqera Platform using this URL: https://cloud.seqera.io/user/miralnso/watch/nuUF3V6cVIk5C
executor >  slurm (5)
[ae/07da7c] CON…TION (dataset_exploration) | 1 of 1 ✔
[2a/7fd1f0] CON…ON (phenotype_exploration) | 1 of 1 ✔
[60/d0da9c] CON…RT (CI_COMPOSITION_REPORT) | 1 of 1 ✔
[2d/9b5243] CON…RITHM (CONTRAST_ALGORITHM) | 1 of 1 ✔
[9f/b6c8d7] CON…ASTS (CHECK_MIN_CONTRASTS) | 0 of 1
[-        ] CT:DISCOVERY_BATCHED           -
[-        ] CT:CONCAT_DISCOVERY            -
[-        ] CT:CONCAT_BACKGROUND           -
[-        ] CT:RESAMPLE                    -
[-        ] CT:CONCAT_RESAMPLE             -
[-        ] CT:BOOTSTRAP_BATCHED           -
[-        ] CT:CONCAT_BOOTSTRAP            -
[-        ] CT_…:CAAS_SIGNIFICATION_REPORT -
[-        ] CT_…TION:CT_DISAMBIGUATION_RUN -
[-        ] CT_…NESS:ASR_ROBUSTNESS_REPORT -
[-        ] CT_…AAS_PREPARE_POSTPROC_INPUT -
[-        ] CT_POSTPROC:CT_FILTER          -
[-        ] CT_POSTPROC:CT_FILTER_SUMMARY  -
[-        ] CT_POSTPROC:CAAS_FILTER_GENES  -
[-        ] CT_…OC:CAAS_BACKGROUND_CLEANUP -
Plus 8 more processes waiting for tasks…
Minimum contrast threshold not met for trait 'folfrug_idx' (flag: /data/samanthafs/scratch/lab_anavarro/mramon/3.Work_dirs/diet/folfrug_idx/20260317_195231/filter/9f/b6c8d74adcfbd507d94467f8520aa0/low_contrasts.skip). Stopping pipeline gracefully.


 ⚠ Skipped 'folfrug_idx': too few foreground contrasts.
   Detail: trait=folfrug_idx	n_contrasts=2	min_required=3

