ACSBG1@0	0	1000	0.0		/home/miguel/IBE-UPF/TFM/Master_projects/PhyloPhere/Data/6.CAAS_traitfiles/Ranked/df4_sp.tab
ACSBG1@1	22	1000	0.022	b_448,b_475,b_962,b_780,b_254,b_578,b_666,b_647,b_188,b_414,b_444,b_545,b_703,b_123,b_43,b_85,b_574,b_941,b_351,b_609,b_71,b_670	/home/miguel/IBE-UPF/TFM/Master_projects/PhyloPhere/Data/6.CAAS_traitfiles/Ranked/df4_sp.tab
ACSBG1@2	0	1000	0.0		/home/miguel/IBE-UPF/TFM/Master_projects/PhyloPhere/Data/6.CAAS_traitfiles/Ranked/df4_sp.tab
ACSBG1@4	0	1000	0.0		/home/miguel/IBE-UPF/TFM/Master_projects/PhyloPhere/Data/6.CAAS_traitfiles/Ranked/df4_sp.tab
ACSBG1@5	0	1000	0.0		/home/miguel/IBE-UPF/TFM/Master_projects/PhyloPhere/Data/6.CAAS_traitfiles/Ranked/df4_sp.tab
ACSBG1@7	0	1000	0.0		/home/miguel/IBE-UPF/TFM/Master_projects/PhyloPhere/Data/6.CAAS_traitfiles/Ranked/df4_sp.tab
ACSBG1@8	0	1000	0.0		/home/miguel/IBE-UPF/TFM/Master_projects/PhyloPhere/Data/6.CAAS_traitfiles/Ranked/df4_sp.tab
ACSBG1@9	0	1000	0.0		/home/miguel/IBE-UPF/TFM/Master_projects/PhyloPhere/Data/6.CAAS_traitfiles/Ranked/df4_sp.tab
ACSBG1@10	0	1000	0.0		/home/miguel/IBE-UPF/TFM/Master_projects/PhyloPhere/Data/6.CAAS_traitfiles/Ranked/df4_sp.tab
ACSBG1@11	0	1000	0.0		/home/miguel/IBE-UPF/TFM/Master_projects/PhyloPhere/Data/6.CAAS_traitfiles/Ranked/df4_sp.tab
ACSBG1@12	0	1000	0.0		/home/miguel/IBE-UPF/TFM/Master_projects/PhyloPhere/Data/6.CAAS_traitfiles/Ranked/df4_sp.tab
ACSBG1@13	30	1000	0.03	b_208,b_373,b_788,b_992,b_136,b_284,b_39,b_549,b_392,b_134,b_570,b_167,b_697,b_388,b_461,b_353,b_796,b_720,b_287,b_86,b_841,b_718,b_970,b_481,b_789,b_52,b_725,b_243,b_735,b_710	/home/miguel/IBE-UPF/TFM/Master_projects/PhyloPhere/Data/6.CAAS_traitfiles/Ranked/df4_sp.tab
ACSBG1@14	52	1000	0.052	b_363,b_325,b_334,b_208,b_932,b_766,b_633,b_335,b_373,b_828,b_743,b_880,b_136,b_989,b_890,b_265,b_549,b_719,b_392,b_774,b_240,b_577,b_697,b_388,b_589,b_244,b_135,b_663,b_353,b_86,b_841,b_165,b_605,b_636,b_935,b_579,b_317,b_916,b_805,b_913,b_718,b_993,b_970,b_807,b_481,b_65,b_725,b_376,b_243,b_735,b_67,b_610	/home/miguel/IBE-UPF/TFM/Master_projects/PhyloPhere/Data/6.CAAS_traitfiles/Ranked/df4_sp.tab
ACSBG1@15	0	1000	0.0		/home/miguel/IBE-UPF/TFM/Master_projects/PhyloPhere/Data/6.CAAS_traitfiles/Ranked/df4_sp.tab
ACSBG1@16	0	1000	0.0		/home/miguel/IBE-UPF/TFM/Master_projects/PhyloPhere/Data/6.CAAS_traitfiles/Ranked/df4_sp.tab
ACSBG1@17	0	1000	0.0		/home/miguel/IBE-UPF/TFM/Master_projects/PhyloPhere/Data/6.CAAS_traitfiles/Ranked/df4_sp.tab
ACSBG1@18	26	1000	0.026	b_404,b_861,b_475,b_468,b_811,b_254,b_592,b_666,b_647,b_188,b_414,b_545,b_703,b_123,b_43,b_500,b_517,b_85,b_574,b_941,b_452,b_886,b_351,b_609,b_71,b_670	/home/miguel/IBE-UPF/TFM/Master_projects/PhyloPhere/Data/6.CAAS_traitfiles/Ranked/df4_sp.tab
ACSBG1@19	90	1000	0.09	b_861,b_475,b_151,b_325,b_949,b_804,b_608,b_932,b_40,b_154,b_771,b_94,b_139,b_355,b_438,b_24,b_222,b_82,b_110,b_335,b_927,b_47,b_319,b_104,b_992,b_989,b_890,b_510,b_187,b_265,b_549,b_88,b_167,b_891,b_894,b_667,b_688,b_697,b_751,b_129,b_806,b_826,b_353,b_694,b_870,b_147,b_446,b_796,b_703,b_520,b_100,b_734,b_641,b_86,b_202,b_462,b_841,b_304,b_917,b_574,b_605,b_145,b_628,b_935,b_97,b_790,b_767,b_361,b_768,b_515,b_366,b_970,b_807,b_459,b_45,b_65,b_52,b_415,b_186,b_243,b_700,b_29,b_78,b_908,b_458,b_710,b_610,b_914,b_51,b_835	/home/miguel/IBE-UPF/TFM/Master_projects/PhyloPhere/Data/6.CAAS_traitfiles/Ranked/df4_sp.tab
ACSBG1@20	0	1000	0.0		/home/miguel/IBE-UPF/TFM/Master_projects/PhyloPhere/Data/6.CAAS_traitfiles/Ranked/df4_sp.tab
ACSBG1@21	0	1000	0.0		/home/miguel/IBE-UPF/TFM/Master_projects/PhyloPhere/Data/6.CAAS_traitfiles/Ranked/df4_sp.tab
ACSBG1@22	0	1000	0.0		/home/miguel/IBE-UPF/TFM/Master_projects/PhyloPhere/Data/6.CAAS_traitfiles/Ranked/df4_sp.tab
ACSBG1@24	0	1000	0.0		/home/miguel/IBE-UPF/TFM/Master_projects/PhyloPhere/Data/6.CAAS_traitfiles/Ranked/df4_sp.tab
ACSBG1@25	0	1000	0.0		/home/miguel/IBE-UPF/TFM/Master_projects/PhyloPhere/Data/6.CAAS_traitfiles/Ranked/df4_sp.tab
ACSBG1@27	42	1000	0.042	b_861,b_475,b_151,b_949,b_615,b_681,b_417,b_371,b_992,b_136,b_341,b_549,b_645,b_167,b_891,b_667,b_751,b_694,b_796,b_703,b_500,b_199,b_462,b_338,b_574,b_941,b_628,b_515,b_452,b_45,b_415,b_243,b_29,b_78,b_908,b_71,b_115,b_976,b_274,b_95,b_787,b_978	/home/miguel/IBE-UPF/TFM/Master_projects/PhyloPhere/Data/6.CAAS_traitfiles/Ranked/df4_sp.tab
ACSBG1@29	22	1000	0.022	b_448,b_475,b_962,b_780,b_254,b_578,b_666,b_647,b_188,b_414,b_444,b_545,b_703,b_123,b_43,b_85,b_574,b_941,b_351,b_609,b_71,b_670	/home/miguel/IBE-UPF/TFM/Master_projects/PhyloPhere/Data/6.CAAS_traitfiles/Ranked/df4_sp.tab
ACSBG1@30	0	1000	0.0		/home/miguel/IBE-UPF/TFM/Master_projects/PhyloPhere/Data/6.CAAS_traitfiles/Ranked/df4_sp.tab
ACSBG1@32	0	1000	0.0		/home/miguel/IBE-UPF/TFM/Master_projects/PhyloPhere/Data/6.CAAS_traitfiles/Ranked/df4_sp.tab
ACSBG1@35	0	1000	0.0		/home/miguel/IBE-UPF/TFM/Master_projects/PhyloPhere/Data/6.CAAS_traitfiles/Ranked/df4_sp.tab
ACSBG1@36	22	1000	0.022	b_448,b_475,b_962,b_780,b_254,b_578,b_666,b_647,b_188,b_414,b_444,b_545,b_703,b_123,b_43,b_85,b_574,b_941,b_351,b_609,b_71,b_670	/home/miguel/IBE-UPF/TFM/Master_projects/PhyloPhere/Data/6.CAAS_traitfiles/Ranked/df4_sp.tab
ACSBG1@37	0	1000	0.0		/home/miguel/IBE-UPF/TFM/Master_projects/PhyloPhere/Data/6.CAAS_traitfiles/Ranked/df4_sp.tab
ACSBG1@40	27	1000	0.027	b_861,b_608,b_208,b_139,b_110,b_104,b_992,b_890,b_108,b_549,b_134,b_28,b_167,b_894,b_697,b_147,b_796,b_790,b_172,b_718,b_366,b_415,b_243,b_556,b_908,b_710,b_324	/home/miguel/IBE-UPF/TFM/Master_projects/PhyloPhere/Data/6.CAAS_traitfiles/Ranked/df4_sp.tab
ACSBG1@41	26	1000	0.026	b_363,b_919,b_155,b_334,b_780,b_932,b_812,b_335,b_240,b_577,b_388,b_589,b_135,b_353,b_165,b_605,b_699,b_38,b_807,b_481,b_65,b_21,b_844,b_875,b_453,b_610	/home/miguel/IBE-UPF/TFM/Master_projects/PhyloPhere/Data/6.CAAS_traitfiles/Ranked/df4_sp.tab
ACSBG1@42	0	1000	0.0		/home/miguel/IBE-UPF/TFM/Master_projects/PhyloPhere/Data/6.CAAS_traitfiles/Ranked/df4_sp.tab
ACSBG1@43	23	1000	0.023	b_448,b_475,b_962,b_298,b_254,b_666,b_647,b_188,b_414,b_444,b_545,b_703,b_123,b_43,b_148,b_85,b_574,b_941,b_790,b_351,b_609,b_71,b_670	/home/miguel/IBE-UPF/TFM/Master_projects/PhyloPhere/Data/6.CAAS_traitfiles/Ranked/df4_sp.tab
ACSBG1@44	0	1000	0.0		/home/miguel/IBE-UPF/TFM/Master_projects/PhyloPhere/Data/6.CAAS_traitfiles/Ranked/df4_sp.tab
ACSBG1@47	16	1000	0.016	b_448,b_475,b_780,b_417,b_839,b_254,b_551,b_840,b_341,b_954,b_444,b_701,b_123,b_85,b_574,b_246	/home/miguel/IBE-UPF/TFM/Master_projects/PhyloPhere/Data/6.CAAS_traitfiles/Ranked/df4_sp.tab
ACSBG1@48	90	1000	0.09	b_919,b_396,b_273,b_861,b_475,b_151,b_949,b_334,b_615,b_932,b_40,b_926,b_94,b_139,b_82,b_812,b_110,b_373,b_47,b_743,b_992,b_136,b_890,b_510,b_638,b_284,b_549,b_645,b_392,b_167,b_891,b_894,b_667,b_577,b_688,b_697,b_244,b_751,b_129,b_806,b_353,b_694,b_147,b_796,b_703,b_77,b_883,b_734,b_86,b_202,b_312,b_462,b_841,b_917,b_574,b_605,b_628,b_97,b_10,b_790,b_317,b_361,b_526,b_699,b_515,b_366,b_970,b_807,b_250,b_45,b_65,b_52,b_376,b_415,b_243,b_700,b_29,b_735,b_78,b_385,b_875,b_908,b_217,b_115,b_976,b_710,b_274,b_95,b_787,b_51	/home/miguel/IBE-UPF/TFM/Master_projects/PhyloPhere/Data/6.CAAS_traitfiles/Ranked/df4_sp.tab
ACSBG1@49	130	1000	0.13	b_363,b_448,b_919,b_396,b_861,b_475,b_962,b_151,b_325,b_949,b_334,b_615,b_932,b_780,b_40,b_926,b_140,b_94,b_665,b_139,b_633,b_903,b_254,b_812,b_110,b_34,b_335,b_373,b_47,b_743,b_880,b_367,b_578,b_136,b_989,b_666,b_510,b_265,b_484,b_719,b_645,b_392,b_647,b_7,b_188,b_240,b_167,b_667,b_414,b_444,b_577,b_688,b_697,b_388,b_589,b_244,b_751,b_451,b_129,b_135,b_663,b_806,b_545,b_353,b_694,b_147,b_796,b_703,b_123,b_43,b_883,b_734,b_86,b_202,b_312,b_462,b_841,b_165,b_85,b_917,b_574,b_941,b_485,b_605,b_636,b_935,b_97,b_997,b_10,b_361,b_913,b_699,b_993,b_948,b_38,b_366,b_970,b_807,b_481,b_250,b_810,b_65,b_21,b_52,b_725,b_376,b_415,b_243,b_700,b_844,b_735,b_78,b_351,b_609,b_67,b_385,b_875,b_908,b_71,b_217,b_115,b_670,b_453,b_710,b_610,b_274,b_95,b_680,b_787,b_51	/home/miguel/IBE-UPF/TFM/Master_projects/PhyloPhere/Data/6.CAAS_traitfiles/Ranked/df4_sp.tab
ACSBG1@50	0	1000	0.0		/home/miguel/IBE-UPF/TFM/Master_projects/PhyloPhere/Data/6.CAAS_traitfiles/Ranked/df4_sp.tab
ACSBG1@51	6	1000	0.006	b_270,b_529,b_288,b_805,b_52,b_674	/home/miguel/IBE-UPF/TFM/Master_projects/PhyloPhere/Data/6.CAAS_traitfiles/Ranked/df4_sp.tab
ACSBG1@52	22	1000	0.022	b_448,b_475,b_962,b_780,b_254,b_578,b_666,b_647,b_188,b_414,b_444,b_545,b_703,b_123,b_43,b_85,b_574,b_941,b_351,b_609,b_71,b_670	/home/miguel/IBE-UPF/TFM/Master_projects/PhyloPhere/Data/6.CAAS_traitfiles/Ranked/df4_sp.tab
ACSBG1@53	1	1000	0.001	b_609	/home/miguel/IBE-UPF/TFM/Master_projects/PhyloPhere/Data/6.CAAS_traitfiles/Ranked/df4_sp.tab
ACSBG1@54	4	1000	0.004	b_404,b_468,b_188,b_978	/home/miguel/IBE-UPF/TFM/Master_projects/PhyloPhere/Data/6.CAAS_traitfiles/Ranked/df4_sp.tab
ACSBG1@55	0	1000	0.0		/home/miguel/IBE-UPF/TFM/Master_projects/PhyloPhere/Data/6.CAAS_traitfiles/Ranked/df4_sp.tab
ACSBG1@57	0	1000	0.0		/home/miguel/IBE-UPF/TFM/Master_projects/PhyloPhere/Data/6.CAAS_traitfiles/Ranked/df4_sp.tab
ACSBG1@58	0	1000	0.0		/home/miguel/IBE-UPF/TFM/Master_projects/PhyloPhere/Data/6.CAAS_traitfiles/Ranked/df4_sp.tab
ACSBG1@63	0	1000	0.0		/home/miguel/IBE-UPF/TFM/Master_projects/PhyloPhere/Data/6.CAAS_traitfiles/Ranked/df4_sp.tab
ACSBG1@65	0	1000	0.0		/home/miguel/IBE-UPF/TFM/Master_projects/PhyloPhere/Data/6.CAAS_traitfiles/Ranked/df4_sp.tab
ACSBG1@67	64	1000	0.064	b_363,b_919,b_962,b_325,b_334,b_780,b_932,b_140,b_665,b_633,b_903,b_812,b_34,b_335,b_373,b_743,b_880,b_367,b_989,b_265,b_484,b_719,b_392,b_7,b_240,b_577,b_388,b_589,b_244,b_451,b_135,b_663,b_353,b_86,b_841,b_165,b_485,b_605,b_636,b_935,b_997,b_10,b_913,b_699,b_993,b_948,b_38,b_970,b_807,b_481,b_810,b_65,b_21,b_725,b_376,b_844,b_735,b_67,b_385,b_875,b_217,b_453,b_610,b_680	/home/miguel/IBE-UPF/TFM/Master_projects/PhyloPhere/Data/6.CAAS_traitfiles/Ranked/df4_sp.tab
ACSBG1@69	0	1000	0.0		/home/miguel/IBE-UPF/TFM/Master_projects/PhyloPhere/Data/6.CAAS_traitfiles/Ranked/df4_sp.tab
ACSBG1@72	64	1000	0.064	b_919,b_273,b_964,b_475,b_334,b_50,b_932,b_40,b_926,b_371,b_94,b_899,b_139,b_82,b_812,b_110,b_47,b_890,b_510,b_645,b_489,b_891,b_414,b_577,b_685,b_129,b_806,b_545,b_353,b_238,b_703,b_43,b_148,b_141,b_202,b_462,b_338,b_574,b_22,b_698,b_605,b_790,b_317,b_361,b_311,b_255,b_526,b_699,b_837,b_807,b_19,b_538,b_250,b_65,b_52,b_415,b_29,b_648,b_480,b_503,b_875,b_115,b_274,b_263	/home/miguel/IBE-UPF/TFM/Master_projects/PhyloPhere/Data/6.CAAS_traitfiles/Ranked/df4_sp.tab
ACSBG1@74	0	1000	0.0		/home/miguel/IBE-UPF/TFM/Master_projects/PhyloPhere/Data/6.CAAS_traitfiles/Ranked/df4_sp.tab
ACSBG1@75	0	1000	0.0		/home/miguel/IBE-UPF/TFM/Master_projects/PhyloPhere/Data/6.CAAS_traitfiles/Ranked/df4_sp.tab
ACSBG1@77	0	1000	0.0		/home/miguel/IBE-UPF/TFM/Master_projects/PhyloPhere/Data/6.CAAS_traitfiles/Ranked/df4_sp.tab
ACSBG1@79	66	1000	0.066	b_363,b_919,b_962,b_325,b_334,b_780,b_932,b_140,b_665,b_633,b_903,b_362,b_812,b_34,b_335,b_373,b_743,b_880,b_367,b_989,b_638,b_265,b_484,b_719,b_392,b_7,b_240,b_577,b_388,b_589,b_244,b_451,b_135,b_663,b_353,b_86,b_841,b_165,b_485,b_605,b_636,b_935,b_997,b_10,b_913,b_699,b_993,b_948,b_38,b_970,b_807,b_481,b_810,b_65,b_21,b_725,b_376,b_844,b_735,b_67,b_385,b_875,b_217,b_453,b_610,b_680	/home/miguel/IBE-UPF/TFM/Master_projects/PhyloPhere/Data/6.CAAS_traitfiles/Ranked/df4_sp.tab
ACSBG1@85	0	1000	0.0		/home/miguel/IBE-UPF/TFM/Master_projects/PhyloPhere/Data/6.CAAS_traitfiles/Ranked/df4_sp.tab
ACSBG1@88	0	1000	0.0		/home/miguel/IBE-UPF/TFM/Master_projects/PhyloPhere/Data/6.CAAS_traitfiles/Ranked/df4_sp.tab
ACSBG1@89	0	1000	0.0		/home/miguel/IBE-UPF/TFM/Master_projects/PhyloPhere/Data/6.CAAS_traitfiles/Ranked/df4_sp.tab
ACSBG1@90	0	1000	0.0		/home/miguel/IBE-UPF/TFM/Master_projects/PhyloPhere/Data/6.CAAS_traitfiles/Ranked/df4_sp.tab
ACSBG1@96	0	1000	0.0		/home/miguel/IBE-UPF/TFM/Master_projects/PhyloPhere/Data/6.CAAS_traitfiles/Ranked/df4_sp.tab
ACSBG1@97	25	1000	0.025	b_861,b_608,b_208,b_139,b_110,b_104,b_992,b_890,b_549,b_167,b_894,b_697,b_147,b_796,b_790,b_172,b_767,b_718,b_366,b_806,b_415,b_243,b_556,b_908,b_710	/home/miguel/IBE-UPF/TFM/Master_projects/PhyloPhere/Data/6.CAAS_traitfiles/Ranked/df4_sp.tab
ACSBG1@98	37	1000	0.037	b_919,b_286,b_270,b_334,b_225,b_932,b_899,b_679,b_812,b_529,b_288,b_890,b_510,b_549,b_774,b_577,b_353,b_762,b_747,b_312,b_315,b_605,b_317,b_196,b_805,b_699,b_807,b_538,b_65,b_859,b_243,b_844,b_503,b_36,b_875,b_306,b_235	/home/miguel/IBE-UPF/TFM/Master_projects/PhyloPhere/Data/6.CAAS_traitfiles/Ranked/df4_sp.tab
ACSBG1@104	1	1000	0.001	b_333	/home/miguel/IBE-UPF/TFM/Master_projects/PhyloPhere/Data/6.CAAS_traitfiles/Ranked/df4_sp.tab
ACSBG1@106	0	1000	0.0		/home/miguel/IBE-UPF/TFM/Master_projects/PhyloPhere/Data/6.CAAS_traitfiles/Ranked/df4_sp.tab
ACSBG1@120	0	1000	0.0		/home/miguel/IBE-UPF/TFM/Master_projects/PhyloPhere/Data/6.CAAS_traitfiles/Ranked/df4_sp.tab
ACSBG1@126	0	1000	0.0		/home/miguel/IBE-UPF/TFM/Master_projects/PhyloPhere/Data/6.CAAS_traitfiles/Ranked/df4_sp.tab
ACSBG1@133	0	1000	0.0		/home/miguel/IBE-UPF/TFM/Master_projects/PhyloPhere/Data/6.CAAS_traitfiles/Ranked/df4_sp.tab
ACSBG1@134	0	1000	0.0		/home/miguel/IBE-UPF/TFM/Master_projects/PhyloPhere/Data/6.CAAS_traitfiles/Ranked/df4_sp.tab
ACSBG1@135	0	1000	0.0		/home/miguel/IBE-UPF/TFM/Master_projects/PhyloPhere/Data/6.CAAS_traitfiles/Ranked/df4_sp.tab
ACSBG1@145	0	1000	0.0		/home/miguel/IBE-UPF/TFM/Master_projects/PhyloPhere/Data/6.CAAS_traitfiles/Ranked/df4_sp.tab
ACSBG1@147	0	1000	0.0		/home/miguel/IBE-UPF/TFM/Master_projects/PhyloPhere/Data/6.CAAS_traitfiles/Ranked/df4_sp.tab
ACSBG1@155	0	1000	0.0		/home/miguel/IBE-UPF/TFM/Master_projects/PhyloPhere/Data/6.CAAS_traitfiles/Ranked/df4_sp.tab
ACSBG1@162	0	1000	0.0		/home/miguel/IBE-UPF/TFM/Master_projects/PhyloPhere/Data/6.CAAS_traitfiles/Ranked/df4_sp.tab
ACSBG1@175	0	1000	0.0		/home/miguel/IBE-UPF/TFM/Master_projects/PhyloPhere/Data/6.CAAS_traitfiles/Ranked/df4_sp.tab
ACSBG1@178	0	1000	0.0		/home/miguel/IBE-UPF/TFM/Master_projects/PhyloPhere/Data/6.CAAS_traitfiles/Ranked/df4_sp.tab
ACSBG1@179	53	1000	0.053	b_151,b_426,b_804,b_771,b_139,b_355,b_222,b_82,b_110,b_345,b_785,b_265,b_549,b_2,b_28,b_894,b_667,b_800,b_688,b_129,b_826,b_870,b_147,b_520,b_100,b_883,b_86,b_841,b_64,b_621,b_917,b_605,b_145,b_628,b_935,b_97,b_361,b_768,b_515,b_366,b_807,b_640,b_65,b_52,b_186,b_700,b_554,b_587,b_908,b_458,b_914,b_787,b_835	/home/miguel/IBE-UPF/TFM/Master_projects/PhyloPhere/Data/6.CAAS_traitfiles/Ranked/df4_sp.tab
ACSBG1@182	68	1000	0.068	b_396,b_273,b_861,b_475,b_151,b_949,b_615,b_40,b_926,b_94,b_139,b_82,b_110,b_47,b_992,b_136,b_890,b_510,b_284,b_549,b_645,b_167,b_891,b_894,b_667,b_688,b_697,b_751,b_129,b_806,b_694,b_147,b_796,b_703,b_77,b_883,b_734,b_86,b_202,b_312,b_462,b_841,b_917,b_574,b_628,b_97,b_790,b_317,b_361,b_526,b_515,b_366,b_250,b_45,b_52,b_415,b_243,b_700,b_29,b_78,b_908,b_115,b_976,b_710,b_274,b_95,b_787,b_51	/home/miguel/IBE-UPF/TFM/Master_projects/PhyloPhere/Data/6.CAAS_traitfiles/Ranked/df4_sp.tab
ACSBG1@185	0	1000	0.0		/home/miguel/IBE-UPF/TFM/Master_projects/PhyloPhere/Data/6.CAAS_traitfiles/Ranked/df4_sp.tab
ACSBG1@186	0	1000	0.0		/home/miguel/IBE-UPF/TFM/Master_projects/PhyloPhere/Data/6.CAAS_traitfiles/Ranked/df4_sp.tab
ACSBG1@187	0	1000	0.0		/home/miguel/IBE-UPF/TFM/Master_projects/PhyloPhere/Data/6.CAAS_traitfiles/Ranked/df4_sp.tab
ACSBG1@200	25	1000	0.025	b_861,b_608,b_208,b_139,b_110,b_104,b_992,b_890,b_549,b_167,b_894,b_697,b_147,b_796,b_790,b_172,b_767,b_718,b_366,b_806,b_415,b_243,b_556,b_908,b_710	/home/miguel/IBE-UPF/TFM/Master_projects/PhyloPhere/Data/6.CAAS_traitfiles/Ranked/df4_sp.tab
ACSBG1@203	0	1000	0.0		/home/miguel/IBE-UPF/TFM/Master_projects/PhyloPhere/Data/6.CAAS_traitfiles/Ranked/df4_sp.tab
ACSBG1@212	0	1000	0.0		/home/miguel/IBE-UPF/TFM/Master_projects/PhyloPhere/Data/6.CAAS_traitfiles/Ranked/df4_sp.tab
ACSBG1@215	0	1000	0.0		/home/miguel/IBE-UPF/TFM/Master_projects/PhyloPhere/Data/6.CAAS_traitfiles/Ranked/df4_sp.tab
ACSBG1@216	0	1000	0.0		/home/miguel/IBE-UPF/TFM/Master_projects/PhyloPhere/Data/6.CAAS_traitfiles/Ranked/df4_sp.tab
ACSBG1@218	0	1000	0.0		/home/miguel/IBE-UPF/TFM/Master_projects/PhyloPhere/Data/6.CAAS_traitfiles/Ranked/df4_sp.tab
ACSBG1@219	25	1000	0.025	b_448,b_475,b_962,b_780,b_140,b_968,b_373,b_578,b_666,b_647,b_444,b_451,b_703,b_123,b_43,b_85,b_574,b_941,b_259,b_351,b_609,b_71,b_236,b_670,b_582	/home/miguel/IBE-UPF/TFM/Master_projects/PhyloPhere/Data/6.CAAS_traitfiles/Ranked/df4_sp.tab
ACSBG1@220	0	1000	0.0		/home/miguel/IBE-UPF/TFM/Master_projects/PhyloPhere/Data/6.CAAS_traitfiles/Ranked/df4_sp.tab
ACSBG1@221	0	1000	0.0		/home/miguel/IBE-UPF/TFM/Master_projects/PhyloPhere/Data/6.CAAS_traitfiles/Ranked/df4_sp.tab
ACSBG1@222	63	1000	0.063	b_363,b_919,b_426,b_334,b_780,b_932,b_140,b_665,b_903,b_362,b_812,b_34,b_335,b_373,b_743,b_880,b_367,b_638,b_265,b_549,b_484,b_719,b_392,b_7,b_577,b_388,b_589,b_244,b_451,b_135,b_663,b_353,b_86,b_841,b_165,b_380,b_485,b_605,b_636,b_935,b_997,b_10,b_699,b_993,b_948,b_970,b_807,b_481,b_44,b_810,b_65,b_21,b_52,b_725,b_376,b_844,b_735,b_67,b_385,b_875,b_217,b_453,b_680	/home/miguel/IBE-UPF/TFM/Master_projects/PhyloPhere/Data/6.CAAS_traitfiles/Ranked/df4_sp.tab
ACSBG1@223	0	1000	0.0		/home/miguel/IBE-UPF/TFM/Master_projects/PhyloPhere/Data/6.CAAS_traitfiles/Ranked/df4_sp.tab
ACSBG1@226	0	1000	0.0		/home/miguel/IBE-UPF/TFM/Master_projects/PhyloPhere/Data/6.CAAS_traitfiles/Ranked/df4_sp.tab
ACSBG1@232	0	1000	0.0		/home/miguel/IBE-UPF/TFM/Master_projects/PhyloPhere/Data/6.CAAS_traitfiles/Ranked/df4_sp.tab
ACSBG1@235	0	1000	0.0		/home/miguel/IBE-UPF/TFM/Master_projects/PhyloPhere/Data/6.CAAS_traitfiles/Ranked/df4_sp.tab
ACSBG1@237	0	1000	0.0		/home/miguel/IBE-UPF/TFM/Master_projects/PhyloPhere/Data/6.CAAS_traitfiles/Ranked/df4_sp.tab
ACSBG1@241	0	1000	0.0		/home/miguel/IBE-UPF/TFM/Master_projects/PhyloPhere/Data/6.CAAS_traitfiles/Ranked/df4_sp.tab
ACSBG1@244	0	1000	0.0		/home/miguel/IBE-UPF/TFM/Master_projects/PhyloPhere/Data/6.CAAS_traitfiles/Ranked/df4_sp.tab
ACSBG1@245	0	1000	0.0		/home/miguel/IBE-UPF/TFM/Master_projects/PhyloPhere/Data/6.CAAS_traitfiles/Ranked/df4_sp.tab
ACSBG1@247	0	1000	0.0		/home/miguel/IBE-UPF/TFM/Master_projects/PhyloPhere/Data/6.CAAS_traitfiles/Ranked/df4_sp.tab
ACSBG1@248	48	1000	0.048	b_273,b_861,b_475,b_615,b_111,b_254,b_82,b_110,b_47,b_828,b_992,b_551,b_890,b_510,b_156,b_774,b_437,b_167,b_697,b_504,b_806,b_147,b_703,b_734,b_26,b_462,b_677,b_915,b_917,b_574,b_991,b_628,b_97,b_579,b_548,b_790,b_317,b_253,b_246,b_333,b_562,b_366,b_452,b_274,b_95,b_896,b_514,b_51	/home/miguel/IBE-UPF/TFM/Master_projects/PhyloPhere/Data/6.CAAS_traitfiles/Ranked/df4_sp.tab
ACSBG1@250	0	1000	0.0		/home/miguel/IBE-UPF/TFM/Master_projects/PhyloPhere/Data/6.CAAS_traitfiles/Ranked/df4_sp.tab
ACSBG1@256	0	1000	0.0		/home/miguel/IBE-UPF/TFM/Master_projects/PhyloPhere/Data/6.CAAS_traitfiles/Ranked/df4_sp.tab
ACSBG1@266	22	1000	0.022	b_448,b_475,b_962,b_780,b_254,b_578,b_666,b_647,b_188,b_414,b_444,b_545,b_703,b_123,b_43,b_85,b_574,b_941,b_351,b_609,b_71,b_670	/home/miguel/IBE-UPF/TFM/Master_projects/PhyloPhere/Data/6.CAAS_traitfiles/Ranked/df4_sp.tab
ACSBG1@291	51	1000	0.051	b_861,b_475,b_151,b_949,b_608,b_40,b_94,b_139,b_82,b_110,b_47,b_104,b_992,b_890,b_510,b_187,b_549,b_167,b_891,b_894,b_667,b_688,b_697,b_751,b_129,b_806,b_694,b_147,b_796,b_703,b_734,b_86,b_202,b_462,b_841,b_917,b_574,b_97,b_790,b_767,b_515,b_366,b_45,b_52,b_415,b_243,b_29,b_78,b_908,b_710,b_51	/home/miguel/IBE-UPF/TFM/Master_projects/PhyloPhere/Data/6.CAAS_traitfiles/Ranked/df4_sp.tab
ACSBG1@337	0	1000	0.0		/home/miguel/IBE-UPF/TFM/Master_projects/PhyloPhere/Data/6.CAAS_traitfiles/Ranked/df4_sp.tab
ACSBG1@366	0	1000	0.0		/home/miguel/IBE-UPF/TFM/Master_projects/PhyloPhere/Data/6.CAAS_traitfiles/Ranked/df4_sp.tab
ACSBG1@367	64	1000	0.064	b_363,b_919,b_962,b_325,b_334,b_780,b_932,b_140,b_665,b_633,b_903,b_812,b_34,b_335,b_373,b_743,b_880,b_367,b_989,b_265,b_484,b_719,b_392,b_7,b_240,b_577,b_388,b_589,b_244,b_451,b_135,b_663,b_353,b_86,b_841,b_165,b_485,b_605,b_636,b_935,b_997,b_10,b_913,b_699,b_993,b_948,b_38,b_970,b_807,b_481,b_810,b_65,b_21,b_725,b_376,b_844,b_735,b_67,b_385,b_875,b_217,b_453,b_610,b_680	/home/miguel/IBE-UPF/TFM/Master_projects/PhyloPhere/Data/6.CAAS_traitfiles/Ranked/df4_sp.tab
ACSBG1@369	0	1000	0.0		/home/miguel/IBE-UPF/TFM/Master_projects/PhyloPhere/Data/6.CAAS_traitfiles/Ranked/df4_sp.tab
ACSBG1@378	0	1000	0.0		/home/miguel/IBE-UPF/TFM/Master_projects/PhyloPhere/Data/6.CAAS_traitfiles/Ranked/df4_sp.tab
ACSBG1@384	0	1000	0.0		/home/miguel/IBE-UPF/TFM/Master_projects/PhyloPhere/Data/6.CAAS_traitfiles/Ranked/df4_sp.tab
ACSBG1@394	56	1000	0.056	b_363,b_919,b_962,b_325,b_334,b_932,b_140,b_633,b_812,b_34,b_335,b_743,b_367,b_989,b_953,b_265,b_971,b_719,b_649,b_7,b_577,b_388,b_589,b_244,b_135,b_663,b_353,b_100,b_86,b_841,b_165,b_460,b_485,b_605,b_636,b_935,b_997,b_10,b_913,b_699,b_948,b_38,b_970,b_348,b_807,b_65,b_21,b_376,b_844,b_735,b_668,b_385,b_453,b_610,b_680,b_835	/home/miguel/IBE-UPF/TFM/Master_projects/PhyloPhere/Data/6.CAAS_traitfiles/Ranked/df4_sp.tab
ACSBG1@395	1	1000	0.001	b_609	/home/miguel/IBE-UPF/TFM/Master_projects/PhyloPhere/Data/6.CAAS_traitfiles/Ranked/df4_sp.tab
ACSBG1@397	12	1000	0.012	b_919,b_334,b_932,b_812,b_577,b_353,b_605,b_699,b_807,b_538,b_65,b_875	/home/miguel/IBE-UPF/TFM/Master_projects/PhyloPhere/Data/6.CAAS_traitfiles/Ranked/df4_sp.tab
ACSBG1@403	0	1000	0.0		/home/miguel/IBE-UPF/TFM/Master_projects/PhyloPhere/Data/6.CAAS_traitfiles/Ranked/df4_sp.tab
ACSBG1@426	0	1000	0.0		/home/miguel/IBE-UPF/TFM/Master_projects/PhyloPhere/Data/6.CAAS_traitfiles/Ranked/df4_sp.tab
ACSBG1@434	0	1000	0.0		/home/miguel/IBE-UPF/TFM/Master_projects/PhyloPhere/Data/6.CAAS_traitfiles/Ranked/df4_sp.tab
ACSBG1@435	0	1000	0.0		/home/miguel/IBE-UPF/TFM/Master_projects/PhyloPhere/Data/6.CAAS_traitfiles/Ranked/df4_sp.tab
ACSBG1@439	0	1000	0.0		/home/miguel/IBE-UPF/TFM/Master_projects/PhyloPhere/Data/6.CAAS_traitfiles/Ranked/df4_sp.tab
ACSBG1@446	0	1000	0.0		/home/miguel/IBE-UPF/TFM/Master_projects/PhyloPhere/Data/6.CAAS_traitfiles/Ranked/df4_sp.tab
ACSBG1@447	0	1000	0.0		/home/miguel/IBE-UPF/TFM/Master_projects/PhyloPhere/Data/6.CAAS_traitfiles/Ranked/df4_sp.tab
ACSBG1@450	0	1000	0.0		/home/miguel/IBE-UPF/TFM/Master_projects/PhyloPhere/Data/6.CAAS_traitfiles/Ranked/df4_sp.tab
ACSBG1@467	31	1000	0.031	b_325,b_866,b_731,b_208,b_932,b_602,b_222,b_110,b_335,b_880,b_989,b_265,b_240,b_894,b_982,b_826,b_378,b_209,b_304,b_145,b_935,b_768,b_59,b_970,b_459,b_65,b_271,b_556,b_763,b_132,b_324	/home/miguel/IBE-UPF/TFM/Master_projects/PhyloPhere/Data/6.CAAS_traitfiles/Ranked/df4_sp.tab
ACSBG1@477	29	1000	0.029	b_861,b_608,b_208,b_40,b_139,b_110,b_104,b_992,b_890,b_549,b_167,b_894,b_688,b_697,b_751,b_147,b_796,b_841,b_97,b_790,b_767,b_718,b_366,b_806,b_52,b_415,b_243,b_908,b_710	/home/miguel/IBE-UPF/TFM/Master_projects/PhyloPhere/Data/6.CAAS_traitfiles/Ranked/df4_sp.tab
ACSBG1@482	0	1000	0.0		/home/miguel/IBE-UPF/TFM/Master_projects/PhyloPhere/Data/6.CAAS_traitfiles/Ranked/df4_sp.tab
ACSBG1@484	5	1000	0.005	b_475,b_188,b_414,b_941,b_71	/home/miguel/IBE-UPF/TFM/Master_projects/PhyloPhere/Data/6.CAAS_traitfiles/Ranked/df4_sp.tab
ACSBG1@486	0	1000	0.0		/home/miguel/IBE-UPF/TFM/Master_projects/PhyloPhere/Data/6.CAAS_traitfiles/Ranked/df4_sp.tab
ACSBG1@487	0	1000	0.0		/home/miguel/IBE-UPF/TFM/Master_projects/PhyloPhere/Data/6.CAAS_traitfiles/Ranked/df4_sp.tab
ACSBG1@490	25	1000	0.025	b_861,b_608,b_208,b_139,b_110,b_104,b_992,b_890,b_549,b_167,b_894,b_697,b_147,b_796,b_790,b_172,b_767,b_718,b_366,b_806,b_415,b_243,b_556,b_908,b_710	/home/miguel/IBE-UPF/TFM/Master_projects/PhyloPhere/Data/6.CAAS_traitfiles/Ranked/df4_sp.tab
ACSBG1@493	0	1000	0.0		/home/miguel/IBE-UPF/TFM/Master_projects/PhyloPhere/Data/6.CAAS_traitfiles/Ranked/df4_sp.tab
ACSBG1@503	0	1000	0.0		/home/miguel/IBE-UPF/TFM/Master_projects/PhyloPhere/Data/6.CAAS_traitfiles/Ranked/df4_sp.tab
ACSBG1@515	36	1000	0.036	b_448,b_956,b_475,b_962,b_780,b_822,b_171,b_395,b_254,b_112,b_182,b_578,b_651,b_666,b_647,b_188,b_414,b_444,b_738,b_545,b_703,b_123,b_43,b_447,b_12,b_542,b_85,b_574,b_583,b_941,b_693,b_351,b_609,b_71,b_670,b_251	/home/miguel/IBE-UPF/TFM/Master_projects/PhyloPhere/Data/6.CAAS_traitfiles/Ranked/df4_sp.tab
ACSBG1@521	9	1000	0.009	b_448,b_962,b_666,b_444,b_703,b_123,b_85,b_351,b_609	/home/miguel/IBE-UPF/TFM/Master_projects/PhyloPhere/Data/6.CAAS_traitfiles/Ranked/df4_sp.tab
ACSBG1@525	0	1000	0.0		/home/miguel/IBE-UPF/TFM/Master_projects/PhyloPhere/Data/6.CAAS_traitfiles/Ranked/df4_sp.tab
ACSBG1@529	1	1000	0.001	b_442	/home/miguel/IBE-UPF/TFM/Master_projects/PhyloPhere/Data/6.CAAS_traitfiles/Ranked/df4_sp.tab
ACSBG1@531	0	1000	0.0		/home/miguel/IBE-UPF/TFM/Master_projects/PhyloPhere/Data/6.CAAS_traitfiles/Ranked/df4_sp.tab
ACSBG1@534	0	1000	0.0		/home/miguel/IBE-UPF/TFM/Master_projects/PhyloPhere/Data/6.CAAS_traitfiles/Ranked/df4_sp.tab
ACSBG1@549	0	1000	0.0		/home/miguel/IBE-UPF/TFM/Master_projects/PhyloPhere/Data/6.CAAS_traitfiles/Ranked/df4_sp.tab
ACSBG1@559	64	1000	0.064	b_363,b_919,b_962,b_325,b_334,b_780,b_932,b_140,b_665,b_633,b_903,b_812,b_34,b_335,b_373,b_743,b_880,b_367,b_989,b_265,b_484,b_719,b_392,b_7,b_240,b_577,b_388,b_589,b_244,b_451,b_135,b_663,b_353,b_86,b_841,b_165,b_485,b_605,b_636,b_935,b_997,b_10,b_913,b_699,b_993,b_948,b_38,b_970,b_807,b_481,b_810,b_65,b_21,b_725,b_376,b_844,b_735,b_67,b_385,b_875,b_217,b_453,b_610,b_680	/home/miguel/IBE-UPF/TFM/Master_projects/PhyloPhere/Data/6.CAAS_traitfiles/Ranked/df4_sp.tab
ACSBG1@567	0	1000	0.0		/home/miguel/IBE-UPF/TFM/Master_projects/PhyloPhere/Data/6.CAAS_traitfiles/Ranked/df4_sp.tab
ACSBG1@572	22	1000	0.022	b_448,b_475,b_962,b_780,b_254,b_578,b_666,b_647,b_188,b_414,b_444,b_545,b_703,b_123,b_43,b_85,b_574,b_941,b_351,b_609,b_71,b_670	/home/miguel/IBE-UPF/TFM/Master_projects/PhyloPhere/Data/6.CAAS_traitfiles/Ranked/df4_sp.tab
ACSBG1@581	0	1000	0.0		/home/miguel/IBE-UPF/TFM/Master_projects/PhyloPhere/Data/6.CAAS_traitfiles/Ranked/df4_sp.tab
ACSBG1@594	0	1000	0.0		/home/miguel/IBE-UPF/TFM/Master_projects/PhyloPhere/Data/6.CAAS_traitfiles/Ranked/df4_sp.tab
ACSBG1@598	0	1000	0.0		/home/miguel/IBE-UPF/TFM/Master_projects/PhyloPhere/Data/6.CAAS_traitfiles/Ranked/df4_sp.tab
ACSBG1@599	0	1000	0.0		/home/miguel/IBE-UPF/TFM/Master_projects/PhyloPhere/Data/6.CAAS_traitfiles/Ranked/df4_sp.tab
ACSBG1@603	0	1000	0.0		/home/miguel/IBE-UPF/TFM/Master_projects/PhyloPhere/Data/6.CAAS_traitfiles/Ranked/df4_sp.tab
ACSBG1@609	0	1000	0.0		/home/miguel/IBE-UPF/TFM/Master_projects/PhyloPhere/Data/6.CAAS_traitfiles/Ranked/df4_sp.tab
ACSBG1@611	0	1000	0.0		/home/miguel/IBE-UPF/TFM/Master_projects/PhyloPhere/Data/6.CAAS_traitfiles/Ranked/df4_sp.tab
ACSBG1@617	0	1000	0.0		/home/miguel/IBE-UPF/TFM/Master_projects/PhyloPhere/Data/6.CAAS_traitfiles/Ranked/df4_sp.tab
ACSBG1@620	22	1000	0.022	b_448,b_475,b_962,b_780,b_254,b_578,b_666,b_647,b_188,b_414,b_444,b_545,b_703,b_123,b_43,b_85,b_574,b_941,b_351,b_609,b_71,b_670	/home/miguel/IBE-UPF/TFM/Master_projects/PhyloPhere/Data/6.CAAS_traitfiles/Ranked/df4_sp.tab
ACSBG1@629	0	1000	0.0		/home/miguel/IBE-UPF/TFM/Master_projects/PhyloPhere/Data/6.CAAS_traitfiles/Ranked/df4_sp.tab
ACSBG1@630	0	1000	0.0		/home/miguel/IBE-UPF/TFM/Master_projects/PhyloPhere/Data/6.CAAS_traitfiles/Ranked/df4_sp.tab
ACSBG1@632	0	1000	0.0		/home/miguel/IBE-UPF/TFM/Master_projects/PhyloPhere/Data/6.CAAS_traitfiles/Ranked/df4_sp.tab
ACSBG1@639	0	1000	0.0		/home/miguel/IBE-UPF/TFM/Master_projects/PhyloPhere/Data/6.CAAS_traitfiles/Ranked/df4_sp.tab
ACSBG1@643	22	1000	0.022	b_448,b_475,b_962,b_780,b_254,b_578,b_666,b_647,b_188,b_414,b_444,b_545,b_703,b_123,b_43,b_85,b_574,b_941,b_351,b_609,b_71,b_670	/home/miguel/IBE-UPF/TFM/Master_projects/PhyloPhere/Data/6.CAAS_traitfiles/Ranked/df4_sp.tab
ACSBG1@647	10	1000	0.01	b_140,b_34,b_649,b_997,b_948,b_970,b_348,b_376,b_668,b_680	/home/miguel/IBE-UPF/TFM/Master_projects/PhyloPhere/Data/6.CAAS_traitfiles/Ranked/df4_sp.tab
ACSBG1@654	0	1000	0.0		/home/miguel/IBE-UPF/TFM/Master_projects/PhyloPhere/Data/6.CAAS_traitfiles/Ranked/df4_sp.tab
ACSBG1@661	0	1000	0.0		/home/miguel/IBE-UPF/TFM/Master_projects/PhyloPhere/Data/6.CAAS_traitfiles/Ranked/df4_sp.tab
ACSBG1@664	0	1000	0.0		/home/miguel/IBE-UPF/TFM/Master_projects/PhyloPhere/Data/6.CAAS_traitfiles/Ranked/df4_sp.tab
ACSBG1@673	22	1000	0.022	b_448,b_475,b_962,b_780,b_254,b_578,b_666,b_647,b_188,b_414,b_444,b_545,b_703,b_123,b_43,b_85,b_574,b_941,b_351,b_609,b_71,b_670	/home/miguel/IBE-UPF/TFM/Master_projects/PhyloPhere/Data/6.CAAS_traitfiles/Ranked/df4_sp.tab
ACSBG1@686	0	1000	0.0		/home/miguel/IBE-UPF/TFM/Master_projects/PhyloPhere/Data/6.CAAS_traitfiles/Ranked/df4_sp.tab
ACSBG1@690	0	1000	0.0		/home/miguel/IBE-UPF/TFM/Master_projects/PhyloPhere/Data/6.CAAS_traitfiles/Ranked/df4_sp.tab
