Read 1 item
Error in `mutate()`:
ℹ In argument: `p = .data[["adult_necropsy_count"]]`.
Caused by error in `.data[["adult_necropsy_count"]]`:
! Column `adult_necropsy_count` not found in `.data`.
Backtrace:
     ▆
  1. ├─stats_df %>% mutate(p = .data[[p_trait]])
  2. ├─dplyr::mutate(., p = .data[[p_trait]])
  3. ├─dplyr:::mutate.data.frame(., p = .data[[p_trait]])
  4. │ └─dplyr:::mutate_cols(.data, dplyr_quosures(...), by)
  5. │   ├─base::withCallingHandlers(...)
  6. │   └─dplyr:::mutate_col(dots[[i]], data, mask, new_columns)
  7. │     └─mask$eval_all_mutate(quo)
  8. │       └─dplyr (local) eval()
  9. ├─adult_necropsy_count
 10. ├─rlang:::`[[.rlang_data_pronoun`(.data, "adult_necropsy_count")
 11. │ └─rlang:::data_pronoun_get(...)
 12. └─rlang:::abort_data_pronoun(x, call = y)
 13.   └─rlang::abort(msg, "rlang_error_data_pronoun_not_found", call = call)

Quitting from 2.Phenotype_exploration.Rmd:97-146 [stat_visualization]
Execution halted
