Read 1 item
Error in `parse()`:
! <text>:54:1: unexpected '}'
53: cat("Trait file saved for", trait, "with", nrow(traits_res), "entries\n")
54: }
    ^
Backtrace:
     ▆
  1. └─rmarkdown::render(...)
  2.   └─knitr::knit(knit_input, knit_output, envir = envir, quiet = quiet)
  3.     └─knitr:::process_file(text, output)
  4.       ├─xfun:::handle_error(...)
  5.       ├─base::withCallingHandlers(...)
  6.       └─knitr:::process_group(group)
  7.         └─knitr:::call_block(x)
  8.           └─knitr:::block_exec(params)
  9.             └─knitr:::eng_r(options)
 10.               ├─knitr:::in_input_dir(...)
 11.               │ └─knitr:::in_dir(input_dir(), expr)
 12.               └─knitr (local) evaluate(...)
 13.                 └─evaluate::evaluate(...)
 14.                   ├─evaluate::parse_all(input, filename = filename)
 15.                   └─evaluate:::parse_all.character(input, filename = filename)
 16.                     └─base::parse(text = x, srcfile = src)

Quitting from 4.Independent_contrasts.Rmd:146-204 [traitfile_generation]
Execution halted
