ACVRL1@0	0	1000	0.0		/home/miguel/IBE-UPF/TFM/Master_projects/PhyloPhere/Data/6.CAAS_traitfiles/Ranked/df8_sp.tab
ACVRL1@2	0	1000	0.0		/home/miguel/IBE-UPF/TFM/Master_projects/PhyloPhere/Data/6.CAAS_traitfiles/Ranked/df8_sp.tab
ACVRL1@3	40	1000	0.04	b_289,b_822,b_78,b_257,b_172,b_845,b_780,b_939,b_102,b_865,b_744,b_488,b_396,b_629,b_667,b_526,b_382,b_848,b_451,b_462,b_136,b_831,b_134,b_492,b_225,b_185,b_447,b_76,b_232,b_176,b_61,b_692,b_651,b_825,b_577,b_65,b_853,b_654,b_742,b_42	/home/miguel/IBE-UPF/TFM/Master_projects/PhyloPhere/Data/6.CAAS_traitfiles/Ranked/df8_sp.tab
ACVRL1@4	0	1000	0.0		/home/miguel/IBE-UPF/TFM/Master_projects/PhyloPhere/Data/6.CAAS_traitfiles/Ranked/df8_sp.tab
ACVRL1@9	0	1000	0.0		/home/miguel/IBE-UPF/TFM/Master_projects/PhyloPhere/Data/6.CAAS_traitfiles/Ranked/df8_sp.tab
ACVRL1@12	26	1000	0.026	b_632,b_182,b_39,b_170,b_933,b_842,b_225,b_514,b_73,b_650,b_204,b_191,b_291,b_666,b_266,b_85,b_671,b_180,b_853,b_528,b_654,b_209,b_369,b_164,b_506,b_470	/home/miguel/IBE-UPF/TFM/Master_projects/PhyloPhere/Data/6.CAAS_traitfiles/Ranked/df8_sp.tab
ACVRL1@13	40	1000	0.04	b_289,b_822,b_78,b_257,b_172,b_845,b_780,b_939,b_102,b_865,b_744,b_488,b_396,b_629,b_667,b_526,b_382,b_848,b_451,b_462,b_136,b_831,b_134,b_492,b_225,b_185,b_447,b_76,b_232,b_176,b_61,b_692,b_651,b_825,b_577,b_65,b_853,b_654,b_742,b_42	/home/miguel/IBE-UPF/TFM/Master_projects/PhyloPhere/Data/6.CAAS_traitfiles/Ranked/df8_sp.tab
ACVRL1@14	0	1000	0.0		/home/miguel/IBE-UPF/TFM/Master_projects/PhyloPhere/Data/6.CAAS_traitfiles/Ranked/df8_sp.tab
ACVRL1@16	38	1000	0.038	b_590,b_955,b_391,b_817,b_583,b_188,b_473,b_454,b_903,b_633,b_136,b_532,b_813,b_308,b_432,b_374,b_142,b_435,b_250,b_358,b_99,b_425,b_76,b_499,b_171,b_398,b_907,b_524,b_943,b_814,b_392,b_63,b_77,b_609,b_416,b_334,b_646,b_456	/home/miguel/IBE-UPF/TFM/Master_projects/PhyloPhere/Data/6.CAAS_traitfiles/Ranked/df8_sp.tab
ACVRL1@18	0	1000	0.0		/home/miguel/IBE-UPF/TFM/Master_projects/PhyloPhere/Data/6.CAAS_traitfiles/Ranked/df8_sp.tab
ACVRL1@22	0	1000	0.0		/home/miguel/IBE-UPF/TFM/Master_projects/PhyloPhere/Data/6.CAAS_traitfiles/Ranked/df8_sp.tab
ACVRL1@23	0	1000	0.0		/home/miguel/IBE-UPF/TFM/Master_projects/PhyloPhere/Data/6.CAAS_traitfiles/Ranked/df8_sp.tab
ACVRL1@29	0	1000	0.0		/home/miguel/IBE-UPF/TFM/Master_projects/PhyloPhere/Data/6.CAAS_traitfiles/Ranked/df8_sp.tab
ACVRL1@31	38	1000	0.038	b_207,b_699,b_172,b_780,b_608,b_817,b_583,b_997,b_247,b_744,b_302,b_629,b_667,b_382,b_451,b_462,b_473,b_383,b_136,b_813,b_308,b_142,b_681,b_717,b_358,b_706,b_76,b_595,b_171,b_337,b_669,b_524,b_728,b_63,b_77,b_609,b_316,b_42	/home/miguel/IBE-UPF/TFM/Master_projects/PhyloPhere/Data/6.CAAS_traitfiles/Ranked/df8_sp.tab
ACVRL1@32	35	1000	0.035	b_658,b_649,b_320,b_652,b_583,b_371,b_558,b_261,b_704,b_183,b_931,b_473,b_432,b_89,b_99,b_282,b_557,b_789,b_458,b_423,b_988,b_215,b_907,b_723,b_866,b_728,b_60,b_606,b_63,b_774,b_841,b_334,b_349,b_734,b_546	/home/miguel/IBE-UPF/TFM/Master_projects/PhyloPhere/Data/6.CAAS_traitfiles/Ranked/df8_sp.tab
ACVRL1@33	0	1000	0.0		/home/miguel/IBE-UPF/TFM/Master_projects/PhyloPhere/Data/6.CAAS_traitfiles/Ranked/df8_sp.tab
ACVRL1@34	0	1000	0.0		/home/miguel/IBE-UPF/TFM/Master_projects/PhyloPhere/Data/6.CAAS_traitfiles/Ranked/df8_sp.tab
ACVRL1@36	0	1000	0.0		/home/miguel/IBE-UPF/TFM/Master_projects/PhyloPhere/Data/6.CAAS_traitfiles/Ranked/df8_sp.tab
ACVRL1@41	0	1000	0.0		/home/miguel/IBE-UPF/TFM/Master_projects/PhyloPhere/Data/6.CAAS_traitfiles/Ranked/df8_sp.tab
ACVRL1@53	36	1000	0.036	b_632,b_182,b_283,b_148,b_39,b_335,b_170,b_933,b_487,b_8,b_842,b_225,b_514,b_73,b_650,b_216,b_255,b_204,b_191,b_291,b_666,b_697,b_266,b_85,b_671,b_625,b_180,b_853,b_528,b_654,b_209,b_369,b_164,b_858,b_506,b_470	/home/miguel/IBE-UPF/TFM/Master_projects/PhyloPhere/Data/6.CAAS_traitfiles/Ranked/df8_sp.tab
ACVRL1@55	18	1000	0.018	b_649,b_320,b_335,b_937,b_861,b_727,b_823,b_482,b_255,b_191,b_661,b_458,b_266,b_866,b_625,b_901,b_414,b_734	/home/miguel/IBE-UPF/TFM/Master_projects/PhyloPhere/Data/6.CAAS_traitfiles/Ranked/df8_sp.tab
ACVRL1@56	36	1000	0.036	b_632,b_182,b_283,b_148,b_39,b_335,b_170,b_933,b_487,b_8,b_842,b_225,b_514,b_73,b_650,b_216,b_255,b_204,b_191,b_291,b_666,b_697,b_266,b_85,b_671,b_625,b_180,b_853,b_528,b_654,b_209,b_369,b_164,b_858,b_506,b_470	/home/miguel/IBE-UPF/TFM/Master_projects/PhyloPhere/Data/6.CAAS_traitfiles/Ranked/df8_sp.tab
ACVRL1@57	0	1000	0.0		/home/miguel/IBE-UPF/TFM/Master_projects/PhyloPhere/Data/6.CAAS_traitfiles/Ranked/df8_sp.tab
ACVRL1@58	0	1000	0.0		/home/miguel/IBE-UPF/TFM/Master_projects/PhyloPhere/Data/6.CAAS_traitfiles/Ranked/df8_sp.tab
ACVRL1@60	0	1000	0.0		/home/miguel/IBE-UPF/TFM/Master_projects/PhyloPhere/Data/6.CAAS_traitfiles/Ranked/df8_sp.tab
ACVRL1@65	0	1000	0.0		/home/miguel/IBE-UPF/TFM/Master_projects/PhyloPhere/Data/6.CAAS_traitfiles/Ranked/df8_sp.tab
ACVRL1@66	0	1000	0.0		/home/miguel/IBE-UPF/TFM/Master_projects/PhyloPhere/Data/6.CAAS_traitfiles/Ranked/df8_sp.tab
ACVRL1@67	0	1000	0.0		/home/miguel/IBE-UPF/TFM/Master_projects/PhyloPhere/Data/6.CAAS_traitfiles/Ranked/df8_sp.tab
ACVRL1@68	36	1000	0.036	b_632,b_182,b_283,b_148,b_39,b_335,b_170,b_933,b_487,b_8,b_842,b_225,b_514,b_73,b_650,b_216,b_255,b_204,b_191,b_291,b_666,b_697,b_266,b_85,b_671,b_625,b_180,b_853,b_528,b_654,b_209,b_369,b_164,b_858,b_506,b_470	/home/miguel/IBE-UPF/TFM/Master_projects/PhyloPhere/Data/6.CAAS_traitfiles/Ranked/df8_sp.tab
ACVRL1@70	6	1000	0.006	b_842,b_225,b_514,b_73,b_204,b_654	/home/miguel/IBE-UPF/TFM/Master_projects/PhyloPhere/Data/6.CAAS_traitfiles/Ranked/df8_sp.tab
ACVRL1@72	49	1000	0.049	b_632,b_457,b_182,b_283,b_148,b_39,b_335,b_183,b_170,b_254,b_933,b_487,b_572,b_8,b_119,b_842,b_225,b_514,b_73,b_650,b_920,b_216,b_882,b_255,b_204,b_89,b_191,b_291,b_666,b_697,b_215,b_522,b_304,b_266,b_85,b_866,b_671,b_625,b_180,b_853,b_528,b_428,b_654,b_209,b_369,b_164,b_858,b_506,b_470	/home/miguel/IBE-UPF/TFM/Master_projects/PhyloPhere/Data/6.CAAS_traitfiles/Ranked/df8_sp.tab
ACVRL1@74	23	1000	0.023	b_182,b_148,b_335,b_933,b_487,b_8,b_514,b_650,b_216,b_255,b_204,b_191,b_697,b_266,b_866,b_671,b_625,b_180,b_528,b_369,b_858,b_506,b_470	/home/miguel/IBE-UPF/TFM/Master_projects/PhyloPhere/Data/6.CAAS_traitfiles/Ranked/df8_sp.tab
ACVRL1@80	74	1000	0.074	b_632,b_289,b_457,b_182,b_283,b_257,b_649,b_845,b_148,b_39,b_41,b_335,b_997,b_558,b_744,b_183,b_170,b_937,b_3,b_861,b_933,b_487,b_8,b_727,b_119,b_842,b_34,b_136,b_260,b_134,b_225,b_514,b_73,b_650,b_216,b_882,b_255,b_204,b_89,b_191,b_291,b_793,b_458,b_666,b_697,b_215,b_266,b_907,b_669,b_85,b_866,b_671,b_60,b_625,b_46,b_180,b_63,b_853,b_77,b_528,b_416,b_428,b_654,b_774,b_901,b_209,b_974,b_763,b_369,b_164,b_734,b_858,b_506,b_470	/home/miguel/IBE-UPF/TFM/Master_projects/PhyloPhere/Data/6.CAAS_traitfiles/Ranked/df8_sp.tab
ACVRL1@81	0	1000	0.0		/home/miguel/IBE-UPF/TFM/Master_projects/PhyloPhere/Data/6.CAAS_traitfiles/Ranked/df8_sp.tab
ACVRL1@82	36	1000	0.036	b_632,b_182,b_283,b_148,b_39,b_335,b_170,b_933,b_487,b_8,b_842,b_225,b_514,b_73,b_650,b_216,b_255,b_204,b_191,b_291,b_666,b_697,b_266,b_85,b_671,b_625,b_180,b_853,b_528,b_654,b_209,b_369,b_164,b_858,b_506,b_470	/home/miguel/IBE-UPF/TFM/Master_projects/PhyloPhere/Data/6.CAAS_traitfiles/Ranked/df8_sp.tab
ACVRL1@85	44	1000	0.044	b_632,b_182,b_283,b_148,b_320,b_39,b_335,b_170,b_933,b_487,b_8,b_569,b_842,b_823,b_225,b_514,b_482,b_73,b_650,b_216,b_255,b_204,b_191,b_561,b_291,b_666,b_697,b_266,b_85,b_760,b_671,b_625,b_180,b_853,b_528,b_654,b_209,b_369,b_414,b_164,b_858,b_506,b_470,b_897	/home/miguel/IBE-UPF/TFM/Master_projects/PhyloPhere/Data/6.CAAS_traitfiles/Ranked/df8_sp.tab
ACVRL1@87	0	1000	0.0		/home/miguel/IBE-UPF/TFM/Master_projects/PhyloPhere/Data/6.CAAS_traitfiles/Ranked/df8_sp.tab
ACVRL1@91	0	1000	0.0		/home/miguel/IBE-UPF/TFM/Master_projects/PhyloPhere/Data/6.CAAS_traitfiles/Ranked/df8_sp.tab
ACVRL1@96	36	1000	0.036	b_632,b_182,b_283,b_148,b_39,b_335,b_170,b_933,b_487,b_8,b_842,b_225,b_514,b_73,b_650,b_216,b_255,b_204,b_191,b_291,b_666,b_697,b_266,b_85,b_671,b_625,b_180,b_853,b_528,b_654,b_209,b_369,b_164,b_858,b_506,b_470	/home/miguel/IBE-UPF/TFM/Master_projects/PhyloPhere/Data/6.CAAS_traitfiles/Ranked/df8_sp.tab
ACVRL1@98	23	1000	0.023	b_182,b_148,b_335,b_933,b_487,b_8,b_514,b_650,b_216,b_255,b_204,b_191,b_697,b_266,b_866,b_671,b_625,b_180,b_528,b_369,b_858,b_506,b_470	/home/miguel/IBE-UPF/TFM/Master_projects/PhyloPhere/Data/6.CAAS_traitfiles/Ranked/df8_sp.tab
ACVRL1@102	0	1000	0.0		/home/miguel/IBE-UPF/TFM/Master_projects/PhyloPhere/Data/6.CAAS_traitfiles/Ranked/df8_sp.tab
ACVRL1@108	7	1000	0.007	b_148,b_170,b_255,b_671,b_180,b_209,b_506	/home/miguel/IBE-UPF/TFM/Master_projects/PhyloPhere/Data/6.CAAS_traitfiles/Ranked/df8_sp.tab
ACVRL1@109	36	1000	0.036	b_632,b_182,b_283,b_148,b_39,b_335,b_170,b_933,b_487,b_8,b_842,b_225,b_514,b_73,b_650,b_216,b_255,b_204,b_191,b_291,b_666,b_697,b_266,b_85,b_671,b_625,b_180,b_853,b_528,b_654,b_209,b_369,b_164,b_858,b_506,b_470	/home/miguel/IBE-UPF/TFM/Master_projects/PhyloPhere/Data/6.CAAS_traitfiles/Ranked/df8_sp.tab
ACVRL1@110	0	1000	0.0		/home/miguel/IBE-UPF/TFM/Master_projects/PhyloPhere/Data/6.CAAS_traitfiles/Ranked/df8_sp.tab
ACVRL1@111	0	1000	0.0		/home/miguel/IBE-UPF/TFM/Master_projects/PhyloPhere/Data/6.CAAS_traitfiles/Ranked/df8_sp.tab
ACVRL1@114	61	1000	0.061	b_658,b_548,b_649,b_715,b_910,b_320,b_683,b_652,b_817,b_258,b_583,b_86,b_371,b_319,b_558,b_704,b_183,b_254,b_119,b_931,b_473,b_136,b_813,b_308,b_432,b_374,b_882,b_426,b_89,b_191,b_800,b_99,b_282,b_458,b_423,b_988,b_215,b_398,b_907,b_177,b_723,b_866,b_728,b_60,b_606,b_814,b_625,b_63,b_194,b_77,b_416,b_428,b_774,b_841,b_334,b_200,b_763,b_349,b_484,b_734,b_546	/home/miguel/IBE-UPF/TFM/Master_projects/PhyloPhere/Data/6.CAAS_traitfiles/Ranked/df8_sp.tab
ACVRL1@118	0	1000	0.0		/home/miguel/IBE-UPF/TFM/Master_projects/PhyloPhere/Data/6.CAAS_traitfiles/Ranked/df8_sp.tab
ACVRL1@120	36	1000	0.036	b_632,b_182,b_283,b_148,b_39,b_335,b_170,b_933,b_487,b_8,b_842,b_225,b_514,b_73,b_650,b_216,b_255,b_204,b_191,b_291,b_666,b_697,b_266,b_85,b_671,b_625,b_180,b_853,b_528,b_654,b_209,b_369,b_164,b_858,b_506,b_470	/home/miguel/IBE-UPF/TFM/Master_projects/PhyloPhere/Data/6.CAAS_traitfiles/Ranked/df8_sp.tab
ACVRL1@123	0	1000	0.0		/home/miguel/IBE-UPF/TFM/Master_projects/PhyloPhere/Data/6.CAAS_traitfiles/Ranked/df8_sp.tab
ACVRL1@125	56	1000	0.056	b_289,b_822,b_78,b_257,b_172,b_845,b_780,b_939,b_102,b_583,b_997,b_865,b_297,b_744,b_488,b_396,b_629,b_667,b_526,b_382,b_848,b_451,b_873,b_462,b_473,b_136,b_831,b_134,b_813,b_492,b_308,b_225,b_185,b_142,b_706,b_447,b_76,b_232,b_176,b_61,b_669,b_692,b_651,b_825,b_577,b_65,b_685,b_63,b_853,b_77,b_316,b_654,b_742,b_509,b_42,b_538	/home/miguel/IBE-UPF/TFM/Master_projects/PhyloPhere/Data/6.CAAS_traitfiles/Ranked/df8_sp.tab
ACVRL1@127	0	1000	0.0		/home/miguel/IBE-UPF/TFM/Master_projects/PhyloPhere/Data/6.CAAS_traitfiles/Ranked/df8_sp.tab
ACVRL1@128	0	1000	0.0		/home/miguel/IBE-UPF/TFM/Master_projects/PhyloPhere/Data/6.CAAS_traitfiles/Ranked/df8_sp.tab
ACVRL1@131	0	1000	0.0		/home/miguel/IBE-UPF/TFM/Master_projects/PhyloPhere/Data/6.CAAS_traitfiles/Ranked/df8_sp.tab
ACVRL1@132	27	1000	0.027	b_658,b_320,b_652,b_583,b_704,b_954,b_473,b_432,b_995,b_89,b_99,b_282,b_557,b_789,b_423,b_988,b_167,b_728,b_60,b_606,b_63,b_694,b_309,b_774,b_832,b_841,b_546	/home/miguel/IBE-UPF/TFM/Master_projects/PhyloPhere/Data/6.CAAS_traitfiles/Ranked/df8_sp.tab
ACVRL1@134	0	1000	0.0		/home/miguel/IBE-UPF/TFM/Master_projects/PhyloPhere/Data/6.CAAS_traitfiles/Ranked/df8_sp.tab
ACVRL1@140	0	1000	0.0		/home/miguel/IBE-UPF/TFM/Master_projects/PhyloPhere/Data/6.CAAS_traitfiles/Ranked/df8_sp.tab
ACVRL1@144	0	1000	0.0		/home/miguel/IBE-UPF/TFM/Master_projects/PhyloPhere/Data/6.CAAS_traitfiles/Ranked/df8_sp.tab
ACVRL1@145	0	1000	0.0		/home/miguel/IBE-UPF/TFM/Master_projects/PhyloPhere/Data/6.CAAS_traitfiles/Ranked/df8_sp.tab
ACVRL1@146	56	1000	0.056	b_289,b_822,b_78,b_257,b_172,b_845,b_780,b_939,b_102,b_583,b_997,b_865,b_297,b_744,b_488,b_396,b_629,b_667,b_526,b_382,b_848,b_451,b_873,b_462,b_473,b_136,b_831,b_134,b_813,b_492,b_308,b_225,b_185,b_142,b_706,b_447,b_76,b_232,b_176,b_61,b_669,b_692,b_651,b_825,b_577,b_65,b_685,b_63,b_853,b_77,b_316,b_654,b_742,b_509,b_42,b_538	/home/miguel/IBE-UPF/TFM/Master_projects/PhyloPhere/Data/6.CAAS_traitfiles/Ranked/df8_sp.tab
ACVRL1@150	0	1000	0.0		/home/miguel/IBE-UPF/TFM/Master_projects/PhyloPhere/Data/6.CAAS_traitfiles/Ranked/df8_sp.tab
ACVRL1@153	0	1000	0.0		/home/miguel/IBE-UPF/TFM/Master_projects/PhyloPhere/Data/6.CAAS_traitfiles/Ranked/df8_sp.tab
ACVRL1@160	0	1000	0.0		/home/miguel/IBE-UPF/TFM/Master_projects/PhyloPhere/Data/6.CAAS_traitfiles/Ranked/df8_sp.tab
ACVRL1@161	0	1000	0.0		/home/miguel/IBE-UPF/TFM/Master_projects/PhyloPhere/Data/6.CAAS_traitfiles/Ranked/df8_sp.tab
ACVRL1@163	0	1000	0.0		/home/miguel/IBE-UPF/TFM/Master_projects/PhyloPhere/Data/6.CAAS_traitfiles/Ranked/df8_sp.tab
ACVRL1@164	59	1000	0.059	b_289,b_822,b_78,b_257,b_172,b_845,b_780,b_939,b_102,b_583,b_997,b_865,b_297,b_744,b_488,b_396,b_629,b_667,b_526,b_382,b_848,b_451,b_873,b_462,b_473,b_136,b_831,b_134,b_813,b_492,b_308,b_225,b_185,b_142,b_706,b_447,b_76,b_232,b_176,b_61,b_669,b_692,b_651,b_79,b_825,b_577,b_65,b_685,b_63,b_853,b_77,b_316,b_654,b_742,b_509,b_721,b_42,b_411,b_538	/home/miguel/IBE-UPF/TFM/Master_projects/PhyloPhere/Data/6.CAAS_traitfiles/Ranked/df8_sp.tab
ACVRL1@168	0	1000	0.0		/home/miguel/IBE-UPF/TFM/Master_projects/PhyloPhere/Data/6.CAAS_traitfiles/Ranked/df8_sp.tab
ACVRL1@169	0	1000	0.0		/home/miguel/IBE-UPF/TFM/Master_projects/PhyloPhere/Data/6.CAAS_traitfiles/Ranked/df8_sp.tab
ACVRL1@171	36	1000	0.036	b_632,b_182,b_283,b_148,b_39,b_335,b_170,b_933,b_487,b_8,b_842,b_225,b_514,b_73,b_650,b_216,b_255,b_204,b_191,b_291,b_666,b_697,b_266,b_85,b_671,b_625,b_180,b_853,b_528,b_654,b_209,b_369,b_164,b_858,b_506,b_470	/home/miguel/IBE-UPF/TFM/Master_projects/PhyloPhere/Data/6.CAAS_traitfiles/Ranked/df8_sp.tab
ACVRL1@197	0	1000	0.0		/home/miguel/IBE-UPF/TFM/Master_projects/PhyloPhere/Data/6.CAAS_traitfiles/Ranked/df8_sp.tab
ACVRL1@250	0	1000	0.0		/home/miguel/IBE-UPF/TFM/Master_projects/PhyloPhere/Data/6.CAAS_traitfiles/Ranked/df8_sp.tab
ACVRL1@289	36	1000	0.036	b_632,b_182,b_283,b_148,b_39,b_335,b_170,b_933,b_487,b_8,b_842,b_225,b_514,b_73,b_650,b_216,b_255,b_204,b_191,b_291,b_666,b_697,b_266,b_85,b_671,b_625,b_180,b_853,b_528,b_654,b_209,b_369,b_164,b_858,b_506,b_470	/home/miguel/IBE-UPF/TFM/Master_projects/PhyloPhere/Data/6.CAAS_traitfiles/Ranked/df8_sp.tab
ACVRL1@296	56	1000	0.056	b_289,b_822,b_78,b_257,b_172,b_845,b_780,b_939,b_102,b_583,b_997,b_865,b_297,b_744,b_488,b_396,b_629,b_667,b_526,b_382,b_848,b_451,b_873,b_462,b_473,b_136,b_831,b_134,b_813,b_492,b_308,b_225,b_185,b_142,b_706,b_447,b_76,b_232,b_176,b_61,b_669,b_692,b_651,b_825,b_577,b_65,b_685,b_63,b_853,b_77,b_316,b_654,b_742,b_509,b_42,b_538	/home/miguel/IBE-UPF/TFM/Master_projects/PhyloPhere/Data/6.CAAS_traitfiles/Ranked/df8_sp.tab
ACVRL1@322	36	1000	0.036	b_632,b_182,b_283,b_148,b_39,b_335,b_170,b_933,b_487,b_8,b_842,b_225,b_514,b_73,b_650,b_216,b_255,b_204,b_191,b_291,b_666,b_697,b_266,b_85,b_671,b_625,b_180,b_853,b_528,b_654,b_209,b_369,b_164,b_858,b_506,b_470	/home/miguel/IBE-UPF/TFM/Master_projects/PhyloPhere/Data/6.CAAS_traitfiles/Ranked/df8_sp.tab
ACVRL1@352	0	1000	0.0		/home/miguel/IBE-UPF/TFM/Master_projects/PhyloPhere/Data/6.CAAS_traitfiles/Ranked/df8_sp.tab
ACVRL1@375	59	1000	0.059	b_289,b_822,b_78,b_257,b_172,b_845,b_780,b_939,b_102,b_583,b_997,b_865,b_297,b_744,b_488,b_396,b_629,b_667,b_526,b_382,b_848,b_451,b_873,b_462,b_473,b_136,b_831,b_134,b_813,b_492,b_308,b_225,b_185,b_142,b_706,b_447,b_76,b_232,b_176,b_61,b_669,b_692,b_651,b_79,b_825,b_577,b_65,b_685,b_63,b_853,b_77,b_316,b_654,b_742,b_509,b_721,b_42,b_411,b_538	/home/miguel/IBE-UPF/TFM/Master_projects/PhyloPhere/Data/6.CAAS_traitfiles/Ranked/df8_sp.tab
ACVRL1@378	0	1000	0.0		/home/miguel/IBE-UPF/TFM/Master_projects/PhyloPhere/Data/6.CAAS_traitfiles/Ranked/df8_sp.tab
ACVRL1@400	56	1000	0.056	b_289,b_822,b_78,b_257,b_172,b_845,b_780,b_939,b_102,b_583,b_997,b_865,b_297,b_744,b_488,b_396,b_629,b_667,b_526,b_382,b_848,b_451,b_873,b_462,b_473,b_136,b_831,b_134,b_813,b_492,b_308,b_225,b_185,b_142,b_706,b_447,b_76,b_232,b_176,b_61,b_669,b_692,b_651,b_825,b_577,b_65,b_685,b_63,b_853,b_77,b_316,b_654,b_742,b_509,b_42,b_538	/home/miguel/IBE-UPF/TFM/Master_projects/PhyloPhere/Data/6.CAAS_traitfiles/Ranked/df8_sp.tab
ACVRL1@428	10	1000	0.01	b_289,b_257,b_845,b_997,b_744,b_136,b_134,b_669,b_63,b_77	/home/miguel/IBE-UPF/TFM/Master_projects/PhyloPhere/Data/6.CAAS_traitfiles/Ranked/df8_sp.tab
ACVRL1@430	36	1000	0.036	b_632,b_182,b_283,b_148,b_39,b_335,b_170,b_933,b_487,b_8,b_842,b_225,b_514,b_73,b_650,b_216,b_255,b_204,b_191,b_291,b_666,b_697,b_266,b_85,b_671,b_625,b_180,b_853,b_528,b_654,b_209,b_369,b_164,b_858,b_506,b_470	/home/miguel/IBE-UPF/TFM/Master_projects/PhyloPhere/Data/6.CAAS_traitfiles/Ranked/df8_sp.tab
ACVRL1@485	0	1000	0.0		/home/miguel/IBE-UPF/TFM/Master_projects/PhyloPhere/Data/6.CAAS_traitfiles/Ranked/df8_sp.tab
ACVRL1@488	0	1000	0.0		/home/miguel/IBE-UPF/TFM/Master_projects/PhyloPhere/Data/6.CAAS_traitfiles/Ranked/df8_sp.tab
ACVRL1@494	0	1000	0.0		/home/miguel/IBE-UPF/TFM/Master_projects/PhyloPhere/Data/6.CAAS_traitfiles/Ranked/df8_sp.tab
