A1BG@0	20	1000	0.02	b_710,b_549,b_312,b_615,b_964,b_86,b_45,b_243,b_136,b_284,b_47,b_992,b_167,b_841,b_95,b_734,b_418,b_697,b_796,b_52	/home/miguel/IBE-UPF/TFM/Master_projects/PhyloPhere/Data/6.CAAS_traitfiles/Ranked/df4_sp.tab
A1BG@1	4	1000	0.004	b_112,b_12,b_89,b_822	/home/miguel/IBE-UPF/TFM/Master_projects/PhyloPhere/Data/6.CAAS_traitfiles/Ranked/df4_sp.tab
A1BG@2	0	1000	0.0		/home/miguel/IBE-UPF/TFM/Master_projects/PhyloPhere/Data/6.CAAS_traitfiles/Ranked/df4_sp.tab
A1BG@3	0	1000	0.0		/home/miguel/IBE-UPF/TFM/Master_projects/PhyloPhere/Data/6.CAAS_traitfiles/Ranked/df4_sp.tab
A1BG@5	64	1000	0.064	b_725,b_719,b_265,b_935,b_34,b_880,b_10,b_388,b_453,b_140,b_844,b_699,b_680,b_325,b_86,b_353,b_989,b_589,b_392,b_636,b_385,b_373,b_485,b_367,b_932,b_970,b_577,b_335,b_363,b_65,b_633,b_481,b_743,b_484,b_735,b_244,b_605,b_875,b_903,b_135,b_841,b_997,b_919,b_993,b_812,b_240,b_451,b_376,b_7,b_38,b_807,b_665,b_663,b_913,b_217,b_67,b_21,b_610,b_810,b_948,b_962,b_165,b_334,b_780	/home/miguel/IBE-UPF/TFM/Master_projects/PhyloPhere/Data/6.CAAS_traitfiles/Ranked/df4_sp.tab
A1BG@7	0	1000	0.0		/home/miguel/IBE-UPF/TFM/Master_projects/PhyloPhere/Data/6.CAAS_traitfiles/Ranked/df4_sp.tab
A1BG@9	0	1000	0.0		/home/miguel/IBE-UPF/TFM/Master_projects/PhyloPhere/Data/6.CAAS_traitfiles/Ranked/df4_sp.tab
A1BG@11	0	1000	0.0		/home/miguel/IBE-UPF/TFM/Master_projects/PhyloPhere/Data/6.CAAS_traitfiles/Ranked/df4_sp.tab
A1BG@12	0	1000	0.0		/home/miguel/IBE-UPF/TFM/Master_projects/PhyloPhere/Data/6.CAAS_traitfiles/Ranked/df4_sp.tab
A1BG@13	25	1000	0.025	b_446,b_209,b_958,b_699,b_86,b_353,b_932,b_970,b_577,b_65,b_110,b_605,b_875,b_538,b_841,b_919,b_812,b_638,b_163,b_59,b_804,b_807,b_914,b_217,b_334	/home/miguel/IBE-UPF/TFM/Master_projects/PhyloPhere/Data/6.CAAS_traitfiles/Ranked/df4_sp.tab
A1BG@15	68	1000	0.068	b_710,b_667,b_317,b_510,b_549,b_574,b_515,b_312,b_615,b_908,b_86,b_415,b_790,b_883,b_45,b_243,b_77,b_787,b_136,b_284,b_250,b_688,b_949,b_110,b_97,b_396,b_891,b_645,b_51,b_47,b_694,b_992,b_167,b_894,b_890,b_29,b_526,b_628,b_462,b_806,b_40,b_82,b_841,b_95,b_751,b_273,b_734,b_94,b_475,b_926,b_361,b_147,b_861,b_976,b_129,b_151,b_697,b_274,b_700,b_703,b_796,b_366,b_78,b_917,b_52,b_139,b_202,b_115	/home/miguel/IBE-UPF/TFM/Master_projects/PhyloPhere/Data/6.CAAS_traitfiles/Ranked/df4_sp.tab
A1BG@16	0	1000	0.0		/home/miguel/IBE-UPF/TFM/Master_projects/PhyloPhere/Data/6.CAAS_traitfiles/Ranked/df4_sp.tab
A1BG@17	23	1000	0.023	b_545,b_578,b_574,b_123,b_647,b_609,b_448,b_351,b_71,b_645,b_85,b_666,b_670,b_188,b_475,b_801,b_153,b_703,b_414,b_139,b_254,b_43,b_780	/home/miguel/IBE-UPF/TFM/Master_projects/PhyloPhere/Data/6.CAAS_traitfiles/Ranked/df4_sp.tab
A1BG@18	0	1000	0.0		/home/miguel/IBE-UPF/TFM/Master_projects/PhyloPhere/Data/6.CAAS_traitfiles/Ranked/df4_sp.tab
A1BG@19	64	1000	0.064	b_725,b_719,b_265,b_935,b_34,b_880,b_10,b_388,b_453,b_140,b_844,b_699,b_680,b_325,b_86,b_353,b_989,b_589,b_392,b_636,b_385,b_373,b_485,b_367,b_932,b_970,b_577,b_335,b_363,b_65,b_633,b_481,b_743,b_484,b_735,b_244,b_605,b_875,b_903,b_135,b_841,b_997,b_919,b_993,b_812,b_240,b_451,b_376,b_7,b_38,b_807,b_665,b_663,b_913,b_217,b_67,b_21,b_610,b_810,b_948,b_962,b_165,b_334,b_780	/home/miguel/IBE-UPF/TFM/Master_projects/PhyloPhere/Data/6.CAAS_traitfiles/Ranked/df4_sp.tab
A1BG@20	0	1000	0.0		/home/miguel/IBE-UPF/TFM/Master_projects/PhyloPhere/Data/6.CAAS_traitfiles/Ranked/df4_sp.tab
A1BG@21	23	1000	0.023	b_710,b_172,b_767,b_549,b_608,b_324,b_908,b_104,b_790,b_243,b_134,b_556,b_564,b_110,b_992,b_167,b_894,b_806,b_697,b_796,b_208,b_139,b_718	/home/miguel/IBE-UPF/TFM/Master_projects/PhyloPhere/Data/6.CAAS_traitfiles/Ranked/df4_sp.tab
A1BG@22	0	1000	0.0		/home/miguel/IBE-UPF/TFM/Master_projects/PhyloPhere/Data/6.CAAS_traitfiles/Ranked/df4_sp.tab
A1BG@25	0	1000	0.0		/home/miguel/IBE-UPF/TFM/Master_projects/PhyloPhere/Data/6.CAAS_traitfiles/Ranked/df4_sp.tab
A1BG@27	0	1000	0.0		/home/miguel/IBE-UPF/TFM/Master_projects/PhyloPhere/Data/6.CAAS_traitfiles/Ranked/df4_sp.tab
A1BG@28	0	1000	0.0		/home/miguel/IBE-UPF/TFM/Master_projects/PhyloPhere/Data/6.CAAS_traitfiles/Ranked/df4_sp.tab
A1BG@29	24	1000	0.024	b_93,b_675,b_373,b_932,b_970,b_577,b_654,b_65,b_582,b_735,b_875,b_602,b_613,b_731,b_233,b_210,b_422,b_414,b_942,b_208,b_671,b_928,b_559,b_334	/home/miguel/IBE-UPF/TFM/Master_projects/PhyloPhere/Data/6.CAAS_traitfiles/Ranked/df4_sp.tab
A1BG@31	107	1000	0.107	b_725,b_710,b_667,b_317,b_510,b_549,b_34,b_574,b_880,b_10,b_388,b_515,b_140,b_312,b_615,b_699,b_908,b_680,b_86,b_415,b_790,b_883,b_45,b_243,b_353,b_589,b_77,b_392,b_787,b_385,b_373,b_485,b_136,b_284,b_250,b_932,b_970,b_577,b_688,b_335,b_949,b_65,b_110,b_97,b_362,b_396,b_481,b_743,b_484,b_891,b_645,b_735,b_51,b_244,b_605,b_875,b_47,b_694,b_992,b_167,b_894,b_135,b_890,b_29,b_526,b_628,b_462,b_806,b_40,b_82,b_841,b_997,b_95,b_919,b_751,b_273,b_734,b_94,b_812,b_475,b_638,b_926,b_361,b_376,b_147,b_861,b_976,b_129,b_151,b_697,b_274,b_807,b_700,b_703,b_217,b_796,b_366,b_78,b_917,b_21,b_52,b_810,b_139,b_202,b_948,b_115,b_334	/home/miguel/IBE-UPF/TFM/Master_projects/PhyloPhere/Data/6.CAAS_traitfiles/Ranked/df4_sp.tab
A1BG@32	0	1000	0.0		/home/miguel/IBE-UPF/TFM/Master_projects/PhyloPhere/Data/6.CAAS_traitfiles/Ranked/df4_sp.tab
A1BG@34	0	1000	0.0		/home/miguel/IBE-UPF/TFM/Master_projects/PhyloPhere/Data/6.CAAS_traitfiles/Ranked/df4_sp.tab
A1BG@36	0	1000	0.0		/home/miguel/IBE-UPF/TFM/Master_projects/PhyloPhere/Data/6.CAAS_traitfiles/Ranked/df4_sp.tab
A1BG@38	22	1000	0.022	b_545,b_578,b_574,b_123,b_647,b_941,b_609,b_448,b_351,b_71,b_85,b_666,b_444,b_670,b_188,b_475,b_703,b_414,b_962,b_254,b_43,b_780	/home/miguel/IBE-UPF/TFM/Master_projects/PhyloPhere/Data/6.CAAS_traitfiles/Ranked/df4_sp.tab
A1BG@40	0	1000	0.0		/home/miguel/IBE-UPF/TFM/Master_projects/PhyloPhere/Data/6.CAAS_traitfiles/Ranked/df4_sp.tab
A1BG@41	29	1000	0.029	b_545,b_578,b_574,b_896,b_991,b_123,b_647,b_941,b_609,b_448,b_351,b_978,b_71,b_85,b_666,b_444,b_670,b_167,b_188,b_95,b_595,b_475,b_703,b_333,b_414,b_962,b_254,b_43,b_780	/home/miguel/IBE-UPF/TFM/Master_projects/PhyloPhere/Data/6.CAAS_traitfiles/Ranked/df4_sp.tab
A1BG@42	0	1000	0.0		/home/miguel/IBE-UPF/TFM/Master_projects/PhyloPhere/Data/6.CAAS_traitfiles/Ranked/df4_sp.tab
A1BG@44	39	1000	0.039	b_545,b_578,b_574,b_991,b_93,b_123,b_647,b_513,b_3,b_941,b_609,b_213,b_448,b_368,b_351,b_71,b_468,b_85,b_666,b_444,b_670,b_500,b_188,b_404,b_382,b_475,b_638,b_703,b_333,b_687,b_210,b_414,b_909,b_962,b_943,b_254,b_43,b_194,b_780	/home/miguel/IBE-UPF/TFM/Master_projects/PhyloPhere/Data/6.CAAS_traitfiles/Ranked/df4_sp.tab
A1BG@45	0	1000	0.0		/home/miguel/IBE-UPF/TFM/Master_projects/PhyloPhere/Data/6.CAAS_traitfiles/Ranked/df4_sp.tab
A1BG@46	0	1000	0.0		/home/miguel/IBE-UPF/TFM/Master_projects/PhyloPhere/Data/6.CAAS_traitfiles/Ranked/df4_sp.tab
A1BG@48	0	1000	0.0		/home/miguel/IBE-UPF/TFM/Master_projects/PhyloPhere/Data/6.CAAS_traitfiles/Ranked/df4_sp.tab
A1BG@49	72	1000	0.072	b_725,b_719,b_265,b_935,b_34,b_880,b_10,b_388,b_453,b_140,b_844,b_304,b_699,b_680,b_325,b_86,b_353,b_989,b_589,b_392,b_222,b_636,b_385,b_373,b_485,b_367,b_932,b_185,b_970,b_577,b_335,b_363,b_459,b_65,b_633,b_481,b_743,b_484,b_735,b_244,b_605,b_875,b_1000,b_903,b_135,b_841,b_997,b_919,b_993,b_812,b_240,b_451,b_376,b_7,b_38,b_807,b_665,b_663,b_700,b_913,b_217,b_67,b_771,b_21,b_610,b_810,b_948,b_962,b_165,b_334,b_780,b_442	/home/miguel/IBE-UPF/TFM/Master_projects/PhyloPhere/Data/6.CAAS_traitfiles/Ranked/df4_sp.tab
A1BG@51	0	1000	0.0		/home/miguel/IBE-UPF/TFM/Master_projects/PhyloPhere/Data/6.CAAS_traitfiles/Ranked/df4_sp.tab
A1BG@52	0	1000	0.0		/home/miguel/IBE-UPF/TFM/Master_projects/PhyloPhere/Data/6.CAAS_traitfiles/Ranked/df4_sp.tab
A1BG@53	0	1000	0.0		/home/miguel/IBE-UPF/TFM/Master_projects/PhyloPhere/Data/6.CAAS_traitfiles/Ranked/df4_sp.tab
A1BG@57	0	1000	0.0		/home/miguel/IBE-UPF/TFM/Master_projects/PhyloPhere/Data/6.CAAS_traitfiles/Ranked/df4_sp.tab
A1BG@59	0	1000	0.0		/home/miguel/IBE-UPF/TFM/Master_projects/PhyloPhere/Data/6.CAAS_traitfiles/Ranked/df4_sp.tab
A1BG@61	0	1000	0.0		/home/miguel/IBE-UPF/TFM/Master_projects/PhyloPhere/Data/6.CAAS_traitfiles/Ranked/df4_sp.tab
A1BG@62	0	1000	0.0		/home/miguel/IBE-UPF/TFM/Master_projects/PhyloPhere/Data/6.CAAS_traitfiles/Ranked/df4_sp.tab
A1BG@63	17	1000	0.017	b_544,b_44,b_873,b_715,b_320,b_336,b_465,b_821,b_1000,b_497,b_804,b_261,b_67,b_771,b_166,b_272,b_447	/home/miguel/IBE-UPF/TFM/Master_projects/PhyloPhere/Data/6.CAAS_traitfiles/Ranked/df4_sp.tab
A1BG@65	22	1000	0.022	b_545,b_578,b_574,b_123,b_647,b_941,b_609,b_448,b_351,b_71,b_85,b_666,b_444,b_670,b_188,b_475,b_703,b_414,b_962,b_254,b_43,b_780	/home/miguel/IBE-UPF/TFM/Master_projects/PhyloPhere/Data/6.CAAS_traitfiles/Ranked/df4_sp.tab
A1BG@69	0	1000	0.0		/home/miguel/IBE-UPF/TFM/Master_projects/PhyloPhere/Data/6.CAAS_traitfiles/Ranked/df4_sp.tab
A1BG@71	0	1000	0.0		/home/miguel/IBE-UPF/TFM/Master_projects/PhyloPhere/Data/6.CAAS_traitfiles/Ranked/df4_sp.tab
A1BG@72	0	1000	0.0		/home/miguel/IBE-UPF/TFM/Master_projects/PhyloPhere/Data/6.CAAS_traitfiles/Ranked/df4_sp.tab
A1BG@73	51	1000	0.051	b_725,b_287,b_710,b_172,b_562,b_881,b_767,b_549,b_608,b_728,b_388,b_844,b_908,b_104,b_415,b_790,b_243,b_916,b_373,b_103,b_6,b_556,b_970,b_110,b_481,b_484,b_735,b_875,b_992,b_39,b_167,b_894,b_903,b_890,b_806,b_993,b_613,b_412,b_240,b_147,b_861,b_773,b_697,b_796,b_366,b_208,b_810,b_139,b_928,b_254,b_718	/home/miguel/IBE-UPF/TFM/Master_projects/PhyloPhere/Data/6.CAAS_traitfiles/Ranked/df4_sp.tab
A1BG@74	69	1000	0.069	b_710,b_667,b_317,b_510,b_549,b_574,b_728,b_515,b_312,b_615,b_908,b_86,b_415,b_790,b_883,b_45,b_243,b_77,b_787,b_136,b_284,b_250,b_688,b_949,b_110,b_97,b_396,b_891,b_645,b_51,b_47,b_694,b_992,b_167,b_894,b_890,b_29,b_526,b_628,b_462,b_806,b_40,b_82,b_841,b_95,b_751,b_273,b_734,b_94,b_475,b_361,b_926,b_147,b_861,b_976,b_129,b_151,b_697,b_274,b_700,b_703,b_796,b_366,b_78,b_917,b_52,b_139,b_202,b_115	/home/miguel/IBE-UPF/TFM/Master_projects/PhyloPhere/Data/6.CAAS_traitfiles/Ranked/df4_sp.tab
A1BG@75	2	1000	0.002	b_175,b_516	/home/miguel/IBE-UPF/TFM/Master_projects/PhyloPhere/Data/6.CAAS_traitfiles/Ranked/df4_sp.tab
A1BG@77	0	1000	0.0		/home/miguel/IBE-UPF/TFM/Master_projects/PhyloPhere/Data/6.CAAS_traitfiles/Ranked/df4_sp.tab
A1BG@78	16	1000	0.016	b_353,b_920,b_923,b_134,b_932,b_577,b_875,b_47,b_538,b_919,b_812,b_450,b_674,b_52,b_899,b_334	/home/miguel/IBE-UPF/TFM/Master_projects/PhyloPhere/Data/6.CAAS_traitfiles/Ranked/df4_sp.tab
A1BG@81	147	1000	0.147	b_725,b_710,b_667,b_545,b_317,b_510,b_719,b_265,b_935,b_578,b_549,b_34,b_574,b_880,b_10,b_388,b_515,b_453,b_140,b_312,b_123,b_844,b_615,b_699,b_908,b_680,b_325,b_86,b_415,b_647,b_790,b_883,b_45,b_243,b_353,b_989,b_589,b_77,b_941,b_609,b_392,b_636,b_787,b_385,b_373,b_485,b_367,b_448,b_136,b_284,b_250,b_932,b_970,b_577,b_688,b_351,b_335,b_949,b_363,b_65,b_110,b_97,b_633,b_396,b_481,b_743,b_484,b_71,b_891,b_645,b_735,b_51,b_85,b_244,b_605,b_875,b_47,b_694,b_666,b_992,b_444,b_670,b_167,b_894,b_903,b_135,b_890,b_29,b_526,b_628,b_462,b_806,b_40,b_82,b_841,b_997,b_188,b_95,b_919,b_751,b_273,b_993,b_734,b_94,b_812,b_475,b_240,b_926,b_361,b_451,b_376,b_147,b_861,b_976,b_129,b_7,b_38,b_151,b_697,b_274,b_807,b_665,b_663,b_700,b_703,b_913,b_217,b_796,b_67,b_366,b_414,b_78,b_917,b_21,b_610,b_52,b_810,b_139,b_202,b_948,b_962,b_115,b_165,b_254,b_43,b_334,b_780	/home/miguel/IBE-UPF/TFM/Master_projects/PhyloPhere/Data/6.CAAS_traitfiles/Ranked/df4_sp.tab
A1BG@83	22	1000	0.022	b_545,b_578,b_574,b_123,b_647,b_941,b_609,b_448,b_351,b_71,b_85,b_666,b_444,b_670,b_188,b_475,b_703,b_414,b_962,b_254,b_43,b_780	/home/miguel/IBE-UPF/TFM/Master_projects/PhyloPhere/Data/6.CAAS_traitfiles/Ranked/df4_sp.tab
A1BG@85	22	1000	0.022	b_545,b_578,b_574,b_123,b_647,b_941,b_609,b_448,b_351,b_71,b_85,b_666,b_444,b_670,b_188,b_475,b_703,b_414,b_962,b_254,b_43,b_780	/home/miguel/IBE-UPF/TFM/Master_projects/PhyloPhere/Data/6.CAAS_traitfiles/Ranked/df4_sp.tab
A1BG@86	0	1000	0.0		/home/miguel/IBE-UPF/TFM/Master_projects/PhyloPhere/Data/6.CAAS_traitfiles/Ranked/df4_sp.tab
A1BG@88	0	1000	0.0		/home/miguel/IBE-UPF/TFM/Master_projects/PhyloPhere/Data/6.CAAS_traitfiles/Ranked/df4_sp.tab
A1BG@89	0	1000	0.0		/home/miguel/IBE-UPF/TFM/Master_projects/PhyloPhere/Data/6.CAAS_traitfiles/Ranked/df4_sp.tab
A1BG@90	0	1000	0.0		/home/miguel/IBE-UPF/TFM/Master_projects/PhyloPhere/Data/6.CAAS_traitfiles/Ranked/df4_sp.tab
A1BG@91	0	1000	0.0		/home/miguel/IBE-UPF/TFM/Master_projects/PhyloPhere/Data/6.CAAS_traitfiles/Ranked/df4_sp.tab
A1BG@93	29	1000	0.029	b_411,b_197,b_699,b_104,b_130,b_566,b_184,b_392,b_11,b_401,b_782,b_533,b_738,b_244,b_605,b_226,b_101,b_919,b_659,b_262,b_595,b_418,b_260,b_540,b_809,b_251,b_429,b_962,b_780	/home/miguel/IBE-UPF/TFM/Master_projects/PhyloPhere/Data/6.CAAS_traitfiles/Ranked/df4_sp.tab
A1BG@95	0	1000	0.0		/home/miguel/IBE-UPF/TFM/Master_projects/PhyloPhere/Data/6.CAAS_traitfiles/Ranked/df4_sp.tab
A1BG@97	0	1000	0.0		/home/miguel/IBE-UPF/TFM/Master_projects/PhyloPhere/Data/6.CAAS_traitfiles/Ranked/df4_sp.tab
A1BG@98	111	1000	0.111	b_750,b_710,b_667,b_317,b_510,b_935,b_265,b_549,b_574,b_388,b_515,b_453,b_312,b_844,b_615,b_699,b_908,b_325,b_86,b_415,b_790,b_883,b_45,b_243,b_353,b_589,b_77,b_636,b_392,b_787,b_373,b_136,b_284,b_250,b_932,b_970,b_577,b_688,b_335,b_949,b_363,b_65,b_110,b_97,b_633,b_396,b_481,b_84,b_305,b_891,b_735,b_645,b_51,b_244,b_605,b_875,b_47,b_694,b_992,b_167,b_894,b_135,b_890,b_29,b_526,b_628,b_462,b_806,b_40,b_82,b_841,b_188,b_919,b_95,b_751,b_273,b_734,b_94,b_812,b_475,b_240,b_926,b_361,b_147,b_861,b_976,b_129,b_7,b_38,b_151,b_697,b_274,b_807,b_663,b_700,b_703,b_796,b_366,b_551,b_78,b_917,b_21,b_610,b_52,b_139,b_202,b_962,b_115,b_165,b_334,b_780	/home/miguel/IBE-UPF/TFM/Master_projects/PhyloPhere/Data/6.CAAS_traitfiles/Ranked/df4_sp.tab
A1BG@99	147	1000	0.147	b_725,b_710,b_667,b_545,b_317,b_510,b_719,b_265,b_935,b_578,b_549,b_34,b_574,b_880,b_10,b_388,b_515,b_453,b_140,b_312,b_123,b_844,b_615,b_699,b_908,b_680,b_325,b_86,b_415,b_647,b_790,b_883,b_45,b_243,b_353,b_989,b_589,b_77,b_941,b_609,b_392,b_636,b_787,b_385,b_373,b_485,b_367,b_448,b_136,b_284,b_250,b_932,b_970,b_577,b_688,b_351,b_335,b_949,b_363,b_65,b_110,b_97,b_633,b_396,b_481,b_743,b_484,b_71,b_891,b_645,b_735,b_51,b_85,b_244,b_605,b_875,b_47,b_694,b_666,b_992,b_444,b_670,b_167,b_894,b_903,b_135,b_890,b_29,b_526,b_628,b_462,b_806,b_40,b_82,b_841,b_997,b_188,b_95,b_919,b_751,b_273,b_993,b_734,b_94,b_812,b_475,b_240,b_926,b_361,b_451,b_376,b_147,b_861,b_976,b_129,b_7,b_38,b_151,b_697,b_274,b_807,b_665,b_663,b_700,b_703,b_913,b_217,b_796,b_67,b_366,b_414,b_78,b_917,b_21,b_610,b_52,b_810,b_139,b_202,b_948,b_962,b_115,b_165,b_254,b_43,b_334,b_780	/home/miguel/IBE-UPF/TFM/Master_projects/PhyloPhere/Data/6.CAAS_traitfiles/Ranked/df4_sp.tab
A1BG@104	0	1000	0.0		/home/miguel/IBE-UPF/TFM/Master_projects/PhyloPhere/Data/6.CAAS_traitfiles/Ranked/df4_sp.tab
A1BG@106	0	1000	0.0		/home/miguel/IBE-UPF/TFM/Master_projects/PhyloPhere/Data/6.CAAS_traitfiles/Ranked/df4_sp.tab
A1BG@110	22	1000	0.022	b_545,b_578,b_574,b_123,b_647,b_941,b_609,b_448,b_351,b_71,b_85,b_666,b_444,b_670,b_188,b_475,b_703,b_414,b_962,b_254,b_43,b_780	/home/miguel/IBE-UPF/TFM/Master_projects/PhyloPhere/Data/6.CAAS_traitfiles/Ranked/df4_sp.tab
A1BG@112	22	1000	0.022	b_545,b_578,b_574,b_123,b_647,b_941,b_609,b_448,b_351,b_71,b_85,b_666,b_444,b_670,b_188,b_475,b_703,b_414,b_962,b_254,b_43,b_780	/home/miguel/IBE-UPF/TFM/Master_projects/PhyloPhere/Data/6.CAAS_traitfiles/Ranked/df4_sp.tab
A1BG@115	9	1000	0.009	b_578,b_574,b_609,b_351,b_666,b_188,b_703,b_962,b_43	/home/miguel/IBE-UPF/TFM/Master_projects/PhyloPhere/Data/6.CAAS_traitfiles/Ranked/df4_sp.tab
A1BG@117	0	1000	0.0		/home/miguel/IBE-UPF/TFM/Master_projects/PhyloPhere/Data/6.CAAS_traitfiles/Ranked/df4_sp.tab
A1BG@119	16	1000	0.016	b_881,b_388,b_513,b_3,b_609,b_367,b_481,b_903,b_57,b_382,b_412,b_240,b_962,b_726,b_254,b_43	/home/miguel/IBE-UPF/TFM/Master_projects/PhyloPhere/Data/6.CAAS_traitfiles/Ranked/df4_sp.tab
A1BG@120	0	1000	0.0		/home/miguel/IBE-UPF/TFM/Master_projects/PhyloPhere/Data/6.CAAS_traitfiles/Ranked/df4_sp.tab
A1BG@121	0	1000	0.0		/home/miguel/IBE-UPF/TFM/Master_projects/PhyloPhere/Data/6.CAAS_traitfiles/Ranked/df4_sp.tab
A1BG@126	0	1000	0.0		/home/miguel/IBE-UPF/TFM/Master_projects/PhyloPhere/Data/6.CAAS_traitfiles/Ranked/df4_sp.tab
A1BG@127	0	1000	0.0		/home/miguel/IBE-UPF/TFM/Master_projects/PhyloPhere/Data/6.CAAS_traitfiles/Ranked/df4_sp.tab
A1BG@128	0	1000	0.0		/home/miguel/IBE-UPF/TFM/Master_projects/PhyloPhere/Data/6.CAAS_traitfiles/Ranked/df4_sp.tab
A1BG@130	0	1000	0.0		/home/miguel/IBE-UPF/TFM/Master_projects/PhyloPhere/Data/6.CAAS_traitfiles/Ranked/df4_sp.tab
A1BG@131	23	1000	0.023	b_545,b_578,b_574,b_123,b_941,b_609,b_338,b_448,b_351,b_371,b_71,b_255,b_85,b_666,b_444,b_670,b_685,b_475,b_703,b_414,b_962,b_254,b_43	/home/miguel/IBE-UPF/TFM/Master_projects/PhyloPhere/Data/6.CAAS_traitfiles/Ranked/df4_sp.tab
A1BG@132	0	1000	0.0		/home/miguel/IBE-UPF/TFM/Master_projects/PhyloPhere/Data/6.CAAS_traitfiles/Ranked/df4_sp.tab
A1BG@133	0	1000	0.0		/home/miguel/IBE-UPF/TFM/Master_projects/PhyloPhere/Data/6.CAAS_traitfiles/Ranked/df4_sp.tab
A1BG@136	47	1000	0.047	b_190,b_840,b_112,b_857,b_541,b_411,b_197,b_508,b_104,b_466,b_443,b_184,b_941,b_609,b_392,b_171,b_882,b_782,b_586,b_417,b_341,b_978,b_533,b_71,b_738,b_244,b_876,b_182,b_670,b_167,b_226,b_538,b_822,b_49,b_262,b_595,b_38,b_651,b_221,b_333,b_414,b_809,b_251,b_429,b_447,b_962,b_780	/home/miguel/IBE-UPF/TFM/Master_projects/PhyloPhere/Data/6.CAAS_traitfiles/Ranked/df4_sp.tab
A1BG@137	120	1000	0.12	b_886,b_710,b_648,b_667,b_545,b_317,b_510,b_265,b_578,b_549,b_263,b_574,b_10,b_312,b_123,b_844,b_615,b_699,b_908,b_325,b_512,b_86,b_415,b_647,b_790,b_45,b_243,b_353,b_77,b_941,b_609,b_392,b_701,b_636,b_787,b_385,b_373,b_448,b_136,b_284,b_250,b_932,b_970,b_577,b_688,b_351,b_949,b_65,b_110,b_396,b_852,b_743,b_71,b_891,b_645,b_735,b_255,b_85,b_244,b_605,b_875,b_47,b_694,b_666,b_992,b_444,b_256,b_670,b_903,b_890,b_29,b_526,b_628,b_462,b_806,b_40,b_82,b_841,b_188,b_919,b_751,b_273,b_993,b_734,b_94,b_812,b_475,b_240,b_926,b_361,b_451,b_376,b_560,b_147,b_861,b_976,b_129,b_7,b_998,b_151,b_274,b_807,b_665,b_663,b_700,b_703,b_217,b_796,b_414,b_78,b_917,b_52,b_139,b_202,b_962,b_115,b_254,b_43,b_334,b_780	/home/miguel/IBE-UPF/TFM/Master_projects/PhyloPhere/Data/6.CAAS_traitfiles/Ranked/df4_sp.tab
A1BG@138	11	1000	0.011	b_545,b_578,b_574,b_647,b_941,b_71,b_670,b_475,b_414,b_43,b_780	/home/miguel/IBE-UPF/TFM/Master_projects/PhyloPhere/Data/6.CAAS_traitfiles/Ranked/df4_sp.tab
A1BG@139	0	1000	0.0		/home/miguel/IBE-UPF/TFM/Master_projects/PhyloPhere/Data/6.CAAS_traitfiles/Ranked/df4_sp.tab
A1BG@140	22	1000	0.022	b_545,b_578,b_574,b_123,b_647,b_941,b_609,b_448,b_351,b_71,b_85,b_666,b_444,b_670,b_188,b_475,b_703,b_414,b_962,b_254,b_43,b_780	/home/miguel/IBE-UPF/TFM/Master_projects/PhyloPhere/Data/6.CAAS_traitfiles/Ranked/df4_sp.tab
A1BG@141	0	1000	0.0		/home/miguel/IBE-UPF/TFM/Master_projects/PhyloPhere/Data/6.CAAS_traitfiles/Ranked/df4_sp.tab
A1BG@142	24	1000	0.024	b_265,b_935,b_44,b_880,b_324,b_453,b_571,b_626,b_763,b_768,b_484,b_451,b_7,b_59,b_271,b_449,b_982,b_217,b_131,b_441,b_986,b_671,b_528,b_157	/home/miguel/IBE-UPF/TFM/Master_projects/PhyloPhere/Data/6.CAAS_traitfiles/Ranked/df4_sp.tab
A1BG@143	0	1000	0.0		/home/miguel/IBE-UPF/TFM/Master_projects/PhyloPhere/Data/6.CAAS_traitfiles/Ranked/df4_sp.tab
A1BG@144	0	1000	0.0		/home/miguel/IBE-UPF/TFM/Master_projects/PhyloPhere/Data/6.CAAS_traitfiles/Ranked/df4_sp.tab
A1BG@146	24	1000	0.024	b_710,b_172,b_767,b_549,b_608,b_324,b_908,b_104,b_790,b_243,b_134,b_784,b_556,b_564,b_110,b_992,b_167,b_894,b_806,b_697,b_796,b_208,b_139,b_718	/home/miguel/IBE-UPF/TFM/Master_projects/PhyloPhere/Data/6.CAAS_traitfiles/Ranked/df4_sp.tab
A1BG@148	0	1000	0.0		/home/miguel/IBE-UPF/TFM/Master_projects/PhyloPhere/Data/6.CAAS_traitfiles/Ranked/df4_sp.tab
A1BG@149	0	1000	0.0		/home/miguel/IBE-UPF/TFM/Master_projects/PhyloPhere/Data/6.CAAS_traitfiles/Ranked/df4_sp.tab
A1BG@151	33	1000	0.033	b_545,b_34,b_54,b_596,b_387,b_10,b_411,b_680,b_626,b_882,b_715,b_351,b_714,b_782,b_533,b_244,b_666,b_226,b_1000,b_57,b_375,b_812,b_793,b_501,b_59,b_771,b_414,b_21,b_116,b_429,b_350,b_235,b_254	/home/miguel/IBE-UPF/TFM/Master_projects/PhyloPhere/Data/6.CAAS_traitfiles/Ranked/df4_sp.tab
A1BG@152	0	1000	0.0		/home/miguel/IBE-UPF/TFM/Master_projects/PhyloPhere/Data/6.CAAS_traitfiles/Ranked/df4_sp.tab
A1BG@154	22	1000	0.022	b_545,b_578,b_574,b_123,b_647,b_941,b_609,b_448,b_351,b_71,b_85,b_666,b_444,b_670,b_188,b_475,b_703,b_414,b_962,b_254,b_43,b_780	/home/miguel/IBE-UPF/TFM/Master_projects/PhyloPhere/Data/6.CAAS_traitfiles/Ranked/df4_sp.tab
A1BG@158	0	1000	0.0		/home/miguel/IBE-UPF/TFM/Master_projects/PhyloPhere/Data/6.CAAS_traitfiles/Ranked/df4_sp.tab
A1BG@160	64	1000	0.064	b_725,b_719,b_265,b_935,b_34,b_880,b_10,b_388,b_453,b_140,b_844,b_699,b_680,b_325,b_86,b_353,b_989,b_589,b_392,b_636,b_385,b_373,b_485,b_367,b_932,b_970,b_577,b_335,b_363,b_65,b_633,b_481,b_743,b_484,b_735,b_244,b_605,b_875,b_903,b_135,b_841,b_997,b_919,b_993,b_812,b_240,b_451,b_376,b_7,b_38,b_807,b_665,b_663,b_913,b_217,b_67,b_21,b_610,b_810,b_948,b_962,b_165,b_334,b_780	/home/miguel/IBE-UPF/TFM/Master_projects/PhyloPhere/Data/6.CAAS_traitfiles/Ranked/df4_sp.tab
A1BG@161	0	1000	0.0		/home/miguel/IBE-UPF/TFM/Master_projects/PhyloPhere/Data/6.CAAS_traitfiles/Ranked/df4_sp.tab
A1BG@162	0	1000	0.0		/home/miguel/IBE-UPF/TFM/Master_projects/PhyloPhere/Data/6.CAAS_traitfiles/Ranked/df4_sp.tab
A1BG@163	47	1000	0.047	b_886,b_545,b_112,b_574,b_123,b_411,b_197,b_647,b_452,b_941,b_609,b_392,b_171,b_882,b_811,b_351,b_517,b_782,b_815,b_533,b_592,b_71,b_468,b_738,b_85,b_244,b_666,b_876,b_182,b_670,b_226,b_822,b_500,b_188,b_404,b_262,b_475,b_144,b_861,b_651,b_703,b_414,b_251,b_429,b_447,b_254,b_43	/home/miguel/IBE-UPF/TFM/Master_projects/PhyloPhere/Data/6.CAAS_traitfiles/Ranked/df4_sp.tab
A1BG@164	0	1000	0.0		/home/miguel/IBE-UPF/TFM/Master_projects/PhyloPhere/Data/6.CAAS_traitfiles/Ranked/df4_sp.tab
A1BG@166	37	1000	0.037	b_545,b_578,b_263,b_574,b_698,b_123,b_489,b_415,b_941,b_609,b_50,b_338,b_681,b_351,b_141,b_371,b_71,b_772,b_891,b_199,b_255,b_85,b_158,b_666,b_444,b_29,b_685,b_475,b_926,b_801,b_480,b_703,b_22,b_414,b_52,b_115,b_43	/home/miguel/IBE-UPF/TFM/Master_projects/PhyloPhere/Data/6.CAAS_traitfiles/Ranked/df4_sp.tab
A1BG@167	72	1000	0.072	b_710,b_667,b_317,b_510,b_549,b_574,b_515,b_312,b_615,b_908,b_86,b_415,b_790,b_883,b_45,b_243,b_77,b_787,b_915,b_111,b_136,b_284,b_250,b_688,b_949,b_110,b_97,b_396,b_891,b_645,b_51,b_47,b_694,b_992,b_246,b_167,b_894,b_890,b_29,b_526,b_628,b_462,b_806,b_40,b_82,b_841,b_95,b_751,b_273,b_734,b_94,b_475,b_926,b_361,b_147,b_861,b_976,b_129,b_151,b_697,b_274,b_700,b_703,b_796,b_333,b_366,b_78,b_917,b_52,b_139,b_202,b_115	/home/miguel/IBE-UPF/TFM/Master_projects/PhyloPhere/Data/6.CAAS_traitfiles/Ranked/df4_sp.tab
A1BG@169	0	1000	0.0		/home/miguel/IBE-UPF/TFM/Master_projects/PhyloPhere/Data/6.CAAS_traitfiles/Ranked/df4_sp.tab
A1BG@172	65	1000	0.065	b_725,b_719,b_265,b_935,b_34,b_880,b_10,b_388,b_453,b_140,b_844,b_699,b_680,b_325,b_86,b_353,b_989,b_589,b_392,b_636,b_385,b_373,b_485,b_367,b_932,b_970,b_577,b_335,b_363,b_65,b_633,b_481,b_743,b_484,b_735,b_244,b_605,b_875,b_903,b_135,b_841,b_997,b_919,b_993,b_812,b_240,b_638,b_451,b_376,b_7,b_38,b_807,b_665,b_663,b_913,b_217,b_67,b_21,b_610,b_810,b_948,b_962,b_165,b_334,b_780	/home/miguel/IBE-UPF/TFM/Master_projects/PhyloPhere/Data/6.CAAS_traitfiles/Ranked/df4_sp.tab
A1BG@173	0	1000	0.0		/home/miguel/IBE-UPF/TFM/Master_projects/PhyloPhere/Data/6.CAAS_traitfiles/Ranked/df4_sp.tab
A1BG@175	32	1000	0.032	b_584,b_710,b_172,b_767,b_549,b_608,b_844,b_908,b_415,b_790,b_243,b_677,b_701,b_15,b_556,b_110,b_175,b_359,b_852,b_255,b_992,b_256,b_890,b_806,b_412,b_147,b_861,b_796,b_208,b_139,b_215,b_718	/home/miguel/IBE-UPF/TFM/Master_projects/PhyloPhere/Data/6.CAAS_traitfiles/Ranked/df4_sp.tab
A1BG@176	0	1000	0.0		/home/miguel/IBE-UPF/TFM/Master_projects/PhyloPhere/Data/6.CAAS_traitfiles/Ranked/df4_sp.tab
A1BG@177	41	1000	0.041	b_870,b_667,b_549,b_574,b_515,b_489,b_883,b_45,b_338,b_250,b_431,b_110,b_695,b_978,b_891,b_645,b_51,b_47,b_238,b_890,b_82,b_257,b_311,b_404,b_685,b_94,b_361,b_520,b_861,b_19,b_129,b_151,b_697,b_267,b_274,b_137,b_366,b_78,b_52,b_139,b_899	/home/miguel/IBE-UPF/TFM/Master_projects/PhyloPhere/Data/6.CAAS_traitfiles/Ranked/df4_sp.tab
A1BG@178	0	1000	0.0		/home/miguel/IBE-UPF/TFM/Master_projects/PhyloPhere/Data/6.CAAS_traitfiles/Ranked/df4_sp.tab
A1BG@181	1	1000	0.001	b_288	/home/miguel/IBE-UPF/TFM/Master_projects/PhyloPhere/Data/6.CAAS_traitfiles/Ranked/df4_sp.tab
A1BG@184	0	1000	0.0		/home/miguel/IBE-UPF/TFM/Master_projects/PhyloPhere/Data/6.CAAS_traitfiles/Ranked/df4_sp.tab
A1BG@186	23	1000	0.023	b_54,b_387,b_504,b_705,b_860,b_727,b_618,b_695,b_125,b_598,b_821,b_24,b_61,b_980,b_856,b_14,b_163,b_497,b_824,b_791,b_829,b_447,b_360	/home/miguel/IBE-UPF/TFM/Master_projects/PhyloPhere/Data/6.CAAS_traitfiles/Ranked/df4_sp.tab
A1BG@188	84	1000	0.084	b_348,b_579,b_710,b_218,b_667,b_317,b_510,b_739,b_549,b_574,b_515,b_312,b_36,b_615,b_908,b_86,b_415,b_790,b_883,b_45,b_26,b_243,b_77,b_787,b_668,b_136,b_284,b_250,b_688,b_635,b_119,b_949,b_110,b_97,b_83,b_396,b_891,b_720,b_645,b_817,b_51,b_47,b_694,b_922,b_992,b_167,b_894,b_890,b_805,b_29,b_526,b_628,b_462,b_806,b_40,b_82,b_841,b_95,b_751,b_273,b_734,b_94,b_412,b_475,b_926,b_361,b_147,b_861,b_976,b_129,b_151,b_697,b_274,b_700,b_703,b_796,b_366,b_570,b_78,b_917,b_52,b_139,b_202,b_115	/home/miguel/IBE-UPF/TFM/Master_projects/PhyloPhere/Data/6.CAAS_traitfiles/Ranked/df4_sp.tab
A1BG@189	130	1000	0.13	b_725,b_710,b_667,b_317,b_510,b_719,b_265,b_935,b_549,b_34,b_574,b_880,b_10,b_388,b_515,b_453,b_140,b_312,b_844,b_615,b_699,b_908,b_680,b_325,b_86,b_415,b_790,b_883,b_45,b_243,b_353,b_989,b_589,b_77,b_392,b_636,b_787,b_385,b_373,b_485,b_367,b_136,b_284,b_250,b_932,b_970,b_577,b_688,b_335,b_949,b_363,b_65,b_110,b_97,b_633,b_396,b_481,b_743,b_484,b_891,b_645,b_735,b_51,b_244,b_605,b_875,b_47,b_694,b_992,b_167,b_894,b_903,b_135,b_890,b_29,b_526,b_628,b_462,b_806,b_40,b_82,b_841,b_997,b_95,b_919,b_751,b_273,b_993,b_734,b_94,b_812,b_475,b_240,b_926,b_361,b_451,b_376,b_147,b_861,b_976,b_129,b_7,b_38,b_151,b_697,b_274,b_807,b_665,b_663,b_700,b_703,b_913,b_217,b_796,b_67,b_366,b_78,b_917,b_21,b_610,b_52,b_810,b_139,b_202,b_948,b_962,b_115,b_165,b_334,b_780	/home/miguel/IBE-UPF/TFM/Master_projects/PhyloPhere/Data/6.CAAS_traitfiles/Ranked/df4_sp.tab
A1BG@190	37	1000	0.037	b_172,b_446,b_209,b_880,b_958,b_438,b_304,b_86,b_353,b_222,b_932,b_970,b_335,b_459,b_65,b_110,b_141,b_145,b_605,b_894,b_490,b_900,b_841,b_638,b_163,b_59,b_804,b_274,b_807,b_700,b_154,b_914,b_319,b_771,b_78,b_88,b_442	/home/miguel/IBE-UPF/TFM/Master_projects/PhyloPhere/Data/6.CAAS_traitfiles/Ranked/df4_sp.tab
A1BG@191	52	1000	0.052	b_870,b_667,b_549,b_574,b_515,b_355,b_908,b_86,b_883,b_45,b_787,b_250,b_688,b_110,b_97,b_100,b_396,b_145,b_891,b_645,b_426,b_51,b_28,b_47,b_2,b_694,b_800,b_894,b_890,b_628,b_82,b_186,b_841,b_94,b_361,b_520,b_147,b_861,b_640,b_129,b_151,b_697,b_274,b_804,b_345,b_700,b_796,b_366,b_78,b_917,b_52,b_139	/home/miguel/IBE-UPF/TFM/Master_projects/PhyloPhere/Data/6.CAAS_traitfiles/Ranked/df4_sp.tab
A1BG@192	0	1000	0.0		/home/miguel/IBE-UPF/TFM/Master_projects/PhyloPhere/Data/6.CAAS_traitfiles/Ranked/df4_sp.tab
A1BG@193	0	1000	0.0		/home/miguel/IBE-UPF/TFM/Master_projects/PhyloPhere/Data/6.CAAS_traitfiles/Ranked/df4_sp.tab
A1BG@194	42	1000	0.042	b_584,b_348,b_287,b_579,b_218,b_562,b_317,b_767,b_549,b_971,b_686,b_774,b_388,b_844,b_36,b_26,b_243,b_916,b_677,b_385,b_705,b_668,b_284,b_6,b_970,b_635,b_616,b_735,b_890,b_805,b_841,b_412,b_828,b_461,b_773,b_649,b_697,b_208,b_21,b_928,b_921,b_718	/home/miguel/IBE-UPF/TFM/Master_projects/PhyloPhere/Data/6.CAAS_traitfiles/Ranked/df4_sp.tab
A1BG@195	31	1000	0.031	b_840,b_545,b_578,b_574,b_123,b_512,b_647,b_941,b_609,b_701,b_915,b_448,b_839,b_351,b_585,b_417,b_341,b_71,b_85,b_666,b_444,b_670,b_188,b_475,b_454,b_703,b_414,b_962,b_254,b_43,b_780	/home/miguel/IBE-UPF/TFM/Master_projects/PhyloPhere/Data/6.CAAS_traitfiles/Ranked/df4_sp.tab
A1BG@196	0	1000	0.0		/home/miguel/IBE-UPF/TFM/Master_projects/PhyloPhere/Data/6.CAAS_traitfiles/Ranked/df4_sp.tab
A1BG@197	0	1000	0.0		/home/miguel/IBE-UPF/TFM/Master_projects/PhyloPhere/Data/6.CAAS_traitfiles/Ranked/df4_sp.tab
A1BG@198	11	1000	0.011	b_438,b_695,b_359,b_749,b_616,b_605,b_490,b_900,b_349,b_921,b_249	/home/miguel/IBE-UPF/TFM/Master_projects/PhyloPhere/Data/6.CAAS_traitfiles/Ranked/df4_sp.tab
A1BG@201	88	1000	0.088	b_725,b_710,b_545,b_719,b_265,b_935,b_578,b_34,b_574,b_880,b_10,b_388,b_453,b_140,b_844,b_699,b_680,b_325,b_647,b_571,b_513,b_281,b_243,b_989,b_622,b_589,b_609,b_787,b_385,b_373,b_485,b_367,b_448,b_284,b_6,b_932,b_970,b_577,b_688,b_351,b_335,b_65,b_633,b_481,b_743,b_484,b_735,b_85,b_244,b_605,b_875,b_903,b_57,b_639,b_841,b_997,b_188,b_273,b_993,b_138,b_812,b_240,b_451,b_376,b_7,b_38,b_274,b_449,b_665,b_663,b_700,b_703,b_913,b_217,b_67,b_942,b_208,b_21,b_52,b_810,b_116,b_962,b_943,b_726,b_165,b_254,b_334,b_780	/home/miguel/IBE-UPF/TFM/Master_projects/PhyloPhere/Data/6.CAAS_traitfiles/Ranked/df4_sp.tab
A1BG@202	6	1000	0.006	b_941,b_533,b_71,b_188,b_38,b_414	/home/miguel/IBE-UPF/TFM/Master_projects/PhyloPhere/Data/6.CAAS_traitfiles/Ranked/df4_sp.tab
A1BG@203	22	1000	0.022	b_536,b_578,b_574,b_489,b_415,b_609,b_50,b_338,b_681,b_371,b_891,b_199,b_645,b_255,b_158,b_433,b_29,b_974,b_634,b_703,b_115,b_43	/home/miguel/IBE-UPF/TFM/Master_projects/PhyloPhere/Data/6.CAAS_traitfiles/Ranked/df4_sp.tab
A1BG@205	50	1000	0.05	b_725,b_719,b_880,b_10,b_388,b_453,b_140,b_844,b_680,b_325,b_86,b_353,b_989,b_589,b_392,b_636,b_385,b_373,b_485,b_932,b_970,b_577,b_633,b_481,b_743,b_484,b_735,b_875,b_903,b_135,b_841,b_997,b_919,b_993,b_812,b_329,b_240,b_376,b_7,b_38,b_697,b_665,b_663,b_217,b_21,b_810,b_948,b_165,b_334,b_780	/home/miguel/IBE-UPF/TFM/Master_projects/PhyloPhere/Data/6.CAAS_traitfiles/Ranked/df4_sp.tab
A1BG@206	47	1000	0.047	b_8,b_265,b_578,b_34,b_880,b_10,b_453,b_140,b_123,b_680,b_571,b_281,b_626,b_531,b_373,b_448,b_6,b_577,b_351,b_335,b_502,b_484,b_582,b_735,b_85,b_114,b_968,b_444,b_57,b_646,b_993,b_138,b_613,b_451,b_376,b_501,b_731,b_7,b_913,b_217,b_131,b_942,b_206,b_116,b_671,b_962,b_780	/home/miguel/IBE-UPF/TFM/Master_projects/PhyloPhere/Data/6.CAAS_traitfiles/Ranked/df4_sp.tab
A1BG@208	0	1000	0.0		/home/miguel/IBE-UPF/TFM/Master_projects/PhyloPhere/Data/6.CAAS_traitfiles/Ranked/df4_sp.tab
A1BG@212	0	1000	0.0		/home/miguel/IBE-UPF/TFM/Master_projects/PhyloPhere/Data/6.CAAS_traitfiles/Ranked/df4_sp.tab
A1BG@215	29	1000	0.029	b_710,b_172,b_446,b_767,b_549,b_608,b_908,b_104,b_415,b_790,b_243,b_556,b_970,b_110,b_992,b_167,b_894,b_890,b_806,b_147,b_861,b_59,b_697,b_804,b_796,b_366,b_208,b_139,b_718	/home/miguel/IBE-UPF/TFM/Master_projects/PhyloPhere/Data/6.CAAS_traitfiles/Ranked/df4_sp.tab
A1BG@219	0	1000	0.0		/home/miguel/IBE-UPF/TFM/Master_projects/PhyloPhere/Data/6.CAAS_traitfiles/Ranked/df4_sp.tab
A1BG@220	0	1000	0.0		/home/miguel/IBE-UPF/TFM/Master_projects/PhyloPhere/Data/6.CAAS_traitfiles/Ranked/df4_sp.tab
A1BG@221	0	1000	0.0		/home/miguel/IBE-UPF/TFM/Master_projects/PhyloPhere/Data/6.CAAS_traitfiles/Ranked/df4_sp.tab
A1BG@222	0	1000	0.0		/home/miguel/IBE-UPF/TFM/Master_projects/PhyloPhere/Data/6.CAAS_traitfiles/Ranked/df4_sp.tab
A1BG@223	0	1000	0.0		/home/miguel/IBE-UPF/TFM/Master_projects/PhyloPhere/Data/6.CAAS_traitfiles/Ranked/df4_sp.tab
A1BG@226	0	1000	0.0		/home/miguel/IBE-UPF/TFM/Master_projects/PhyloPhere/Data/6.CAAS_traitfiles/Ranked/df4_sp.tab
A1BG@228	0	1000	0.0		/home/miguel/IBE-UPF/TFM/Master_projects/PhyloPhere/Data/6.CAAS_traitfiles/Ranked/df4_sp.tab
A1BG@229	16	1000	0.016	b_935,b_25,b_844,b_768,b_84,b_889,b_305,b_885,b_521,b_492,b_639,b_188,b_659,b_240,b_551,b_943	/home/miguel/IBE-UPF/TFM/Master_projects/PhyloPhere/Data/6.CAAS_traitfiles/Ranked/df4_sp.tab
A1BG@230	0	1000	0.0		/home/miguel/IBE-UPF/TFM/Master_projects/PhyloPhere/Data/6.CAAS_traitfiles/Ranked/df4_sp.tab
A1BG@232	0	1000	0.0		/home/miguel/IBE-UPF/TFM/Master_projects/PhyloPhere/Data/6.CAAS_traitfiles/Ranked/df4_sp.tab
A1BG@233	0	1000	0.0		/home/miguel/IBE-UPF/TFM/Master_projects/PhyloPhere/Data/6.CAAS_traitfiles/Ranked/df4_sp.tab
A1BG@236	0	1000	0.0		/home/miguel/IBE-UPF/TFM/Master_projects/PhyloPhere/Data/6.CAAS_traitfiles/Ranked/df4_sp.tab
A1BG@237	23	1000	0.023	b_172,b_545,b_578,b_924,b_411,b_130,b_184,b_882,b_11,b_179,b_782,b_533,b_749,b_244,b_302,b_38,b_153,b_260,b_809,b_429,b_962,b_381,b_780	/home/miguel/IBE-UPF/TFM/Master_projects/PhyloPhere/Data/6.CAAS_traitfiles/Ranked/df4_sp.tab
A1BG@238	0	1000	0.0		/home/miguel/IBE-UPF/TFM/Master_projects/PhyloPhere/Data/6.CAAS_traitfiles/Ranked/df4_sp.tab
A1BG@242	1	1000	0.001	b_254	/home/miguel/IBE-UPF/TFM/Master_projects/PhyloPhere/Data/6.CAAS_traitfiles/Ranked/df4_sp.tab
A1BG@243	62	1000	0.062	b_725,b_719,b_265,b_935,b_34,b_10,b_388,b_844,b_411,b_699,b_680,b_325,b_86,b_353,b_989,b_589,b_392,b_636,b_365,b_385,b_373,b_367,b_932,b_970,b_577,b_363,b_65,b_633,b_481,b_743,b_484,b_735,b_244,b_605,b_875,b_903,b_841,b_997,b_919,b_993,b_812,b_240,b_451,b_376,b_7,b_38,b_998,b_807,b_665,b_663,b_913,b_217,b_67,b_809,b_21,b_610,b_810,b_948,b_962,b_165,b_334,b_780	/home/miguel/IBE-UPF/TFM/Master_projects/PhyloPhere/Data/6.CAAS_traitfiles/Ranked/df4_sp.tab
A1BG@244	22	1000	0.022	b_545,b_578,b_574,b_123,b_647,b_941,b_609,b_448,b_351,b_71,b_85,b_666,b_444,b_670,b_188,b_475,b_703,b_414,b_962,b_254,b_43,b_780	/home/miguel/IBE-UPF/TFM/Master_projects/PhyloPhere/Data/6.CAAS_traitfiles/Ranked/df4_sp.tab
A1BG@246	0	1000	0.0		/home/miguel/IBE-UPF/TFM/Master_projects/PhyloPhere/Data/6.CAAS_traitfiles/Ranked/df4_sp.tab
A1BG@247	0	1000	0.0		/home/miguel/IBE-UPF/TFM/Master_projects/PhyloPhere/Data/6.CAAS_traitfiles/Ranked/df4_sp.tab
A1BG@249	0	1000	0.0		/home/miguel/IBE-UPF/TFM/Master_projects/PhyloPhere/Data/6.CAAS_traitfiles/Ranked/df4_sp.tab
A1BG@251	31	1000	0.031	b_886,b_574,b_123,b_615,b_512,b_647,b_452,b_941,b_609,b_701,b_811,b_915,b_839,b_351,b_517,b_417,b_341,b_530,b_71,b_468,b_85,b_666,b_670,b_500,b_628,b_475,b_454,b_861,b_703,b_414,b_254	/home/miguel/IBE-UPF/TFM/Master_projects/PhyloPhere/Data/6.CAAS_traitfiles/Ranked/df4_sp.tab
A1BG@257	36	1000	0.036	b_725,b_562,b_686,b_728,b_601,b_312,b_844,b_36,b_86,b_353,b_392,b_385,b_373,b_284,b_594,b_481,b_484,b_720,b_735,b_875,b_39,b_788,b_974,b_683,b_377,b_993,b_412,b_871,b_461,b_697,b_669,b_665,b_570,b_21,b_810,b_789	/home/miguel/IBE-UPF/TFM/Master_projects/PhyloPhere/Data/6.CAAS_traitfiles/Ranked/df4_sp.tab
A1BG@259	23	1000	0.023	b_358,b_545,b_317,b_601,b_60,b_312,b_489,b_503,b_45,b_353,b_313,b_50,b_679,b_269,b_805,b_288,b_526,b_40,b_311,b_342,b_22,b_414,b_43	/home/miguel/IBE-UPF/TFM/Master_projects/PhyloPhere/Data/6.CAAS_traitfiles/Ranked/df4_sp.tab
A1BG@260	0	1000	0.0		/home/miguel/IBE-UPF/TFM/Master_projects/PhyloPhere/Data/6.CAAS_traitfiles/Ranked/df4_sp.tab
A1BG@261	23	1000	0.023	b_545,b_578,b_574,b_123,b_647,b_941,b_609,b_448,b_351,b_71,b_85,b_666,b_444,b_670,b_188,b_475,b_801,b_703,b_414,b_962,b_254,b_43,b_780	/home/miguel/IBE-UPF/TFM/Master_projects/PhyloPhere/Data/6.CAAS_traitfiles/Ranked/df4_sp.tab
A1BG@262	25	1000	0.025	b_710,b_172,b_767,b_549,b_608,b_908,b_104,b_415,b_790,b_243,b_556,b_110,b_992,b_167,b_894,b_890,b_806,b_147,b_861,b_697,b_796,b_366,b_208,b_139,b_718	/home/miguel/IBE-UPF/TFM/Master_projects/PhyloPhere/Data/6.CAAS_traitfiles/Ranked/df4_sp.tab
A1BG@263	22	1000	0.022	b_545,b_578,b_574,b_123,b_647,b_941,b_609,b_448,b_351,b_71,b_85,b_666,b_444,b_670,b_188,b_475,b_703,b_414,b_962,b_254,b_43,b_780	/home/miguel/IBE-UPF/TFM/Master_projects/PhyloPhere/Data/6.CAAS_traitfiles/Ranked/df4_sp.tab
A1BG@264	69	1000	0.069	b_725,b_938,b_719,b_265,b_935,b_34,b_880,b_10,b_388,b_453,b_140,b_844,b_680,b_325,b_346,b_353,b_989,b_531,b_589,b_392,b_636,b_12,b_385,b_373,b_485,b_367,b_6,b_932,b_970,b_577,b_564,b_335,b_363,b_65,b_633,b_481,b_743,b_484,b_735,b_605,b_875,b_903,b_57,b_135,b_997,b_919,b_993,b_613,b_812,b_240,b_451,b_376,b_972,b_731,b_7,b_807,b_663,b_913,b_217,b_210,b_21,b_610,b_810,b_206,b_948,b_962,b_165,b_334,b_780	/home/miguel/IBE-UPF/TFM/Master_projects/PhyloPhere/Data/6.CAAS_traitfiles/Ranked/df4_sp.tab
A1BG@267	3	1000	0.003	b_445,b_695,b_599	/home/miguel/IBE-UPF/TFM/Master_projects/PhyloPhere/Data/6.CAAS_traitfiles/Ranked/df4_sp.tab
A1BG@268	0	1000	0.0		/home/miguel/IBE-UPF/TFM/Master_projects/PhyloPhere/Data/6.CAAS_traitfiles/Ranked/df4_sp.tab
A1BG@270	81	1000	0.081	b_725,b_870,b_719,b_265,b_935,b_34,b_54,b_880,b_387,b_10,b_388,b_453,b_140,b_438,b_844,b_699,b_680,b_325,b_86,b_353,b_989,b_589,b_392,b_636,b_385,b_373,b_134,b_485,b_367,b_727,b_932,b_970,b_577,b_335,b_363,b_65,b_641,b_633,b_768,b_481,b_743,b_484,b_764,b_735,b_244,b_605,b_875,b_1000,b_24,b_903,b_61,b_135,b_841,b_997,b_919,b_993,b_812,b_240,b_451,b_376,b_793,b_7,b_38,b_804,b_791,b_807,b_665,b_663,b_913,b_914,b_217,b_67,b_771,b_21,b_610,b_810,b_948,b_962,b_165,b_334,b_780	/home/miguel/IBE-UPF/TFM/Master_projects/PhyloPhere/Data/6.CAAS_traitfiles/Ranked/df4_sp.tab
A1BG@272	44	1000	0.044	b_710,b_648,b_318,b_263,b_964,b_908,b_512,b_86,b_790,b_77,b_701,b_134,b_136,b_284,b_536,b_250,b_96,b_110,b_141,b_396,b_852,b_645,b_255,b_47,b_694,b_256,b_526,b_806,b_40,b_841,b_99,b_751,b_94,b_555,b_926,b_976,b_700,b_480,b_703,b_796,b_52,b_139,b_202,b_952	/home/miguel/IBE-UPF/TFM/Master_projects/PhyloPhere/Data/6.CAAS_traitfiles/Ranked/df4_sp.tab
A1BG@273	0	1000	0.0		/home/miguel/IBE-UPF/TFM/Master_projects/PhyloPhere/Data/6.CAAS_traitfiles/Ranked/df4_sp.tab
A1BG@275	0	1000	0.0		/home/miguel/IBE-UPF/TFM/Master_projects/PhyloPhere/Data/6.CAAS_traitfiles/Ranked/df4_sp.tab
A1BG@276	3	1000	0.003	b_110,b_19,b_824	/home/miguel/IBE-UPF/TFM/Master_projects/PhyloPhere/Data/6.CAAS_traitfiles/Ranked/df4_sp.tab
A1BG@278	1	1000	0.001	b_826	/home/miguel/IBE-UPF/TFM/Master_projects/PhyloPhere/Data/6.CAAS_traitfiles/Ranked/df4_sp.tab
A1BG@280	49	1000	0.049	b_317,b_510,b_315,b_148,b_306,b_600,b_574,b_896,b_515,b_415,b_790,b_452,b_548,b_941,b_253,b_111,b_351,b_110,b_978,b_592,b_468,b_51,b_47,b_238,b_666,b_992,b_670,b_167,b_890,b_462,b_806,b_82,b_188,b_95,b_404,b_273,b_475,b_861,b_19,b_129,b_697,b_267,b_274,b_703,b_366,b_402,b_899,b_115,b_298	/home/miguel/IBE-UPF/TFM/Master_projects/PhyloPhere/Data/6.CAAS_traitfiles/Ranked/df4_sp.tab
A1BG@283	0	1000	0.0		/home/miguel/IBE-UPF/TFM/Master_projects/PhyloPhere/Data/6.CAAS_traitfiles/Ranked/df4_sp.tab
A1BG@285	45	1000	0.045	b_348,b_579,b_218,b_667,b_562,b_317,b_510,b_739,b_549,b_34,b_774,b_140,b_312,b_844,b_36,b_615,b_680,b_86,b_883,b_26,b_243,b_677,b_787,b_668,b_136,b_284,b_635,b_97,b_633,b_484,b_720,b_817,b_47,b_890,b_805,b_841,b_997,b_412,b_828,b_38,b_697,b_913,b_67,b_570,b_52	/home/miguel/IBE-UPF/TFM/Master_projects/PhyloPhere/Data/6.CAAS_traitfiles/Ranked/df4_sp.tab
A1BG@286	22	1000	0.022	b_545,b_578,b_574,b_123,b_647,b_941,b_609,b_448,b_351,b_71,b_85,b_666,b_444,b_670,b_188,b_475,b_703,b_414,b_962,b_254,b_43,b_780	/home/miguel/IBE-UPF/TFM/Master_projects/PhyloPhere/Data/6.CAAS_traitfiles/Ranked/df4_sp.tab
A1BG@287	29	1000	0.029	b_112,b_411,b_197,b_184,b_941,b_609,b_392,b_171,b_882,b_782,b_533,b_71,b_738,b_244,b_876,b_182,b_670,b_226,b_822,b_262,b_38,b_651,b_414,b_809,b_251,b_429,b_447,b_962,b_780	/home/miguel/IBE-UPF/TFM/Master_projects/PhyloPhere/Data/6.CAAS_traitfiles/Ranked/df4_sp.tab
A1BG@288	0	1000	0.0		/home/miguel/IBE-UPF/TFM/Master_projects/PhyloPhere/Data/6.CAAS_traitfiles/Ranked/df4_sp.tab
A1BG@289	0	1000	0.0		/home/miguel/IBE-UPF/TFM/Master_projects/PhyloPhere/Data/6.CAAS_traitfiles/Ranked/df4_sp.tab
A1BG@291	7	1000	0.007	b_378,b_219,b_826,b_294,b_372,b_590,b_20	/home/miguel/IBE-UPF/TFM/Master_projects/PhyloPhere/Data/6.CAAS_traitfiles/Ranked/df4_sp.tab
A1BG@292	0	1000	0.0		/home/miguel/IBE-UPF/TFM/Master_projects/PhyloPhere/Data/6.CAAS_traitfiles/Ranked/df4_sp.tab
A1BG@293	48	1000	0.048	b_725,b_719,b_265,b_935,b_34,b_880,b_10,b_388,b_453,b_140,b_844,b_680,b_325,b_989,b_589,b_385,b_373,b_485,b_367,b_932,b_970,b_577,b_335,b_65,b_633,b_481,b_743,b_484,b_735,b_875,b_602,b_903,b_997,b_993,b_240,b_451,b_376,b_7,b_663,b_913,b_217,b_309,b_810,b_962,b_165,b_232,b_334,b_780	/home/miguel/IBE-UPF/TFM/Master_projects/PhyloPhere/Data/6.CAAS_traitfiles/Ranked/df4_sp.tab
A1BG@294	0	1000	0.0		/home/miguel/IBE-UPF/TFM/Master_projects/PhyloPhere/Data/6.CAAS_traitfiles/Ranked/df4_sp.tab
A1BG@298	0	1000	0.0		/home/miguel/IBE-UPF/TFM/Master_projects/PhyloPhere/Data/6.CAAS_traitfiles/Ranked/df4_sp.tab
A1BG@299	2	1000	0.002	b_705,b_412	/home/miguel/IBE-UPF/TFM/Master_projects/PhyloPhere/Data/6.CAAS_traitfiles/Ranked/df4_sp.tab
A1BG@302	22	1000	0.022	b_545,b_578,b_574,b_123,b_647,b_941,b_609,b_448,b_351,b_71,b_85,b_666,b_444,b_670,b_188,b_475,b_703,b_414,b_962,b_254,b_43,b_780	/home/miguel/IBE-UPF/TFM/Master_projects/PhyloPhere/Data/6.CAAS_traitfiles/Ranked/df4_sp.tab
A1BG@304	22	1000	0.022	b_545,b_578,b_574,b_123,b_647,b_941,b_609,b_448,b_351,b_71,b_85,b_666,b_444,b_670,b_188,b_475,b_703,b_414,b_962,b_254,b_43,b_780	/home/miguel/IBE-UPF/TFM/Master_projects/PhyloPhere/Data/6.CAAS_traitfiles/Ranked/df4_sp.tab
A1BG@307	0	1000	0.0		/home/miguel/IBE-UPF/TFM/Master_projects/PhyloPhere/Data/6.CAAS_traitfiles/Ranked/df4_sp.tab
A1BG@311	0	1000	0.0		/home/miguel/IBE-UPF/TFM/Master_projects/PhyloPhere/Data/6.CAAS_traitfiles/Ranked/df4_sp.tab
A1BG@313	39	1000	0.039	b_265,b_693,b_956,b_34,b_487,b_880,b_515,b_453,b_675,b_680,b_989,b_636,b_12,b_373,b_187,b_448,b_577,b_335,b_363,b_633,b_481,b_502,b_743,b_484,b_735,b_85,b_114,b_694,b_602,b_135,b_993,b_376,b_7,b_206,b_671,b_948,b_962,b_165,b_780	/home/miguel/IBE-UPF/TFM/Master_projects/PhyloPhere/Data/6.CAAS_traitfiles/Ranked/df4_sp.tab
A1BG@314	0	1000	0.0		/home/miguel/IBE-UPF/TFM/Master_projects/PhyloPhere/Data/6.CAAS_traitfiles/Ranked/df4_sp.tab
A1BG@315	0	1000	0.0		/home/miguel/IBE-UPF/TFM/Master_projects/PhyloPhere/Data/6.CAAS_traitfiles/Ranked/df4_sp.tab
A1BG@316	4	1000	0.004	b_265,b_394,b_64,b_28	/home/miguel/IBE-UPF/TFM/Master_projects/PhyloPhere/Data/6.CAAS_traitfiles/Ranked/df4_sp.tab
A1BG@319	0	1000	0.0		/home/miguel/IBE-UPF/TFM/Master_projects/PhyloPhere/Data/6.CAAS_traitfiles/Ranked/df4_sp.tab
A1BG@320	4	1000	0.004	b_941,b_71,b_475,b_414	/home/miguel/IBE-UPF/TFM/Master_projects/PhyloPhere/Data/6.CAAS_traitfiles/Ranked/df4_sp.tab
A1BG@321	36	1000	0.036	b_545,b_8,b_265,b_578,b_34,b_10,b_123,b_680,b_571,b_626,b_531,b_428,b_448,b_351,b_502,b_849,b_85,b_114,b_666,b_444,b_57,b_646,b_188,b_475,b_501,b_59,b_913,b_217,b_414,b_206,b_116,b_671,b_962,b_254,b_43,b_780	/home/miguel/IBE-UPF/TFM/Master_projects/PhyloPhere/Data/6.CAAS_traitfiles/Ranked/df4_sp.tab
A1BG@322	22	1000	0.022	b_545,b_578,b_574,b_123,b_647,b_941,b_609,b_448,b_351,b_71,b_85,b_666,b_444,b_670,b_188,b_475,b_703,b_414,b_962,b_254,b_43,b_780	/home/miguel/IBE-UPF/TFM/Master_projects/PhyloPhere/Data/6.CAAS_traitfiles/Ranked/df4_sp.tab
A1BG@325	0	1000	0.0		/home/miguel/IBE-UPF/TFM/Master_projects/PhyloPhere/Data/6.CAAS_traitfiles/Ranked/df4_sp.tab
A1BG@327	0	1000	0.0		/home/miguel/IBE-UPF/TFM/Master_projects/PhyloPhere/Data/6.CAAS_traitfiles/Ranked/df4_sp.tab
A1BG@330	130	1000	0.13	b_725,b_710,b_667,b_317,b_510,b_719,b_265,b_935,b_549,b_34,b_574,b_880,b_10,b_388,b_515,b_453,b_140,b_312,b_844,b_615,b_699,b_908,b_680,b_325,b_86,b_415,b_790,b_883,b_45,b_243,b_353,b_989,b_589,b_77,b_392,b_636,b_787,b_385,b_373,b_485,b_367,b_136,b_284,b_250,b_932,b_970,b_577,b_688,b_335,b_949,b_363,b_65,b_110,b_97,b_633,b_396,b_481,b_743,b_484,b_891,b_645,b_735,b_51,b_244,b_605,b_875,b_47,b_694,b_992,b_167,b_894,b_903,b_135,b_890,b_29,b_526,b_628,b_462,b_806,b_40,b_82,b_841,b_997,b_95,b_919,b_751,b_273,b_993,b_734,b_94,b_812,b_475,b_240,b_926,b_361,b_451,b_376,b_147,b_861,b_976,b_129,b_7,b_38,b_151,b_697,b_274,b_807,b_665,b_663,b_700,b_703,b_913,b_217,b_796,b_67,b_366,b_78,b_917,b_21,b_610,b_52,b_810,b_139,b_202,b_948,b_962,b_115,b_165,b_334,b_780	/home/miguel/IBE-UPF/TFM/Master_projects/PhyloPhere/Data/6.CAAS_traitfiles/Ranked/df4_sp.tab
A1BG@334	51	1000	0.051	b_870,b_667,b_446,b_265,b_935,b_438,b_304,b_908,b_826,b_86,b_883,b_989,b_222,b_787,b_932,b_621,b_688,b_459,b_65,b_110,b_97,b_641,b_458,b_768,b_145,b_764,b_28,b_605,b_2,b_800,b_1000,b_24,b_61,b_841,b_927,b_361,b_793,b_147,b_640,b_785,b_804,b_807,b_345,b_154,b_914,b_319,b_771,b_917,b_610,b_139,b_554	/home/miguel/IBE-UPF/TFM/Master_projects/PhyloPhere/Data/6.CAAS_traitfiles/Ranked/df4_sp.tab
A1BG@335	0	1000	0.0		/home/miguel/IBE-UPF/TFM/Master_projects/PhyloPhere/Data/6.CAAS_traitfiles/Ranked/df4_sp.tab
A1BG@336	22	1000	0.022	b_545,b_578,b_574,b_123,b_647,b_941,b_609,b_448,b_351,b_71,b_85,b_666,b_444,b_670,b_188,b_475,b_703,b_414,b_962,b_254,b_43,b_780	/home/miguel/IBE-UPF/TFM/Master_projects/PhyloPhere/Data/6.CAAS_traitfiles/Ranked/df4_sp.tab
A1BG@342	0	1000	0.0		/home/miguel/IBE-UPF/TFM/Master_projects/PhyloPhere/Data/6.CAAS_traitfiles/Ranked/df4_sp.tab
A1BG@349	0	1000	0.0		/home/miguel/IBE-UPF/TFM/Master_projects/PhyloPhere/Data/6.CAAS_traitfiles/Ranked/df4_sp.tab
A1BG@351	25	1000	0.025	b_710,b_840,b_574,b_123,b_512,b_647,b_954,b_965,b_77,b_701,b_915,b_448,b_839,b_688,b_430,b_417,b_341,b_84,b_85,b_246,b_475,b_454,b_703,b_551,b_254	/home/miguel/IBE-UPF/TFM/Master_projects/PhyloPhere/Data/6.CAAS_traitfiles/Ranked/df4_sp.tab
A1BG@352	33	1000	0.033	b_710,b_667,b_739,b_549,b_312,b_844,b_36,b_615,b_883,b_45,b_243,b_787,b_668,b_136,b_97,b_430,b_83,b_417,b_341,b_530,b_891,b_922,b_167,b_29,b_628,b_95,b_734,b_412,b_147,b_861,b_151,b_796,b_52	/home/miguel/IBE-UPF/TFM/Master_projects/PhyloPhere/Data/6.CAAS_traitfiles/Ranked/df4_sp.tab
A1BG@356	60	1000	0.06	b_710,b_667,b_317,b_510,b_739,b_549,b_312,b_844,b_36,b_615,b_908,b_86,b_415,b_790,b_883,b_45,b_243,b_677,b_787,b_668,b_136,b_284,b_688,b_110,b_97,b_891,b_47,b_992,b_167,b_894,b_890,b_29,b_628,b_462,b_806,b_40,b_82,b_841,b_95,b_751,b_273,b_734,b_412,b_147,b_861,b_976,b_129,b_151,b_697,b_274,b_700,b_796,b_366,b_208,b_52,b_139,b_473,b_742,b_115,b_718	/home/miguel/IBE-UPF/TFM/Master_projects/PhyloPhere/Data/6.CAAS_traitfiles/Ranked/df4_sp.tab
A1BG@359	0	1000	0.0		/home/miguel/IBE-UPF/TFM/Master_projects/PhyloPhere/Data/6.CAAS_traitfiles/Ranked/df4_sp.tab
A1BG@362	77	1000	0.077	b_886,b_710,b_667,b_317,b_510,b_549,b_263,b_574,b_515,b_312,b_615,b_908,b_512,b_86,b_415,b_790,b_883,b_45,b_243,b_77,b_701,b_787,b_136,b_284,b_250,b_688,b_949,b_110,b_97,b_396,b_852,b_891,b_645,b_51,b_255,b_47,b_694,b_992,b_256,b_167,b_894,b_890,b_29,b_526,b_628,b_462,b_806,b_40,b_82,b_841,b_95,b_751,b_273,b_734,b_94,b_475,b_926,b_361,b_560,b_147,b_861,b_976,b_129,b_151,b_697,b_274,b_700,b_703,b_796,b_366,b_78,b_917,b_52,b_139,b_202,b_115,b_648	/home/miguel/IBE-UPF/TFM/Master_projects/PhyloPhere/Data/6.CAAS_traitfiles/Ranked/df4_sp.tab
A1BG@363	0	1000	0.0		/home/miguel/IBE-UPF/TFM/Master_projects/PhyloPhere/Data/6.CAAS_traitfiles/Ranked/df4_sp.tab
A1BG@364	22	1000	0.022	b_545,b_578,b_574,b_123,b_647,b_941,b_609,b_448,b_351,b_71,b_85,b_666,b_444,b_670,b_188,b_475,b_703,b_414,b_962,b_254,b_43,b_780	/home/miguel/IBE-UPF/TFM/Master_projects/PhyloPhere/Data/6.CAAS_traitfiles/Ranked/df4_sp.tab
A1BG@367	9	1000	0.009	b_123,b_609,b_448,b_351,b_85,b_666,b_444,b_703,b_962	/home/miguel/IBE-UPF/TFM/Master_projects/PhyloPhere/Data/6.CAAS_traitfiles/Ranked/df4_sp.tab
A1BG@369	22	1000	0.022	b_545,b_578,b_574,b_123,b_647,b_941,b_609,b_448,b_351,b_71,b_85,b_666,b_444,b_670,b_188,b_475,b_703,b_414,b_962,b_254,b_43,b_780	/home/miguel/IBE-UPF/TFM/Master_projects/PhyloPhere/Data/6.CAAS_traitfiles/Ranked/df4_sp.tab
A1BG@372	0	1000	0.0		/home/miguel/IBE-UPF/TFM/Master_projects/PhyloPhere/Data/6.CAAS_traitfiles/Ranked/df4_sp.tab
A1BG@374	0	1000	0.0		/home/miguel/IBE-UPF/TFM/Master_projects/PhyloPhere/Data/6.CAAS_traitfiles/Ranked/df4_sp.tab
A1BG@376	22	1000	0.022	b_545,b_578,b_574,b_123,b_647,b_941,b_609,b_448,b_351,b_71,b_85,b_666,b_444,b_670,b_188,b_475,b_703,b_414,b_962,b_254,b_43,b_780	/home/miguel/IBE-UPF/TFM/Master_projects/PhyloPhere/Data/6.CAAS_traitfiles/Ranked/df4_sp.tab
A1BG@378	0	1000	0.0		/home/miguel/IBE-UPF/TFM/Master_projects/PhyloPhere/Data/6.CAAS_traitfiles/Ranked/df4_sp.tab
A1BG@380	105	1000	0.105	b_172,b_545,b_603,b_767,b_510,b_265,b_935,b_578,b_549,b_34,b_487,b_574,b_880,b_10,b_388,b_515,b_453,b_140,b_123,b_844,b_680,b_325,b_104,b_415,b_647,b_790,b_513,b_243,b_353,b_989,b_941,b_609,b_636,b_12,b_373,b_367,b_448,b_762,b_932,b_556,b_970,b_577,b_351,b_363,b_65,b_110,b_633,b_481,b_743,b_484,b_71,b_891,b_735,b_931,b_85,b_875,b_694,b_666,b_992,b_444,b_670,b_167,b_297,b_894,b_903,b_135,b_890,b_29,b_806,b_188,b_919,b_993,b_94,b_475,b_240,b_451,b_376,b_147,b_731,b_129,b_7,b_697,b_807,b_703,b_217,b_796,b_210,b_366,b_309,b_414,b_917,b_610,b_139,b_206,b_671,b_928,b_202,b_948,b_962,b_165,b_254,b_232,b_43,b_334,b_780	/home/miguel/IBE-UPF/TFM/Master_projects/PhyloPhere/Data/6.CAAS_traitfiles/Ranked/df4_sp.tab
A1BG@382	0	1000	0.0		/home/miguel/IBE-UPF/TFM/Master_projects/PhyloPhere/Data/6.CAAS_traitfiles/Ranked/df4_sp.tab
A1BG@383	0	1000	0.0		/home/miguel/IBE-UPF/TFM/Master_projects/PhyloPhere/Data/6.CAAS_traitfiles/Ranked/df4_sp.tab
A1BG@384	0	1000	0.0		/home/miguel/IBE-UPF/TFM/Master_projects/PhyloPhere/Data/6.CAAS_traitfiles/Ranked/df4_sp.tab
A1BG@385	0	1000	0.0		/home/miguel/IBE-UPF/TFM/Master_projects/PhyloPhere/Data/6.CAAS_traitfiles/Ranked/df4_sp.tab
A1BG@386	33	1000	0.033	b_545,b_112,b_693,b_956,b_574,b_123,b_647,b_542,b_941,b_609,b_171,b_12,b_448,b_583,b_71,b_395,b_738,b_85,b_666,b_444,b_182,b_670,b_822,b_188,b_651,b_703,b_414,b_251,b_447,b_962,b_254,b_43,b_780	/home/miguel/IBE-UPF/TFM/Master_projects/PhyloPhere/Data/6.CAAS_traitfiles/Ranked/df4_sp.tab
A1BG@387	22	1000	0.022	b_545,b_578,b_574,b_123,b_647,b_941,b_609,b_448,b_351,b_71,b_85,b_666,b_444,b_670,b_188,b_475,b_703,b_414,b_962,b_254,b_43,b_780	/home/miguel/IBE-UPF/TFM/Master_projects/PhyloPhere/Data/6.CAAS_traitfiles/Ranked/df4_sp.tab
A1BG@389	0	1000	0.0		/home/miguel/IBE-UPF/TFM/Master_projects/PhyloPhere/Data/6.CAAS_traitfiles/Ranked/df4_sp.tab
A1BG@392	0	1000	0.0		/home/miguel/IBE-UPF/TFM/Master_projects/PhyloPhere/Data/6.CAAS_traitfiles/Ranked/df4_sp.tab
A1BG@398	112	1000	0.112	b_725,b_710,b_667,b_545,b_317,b_510,b_719,b_265,b_578,b_549,b_34,b_574,b_880,b_515,b_140,b_312,b_123,b_615,b_908,b_680,b_86,b_415,b_647,b_790,b_883,b_45,b_243,b_989,b_589,b_77,b_941,b_609,b_636,b_787,b_385,b_485,b_448,b_136,b_284,b_250,b_688,b_351,b_949,b_110,b_97,b_633,b_396,b_743,b_484,b_71,b_891,b_645,b_735,b_51,b_85,b_47,b_694,b_666,b_992,b_444,b_670,b_167,b_894,b_890,b_29,b_526,b_462,b_628,b_806,b_40,b_82,b_841,b_997,b_188,b_95,b_751,b_273,b_734,b_94,b_475,b_926,b_361,b_451,b_147,b_861,b_976,b_129,b_38,b_151,b_697,b_274,b_663,b_700,b_703,b_913,b_217,b_796,b_67,b_366,b_414,b_78,b_917,b_52,b_810,b_139,b_202,b_962,b_115,b_165,b_254,b_43,b_780	/home/miguel/IBE-UPF/TFM/Master_projects/PhyloPhere/Data/6.CAAS_traitfiles/Ranked/df4_sp.tab
A1BG@399	1	1000	0.001	b_609	/home/miguel/IBE-UPF/TFM/Master_projects/PhyloPhere/Data/6.CAAS_traitfiles/Ranked/df4_sp.tab
A1BG@403	0	1000	0.0		/home/miguel/IBE-UPF/TFM/Master_projects/PhyloPhere/Data/6.CAAS_traitfiles/Ranked/df4_sp.tab
A1BG@404	0	1000	0.0		/home/miguel/IBE-UPF/TFM/Master_projects/PhyloPhere/Data/6.CAAS_traitfiles/Ranked/df4_sp.tab
A1BG@409	22	1000	0.022	b_545,b_578,b_574,b_123,b_647,b_941,b_609,b_448,b_351,b_71,b_85,b_666,b_444,b_670,b_188,b_475,b_703,b_414,b_962,b_254,b_43,b_780	/home/miguel/IBE-UPF/TFM/Master_projects/PhyloPhere/Data/6.CAAS_traitfiles/Ranked/df4_sp.tab
A1BG@410	0	1000	0.0		/home/miguel/IBE-UPF/TFM/Master_projects/PhyloPhere/Data/6.CAAS_traitfiles/Ranked/df4_sp.tab
A1BG@411	0	1000	0.0		/home/miguel/IBE-UPF/TFM/Master_projects/PhyloPhere/Data/6.CAAS_traitfiles/Ranked/df4_sp.tab
A1BG@412	0	1000	0.0		/home/miguel/IBE-UPF/TFM/Master_projects/PhyloPhere/Data/6.CAAS_traitfiles/Ranked/df4_sp.tab
A1BG@413	22	1000	0.022	b_545,b_578,b_574,b_123,b_647,b_941,b_609,b_448,b_351,b_71,b_85,b_666,b_444,b_670,b_188,b_475,b_703,b_414,b_962,b_254,b_43,b_780	/home/miguel/IBE-UPF/TFM/Master_projects/PhyloPhere/Data/6.CAAS_traitfiles/Ranked/df4_sp.tab
A1BG@414	20	1000	0.02	b_265,b_54,b_880,b_387,b_63,b_394,b_26,b_709,b_727,b_53,b_900,b_322,b_831,b_163,b_482,b_59,b_791,b_540,b_770,b_88	/home/miguel/IBE-UPF/TFM/Master_projects/PhyloPhere/Data/6.CAAS_traitfiles/Ranked/df4_sp.tab
A1BG@415	25	1000	0.025	b_545,b_578,b_574,b_123,b_647,b_281,b_622,b_941,b_609,b_448,b_351,b_71,b_85,b_666,b_444,b_670,b_188,b_138,b_475,b_703,b_414,b_962,b_254,b_43,b_780	/home/miguel/IBE-UPF/TFM/Master_projects/PhyloPhere/Data/6.CAAS_traitfiles/Ranked/df4_sp.tab
A1BG@416	22	1000	0.022	b_545,b_578,b_574,b_123,b_647,b_941,b_609,b_448,b_351,b_71,b_85,b_666,b_444,b_670,b_188,b_475,b_703,b_414,b_962,b_254,b_43,b_780	/home/miguel/IBE-UPF/TFM/Master_projects/PhyloPhere/Data/6.CAAS_traitfiles/Ranked/df4_sp.tab
A1BG@417	52	1000	0.052	b_317,b_549,b_574,b_515,b_844,b_615,b_699,b_790,b_45,b_353,b_338,b_136,b_284,b_250,b_932,b_577,b_949,b_65,b_359,b_978,b_645,b_51,b_47,b_605,b_875,b_992,b_538,b_612,b_526,b_806,b_82,b_919,b_751,b_56,b_273,b_94,b_812,b_475,b_240,b_976,b_129,b_998,b_151,b_274,b_807,b_155,b_796,b_78,b_899,b_202,b_334,b_780	/home/miguel/IBE-UPF/TFM/Master_projects/PhyloPhere/Data/6.CAAS_traitfiles/Ranked/df4_sp.tab
A1BG@418	50	1000	0.05	b_886,b_648,b_545,b_317,b_510,b_578,b_148,b_306,b_600,b_574,b_123,b_647,b_790,b_452,b_941,b_253,b_609,b_111,b_448,b_351,b_110,b_592,b_71,b_468,b_85,b_47,b_666,b_992,b_444,b_670,b_890,b_462,b_806,b_82,b_188,b_404,b_273,b_475,b_861,b_19,b_274,b_703,b_979,b_414,b_899,b_962,b_298,b_254,b_43,b_780	/home/miguel/IBE-UPF/TFM/Master_projects/PhyloPhere/Data/6.CAAS_traitfiles/Ranked/df4_sp.tab
A1BG@419	47	1000	0.047	b_710,b_510,b_574,b_388,b_964,b_699,b_86,b_883,b_589,b_941,b_787,b_136,b_284,b_577,b_688,b_335,b_65,b_110,b_141,b_396,b_71,b_891,b_645,b_605,b_875,b_894,b_135,b_890,b_29,b_526,b_462,b_82,b_841,b_95,b_273,b_812,b_475,b_926,b_361,b_418,b_976,b_274,b_700,b_480,b_703,b_366,b_52	/home/miguel/IBE-UPF/TFM/Master_projects/PhyloPhere/Data/6.CAAS_traitfiles/Ranked/df4_sp.tab
A1BG@420	27	1000	0.027	b_710,b_112,b_767,b_566,b_171,b_882,b_11,b_401,b_782,b_985,b_738,b_182,b_226,b_822,b_42,b_500,b_101,b_262,b_144,b_147,b_861,b_260,b_651,b_760,b_429,b_447,b_718	/home/miguel/IBE-UPF/TFM/Master_projects/PhyloPhere/Data/6.CAAS_traitfiles/Ranked/df4_sp.tab
A1BG@421	22	1000	0.022	b_545,b_578,b_574,b_123,b_647,b_941,b_609,b_448,b_351,b_71,b_85,b_666,b_444,b_670,b_188,b_475,b_703,b_414,b_962,b_254,b_43,b_780	/home/miguel/IBE-UPF/TFM/Master_projects/PhyloPhere/Data/6.CAAS_traitfiles/Ranked/df4_sp.tab
A1BG@422	80	1000	0.08	b_287,b_710,b_667,b_317,b_510,b_549,b_574,b_515,b_312,b_489,b_615,b_908,b_86,b_415,b_790,b_883,b_45,b_243,b_353,b_77,b_787,b_136,b_284,b_250,b_688,b_949,b_110,b_97,b_396,b_592,b_891,b_645,b_51,b_47,b_238,b_98,b_694,b_992,b_167,b_894,b_890,b_269,b_29,b_526,b_628,b_462,b_806,b_40,b_82,b_629,b_841,b_311,b_95,b_751,b_927,b_273,b_734,b_94,b_475,b_926,b_361,b_147,b_861,b_19,b_976,b_129,b_151,b_697,b_267,b_274,b_700,b_703,b_796,b_366,b_78,b_917,b_52,b_139,b_202,b_115	/home/miguel/IBE-UPF/TFM/Master_projects/PhyloPhere/Data/6.CAAS_traitfiles/Ranked/df4_sp.tab
A1BG@423	0	1000	0.0		/home/miguel/IBE-UPF/TFM/Master_projects/PhyloPhere/Data/6.CAAS_traitfiles/Ranked/df4_sp.tab
A1BG@424	26	1000	0.026	b_886,b_545,b_574,b_123,b_647,b_452,b_941,b_609,b_811,b_351,b_517,b_592,b_71,b_468,b_85,b_666,b_670,b_500,b_188,b_404,b_475,b_861,b_703,b_414,b_254,b_43	/home/miguel/IBE-UPF/TFM/Master_projects/PhyloPhere/Data/6.CAAS_traitfiles/Ranked/df4_sp.tab
A1BG@425	2	1000	0.002	b_265,b_228	/home/miguel/IBE-UPF/TFM/Master_projects/PhyloPhere/Data/6.CAAS_traitfiles/Ranked/df4_sp.tab
A1BG@426	96	1000	0.096	b_725,b_710,b_667,b_510,b_935,b_34,b_574,b_880,b_10,b_453,b_140,b_312,b_844,b_615,b_908,b_680,b_325,b_86,b_415,b_883,b_243,b_353,b_989,b_392,b_636,b_787,b_485,b_367,b_136,b_250,b_932,b_970,b_688,b_335,b_949,b_363,b_65,b_110,b_97,b_633,b_396,b_484,b_645,b_735,b_51,b_244,b_875,b_47,b_694,b_167,b_903,b_135,b_462,b_806,b_40,b_841,b_997,b_95,b_751,b_993,b_734,b_94,b_475,b_240,b_926,b_361,b_376,b_147,b_861,b_129,b_7,b_38,b_151,b_697,b_274,b_807,b_665,b_663,b_700,b_703,b_913,b_796,b_67,b_366,b_78,b_917,b_610,b_52,b_810,b_139,b_202,b_948,b_962,b_115,b_334,b_780	/home/miguel/IBE-UPF/TFM/Master_projects/PhyloPhere/Data/6.CAAS_traitfiles/Ranked/df4_sp.tab
A1BG@428	74	1000	0.074	b_725,b_265,b_935,b_578,b_34,b_487,b_880,b_10,b_388,b_453,b_140,b_844,b_675,b_680,b_325,b_571,b_353,b_989,b_636,b_12,b_373,b_367,b_6,b_932,b_970,b_577,b_335,b_363,b_654,b_65,b_633,b_481,b_743,b_484,b_582,b_735,b_875,b_602,b_297,b_903,b_57,b_135,b_639,b_646,b_919,b_993,b_613,b_240,b_451,b_376,b_731,b_7,b_807,b_449,b_913,b_217,b_210,b_309,b_422,b_942,b_208,b_610,b_810,b_206,b_116,b_671,b_928,b_948,b_962,b_726,b_165,b_232,b_334,b_780	/home/miguel/IBE-UPF/TFM/Master_projects/PhyloPhere/Data/6.CAAS_traitfiles/Ranked/df4_sp.tab
A1BG@429	28	1000	0.028	b_545,b_578,b_574,b_123,b_647,b_3,b_941,b_609,b_448,b_351,b_71,b_931,b_85,b_666,b_444,b_506,b_670,b_188,b_475,b_703,b_210,b_309,b_414,b_962,b_726,b_254,b_43,b_780	/home/miguel/IBE-UPF/TFM/Master_projects/PhyloPhere/Data/6.CAAS_traitfiles/Ranked/df4_sp.tab
A1BG@430	0	1000	0.0		/home/miguel/IBE-UPF/TFM/Master_projects/PhyloPhere/Data/6.CAAS_traitfiles/Ranked/df4_sp.tab
A1BG@432	0	1000	0.0		/home/miguel/IBE-UPF/TFM/Master_projects/PhyloPhere/Data/6.CAAS_traitfiles/Ranked/df4_sp.tab
A1BG@437	32	1000	0.032	b_172,b_510,b_608,b_924,b_908,b_415,b_790,b_701,b_762,b_556,b_110,b_533,b_852,b_749,b_891,b_255,b_987,b_694,b_256,b_890,b_29,b_302,b_806,b_94,b_555,b_129,b_221,b_470,b_796,b_208,b_381,b_215	/home/miguel/IBE-UPF/TFM/Master_projects/PhyloPhere/Data/6.CAAS_traitfiles/Ranked/df4_sp.tab
A1BG@439	22	1000	0.022	b_545,b_578,b_574,b_123,b_647,b_941,b_609,b_448,b_351,b_71,b_85,b_666,b_444,b_670,b_188,b_475,b_703,b_414,b_962,b_254,b_43,b_780	/home/miguel/IBE-UPF/TFM/Master_projects/PhyloPhere/Data/6.CAAS_traitfiles/Ranked/df4_sp.tab
A1BG@445	9	1000	0.009	b_725,b_10,b_388,b_140,b_392,b_362,b_841,b_217,b_810	/home/miguel/IBE-UPF/TFM/Master_projects/PhyloPhere/Data/6.CAAS_traitfiles/Ranked/df4_sp.tab
A1BG@446	61	1000	0.061	b_287,b_710,b_172,b_863,b_317,b_767,b_510,b_574,b_312,b_104,b_86,b_415,b_45,b_353,b_77,b_187,b_284,b_250,b_556,b_970,b_688,b_949,b_110,b_396,b_891,b_51,b_98,b_694,b_992,b_894,b_890,b_29,b_526,b_628,b_462,b_806,b_40,b_841,b_751,b_927,b_273,b_734,b_94,b_475,b_926,b_361,b_147,b_861,b_189,b_976,b_129,b_151,b_697,b_274,b_700,b_796,b_366,b_758,b_78,b_202,b_115	/home/miguel/IBE-UPF/TFM/Master_projects/PhyloPhere/Data/6.CAAS_traitfiles/Ranked/df4_sp.tab
A1BG@448	0	1000	0.0		/home/miguel/IBE-UPF/TFM/Master_projects/PhyloPhere/Data/6.CAAS_traitfiles/Ranked/df4_sp.tab
A1BG@449	38	1000	0.038	b_886,b_667,b_545,b_578,b_574,b_123,b_647,b_452,b_45,b_941,b_609,b_811,b_448,b_351,b_949,b_517,b_592,b_71,b_468,b_645,b_85,b_666,b_444,b_670,b_500,b_188,b_404,b_475,b_560,b_861,b_151,b_703,b_414,b_78,b_962,b_254,b_43,b_780	/home/miguel/IBE-UPF/TFM/Master_projects/PhyloPhere/Data/6.CAAS_traitfiles/Ranked/df4_sp.tab
A1BG@450	0	1000	0.0		/home/miguel/IBE-UPF/TFM/Master_projects/PhyloPhere/Data/6.CAAS_traitfiles/Ranked/df4_sp.tab
A1BG@451	0	1000	0.0		/home/miguel/IBE-UPF/TFM/Master_projects/PhyloPhere/Data/6.CAAS_traitfiles/Ranked/df4_sp.tab
A1BG@453	0	1000	0.0		/home/miguel/IBE-UPF/TFM/Master_projects/PhyloPhere/Data/6.CAAS_traitfiles/Ranked/df4_sp.tab
A1BG@454	0	1000	0.0		/home/miguel/IBE-UPF/TFM/Master_projects/PhyloPhere/Data/6.CAAS_traitfiles/Ranked/df4_sp.tab
A1BG@459	0	1000	0.0		/home/miguel/IBE-UPF/TFM/Master_projects/PhyloPhere/Data/6.CAAS_traitfiles/Ranked/df4_sp.tab
A1BG@463	64	1000	0.064	b_725,b_719,b_265,b_935,b_34,b_880,b_10,b_388,b_453,b_140,b_844,b_699,b_680,b_325,b_86,b_353,b_989,b_589,b_392,b_636,b_385,b_373,b_485,b_367,b_932,b_970,b_577,b_335,b_363,b_65,b_633,b_481,b_743,b_484,b_735,b_244,b_605,b_875,b_903,b_135,b_841,b_997,b_919,b_993,b_812,b_240,b_451,b_376,b_7,b_38,b_807,b_665,b_663,b_913,b_217,b_67,b_21,b_610,b_810,b_948,b_962,b_165,b_334,b_780	/home/miguel/IBE-UPF/TFM/Master_projects/PhyloPhere/Data/6.CAAS_traitfiles/Ranked/df4_sp.tab
A1BG@465	11	1000	0.011	b_545,b_578,b_574,b_647,b_941,b_71,b_670,b_475,b_414,b_43,b_780	/home/miguel/IBE-UPF/TFM/Master_projects/PhyloPhere/Data/6.CAAS_traitfiles/Ranked/df4_sp.tab
