A1CF@4	0	1000	0.0		/home/miguel/IBE-UPF/TFM/Master_projects/PhyloPhere/Data/6.CAAS_traitfiles/Ranked/df4_sp.tab
A1CF@5	0	1000	0.0		/home/miguel/IBE-UPF/TFM/Master_projects/PhyloPhere/Data/6.CAAS_traitfiles/Ranked/df4_sp.tab
A1CF@7	0	1000	0.0		/home/miguel/IBE-UPF/TFM/Master_projects/PhyloPhere/Data/6.CAAS_traitfiles/Ranked/df4_sp.tab
A1CF@10	0	1000	0.0		/home/miguel/IBE-UPF/TFM/Master_projects/PhyloPhere/Data/6.CAAS_traitfiles/Ranked/df4_sp.tab
A1CF@18	0	1000	0.0		/home/miguel/IBE-UPF/TFM/Master_projects/PhyloPhere/Data/6.CAAS_traitfiles/Ranked/df4_sp.tab
A1CF@24	0	1000	0.0		/home/miguel/IBE-UPF/TFM/Master_projects/PhyloPhere/Data/6.CAAS_traitfiles/Ranked/df4_sp.tab
A1CF@101	0	1000	0.0		/home/miguel/IBE-UPF/TFM/Master_projects/PhyloPhere/Data/6.CAAS_traitfiles/Ranked/df4_sp.tab
A1CF@148	0	1000	0.0		/home/miguel/IBE-UPF/TFM/Master_projects/PhyloPhere/Data/6.CAAS_traitfiles/Ranked/df4_sp.tab
A1CF@151	0	1000	0.0		/home/miguel/IBE-UPF/TFM/Master_projects/PhyloPhere/Data/6.CAAS_traitfiles/Ranked/df4_sp.tab
A1CF@170	0	1000	0.0		/home/miguel/IBE-UPF/TFM/Master_projects/PhyloPhere/Data/6.CAAS_traitfiles/Ranked/df4_sp.tab
A1CF@185	0	1000	0.0		/home/miguel/IBE-UPF/TFM/Master_projects/PhyloPhere/Data/6.CAAS_traitfiles/Ranked/df4_sp.tab
A1CF@204	0	1000	0.0		/home/miguel/IBE-UPF/TFM/Master_projects/PhyloPhere/Data/6.CAAS_traitfiles/Ranked/df4_sp.tab
A1CF@218	0	1000	0.0		/home/miguel/IBE-UPF/TFM/Master_projects/PhyloPhere/Data/6.CAAS_traitfiles/Ranked/df4_sp.tab
A1CF@240	0	1000	0.0		/home/miguel/IBE-UPF/TFM/Master_projects/PhyloPhere/Data/6.CAAS_traitfiles/Ranked/df4_sp.tab
A1CF@248	0	1000	0.0		/home/miguel/IBE-UPF/TFM/Master_projects/PhyloPhere/Data/6.CAAS_traitfiles/Ranked/df4_sp.tab
A1CF@268	0	1000	0.0		/home/miguel/IBE-UPF/TFM/Master_projects/PhyloPhere/Data/6.CAAS_traitfiles/Ranked/df4_sp.tab
A1CF@271	0	1000	0.0		/home/miguel/IBE-UPF/TFM/Master_projects/PhyloPhere/Data/6.CAAS_traitfiles/Ranked/df4_sp.tab
A1CF@274	0	1000	0.0		/home/miguel/IBE-UPF/TFM/Master_projects/PhyloPhere/Data/6.CAAS_traitfiles/Ranked/df4_sp.tab
A1CF@284	0	1000	0.0		/home/miguel/IBE-UPF/TFM/Master_projects/PhyloPhere/Data/6.CAAS_traitfiles/Ranked/df4_sp.tab
A1CF@316	22	1000	0.022	b_414,b_670,b_448,b_578,b_703,b_85,b_962,b_43,b_188,b_475,b_254,b_666,b_780,b_71,b_941,b_545,b_647,b_444,b_609,b_574,b_351,b_123	/home/miguel/IBE-UPF/TFM/Master_projects/PhyloPhere/Data/6.CAAS_traitfiles/Ranked/df4_sp.tab
A1CF@327	22	1000	0.022	b_414,b_670,b_448,b_578,b_703,b_85,b_962,b_43,b_188,b_475,b_254,b_666,b_780,b_71,b_941,b_545,b_647,b_444,b_609,b_574,b_351,b_123	/home/miguel/IBE-UPF/TFM/Master_projects/PhyloPhere/Data/6.CAAS_traitfiles/Ranked/df4_sp.tab
A1CF@340	0	1000	0.0		/home/miguel/IBE-UPF/TFM/Master_projects/PhyloPhere/Data/6.CAAS_traitfiles/Ranked/df4_sp.tab
A1CF@346	0	1000	0.0		/home/miguel/IBE-UPF/TFM/Master_projects/PhyloPhere/Data/6.CAAS_traitfiles/Ranked/df4_sp.tab
A1CF@348	0	1000	0.0		/home/miguel/IBE-UPF/TFM/Master_projects/PhyloPhere/Data/6.CAAS_traitfiles/Ranked/df4_sp.tab
A1CF@349	0	1000	0.0		/home/miguel/IBE-UPF/TFM/Master_projects/PhyloPhere/Data/6.CAAS_traitfiles/Ranked/df4_sp.tab
A1CF@362	0	1000	0.0		/home/miguel/IBE-UPF/TFM/Master_projects/PhyloPhere/Data/6.CAAS_traitfiles/Ranked/df4_sp.tab
A1CF@363	0	1000	0.0		/home/miguel/IBE-UPF/TFM/Master_projects/PhyloPhere/Data/6.CAAS_traitfiles/Ranked/df4_sp.tab
A1CF@367	0	1000	0.0		/home/miguel/IBE-UPF/TFM/Master_projects/PhyloPhere/Data/6.CAAS_traitfiles/Ranked/df4_sp.tab
A1CF@373	25	1000	0.025	b_767,b_806,b_167,b_415,b_549,b_718,b_894,b_243,b_796,b_366,b_992,b_608,b_556,b_110,b_139,b_710,b_697,b_104,b_790,b_172,b_908,b_890,b_861,b_208,b_147	/home/miguel/IBE-UPF/TFM/Master_projects/PhyloPhere/Data/6.CAAS_traitfiles/Ranked/df4_sp.tab
A1CF@398	22	1000	0.022	b_414,b_670,b_448,b_578,b_703,b_85,b_962,b_43,b_188,b_475,b_254,b_666,b_780,b_71,b_941,b_545,b_647,b_444,b_609,b_574,b_351,b_123	/home/miguel/IBE-UPF/TFM/Master_projects/PhyloPhere/Data/6.CAAS_traitfiles/Ranked/df4_sp.tab
A1CF@399	25	1000	0.025	b_767,b_806,b_167,b_415,b_549,b_718,b_894,b_243,b_796,b_366,b_992,b_608,b_556,b_110,b_139,b_710,b_697,b_104,b_790,b_172,b_908,b_890,b_861,b_208,b_147	/home/miguel/IBE-UPF/TFM/Master_projects/PhyloPhere/Data/6.CAAS_traitfiles/Ranked/df4_sp.tab
A1CF@402	22	1000	0.022	b_414,b_670,b_448,b_578,b_703,b_85,b_962,b_43,b_188,b_475,b_254,b_666,b_780,b_71,b_941,b_545,b_647,b_444,b_609,b_574,b_351,b_123	/home/miguel/IBE-UPF/TFM/Master_projects/PhyloPhere/Data/6.CAAS_traitfiles/Ranked/df4_sp.tab
A1CF@405	0	1000	0.0		/home/miguel/IBE-UPF/TFM/Master_projects/PhyloPhere/Data/6.CAAS_traitfiles/Ranked/df4_sp.tab
A1CF@424	72	1000	0.072	b_935,b_325,b_165,b_903,b_67,b_7,b_989,b_807,b_385,b_451,b_164,b_699,b_932,b_484,b_577,b_376,b_735,b_335,b_265,b_663,b_240,b_34,b_589,b_997,b_605,b_367,b_665,b_913,b_140,b_485,b_919,b_962,b_875,b_251,b_10,b_970,b_217,b_21,b_75,b_948,b_780,b_719,b_810,b_184,b_353,b_633,b_844,b_481,b_388,b_841,b_636,b_725,b_65,b_373,b_244,b_86,b_334,b_609,b_264,b_993,b_812,b_880,b_876,b_363,b_743,b_513,b_610,b_38,b_453,b_680,b_392,b_135	/home/miguel/IBE-UPF/TFM/Master_projects/PhyloPhere/Data/6.CAAS_traitfiles/Ranked/df4_sp.tab
A1CF@476	0	1000	0.0		/home/miguel/IBE-UPF/TFM/Master_projects/PhyloPhere/Data/6.CAAS_traitfiles/Ranked/df4_sp.tab
A1CF@492	0	1000	0.0		/home/miguel/IBE-UPF/TFM/Master_projects/PhyloPhere/Data/6.CAAS_traitfiles/Ranked/df4_sp.tab
A1CF@503	0	1000	0.0		/home/miguel/IBE-UPF/TFM/Master_projects/PhyloPhere/Data/6.CAAS_traitfiles/Ranked/df4_sp.tab
A1CF@512	0	1000	0.0		/home/miguel/IBE-UPF/TFM/Master_projects/PhyloPhere/Data/6.CAAS_traitfiles/Ranked/df4_sp.tab
A1CF@513	0	1000	0.0		/home/miguel/IBE-UPF/TFM/Master_projects/PhyloPhere/Data/6.CAAS_traitfiles/Ranked/df4_sp.tab
A1CF@515	0	1000	0.0		/home/miguel/IBE-UPF/TFM/Master_projects/PhyloPhere/Data/6.CAAS_traitfiles/Ranked/df4_sp.tab
A1CF@517	20	1000	0.02	b_165,b_807,b_932,b_577,b_335,b_240,b_919,b_875,b_155,b_780,b_353,b_844,b_481,b_388,b_65,b_334,b_363,b_610,b_453,b_135	/home/miguel/IBE-UPF/TFM/Master_projects/PhyloPhere/Data/6.CAAS_traitfiles/Ranked/df4_sp.tab
A1CF@520	43	1000	0.043	b_979,b_806,b_111,b_510,b_648,b_414,b_837,b_670,b_47,b_448,b_578,b_703,b_899,b_85,b_962,b_43,b_188,b_475,b_110,b_254,b_666,b_780,b_462,b_273,b_71,b_317,b_941,b_148,b_545,b_647,b_790,b_600,b_274,b_253,b_82,b_444,b_609,b_890,b_574,b_298,b_351,b_19,b_123	/home/miguel/IBE-UPF/TFM/Master_projects/PhyloPhere/Data/6.CAAS_traitfiles/Ranked/df4_sp.tab
A1CF@521	0	1000	0.0		/home/miguel/IBE-UPF/TFM/Master_projects/PhyloPhere/Data/6.CAAS_traitfiles/Ranked/df4_sp.tab
A1CF@522	74	1000	0.074	b_94,b_312,b_806,b_917,b_95,b_510,b_167,b_415,b_47,b_526,b_927,b_703,b_549,b_734,b_694,b_98,b_129,b_894,b_243,b_976,b_926,b_796,b_366,b_992,b_78,b_40,b_51,b_45,b_970,b_475,b_110,b_615,b_139,b_97,b_645,b_353,b_462,b_667,b_29,b_273,b_710,b_317,b_697,b_841,b_700,b_250,b_136,b_628,b_396,b_287,b_790,b_274,b_908,b_883,b_863,b_202,b_82,b_151,b_86,b_890,b_284,b_751,b_574,b_949,b_77,b_361,b_688,b_861,b_787,b_891,b_515,b_115,b_52,b_147	/home/miguel/IBE-UPF/TFM/Master_projects/PhyloPhere/Data/6.CAAS_traitfiles/Ranked/df4_sp.tab
A1CF@523	0	1000	0.0		/home/miguel/IBE-UPF/TFM/Master_projects/PhyloPhere/Data/6.CAAS_traitfiles/Ranked/df4_sp.tab
A1CF@525	0	1000	0.0		/home/miguel/IBE-UPF/TFM/Master_projects/PhyloPhere/Data/6.CAAS_traitfiles/Ranked/df4_sp.tab
A1CF@531	0	1000	0.0		/home/miguel/IBE-UPF/TFM/Master_projects/PhyloPhere/Data/6.CAAS_traitfiles/Ranked/df4_sp.tab
A1CF@532	0	1000	0.0		/home/miguel/IBE-UPF/TFM/Master_projects/PhyloPhere/Data/6.CAAS_traitfiles/Ranked/df4_sp.tab
A1CF@534	0	1000	0.0		/home/miguel/IBE-UPF/TFM/Master_projects/PhyloPhere/Data/6.CAAS_traitfiles/Ranked/df4_sp.tab
A1CF@535	0	1000	0.0		/home/miguel/IBE-UPF/TFM/Master_projects/PhyloPhere/Data/6.CAAS_traitfiles/Ranked/df4_sp.tab
A1CF@536	0	1000	0.0		/home/miguel/IBE-UPF/TFM/Master_projects/PhyloPhere/Data/6.CAAS_traitfiles/Ranked/df4_sp.tab
A1CF@537	0	1000	0.0		/home/miguel/IBE-UPF/TFM/Master_projects/PhyloPhere/Data/6.CAAS_traitfiles/Ranked/df4_sp.tab
A1CF@555	22	1000	0.022	b_414,b_670,b_448,b_578,b_703,b_85,b_962,b_43,b_188,b_475,b_254,b_666,b_780,b_71,b_941,b_545,b_647,b_444,b_609,b_574,b_351,b_123	/home/miguel/IBE-UPF/TFM/Master_projects/PhyloPhere/Data/6.CAAS_traitfiles/Ranked/df4_sp.tab
A1CF@556	0	1000	0.0		/home/miguel/IBE-UPF/TFM/Master_projects/PhyloPhere/Data/6.CAAS_traitfiles/Ranked/df4_sp.tab
A1CF@558	0	1000	0.0		/home/miguel/IBE-UPF/TFM/Master_projects/PhyloPhere/Data/6.CAAS_traitfiles/Ranked/df4_sp.tab
A1CF@559	0	1000	0.0		/home/miguel/IBE-UPF/TFM/Master_projects/PhyloPhere/Data/6.CAAS_traitfiles/Ranked/df4_sp.tab
A1CF@574	0	1000	0.0		/home/miguel/IBE-UPF/TFM/Master_projects/PhyloPhere/Data/6.CAAS_traitfiles/Ranked/df4_sp.tab
A1CF@577	30	1000	0.03	b_414,b_585,b_670,b_448,b_578,b_703,b_85,b_915,b_962,b_43,b_188,b_943,b_475,b_839,b_254,b_666,b_780,b_633,b_481,b_545,b_647,b_701,b_454,b_909,b_840,b_609,b_512,b_574,b_513,b_351	/home/miguel/IBE-UPF/TFM/Master_projects/PhyloPhere/Data/6.CAAS_traitfiles/Ranked/df4_sp.tab
