A2ML1@0	0	1000	0.0		/home/miguel/IBE-UPF/TFM/Master_projects/PhyloPhere/Data/6.CAAS_traitfiles/Ranked/df4_sp.tab
A2ML1@5	0	1000	0.0		/home/miguel/IBE-UPF/TFM/Master_projects/PhyloPhere/Data/6.CAAS_traitfiles/Ranked/df4_sp.tab
A2ML1@8	0	1000	0.0		/home/miguel/IBE-UPF/TFM/Master_projects/PhyloPhere/Data/6.CAAS_traitfiles/Ranked/df4_sp.tab
A2ML1@11	0	1000	0.0		/home/miguel/IBE-UPF/TFM/Master_projects/PhyloPhere/Data/6.CAAS_traitfiles/Ranked/df4_sp.tab
A2ML1@12	0	1000	0.0		/home/miguel/IBE-UPF/TFM/Master_projects/PhyloPhere/Data/6.CAAS_traitfiles/Ranked/df4_sp.tab
A2ML1@13	0	1000	0.0		/home/miguel/IBE-UPF/TFM/Master_projects/PhyloPhere/Data/6.CAAS_traitfiles/Ranked/df4_sp.tab
A2ML1@14	17	1000	0.017	b_454,b_839,b_309,b_71,b_941,b_512,b_367,b_155,b_414,b_840,b_546,b_931,b_513,b_3,b_188,b_240,b_475	/home/miguel/IBE-UPF/TFM/Master_projects/PhyloPhere/Data/6.CAAS_traitfiles/Ranked/df4_sp.tab
A2ML1@26	33	1000	0.033	b_203,b_453,b_94,b_304,b_866,b_841,b_694,b_21,b_697,b_932,b_38,b_172,b_564,b_880,b_844,b_767,b_353,b_988,b_894,b_459,b_970,b_731,b_421,b_806,b_7,b_284,b_989,b_332,b_919,b_875,b_187,b_202,b_240	/home/miguel/IBE-UPF/TFM/Master_projects/PhyloPhere/Data/6.CAAS_traitfiles/Ranked/df4_sp.tab
A2ML1@27	0	1000	0.0		/home/miguel/IBE-UPF/TFM/Master_projects/PhyloPhere/Data/6.CAAS_traitfiles/Ranked/df4_sp.tab
A2ML1@28	9	1000	0.009	b_807,b_932,b_605,b_699,b_353,b_812,b_65,b_919,b_875	/home/miguel/IBE-UPF/TFM/Master_projects/PhyloPhere/Data/6.CAAS_traitfiles/Ranked/df4_sp.tab
A2ML1@29	0	1000	0.0		/home/miguel/IBE-UPF/TFM/Master_projects/PhyloPhere/Data/6.CAAS_traitfiles/Ranked/df4_sp.tab
A2ML1@31	0	1000	0.0		/home/miguel/IBE-UPF/TFM/Master_projects/PhyloPhere/Data/6.CAAS_traitfiles/Ranked/df4_sp.tab
A2ML1@32	5	1000	0.005	b_71,b_941,b_414,b_188,b_475	/home/miguel/IBE-UPF/TFM/Master_projects/PhyloPhere/Data/6.CAAS_traitfiles/Ranked/df4_sp.tab
A2ML1@33	0	1000	0.0		/home/miguel/IBE-UPF/TFM/Master_projects/PhyloPhere/Data/6.CAAS_traitfiles/Ranked/df4_sp.tab
A2ML1@38	5	1000	0.005	b_71,b_941,b_414,b_188,b_475	/home/miguel/IBE-UPF/TFM/Master_projects/PhyloPhere/Data/6.CAAS_traitfiles/Ranked/df4_sp.tab
A2ML1@40	0	1000	0.0		/home/miguel/IBE-UPF/TFM/Master_projects/PhyloPhere/Data/6.CAAS_traitfiles/Ranked/df4_sp.tab
A2ML1@41	9	1000	0.009	b_807,b_932,b_605,b_699,b_353,b_812,b_65,b_919,b_875	/home/miguel/IBE-UPF/TFM/Master_projects/PhyloPhere/Data/6.CAAS_traitfiles/Ranked/df4_sp.tab
A2ML1@46	0	1000	0.0		/home/miguel/IBE-UPF/TFM/Master_projects/PhyloPhere/Data/6.CAAS_traitfiles/Ranked/df4_sp.tab
A2ML1@48	0	1000	0.0		/home/miguel/IBE-UPF/TFM/Master_projects/PhyloPhere/Data/6.CAAS_traitfiles/Ranked/df4_sp.tab
A2ML1@50	0	1000	0.0		/home/miguel/IBE-UPF/TFM/Master_projects/PhyloPhere/Data/6.CAAS_traitfiles/Ranked/df4_sp.tab
A2ML1@51	0	1000	0.0		/home/miguel/IBE-UPF/TFM/Master_projects/PhyloPhere/Data/6.CAAS_traitfiles/Ranked/df4_sp.tab
A2ML1@52	0	1000	0.0		/home/miguel/IBE-UPF/TFM/Master_projects/PhyloPhere/Data/6.CAAS_traitfiles/Ranked/df4_sp.tab
A2ML1@53	0	1000	0.0		/home/miguel/IBE-UPF/TFM/Master_projects/PhyloPhere/Data/6.CAAS_traitfiles/Ranked/df4_sp.tab
A2ML1@55	0	1000	0.0		/home/miguel/IBE-UPF/TFM/Master_projects/PhyloPhere/Data/6.CAAS_traitfiles/Ranked/df4_sp.tab
A2ML1@57	0	1000	0.0		/home/miguel/IBE-UPF/TFM/Master_projects/PhyloPhere/Data/6.CAAS_traitfiles/Ranked/df4_sp.tab
A2ML1@65	0	1000	0.0		/home/miguel/IBE-UPF/TFM/Master_projects/PhyloPhere/Data/6.CAAS_traitfiles/Ranked/df4_sp.tab
A2ML1@66	0	1000	0.0		/home/miguel/IBE-UPF/TFM/Master_projects/PhyloPhere/Data/6.CAAS_traitfiles/Ranked/df4_sp.tab
A2ML1@74	0	1000	0.0		/home/miguel/IBE-UPF/TFM/Master_projects/PhyloPhere/Data/6.CAAS_traitfiles/Ranked/df4_sp.tab
A2ML1@75	0	1000	0.0		/home/miguel/IBE-UPF/TFM/Master_projects/PhyloPhere/Data/6.CAAS_traitfiles/Ranked/df4_sp.tab
A2ML1@78	0	1000	0.0		/home/miguel/IBE-UPF/TFM/Master_projects/PhyloPhere/Data/6.CAAS_traitfiles/Ranked/df4_sp.tab
A2ML1@79	0	1000	0.0		/home/miguel/IBE-UPF/TFM/Master_projects/PhyloPhere/Data/6.CAAS_traitfiles/Ranked/df4_sp.tab
A2ML1@81	5	1000	0.005	b_71,b_941,b_414,b_188,b_475	/home/miguel/IBE-UPF/TFM/Master_projects/PhyloPhere/Data/6.CAAS_traitfiles/Ranked/df4_sp.tab
A2ML1@83	5	1000	0.005	b_71,b_941,b_414,b_188,b_475	/home/miguel/IBE-UPF/TFM/Master_projects/PhyloPhere/Data/6.CAAS_traitfiles/Ranked/df4_sp.tab
A2ML1@84	2	1000	0.002	b_412,b_365	/home/miguel/IBE-UPF/TFM/Master_projects/PhyloPhere/Data/6.CAAS_traitfiles/Ranked/df4_sp.tab
A2ML1@85	0	1000	0.0		/home/miguel/IBE-UPF/TFM/Master_projects/PhyloPhere/Data/6.CAAS_traitfiles/Ranked/df4_sp.tab
A2ML1@90	0	1000	0.0		/home/miguel/IBE-UPF/TFM/Master_projects/PhyloPhere/Data/6.CAAS_traitfiles/Ranked/df4_sp.tab
A2ML1@91	0	1000	0.0		/home/miguel/IBE-UPF/TFM/Master_projects/PhyloPhere/Data/6.CAAS_traitfiles/Ranked/df4_sp.tab
A2ML1@96	0	1000	0.0		/home/miguel/IBE-UPF/TFM/Master_projects/PhyloPhere/Data/6.CAAS_traitfiles/Ranked/df4_sp.tab
A2ML1@98	0	1000	0.0		/home/miguel/IBE-UPF/TFM/Master_projects/PhyloPhere/Data/6.CAAS_traitfiles/Ranked/df4_sp.tab
A2ML1@108	11	1000	0.011	b_782,b_71,b_941,b_38,b_184,b_411,b_414,b_533,b_197,b_188,b_475	/home/miguel/IBE-UPF/TFM/Master_projects/PhyloPhere/Data/6.CAAS_traitfiles/Ranked/df4_sp.tab
A2ML1@110	0	1000	0.0		/home/miguel/IBE-UPF/TFM/Master_projects/PhyloPhere/Data/6.CAAS_traitfiles/Ranked/df4_sp.tab
A2ML1@111	0	1000	0.0		/home/miguel/IBE-UPF/TFM/Master_projects/PhyloPhere/Data/6.CAAS_traitfiles/Ranked/df4_sp.tab
A2ML1@114	5	1000	0.005	b_71,b_941,b_414,b_188,b_475	/home/miguel/IBE-UPF/TFM/Master_projects/PhyloPhere/Data/6.CAAS_traitfiles/Ranked/df4_sp.tab
A2ML1@116	0	1000	0.0		/home/miguel/IBE-UPF/TFM/Master_projects/PhyloPhere/Data/6.CAAS_traitfiles/Ranked/df4_sp.tab
A2ML1@117	0	1000	0.0		/home/miguel/IBE-UPF/TFM/Master_projects/PhyloPhere/Data/6.CAAS_traitfiles/Ranked/df4_sp.tab
A2ML1@119	0	1000	0.0		/home/miguel/IBE-UPF/TFM/Master_projects/PhyloPhere/Data/6.CAAS_traitfiles/Ranked/df4_sp.tab
A2ML1@121	0	1000	0.0		/home/miguel/IBE-UPF/TFM/Master_projects/PhyloPhere/Data/6.CAAS_traitfiles/Ranked/df4_sp.tab
A2ML1@122	34	1000	0.034	b_335,b_948,b_665,b_36,b_680,b_217,b_686,b_841,b_871,b_21,b_265,b_451,b_367,b_810,b_844,b_610,b_699,b_86,b_353,b_935,b_812,b_970,b_903,b_67,b_65,b_484,b_997,b_385,b_140,b_875,b_325,b_34,b_728,b_240	/home/miguel/IBE-UPF/TFM/Master_projects/PhyloPhere/Data/6.CAAS_traitfiles/Ranked/df4_sp.tab
A2ML1@123	5	1000	0.005	b_71,b_941,b_414,b_188,b_475	/home/miguel/IBE-UPF/TFM/Master_projects/PhyloPhere/Data/6.CAAS_traitfiles/Ranked/df4_sp.tab
A2ML1@125	0	1000	0.0		/home/miguel/IBE-UPF/TFM/Master_projects/PhyloPhere/Data/6.CAAS_traitfiles/Ranked/df4_sp.tab
A2ML1@127	0	1000	0.0		/home/miguel/IBE-UPF/TFM/Master_projects/PhyloPhere/Data/6.CAAS_traitfiles/Ranked/df4_sp.tab
A2ML1@133	20	1000	0.02	b_782,b_750,b_404,b_71,b_500,b_941,b_84,b_305,b_551,b_144,b_411,b_917,b_401,b_414,b_749,b_811,b_197,b_985,b_381,b_475	/home/miguel/IBE-UPF/TFM/Master_projects/PhyloPhere/Data/6.CAAS_traitfiles/Ranked/df4_sp.tab
A2ML1@134	12	1000	0.012	b_782,b_404,b_71,b_500,b_941,b_144,b_411,b_414,b_468,b_811,b_197,b_475	/home/miguel/IBE-UPF/TFM/Master_projects/PhyloPhere/Data/6.CAAS_traitfiles/Ranked/df4_sp.tab
A2ML1@135	4	1000	0.004	b_71,b_941,b_414,b_475	/home/miguel/IBE-UPF/TFM/Master_projects/PhyloPhere/Data/6.CAAS_traitfiles/Ranked/df4_sp.tab
A2ML1@136	30	1000	0.03	b_335,b_948,b_680,b_309,b_217,b_841,b_21,b_807,b_602,b_932,b_605,b_810,b_880,b_699,b_86,b_485,b_353,b_812,b_970,b_44,b_52,b_65,b_484,b_997,b_385,b_140,b_919,b_10,b_875,b_34	/home/miguel/IBE-UPF/TFM/Master_projects/PhyloPhere/Data/6.CAAS_traitfiles/Ranked/df4_sp.tab
A2ML1@137	4	1000	0.004	b_71,b_941,b_414,b_475	/home/miguel/IBE-UPF/TFM/Master_projects/PhyloPhere/Data/6.CAAS_traitfiles/Ranked/df4_sp.tab
A2ML1@138	4	1000	0.004	b_71,b_941,b_414,b_475	/home/miguel/IBE-UPF/TFM/Master_projects/PhyloPhere/Data/6.CAAS_traitfiles/Ranked/df4_sp.tab
A2ML1@139	10	1000	0.01	b_675,b_71,b_941,b_605,b_699,b_812,b_414,b_65,b_919,b_475	/home/miguel/IBE-UPF/TFM/Master_projects/PhyloPhere/Data/6.CAAS_traitfiles/Ranked/df4_sp.tab
A2ML1@140	4	1000	0.004	b_71,b_941,b_414,b_475	/home/miguel/IBE-UPF/TFM/Master_projects/PhyloPhere/Data/6.CAAS_traitfiles/Ranked/df4_sp.tab
A2ML1@141	0	1000	0.0		/home/miguel/IBE-UPF/TFM/Master_projects/PhyloPhere/Data/6.CAAS_traitfiles/Ranked/df4_sp.tab
A2ML1@145	0	1000	0.0		/home/miguel/IBE-UPF/TFM/Master_projects/PhyloPhere/Data/6.CAAS_traitfiles/Ranked/df4_sp.tab
A2ML1@148	0	1000	0.0		/home/miguel/IBE-UPF/TFM/Master_projects/PhyloPhere/Data/6.CAAS_traitfiles/Ranked/df4_sp.tab
A2ML1@149	0	1000	0.0		/home/miguel/IBE-UPF/TFM/Master_projects/PhyloPhere/Data/6.CAAS_traitfiles/Ranked/df4_sp.tab
A2ML1@150	0	1000	0.0		/home/miguel/IBE-UPF/TFM/Master_projects/PhyloPhere/Data/6.CAAS_traitfiles/Ranked/df4_sp.tab
A2ML1@153	0	1000	0.0		/home/miguel/IBE-UPF/TFM/Master_projects/PhyloPhere/Data/6.CAAS_traitfiles/Ranked/df4_sp.tab
A2ML1@154	0	1000	0.0		/home/miguel/IBE-UPF/TFM/Master_projects/PhyloPhere/Data/6.CAAS_traitfiles/Ranked/df4_sp.tab
A2ML1@155	34	1000	0.034	b_415,b_453,b_422,b_675,b_309,b_217,b_602,b_697,b_265,b_172,b_366,b_451,b_671,b_367,b_810,b_880,b_844,b_718,b_767,b_935,b_104,b_894,b_806,b_7,b_208,b_449,b_903,b_65,b_484,b_890,b_639,b_571,b_654,b_875	/home/miguel/IBE-UPF/TFM/Master_projects/PhyloPhere/Data/6.CAAS_traitfiles/Ranked/df4_sp.tab
A2ML1@157	3	1000	0.003	b_71,b_941,b_475	/home/miguel/IBE-UPF/TFM/Master_projects/PhyloPhere/Data/6.CAAS_traitfiles/Ranked/df4_sp.tab
A2ML1@161	0	1000	0.0		/home/miguel/IBE-UPF/TFM/Master_projects/PhyloPhere/Data/6.CAAS_traitfiles/Ranked/df4_sp.tab
A2ML1@162	0	1000	0.0		/home/miguel/IBE-UPF/TFM/Master_projects/PhyloPhere/Data/6.CAAS_traitfiles/Ranked/df4_sp.tab
A2ML1@163	0	1000	0.0		/home/miguel/IBE-UPF/TFM/Master_projects/PhyloPhere/Data/6.CAAS_traitfiles/Ranked/df4_sp.tab
A2ML1@164	0	1000	0.0		/home/miguel/IBE-UPF/TFM/Master_projects/PhyloPhere/Data/6.CAAS_traitfiles/Ranked/df4_sp.tab
A2ML1@165	0	1000	0.0		/home/miguel/IBE-UPF/TFM/Master_projects/PhyloPhere/Data/6.CAAS_traitfiles/Ranked/df4_sp.tab
A2ML1@167	0	1000	0.0		/home/miguel/IBE-UPF/TFM/Master_projects/PhyloPhere/Data/6.CAAS_traitfiles/Ranked/df4_sp.tab
A2ML1@168	0	1000	0.0		/home/miguel/IBE-UPF/TFM/Master_projects/PhyloPhere/Data/6.CAAS_traitfiles/Ranked/df4_sp.tab
A2ML1@169	0	1000	0.0		/home/miguel/IBE-UPF/TFM/Master_projects/PhyloPhere/Data/6.CAAS_traitfiles/Ranked/df4_sp.tab
A2ML1@170	0	1000	0.0		/home/miguel/IBE-UPF/TFM/Master_projects/PhyloPhere/Data/6.CAAS_traitfiles/Ranked/df4_sp.tab
A2ML1@171	0	1000	0.0		/home/miguel/IBE-UPF/TFM/Master_projects/PhyloPhere/Data/6.CAAS_traitfiles/Ranked/df4_sp.tab
A2ML1@172	5	1000	0.005	b_71,b_941,b_414,b_188,b_475	/home/miguel/IBE-UPF/TFM/Master_projects/PhyloPhere/Data/6.CAAS_traitfiles/Ranked/df4_sp.tab
A2ML1@173	0	1000	0.0		/home/miguel/IBE-UPF/TFM/Master_projects/PhyloPhere/Data/6.CAAS_traitfiles/Ranked/df4_sp.tab
A2ML1@174	0	1000	0.0		/home/miguel/IBE-UPF/TFM/Master_projects/PhyloPhere/Data/6.CAAS_traitfiles/Ranked/df4_sp.tab
A2ML1@175	0	1000	0.0		/home/miguel/IBE-UPF/TFM/Master_projects/PhyloPhere/Data/6.CAAS_traitfiles/Ranked/df4_sp.tab
A2ML1@176	0	1000	0.0		/home/miguel/IBE-UPF/TFM/Master_projects/PhyloPhere/Data/6.CAAS_traitfiles/Ranked/df4_sp.tab
A2ML1@177	0	1000	0.0		/home/miguel/IBE-UPF/TFM/Master_projects/PhyloPhere/Data/6.CAAS_traitfiles/Ranked/df4_sp.tab
A2ML1@178	0	1000	0.0		/home/miguel/IBE-UPF/TFM/Master_projects/PhyloPhere/Data/6.CAAS_traitfiles/Ranked/df4_sp.tab
A2ML1@179	0	1000	0.0		/home/miguel/IBE-UPF/TFM/Master_projects/PhyloPhere/Data/6.CAAS_traitfiles/Ranked/df4_sp.tab
A2ML1@180	0	1000	0.0		/home/miguel/IBE-UPF/TFM/Master_projects/PhyloPhere/Data/6.CAAS_traitfiles/Ranked/df4_sp.tab
A2ML1@181	0	1000	0.0		/home/miguel/IBE-UPF/TFM/Master_projects/PhyloPhere/Data/6.CAAS_traitfiles/Ranked/df4_sp.tab
A2ML1@182	0	1000	0.0		/home/miguel/IBE-UPF/TFM/Master_projects/PhyloPhere/Data/6.CAAS_traitfiles/Ranked/df4_sp.tab
A2ML1@184	0	1000	0.0		/home/miguel/IBE-UPF/TFM/Master_projects/PhyloPhere/Data/6.CAAS_traitfiles/Ranked/df4_sp.tab
A2ML1@185	0	1000	0.0		/home/miguel/IBE-UPF/TFM/Master_projects/PhyloPhere/Data/6.CAAS_traitfiles/Ranked/df4_sp.tab
A2ML1@186	0	1000	0.0		/home/miguel/IBE-UPF/TFM/Master_projects/PhyloPhere/Data/6.CAAS_traitfiles/Ranked/df4_sp.tab
A2ML1@187	0	1000	0.0		/home/miguel/IBE-UPF/TFM/Master_projects/PhyloPhere/Data/6.CAAS_traitfiles/Ranked/df4_sp.tab
A2ML1@188	0	1000	0.0		/home/miguel/IBE-UPF/TFM/Master_projects/PhyloPhere/Data/6.CAAS_traitfiles/Ranked/df4_sp.tab
A2ML1@189	0	1000	0.0		/home/miguel/IBE-UPF/TFM/Master_projects/PhyloPhere/Data/6.CAAS_traitfiles/Ranked/df4_sp.tab
A2ML1@190	0	1000	0.0		/home/miguel/IBE-UPF/TFM/Master_projects/PhyloPhere/Data/6.CAAS_traitfiles/Ranked/df4_sp.tab
A2ML1@191	0	1000	0.0		/home/miguel/IBE-UPF/TFM/Master_projects/PhyloPhere/Data/6.CAAS_traitfiles/Ranked/df4_sp.tab
A2ML1@192	0	1000	0.0		/home/miguel/IBE-UPF/TFM/Master_projects/PhyloPhere/Data/6.CAAS_traitfiles/Ranked/df4_sp.tab
A2ML1@193	0	1000	0.0		/home/miguel/IBE-UPF/TFM/Master_projects/PhyloPhere/Data/6.CAAS_traitfiles/Ranked/df4_sp.tab
A2ML1@194	0	1000	0.0		/home/miguel/IBE-UPF/TFM/Master_projects/PhyloPhere/Data/6.CAAS_traitfiles/Ranked/df4_sp.tab
A2ML1@195	0	1000	0.0		/home/miguel/IBE-UPF/TFM/Master_projects/PhyloPhere/Data/6.CAAS_traitfiles/Ranked/df4_sp.tab
A2ML1@201	0	1000	0.0		/home/miguel/IBE-UPF/TFM/Master_projects/PhyloPhere/Data/6.CAAS_traitfiles/Ranked/df4_sp.tab
A2ML1@203	0	1000	0.0		/home/miguel/IBE-UPF/TFM/Master_projects/PhyloPhere/Data/6.CAAS_traitfiles/Ranked/df4_sp.tab
A2ML1@205	0	1000	0.0		/home/miguel/IBE-UPF/TFM/Master_projects/PhyloPhere/Data/6.CAAS_traitfiles/Ranked/df4_sp.tab
A2ML1@207	0	1000	0.0		/home/miguel/IBE-UPF/TFM/Master_projects/PhyloPhere/Data/6.CAAS_traitfiles/Ranked/df4_sp.tab
A2ML1@208	5	1000	0.005	b_71,b_941,b_414,b_188,b_475	/home/miguel/IBE-UPF/TFM/Master_projects/PhyloPhere/Data/6.CAAS_traitfiles/Ranked/df4_sp.tab
A2ML1@211	0	1000	0.0		/home/miguel/IBE-UPF/TFM/Master_projects/PhyloPhere/Data/6.CAAS_traitfiles/Ranked/df4_sp.tab
A2ML1@212	0	1000	0.0		/home/miguel/IBE-UPF/TFM/Master_projects/PhyloPhere/Data/6.CAAS_traitfiles/Ranked/df4_sp.tab
A2ML1@213	0	1000	0.0		/home/miguel/IBE-UPF/TFM/Master_projects/PhyloPhere/Data/6.CAAS_traitfiles/Ranked/df4_sp.tab
A2ML1@217	0	1000	0.0		/home/miguel/IBE-UPF/TFM/Master_projects/PhyloPhere/Data/6.CAAS_traitfiles/Ranked/df4_sp.tab
A2ML1@218	0	1000	0.0		/home/miguel/IBE-UPF/TFM/Master_projects/PhyloPhere/Data/6.CAAS_traitfiles/Ranked/df4_sp.tab
A2ML1@222	0	1000	0.0		/home/miguel/IBE-UPF/TFM/Master_projects/PhyloPhere/Data/6.CAAS_traitfiles/Ranked/df4_sp.tab
A2ML1@224	0	1000	0.0		/home/miguel/IBE-UPF/TFM/Master_projects/PhyloPhere/Data/6.CAAS_traitfiles/Ranked/df4_sp.tab
A2ML1@225	0	1000	0.0		/home/miguel/IBE-UPF/TFM/Master_projects/PhyloPhere/Data/6.CAAS_traitfiles/Ranked/df4_sp.tab
A2ML1@230	5	1000	0.005	b_71,b_941,b_414,b_188,b_475	/home/miguel/IBE-UPF/TFM/Master_projects/PhyloPhere/Data/6.CAAS_traitfiles/Ranked/df4_sp.tab
A2ML1@233	0	1000	0.0		/home/miguel/IBE-UPF/TFM/Master_projects/PhyloPhere/Data/6.CAAS_traitfiles/Ranked/df4_sp.tab
A2ML1@235	0	1000	0.0		/home/miguel/IBE-UPF/TFM/Master_projects/PhyloPhere/Data/6.CAAS_traitfiles/Ranked/df4_sp.tab
A2ML1@236	0	1000	0.0		/home/miguel/IBE-UPF/TFM/Master_projects/PhyloPhere/Data/6.CAAS_traitfiles/Ranked/df4_sp.tab
A2ML1@238	15	1000	0.015	b_454,b_839,b_71,b_701,b_941,b_512,b_38,b_586,b_198,b_915,b_414,b_840,b_533,b_424,b_475	/home/miguel/IBE-UPF/TFM/Master_projects/PhyloPhere/Data/6.CAAS_traitfiles/Ranked/df4_sp.tab
A2ML1@243	20	1000	0.02	b_948,b_71,b_941,b_807,b_38,b_264,b_367,b_184,b_610,b_878,b_411,b_414,b_161,b_903,b_533,b_997,b_513,b_188,b_240,b_475	/home/miguel/IBE-UPF/TFM/Master_projects/PhyloPhere/Data/6.CAAS_traitfiles/Ranked/df4_sp.tab
A2ML1@244	0	1000	0.0		/home/miguel/IBE-UPF/TFM/Master_projects/PhyloPhere/Data/6.CAAS_traitfiles/Ranked/df4_sp.tab
A2ML1@245	0	1000	0.0		/home/miguel/IBE-UPF/TFM/Master_projects/PhyloPhere/Data/6.CAAS_traitfiles/Ranked/df4_sp.tab
A2ML1@247	0	1000	0.0		/home/miguel/IBE-UPF/TFM/Master_projects/PhyloPhere/Data/6.CAAS_traitfiles/Ranked/df4_sp.tab
A2ML1@248	0	1000	0.0		/home/miguel/IBE-UPF/TFM/Master_projects/PhyloPhere/Data/6.CAAS_traitfiles/Ranked/df4_sp.tab
A2ML1@249	0	1000	0.0		/home/miguel/IBE-UPF/TFM/Master_projects/PhyloPhere/Data/6.CAAS_traitfiles/Ranked/df4_sp.tab
A2ML1@250	0	1000	0.0		/home/miguel/IBE-UPF/TFM/Master_projects/PhyloPhere/Data/6.CAAS_traitfiles/Ranked/df4_sp.tab
A2ML1@251	6	1000	0.006	b_71,b_941,b_978,b_896,b_188,b_475	/home/miguel/IBE-UPF/TFM/Master_projects/PhyloPhere/Data/6.CAAS_traitfiles/Ranked/df4_sp.tab
A2ML1@252	23	1000	0.023	b_665,b_217,b_841,b_807,b_932,b_451,b_605,b_844,b_699,b_86,b_353,b_812,b_970,b_265,b_7,b_903,b_65,b_385,b_919,b_10,b_875,b_325,b_240	/home/miguel/IBE-UPF/TFM/Master_projects/PhyloPhere/Data/6.CAAS_traitfiles/Ranked/df4_sp.tab
A2ML1@256	1	1000	0.001	b_709	/home/miguel/IBE-UPF/TFM/Master_projects/PhyloPhere/Data/6.CAAS_traitfiles/Ranked/df4_sp.tab
A2ML1@257	0	1000	0.0		/home/miguel/IBE-UPF/TFM/Master_projects/PhyloPhere/Data/6.CAAS_traitfiles/Ranked/df4_sp.tab
A2ML1@258	16	1000	0.016	b_415,b_697,b_243,b_172,b_366,b_718,b_767,b_549,b_104,b_894,b_139,b_806,b_208,b_890,b_790,b_908	/home/miguel/IBE-UPF/TFM/Master_projects/PhyloPhere/Data/6.CAAS_traitfiles/Ranked/df4_sp.tab
A2ML1@259	0	1000	0.0		/home/miguel/IBE-UPF/TFM/Master_projects/PhyloPhere/Data/6.CAAS_traitfiles/Ranked/df4_sp.tab
A2ML1@271	5	1000	0.005	b_71,b_941,b_414,b_188,b_475	/home/miguel/IBE-UPF/TFM/Master_projects/PhyloPhere/Data/6.CAAS_traitfiles/Ranked/df4_sp.tab
A2ML1@273	0	1000	0.0		/home/miguel/IBE-UPF/TFM/Master_projects/PhyloPhere/Data/6.CAAS_traitfiles/Ranked/df4_sp.tab
A2ML1@278	47	1000	0.047	b_415,b_312,b_115,b_645,b_515,b_94,b_615,b_78,b_751,b_97,b_688,b_700,b_841,b_510,b_694,b_697,b_396,b_361,b_243,b_667,b_366,b_976,b_136,b_47,b_86,b_883,b_549,b_917,b_894,b_317,b_139,b_806,b_787,b_52,b_77,b_250,b_284,b_51,b_890,b_790,b_40,b_526,b_908,b_202,b_926,b_949,b_475	/home/miguel/IBE-UPF/TFM/Master_projects/PhyloPhere/Data/6.CAAS_traitfiles/Ranked/df4_sp.tab
A2ML1@280	47	1000	0.047	b_415,b_312,b_115,b_645,b_515,b_94,b_615,b_78,b_751,b_97,b_688,b_700,b_841,b_510,b_694,b_697,b_396,b_361,b_243,b_667,b_366,b_976,b_136,b_47,b_86,b_883,b_549,b_917,b_894,b_317,b_139,b_806,b_787,b_52,b_77,b_250,b_284,b_51,b_890,b_790,b_40,b_526,b_908,b_202,b_926,b_949,b_475	/home/miguel/IBE-UPF/TFM/Master_projects/PhyloPhere/Data/6.CAAS_traitfiles/Ranked/df4_sp.tab
A2ML1@281	0	1000	0.0		/home/miguel/IBE-UPF/TFM/Master_projects/PhyloPhere/Data/6.CAAS_traitfiles/Ranked/df4_sp.tab
A2ML1@282	0	1000	0.0		/home/miguel/IBE-UPF/TFM/Master_projects/PhyloPhere/Data/6.CAAS_traitfiles/Ranked/df4_sp.tab
A2ML1@283	5	1000	0.005	b_71,b_941,b_414,b_188,b_475	/home/miguel/IBE-UPF/TFM/Master_projects/PhyloPhere/Data/6.CAAS_traitfiles/Ranked/df4_sp.tab
A2ML1@285	11	1000	0.011	b_412,b_697,b_243,b_844,b_718,b_767,b_549,b_677,b_584,b_208,b_890	/home/miguel/IBE-UPF/TFM/Master_projects/PhyloPhere/Data/6.CAAS_traitfiles/Ranked/df4_sp.tab
A2ML1@286	0	1000	0.0		/home/miguel/IBE-UPF/TFM/Master_projects/PhyloPhere/Data/6.CAAS_traitfiles/Ranked/df4_sp.tab
A2ML1@287	71	1000	0.071	b_415,b_312,b_335,b_948,b_115,b_645,b_515,b_94,b_680,b_615,b_78,b_751,b_217,b_71,b_97,b_688,b_941,b_700,b_841,b_510,b_694,b_21,b_807,b_697,b_396,b_932,b_243,b_638,b_810,b_605,b_976,b_880,b_699,b_136,b_47,b_86,b_485,b_549,b_353,b_812,b_894,b_317,b_414,b_139,b_970,b_806,b_787,b_52,b_77,b_250,b_284,b_65,b_484,b_997,b_51,b_890,b_385,b_140,b_919,b_790,b_10,b_875,b_34,b_40,b_188,b_526,b_908,b_202,b_926,b_949,b_475	/home/miguel/IBE-UPF/TFM/Master_projects/PhyloPhere/Data/6.CAAS_traitfiles/Ranked/df4_sp.tab
A2ML1@288	0	1000	0.0		/home/miguel/IBE-UPF/TFM/Master_projects/PhyloPhere/Data/6.CAAS_traitfiles/Ranked/df4_sp.tab
A2ML1@289	0	1000	0.0		/home/miguel/IBE-UPF/TFM/Master_projects/PhyloPhere/Data/6.CAAS_traitfiles/Ranked/df4_sp.tab
A2ML1@292	0	1000	0.0		/home/miguel/IBE-UPF/TFM/Master_projects/PhyloPhere/Data/6.CAAS_traitfiles/Ranked/df4_sp.tab
A2ML1@293	0	1000	0.0		/home/miguel/IBE-UPF/TFM/Master_projects/PhyloPhere/Data/6.CAAS_traitfiles/Ranked/df4_sp.tab
A2ML1@297	5	1000	0.005	b_71,b_941,b_414,b_188,b_475	/home/miguel/IBE-UPF/TFM/Master_projects/PhyloPhere/Data/6.CAAS_traitfiles/Ranked/df4_sp.tab
A2ML1@301	0	1000	0.0		/home/miguel/IBE-UPF/TFM/Master_projects/PhyloPhere/Data/6.CAAS_traitfiles/Ranked/df4_sp.tab
A2ML1@302	0	1000	0.0		/home/miguel/IBE-UPF/TFM/Master_projects/PhyloPhere/Data/6.CAAS_traitfiles/Ranked/df4_sp.tab
A2ML1@303	0	1000	0.0		/home/miguel/IBE-UPF/TFM/Master_projects/PhyloPhere/Data/6.CAAS_traitfiles/Ranked/df4_sp.tab
A2ML1@304	0	1000	0.0		/home/miguel/IBE-UPF/TFM/Master_projects/PhyloPhere/Data/6.CAAS_traitfiles/Ranked/df4_sp.tab
A2ML1@305	5	1000	0.005	b_71,b_941,b_414,b_188,b_475	/home/miguel/IBE-UPF/TFM/Master_projects/PhyloPhere/Data/6.CAAS_traitfiles/Ranked/df4_sp.tab
A2ML1@308	16	1000	0.016	b_415,b_22,b_115,b_645,b_71,b_681,b_489,b_941,b_153,b_199,b_50,b_414,b_685,b_255,b_698,b_475	/home/miguel/IBE-UPF/TFM/Master_projects/PhyloPhere/Data/6.CAAS_traitfiles/Ranked/df4_sp.tab
A2ML1@309	19	1000	0.019	b_335,b_304,b_490,b_700,b_841,b_771,b_932,b_442,b_972,b_222,b_935,b_894,b_459,b_900,b_208,b_67,b_65,b_325,b_240	/home/miguel/IBE-UPF/TFM/Master_projects/PhyloPhere/Data/6.CAAS_traitfiles/Ranked/df4_sp.tab
A2ML1@313	5	1000	0.005	b_71,b_941,b_414,b_188,b_475	/home/miguel/IBE-UPF/TFM/Master_projects/PhyloPhere/Data/6.CAAS_traitfiles/Ranked/df4_sp.tab
A2ML1@314	41	1000	0.041	b_453,b_335,b_948,b_665,b_680,b_217,b_841,b_21,b_807,b_932,b_38,b_451,b_367,b_810,b_605,b_880,b_844,b_610,b_699,b_86,b_485,b_353,b_935,b_812,b_970,b_265,b_7,b_67,b_903,b_65,b_484,b_997,b_989,b_385,b_140,b_919,b_10,b_875,b_325,b_34,b_240	/home/miguel/IBE-UPF/TFM/Master_projects/PhyloPhere/Data/6.CAAS_traitfiles/Ranked/df4_sp.tab
A2ML1@315	0	1000	0.0		/home/miguel/IBE-UPF/TFM/Master_projects/PhyloPhere/Data/6.CAAS_traitfiles/Ranked/df4_sp.tab
A2ML1@319	0	1000	0.0		/home/miguel/IBE-UPF/TFM/Master_projects/PhyloPhere/Data/6.CAAS_traitfiles/Ranked/df4_sp.tab
A2ML1@324	47	1000	0.047	b_415,b_312,b_115,b_645,b_515,b_94,b_615,b_78,b_751,b_97,b_688,b_700,b_841,b_510,b_694,b_697,b_396,b_361,b_243,b_667,b_366,b_976,b_136,b_47,b_86,b_883,b_549,b_917,b_894,b_317,b_139,b_806,b_787,b_52,b_77,b_250,b_284,b_51,b_890,b_790,b_40,b_526,b_908,b_202,b_926,b_949,b_475	/home/miguel/IBE-UPF/TFM/Master_projects/PhyloPhere/Data/6.CAAS_traitfiles/Ranked/df4_sp.tab
A2ML1@325	1	1000	0.001	b_222	/home/miguel/IBE-UPF/TFM/Master_projects/PhyloPhere/Data/6.CAAS_traitfiles/Ranked/df4_sp.tab
A2ML1@328	8	1000	0.008	b_12,b_71,b_941,b_822,b_112,b_414,b_188,b_182	/home/miguel/IBE-UPF/TFM/Master_projects/PhyloPhere/Data/6.CAAS_traitfiles/Ranked/df4_sp.tab
A2ML1@334	0	1000	0.0		/home/miguel/IBE-UPF/TFM/Master_projects/PhyloPhere/Data/6.CAAS_traitfiles/Ranked/df4_sp.tab
A2ML1@337	0	1000	0.0		/home/miguel/IBE-UPF/TFM/Master_projects/PhyloPhere/Data/6.CAAS_traitfiles/Ranked/df4_sp.tab
A2ML1@338	41	1000	0.041	b_453,b_335,b_948,b_665,b_680,b_217,b_841,b_21,b_807,b_932,b_38,b_451,b_367,b_810,b_605,b_880,b_844,b_610,b_699,b_86,b_485,b_353,b_935,b_812,b_970,b_265,b_7,b_67,b_903,b_65,b_484,b_997,b_989,b_385,b_140,b_919,b_10,b_875,b_325,b_34,b_240	/home/miguel/IBE-UPF/TFM/Master_projects/PhyloPhere/Data/6.CAAS_traitfiles/Ranked/df4_sp.tab
A2ML1@340	0	1000	0.0		/home/miguel/IBE-UPF/TFM/Master_projects/PhyloPhere/Data/6.CAAS_traitfiles/Ranked/df4_sp.tab
A2ML1@344	0	1000	0.0		/home/miguel/IBE-UPF/TFM/Master_projects/PhyloPhere/Data/6.CAAS_traitfiles/Ranked/df4_sp.tab
A2ML1@346	0	1000	0.0		/home/miguel/IBE-UPF/TFM/Master_projects/PhyloPhere/Data/6.CAAS_traitfiles/Ranked/df4_sp.tab
A2ML1@349	0	1000	0.0		/home/miguel/IBE-UPF/TFM/Master_projects/PhyloPhere/Data/6.CAAS_traitfiles/Ranked/df4_sp.tab
A2ML1@350	0	1000	0.0		/home/miguel/IBE-UPF/TFM/Master_projects/PhyloPhere/Data/6.CAAS_traitfiles/Ranked/df4_sp.tab
A2ML1@351	8	1000	0.008	b_71,b_941,b_849,b_978,b_896,b_10,b_188,b_475	/home/miguel/IBE-UPF/TFM/Master_projects/PhyloPhere/Data/6.CAAS_traitfiles/Ranked/df4_sp.tab
A2ML1@356	0	1000	0.0		/home/miguel/IBE-UPF/TFM/Master_projects/PhyloPhere/Data/6.CAAS_traitfiles/Ranked/df4_sp.tab
A2ML1@357	5	1000	0.005	b_71,b_941,b_414,b_188,b_475	/home/miguel/IBE-UPF/TFM/Master_projects/PhyloPhere/Data/6.CAAS_traitfiles/Ranked/df4_sp.tab
A2ML1@358	0	1000	0.0		/home/miguel/IBE-UPF/TFM/Master_projects/PhyloPhere/Data/6.CAAS_traitfiles/Ranked/df4_sp.tab
A2ML1@359	13	1000	0.013	b_680,b_626,b_265,b_502,b_671,b_849,b_414,b_522,b_10,b_34,b_188,b_206,b_475	/home/miguel/IBE-UPF/TFM/Master_projects/PhyloPhere/Data/6.CAAS_traitfiles/Ranked/df4_sp.tab
A2ML1@360	0	1000	0.0		/home/miguel/IBE-UPF/TFM/Master_projects/PhyloPhere/Data/6.CAAS_traitfiles/Ranked/df4_sp.tab
A2ML1@361	0	1000	0.0		/home/miguel/IBE-UPF/TFM/Master_projects/PhyloPhere/Data/6.CAAS_traitfiles/Ranked/df4_sp.tab
A2ML1@362	45	1000	0.045	b_453,b_335,b_948,b_665,b_36,b_680,b_217,b_686,b_841,b_871,b_21,b_807,b_932,b_38,b_451,b_367,b_810,b_605,b_880,b_844,b_610,b_699,b_86,b_485,b_353,b_935,b_812,b_970,b_265,b_7,b_67,b_903,b_65,b_484,b_997,b_989,b_385,b_140,b_919,b_10,b_875,b_325,b_34,b_728,b_240	/home/miguel/IBE-UPF/TFM/Master_projects/PhyloPhere/Data/6.CAAS_traitfiles/Ranked/df4_sp.tab
A2ML1@363	36	1000	0.036	b_899,b_415,b_22,b_115,b_645,b_94,b_71,b_489,b_941,b_510,b_361,b_837,b_50,b_47,b_238,b_311,b_317,b_414,b_139,b_806,b_52,b_503,b_250,b_263,b_685,b_255,b_890,b_480,b_790,b_698,b_40,b_526,b_202,b_964,b_926,b_475	/home/miguel/IBE-UPF/TFM/Master_projects/PhyloPhere/Data/6.CAAS_traitfiles/Ranked/df4_sp.tab
A2ML1@364	9	1000	0.009	b_807,b_932,b_605,b_699,b_353,b_812,b_65,b_919,b_875	/home/miguel/IBE-UPF/TFM/Master_projects/PhyloPhere/Data/6.CAAS_traitfiles/Ranked/df4_sp.tab
A2ML1@365	0	1000	0.0		/home/miguel/IBE-UPF/TFM/Master_projects/PhyloPhere/Data/6.CAAS_traitfiles/Ranked/df4_sp.tab
A2ML1@367	0	1000	0.0		/home/miguel/IBE-UPF/TFM/Master_projects/PhyloPhere/Data/6.CAAS_traitfiles/Ranked/df4_sp.tab
A2ML1@368	1	1000	0.001	b_414	/home/miguel/IBE-UPF/TFM/Master_projects/PhyloPhere/Data/6.CAAS_traitfiles/Ranked/df4_sp.tab
A2ML1@371	0	1000	0.0		/home/miguel/IBE-UPF/TFM/Master_projects/PhyloPhere/Data/6.CAAS_traitfiles/Ranked/df4_sp.tab
A2ML1@372	34	1000	0.034	b_453,b_335,b_948,b_665,b_680,b_217,b_21,b_38,b_265,b_451,b_502,b_605,b_880,b_844,b_699,b_86,b_485,b_377,b_353,b_812,b_669,b_7,b_67,b_65,b_484,b_997,b_989,b_427,b_385,b_140,b_919,b_10,b_875,b_34	/home/miguel/IBE-UPF/TFM/Master_projects/PhyloPhere/Data/6.CAAS_traitfiles/Ranked/df4_sp.tab
A2ML1@376	8	1000	0.008	b_490,b_88,b_807,b_932,b_605,b_222,b_353,b_65	/home/miguel/IBE-UPF/TFM/Master_projects/PhyloPhere/Data/6.CAAS_traitfiles/Ranked/df4_sp.tab
A2ML1@378	5	1000	0.005	b_71,b_941,b_414,b_188,b_475	/home/miguel/IBE-UPF/TFM/Master_projects/PhyloPhere/Data/6.CAAS_traitfiles/Ranked/df4_sp.tab
A2ML1@379	16	1000	0.016	b_415,b_697,b_243,b_172,b_366,b_718,b_767,b_549,b_104,b_894,b_139,b_806,b_208,b_890,b_790,b_908	/home/miguel/IBE-UPF/TFM/Master_projects/PhyloPhere/Data/6.CAAS_traitfiles/Ranked/df4_sp.tab
A2ML1@380	0	1000	0.0		/home/miguel/IBE-UPF/TFM/Master_projects/PhyloPhere/Data/6.CAAS_traitfiles/Ranked/df4_sp.tab
A2ML1@383	0	1000	0.0		/home/miguel/IBE-UPF/TFM/Master_projects/PhyloPhere/Data/6.CAAS_traitfiles/Ranked/df4_sp.tab
A2ML1@385	2	1000	0.002	b_71,b_475	/home/miguel/IBE-UPF/TFM/Master_projects/PhyloPhere/Data/6.CAAS_traitfiles/Ranked/df4_sp.tab
A2ML1@387	20	1000	0.02	b_415,b_697,b_243,b_701,b_172,b_366,b_718,b_767,b_549,b_104,b_894,b_139,b_806,b_208,b_256,b_255,b_890,b_790,b_908,b_852	/home/miguel/IBE-UPF/TFM/Master_projects/PhyloPhere/Data/6.CAAS_traitfiles/Ranked/df4_sp.tab
A2ML1@388	0	1000	0.0		/home/miguel/IBE-UPF/TFM/Master_projects/PhyloPhere/Data/6.CAAS_traitfiles/Ranked/df4_sp.tab
A2ML1@389	0	1000	0.0		/home/miguel/IBE-UPF/TFM/Master_projects/PhyloPhere/Data/6.CAAS_traitfiles/Ranked/df4_sp.tab
A2ML1@390	0	1000	0.0		/home/miguel/IBE-UPF/TFM/Master_projects/PhyloPhere/Data/6.CAAS_traitfiles/Ranked/df4_sp.tab
A2ML1@392	9	1000	0.009	b_404,b_71,b_500,b_941,b_414,b_468,b_811,b_188,b_475	/home/miguel/IBE-UPF/TFM/Master_projects/PhyloPhere/Data/6.CAAS_traitfiles/Ranked/df4_sp.tab
A2ML1@394	0	1000	0.0		/home/miguel/IBE-UPF/TFM/Master_projects/PhyloPhere/Data/6.CAAS_traitfiles/Ranked/df4_sp.tab
A2ML1@396	0	1000	0.0		/home/miguel/IBE-UPF/TFM/Master_projects/PhyloPhere/Data/6.CAAS_traitfiles/Ranked/df4_sp.tab
A2ML1@400	0	1000	0.0		/home/miguel/IBE-UPF/TFM/Master_projects/PhyloPhere/Data/6.CAAS_traitfiles/Ranked/df4_sp.tab
A2ML1@402	0	1000	0.0		/home/miguel/IBE-UPF/TFM/Master_projects/PhyloPhere/Data/6.CAAS_traitfiles/Ranked/df4_sp.tab
A2ML1@403	0	1000	0.0		/home/miguel/IBE-UPF/TFM/Master_projects/PhyloPhere/Data/6.CAAS_traitfiles/Ranked/df4_sp.tab
A2ML1@404	0	1000	0.0		/home/miguel/IBE-UPF/TFM/Master_projects/PhyloPhere/Data/6.CAAS_traitfiles/Ranked/df4_sp.tab
A2ML1@405	12	1000	0.012	b_950,b_807,b_932,b_605,b_699,b_86,b_353,b_812,b_65,b_385,b_919,b_10	/home/miguel/IBE-UPF/TFM/Master_projects/PhyloPhere/Data/6.CAAS_traitfiles/Ranked/df4_sp.tab
A2ML1@408	0	1000	0.0		/home/miguel/IBE-UPF/TFM/Master_projects/PhyloPhere/Data/6.CAAS_traitfiles/Ranked/df4_sp.tab
A2ML1@409	6	1000	0.006	b_71,b_941,b_414,b_790,b_188,b_475	/home/miguel/IBE-UPF/TFM/Master_projects/PhyloPhere/Data/6.CAAS_traitfiles/Ranked/df4_sp.tab
A2ML1@412	0	1000	0.0		/home/miguel/IBE-UPF/TFM/Master_projects/PhyloPhere/Data/6.CAAS_traitfiles/Ranked/df4_sp.tab
A2ML1@415	0	1000	0.0		/home/miguel/IBE-UPF/TFM/Master_projects/PhyloPhere/Data/6.CAAS_traitfiles/Ranked/df4_sp.tab
A2ML1@417	0	1000	0.0		/home/miguel/IBE-UPF/TFM/Master_projects/PhyloPhere/Data/6.CAAS_traitfiles/Ranked/df4_sp.tab
A2ML1@419	0	1000	0.0		/home/miguel/IBE-UPF/TFM/Master_projects/PhyloPhere/Data/6.CAAS_traitfiles/Ranked/df4_sp.tab
A2ML1@423	0	1000	0.0		/home/miguel/IBE-UPF/TFM/Master_projects/PhyloPhere/Data/6.CAAS_traitfiles/Ranked/df4_sp.tab
A2ML1@424	0	1000	0.0		/home/miguel/IBE-UPF/TFM/Master_projects/PhyloPhere/Data/6.CAAS_traitfiles/Ranked/df4_sp.tab
A2ML1@426	16	1000	0.016	b_415,b_697,b_243,b_172,b_366,b_718,b_767,b_549,b_104,b_894,b_139,b_806,b_208,b_890,b_790,b_908	/home/miguel/IBE-UPF/TFM/Master_projects/PhyloPhere/Data/6.CAAS_traitfiles/Ranked/df4_sp.tab
A2ML1@429	0	1000	0.0		/home/miguel/IBE-UPF/TFM/Master_projects/PhyloPhere/Data/6.CAAS_traitfiles/Ranked/df4_sp.tab
A2ML1@430	0	1000	0.0		/home/miguel/IBE-UPF/TFM/Master_projects/PhyloPhere/Data/6.CAAS_traitfiles/Ranked/df4_sp.tab
A2ML1@431	0	1000	0.0		/home/miguel/IBE-UPF/TFM/Master_projects/PhyloPhere/Data/6.CAAS_traitfiles/Ranked/df4_sp.tab
A2ML1@432	0	1000	0.0		/home/miguel/IBE-UPF/TFM/Master_projects/PhyloPhere/Data/6.CAAS_traitfiles/Ranked/df4_sp.tab
A2ML1@433	0	1000	0.0		/home/miguel/IBE-UPF/TFM/Master_projects/PhyloPhere/Data/6.CAAS_traitfiles/Ranked/df4_sp.tab
A2ML1@434	0	1000	0.0		/home/miguel/IBE-UPF/TFM/Master_projects/PhyloPhere/Data/6.CAAS_traitfiles/Ranked/df4_sp.tab
A2ML1@435	28	1000	0.028	b_335,b_304,b_490,b_700,b_841,b_88,b_771,b_807,b_932,b_442,b_605,b_880,b_610,b_568,b_222,b_86,b_353,b_935,b_894,b_459,b_970,b_265,b_900,b_67,b_65,b_989,b_325,b_240	/home/miguel/IBE-UPF/TFM/Master_projects/PhyloPhere/Data/6.CAAS_traitfiles/Ranked/df4_sp.tab
A2ML1@436	0	1000	0.0		/home/miguel/IBE-UPF/TFM/Master_projects/PhyloPhere/Data/6.CAAS_traitfiles/Ranked/df4_sp.tab
A2ML1@437	5	1000	0.005	b_71,b_941,b_414,b_188,b_475	/home/miguel/IBE-UPF/TFM/Master_projects/PhyloPhere/Data/6.CAAS_traitfiles/Ranked/df4_sp.tab
A2ML1@438	0	1000	0.0		/home/miguel/IBE-UPF/TFM/Master_projects/PhyloPhere/Data/6.CAAS_traitfiles/Ranked/df4_sp.tab
A2ML1@439	0	1000	0.0		/home/miguel/IBE-UPF/TFM/Master_projects/PhyloPhere/Data/6.CAAS_traitfiles/Ranked/df4_sp.tab
A2ML1@445	0	1000	0.0		/home/miguel/IBE-UPF/TFM/Master_projects/PhyloPhere/Data/6.CAAS_traitfiles/Ranked/df4_sp.tab
A2ML1@446	0	1000	0.0		/home/miguel/IBE-UPF/TFM/Master_projects/PhyloPhere/Data/6.CAAS_traitfiles/Ranked/df4_sp.tab
A2ML1@451	0	1000	0.0		/home/miguel/IBE-UPF/TFM/Master_projects/PhyloPhere/Data/6.CAAS_traitfiles/Ranked/df4_sp.tab
A2ML1@453	0	1000	0.0		/home/miguel/IBE-UPF/TFM/Master_projects/PhyloPhere/Data/6.CAAS_traitfiles/Ranked/df4_sp.tab
A2ML1@455	0	1000	0.0		/home/miguel/IBE-UPF/TFM/Master_projects/PhyloPhere/Data/6.CAAS_traitfiles/Ranked/df4_sp.tab
A2ML1@457	0	1000	0.0		/home/miguel/IBE-UPF/TFM/Master_projects/PhyloPhere/Data/6.CAAS_traitfiles/Ranked/df4_sp.tab
A2ML1@458	0	1000	0.0		/home/miguel/IBE-UPF/TFM/Master_projects/PhyloPhere/Data/6.CAAS_traitfiles/Ranked/df4_sp.tab
A2ML1@459	0	1000	0.0		/home/miguel/IBE-UPF/TFM/Master_projects/PhyloPhere/Data/6.CAAS_traitfiles/Ranked/df4_sp.tab
A2ML1@461	0	1000	0.0		/home/miguel/IBE-UPF/TFM/Master_projects/PhyloPhere/Data/6.CAAS_traitfiles/Ranked/df4_sp.tab
A2ML1@463	0	1000	0.0		/home/miguel/IBE-UPF/TFM/Master_projects/PhyloPhere/Data/6.CAAS_traitfiles/Ranked/df4_sp.tab
A2ML1@464	8	1000	0.008	b_12,b_71,b_941,b_822,b_112,b_414,b_188,b_182	/home/miguel/IBE-UPF/TFM/Master_projects/PhyloPhere/Data/6.CAAS_traitfiles/Ranked/df4_sp.tab
A2ML1@465	0	1000	0.0		/home/miguel/IBE-UPF/TFM/Master_projects/PhyloPhere/Data/6.CAAS_traitfiles/Ranked/df4_sp.tab
A2ML1@474	41	1000	0.041	b_453,b_335,b_948,b_665,b_680,b_217,b_841,b_21,b_807,b_932,b_38,b_265,b_451,b_367,b_605,b_810,b_880,b_844,b_610,b_699,b_86,b_485,b_353,b_935,b_812,b_970,b_7,b_903,b_67,b_65,b_484,b_997,b_989,b_385,b_140,b_919,b_10,b_875,b_325,b_34,b_240	/home/miguel/IBE-UPF/TFM/Master_projects/PhyloPhere/Data/6.CAAS_traitfiles/Ranked/df4_sp.tab
A2ML1@476	5	1000	0.005	b_71,b_941,b_414,b_188,b_475	/home/miguel/IBE-UPF/TFM/Master_projects/PhyloPhere/Data/6.CAAS_traitfiles/Ranked/df4_sp.tab
A2ML1@477	0	1000	0.0		/home/miguel/IBE-UPF/TFM/Master_projects/PhyloPhere/Data/6.CAAS_traitfiles/Ranked/df4_sp.tab
A2ML1@482	0	1000	0.0		/home/miguel/IBE-UPF/TFM/Master_projects/PhyloPhere/Data/6.CAAS_traitfiles/Ranked/df4_sp.tab
A2ML1@484	0	1000	0.0		/home/miguel/IBE-UPF/TFM/Master_projects/PhyloPhere/Data/6.CAAS_traitfiles/Ranked/df4_sp.tab
A2ML1@485	43	1000	0.043	b_453,b_335,b_665,b_680,b_217,b_835,b_953,b_841,b_21,b_932,b_38,b_451,b_367,b_810,b_605,b_880,b_844,b_699,b_485,b_935,b_812,b_460,b_668,b_970,b_265,b_7,b_208,b_449,b_67,b_903,b_65,b_484,b_997,b_989,b_639,b_385,b_140,b_571,b_10,b_875,b_325,b_34,b_240	/home/miguel/IBE-UPF/TFM/Master_projects/PhyloPhere/Data/6.CAAS_traitfiles/Ranked/df4_sp.tab
A2ML1@488	5	1000	0.005	b_71,b_941,b_414,b_188,b_475	/home/miguel/IBE-UPF/TFM/Master_projects/PhyloPhere/Data/6.CAAS_traitfiles/Ranked/df4_sp.tab
A2ML1@491	0	1000	0.0		/home/miguel/IBE-UPF/TFM/Master_projects/PhyloPhere/Data/6.CAAS_traitfiles/Ranked/df4_sp.tab
A2ML1@494	0	1000	0.0		/home/miguel/IBE-UPF/TFM/Master_projects/PhyloPhere/Data/6.CAAS_traitfiles/Ranked/df4_sp.tab
A2ML1@497	9	1000	0.009	b_807,b_932,b_605,b_699,b_353,b_812,b_65,b_919,b_875	/home/miguel/IBE-UPF/TFM/Master_projects/PhyloPhere/Data/6.CAAS_traitfiles/Ranked/df4_sp.tab
A2ML1@499	0	1000	0.0		/home/miguel/IBE-UPF/TFM/Master_projects/PhyloPhere/Data/6.CAAS_traitfiles/Ranked/df4_sp.tab
A2ML1@505	0	1000	0.0		/home/miguel/IBE-UPF/TFM/Master_projects/PhyloPhere/Data/6.CAAS_traitfiles/Ranked/df4_sp.tab
A2ML1@507	0	1000	0.0		/home/miguel/IBE-UPF/TFM/Master_projects/PhyloPhere/Data/6.CAAS_traitfiles/Ranked/df4_sp.tab
A2ML1@509	5	1000	0.005	b_71,b_941,b_414,b_188,b_475	/home/miguel/IBE-UPF/TFM/Master_projects/PhyloPhere/Data/6.CAAS_traitfiles/Ranked/df4_sp.tab
A2ML1@510	0	1000	0.0		/home/miguel/IBE-UPF/TFM/Master_projects/PhyloPhere/Data/6.CAAS_traitfiles/Ranked/df4_sp.tab
A2ML1@515	4	1000	0.004	b_71,b_941,b_414,b_475	/home/miguel/IBE-UPF/TFM/Master_projects/PhyloPhere/Data/6.CAAS_traitfiles/Ranked/df4_sp.tab
A2ML1@520	0	1000	0.0		/home/miguel/IBE-UPF/TFM/Master_projects/PhyloPhere/Data/6.CAAS_traitfiles/Ranked/df4_sp.tab
A2ML1@523	0	1000	0.0		/home/miguel/IBE-UPF/TFM/Master_projects/PhyloPhere/Data/6.CAAS_traitfiles/Ranked/df4_sp.tab
A2ML1@524	0	1000	0.0		/home/miguel/IBE-UPF/TFM/Master_projects/PhyloPhere/Data/6.CAAS_traitfiles/Ranked/df4_sp.tab
A2ML1@536	0	1000	0.0		/home/miguel/IBE-UPF/TFM/Master_projects/PhyloPhere/Data/6.CAAS_traitfiles/Ranked/df4_sp.tab
A2ML1@537	0	1000	0.0		/home/miguel/IBE-UPF/TFM/Master_projects/PhyloPhere/Data/6.CAAS_traitfiles/Ranked/df4_sp.tab
A2ML1@538	0	1000	0.0		/home/miguel/IBE-UPF/TFM/Master_projects/PhyloPhere/Data/6.CAAS_traitfiles/Ranked/df4_sp.tab
A2ML1@539	0	1000	0.0		/home/miguel/IBE-UPF/TFM/Master_projects/PhyloPhere/Data/6.CAAS_traitfiles/Ranked/df4_sp.tab
A2ML1@542	0	1000	0.0		/home/miguel/IBE-UPF/TFM/Master_projects/PhyloPhere/Data/6.CAAS_traitfiles/Ranked/df4_sp.tab
A2ML1@543	12	1000	0.012	b_490,b_88,b_807,b_932,b_605,b_222,b_699,b_353,b_812,b_65,b_919,b_875	/home/miguel/IBE-UPF/TFM/Master_projects/PhyloPhere/Data/6.CAAS_traitfiles/Ranked/df4_sp.tab
A2ML1@544	0	1000	0.0		/home/miguel/IBE-UPF/TFM/Master_projects/PhyloPhere/Data/6.CAAS_traitfiles/Ranked/df4_sp.tab
A2ML1@545	0	1000	0.0		/home/miguel/IBE-UPF/TFM/Master_projects/PhyloPhere/Data/6.CAAS_traitfiles/Ranked/df4_sp.tab
A2ML1@550	5	1000	0.005	b_71,b_941,b_414,b_188,b_475	/home/miguel/IBE-UPF/TFM/Master_projects/PhyloPhere/Data/6.CAAS_traitfiles/Ranked/df4_sp.tab
A2ML1@554	0	1000	0.0		/home/miguel/IBE-UPF/TFM/Master_projects/PhyloPhere/Data/6.CAAS_traitfiles/Ranked/df4_sp.tab
A2ML1@556	0	1000	0.0		/home/miguel/IBE-UPF/TFM/Master_projects/PhyloPhere/Data/6.CAAS_traitfiles/Ranked/df4_sp.tab
A2ML1@564	0	1000	0.0		/home/miguel/IBE-UPF/TFM/Master_projects/PhyloPhere/Data/6.CAAS_traitfiles/Ranked/df4_sp.tab
A2ML1@565	5	1000	0.005	b_71,b_941,b_414,b_188,b_475	/home/miguel/IBE-UPF/TFM/Master_projects/PhyloPhere/Data/6.CAAS_traitfiles/Ranked/df4_sp.tab
A2ML1@566	0	1000	0.0		/home/miguel/IBE-UPF/TFM/Master_projects/PhyloPhere/Data/6.CAAS_traitfiles/Ranked/df4_sp.tab
A2ML1@570	0	1000	0.0		/home/miguel/IBE-UPF/TFM/Master_projects/PhyloPhere/Data/6.CAAS_traitfiles/Ranked/df4_sp.tab
A2ML1@578	0	1000	0.0		/home/miguel/IBE-UPF/TFM/Master_projects/PhyloPhere/Data/6.CAAS_traitfiles/Ranked/df4_sp.tab
A2ML1@579	10	1000	0.01	b_415,b_22,b_115,b_71,b_941,b_199,b_414,b_288,b_188,b_475	/home/miguel/IBE-UPF/TFM/Master_projects/PhyloPhere/Data/6.CAAS_traitfiles/Ranked/df4_sp.tab
A2ML1@583	0	1000	0.0		/home/miguel/IBE-UPF/TFM/Master_projects/PhyloPhere/Data/6.CAAS_traitfiles/Ranked/df4_sp.tab
A2ML1@584	39	1000	0.039	b_899,b_415,b_22,b_115,b_645,b_454,b_839,b_94,b_751,b_71,b_841,b_510,b_512,b_807,b_361,b_932,b_701,b_605,b_699,b_47,b_353,b_812,b_915,b_414,b_840,b_787,b_52,b_996,b_250,b_263,b_284,b_255,b_543,b_919,b_480,b_202,b_964,b_926,b_475	/home/miguel/IBE-UPF/TFM/Master_projects/PhyloPhere/Data/6.CAAS_traitfiles/Ranked/df4_sp.tab
A2ML1@596	18	1000	0.018	b_625,b_835,b_807,b_932,b_575,b_605,b_699,b_353,b_812,b_317,b_460,b_970,b_421,b_284,b_65,b_919,b_606,b_875	/home/miguel/IBE-UPF/TFM/Master_projects/PhyloPhere/Data/6.CAAS_traitfiles/Ranked/df4_sp.tab
A2ML1@606	27	1000	0.027	b_312,b_665,b_515,b_615,b_78,b_751,b_71,b_941,b_841,b_694,b_667,b_976,b_47,b_86,b_60,b_317,b_414,b_787,b_7,b_77,b_250,b_903,b_40,b_188,b_526,b_926,b_475	/home/miguel/IBE-UPF/TFM/Master_projects/PhyloPhere/Data/6.CAAS_traitfiles/Ranked/df4_sp.tab
A2ML1@608	0	1000	0.0		/home/miguel/IBE-UPF/TFM/Master_projects/PhyloPhere/Data/6.CAAS_traitfiles/Ranked/df4_sp.tab
A2ML1@609	59	1000	0.059	b_453,b_312,b_335,b_948,b_412,b_665,b_36,b_680,b_615,b_217,b_739,b_841,b_871,b_21,b_807,b_697,b_932,b_243,b_38,b_265,b_451,b_367,b_605,b_810,b_880,b_844,b_610,b_699,b_136,b_47,b_86,b_485,b_677,b_549,b_353,b_935,b_812,b_970,b_788,b_52,b_7,b_284,b_903,b_67,b_65,b_484,b_997,b_989,b_385,b_140,b_919,b_10,b_875,b_325,b_34,b_134,b_728,b_240,b_683	/home/miguel/IBE-UPF/TFM/Master_projects/PhyloPhere/Data/6.CAAS_traitfiles/Ranked/df4_sp.tab
A2ML1@611	0	1000	0.0		/home/miguel/IBE-UPF/TFM/Master_projects/PhyloPhere/Data/6.CAAS_traitfiles/Ranked/df4_sp.tab
A2ML1@612	1	1000	0.001	b_222	/home/miguel/IBE-UPF/TFM/Master_projects/PhyloPhere/Data/6.CAAS_traitfiles/Ranked/df4_sp.tab
A2ML1@615	0	1000	0.0		/home/miguel/IBE-UPF/TFM/Master_projects/PhyloPhere/Data/6.CAAS_traitfiles/Ranked/df4_sp.tab
A2ML1@616	0	1000	0.0		/home/miguel/IBE-UPF/TFM/Master_projects/PhyloPhere/Data/6.CAAS_traitfiles/Ranked/df4_sp.tab
A2ML1@620	0	1000	0.0		/home/miguel/IBE-UPF/TFM/Master_projects/PhyloPhere/Data/6.CAAS_traitfiles/Ranked/df4_sp.tab
A2ML1@621	0	1000	0.0		/home/miguel/IBE-UPF/TFM/Master_projects/PhyloPhere/Data/6.CAAS_traitfiles/Ranked/df4_sp.tab
A2ML1@623	0	1000	0.0		/home/miguel/IBE-UPF/TFM/Master_projects/PhyloPhere/Data/6.CAAS_traitfiles/Ranked/df4_sp.tab
A2ML1@625	5	1000	0.005	b_71,b_941,b_414,b_188,b_475	/home/miguel/IBE-UPF/TFM/Master_projects/PhyloPhere/Data/6.CAAS_traitfiles/Ranked/df4_sp.tab
A2ML1@626	0	1000	0.0		/home/miguel/IBE-UPF/TFM/Master_projects/PhyloPhere/Data/6.CAAS_traitfiles/Ranked/df4_sp.tab
A2ML1@627	8	1000	0.008	b_71,b_941,b_50,b_414,b_772,b_698,b_188,b_475	/home/miguel/IBE-UPF/TFM/Master_projects/PhyloPhere/Data/6.CAAS_traitfiles/Ranked/df4_sp.tab
A2ML1@628	0	1000	0.0		/home/miguel/IBE-UPF/TFM/Master_projects/PhyloPhere/Data/6.CAAS_traitfiles/Ranked/df4_sp.tab
A2ML1@630	35	1000	0.035	b_899,b_415,b_312,b_115,b_665,b_700,b_694,b_396,b_361,b_667,b_976,b_222,b_136,b_243,b_86,b_549,b_917,b_317,b_139,b_52,b_111,b_77,b_250,b_548,b_903,b_284,b_890,b_790,b_325,b_40,b_526,b_908,b_949,b_926,b_475	/home/miguel/IBE-UPF/TFM/Master_projects/PhyloPhere/Data/6.CAAS_traitfiles/Ranked/df4_sp.tab
A2ML1@631	2	1000	0.002	b_845,b_972	/home/miguel/IBE-UPF/TFM/Master_projects/PhyloPhere/Data/6.CAAS_traitfiles/Ranked/df4_sp.tab
A2ML1@632	0	1000	0.0		/home/miguel/IBE-UPF/TFM/Master_projects/PhyloPhere/Data/6.CAAS_traitfiles/Ranked/df4_sp.tab
A2ML1@633	16	1000	0.016	b_807,b_932,b_38,b_586,b_610,b_222,b_155,b_699,b_411,b_198,b_668,b_161,b_67,b_919,b_513,b_240	/home/miguel/IBE-UPF/TFM/Master_projects/PhyloPhere/Data/6.CAAS_traitfiles/Ranked/df4_sp.tab
A2ML1@634	0	1000	0.0		/home/miguel/IBE-UPF/TFM/Master_projects/PhyloPhere/Data/6.CAAS_traitfiles/Ranked/df4_sp.tab
A2ML1@636	0	1000	0.0		/home/miguel/IBE-UPF/TFM/Master_projects/PhyloPhere/Data/6.CAAS_traitfiles/Ranked/df4_sp.tab
A2ML1@638	0	1000	0.0		/home/miguel/IBE-UPF/TFM/Master_projects/PhyloPhere/Data/6.CAAS_traitfiles/Ranked/df4_sp.tab
A2ML1@639	0	1000	0.0		/home/miguel/IBE-UPF/TFM/Master_projects/PhyloPhere/Data/6.CAAS_traitfiles/Ranked/df4_sp.tab
A2ML1@641	12	1000	0.012	b_807,b_932,b_605,b_844,b_155,b_699,b_353,b_812,b_65,b_919,b_875,b_240	/home/miguel/IBE-UPF/TFM/Master_projects/PhyloPhere/Data/6.CAAS_traitfiles/Ranked/df4_sp.tab
A2ML1@643	1	1000	0.001	b_933	/home/miguel/IBE-UPF/TFM/Master_projects/PhyloPhere/Data/6.CAAS_traitfiles/Ranked/df4_sp.tab
A2ML1@644	0	1000	0.0		/home/miguel/IBE-UPF/TFM/Master_projects/PhyloPhere/Data/6.CAAS_traitfiles/Ranked/df4_sp.tab
A2ML1@645	0	1000	0.0		/home/miguel/IBE-UPF/TFM/Master_projects/PhyloPhere/Data/6.CAAS_traitfiles/Ranked/df4_sp.tab
A2ML1@646	0	1000	0.0		/home/miguel/IBE-UPF/TFM/Master_projects/PhyloPhere/Data/6.CAAS_traitfiles/Ranked/df4_sp.tab
A2ML1@648	0	1000	0.0		/home/miguel/IBE-UPF/TFM/Master_projects/PhyloPhere/Data/6.CAAS_traitfiles/Ranked/df4_sp.tab
A2ML1@650	0	1000	0.0		/home/miguel/IBE-UPF/TFM/Master_projects/PhyloPhere/Data/6.CAAS_traitfiles/Ranked/df4_sp.tab
A2ML1@651	5	1000	0.005	b_71,b_941,b_414,b_188,b_475	/home/miguel/IBE-UPF/TFM/Master_projects/PhyloPhere/Data/6.CAAS_traitfiles/Ranked/df4_sp.tab
A2ML1@652	53	1000	0.053	b_203,b_453,b_335,b_948,b_115,b_304,b_680,b_12,b_217,b_88,b_21,b_807,b_361,b_932,b_451,b_366,b_367,b_810,b_605,b_880,b_844,b_610,b_222,b_485,b_353,b_935,b_812,b_894,b_317,b_459,b_970,b_731,b_421,b_806,b_265,b_7,b_77,b_903,b_65,b_484,b_997,b_989,b_385,b_140,b_919,b_100,b_10,b_875,b_325,b_34,b_202,b_206,b_240	/home/miguel/IBE-UPF/TFM/Master_projects/PhyloPhere/Data/6.CAAS_traitfiles/Ranked/df4_sp.tab
A2ML1@663	0	1000	0.0		/home/miguel/IBE-UPF/TFM/Master_projects/PhyloPhere/Data/6.CAAS_traitfiles/Ranked/df4_sp.tab
A2ML1@667	0	1000	0.0		/home/miguel/IBE-UPF/TFM/Master_projects/PhyloPhere/Data/6.CAAS_traitfiles/Ranked/df4_sp.tab
A2ML1@669	0	1000	0.0		/home/miguel/IBE-UPF/TFM/Master_projects/PhyloPhere/Data/6.CAAS_traitfiles/Ranked/df4_sp.tab
A2ML1@670	15	1000	0.015	b_412,b_773,b_287,b_697,b_243,b_844,b_718,b_767,b_677,b_549,b_970,b_584,b_208,b_890,b_737	/home/miguel/IBE-UPF/TFM/Master_projects/PhyloPhere/Data/6.CAAS_traitfiles/Ranked/df4_sp.tab
A2ML1@671	54	1000	0.054	b_899,b_415,b_312,b_115,b_645,b_515,b_36,b_94,b_615,b_78,b_751,b_739,b_97,b_688,b_700,b_841,b_510,b_694,b_306,b_697,b_396,b_361,b_243,b_667,b_366,b_976,b_844,b_136,b_47,b_86,b_883,b_677,b_549,b_917,b_894,b_317,b_139,b_806,b_787,b_52,b_77,b_250,b_288,b_284,b_51,b_890,b_790,b_40,b_526,b_908,b_202,b_926,b_949,b_475	/home/miguel/IBE-UPF/TFM/Master_projects/PhyloPhere/Data/6.CAAS_traitfiles/Ranked/df4_sp.tab
A2ML1@674	55	1000	0.055	b_453,b_312,b_335,b_948,b_412,b_665,b_36,b_625,b_581,b_680,b_615,b_739,b_97,b_835,b_841,b_510,b_807,b_932,b_243,b_38,b_667,b_367,b_810,b_880,b_844,b_610,b_699,b_136,b_86,b_485,b_883,b_677,b_549,b_353,b_935,b_317,b_76,b_668,b_970,b_787,b_52,b_7,b_67,b_284,b_903,b_65,b_484,b_997,b_989,b_140,b_10,b_875,b_325,b_34,b_240	/home/miguel/IBE-UPF/TFM/Master_projects/PhyloPhere/Data/6.CAAS_traitfiles/Ranked/df4_sp.tab
A2ML1@676	32	1000	0.032	b_312,b_412,b_665,b_36,b_615,b_739,b_359,b_841,b_510,b_871,b_243,b_667,b_844,b_136,b_47,b_86,b_549,b_677,b_317,b_668,b_788,b_787,b_52,b_903,b_284,b_923,b_890,b_875,b_134,b_728,b_852,b_683	/home/miguel/IBE-UPF/TFM/Master_projects/PhyloPhere/Data/6.CAAS_traitfiles/Ranked/df4_sp.tab
A2ML1@677	4	1000	0.004	b_881,b_412,b_128,b_820	/home/miguel/IBE-UPF/TFM/Master_projects/PhyloPhere/Data/6.CAAS_traitfiles/Ranked/df4_sp.tab
A2ML1@678	43	1000	0.043	b_453,b_335,b_948,b_665,b_304,b_680,b_217,b_835,b_841,b_88,b_21,b_771,b_807,b_932,b_38,b_451,b_367,b_810,b_605,b_610,b_699,b_86,b_485,b_353,b_935,b_970,b_265,b_7,b_67,b_903,b_65,b_484,b_997,b_989,b_385,b_140,b_919,b_100,b_10,b_875,b_325,b_34,b_240	/home/miguel/IBE-UPF/TFM/Master_projects/PhyloPhere/Data/6.CAAS_traitfiles/Ranked/df4_sp.tab
A2ML1@679	0	1000	0.0		/home/miguel/IBE-UPF/TFM/Master_projects/PhyloPhere/Data/6.CAAS_traitfiles/Ranked/df4_sp.tab
A2ML1@680	24	1000	0.024	b_312,b_412,b_36,b_615,b_739,b_97,b_841,b_510,b_697,b_243,b_667,b_844,b_136,b_47,b_86,b_883,b_549,b_677,b_317,b_668,b_787,b_52,b_284,b_890	/home/miguel/IBE-UPF/TFM/Master_projects/PhyloPhere/Data/6.CAAS_traitfiles/Ranked/df4_sp.tab
A2ML1@681	0	1000	0.0		/home/miguel/IBE-UPF/TFM/Master_projects/PhyloPhere/Data/6.CAAS_traitfiles/Ranked/df4_sp.tab
A2ML1@682	18	1000	0.018	b_453,b_335,b_422,b_309,b_830,b_602,b_932,b_671,b_844,b_155,b_293,b_731,b_65,b_233,b_639,b_654,b_875,b_240	/home/miguel/IBE-UPF/TFM/Master_projects/PhyloPhere/Data/6.CAAS_traitfiles/Ranked/df4_sp.tab
A2ML1@683	0	1000	0.0		/home/miguel/IBE-UPF/TFM/Master_projects/PhyloPhere/Data/6.CAAS_traitfiles/Ranked/df4_sp.tab
A2ML1@684	0	1000	0.0		/home/miguel/IBE-UPF/TFM/Master_projects/PhyloPhere/Data/6.CAAS_traitfiles/Ranked/df4_sp.tab
A2ML1@685	23	1000	0.023	b_645,b_490,b_304,b_688,b_700,b_88,b_771,b_396,b_442,b_976,b_222,b_136,b_86,b_883,b_894,b_459,b_970,b_900,b_787,b_52,b_284,b_526,b_926	/home/miguel/IBE-UPF/TFM/Master_projects/PhyloPhere/Data/6.CAAS_traitfiles/Ranked/df4_sp.tab
A2ML1@686	9	1000	0.009	b_782,b_71,b_941,b_38,b_184,b_411,b_414,b_533,b_197	/home/miguel/IBE-UPF/TFM/Master_projects/PhyloPhere/Data/6.CAAS_traitfiles/Ranked/df4_sp.tab
A2ML1@687	0	1000	0.0		/home/miguel/IBE-UPF/TFM/Master_projects/PhyloPhere/Data/6.CAAS_traitfiles/Ranked/df4_sp.tab
A2ML1@688	7	1000	0.007	b_71,b_941,b_978,b_414,b_896,b_188,b_475	/home/miguel/IBE-UPF/TFM/Master_projects/PhyloPhere/Data/6.CAAS_traitfiles/Ranked/df4_sp.tab
A2ML1@690	21	1000	0.021	b_899,b_372,b_510,b_807,b_932,b_294,b_605,b_699,b_47,b_353,b_812,b_317,b_52,b_503,b_288,b_65,b_923,b_890,b_919,b_875,b_964	/home/miguel/IBE-UPF/TFM/Master_projects/PhyloPhere/Data/6.CAAS_traitfiles/Ranked/df4_sp.tab
A2ML1@691	0	1000	0.0		/home/miguel/IBE-UPF/TFM/Master_projects/PhyloPhere/Data/6.CAAS_traitfiles/Ranked/df4_sp.tab
A2ML1@694	0	1000	0.0		/home/miguel/IBE-UPF/TFM/Master_projects/PhyloPhere/Data/6.CAAS_traitfiles/Ranked/df4_sp.tab
A2ML1@704	0	1000	0.0		/home/miguel/IBE-UPF/TFM/Master_projects/PhyloPhere/Data/6.CAAS_traitfiles/Ranked/df4_sp.tab
A2ML1@706	0	1000	0.0		/home/miguel/IBE-UPF/TFM/Master_projects/PhyloPhere/Data/6.CAAS_traitfiles/Ranked/df4_sp.tab
A2ML1@708	5	1000	0.005	b_71,b_941,b_414,b_188,b_475	/home/miguel/IBE-UPF/TFM/Master_projects/PhyloPhere/Data/6.CAAS_traitfiles/Ranked/df4_sp.tab
A2ML1@709	0	1000	0.0		/home/miguel/IBE-UPF/TFM/Master_projects/PhyloPhere/Data/6.CAAS_traitfiles/Ranked/df4_sp.tab
A2ML1@713	3	1000	0.003	b_84,b_305,b_551	/home/miguel/IBE-UPF/TFM/Master_projects/PhyloPhere/Data/6.CAAS_traitfiles/Ranked/df4_sp.tab
A2ML1@714	0	1000	0.0		/home/miguel/IBE-UPF/TFM/Master_projects/PhyloPhere/Data/6.CAAS_traitfiles/Ranked/df4_sp.tab
A2ML1@715	0	1000	0.0		/home/miguel/IBE-UPF/TFM/Master_projects/PhyloPhere/Data/6.CAAS_traitfiles/Ranked/df4_sp.tab
A2ML1@717	0	1000	0.0		/home/miguel/IBE-UPF/TFM/Master_projects/PhyloPhere/Data/6.CAAS_traitfiles/Ranked/df4_sp.tab
A2ML1@721	41	1000	0.041	b_453,b_335,b_948,b_665,b_680,b_217,b_841,b_21,b_807,b_932,b_38,b_451,b_367,b_810,b_605,b_880,b_844,b_610,b_699,b_86,b_485,b_353,b_935,b_812,b_970,b_265,b_7,b_67,b_903,b_65,b_484,b_997,b_989,b_385,b_140,b_919,b_10,b_875,b_325,b_34,b_240	/home/miguel/IBE-UPF/TFM/Master_projects/PhyloPhere/Data/6.CAAS_traitfiles/Ranked/df4_sp.tab
A2ML1@724	0	1000	0.0		/home/miguel/IBE-UPF/TFM/Master_projects/PhyloPhere/Data/6.CAAS_traitfiles/Ranked/df4_sp.tab
A2ML1@728	0	1000	0.0		/home/miguel/IBE-UPF/TFM/Master_projects/PhyloPhere/Data/6.CAAS_traitfiles/Ranked/df4_sp.tab
A2ML1@729	17	1000	0.017	b_335,b_680,b_217,b_626,b_451,b_502,b_671,b_849,b_880,b_265,b_140,b_571,b_10,b_34,b_206,b_475,b_259	/home/miguel/IBE-UPF/TFM/Master_projects/PhyloPhere/Data/6.CAAS_traitfiles/Ranked/df4_sp.tab
A2ML1@730	0	1000	0.0		/home/miguel/IBE-UPF/TFM/Master_projects/PhyloPhere/Data/6.CAAS_traitfiles/Ranked/df4_sp.tab
A2ML1@734	0	1000	0.0		/home/miguel/IBE-UPF/TFM/Master_projects/PhyloPhere/Data/6.CAAS_traitfiles/Ranked/df4_sp.tab
A2ML1@735	0	1000	0.0		/home/miguel/IBE-UPF/TFM/Master_projects/PhyloPhere/Data/6.CAAS_traitfiles/Ranked/df4_sp.tab
A2ML1@739	0	1000	0.0		/home/miguel/IBE-UPF/TFM/Master_projects/PhyloPhere/Data/6.CAAS_traitfiles/Ranked/df4_sp.tab
A2ML1@743	0	1000	0.0		/home/miguel/IBE-UPF/TFM/Master_projects/PhyloPhere/Data/6.CAAS_traitfiles/Ranked/df4_sp.tab
A2ML1@744	13	1000	0.013	b_932,b_451,b_605,b_844,b_155,b_699,b_812,b_65,b_639,b_385,b_10,b_875,b_240	/home/miguel/IBE-UPF/TFM/Master_projects/PhyloPhere/Data/6.CAAS_traitfiles/Ranked/df4_sp.tab
A2ML1@750	5	1000	0.005	b_71,b_941,b_414,b_188,b_475	/home/miguel/IBE-UPF/TFM/Master_projects/PhyloPhere/Data/6.CAAS_traitfiles/Ranked/df4_sp.tab
A2ML1@755	0	1000	0.0		/home/miguel/IBE-UPF/TFM/Master_projects/PhyloPhere/Data/6.CAAS_traitfiles/Ranked/df4_sp.tab
A2ML1@756	0	1000	0.0		/home/miguel/IBE-UPF/TFM/Master_projects/PhyloPhere/Data/6.CAAS_traitfiles/Ranked/df4_sp.tab
A2ML1@762	0	1000	0.0		/home/miguel/IBE-UPF/TFM/Master_projects/PhyloPhere/Data/6.CAAS_traitfiles/Ranked/df4_sp.tab
A2ML1@763	0	1000	0.0		/home/miguel/IBE-UPF/TFM/Master_projects/PhyloPhere/Data/6.CAAS_traitfiles/Ranked/df4_sp.tab
A2ML1@764	0	1000	0.0		/home/miguel/IBE-UPF/TFM/Master_projects/PhyloPhere/Data/6.CAAS_traitfiles/Ranked/df4_sp.tab
A2ML1@769	0	1000	0.0		/home/miguel/IBE-UPF/TFM/Master_projects/PhyloPhere/Data/6.CAAS_traitfiles/Ranked/df4_sp.tab
A2ML1@774	9	1000	0.009	b_404,b_71,b_500,b_941,b_414,b_468,b_811,b_188,b_475	/home/miguel/IBE-UPF/TFM/Master_projects/PhyloPhere/Data/6.CAAS_traitfiles/Ranked/df4_sp.tab
A2ML1@776	0	1000	0.0		/home/miguel/IBE-UPF/TFM/Master_projects/PhyloPhere/Data/6.CAAS_traitfiles/Ranked/df4_sp.tab
A2ML1@780	1	1000	0.001	b_412	/home/miguel/IBE-UPF/TFM/Master_projects/PhyloPhere/Data/6.CAAS_traitfiles/Ranked/df4_sp.tab
A2ML1@787	4	1000	0.004	b_71,b_941,b_622,b_188	/home/miguel/IBE-UPF/TFM/Master_projects/PhyloPhere/Data/6.CAAS_traitfiles/Ranked/df4_sp.tab
A2ML1@788	0	1000	0.0		/home/miguel/IBE-UPF/TFM/Master_projects/PhyloPhere/Data/6.CAAS_traitfiles/Ranked/df4_sp.tab
A2ML1@789	9	1000	0.009	b_807,b_932,b_605,b_699,b_353,b_812,b_65,b_919,b_875	/home/miguel/IBE-UPF/TFM/Master_projects/PhyloPhere/Data/6.CAAS_traitfiles/Ranked/df4_sp.tab
A2ML1@790	5	1000	0.005	b_71,b_941,b_414,b_188,b_475	/home/miguel/IBE-UPF/TFM/Master_projects/PhyloPhere/Data/6.CAAS_traitfiles/Ranked/df4_sp.tab
A2ML1@791	0	1000	0.0		/home/miguel/IBE-UPF/TFM/Master_projects/PhyloPhere/Data/6.CAAS_traitfiles/Ranked/df4_sp.tab
A2ML1@792	43	1000	0.043	b_899,b_415,b_22,b_115,b_645,b_94,b_489,b_510,b_807,b_361,b_932,b_837,b_50,b_605,b_699,b_47,b_353,b_238,b_311,b_812,b_317,b_414,b_139,b_806,b_52,b_503,b_250,b_263,b_65,b_685,b_255,b_890,b_919,b_480,b_790,b_875,b_698,b_40,b_526,b_202,b_964,b_926,b_475	/home/miguel/IBE-UPF/TFM/Master_projects/PhyloPhere/Data/6.CAAS_traitfiles/Ranked/df4_sp.tab
A2ML1@796	5	1000	0.005	b_71,b_941,b_414,b_188,b_475	/home/miguel/IBE-UPF/TFM/Master_projects/PhyloPhere/Data/6.CAAS_traitfiles/Ranked/df4_sp.tab
A2ML1@797	46	1000	0.046	b_899,b_415,b_22,b_115,b_645,b_94,b_71,b_489,b_941,b_510,b_807,b_361,b_932,b_837,b_50,b_605,b_699,b_47,b_353,b_238,b_311,b_812,b_317,b_414,b_139,b_806,b_52,b_503,b_250,b_263,b_65,b_685,b_255,b_890,b_919,b_480,b_790,b_875,b_698,b_40,b_188,b_526,b_202,b_926,b_964,b_475	/home/miguel/IBE-UPF/TFM/Master_projects/PhyloPhere/Data/6.CAAS_traitfiles/Ranked/df4_sp.tab
A2ML1@798	0	1000	0.0		/home/miguel/IBE-UPF/TFM/Master_projects/PhyloPhere/Data/6.CAAS_traitfiles/Ranked/df4_sp.tab
A2ML1@799	16	1000	0.016	b_415,b_563,b_697,b_243,b_366,b_28,b_108,b_718,b_677,b_549,b_104,b_894,b_208,b_890,b_790,b_908	/home/miguel/IBE-UPF/TFM/Master_projects/PhyloPhere/Data/6.CAAS_traitfiles/Ranked/df4_sp.tab
A2ML1@800	0	1000	0.0		/home/miguel/IBE-UPF/TFM/Master_projects/PhyloPhere/Data/6.CAAS_traitfiles/Ranked/df4_sp.tab
A2ML1@801	0	1000	0.0		/home/miguel/IBE-UPF/TFM/Master_projects/PhyloPhere/Data/6.CAAS_traitfiles/Ranked/df4_sp.tab
A2ML1@803	0	1000	0.0		/home/miguel/IBE-UPF/TFM/Master_projects/PhyloPhere/Data/6.CAAS_traitfiles/Ranked/df4_sp.tab
A2ML1@804	56	1000	0.056	b_415,b_453,b_335,b_422,b_680,b_675,b_309,b_217,b_71,b_941,b_602,b_697,b_932,b_243,b_172,b_366,b_451,b_671,b_367,b_810,b_880,b_844,b_718,b_767,b_549,b_935,b_104,b_894,b_414,b_139,b_970,b_731,b_806,b_265,b_7,b_208,b_449,b_903,b_65,b_484,b_989,b_890,b_639,b_140,b_571,b_654,b_790,b_10,b_875,b_325,b_34,b_188,b_908,b_206,b_240,b_475	/home/miguel/IBE-UPF/TFM/Master_projects/PhyloPhere/Data/6.CAAS_traitfiles/Ranked/df4_sp.tab
A2ML1@806	0	1000	0.0		/home/miguel/IBE-UPF/TFM/Master_projects/PhyloPhere/Data/6.CAAS_traitfiles/Ranked/df4_sp.tab
A2ML1@811	12	1000	0.012	b_782,b_443,b_71,b_941,b_184,b_384,b_978,b_411,b_104,b_533,b_197,b_187	/home/miguel/IBE-UPF/TFM/Master_projects/PhyloPhere/Data/6.CAAS_traitfiles/Ranked/df4_sp.tab
A2ML1@814	5	1000	0.005	b_71,b_941,b_414,b_188,b_475	/home/miguel/IBE-UPF/TFM/Master_projects/PhyloPhere/Data/6.CAAS_traitfiles/Ranked/df4_sp.tab
A2ML1@815	0	1000	0.0		/home/miguel/IBE-UPF/TFM/Master_projects/PhyloPhere/Data/6.CAAS_traitfiles/Ranked/df4_sp.tab
A2ML1@816	0	1000	0.0		/home/miguel/IBE-UPF/TFM/Master_projects/PhyloPhere/Data/6.CAAS_traitfiles/Ranked/df4_sp.tab
A2ML1@817	0	1000	0.0		/home/miguel/IBE-UPF/TFM/Master_projects/PhyloPhere/Data/6.CAAS_traitfiles/Ranked/df4_sp.tab
A2ML1@819	0	1000	0.0		/home/miguel/IBE-UPF/TFM/Master_projects/PhyloPhere/Data/6.CAAS_traitfiles/Ranked/df4_sp.tab
A2ML1@820	0	1000	0.0		/home/miguel/IBE-UPF/TFM/Master_projects/PhyloPhere/Data/6.CAAS_traitfiles/Ranked/df4_sp.tab
A2ML1@822	0	1000	0.0		/home/miguel/IBE-UPF/TFM/Master_projects/PhyloPhere/Data/6.CAAS_traitfiles/Ranked/df4_sp.tab
A2ML1@823	0	1000	0.0		/home/miguel/IBE-UPF/TFM/Master_projects/PhyloPhere/Data/6.CAAS_traitfiles/Ranked/df4_sp.tab
A2ML1@824	0	1000	0.0		/home/miguel/IBE-UPF/TFM/Master_projects/PhyloPhere/Data/6.CAAS_traitfiles/Ranked/df4_sp.tab
A2ML1@827	5	1000	0.005	b_71,b_941,b_414,b_188,b_475	/home/miguel/IBE-UPF/TFM/Master_projects/PhyloPhere/Data/6.CAAS_traitfiles/Ranked/df4_sp.tab
A2ML1@828	35	1000	0.035	b_415,b_312,b_115,b_645,b_454,b_615,b_78,b_751,b_500,b_681,b_688,b_700,b_512,b_694,b_84,b_396,b_243,b_701,b_667,b_976,b_136,b_549,b_917,b_139,b_787,b_52,b_77,b_263,b_255,b_811,b_954,b_908,b_926,b_949,b_475	/home/miguel/IBE-UPF/TFM/Master_projects/PhyloPhere/Data/6.CAAS_traitfiles/Ranked/df4_sp.tab
A2ML1@832	0	1000	0.0		/home/miguel/IBE-UPF/TFM/Master_projects/PhyloPhere/Data/6.CAAS_traitfiles/Ranked/df4_sp.tab
A2ML1@840	0	1000	0.0		/home/miguel/IBE-UPF/TFM/Master_projects/PhyloPhere/Data/6.CAAS_traitfiles/Ranked/df4_sp.tab
A2ML1@842	5	1000	0.005	b_71,b_941,b_414,b_188,b_475	/home/miguel/IBE-UPF/TFM/Master_projects/PhyloPhere/Data/6.CAAS_traitfiles/Ranked/df4_sp.tab
A2ML1@844	0	1000	0.0		/home/miguel/IBE-UPF/TFM/Master_projects/PhyloPhere/Data/6.CAAS_traitfiles/Ranked/df4_sp.tab
A2ML1@846	5	1000	0.005	b_71,b_941,b_414,b_188,b_475	/home/miguel/IBE-UPF/TFM/Master_projects/PhyloPhere/Data/6.CAAS_traitfiles/Ranked/df4_sp.tab
A2ML1@852	6	1000	0.006	b_404,b_71,b_941,b_468,b_811,b_475	/home/miguel/IBE-UPF/TFM/Master_projects/PhyloPhere/Data/6.CAAS_traitfiles/Ranked/df4_sp.tab
A2ML1@855	23	1000	0.023	b_415,b_515,b_94,b_510,b_694,b_924,b_697,b_243,b_172,b_366,b_767,b_549,b_917,b_104,b_894,b_139,b_806,b_890,b_790,b_908,b_187,b_762,b_202	/home/miguel/IBE-UPF/TFM/Master_projects/PhyloPhere/Data/6.CAAS_traitfiles/Ranked/df4_sp.tab
A2ML1@858	41	1000	0.041	b_453,b_335,b_948,b_665,b_680,b_217,b_841,b_21,b_807,b_932,b_38,b_451,b_367,b_810,b_605,b_880,b_844,b_610,b_699,b_86,b_485,b_353,b_935,b_812,b_970,b_265,b_7,b_67,b_903,b_65,b_484,b_997,b_989,b_385,b_140,b_919,b_10,b_875,b_325,b_34,b_240	/home/miguel/IBE-UPF/TFM/Master_projects/PhyloPhere/Data/6.CAAS_traitfiles/Ranked/df4_sp.tab
A2ML1@862	0	1000	0.0		/home/miguel/IBE-UPF/TFM/Master_projects/PhyloPhere/Data/6.CAAS_traitfiles/Ranked/df4_sp.tab
A2ML1@876	0	1000	0.0		/home/miguel/IBE-UPF/TFM/Master_projects/PhyloPhere/Data/6.CAAS_traitfiles/Ranked/df4_sp.tab
A2ML1@879	0	1000	0.0		/home/miguel/IBE-UPF/TFM/Master_projects/PhyloPhere/Data/6.CAAS_traitfiles/Ranked/df4_sp.tab
A2ML1@883	0	1000	0.0		/home/miguel/IBE-UPF/TFM/Master_projects/PhyloPhere/Data/6.CAAS_traitfiles/Ranked/df4_sp.tab
A2ML1@885	0	1000	0.0		/home/miguel/IBE-UPF/TFM/Master_projects/PhyloPhere/Data/6.CAAS_traitfiles/Ranked/df4_sp.tab
A2ML1@886	0	1000	0.0		/home/miguel/IBE-UPF/TFM/Master_projects/PhyloPhere/Data/6.CAAS_traitfiles/Ranked/df4_sp.tab
A2ML1@887	41	1000	0.041	b_453,b_335,b_948,b_665,b_680,b_217,b_841,b_21,b_807,b_932,b_38,b_265,b_451,b_367,b_605,b_810,b_880,b_844,b_610,b_699,b_86,b_485,b_353,b_935,b_812,b_970,b_7,b_903,b_67,b_65,b_484,b_997,b_989,b_385,b_140,b_919,b_10,b_875,b_325,b_34,b_240	/home/miguel/IBE-UPF/TFM/Master_projects/PhyloPhere/Data/6.CAAS_traitfiles/Ranked/df4_sp.tab
A2ML1@891	0	1000	0.0		/home/miguel/IBE-UPF/TFM/Master_projects/PhyloPhere/Data/6.CAAS_traitfiles/Ranked/df4_sp.tab
A2ML1@892	0	1000	0.0		/home/miguel/IBE-UPF/TFM/Master_projects/PhyloPhere/Data/6.CAAS_traitfiles/Ranked/df4_sp.tab
A2ML1@894	1	1000	0.001	b_144	/home/miguel/IBE-UPF/TFM/Master_projects/PhyloPhere/Data/6.CAAS_traitfiles/Ranked/df4_sp.tab
A2ML1@895	42	1000	0.042	b_453,b_335,b_948,b_665,b_680,b_217,b_841,b_21,b_807,b_932,b_38,b_451,b_367,b_810,b_605,b_880,b_844,b_610,b_699,b_86,b_485,b_411,b_353,b_935,b_812,b_970,b_265,b_7,b_67,b_903,b_65,b_484,b_997,b_989,b_385,b_140,b_919,b_10,b_875,b_325,b_34,b_240	/home/miguel/IBE-UPF/TFM/Master_projects/PhyloPhere/Data/6.CAAS_traitfiles/Ranked/df4_sp.tab
A2ML1@897	41	1000	0.041	b_453,b_335,b_948,b_665,b_680,b_217,b_841,b_21,b_807,b_932,b_38,b_265,b_451,b_367,b_605,b_810,b_880,b_844,b_610,b_699,b_86,b_485,b_353,b_935,b_812,b_970,b_7,b_903,b_67,b_65,b_484,b_997,b_989,b_385,b_140,b_919,b_10,b_875,b_325,b_34,b_240	/home/miguel/IBE-UPF/TFM/Master_projects/PhyloPhere/Data/6.CAAS_traitfiles/Ranked/df4_sp.tab
A2ML1@898	0	1000	0.0		/home/miguel/IBE-UPF/TFM/Master_projects/PhyloPhere/Data/6.CAAS_traitfiles/Ranked/df4_sp.tab
A2ML1@899	0	1000	0.0		/home/miguel/IBE-UPF/TFM/Master_projects/PhyloPhere/Data/6.CAAS_traitfiles/Ranked/df4_sp.tab
A2ML1@904	0	1000	0.0		/home/miguel/IBE-UPF/TFM/Master_projects/PhyloPhere/Data/6.CAAS_traitfiles/Ranked/df4_sp.tab
A2ML1@906	0	1000	0.0		/home/miguel/IBE-UPF/TFM/Master_projects/PhyloPhere/Data/6.CAAS_traitfiles/Ranked/df4_sp.tab
A2ML1@907	0	1000	0.0		/home/miguel/IBE-UPF/TFM/Master_projects/PhyloPhere/Data/6.CAAS_traitfiles/Ranked/df4_sp.tab
A2ML1@908	0	1000	0.0		/home/miguel/IBE-UPF/TFM/Master_projects/PhyloPhere/Data/6.CAAS_traitfiles/Ranked/df4_sp.tab
A2ML1@909	0	1000	0.0		/home/miguel/IBE-UPF/TFM/Master_projects/PhyloPhere/Data/6.CAAS_traitfiles/Ranked/df4_sp.tab
A2ML1@911	0	1000	0.0		/home/miguel/IBE-UPF/TFM/Master_projects/PhyloPhere/Data/6.CAAS_traitfiles/Ranked/df4_sp.tab
A2ML1@920	0	1000	0.0		/home/miguel/IBE-UPF/TFM/Master_projects/PhyloPhere/Data/6.CAAS_traitfiles/Ranked/df4_sp.tab
A2ML1@923	0	1000	0.0		/home/miguel/IBE-UPF/TFM/Master_projects/PhyloPhere/Data/6.CAAS_traitfiles/Ranked/df4_sp.tab
A2ML1@924	5	1000	0.005	b_71,b_941,b_414,b_188,b_475	/home/miguel/IBE-UPF/TFM/Master_projects/PhyloPhere/Data/6.CAAS_traitfiles/Ranked/df4_sp.tab
A2ML1@930	0	1000	0.0		/home/miguel/IBE-UPF/TFM/Master_projects/PhyloPhere/Data/6.CAAS_traitfiles/Ranked/df4_sp.tab
A2ML1@938	0	1000	0.0		/home/miguel/IBE-UPF/TFM/Master_projects/PhyloPhere/Data/6.CAAS_traitfiles/Ranked/df4_sp.tab
A2ML1@939	0	1000	0.0		/home/miguel/IBE-UPF/TFM/Master_projects/PhyloPhere/Data/6.CAAS_traitfiles/Ranked/df4_sp.tab
A2ML1@946	0	1000	0.0		/home/miguel/IBE-UPF/TFM/Master_projects/PhyloPhere/Data/6.CAAS_traitfiles/Ranked/df4_sp.tab
A2ML1@947	0	1000	0.0		/home/miguel/IBE-UPF/TFM/Master_projects/PhyloPhere/Data/6.CAAS_traitfiles/Ranked/df4_sp.tab
A2ML1@952	0	1000	0.0		/home/miguel/IBE-UPF/TFM/Master_projects/PhyloPhere/Data/6.CAAS_traitfiles/Ranked/df4_sp.tab
A2ML1@957	0	1000	0.0		/home/miguel/IBE-UPF/TFM/Master_projects/PhyloPhere/Data/6.CAAS_traitfiles/Ranked/df4_sp.tab
A2ML1@958	0	1000	0.0		/home/miguel/IBE-UPF/TFM/Master_projects/PhyloPhere/Data/6.CAAS_traitfiles/Ranked/df4_sp.tab
A2ML1@959	21	1000	0.021	b_415,b_22,b_115,b_454,b_751,b_71,b_681,b_941,b_512,b_694,b_701,b_199,b_976,b_414,b_772,b_840,b_787,b_255,b_188,b_908,b_475	/home/miguel/IBE-UPF/TFM/Master_projects/PhyloPhere/Data/6.CAAS_traitfiles/Ranked/df4_sp.tab
A2ML1@961	17	1000	0.017	b_453,b_335,b_21,b_807,b_932,b_38,b_605,b_844,b_610,b_155,b_699,b_353,b_812,b_65,b_919,b_875,b_240	/home/miguel/IBE-UPF/TFM/Master_projects/PhyloPhere/Data/6.CAAS_traitfiles/Ranked/df4_sp.tab
A2ML1@962	0	1000	0.0		/home/miguel/IBE-UPF/TFM/Master_projects/PhyloPhere/Data/6.CAAS_traitfiles/Ranked/df4_sp.tab
A2ML1@963	0	1000	0.0		/home/miguel/IBE-UPF/TFM/Master_projects/PhyloPhere/Data/6.CAAS_traitfiles/Ranked/df4_sp.tab
A2ML1@966	0	1000	0.0		/home/miguel/IBE-UPF/TFM/Master_projects/PhyloPhere/Data/6.CAAS_traitfiles/Ranked/df4_sp.tab
A2ML1@970	0	1000	0.0		/home/miguel/IBE-UPF/TFM/Master_projects/PhyloPhere/Data/6.CAAS_traitfiles/Ranked/df4_sp.tab
A2ML1@977	17	1000	0.017	b_103,b_42,b_172,b_718,b_767,b_144,b_326,b_806,b_584,b_208,b_256,b_903,b_255,b_790,b_134,b_908,b_728	/home/miguel/IBE-UPF/TFM/Master_projects/PhyloPhere/Data/6.CAAS_traitfiles/Ranked/df4_sp.tab
A2ML1@991	19	1000	0.019	b_490,b_700,b_841,b_88,b_771,b_873,b_133,b_28,b_640,b_426,b_610,b_322,b_917,b_935,b_459,b_900,b_44,b_67,b_325	/home/miguel/IBE-UPF/TFM/Master_projects/PhyloPhere/Data/6.CAAS_traitfiles/Ranked/df4_sp.tab
A2ML1@993	0	1000	0.0		/home/miguel/IBE-UPF/TFM/Master_projects/PhyloPhere/Data/6.CAAS_traitfiles/Ranked/df4_sp.tab
A2ML1@994	0	1000	0.0		/home/miguel/IBE-UPF/TFM/Master_projects/PhyloPhere/Data/6.CAAS_traitfiles/Ranked/df4_sp.tab
A2ML1@1011	0	1000	0.0		/home/miguel/IBE-UPF/TFM/Master_projects/PhyloPhere/Data/6.CAAS_traitfiles/Ranked/df4_sp.tab
A2ML1@1012	0	1000	0.0		/home/miguel/IBE-UPF/TFM/Master_projects/PhyloPhere/Data/6.CAAS_traitfiles/Ranked/df4_sp.tab
A2ML1@1018	5	1000	0.005	b_71,b_941,b_414,b_188,b_475	/home/miguel/IBE-UPF/TFM/Master_projects/PhyloPhere/Data/6.CAAS_traitfiles/Ranked/df4_sp.tab
A2ML1@1026	1	1000	0.001	b_941	/home/miguel/IBE-UPF/TFM/Master_projects/PhyloPhere/Data/6.CAAS_traitfiles/Ranked/df4_sp.tab
A2ML1@1028	0	1000	0.0		/home/miguel/IBE-UPF/TFM/Master_projects/PhyloPhere/Data/6.CAAS_traitfiles/Ranked/df4_sp.tab
A2ML1@1030	0	1000	0.0		/home/miguel/IBE-UPF/TFM/Master_projects/PhyloPhere/Data/6.CAAS_traitfiles/Ranked/df4_sp.tab
A2ML1@1031	0	1000	0.0		/home/miguel/IBE-UPF/TFM/Master_projects/PhyloPhere/Data/6.CAAS_traitfiles/Ranked/df4_sp.tab
A2ML1@1034	0	1000	0.0		/home/miguel/IBE-UPF/TFM/Master_projects/PhyloPhere/Data/6.CAAS_traitfiles/Ranked/df4_sp.tab
A2ML1@1043	21	1000	0.021	b_415,b_807,b_697,b_932,b_243,b_172,b_366,b_718,b_767,b_549,b_353,b_104,b_894,b_139,b_806,b_208,b_65,b_890,b_790,b_875,b_908	/home/miguel/IBE-UPF/TFM/Master_projects/PhyloPhere/Data/6.CAAS_traitfiles/Ranked/df4_sp.tab
A2ML1@1045	2	1000	0.002	b_974,b_288	/home/miguel/IBE-UPF/TFM/Master_projects/PhyloPhere/Data/6.CAAS_traitfiles/Ranked/df4_sp.tab
A2ML1@1047	0	1000	0.0		/home/miguel/IBE-UPF/TFM/Master_projects/PhyloPhere/Data/6.CAAS_traitfiles/Ranked/df4_sp.tab
A2ML1@1053	0	1000	0.0		/home/miguel/IBE-UPF/TFM/Master_projects/PhyloPhere/Data/6.CAAS_traitfiles/Ranked/df4_sp.tab
A2ML1@1057	5	1000	0.005	b_71,b_941,b_414,b_188,b_475	/home/miguel/IBE-UPF/TFM/Master_projects/PhyloPhere/Data/6.CAAS_traitfiles/Ranked/df4_sp.tab
A2ML1@1063	5	1000	0.005	b_71,b_941,b_414,b_188,b_475	/home/miguel/IBE-UPF/TFM/Master_projects/PhyloPhere/Data/6.CAAS_traitfiles/Ranked/df4_sp.tab
A2ML1@1070	0	1000	0.0		/home/miguel/IBE-UPF/TFM/Master_projects/PhyloPhere/Data/6.CAAS_traitfiles/Ranked/df4_sp.tab
A2ML1@1072	0	1000	0.0		/home/miguel/IBE-UPF/TFM/Master_projects/PhyloPhere/Data/6.CAAS_traitfiles/Ranked/df4_sp.tab
A2ML1@1073	90	1000	0.09	b_415,b_453,b_312,b_335,b_948,b_115,b_665,b_645,b_515,b_94,b_680,b_615,b_78,b_751,b_217,b_71,b_97,b_688,b_941,b_700,b_841,b_510,b_694,b_21,b_807,b_697,b_396,b_361,b_932,b_243,b_38,b_667,b_366,b_451,b_367,b_810,b_605,b_976,b_880,b_844,b_610,b_699,b_136,b_47,b_86,b_485,b_883,b_549,b_353,b_917,b_935,b_812,b_894,b_317,b_414,b_139,b_970,b_806,b_265,b_787,b_52,b_7,b_77,b_250,b_67,b_284,b_903,b_65,b_484,b_997,b_989,b_51,b_890,b_385,b_140,b_919,b_790,b_10,b_875,b_325,b_34,b_40,b_188,b_526,b_908,b_202,b_926,b_949,b_240,b_475	/home/miguel/IBE-UPF/TFM/Master_projects/PhyloPhere/Data/6.CAAS_traitfiles/Ranked/df4_sp.tab
A2ML1@1074	17	1000	0.017	b_415,b_22,b_115,b_645,b_71,b_681,b_489,b_941,b_153,b_199,b_50,b_414,b_685,b_255,b_698,b_188,b_475	/home/miguel/IBE-UPF/TFM/Master_projects/PhyloPhere/Data/6.CAAS_traitfiles/Ranked/df4_sp.tab
A2ML1@1075	0	1000	0.0		/home/miguel/IBE-UPF/TFM/Master_projects/PhyloPhere/Data/6.CAAS_traitfiles/Ranked/df4_sp.tab
A2ML1@1078	0	1000	0.0		/home/miguel/IBE-UPF/TFM/Master_projects/PhyloPhere/Data/6.CAAS_traitfiles/Ranked/df4_sp.tab
A2ML1@1080	0	1000	0.0		/home/miguel/IBE-UPF/TFM/Master_projects/PhyloPhere/Data/6.CAAS_traitfiles/Ranked/df4_sp.tab
A2ML1@1081	0	1000	0.0		/home/miguel/IBE-UPF/TFM/Master_projects/PhyloPhere/Data/6.CAAS_traitfiles/Ranked/df4_sp.tab
A2ML1@1084	0	1000	0.0		/home/miguel/IBE-UPF/TFM/Master_projects/PhyloPhere/Data/6.CAAS_traitfiles/Ranked/df4_sp.tab
A2ML1@1087	19	1000	0.019	b_335,b_304,b_490,b_700,b_88,b_807,b_932,b_442,b_605,b_880,b_610,b_222,b_86,b_353,b_459,b_67,b_65,b_989,b_240	/home/miguel/IBE-UPF/TFM/Master_projects/PhyloPhere/Data/6.CAAS_traitfiles/Ranked/df4_sp.tab
A2ML1@1088	0	1000	0.0		/home/miguel/IBE-UPF/TFM/Master_projects/PhyloPhere/Data/6.CAAS_traitfiles/Ranked/df4_sp.tab
A2ML1@1090	40	1000	0.04	b_899,b_415,b_312,b_269,b_115,b_645,b_515,b_94,b_78,b_404,b_489,b_510,b_306,b_697,b_361,b_243,b_667,b_366,b_629,b_47,b_883,b_978,b_549,b_238,b_311,b_317,b_139,b_806,b_52,b_250,b_685,b_51,b_890,b_790,b_40,b_526,b_202,b_926,b_949,b_475	/home/miguel/IBE-UPF/TFM/Master_projects/PhyloPhere/Data/6.CAAS_traitfiles/Ranked/df4_sp.tab
A2ML1@1091	0	1000	0.0		/home/miguel/IBE-UPF/TFM/Master_projects/PhyloPhere/Data/6.CAAS_traitfiles/Ranked/df4_sp.tab
A2ML1@1092	0	1000	0.0		/home/miguel/IBE-UPF/TFM/Master_projects/PhyloPhere/Data/6.CAAS_traitfiles/Ranked/df4_sp.tab
A2ML1@1094	0	1000	0.0		/home/miguel/IBE-UPF/TFM/Master_projects/PhyloPhere/Data/6.CAAS_traitfiles/Ranked/df4_sp.tab
A2ML1@1095	21	1000	0.021	b_415,b_412,b_359,b_701,b_243,b_172,b_844,b_718,b_767,b_549,b_677,b_139,b_806,b_584,b_208,b_256,b_255,b_890,b_790,b_908,b_852	/home/miguel/IBE-UPF/TFM/Master_projects/PhyloPhere/Data/6.CAAS_traitfiles/Ranked/df4_sp.tab
A2ML1@1099	0	1000	0.0		/home/miguel/IBE-UPF/TFM/Master_projects/PhyloPhere/Data/6.CAAS_traitfiles/Ranked/df4_sp.tab
A2ML1@1101	0	1000	0.0		/home/miguel/IBE-UPF/TFM/Master_projects/PhyloPhere/Data/6.CAAS_traitfiles/Ranked/df4_sp.tab
A2ML1@1103	0	1000	0.0		/home/miguel/IBE-UPF/TFM/Master_projects/PhyloPhere/Data/6.CAAS_traitfiles/Ranked/df4_sp.tab
A2ML1@1105	16	1000	0.016	b_750,b_742,b_569,b_71,b_500,b_941,b_101,b_84,b_822,b_112,b_414,b_811,b_188,b_182,b_985,b_475	/home/miguel/IBE-UPF/TFM/Master_projects/PhyloPhere/Data/6.CAAS_traitfiles/Ranked/df4_sp.tab
A2ML1@1106	0	1000	0.0		/home/miguel/IBE-UPF/TFM/Master_projects/PhyloPhere/Data/6.CAAS_traitfiles/Ranked/df4_sp.tab
A2ML1@1112	0	1000	0.0		/home/miguel/IBE-UPF/TFM/Master_projects/PhyloPhere/Data/6.CAAS_traitfiles/Ranked/df4_sp.tab
A2ML1@1114	51	1000	0.051	b_415,b_312,b_115,b_645,b_515,b_78,b_615,b_751,b_97,b_71,b_688,b_941,b_700,b_841,b_510,b_694,b_697,b_396,b_361,b_667,b_366,b_94,b_976,b_136,b_47,b_243,b_86,b_883,b_549,b_917,b_894,b_317,b_414,b_139,b_806,b_787,b_52,b_77,b_250,b_284,b_51,b_890,b_790,b_40,b_188,b_526,b_908,b_202,b_949,b_926,b_475	/home/miguel/IBE-UPF/TFM/Master_projects/PhyloPhere/Data/6.CAAS_traitfiles/Ranked/df4_sp.tab
A2ML1@1116	0	1000	0.0		/home/miguel/IBE-UPF/TFM/Master_projects/PhyloPhere/Data/6.CAAS_traitfiles/Ranked/df4_sp.tab
A2ML1@1117	21	1000	0.021	b_899,b_71,b_941,b_510,b_697,b_366,b_837,b_47,b_978,b_317,b_414,b_806,b_253,b_111,b_901,b_51,b_890,b_896,b_790,b_188,b_475	/home/miguel/IBE-UPF/TFM/Master_projects/PhyloPhere/Data/6.CAAS_traitfiles/Ranked/df4_sp.tab
A2ML1@1120	0	1000	0.0		/home/miguel/IBE-UPF/TFM/Master_projects/PhyloPhere/Data/6.CAAS_traitfiles/Ranked/df4_sp.tab
A2ML1@1121	5	1000	0.005	b_71,b_941,b_414,b_188,b_475	/home/miguel/IBE-UPF/TFM/Master_projects/PhyloPhere/Data/6.CAAS_traitfiles/Ranked/df4_sp.tab
A2ML1@1125	0	1000	0.0		/home/miguel/IBE-UPF/TFM/Master_projects/PhyloPhere/Data/6.CAAS_traitfiles/Ranked/df4_sp.tab
A2ML1@1127	6	1000	0.006	b_71,b_941,b_978,b_896,b_188,b_475	/home/miguel/IBE-UPF/TFM/Master_projects/PhyloPhere/Data/6.CAAS_traitfiles/Ranked/df4_sp.tab
A2ML1@1128	0	1000	0.0		/home/miguel/IBE-UPF/TFM/Master_projects/PhyloPhere/Data/6.CAAS_traitfiles/Ranked/df4_sp.tab
A2ML1@1131	0	1000	0.0		/home/miguel/IBE-UPF/TFM/Master_projects/PhyloPhere/Data/6.CAAS_traitfiles/Ranked/df4_sp.tab
A2ML1@1133	0	1000	0.0		/home/miguel/IBE-UPF/TFM/Master_projects/PhyloPhere/Data/6.CAAS_traitfiles/Ranked/df4_sp.tab
A2ML1@1134	0	1000	0.0		/home/miguel/IBE-UPF/TFM/Master_projects/PhyloPhere/Data/6.CAAS_traitfiles/Ranked/df4_sp.tab
A2ML1@1137	17	1000	0.017	b_415,b_782,b_42,b_500,b_243,b_172,b_718,b_767,b_144,b_49,b_549,b_104,b_179,b_894,b_139,b_954,b_908	/home/miguel/IBE-UPF/TFM/Master_projects/PhyloPhere/Data/6.CAAS_traitfiles/Ranked/df4_sp.tab
A2ML1@1139	0	1000	0.0		/home/miguel/IBE-UPF/TFM/Master_projects/PhyloPhere/Data/6.CAAS_traitfiles/Ranked/df4_sp.tab
A2ML1@1140	0	1000	0.0		/home/miguel/IBE-UPF/TFM/Master_projects/PhyloPhere/Data/6.CAAS_traitfiles/Ranked/df4_sp.tab
A2ML1@1141	33	1000	0.033	b_312,b_412,b_665,b_36,b_615,b_739,b_359,b_841,b_510,b_243,b_265,b_667,b_605,b_844,b_136,b_47,b_86,b_677,b_549,b_812,b_317,b_668,b_970,b_787,b_52,b_7,b_284,b_903,b_923,b_890,b_385,b_852,b_240	/home/miguel/IBE-UPF/TFM/Master_projects/PhyloPhere/Data/6.CAAS_traitfiles/Ranked/df4_sp.tab
A2ML1@1142	0	1000	0.0		/home/miguel/IBE-UPF/TFM/Master_projects/PhyloPhere/Data/6.CAAS_traitfiles/Ranked/df4_sp.tab
A2ML1@1143	62	1000	0.062	b_453,b_312,b_335,b_948,b_412,b_665,b_36,b_680,b_615,b_217,b_739,b_97,b_841,b_510,b_21,b_807,b_697,b_932,b_243,b_38,b_265,b_667,b_451,b_367,b_605,b_810,b_880,b_844,b_610,b_699,b_136,b_47,b_86,b_485,b_883,b_677,b_549,b_353,b_935,b_812,b_317,b_668,b_970,b_787,b_52,b_7,b_284,b_903,b_67,b_65,b_484,b_997,b_989,b_890,b_385,b_140,b_919,b_10,b_875,b_325,b_34,b_240	/home/miguel/IBE-UPF/TFM/Master_projects/PhyloPhere/Data/6.CAAS_traitfiles/Ranked/df4_sp.tab
A2ML1@1144	9	1000	0.009	b_404,b_71,b_500,b_941,b_414,b_468,b_811,b_188,b_475	/home/miguel/IBE-UPF/TFM/Master_projects/PhyloPhere/Data/6.CAAS_traitfiles/Ranked/df4_sp.tab
A2ML1@1146	0	1000	0.0		/home/miguel/IBE-UPF/TFM/Master_projects/PhyloPhere/Data/6.CAAS_traitfiles/Ranked/df4_sp.tab
A2ML1@1149	0	1000	0.0		/home/miguel/IBE-UPF/TFM/Master_projects/PhyloPhere/Data/6.CAAS_traitfiles/Ranked/df4_sp.tab
A2ML1@1152	56	1000	0.056	b_415,b_453,b_335,b_422,b_680,b_675,b_309,b_217,b_71,b_941,b_602,b_697,b_932,b_243,b_172,b_366,b_451,b_671,b_367,b_810,b_880,b_844,b_718,b_767,b_549,b_935,b_104,b_894,b_414,b_139,b_970,b_731,b_806,b_265,b_7,b_208,b_449,b_903,b_65,b_484,b_989,b_890,b_639,b_140,b_571,b_654,b_790,b_10,b_875,b_325,b_34,b_188,b_908,b_206,b_240,b_475	/home/miguel/IBE-UPF/TFM/Master_projects/PhyloPhere/Data/6.CAAS_traitfiles/Ranked/df4_sp.tab
A2ML1@1154	0	1000	0.0		/home/miguel/IBE-UPF/TFM/Master_projects/PhyloPhere/Data/6.CAAS_traitfiles/Ranked/df4_sp.tab
A2ML1@1158	0	1000	0.0		/home/miguel/IBE-UPF/TFM/Master_projects/PhyloPhere/Data/6.CAAS_traitfiles/Ranked/df4_sp.tab
A2ML1@1160	0	1000	0.0		/home/miguel/IBE-UPF/TFM/Master_projects/PhyloPhere/Data/6.CAAS_traitfiles/Ranked/df4_sp.tab
A2ML1@1162	0	1000	0.0		/home/miguel/IBE-UPF/TFM/Master_projects/PhyloPhere/Data/6.CAAS_traitfiles/Ranked/df4_sp.tab
A2ML1@1168	11	1000	0.011	b_454,b_839,b_71,b_941,b_512,b_701,b_915,b_414,b_840,b_188,b_475	/home/miguel/IBE-UPF/TFM/Master_projects/PhyloPhere/Data/6.CAAS_traitfiles/Ranked/df4_sp.tab
A2ML1@1169	0	1000	0.0		/home/miguel/IBE-UPF/TFM/Master_projects/PhyloPhere/Data/6.CAAS_traitfiles/Ranked/df4_sp.tab
A2ML1@1171	3	1000	0.003	b_665,b_7,b_903	/home/miguel/IBE-UPF/TFM/Master_projects/PhyloPhere/Data/6.CAAS_traitfiles/Ranked/df4_sp.tab
A2ML1@1172	0	1000	0.0		/home/miguel/IBE-UPF/TFM/Master_projects/PhyloPhere/Data/6.CAAS_traitfiles/Ranked/df4_sp.tab
A2ML1@1176	5	1000	0.005	b_71,b_941,b_414,b_188,b_475	/home/miguel/IBE-UPF/TFM/Master_projects/PhyloPhere/Data/6.CAAS_traitfiles/Ranked/df4_sp.tab
A2ML1@1177	0	1000	0.0		/home/miguel/IBE-UPF/TFM/Master_projects/PhyloPhere/Data/6.CAAS_traitfiles/Ranked/df4_sp.tab
A2ML1@1179	0	1000	0.0		/home/miguel/IBE-UPF/TFM/Master_projects/PhyloPhere/Data/6.CAAS_traitfiles/Ranked/df4_sp.tab
A2ML1@1181	0	1000	0.0		/home/miguel/IBE-UPF/TFM/Master_projects/PhyloPhere/Data/6.CAAS_traitfiles/Ranked/df4_sp.tab
A2ML1@1182	0	1000	0.0		/home/miguel/IBE-UPF/TFM/Master_projects/PhyloPhere/Data/6.CAAS_traitfiles/Ranked/df4_sp.tab
A2ML1@1185	0	1000	0.0		/home/miguel/IBE-UPF/TFM/Master_projects/PhyloPhere/Data/6.CAAS_traitfiles/Ranked/df4_sp.tab
A2ML1@1188	0	1000	0.0		/home/miguel/IBE-UPF/TFM/Master_projects/PhyloPhere/Data/6.CAAS_traitfiles/Ranked/df4_sp.tab
A2ML1@1191	0	1000	0.0		/home/miguel/IBE-UPF/TFM/Master_projects/PhyloPhere/Data/6.CAAS_traitfiles/Ranked/df4_sp.tab
A2ML1@1209	0	1000	0.0		/home/miguel/IBE-UPF/TFM/Master_projects/PhyloPhere/Data/6.CAAS_traitfiles/Ranked/df4_sp.tab
A2ML1@1215	0	1000	0.0		/home/miguel/IBE-UPF/TFM/Master_projects/PhyloPhere/Data/6.CAAS_traitfiles/Ranked/df4_sp.tab
A2ML1@1219	24	1000	0.024	b_453,b_335,b_680,b_217,b_71,b_941,b_626,b_451,b_131,b_502,b_671,b_880,b_414,b_731,b_265,b_7,b_484,b_140,b_571,b_10,b_34,b_188,b_206,b_475	/home/miguel/IBE-UPF/TFM/Master_projects/PhyloPhere/Data/6.CAAS_traitfiles/Ranked/df4_sp.tab
A2ML1@1222	0	1000	0.0		/home/miguel/IBE-UPF/TFM/Master_projects/PhyloPhere/Data/6.CAAS_traitfiles/Ranked/df4_sp.tab
A2ML1@1223	42	1000	0.042	b_453,b_335,b_948,b_665,b_680,b_309,b_217,b_841,b_487,b_21,b_807,b_602,b_932,b_38,b_451,b_367,b_810,b_605,b_880,b_844,b_610,b_155,b_699,b_86,b_353,b_935,b_812,b_970,b_265,b_7,b_67,b_903,b_65,b_484,b_989,b_140,b_919,b_10,b_875,b_325,b_34,b_240	/home/miguel/IBE-UPF/TFM/Master_projects/PhyloPhere/Data/6.CAAS_traitfiles/Ranked/df4_sp.tab
A2ML1@1224	32	1000	0.032	b_312,b_645,b_615,b_78,b_97,b_688,b_700,b_841,b_510,b_697,b_396,b_361,b_667,b_366,b_136,b_47,b_883,b_917,b_894,b_915,b_317,b_139,b_806,b_111,b_77,b_246,b_51,b_890,b_790,b_202,b_949,b_475	/home/miguel/IBE-UPF/TFM/Master_projects/PhyloPhere/Data/6.CAAS_traitfiles/Ranked/df4_sp.tab
A2ML1@1225	17	1000	0.017	b_453,b_335,b_21,b_807,b_932,b_38,b_605,b_844,b_610,b_155,b_699,b_353,b_812,b_65,b_919,b_875,b_240	/home/miguel/IBE-UPF/TFM/Master_projects/PhyloPhere/Data/6.CAAS_traitfiles/Ranked/df4_sp.tab
A2ML1@1227	53	1000	0.053	b_415,b_312,b_115,b_645,b_515,b_94,b_78,b_615,b_751,b_97,b_688,b_700,b_841,b_510,b_694,b_697,b_396,b_361,b_243,b_575,b_667,b_366,b_976,b_136,b_47,b_551,b_86,b_883,b_549,b_917,b_894,b_317,b_139,b_772,b_806,b_787,b_52,b_77,b_250,b_284,b_51,b_890,b_896,b_480,b_790,b_40,b_526,b_908,b_202,b_949,b_926,b_964,b_475	/home/miguel/IBE-UPF/TFM/Master_projects/PhyloPhere/Data/6.CAAS_traitfiles/Ranked/df4_sp.tab
A2ML1@1228	0	1000	0.0		/home/miguel/IBE-UPF/TFM/Master_projects/PhyloPhere/Data/6.CAAS_traitfiles/Ranked/df4_sp.tab
A2ML1@1232	0	1000	0.0		/home/miguel/IBE-UPF/TFM/Master_projects/PhyloPhere/Data/6.CAAS_traitfiles/Ranked/df4_sp.tab
A2ML1@1233	0	1000	0.0		/home/miguel/IBE-UPF/TFM/Master_projects/PhyloPhere/Data/6.CAAS_traitfiles/Ranked/df4_sp.tab
A2ML1@1235	0	1000	0.0		/home/miguel/IBE-UPF/TFM/Master_projects/PhyloPhere/Data/6.CAAS_traitfiles/Ranked/df4_sp.tab
A2ML1@1236	8	1000	0.008	b_453,b_455,b_950,b_953,b_294,b_421,b_7,b_571	/home/miguel/IBE-UPF/TFM/Master_projects/PhyloPhere/Data/6.CAAS_traitfiles/Ranked/df4_sp.tab
A2ML1@1237	0	1000	0.0		/home/miguel/IBE-UPF/TFM/Master_projects/PhyloPhere/Data/6.CAAS_traitfiles/Ranked/df4_sp.tab
A2ML1@1239	0	1000	0.0		/home/miguel/IBE-UPF/TFM/Master_projects/PhyloPhere/Data/6.CAAS_traitfiles/Ranked/df4_sp.tab
A2ML1@1240	6	1000	0.006	b_71,b_941,b_978,b_896,b_188,b_475	/home/miguel/IBE-UPF/TFM/Master_projects/PhyloPhere/Data/6.CAAS_traitfiles/Ranked/df4_sp.tab
A2ML1@1241	37	1000	0.037	b_453,b_335,b_948,b_665,b_680,b_217,b_841,b_21,b_697,b_932,b_38,b_367,b_810,b_605,b_880,b_844,b_86,b_485,b_353,b_935,b_812,b_970,b_265,b_7,b_903,b_484,b_997,b_989,b_385,b_140,b_919,b_10,b_875,b_325,b_34,b_329,b_240	/home/miguel/IBE-UPF/TFM/Master_projects/PhyloPhere/Data/6.CAAS_traitfiles/Ranked/df4_sp.tab
A2ML1@1242	0	1000	0.0		/home/miguel/IBE-UPF/TFM/Master_projects/PhyloPhere/Data/6.CAAS_traitfiles/Ranked/df4_sp.tab
A2ML1@1243	0	1000	0.0		/home/miguel/IBE-UPF/TFM/Master_projects/PhyloPhere/Data/6.CAAS_traitfiles/Ranked/df4_sp.tab
A2ML1@1248	0	1000	0.0		/home/miguel/IBE-UPF/TFM/Master_projects/PhyloPhere/Data/6.CAAS_traitfiles/Ranked/df4_sp.tab
A2ML1@1249	0	1000	0.0		/home/miguel/IBE-UPF/TFM/Master_projects/PhyloPhere/Data/6.CAAS_traitfiles/Ranked/df4_sp.tab
A2ML1@1251	0	1000	0.0		/home/miguel/IBE-UPF/TFM/Master_projects/PhyloPhere/Data/6.CAAS_traitfiles/Ranked/df4_sp.tab
A2ML1@1252	0	1000	0.0		/home/miguel/IBE-UPF/TFM/Master_projects/PhyloPhere/Data/6.CAAS_traitfiles/Ranked/df4_sp.tab
A2ML1@1255	2	1000	0.002	b_569,b_265	/home/miguel/IBE-UPF/TFM/Master_projects/PhyloPhere/Data/6.CAAS_traitfiles/Ranked/df4_sp.tab
A2ML1@1256	4	1000	0.004	b_71,b_414,b_188,b_475	/home/miguel/IBE-UPF/TFM/Master_projects/PhyloPhere/Data/6.CAAS_traitfiles/Ranked/df4_sp.tab
A2ML1@1259	4	1000	0.004	b_71,b_941,b_414,b_475	/home/miguel/IBE-UPF/TFM/Master_projects/PhyloPhere/Data/6.CAAS_traitfiles/Ranked/df4_sp.tab
A2ML1@1261	9	1000	0.009	b_807,b_602,b_932,b_699,b_353,b_65,b_919,b_875,b_122	/home/miguel/IBE-UPF/TFM/Master_projects/PhyloPhere/Data/6.CAAS_traitfiles/Ranked/df4_sp.tab
A2ML1@1267	0	1000	0.0		/home/miguel/IBE-UPF/TFM/Master_projects/PhyloPhere/Data/6.CAAS_traitfiles/Ranked/df4_sp.tab
A2ML1@1271	0	1000	0.0		/home/miguel/IBE-UPF/TFM/Master_projects/PhyloPhere/Data/6.CAAS_traitfiles/Ranked/df4_sp.tab
A2ML1@1272	0	1000	0.0		/home/miguel/IBE-UPF/TFM/Master_projects/PhyloPhere/Data/6.CAAS_traitfiles/Ranked/df4_sp.tab
A2ML1@1274	0	1000	0.0		/home/miguel/IBE-UPF/TFM/Master_projects/PhyloPhere/Data/6.CAAS_traitfiles/Ranked/df4_sp.tab
A2ML1@1277	41	1000	0.041	b_453,b_335,b_948,b_665,b_680,b_217,b_841,b_21,b_807,b_932,b_38,b_451,b_367,b_810,b_605,b_880,b_844,b_610,b_699,b_86,b_485,b_353,b_935,b_812,b_970,b_265,b_7,b_67,b_903,b_65,b_484,b_997,b_989,b_385,b_140,b_919,b_10,b_875,b_325,b_34,b_240	/home/miguel/IBE-UPF/TFM/Master_projects/PhyloPhere/Data/6.CAAS_traitfiles/Ranked/df4_sp.tab
A2ML1@1280	0	1000	0.0		/home/miguel/IBE-UPF/TFM/Master_projects/PhyloPhere/Data/6.CAAS_traitfiles/Ranked/df4_sp.tab
A2ML1@1283	0	1000	0.0		/home/miguel/IBE-UPF/TFM/Master_projects/PhyloPhere/Data/6.CAAS_traitfiles/Ranked/df4_sp.tab
A2ML1@1284	0	1000	0.0		/home/miguel/IBE-UPF/TFM/Master_projects/PhyloPhere/Data/6.CAAS_traitfiles/Ranked/df4_sp.tab
A2ML1@1285	0	1000	0.0		/home/miguel/IBE-UPF/TFM/Master_projects/PhyloPhere/Data/6.CAAS_traitfiles/Ranked/df4_sp.tab
A2ML1@1286	0	1000	0.0		/home/miguel/IBE-UPF/TFM/Master_projects/PhyloPhere/Data/6.CAAS_traitfiles/Ranked/df4_sp.tab
A2ML1@1287	5	1000	0.005	b_71,b_941,b_414,b_188,b_475	/home/miguel/IBE-UPF/TFM/Master_projects/PhyloPhere/Data/6.CAAS_traitfiles/Ranked/df4_sp.tab
A2ML1@1288	0	1000	0.0		/home/miguel/IBE-UPF/TFM/Master_projects/PhyloPhere/Data/6.CAAS_traitfiles/Ranked/df4_sp.tab
A2ML1@1290	0	1000	0.0		/home/miguel/IBE-UPF/TFM/Master_projects/PhyloPhere/Data/6.CAAS_traitfiles/Ranked/df4_sp.tab
A2ML1@1292	0	1000	0.0		/home/miguel/IBE-UPF/TFM/Master_projects/PhyloPhere/Data/6.CAAS_traitfiles/Ranked/df4_sp.tab
A2ML1@1293	0	1000	0.0		/home/miguel/IBE-UPF/TFM/Master_projects/PhyloPhere/Data/6.CAAS_traitfiles/Ranked/df4_sp.tab
A2ML1@1295	0	1000	0.0		/home/miguel/IBE-UPF/TFM/Master_projects/PhyloPhere/Data/6.CAAS_traitfiles/Ranked/df4_sp.tab
A2ML1@1296	0	1000	0.0		/home/miguel/IBE-UPF/TFM/Master_projects/PhyloPhere/Data/6.CAAS_traitfiles/Ranked/df4_sp.tab
A2ML1@1297	0	1000	0.0		/home/miguel/IBE-UPF/TFM/Master_projects/PhyloPhere/Data/6.CAAS_traitfiles/Ranked/df4_sp.tab
A2ML1@1298	0	1000	0.0		/home/miguel/IBE-UPF/TFM/Master_projects/PhyloPhere/Data/6.CAAS_traitfiles/Ranked/df4_sp.tab
A2ML1@1299	0	1000	0.0		/home/miguel/IBE-UPF/TFM/Master_projects/PhyloPhere/Data/6.CAAS_traitfiles/Ranked/df4_sp.tab
A2ML1@1303	15	1000	0.015	b_782,b_71,b_500,b_941,b_822,b_38,b_184,b_815,b_144,b_411,b_112,b_414,b_533,b_197,b_182	/home/miguel/IBE-UPF/TFM/Master_projects/PhyloPhere/Data/6.CAAS_traitfiles/Ranked/df4_sp.tab
A2ML1@1304	0	1000	0.0		/home/miguel/IBE-UPF/TFM/Master_projects/PhyloPhere/Data/6.CAAS_traitfiles/Ranked/df4_sp.tab
A2ML1@1305	8	1000	0.008	b_12,b_71,b_941,b_822,b_112,b_414,b_188,b_182	/home/miguel/IBE-UPF/TFM/Master_projects/PhyloPhere/Data/6.CAAS_traitfiles/Ranked/df4_sp.tab
A2ML1@1310	13	1000	0.013	b_680,b_626,b_265,b_502,b_671,b_849,b_414,b_522,b_10,b_34,b_188,b_206,b_475	/home/miguel/IBE-UPF/TFM/Master_projects/PhyloPhere/Data/6.CAAS_traitfiles/Ranked/df4_sp.tab
A2ML1@1312	18	1000	0.018	b_415,b_470,b_697,b_243,b_172,b_366,b_718,b_767,b_549,b_104,b_894,b_139,b_806,b_208,b_533,b_890,b_790,b_908	/home/miguel/IBE-UPF/TFM/Master_projects/PhyloPhere/Data/6.CAAS_traitfiles/Ranked/df4_sp.tab
A2ML1@1313	0	1000	0.0		/home/miguel/IBE-UPF/TFM/Master_projects/PhyloPhere/Data/6.CAAS_traitfiles/Ranked/df4_sp.tab
A2ML1@1314	0	1000	0.0		/home/miguel/IBE-UPF/TFM/Master_projects/PhyloPhere/Data/6.CAAS_traitfiles/Ranked/df4_sp.tab
A2ML1@1315	0	1000	0.0		/home/miguel/IBE-UPF/TFM/Master_projects/PhyloPhere/Data/6.CAAS_traitfiles/Ranked/df4_sp.tab
A2ML1@1320	0	1000	0.0		/home/miguel/IBE-UPF/TFM/Master_projects/PhyloPhere/Data/6.CAAS_traitfiles/Ranked/df4_sp.tab
A2ML1@1321	0	1000	0.0		/home/miguel/IBE-UPF/TFM/Master_projects/PhyloPhere/Data/6.CAAS_traitfiles/Ranked/df4_sp.tab
A2ML1@1322	5	1000	0.005	b_71,b_941,b_685,b_255,b_475	/home/miguel/IBE-UPF/TFM/Master_projects/PhyloPhere/Data/6.CAAS_traitfiles/Ranked/df4_sp.tab
A2ML1@1327	16	1000	0.016	b_415,b_697,b_243,b_172,b_366,b_718,b_767,b_549,b_104,b_894,b_139,b_806,b_208,b_890,b_790,b_908	/home/miguel/IBE-UPF/TFM/Master_projects/PhyloPhere/Data/6.CAAS_traitfiles/Ranked/df4_sp.tab
A2ML1@1338	11	1000	0.011	b_932,b_605,b_844,b_155,b_699,b_812,b_52,b_65,b_875,b_431,b_240	/home/miguel/IBE-UPF/TFM/Master_projects/PhyloPhere/Data/6.CAAS_traitfiles/Ranked/df4_sp.tab
A2ML1@1340	9	1000	0.009	b_453,b_71,b_941,b_451,b_131,b_164,b_622,b_7,b_140	/home/miguel/IBE-UPF/TFM/Master_projects/PhyloPhere/Data/6.CAAS_traitfiles/Ranked/df4_sp.tab
A2ML1@1342	0	1000	0.0		/home/miguel/IBE-UPF/TFM/Master_projects/PhyloPhere/Data/6.CAAS_traitfiles/Ranked/df4_sp.tab
A2ML1@1344	12	1000	0.012	b_782,b_107,b_822,b_38,b_605,b_764,b_699,b_411,b_669,b_89,b_919,b_197	/home/miguel/IBE-UPF/TFM/Master_projects/PhyloPhere/Data/6.CAAS_traitfiles/Ranked/df4_sp.tab
A2ML1@1346	0	1000	0.0		/home/miguel/IBE-UPF/TFM/Master_projects/PhyloPhere/Data/6.CAAS_traitfiles/Ranked/df4_sp.tab
A2ML1@1349	0	1000	0.0		/home/miguel/IBE-UPF/TFM/Master_projects/PhyloPhere/Data/6.CAAS_traitfiles/Ranked/df4_sp.tab
A2ML1@1351	0	1000	0.0		/home/miguel/IBE-UPF/TFM/Master_projects/PhyloPhere/Data/6.CAAS_traitfiles/Ranked/df4_sp.tab
A2ML1@1358	5	1000	0.005	b_71,b_941,b_414,b_188,b_475	/home/miguel/IBE-UPF/TFM/Master_projects/PhyloPhere/Data/6.CAAS_traitfiles/Ranked/df4_sp.tab
A2ML1@1359	0	1000	0.0		/home/miguel/IBE-UPF/TFM/Master_projects/PhyloPhere/Data/6.CAAS_traitfiles/Ranked/df4_sp.tab
A2ML1@1362	1	1000	0.001	b_412	/home/miguel/IBE-UPF/TFM/Master_projects/PhyloPhere/Data/6.CAAS_traitfiles/Ranked/df4_sp.tab
A2ML1@1363	0	1000	0.0		/home/miguel/IBE-UPF/TFM/Master_projects/PhyloPhere/Data/6.CAAS_traitfiles/Ranked/df4_sp.tab
A2ML1@1365	0	1000	0.0		/home/miguel/IBE-UPF/TFM/Master_projects/PhyloPhere/Data/6.CAAS_traitfiles/Ranked/df4_sp.tab
A2ML1@1368	0	1000	0.0		/home/miguel/IBE-UPF/TFM/Master_projects/PhyloPhere/Data/6.CAAS_traitfiles/Ranked/df4_sp.tab
A2ML1@1371	2	1000	0.002	b_969,b_654	/home/miguel/IBE-UPF/TFM/Master_projects/PhyloPhere/Data/6.CAAS_traitfiles/Ranked/df4_sp.tab
A2ML1@1372	0	1000	0.0		/home/miguel/IBE-UPF/TFM/Master_projects/PhyloPhere/Data/6.CAAS_traitfiles/Ranked/df4_sp.tab
A2ML1@1373	5	1000	0.005	b_71,b_941,b_414,b_188,b_475	/home/miguel/IBE-UPF/TFM/Master_projects/PhyloPhere/Data/6.CAAS_traitfiles/Ranked/df4_sp.tab
A2ML1@1377	0	1000	0.0		/home/miguel/IBE-UPF/TFM/Master_projects/PhyloPhere/Data/6.CAAS_traitfiles/Ranked/df4_sp.tab
A2ML1@1378	0	1000	0.0		/home/miguel/IBE-UPF/TFM/Master_projects/PhyloPhere/Data/6.CAAS_traitfiles/Ranked/df4_sp.tab
A2ML1@1381	0	1000	0.0		/home/miguel/IBE-UPF/TFM/Master_projects/PhyloPhere/Data/6.CAAS_traitfiles/Ranked/df4_sp.tab
A2ML1@1382	0	1000	0.0		/home/miguel/IBE-UPF/TFM/Master_projects/PhyloPhere/Data/6.CAAS_traitfiles/Ranked/df4_sp.tab
A2ML1@1384	0	1000	0.0		/home/miguel/IBE-UPF/TFM/Master_projects/PhyloPhere/Data/6.CAAS_traitfiles/Ranked/df4_sp.tab
A2ML1@1389	0	1000	0.0		/home/miguel/IBE-UPF/TFM/Master_projects/PhyloPhere/Data/6.CAAS_traitfiles/Ranked/df4_sp.tab
A2ML1@1394	41	1000	0.041	b_453,b_335,b_948,b_665,b_680,b_217,b_841,b_21,b_807,b_932,b_38,b_265,b_451,b_367,b_605,b_810,b_880,b_844,b_610,b_699,b_86,b_485,b_353,b_935,b_812,b_970,b_7,b_903,b_67,b_65,b_484,b_997,b_989,b_385,b_140,b_919,b_10,b_875,b_325,b_34,b_240	/home/miguel/IBE-UPF/TFM/Master_projects/PhyloPhere/Data/6.CAAS_traitfiles/Ranked/df4_sp.tab
A2ML1@1396	9	1000	0.009	b_404,b_71,b_500,b_941,b_414,b_468,b_811,b_188,b_475	/home/miguel/IBE-UPF/TFM/Master_projects/PhyloPhere/Data/6.CAAS_traitfiles/Ranked/df4_sp.tab
A2ML1@1403	5	1000	0.005	b_71,b_941,b_414,b_188,b_475	/home/miguel/IBE-UPF/TFM/Master_projects/PhyloPhere/Data/6.CAAS_traitfiles/Ranked/df4_sp.tab
A2ML1@1404	3	1000	0.003	b_549,b_806,b_790	/home/miguel/IBE-UPF/TFM/Master_projects/PhyloPhere/Data/6.CAAS_traitfiles/Ranked/df4_sp.tab
A2ML1@1406	3	1000	0.003	b_549,b_806,b_790	/home/miguel/IBE-UPF/TFM/Master_projects/PhyloPhere/Data/6.CAAS_traitfiles/Ranked/df4_sp.tab
A2ML1@1407	0	1000	0.0		/home/miguel/IBE-UPF/TFM/Master_projects/PhyloPhere/Data/6.CAAS_traitfiles/Ranked/df4_sp.tab
A2ML1@1408	3	1000	0.003	b_549,b_806,b_790	/home/miguel/IBE-UPF/TFM/Master_projects/PhyloPhere/Data/6.CAAS_traitfiles/Ranked/df4_sp.tab
A2ML1@1409	3	1000	0.003	b_549,b_806,b_790	/home/miguel/IBE-UPF/TFM/Master_projects/PhyloPhere/Data/6.CAAS_traitfiles/Ranked/df4_sp.tab
A2ML1@1410	6	1000	0.006	b_976,b_136,b_549,b_317,b_806,b_790	/home/miguel/IBE-UPF/TFM/Master_projects/PhyloPhere/Data/6.CAAS_traitfiles/Ranked/df4_sp.tab
