A3GALT2@0	0	1000	0.0		/home/miguel/IBE-UPF/TFM/Master_projects/PhyloPhere/Data/6.CAAS_traitfiles/Ranked/df4_sp.tab
A3GALT2@1	0	1000	0.0		/home/miguel/IBE-UPF/TFM/Master_projects/PhyloPhere/Data/6.CAAS_traitfiles/Ranked/df4_sp.tab
A3GALT2@8	0	1000	0.0		/home/miguel/IBE-UPF/TFM/Master_projects/PhyloPhere/Data/6.CAAS_traitfiles/Ranked/df4_sp.tab
A3GALT2@9	15	1000	0.015	b_647,b_578,b_188,b_123,b_85,b_703,b_609,b_941,b_444,b_962,b_448,b_780,b_351,b_71,b_545	/home/miguel/IBE-UPF/TFM/Master_projects/PhyloPhere/Data/6.CAAS_traitfiles/Ranked/df4_sp.tab
A3GALT2@12	10	1000	0.01	b_998,b_24,b_155,b_538,b_812,b_780,b_875,b_807,b_240,b_695	/home/miguel/IBE-UPF/TFM/Master_projects/PhyloPhere/Data/6.CAAS_traitfiles/Ranked/df4_sp.tab
A3GALT2@18	0	1000	0.0		/home/miguel/IBE-UPF/TFM/Master_projects/PhyloPhere/Data/6.CAAS_traitfiles/Ranked/df4_sp.tab
A3GALT2@20	15	1000	0.015	b_647,b_578,b_188,b_123,b_85,b_703,b_609,b_941,b_444,b_962,b_448,b_780,b_351,b_71,b_545	/home/miguel/IBE-UPF/TFM/Master_projects/PhyloPhere/Data/6.CAAS_traitfiles/Ranked/df4_sp.tab
A3GALT2@22	0	1000	0.0		/home/miguel/IBE-UPF/TFM/Master_projects/PhyloPhere/Data/6.CAAS_traitfiles/Ranked/df4_sp.tab
A3GALT2@23	0	1000	0.0		/home/miguel/IBE-UPF/TFM/Master_projects/PhyloPhere/Data/6.CAAS_traitfiles/Ranked/df4_sp.tab
A3GALT2@26	15	1000	0.015	b_647,b_578,b_188,b_123,b_85,b_703,b_609,b_941,b_444,b_962,b_448,b_780,b_351,b_71,b_545	/home/miguel/IBE-UPF/TFM/Master_projects/PhyloPhere/Data/6.CAAS_traitfiles/Ranked/df4_sp.tab
A3GALT2@27	8	1000	0.008	b_647,b_188,b_703,b_609,b_941,b_444,b_962,b_545	/home/miguel/IBE-UPF/TFM/Master_projects/PhyloPhere/Data/6.CAAS_traitfiles/Ranked/df4_sp.tab
A3GALT2@29	0	1000	0.0		/home/miguel/IBE-UPF/TFM/Master_projects/PhyloPhere/Data/6.CAAS_traitfiles/Ranked/df4_sp.tab
A3GALT2@32	65	1000	0.065	b_647,b_578,b_165,b_462,b_926,b_188,b_123,b_948,b_244,b_325,b_997,b_34,b_85,b_636,b_725,b_903,b_913,b_86,b_21,b_633,b_10,b_663,b_970,b_883,b_734,b_367,b_719,b_52,b_989,b_665,b_363,b_667,b_610,b_703,b_38,b_451,b_366,b_609,b_388,b_941,b_444,b_880,b_265,b_396,b_962,b_136,b_700,b_448,b_812,b_810,b_780,b_481,b_875,b_351,b_361,b_71,b_807,b_151,b_680,b_95,b_240,b_312,b_243,b_545,b_392	/home/miguel/IBE-UPF/TFM/Master_projects/PhyloPhere/Data/6.CAAS_traitfiles/Ranked/df4_sp.tab
A3GALT2@33	9	1000	0.009	b_165,b_21,b_610,b_38,b_388,b_481,b_875,b_807,b_240	/home/miguel/IBE-UPF/TFM/Master_projects/PhyloPhere/Data/6.CAAS_traitfiles/Ranked/df4_sp.tab
A3GALT2@38	0	1000	0.0		/home/miguel/IBE-UPF/TFM/Master_projects/PhyloPhere/Data/6.CAAS_traitfiles/Ranked/df4_sp.tab
A3GALT2@40	0	1000	0.0		/home/miguel/IBE-UPF/TFM/Master_projects/PhyloPhere/Data/6.CAAS_traitfiles/Ranked/df4_sp.tab
A3GALT2@41	15	1000	0.015	b_647,b_578,b_188,b_123,b_85,b_703,b_609,b_941,b_444,b_962,b_448,b_780,b_351,b_71,b_545	/home/miguel/IBE-UPF/TFM/Master_projects/PhyloPhere/Data/6.CAAS_traitfiles/Ranked/df4_sp.tab
A3GALT2@42	0	1000	0.0		/home/miguel/IBE-UPF/TFM/Master_projects/PhyloPhere/Data/6.CAAS_traitfiles/Ranked/df4_sp.tab
A3GALT2@44	13	1000	0.013	b_165,b_21,b_155,b_363,b_610,b_38,b_388,b_812,b_780,b_481,b_875,b_807,b_240	/home/miguel/IBE-UPF/TFM/Master_projects/PhyloPhere/Data/6.CAAS_traitfiles/Ranked/df4_sp.tab
A3GALT2@45	0	1000	0.0		/home/miguel/IBE-UPF/TFM/Master_projects/PhyloPhere/Data/6.CAAS_traitfiles/Ranked/df4_sp.tab
A3GALT2@46	0	1000	0.0		/home/miguel/IBE-UPF/TFM/Master_projects/PhyloPhere/Data/6.CAAS_traitfiles/Ranked/df4_sp.tab
A3GALT2@48	0	1000	0.0		/home/miguel/IBE-UPF/TFM/Master_projects/PhyloPhere/Data/6.CAAS_traitfiles/Ranked/df4_sp.tab
A3GALT2@50	0	1000	0.0		/home/miguel/IBE-UPF/TFM/Master_projects/PhyloPhere/Data/6.CAAS_traitfiles/Ranked/df4_sp.tab
A3GALT2@54	0	1000	0.0		/home/miguel/IBE-UPF/TFM/Master_projects/PhyloPhere/Data/6.CAAS_traitfiles/Ranked/df4_sp.tab
A3GALT2@63	15	1000	0.015	b_647,b_578,b_188,b_123,b_85,b_703,b_609,b_941,b_444,b_962,b_448,b_780,b_351,b_71,b_545	/home/miguel/IBE-UPF/TFM/Master_projects/PhyloPhere/Data/6.CAAS_traitfiles/Ranked/df4_sp.tab
A3GALT2@65	0	1000	0.0		/home/miguel/IBE-UPF/TFM/Master_projects/PhyloPhere/Data/6.CAAS_traitfiles/Ranked/df4_sp.tab
A3GALT2@73	2	1000	0.002	b_580,b_218	/home/miguel/IBE-UPF/TFM/Master_projects/PhyloPhere/Data/6.CAAS_traitfiles/Ranked/df4_sp.tab
A3GALT2@77	0	1000	0.0		/home/miguel/IBE-UPF/TFM/Master_projects/PhyloPhere/Data/6.CAAS_traitfiles/Ranked/df4_sp.tab
A3GALT2@79	0	1000	0.0		/home/miguel/IBE-UPF/TFM/Master_projects/PhyloPhere/Data/6.CAAS_traitfiles/Ranked/df4_sp.tab
A3GALT2@80	24	1000	0.024	b_462,b_926,b_580,b_660,b_86,b_218,b_805,b_883,b_734,b_52,b_667,b_703,b_366,b_396,b_136,b_700,b_361,b_151,b_95,b_720,b_817,b_312,b_570,b_243	/home/miguel/IBE-UPF/TFM/Master_projects/PhyloPhere/Data/6.CAAS_traitfiles/Ranked/df4_sp.tab
A3GALT2@81	4	1000	0.004	b_538,b_812,b_875,b_807	/home/miguel/IBE-UPF/TFM/Master_projects/PhyloPhere/Data/6.CAAS_traitfiles/Ranked/df4_sp.tab
A3GALT2@82	15	1000	0.015	b_647,b_578,b_188,b_123,b_85,b_703,b_609,b_941,b_444,b_962,b_448,b_780,b_351,b_71,b_545	/home/miguel/IBE-UPF/TFM/Master_projects/PhyloPhere/Data/6.CAAS_traitfiles/Ranked/df4_sp.tab
A3GALT2@84	40	1000	0.04	b_165,b_948,b_244,b_325,b_997,b_34,b_636,b_725,b_903,b_913,b_86,b_21,b_633,b_10,b_663,b_970,b_172,b_367,b_719,b_989,b_665,b_363,b_610,b_38,b_451,b_366,b_388,b_880,b_265,b_962,b_812,b_810,b_780,b_481,b_875,b_807,b_680,b_240,b_243,b_392	/home/miguel/IBE-UPF/TFM/Master_projects/PhyloPhere/Data/6.CAAS_traitfiles/Ranked/df4_sp.tab
A3GALT2@86	0	1000	0.0		/home/miguel/IBE-UPF/TFM/Master_projects/PhyloPhere/Data/6.CAAS_traitfiles/Ranked/df4_sp.tab
A3GALT2@94	0	1000	0.0		/home/miguel/IBE-UPF/TFM/Master_projects/PhyloPhere/Data/6.CAAS_traitfiles/Ranked/df4_sp.tab
A3GALT2@97	0	1000	0.0		/home/miguel/IBE-UPF/TFM/Master_projects/PhyloPhere/Data/6.CAAS_traitfiles/Ranked/df4_sp.tab
A3GALT2@101	23	1000	0.023	b_647,b_578,b_600,b_462,b_188,b_123,b_85,b_837,b_979,b_703,b_648,b_609,b_941,b_444,b_298,b_253,b_962,b_448,b_780,b_148,b_351,b_71,b_545	/home/miguel/IBE-UPF/TFM/Master_projects/PhyloPhere/Data/6.CAAS_traitfiles/Ranked/df4_sp.tab
A3GALT2@105	0	1000	0.0		/home/miguel/IBE-UPF/TFM/Master_projects/PhyloPhere/Data/6.CAAS_traitfiles/Ranked/df4_sp.tab
A3GALT2@113	17	1000	0.017	b_462,b_926,b_86,b_883,b_734,b_52,b_667,b_703,b_366,b_396,b_136,b_700,b_361,b_151,b_95,b_312,b_243	/home/miguel/IBE-UPF/TFM/Master_projects/PhyloPhere/Data/6.CAAS_traitfiles/Ranked/df4_sp.tab
A3GALT2@116	5	1000	0.005	b_86,b_667,b_703,b_312,b_60	/home/miguel/IBE-UPF/TFM/Master_projects/PhyloPhere/Data/6.CAAS_traitfiles/Ranked/df4_sp.tab
A3GALT2@118	0	1000	0.0		/home/miguel/IBE-UPF/TFM/Master_projects/PhyloPhere/Data/6.CAAS_traitfiles/Ranked/df4_sp.tab
A3GALT2@125	0	1000	0.0		/home/miguel/IBE-UPF/TFM/Master_projects/PhyloPhere/Data/6.CAAS_traitfiles/Ranked/df4_sp.tab
A3GALT2@127	22	1000	0.022	b_647,b_12,b_188,b_182,b_123,b_85,b_171,b_542,b_395,b_956,b_609,b_941,b_444,b_962,b_447,b_448,b_780,b_71,b_693,b_738,b_583,b_251	/home/miguel/IBE-UPF/TFM/Master_projects/PhyloPhere/Data/6.CAAS_traitfiles/Ranked/df4_sp.tab
A3GALT2@128	0	1000	0.0		/home/miguel/IBE-UPF/TFM/Master_projects/PhyloPhere/Data/6.CAAS_traitfiles/Ranked/df4_sp.tab
A3GALT2@130	37	1000	0.037	b_165,b_948,b_244,b_325,b_997,b_34,b_636,b_725,b_903,b_913,b_86,b_21,b_633,b_10,b_663,b_970,b_367,b_719,b_989,b_665,b_363,b_610,b_38,b_451,b_388,b_880,b_265,b_962,b_812,b_810,b_780,b_481,b_875,b_807,b_680,b_240,b_392	/home/miguel/IBE-UPF/TFM/Master_projects/PhyloPhere/Data/6.CAAS_traitfiles/Ranked/df4_sp.tab
A3GALT2@134	0	1000	0.0		/home/miguel/IBE-UPF/TFM/Master_projects/PhyloPhere/Data/6.CAAS_traitfiles/Ranked/df4_sp.tab
A3GALT2@136	0	1000	0.0		/home/miguel/IBE-UPF/TFM/Master_projects/PhyloPhere/Data/6.CAAS_traitfiles/Ranked/df4_sp.tab
A3GALT2@137	1	1000	0.001	b_564	/home/miguel/IBE-UPF/TFM/Master_projects/PhyloPhere/Data/6.CAAS_traitfiles/Ranked/df4_sp.tab
A3GALT2@139	20	1000	0.02	b_235,b_182,b_244,b_130,b_171,b_563,b_260,b_101,b_197,b_569,b_401,b_447,b_566,b_144,b_738,b_517,b_429,b_695,b_392,b_251	/home/miguel/IBE-UPF/TFM/Master_projects/PhyloPhere/Data/6.CAAS_traitfiles/Ranked/df4_sp.tab
A3GALT2@142	0	1000	0.0		/home/miguel/IBE-UPF/TFM/Master_projects/PhyloPhere/Data/6.CAAS_traitfiles/Ranked/df4_sp.tab
A3GALT2@148	0	1000	0.0		/home/miguel/IBE-UPF/TFM/Master_projects/PhyloPhere/Data/6.CAAS_traitfiles/Ranked/df4_sp.tab
A3GALT2@150	0	1000	0.0		/home/miguel/IBE-UPF/TFM/Master_projects/PhyloPhere/Data/6.CAAS_traitfiles/Ranked/df4_sp.tab
A3GALT2@157	0	1000	0.0		/home/miguel/IBE-UPF/TFM/Master_projects/PhyloPhere/Data/6.CAAS_traitfiles/Ranked/df4_sp.tab
A3GALT2@160	0	1000	0.0		/home/miguel/IBE-UPF/TFM/Master_projects/PhyloPhere/Data/6.CAAS_traitfiles/Ranked/df4_sp.tab
A3GALT2@162	18	1000	0.018	b_165,b_944,b_21,b_761,b_155,b_363,b_610,b_38,b_295,b_388,b_812,b_780,b_481,b_875,b_807,b_550,b_240,b_945	/home/miguel/IBE-UPF/TFM/Master_projects/PhyloPhere/Data/6.CAAS_traitfiles/Ranked/df4_sp.tab
A3GALT2@168	19	1000	0.019	b_647,b_578,b_188,b_123,b_210,b_85,b_931,b_726,b_703,b_609,b_941,b_444,b_3,b_962,b_448,b_780,b_351,b_71,b_545	/home/miguel/IBE-UPF/TFM/Master_projects/PhyloPhere/Data/6.CAAS_traitfiles/Ranked/df4_sp.tab
A3GALT2@169	0	1000	0.0		/home/miguel/IBE-UPF/TFM/Master_projects/PhyloPhere/Data/6.CAAS_traitfiles/Ranked/df4_sp.tab
A3GALT2@175	2	1000	0.002	b_725,b_880	/home/miguel/IBE-UPF/TFM/Master_projects/PhyloPhere/Data/6.CAAS_traitfiles/Ranked/df4_sp.tab
A3GALT2@178	0	1000	0.0		/home/miguel/IBE-UPF/TFM/Master_projects/PhyloPhere/Data/6.CAAS_traitfiles/Ranked/df4_sp.tab
A3GALT2@180	0	1000	0.0		/home/miguel/IBE-UPF/TFM/Master_projects/PhyloPhere/Data/6.CAAS_traitfiles/Ranked/df4_sp.tab
A3GALT2@181	0	1000	0.0		/home/miguel/IBE-UPF/TFM/Master_projects/PhyloPhere/Data/6.CAAS_traitfiles/Ranked/df4_sp.tab
A3GALT2@182	24	1000	0.024	b_926,b_580,b_668,b_660,b_86,b_218,b_805,b_883,b_52,b_667,b_635,b_366,b_412,b_396,b_136,b_700,b_361,b_677,b_36,b_720,b_817,b_312,b_570,b_243	/home/miguel/IBE-UPF/TFM/Master_projects/PhyloPhere/Data/6.CAAS_traitfiles/Ranked/df4_sp.tab
A3GALT2@189	0	1000	0.0		/home/miguel/IBE-UPF/TFM/Master_projects/PhyloPhere/Data/6.CAAS_traitfiles/Ranked/df4_sp.tab
A3GALT2@191	0	1000	0.0		/home/miguel/IBE-UPF/TFM/Master_projects/PhyloPhere/Data/6.CAAS_traitfiles/Ranked/df4_sp.tab
A3GALT2@197	15	1000	0.015	b_647,b_578,b_188,b_123,b_85,b_703,b_609,b_941,b_444,b_962,b_448,b_780,b_351,b_71,b_545	/home/miguel/IBE-UPF/TFM/Master_projects/PhyloPhere/Data/6.CAAS_traitfiles/Ranked/df4_sp.tab
A3GALT2@201	0	1000	0.0		/home/miguel/IBE-UPF/TFM/Master_projects/PhyloPhere/Data/6.CAAS_traitfiles/Ranked/df4_sp.tab
A3GALT2@203	0	1000	0.0		/home/miguel/IBE-UPF/TFM/Master_projects/PhyloPhere/Data/6.CAAS_traitfiles/Ranked/df4_sp.tab
A3GALT2@204	0	1000	0.0		/home/miguel/IBE-UPF/TFM/Master_projects/PhyloPhere/Data/6.CAAS_traitfiles/Ranked/df4_sp.tab
A3GALT2@205	1	1000	0.001	b_609	/home/miguel/IBE-UPF/TFM/Master_projects/PhyloPhere/Data/6.CAAS_traitfiles/Ranked/df4_sp.tab
A3GALT2@212	0	1000	0.0		/home/miguel/IBE-UPF/TFM/Master_projects/PhyloPhere/Data/6.CAAS_traitfiles/Ranked/df4_sp.tab
A3GALT2@213	7	1000	0.007	b_578,b_609,b_941,b_444,b_962,b_780,b_71	/home/miguel/IBE-UPF/TFM/Master_projects/PhyloPhere/Data/6.CAAS_traitfiles/Ranked/df4_sp.tab
A3GALT2@214	17	1000	0.017	b_462,b_926,b_86,b_883,b_734,b_52,b_667,b_703,b_366,b_396,b_136,b_700,b_361,b_151,b_95,b_312,b_243	/home/miguel/IBE-UPF/TFM/Master_projects/PhyloPhere/Data/6.CAAS_traitfiles/Ranked/df4_sp.tab
A3GALT2@216	0	1000	0.0		/home/miguel/IBE-UPF/TFM/Master_projects/PhyloPhere/Data/6.CAAS_traitfiles/Ranked/df4_sp.tab
A3GALT2@218	1	1000	0.001	b_148	/home/miguel/IBE-UPF/TFM/Master_projects/PhyloPhere/Data/6.CAAS_traitfiles/Ranked/df4_sp.tab
A3GALT2@219	17	1000	0.017	b_462,b_926,b_86,b_883,b_734,b_52,b_667,b_703,b_366,b_396,b_136,b_700,b_361,b_151,b_95,b_312,b_243	/home/miguel/IBE-UPF/TFM/Master_projects/PhyloPhere/Data/6.CAAS_traitfiles/Ranked/df4_sp.tab
A3GALT2@220	38	1000	0.038	b_165,b_948,b_244,b_325,b_997,b_34,b_636,b_725,b_903,b_913,b_86,b_21,b_633,b_10,b_663,b_970,b_367,b_719,b_989,b_665,b_363,b_610,b_38,b_451,b_388,b_880,b_265,b_962,b_812,b_810,b_780,b_481,b_875,b_638,b_807,b_680,b_240,b_392	/home/miguel/IBE-UPF/TFM/Master_projects/PhyloPhere/Data/6.CAAS_traitfiles/Ranked/df4_sp.tab
A3GALT2@221	25	1000	0.025	b_647,b_578,b_188,b_123,b_244,b_997,b_943,b_513,b_85,b_633,b_703,b_38,b_609,b_941,b_444,b_962,b_184,b_448,b_481,b_780,b_351,b_71,b_809,b_429,b_545	/home/miguel/IBE-UPF/TFM/Master_projects/PhyloPhere/Data/6.CAAS_traitfiles/Ranked/df4_sp.tab
A3GALT2@222	0	1000	0.0		/home/miguel/IBE-UPF/TFM/Master_projects/PhyloPhere/Data/6.CAAS_traitfiles/Ranked/df4_sp.tab
A3GALT2@223	0	1000	0.0		/home/miguel/IBE-UPF/TFM/Master_projects/PhyloPhere/Data/6.CAAS_traitfiles/Ranked/df4_sp.tab
A3GALT2@225	0	1000	0.0		/home/miguel/IBE-UPF/TFM/Master_projects/PhyloPhere/Data/6.CAAS_traitfiles/Ranked/df4_sp.tab
A3GALT2@232	0	1000	0.0		/home/miguel/IBE-UPF/TFM/Master_projects/PhyloPhere/Data/6.CAAS_traitfiles/Ranked/df4_sp.tab
A3GALT2@236	0	1000	0.0		/home/miguel/IBE-UPF/TFM/Master_projects/PhyloPhere/Data/6.CAAS_traitfiles/Ranked/df4_sp.tab
A3GALT2@239	0	1000	0.0		/home/miguel/IBE-UPF/TFM/Master_projects/PhyloPhere/Data/6.CAAS_traitfiles/Ranked/df4_sp.tab
A3GALT2@242	21	1000	0.021	b_578,b_309,b_165,b_34,b_633,b_57,b_671,b_172,b_989,b_654,b_646,b_366,b_880,b_265,b_810,b_680,b_232,b_206,b_243,b_675,b_116	/home/miguel/IBE-UPF/TFM/Master_projects/PhyloPhere/Data/6.CAAS_traitfiles/Ranked/df4_sp.tab
A3GALT2@245	0	1000	0.0		/home/miguel/IBE-UPF/TFM/Master_projects/PhyloPhere/Data/6.CAAS_traitfiles/Ranked/df4_sp.tab
A3GALT2@249	28	1000	0.028	b_309,b_165,b_325,b_210,b_902,b_636,b_725,b_297,b_913,b_633,b_10,b_970,b_18,b_989,b_363,b_610,b_38,b_388,b_880,b_265,b_780,b_875,b_807,b_680,b_240,b_232,b_206,b_953	/home/miguel/IBE-UPF/TFM/Master_projects/PhyloPhere/Data/6.CAAS_traitfiles/Ranked/df4_sp.tab
A3GALT2@250	0	1000	0.0		/home/miguel/IBE-UPF/TFM/Master_projects/PhyloPhere/Data/6.CAAS_traitfiles/Ranked/df4_sp.tab
A3GALT2@252	11	1000	0.011	b_647,b_188,b_123,b_85,b_609,b_941,b_444,b_962,b_448,b_780,b_71	/home/miguel/IBE-UPF/TFM/Master_projects/PhyloPhere/Data/6.CAAS_traitfiles/Ranked/df4_sp.tab
A3GALT2@253	11	1000	0.011	b_647,b_188,b_123,b_85,b_609,b_941,b_444,b_962,b_448,b_780,b_71	/home/miguel/IBE-UPF/TFM/Master_projects/PhyloPhere/Data/6.CAAS_traitfiles/Ranked/df4_sp.tab
A3GALT2@256	0	1000	0.0		/home/miguel/IBE-UPF/TFM/Master_projects/PhyloPhere/Data/6.CAAS_traitfiles/Ranked/df4_sp.tab
A3GALT2@262	0	1000	0.0		/home/miguel/IBE-UPF/TFM/Master_projects/PhyloPhere/Data/6.CAAS_traitfiles/Ranked/df4_sp.tab
A3GALT2@265	0	1000	0.0		/home/miguel/IBE-UPF/TFM/Master_projects/PhyloPhere/Data/6.CAAS_traitfiles/Ranked/df4_sp.tab
A3GALT2@267	0	1000	0.0		/home/miguel/IBE-UPF/TFM/Master_projects/PhyloPhere/Data/6.CAAS_traitfiles/Ranked/df4_sp.tab
A3GALT2@273	0	1000	0.0		/home/miguel/IBE-UPF/TFM/Master_projects/PhyloPhere/Data/6.CAAS_traitfiles/Ranked/df4_sp.tab
A3GALT2@274	0	1000	0.0		/home/miguel/IBE-UPF/TFM/Master_projects/PhyloPhere/Data/6.CAAS_traitfiles/Ranked/df4_sp.tab
A3GALT2@276	0	1000	0.0		/home/miguel/IBE-UPF/TFM/Master_projects/PhyloPhere/Data/6.CAAS_traitfiles/Ranked/df4_sp.tab
A3GALT2@279	0	1000	0.0		/home/miguel/IBE-UPF/TFM/Master_projects/PhyloPhere/Data/6.CAAS_traitfiles/Ranked/df4_sp.tab
A3GALT2@286	0	1000	0.0		/home/miguel/IBE-UPF/TFM/Master_projects/PhyloPhere/Data/6.CAAS_traitfiles/Ranked/df4_sp.tab
A3GALT2@289	0	1000	0.0		/home/miguel/IBE-UPF/TFM/Master_projects/PhyloPhere/Data/6.CAAS_traitfiles/Ranked/df4_sp.tab
A3GALT2@291	15	1000	0.015	b_647,b_578,b_188,b_123,b_85,b_703,b_609,b_941,b_444,b_962,b_448,b_780,b_351,b_71,b_545	/home/miguel/IBE-UPF/TFM/Master_projects/PhyloPhere/Data/6.CAAS_traitfiles/Ranked/df4_sp.tab
A3GALT2@292	4	1000	0.004	b_924,b_172,b_366,b_243	/home/miguel/IBE-UPF/TFM/Master_projects/PhyloPhere/Data/6.CAAS_traitfiles/Ranked/df4_sp.tab
A3GALT2@294	7	1000	0.007	b_24,b_163,b_791,b_59,b_880,b_265,b_804	/home/miguel/IBE-UPF/TFM/Master_projects/PhyloPhere/Data/6.CAAS_traitfiles/Ranked/df4_sp.tab
A3GALT2@296	0	1000	0.0		/home/miguel/IBE-UPF/TFM/Master_projects/PhyloPhere/Data/6.CAAS_traitfiles/Ranked/df4_sp.tab
A3GALT2@300	0	1000	0.0		/home/miguel/IBE-UPF/TFM/Master_projects/PhyloPhere/Data/6.CAAS_traitfiles/Ranked/df4_sp.tab
A3GALT2@309	0	1000	0.0		/home/miguel/IBE-UPF/TFM/Master_projects/PhyloPhere/Data/6.CAAS_traitfiles/Ranked/df4_sp.tab
A3GALT2@311	15	1000	0.015	b_647,b_578,b_188,b_123,b_85,b_703,b_609,b_941,b_444,b_962,b_448,b_780,b_351,b_71,b_545	/home/miguel/IBE-UPF/TFM/Master_projects/PhyloPhere/Data/6.CAAS_traitfiles/Ranked/df4_sp.tab
A3GALT2@312	0	1000	0.0		/home/miguel/IBE-UPF/TFM/Master_projects/PhyloPhere/Data/6.CAAS_traitfiles/Ranked/df4_sp.tab
A3GALT2@315	0	1000	0.0		/home/miguel/IBE-UPF/TFM/Master_projects/PhyloPhere/Data/6.CAAS_traitfiles/Ranked/df4_sp.tab
