A4GALT@1	0	1000	0.0		/home/miguel/IBE-UPF/TFM/Master_projects/PhyloPhere/Data/6.CAAS_traitfiles/Ranked/df4_sp.tab
A4GALT@3	0	1000	0.0		/home/miguel/IBE-UPF/TFM/Master_projects/PhyloPhere/Data/6.CAAS_traitfiles/Ranked/df4_sp.tab
A4GALT@4	0	1000	0.0		/home/miguel/IBE-UPF/TFM/Master_projects/PhyloPhere/Data/6.CAAS_traitfiles/Ranked/df4_sp.tab
A4GALT@5	0	1000	0.0		/home/miguel/IBE-UPF/TFM/Master_projects/PhyloPhere/Data/6.CAAS_traitfiles/Ranked/df4_sp.tab
A4GALT@8	0	1000	0.0		/home/miguel/IBE-UPF/TFM/Master_projects/PhyloPhere/Data/6.CAAS_traitfiles/Ranked/df4_sp.tab
A4GALT@9	0	1000	0.0		/home/miguel/IBE-UPF/TFM/Master_projects/PhyloPhere/Data/6.CAAS_traitfiles/Ranked/df4_sp.tab
A4GALT@12	0	1000	0.0		/home/miguel/IBE-UPF/TFM/Master_projects/PhyloPhere/Data/6.CAAS_traitfiles/Ranked/df4_sp.tab
A4GALT@13	0	1000	0.0		/home/miguel/IBE-UPF/TFM/Master_projects/PhyloPhere/Data/6.CAAS_traitfiles/Ranked/df4_sp.tab
A4GALT@14	0	1000	0.0		/home/miguel/IBE-UPF/TFM/Master_projects/PhyloPhere/Data/6.CAAS_traitfiles/Ranked/df4_sp.tab
A4GALT@15	0	1000	0.0		/home/miguel/IBE-UPF/TFM/Master_projects/PhyloPhere/Data/6.CAAS_traitfiles/Ranked/df4_sp.tab
A4GALT@21	0	1000	0.0		/home/miguel/IBE-UPF/TFM/Master_projects/PhyloPhere/Data/6.CAAS_traitfiles/Ranked/df4_sp.tab
A4GALT@26	0	1000	0.0		/home/miguel/IBE-UPF/TFM/Master_projects/PhyloPhere/Data/6.CAAS_traitfiles/Ranked/df4_sp.tab
A4GALT@30	0	1000	0.0		/home/miguel/IBE-UPF/TFM/Master_projects/PhyloPhere/Data/6.CAAS_traitfiles/Ranked/df4_sp.tab
A4GALT@32	32	1000	0.032	b_392,b_665,b_240,b_385,b_699,b_812,b_970,b_10,b_735,b_636,b_334,b_451,b_244,b_353,b_373,b_7,b_265,b_962,b_932,b_376,b_780,b_875,b_807,b_903,b_844,b_325,b_919,b_663,b_65,b_86,b_605,b_577	/home/miguel/IBE-UPF/TFM/Master_projects/PhyloPhere/Data/6.CAAS_traitfiles/Ranked/df4_sp.tab
A4GALT@33	0	1000	0.0		/home/miguel/IBE-UPF/TFM/Master_projects/PhyloPhere/Data/6.CAAS_traitfiles/Ranked/df4_sp.tab
A4GALT@35	0	1000	0.0		/home/miguel/IBE-UPF/TFM/Master_projects/PhyloPhere/Data/6.CAAS_traitfiles/Ranked/df4_sp.tab
A4GALT@36	0	1000	0.0		/home/miguel/IBE-UPF/TFM/Master_projects/PhyloPhere/Data/6.CAAS_traitfiles/Ranked/df4_sp.tab
A4GALT@41	39	1000	0.039	b_353,b_570,b_392,b_665,b_562,b_240,b_385,b_970,b_10,b_890,b_735,b_828,b_461,b_636,b_287,b_805,b_875,b_373,b_720,b_329,b_7,b_421,b_312,b_98,b_412,b_932,b_376,b_780,b_218,b_36,b_903,b_844,b_919,b_334,b_668,b_86,b_686,b_317,b_284	/home/miguel/IBE-UPF/TFM/Master_projects/PhyloPhere/Data/6.CAAS_traitfiles/Ranked/df4_sp.tab
A4GALT@43	0	1000	0.0		/home/miguel/IBE-UPF/TFM/Master_projects/PhyloPhere/Data/6.CAAS_traitfiles/Ranked/df4_sp.tab
A4GALT@44	0	1000	0.0		/home/miguel/IBE-UPF/TFM/Master_projects/PhyloPhere/Data/6.CAAS_traitfiles/Ranked/df4_sp.tab
A4GALT@47	16	1000	0.016	b_85,b_666,b_578,b_475,b_254,b_703,b_670,b_188,b_941,b_962,b_71,b_444,b_780,b_123,b_351,b_448	/home/miguel/IBE-UPF/TFM/Master_projects/PhyloPhere/Data/6.CAAS_traitfiles/Ranked/df4_sp.tab
A4GALT@48	0	1000	0.0		/home/miguel/IBE-UPF/TFM/Master_projects/PhyloPhere/Data/6.CAAS_traitfiles/Ranked/df4_sp.tab
A4GALT@52	0	1000	0.0		/home/miguel/IBE-UPF/TFM/Master_projects/PhyloPhere/Data/6.CAAS_traitfiles/Ranked/df4_sp.tab
A4GALT@56	0	1000	0.0		/home/miguel/IBE-UPF/TFM/Master_projects/PhyloPhere/Data/6.CAAS_traitfiles/Ranked/df4_sp.tab
A4GALT@57	0	1000	0.0		/home/miguel/IBE-UPF/TFM/Master_projects/PhyloPhere/Data/6.CAAS_traitfiles/Ranked/df4_sp.tab
A4GALT@62	2	1000	0.002	b_807,b_712	/home/miguel/IBE-UPF/TFM/Master_projects/PhyloPhere/Data/6.CAAS_traitfiles/Ranked/df4_sp.tab
A4GALT@63	0	1000	0.0		/home/miguel/IBE-UPF/TFM/Master_projects/PhyloPhere/Data/6.CAAS_traitfiles/Ranked/df4_sp.tab
A4GALT@64	0	1000	0.0		/home/miguel/IBE-UPF/TFM/Master_projects/PhyloPhere/Data/6.CAAS_traitfiles/Ranked/df4_sp.tab
A4GALT@65	0	1000	0.0		/home/miguel/IBE-UPF/TFM/Master_projects/PhyloPhere/Data/6.CAAS_traitfiles/Ranked/df4_sp.tab
A4GALT@66	0	1000	0.0		/home/miguel/IBE-UPF/TFM/Master_projects/PhyloPhere/Data/6.CAAS_traitfiles/Ranked/df4_sp.tab
A4GALT@67	0	1000	0.0		/home/miguel/IBE-UPF/TFM/Master_projects/PhyloPhere/Data/6.CAAS_traitfiles/Ranked/df4_sp.tab
A4GALT@68	16	1000	0.016	b_85,b_666,b_578,b_475,b_254,b_703,b_670,b_188,b_941,b_962,b_71,b_444,b_780,b_123,b_351,b_448	/home/miguel/IBE-UPF/TFM/Master_projects/PhyloPhere/Data/6.CAAS_traitfiles/Ranked/df4_sp.tab
A4GALT@69	84	1000	0.084	b_790,b_976,b_139,b_392,b_665,b_273,b_240,b_667,b_85,b_462,b_385,b_29,b_666,b_699,b_812,b_970,b_10,b_578,b_147,b_77,b_475,b_254,b_949,b_890,b_735,b_694,b_334,b_636,b_451,b_703,b_415,b_151,b_244,b_353,b_670,b_373,b_734,b_188,b_7,b_891,b_265,b_941,b_312,b_136,b_962,b_243,b_71,b_250,b_932,b_376,b_40,b_396,b_52,b_115,b_444,b_780,b_875,b_129,b_123,b_549,b_807,b_908,b_861,b_903,b_844,b_325,b_628,b_926,b_919,b_663,b_351,b_65,b_82,b_86,b_526,b_700,b_605,b_317,b_45,b_917,b_284,b_361,b_577,b_448	/home/miguel/IBE-UPF/TFM/Master_projects/PhyloPhere/Data/6.CAAS_traitfiles/Ranked/df4_sp.tab
A4GALT@70	0	1000	0.0		/home/miguel/IBE-UPF/TFM/Master_projects/PhyloPhere/Data/6.CAAS_traitfiles/Ranked/df4_sp.tab
A4GALT@71	57	1000	0.057	b_958,b_324,b_139,b_392,b_665,b_240,b_59,b_554,b_385,b_699,b_556,b_812,b_970,b_10,b_222,b_771,b_44,b_186,b_735,b_636,b_334,b_451,b_64,b_804,b_244,b_353,b_373,b_7,b_265,b_962,b_932,b_376,b_780,b_875,b_900,b_611,b_549,b_807,b_908,b_903,b_844,b_325,b_919,b_707,b_663,b_209,b_982,b_65,b_86,b_28,b_605,b_924,b_785,b_800,b_917,b_866,b_577	/home/miguel/IBE-UPF/TFM/Master_projects/PhyloPhere/Data/6.CAAS_traitfiles/Ranked/df4_sp.tab
A4GALT@72	0	1000	0.0		/home/miguel/IBE-UPF/TFM/Master_projects/PhyloPhere/Data/6.CAAS_traitfiles/Ranked/df4_sp.tab
A4GALT@74	37	1000	0.037	b_353,b_392,b_665,b_240,b_385,b_699,b_812,b_970,b_10,b_735,b_636,b_100,b_451,b_244,b_875,b_373,b_7,b_265,b_962,b_932,b_376,b_780,b_953,b_807,b_903,b_844,b_325,b_919,b_334,b_663,b_65,b_668,b_460,b_86,b_605,b_835,b_577	/home/miguel/IBE-UPF/TFM/Master_projects/PhyloPhere/Data/6.CAAS_traitfiles/Ranked/df4_sp.tab
A4GALT@75	0	1000	0.0		/home/miguel/IBE-UPF/TFM/Master_projects/PhyloPhere/Data/6.CAAS_traitfiles/Ranked/df4_sp.tab
A4GALT@76	0	1000	0.0		/home/miguel/IBE-UPF/TFM/Master_projects/PhyloPhere/Data/6.CAAS_traitfiles/Ranked/df4_sp.tab
A4GALT@77	0	1000	0.0		/home/miguel/IBE-UPF/TFM/Master_projects/PhyloPhere/Data/6.CAAS_traitfiles/Ranked/df4_sp.tab
A4GALT@78	0	1000	0.0		/home/miguel/IBE-UPF/TFM/Master_projects/PhyloPhere/Data/6.CAAS_traitfiles/Ranked/df4_sp.tab
A4GALT@79	0	1000	0.0		/home/miguel/IBE-UPF/TFM/Master_projects/PhyloPhere/Data/6.CAAS_traitfiles/Ranked/df4_sp.tab
A4GALT@80	0	1000	0.0		/home/miguel/IBE-UPF/TFM/Master_projects/PhyloPhere/Data/6.CAAS_traitfiles/Ranked/df4_sp.tab
A4GALT@103	0	1000	0.0		/home/miguel/IBE-UPF/TFM/Master_projects/PhyloPhere/Data/6.CAAS_traitfiles/Ranked/df4_sp.tab
A4GALT@105	29	1000	0.029	b_677,b_570,b_854,b_562,b_667,b_739,b_812,b_426,b_890,b_828,b_805,b_720,b_312,b_136,b_243,b_412,b_52,b_635,b_218,b_579,b_36,b_549,b_844,b_663,b_668,b_86,b_317,b_284,b_577	/home/miguel/IBE-UPF/TFM/Master_projects/PhyloPhere/Data/6.CAAS_traitfiles/Ranked/df4_sp.tab
A4GALT@107	16	1000	0.016	b_85,b_666,b_578,b_475,b_254,b_703,b_670,b_188,b_941,b_962,b_71,b_444,b_780,b_123,b_351,b_448	/home/miguel/IBE-UPF/TFM/Master_projects/PhyloPhere/Data/6.CAAS_traitfiles/Ranked/df4_sp.tab
A4GALT@115	0	1000	0.0		/home/miguel/IBE-UPF/TFM/Master_projects/PhyloPhere/Data/6.CAAS_traitfiles/Ranked/df4_sp.tab
A4GALT@123	0	1000	0.0		/home/miguel/IBE-UPF/TFM/Master_projects/PhyloPhere/Data/6.CAAS_traitfiles/Ranked/df4_sp.tab
A4GALT@126	0	1000	0.0		/home/miguel/IBE-UPF/TFM/Master_projects/PhyloPhere/Data/6.CAAS_traitfiles/Ranked/df4_sp.tab
A4GALT@130	16	1000	0.016	b_85,b_666,b_578,b_475,b_254,b_703,b_670,b_188,b_941,b_962,b_71,b_444,b_780,b_123,b_351,b_448	/home/miguel/IBE-UPF/TFM/Master_projects/PhyloPhere/Data/6.CAAS_traitfiles/Ranked/df4_sp.tab
A4GALT@134	0	1000	0.0		/home/miguel/IBE-UPF/TFM/Master_projects/PhyloPhere/Data/6.CAAS_traitfiles/Ranked/df4_sp.tab
A4GALT@136	0	1000	0.0		/home/miguel/IBE-UPF/TFM/Master_projects/PhyloPhere/Data/6.CAAS_traitfiles/Ranked/df4_sp.tab
A4GALT@143	44	1000	0.044	b_139,b_85,b_29,b_767,b_666,b_970,b_578,b_147,b_172,b_475,b_254,b_500,b_694,b_703,b_415,b_769,b_179,b_417,b_670,b_188,b_891,b_941,b_962,b_243,b_954,b_71,b_144,b_530,b_376,b_444,b_780,b_123,b_608,b_549,b_206,b_908,b_861,b_903,b_325,b_351,b_782,b_924,b_917,b_448	/home/miguel/IBE-UPF/TFM/Master_projects/PhyloPhere/Data/6.CAAS_traitfiles/Ranked/df4_sp.tab
A4GALT@147	0	1000	0.0		/home/miguel/IBE-UPF/TFM/Master_projects/PhyloPhere/Data/6.CAAS_traitfiles/Ranked/df4_sp.tab
A4GALT@153	15	1000	0.015	b_85,b_578,b_475,b_254,b_703,b_670,b_188,b_941,b_962,b_71,b_444,b_780,b_123,b_351,b_448	/home/miguel/IBE-UPF/TFM/Master_projects/PhyloPhere/Data/6.CAAS_traitfiles/Ranked/df4_sp.tab
A4GALT@156	1	1000	0.001	b_375	/home/miguel/IBE-UPF/TFM/Master_projects/PhyloPhere/Data/6.CAAS_traitfiles/Ranked/df4_sp.tab
A4GALT@158	17	1000	0.017	b_468,b_85,b_592,b_666,b_475,b_254,b_500,b_703,b_670,b_188,b_941,b_71,b_123,b_861,b_517,b_452,b_351	/home/miguel/IBE-UPF/TFM/Master_projects/PhyloPhere/Data/6.CAAS_traitfiles/Ranked/df4_sp.tab
A4GALT@159	0	1000	0.0		/home/miguel/IBE-UPF/TFM/Master_projects/PhyloPhere/Data/6.CAAS_traitfiles/Ranked/df4_sp.tab
A4GALT@160	0	1000	0.0		/home/miguel/IBE-UPF/TFM/Master_projects/PhyloPhere/Data/6.CAAS_traitfiles/Ranked/df4_sp.tab
A4GALT@163	0	1000	0.0		/home/miguel/IBE-UPF/TFM/Master_projects/PhyloPhere/Data/6.CAAS_traitfiles/Ranked/df4_sp.tab
A4GALT@166	0	1000	0.0		/home/miguel/IBE-UPF/TFM/Master_projects/PhyloPhere/Data/6.CAAS_traitfiles/Ranked/df4_sp.tab
A4GALT@167	0	1000	0.0		/home/miguel/IBE-UPF/TFM/Master_projects/PhyloPhere/Data/6.CAAS_traitfiles/Ranked/df4_sp.tab
A4GALT@174	0	1000	0.0		/home/miguel/IBE-UPF/TFM/Master_projects/PhyloPhere/Data/6.CAAS_traitfiles/Ranked/df4_sp.tab
A4GALT@185	0	1000	0.0		/home/miguel/IBE-UPF/TFM/Master_projects/PhyloPhere/Data/6.CAAS_traitfiles/Ranked/df4_sp.tab
A4GALT@195	0	1000	0.0		/home/miguel/IBE-UPF/TFM/Master_projects/PhyloPhere/Data/6.CAAS_traitfiles/Ranked/df4_sp.tab
A4GALT@196	0	1000	0.0		/home/miguel/IBE-UPF/TFM/Master_projects/PhyloPhere/Data/6.CAAS_traitfiles/Ranked/df4_sp.tab
A4GALT@201	0	1000	0.0		/home/miguel/IBE-UPF/TFM/Master_projects/PhyloPhere/Data/6.CAAS_traitfiles/Ranked/df4_sp.tab
A4GALT@203	0	1000	0.0		/home/miguel/IBE-UPF/TFM/Master_projects/PhyloPhere/Data/6.CAAS_traitfiles/Ranked/df4_sp.tab
A4GALT@206	0	1000	0.0		/home/miguel/IBE-UPF/TFM/Master_projects/PhyloPhere/Data/6.CAAS_traitfiles/Ranked/df4_sp.tab
A4GALT@220	0	1000	0.0		/home/miguel/IBE-UPF/TFM/Master_projects/PhyloPhere/Data/6.CAAS_traitfiles/Ranked/df4_sp.tab
A4GALT@221	0	1000	0.0		/home/miguel/IBE-UPF/TFM/Master_projects/PhyloPhere/Data/6.CAAS_traitfiles/Ranked/df4_sp.tab
A4GALT@222	3	1000	0.003	b_132,b_591,b_706	/home/miguel/IBE-UPF/TFM/Master_projects/PhyloPhere/Data/6.CAAS_traitfiles/Ranked/df4_sp.tab
A4GALT@224	30	1000	0.03	b_790,b_273,b_462,b_29,b_666,b_475,b_685,b_890,b_837,b_703,b_415,b_891,b_941,b_250,b_148,b_338,b_40,b_489,b_115,b_444,b_129,b_238,b_772,b_899,b_371,b_351,b_82,b_526,b_964,b_317	/home/miguel/IBE-UPF/TFM/Master_projects/PhyloPhere/Data/6.CAAS_traitfiles/Ranked/df4_sp.tab
A4GALT@227	0	1000	0.0		/home/miguel/IBE-UPF/TFM/Master_projects/PhyloPhere/Data/6.CAAS_traitfiles/Ranked/df4_sp.tab
A4GALT@231	0	1000	0.0		/home/miguel/IBE-UPF/TFM/Master_projects/PhyloPhere/Data/6.CAAS_traitfiles/Ranked/df4_sp.tab
A4GALT@235	16	1000	0.016	b_85,b_666,b_578,b_475,b_254,b_703,b_670,b_188,b_941,b_962,b_71,b_444,b_780,b_123,b_351,b_448	/home/miguel/IBE-UPF/TFM/Master_projects/PhyloPhere/Data/6.CAAS_traitfiles/Ranked/df4_sp.tab
A4GALT@236	0	1000	0.0		/home/miguel/IBE-UPF/TFM/Master_projects/PhyloPhere/Data/6.CAAS_traitfiles/Ranked/df4_sp.tab
A4GALT@241	0	1000	0.0		/home/miguel/IBE-UPF/TFM/Master_projects/PhyloPhere/Data/6.CAAS_traitfiles/Ranked/df4_sp.tab
A4GALT@250	0	1000	0.0		/home/miguel/IBE-UPF/TFM/Master_projects/PhyloPhere/Data/6.CAAS_traitfiles/Ranked/df4_sp.tab
A4GALT@259	0	1000	0.0		/home/miguel/IBE-UPF/TFM/Master_projects/PhyloPhere/Data/6.CAAS_traitfiles/Ranked/df4_sp.tab
A4GALT@260	0	1000	0.0		/home/miguel/IBE-UPF/TFM/Master_projects/PhyloPhere/Data/6.CAAS_traitfiles/Ranked/df4_sp.tab
A4GALT@264	72	1000	0.072	b_790,b_353,b_976,b_139,b_392,b_665,b_273,b_240,b_667,b_462,b_385,b_29,b_699,b_812,b_970,b_10,b_147,b_77,b_475,b_949,b_890,b_735,b_694,b_636,b_334,b_451,b_703,b_415,b_151,b_244,b_373,b_734,b_7,b_891,b_265,b_312,b_136,b_962,b_243,b_250,b_932,b_376,b_396,b_40,b_52,b_115,b_780,b_875,b_129,b_549,b_807,b_908,b_861,b_903,b_844,b_325,b_628,b_926,b_919,b_663,b_65,b_82,b_86,b_526,b_700,b_605,b_317,b_45,b_917,b_284,b_361,b_577	/home/miguel/IBE-UPF/TFM/Master_projects/PhyloPhere/Data/6.CAAS_traitfiles/Ranked/df4_sp.tab
A4GALT@265	0	1000	0.0		/home/miguel/IBE-UPF/TFM/Master_projects/PhyloPhere/Data/6.CAAS_traitfiles/Ranked/df4_sp.tab
A4GALT@267	22	1000	0.022	b_651,b_401,b_130,b_411,b_197,b_840,b_417,b_190,b_954,b_251,b_809,b_49,b_221,b_780,b_466,b_566,b_246,b_782,b_260,b_586,b_112,b_101	/home/miguel/IBE-UPF/TFM/Master_projects/PhyloPhere/Data/6.CAAS_traitfiles/Ranked/df4_sp.tab
A4GALT@268	0	1000	0.0		/home/miguel/IBE-UPF/TFM/Master_projects/PhyloPhere/Data/6.CAAS_traitfiles/Ranked/df4_sp.tab
A4GALT@270	11	1000	0.011	b_699,b_812,b_334,b_353,b_932,b_875,b_807,b_919,b_65,b_605,b_577	/home/miguel/IBE-UPF/TFM/Master_projects/PhyloPhere/Data/6.CAAS_traitfiles/Ranked/df4_sp.tab
A4GALT@277	0	1000	0.0		/home/miguel/IBE-UPF/TFM/Master_projects/PhyloPhere/Data/6.CAAS_traitfiles/Ranked/df4_sp.tab
A4GALT@278	0	1000	0.0		/home/miguel/IBE-UPF/TFM/Master_projects/PhyloPhere/Data/6.CAAS_traitfiles/Ranked/df4_sp.tab
A4GALT@287	16	1000	0.016	b_85,b_666,b_578,b_475,b_254,b_703,b_670,b_188,b_941,b_962,b_71,b_444,b_780,b_123,b_351,b_448	/home/miguel/IBE-UPF/TFM/Master_projects/PhyloPhere/Data/6.CAAS_traitfiles/Ranked/df4_sp.tab
A4GALT@289	0	1000	0.0		/home/miguel/IBE-UPF/TFM/Master_projects/PhyloPhere/Data/6.CAAS_traitfiles/Ranked/df4_sp.tab
A4GALT@296	42	1000	0.042	b_790,b_996,b_976,b_139,b_273,b_667,b_462,b_29,b_147,b_77,b_475,b_949,b_890,b_694,b_703,b_415,b_151,b_734,b_891,b_312,b_136,b_243,b_250,b_40,b_396,b_52,b_115,b_129,b_549,b_908,b_861,b_628,b_926,b_82,b_86,b_526,b_700,b_317,b_45,b_917,b_284,b_361	/home/miguel/IBE-UPF/TFM/Master_projects/PhyloPhere/Data/6.CAAS_traitfiles/Ranked/df4_sp.tab
A4GALT@298	47	1000	0.047	b_958,b_24,b_154,b_392,b_163,b_665,b_240,b_59,b_385,b_699,b_812,b_438,b_970,b_10,b_186,b_735,b_694,b_334,b_636,b_451,b_244,b_804,b_353,b_875,b_373,b_7,b_265,b_962,b_412,b_932,b_376,b_780,b_900,b_807,b_903,b_844,b_325,b_919,b_442,b_663,b_821,b_65,b_705,b_86,b_605,b_45,b_577	/home/miguel/IBE-UPF/TFM/Master_projects/PhyloPhere/Data/6.CAAS_traitfiles/Ranked/df4_sp.tab
A4GALT@301	16	1000	0.016	b_85,b_666,b_578,b_475,b_254,b_703,b_670,b_188,b_941,b_962,b_71,b_444,b_780,b_123,b_351,b_448	/home/miguel/IBE-UPF/TFM/Master_projects/PhyloPhere/Data/6.CAAS_traitfiles/Ranked/df4_sp.tab
A4GALT@302	25	1000	0.025	b_208,b_562,b_449,b_928,b_767,b_616,b_890,b_7,b_421,b_422,b_942,b_376,b_818,b_635,b_579,b_953,b_584,b_549,b_675,b_844,b_654,b_334,b_705,b_460,b_207	/home/miguel/IBE-UPF/TFM/Master_projects/PhyloPhere/Data/6.CAAS_traitfiles/Ranked/df4_sp.tab
A4GALT@304	0	1000	0.0		/home/miguel/IBE-UPF/TFM/Master_projects/PhyloPhere/Data/6.CAAS_traitfiles/Ranked/df4_sp.tab
A4GALT@305	0	1000	0.0		/home/miguel/IBE-UPF/TFM/Master_projects/PhyloPhere/Data/6.CAAS_traitfiles/Ranked/df4_sp.tab
A4GALT@321	31	1000	0.031	b_208,b_385,b_699,b_812,b_970,b_10,b_735,b_636,b_334,b_100,b_244,b_353,b_7,b_265,b_962,b_942,b_932,b_376,b_953,b_807,b_844,b_325,b_919,b_663,b_65,b_668,b_460,b_86,b_605,b_835,b_577	/home/miguel/IBE-UPF/TFM/Master_projects/PhyloPhere/Data/6.CAAS_traitfiles/Ranked/df4_sp.tab
A4GALT@322	0	1000	0.0		/home/miguel/IBE-UPF/TFM/Master_projects/PhyloPhere/Data/6.CAAS_traitfiles/Ranked/df4_sp.tab
A4GALT@323	5	1000	0.005	b_186,b_270,b_712,b_959,b_550	/home/miguel/IBE-UPF/TFM/Master_projects/PhyloPhere/Data/6.CAAS_traitfiles/Ranked/df4_sp.tab
A4GALT@324	15	1000	0.015	b_240,b_699,b_812,b_334,b_353,b_932,b_780,b_875,b_807,b_844,b_919,b_155,b_65,b_605,b_577	/home/miguel/IBE-UPF/TFM/Master_projects/PhyloPhere/Data/6.CAAS_traitfiles/Ranked/df4_sp.tab
A4GALT@325	0	1000	0.0		/home/miguel/IBE-UPF/TFM/Master_projects/PhyloPhere/Data/6.CAAS_traitfiles/Ranked/df4_sp.tab
A4GALT@327	0	1000	0.0		/home/miguel/IBE-UPF/TFM/Master_projects/PhyloPhere/Data/6.CAAS_traitfiles/Ranked/df4_sp.tab
A4GALT@328	0	1000	0.0		/home/miguel/IBE-UPF/TFM/Master_projects/PhyloPhere/Data/6.CAAS_traitfiles/Ranked/df4_sp.tab
A4GALT@334	0	1000	0.0		/home/miguel/IBE-UPF/TFM/Master_projects/PhyloPhere/Data/6.CAAS_traitfiles/Ranked/df4_sp.tab
A4GALT@336	0	1000	0.0		/home/miguel/IBE-UPF/TFM/Master_projects/PhyloPhere/Data/6.CAAS_traitfiles/Ranked/df4_sp.tab
A4GALT@343	15	1000	0.015	b_790,b_208,b_139,b_767,b_556,b_147,b_172,b_890,b_415,b_243,b_718,b_608,b_549,b_908,b_861	/home/miguel/IBE-UPF/TFM/Master_projects/PhyloPhere/Data/6.CAAS_traitfiles/Ranked/df4_sp.tab
