A4GNT@1	68	1000	0.068	b_202,b_787,b_917,b_861,b_697,b_796,b_136,b_366,b_688,b_549,b_29,b_908,b_129,b_992,b_667,b_40,b_284,b_883,b_97,b_415,b_526,b_147,b_361,b_273,b_250,b_628,b_734,b_82,b_894,b_51,b_167,b_949,b_475,b_841,b_52,b_110,b_95,b_94,b_312,b_806,b_700,b_510,b_703,b_615,b_78,b_751,b_139,b_115,b_243,b_926,b_710,b_45,b_976,b_515,b_891,b_274,b_151,b_86,b_47,b_694,b_890,b_396,b_317,b_574,b_645,b_790,b_77,b_462	/home/miguel/IBE-UPF/TFM/Master_projects/PhyloPhere/Data/6.CAAS_traitfiles/Ranked/df4_sp.tab
A4GNT@4	0	1000	0.0		/home/miguel/IBE-UPF/TFM/Master_projects/PhyloPhere/Data/6.CAAS_traitfiles/Ranked/df4_sp.tab
A4GNT@6	0	1000	0.0		/home/miguel/IBE-UPF/TFM/Master_projects/PhyloPhere/Data/6.CAAS_traitfiles/Ranked/df4_sp.tab
A4GNT@10	0	1000	0.0		/home/miguel/IBE-UPF/TFM/Master_projects/PhyloPhere/Data/6.CAAS_traitfiles/Ranked/df4_sp.tab
A4GNT@11	30	1000	0.03	b_787,b_218,b_579,b_720,b_667,b_40,b_26,b_828,b_668,b_526,b_348,b_628,b_739,b_570,b_36,b_312,b_703,b_60,b_615,b_45,b_677,b_515,b_844,b_86,b_47,b_694,b_377,b_317,b_805,b_77	/home/miguel/IBE-UPF/TFM/Master_projects/PhyloPhere/Data/6.CAAS_traitfiles/Ranked/df4_sp.tab
A4GNT@14	23	1000	0.023	b_767,b_697,b_796,b_549,b_908,b_992,b_172,b_894,b_167,b_134,b_110,b_564,b_608,b_806,b_324,b_139,b_208,b_243,b_556,b_710,b_718,b_790,b_104	/home/miguel/IBE-UPF/TFM/Master_projects/PhyloPhere/Data/6.CAAS_traitfiles/Ranked/df4_sp.tab
A4GNT@15	0	1000	0.0		/home/miguel/IBE-UPF/TFM/Master_projects/PhyloPhere/Data/6.CAAS_traitfiles/Ranked/df4_sp.tab
A4GNT@19	0	1000	0.0		/home/miguel/IBE-UPF/TFM/Master_projects/PhyloPhere/Data/6.CAAS_traitfiles/Ranked/df4_sp.tab
A4GNT@21	10	1000	0.01	b_257,b_546,b_32,b_736,b_416,b_309,b_293,b_212,b_92,b_195	/home/miguel/IBE-UPF/TFM/Master_projects/PhyloPhere/Data/6.CAAS_traitfiles/Ranked/df4_sp.tab
A4GNT@22	0	1000	0.0		/home/miguel/IBE-UPF/TFM/Master_projects/PhyloPhere/Data/6.CAAS_traitfiles/Ranked/df4_sp.tab
A4GNT@23	0	1000	0.0		/home/miguel/IBE-UPF/TFM/Master_projects/PhyloPhere/Data/6.CAAS_traitfiles/Ranked/df4_sp.tab
A4GNT@24	0	1000	0.0		/home/miguel/IBE-UPF/TFM/Master_projects/PhyloPhere/Data/6.CAAS_traitfiles/Ranked/df4_sp.tab
A4GNT@27	9	1000	0.009	b_351,b_444,b_962,b_609,b_85,b_448,b_123,b_703,b_666	/home/miguel/IBE-UPF/TFM/Master_projects/PhyloPhere/Data/6.CAAS_traitfiles/Ranked/df4_sp.tab
A4GNT@28	0	1000	0.0		/home/miguel/IBE-UPF/TFM/Master_projects/PhyloPhere/Data/6.CAAS_traitfiles/Ranked/df4_sp.tab
A4GNT@30	0	1000	0.0		/home/miguel/IBE-UPF/TFM/Master_projects/PhyloPhere/Data/6.CAAS_traitfiles/Ranked/df4_sp.tab
A4GNT@32	81	1000	0.081	b_451,b_605,b_412,b_697,b_334,b_385,b_948,b_725,b_720,b_217,b_610,b_287,b_970,b_719,b_484,b_935,b_919,b_140,b_240,b_284,b_962,b_743,b_388,b_353,b_780,b_39,b_589,b_373,b_562,b_38,b_686,b_932,b_392,b_812,b_367,b_325,b_993,b_871,b_728,b_481,b_633,b_807,b_485,b_665,b_841,b_67,b_903,b_570,b_880,b_265,b_244,b_21,b_699,b_36,b_683,b_577,b_363,b_34,b_312,b_989,b_680,b_165,b_875,b_461,b_788,b_636,b_663,b_376,b_844,b_65,b_86,b_10,b_810,b_135,b_997,b_735,b_7,b_789,b_913,b_335,b_453	/home/miguel/IBE-UPF/TFM/Master_projects/PhyloPhere/Data/6.CAAS_traitfiles/Ranked/df4_sp.tab
A4GNT@33	0	1000	0.0		/home/miguel/IBE-UPF/TFM/Master_projects/PhyloPhere/Data/6.CAAS_traitfiles/Ranked/df4_sp.tab
A4GNT@34	22	1000	0.022	b_351,b_254,b_444,b_962,b_43,b_780,b_609,b_414,b_85,b_941,b_545,b_670,b_475,b_71,b_448,b_188,b_123,b_703,b_666,b_578,b_647,b_574	/home/miguel/IBE-UPF/TFM/Master_projects/PhyloPhere/Data/6.CAAS_traitfiles/Ranked/df4_sp.tab
A4GNT@35	0	1000	0.0		/home/miguel/IBE-UPF/TFM/Master_projects/PhyloPhere/Data/6.CAAS_traitfiles/Ranked/df4_sp.tab
A4GNT@37	0	1000	0.0		/home/miguel/IBE-UPF/TFM/Master_projects/PhyloPhere/Data/6.CAAS_traitfiles/Ranked/df4_sp.tab
A4GNT@38	0	1000	0.0		/home/miguel/IBE-UPF/TFM/Master_projects/PhyloPhere/Data/6.CAAS_traitfiles/Ranked/df4_sp.tab
A4GNT@39	0	1000	0.0		/home/miguel/IBE-UPF/TFM/Master_projects/PhyloPhere/Data/6.CAAS_traitfiles/Ranked/df4_sp.tab
A4GNT@40	0	1000	0.0		/home/miguel/IBE-UPF/TFM/Master_projects/PhyloPhere/Data/6.CAAS_traitfiles/Ranked/df4_sp.tab
A4GNT@41	65	1000	0.065	b_451,b_605,b_334,b_385,b_948,b_725,b_217,b_610,b_970,b_719,b_484,b_935,b_919,b_140,b_240,b_962,b_743,b_388,b_353,b_780,b_589,b_373,b_38,b_932,b_392,b_125,b_812,b_367,b_325,b_993,b_481,b_633,b_807,b_485,b_665,b_841,b_67,b_903,b_880,b_265,b_244,b_21,b_699,b_577,b_363,b_34,b_989,b_680,b_165,b_875,b_636,b_663,b_376,b_844,b_65,b_86,b_10,b_810,b_135,b_997,b_735,b_7,b_913,b_335,b_453	/home/miguel/IBE-UPF/TFM/Master_projects/PhyloPhere/Data/6.CAAS_traitfiles/Ranked/df4_sp.tab
A4GNT@42	0	1000	0.0		/home/miguel/IBE-UPF/TFM/Master_projects/PhyloPhere/Data/6.CAAS_traitfiles/Ranked/df4_sp.tab
A4GNT@43	0	1000	0.0		/home/miguel/IBE-UPF/TFM/Master_projects/PhyloPhere/Data/6.CAAS_traitfiles/Ranked/df4_sp.tab
A4GNT@44	0	1000	0.0		/home/miguel/IBE-UPF/TFM/Master_projects/PhyloPhere/Data/6.CAAS_traitfiles/Ranked/df4_sp.tab
A4GNT@46	0	1000	0.0		/home/miguel/IBE-UPF/TFM/Master_projects/PhyloPhere/Data/6.CAAS_traitfiles/Ranked/df4_sp.tab
A4GNT@47	0	1000	0.0		/home/miguel/IBE-UPF/TFM/Master_projects/PhyloPhere/Data/6.CAAS_traitfiles/Ranked/df4_sp.tab
A4GNT@48	41	1000	0.041	b_351,b_254,b_29,b_255,b_444,b_698,b_962,b_43,b_780,b_50,b_415,b_609,b_414,b_681,b_634,b_85,b_199,b_489,b_941,b_545,b_670,b_475,b_71,b_685,b_433,b_448,b_188,b_153,b_123,b_703,b_115,b_666,b_338,b_891,b_578,b_158,b_647,b_574,b_645,b_22,b_371	/home/miguel/IBE-UPF/TFM/Master_projects/PhyloPhere/Data/6.CAAS_traitfiles/Ranked/df4_sp.tab
A4GNT@49	0	1000	0.0		/home/miguel/IBE-UPF/TFM/Master_projects/PhyloPhere/Data/6.CAAS_traitfiles/Ranked/df4_sp.tab
A4GNT@50	22	1000	0.022	b_351,b_254,b_444,b_962,b_43,b_780,b_609,b_414,b_85,b_941,b_545,b_670,b_475,b_71,b_448,b_188,b_123,b_703,b_666,b_578,b_647,b_574	/home/miguel/IBE-UPF/TFM/Master_projects/PhyloPhere/Data/6.CAAS_traitfiles/Ranked/df4_sp.tab
A4GNT@53	0	1000	0.0		/home/miguel/IBE-UPF/TFM/Master_projects/PhyloPhere/Data/6.CAAS_traitfiles/Ranked/df4_sp.tab
A4GNT@58	0	1000	0.0		/home/miguel/IBE-UPF/TFM/Master_projects/PhyloPhere/Data/6.CAAS_traitfiles/Ranked/df4_sp.tab
A4GNT@60	0	1000	0.0		/home/miguel/IBE-UPF/TFM/Master_projects/PhyloPhere/Data/6.CAAS_traitfiles/Ranked/df4_sp.tab
A4GNT@63	25	1000	0.025	b_767,b_861,b_697,b_796,b_366,b_549,b_908,b_992,b_415,b_147,b_172,b_894,b_167,b_110,b_608,b_806,b_139,b_208,b_243,b_556,b_710,b_890,b_718,b_790,b_104	/home/miguel/IBE-UPF/TFM/Master_projects/PhyloPhere/Data/6.CAAS_traitfiles/Ranked/df4_sp.tab
A4GNT@64	22	1000	0.022	b_351,b_254,b_444,b_962,b_43,b_780,b_609,b_414,b_85,b_941,b_545,b_670,b_475,b_71,b_448,b_188,b_123,b_703,b_666,b_578,b_647,b_574	/home/miguel/IBE-UPF/TFM/Master_projects/PhyloPhere/Data/6.CAAS_traitfiles/Ranked/df4_sp.tab
A4GNT@65	0	1000	0.0		/home/miguel/IBE-UPF/TFM/Master_projects/PhyloPhere/Data/6.CAAS_traitfiles/Ranked/df4_sp.tab
A4GNT@69	0	1000	0.0		/home/miguel/IBE-UPF/TFM/Master_projects/PhyloPhere/Data/6.CAAS_traitfiles/Ranked/df4_sp.tab
A4GNT@75	0	1000	0.0		/home/miguel/IBE-UPF/TFM/Master_projects/PhyloPhere/Data/6.CAAS_traitfiles/Ranked/df4_sp.tab
A4GNT@76	0	1000	0.0		/home/miguel/IBE-UPF/TFM/Master_projects/PhyloPhere/Data/6.CAAS_traitfiles/Ranked/df4_sp.tab
A4GNT@79	22	1000	0.022	b_351,b_254,b_444,b_962,b_43,b_780,b_609,b_414,b_85,b_941,b_545,b_670,b_475,b_71,b_448,b_188,b_123,b_703,b_666,b_578,b_647,b_574	/home/miguel/IBE-UPF/TFM/Master_projects/PhyloPhere/Data/6.CAAS_traitfiles/Ranked/df4_sp.tab
A4GNT@80	2	1000	0.002	b_828,b_348	/home/miguel/IBE-UPF/TFM/Master_projects/PhyloPhere/Data/6.CAAS_traitfiles/Ranked/df4_sp.tab
A4GNT@81	0	1000	0.0		/home/miguel/IBE-UPF/TFM/Master_projects/PhyloPhere/Data/6.CAAS_traitfiles/Ranked/df4_sp.tab
A4GNT@83	26	1000	0.026	b_605,b_334,b_610,b_919,b_240,b_388,b_353,b_780,b_589,b_38,b_932,b_812,b_481,b_807,b_155,b_21,b_699,b_577,b_363,b_165,b_875,b_844,b_65,b_135,b_335,b_453	/home/miguel/IBE-UPF/TFM/Master_projects/PhyloPhere/Data/6.CAAS_traitfiles/Ranked/df4_sp.tab
A4GNT@90	22	1000	0.022	b_351,b_254,b_444,b_962,b_43,b_780,b_609,b_414,b_85,b_941,b_545,b_670,b_475,b_71,b_448,b_188,b_123,b_703,b_666,b_578,b_647,b_574	/home/miguel/IBE-UPF/TFM/Master_projects/PhyloPhere/Data/6.CAAS_traitfiles/Ranked/df4_sp.tab
A4GNT@91	22	1000	0.022	b_351,b_254,b_444,b_962,b_43,b_780,b_609,b_414,b_85,b_941,b_545,b_670,b_475,b_71,b_448,b_188,b_123,b_703,b_666,b_578,b_647,b_574	/home/miguel/IBE-UPF/TFM/Master_projects/PhyloPhere/Data/6.CAAS_traitfiles/Ranked/df4_sp.tab
A4GNT@93	0	1000	0.0		/home/miguel/IBE-UPF/TFM/Master_projects/PhyloPhere/Data/6.CAAS_traitfiles/Ranked/df4_sp.tab
A4GNT@94	31	1000	0.031	b_351,b_726,b_254,b_444,b_962,b_43,b_780,b_609,b_414,b_210,b_85,b_199,b_941,b_545,b_670,b_475,b_71,b_448,b_309,b_931,b_188,b_342,b_123,b_703,b_666,b_578,b_647,b_574,b_22,b_3,b_506	/home/miguel/IBE-UPF/TFM/Master_projects/PhyloPhere/Data/6.CAAS_traitfiles/Ranked/df4_sp.tab
A4GNT@95	41	1000	0.041	b_351,b_254,b_29,b_255,b_444,b_698,b_962,b_43,b_780,b_50,b_415,b_609,b_414,b_681,b_634,b_85,b_199,b_489,b_941,b_545,b_670,b_475,b_71,b_685,b_433,b_448,b_188,b_153,b_123,b_703,b_115,b_666,b_338,b_891,b_578,b_158,b_647,b_574,b_645,b_22,b_371	/home/miguel/IBE-UPF/TFM/Master_projects/PhyloPhere/Data/6.CAAS_traitfiles/Ranked/df4_sp.tab
A4GNT@96	0	1000	0.0		/home/miguel/IBE-UPF/TFM/Master_projects/PhyloPhere/Data/6.CAAS_traitfiles/Ranked/df4_sp.tab
A4GNT@97	0	1000	0.0		/home/miguel/IBE-UPF/TFM/Master_projects/PhyloPhere/Data/6.CAAS_traitfiles/Ranked/df4_sp.tab
A4GNT@100	0	1000	0.0		/home/miguel/IBE-UPF/TFM/Master_projects/PhyloPhere/Data/6.CAAS_traitfiles/Ranked/df4_sp.tab
A4GNT@101	0	1000	0.0		/home/miguel/IBE-UPF/TFM/Master_projects/PhyloPhere/Data/6.CAAS_traitfiles/Ranked/df4_sp.tab
A4GNT@104	0	1000	0.0		/home/miguel/IBE-UPF/TFM/Master_projects/PhyloPhere/Data/6.CAAS_traitfiles/Ranked/df4_sp.tab
A4GNT@106	68	1000	0.068	b_202,b_787,b_917,b_861,b_697,b_796,b_136,b_366,b_688,b_549,b_29,b_908,b_129,b_992,b_667,b_40,b_284,b_883,b_97,b_415,b_526,b_147,b_361,b_273,b_250,b_628,b_734,b_82,b_894,b_51,b_167,b_949,b_475,b_841,b_52,b_110,b_95,b_94,b_312,b_806,b_700,b_510,b_703,b_615,b_78,b_751,b_139,b_115,b_243,b_926,b_710,b_45,b_976,b_515,b_891,b_274,b_151,b_86,b_47,b_694,b_890,b_396,b_317,b_574,b_645,b_790,b_77,b_462	/home/miguel/IBE-UPF/TFM/Master_projects/PhyloPhere/Data/6.CAAS_traitfiles/Ranked/df4_sp.tab
A4GNT@109	64	1000	0.064	b_451,b_605,b_334,b_385,b_948,b_725,b_217,b_610,b_970,b_719,b_484,b_935,b_919,b_140,b_240,b_962,b_743,b_388,b_353,b_780,b_589,b_373,b_38,b_932,b_392,b_812,b_367,b_325,b_993,b_481,b_633,b_807,b_485,b_665,b_841,b_67,b_903,b_880,b_265,b_244,b_21,b_699,b_577,b_363,b_34,b_989,b_680,b_165,b_875,b_636,b_663,b_376,b_844,b_65,b_86,b_10,b_810,b_135,b_997,b_735,b_7,b_913,b_335,b_453	/home/miguel/IBE-UPF/TFM/Master_projects/PhyloPhere/Data/6.CAAS_traitfiles/Ranked/df4_sp.tab
A4GNT@110	0	1000	0.0		/home/miguel/IBE-UPF/TFM/Master_projects/PhyloPhere/Data/6.CAAS_traitfiles/Ranked/df4_sp.tab
A4GNT@111	0	1000	0.0		/home/miguel/IBE-UPF/TFM/Master_projects/PhyloPhere/Data/6.CAAS_traitfiles/Ranked/df4_sp.tab
A4GNT@113	0	1000	0.0		/home/miguel/IBE-UPF/TFM/Master_projects/PhyloPhere/Data/6.CAAS_traitfiles/Ranked/df4_sp.tab
A4GNT@116	0	1000	0.0		/home/miguel/IBE-UPF/TFM/Master_projects/PhyloPhere/Data/6.CAAS_traitfiles/Ranked/df4_sp.tab
A4GNT@119	0	1000	0.0		/home/miguel/IBE-UPF/TFM/Master_projects/PhyloPhere/Data/6.CAAS_traitfiles/Ranked/df4_sp.tab
A4GNT@120	0	1000	0.0		/home/miguel/IBE-UPF/TFM/Master_projects/PhyloPhere/Data/6.CAAS_traitfiles/Ranked/df4_sp.tab
A4GNT@121	0	1000	0.0		/home/miguel/IBE-UPF/TFM/Master_projects/PhyloPhere/Data/6.CAAS_traitfiles/Ranked/df4_sp.tab
A4GNT@122	0	1000	0.0		/home/miguel/IBE-UPF/TFM/Master_projects/PhyloPhere/Data/6.CAAS_traitfiles/Ranked/df4_sp.tab
A4GNT@124	0	1000	0.0		/home/miguel/IBE-UPF/TFM/Master_projects/PhyloPhere/Data/6.CAAS_traitfiles/Ranked/df4_sp.tab
A4GNT@130	0	1000	0.0		/home/miguel/IBE-UPF/TFM/Master_projects/PhyloPhere/Data/6.CAAS_traitfiles/Ranked/df4_sp.tab
A4GNT@131	0	1000	0.0		/home/miguel/IBE-UPF/TFM/Master_projects/PhyloPhere/Data/6.CAAS_traitfiles/Ranked/df4_sp.tab
A4GNT@134	73	1000	0.073	b_202,b_787,b_917,b_861,b_697,b_796,b_136,b_366,b_688,b_549,b_29,b_908,b_129,b_992,b_667,b_40,b_284,b_883,b_97,b_415,b_526,b_147,b_361,b_273,b_250,b_628,b_734,b_82,b_894,b_51,b_167,b_949,b_475,b_134,b_841,b_52,b_110,b_95,b_564,b_536,b_94,b_312,b_806,b_700,b_510,b_99,b_703,b_615,b_78,b_751,b_139,b_788,b_115,b_243,b_926,b_710,b_45,b_976,b_515,b_891,b_274,b_151,b_86,b_47,b_694,b_890,b_396,b_317,b_574,b_645,b_790,b_77,b_462	/home/miguel/IBE-UPF/TFM/Master_projects/PhyloPhere/Data/6.CAAS_traitfiles/Ranked/df4_sp.tab
A4GNT@135	0	1000	0.0		/home/miguel/IBE-UPF/TFM/Master_projects/PhyloPhere/Data/6.CAAS_traitfiles/Ranked/df4_sp.tab
A4GNT@136	0	1000	0.0		/home/miguel/IBE-UPF/TFM/Master_projects/PhyloPhere/Data/6.CAAS_traitfiles/Ranked/df4_sp.tab
A4GNT@138	24	1000	0.024	b_351,b_254,b_429,b_197,b_782,b_962,b_780,b_609,b_38,b_414,b_941,b_545,b_184,b_411,b_670,b_71,b_262,b_244,b_882,b_533,b_809,b_666,b_226,b_578	/home/miguel/IBE-UPF/TFM/Master_projects/PhyloPhere/Data/6.CAAS_traitfiles/Ranked/df4_sp.tab
A4GNT@139	0	1000	0.0		/home/miguel/IBE-UPF/TFM/Master_projects/PhyloPhere/Data/6.CAAS_traitfiles/Ranked/df4_sp.tab
A4GNT@140	25	1000	0.025	b_767,b_861,b_697,b_796,b_366,b_549,b_908,b_992,b_415,b_147,b_172,b_894,b_167,b_110,b_608,b_806,b_139,b_208,b_243,b_556,b_710,b_890,b_718,b_790,b_104	/home/miguel/IBE-UPF/TFM/Master_projects/PhyloPhere/Data/6.CAAS_traitfiles/Ranked/df4_sp.tab
A4GNT@143	0	1000	0.0		/home/miguel/IBE-UPF/TFM/Master_projects/PhyloPhere/Data/6.CAAS_traitfiles/Ranked/df4_sp.tab
A4GNT@146	0	1000	0.0		/home/miguel/IBE-UPF/TFM/Master_projects/PhyloPhere/Data/6.CAAS_traitfiles/Ranked/df4_sp.tab
A4GNT@147	20	1000	0.02	b_251,b_513,b_161,b_693,b_962,b_43,b_780,b_609,b_85,b_481,b_633,b_670,b_448,b_363,b_524,b_956,b_878,b_487,b_738,b_171	/home/miguel/IBE-UPF/TFM/Master_projects/PhyloPhere/Data/6.CAAS_traitfiles/Ranked/df4_sp.tab
A4GNT@152	0	1000	0.0		/home/miguel/IBE-UPF/TFM/Master_projects/PhyloPhere/Data/6.CAAS_traitfiles/Ranked/df4_sp.tab
A4GNT@156	0	1000	0.0		/home/miguel/IBE-UPF/TFM/Master_projects/PhyloPhere/Data/6.CAAS_traitfiles/Ranked/df4_sp.tab
A4GNT@160	0	1000	0.0		/home/miguel/IBE-UPF/TFM/Master_projects/PhyloPhere/Data/6.CAAS_traitfiles/Ranked/df4_sp.tab
A4GNT@163	0	1000	0.0		/home/miguel/IBE-UPF/TFM/Master_projects/PhyloPhere/Data/6.CAAS_traitfiles/Ranked/df4_sp.tab
A4GNT@173	0	1000	0.0		/home/miguel/IBE-UPF/TFM/Master_projects/PhyloPhere/Data/6.CAAS_traitfiles/Ranked/df4_sp.tab
A4GNT@178	0	1000	0.0		/home/miguel/IBE-UPF/TFM/Master_projects/PhyloPhere/Data/6.CAAS_traitfiles/Ranked/df4_sp.tab
A4GNT@185	84	1000	0.084	b_451,b_605,b_334,b_385,b_948,b_251,b_725,b_429,b_217,b_513,b_610,b_970,b_719,b_484,b_782,b_935,b_919,b_140,b_161,b_240,b_962,b_743,b_388,b_353,b_780,b_609,b_589,b_373,b_38,b_932,b_392,b_812,b_367,b_325,b_993,b_669,b_481,b_184,b_633,b_411,b_807,b_485,b_665,b_841,b_67,b_903,b_880,b_262,b_265,b_244,b_21,b_699,b_577,b_363,b_34,b_75,b_989,b_680,b_165,b_533,b_875,b_809,b_243,b_636,b_663,b_710,b_376,b_226,b_844,b_65,b_878,b_86,b_10,b_810,b_135,b_738,b_876,b_997,b_735,b_7,b_913,b_335,b_171,b_453	/home/miguel/IBE-UPF/TFM/Master_projects/PhyloPhere/Data/6.CAAS_traitfiles/Ranked/df4_sp.tab
A4GNT@187	68	1000	0.068	b_202,b_787,b_917,b_861,b_697,b_796,b_136,b_366,b_688,b_549,b_29,b_908,b_129,b_992,b_667,b_40,b_284,b_883,b_97,b_415,b_526,b_147,b_361,b_273,b_250,b_628,b_734,b_82,b_894,b_51,b_167,b_949,b_475,b_841,b_52,b_110,b_95,b_94,b_312,b_806,b_700,b_510,b_703,b_615,b_78,b_751,b_139,b_115,b_243,b_926,b_710,b_45,b_976,b_515,b_891,b_274,b_151,b_86,b_47,b_694,b_890,b_396,b_317,b_574,b_645,b_790,b_77,b_462	/home/miguel/IBE-UPF/TFM/Master_projects/PhyloPhere/Data/6.CAAS_traitfiles/Ranked/df4_sp.tab
A4GNT@188	0	1000	0.0		/home/miguel/IBE-UPF/TFM/Master_projects/PhyloPhere/Data/6.CAAS_traitfiles/Ranked/df4_sp.tab
A4GNT@193	0	1000	0.0		/home/miguel/IBE-UPF/TFM/Master_projects/PhyloPhere/Data/6.CAAS_traitfiles/Ranked/df4_sp.tab
A4GNT@199	60	1000	0.06	b_928,b_451,b_767,b_861,b_697,b_726,b_796,b_725,b_366,b_217,b_602,b_549,b_908,b_484,b_935,b_992,b_43,b_743,b_415,b_983,b_373,b_147,b_414,b_172,b_367,b_993,b_210,b_941,b_728,b_545,b_894,b_167,b_903,b_265,b_110,b_577,b_309,b_608,b_806,b_671,b_584,b_875,b_139,b_639,b_208,b_243,b_556,b_881,b_710,b_677,b_844,b_65,b_810,b_890,b_647,b_718,b_574,b_57,b_790,b_104	/home/miguel/IBE-UPF/TFM/Master_projects/PhyloPhere/Data/6.CAAS_traitfiles/Ranked/df4_sp.tab
A4GNT@205	11	1000	0.011	b_579,b_725,b_484,b_373,b_993,b_728,b_921,b_584,b_875,b_677,b_844	/home/miguel/IBE-UPF/TFM/Master_projects/PhyloPhere/Data/6.CAAS_traitfiles/Ranked/df4_sp.tab
A4GNT@211	22	1000	0.022	b_351,b_254,b_444,b_962,b_43,b_780,b_609,b_414,b_85,b_941,b_545,b_670,b_475,b_71,b_448,b_188,b_123,b_703,b_666,b_578,b_647,b_574	/home/miguel/IBE-UPF/TFM/Master_projects/PhyloPhere/Data/6.CAAS_traitfiles/Ranked/df4_sp.tab
A4GNT@213	64	1000	0.064	b_451,b_605,b_334,b_385,b_948,b_725,b_217,b_610,b_970,b_719,b_484,b_935,b_919,b_140,b_240,b_962,b_743,b_388,b_353,b_780,b_589,b_373,b_38,b_932,b_392,b_812,b_367,b_325,b_993,b_481,b_633,b_807,b_485,b_665,b_841,b_67,b_903,b_880,b_265,b_244,b_21,b_699,b_577,b_363,b_34,b_989,b_680,b_165,b_875,b_636,b_663,b_376,b_844,b_65,b_86,b_10,b_810,b_135,b_997,b_735,b_7,b_913,b_335,b_453	/home/miguel/IBE-UPF/TFM/Master_projects/PhyloPhere/Data/6.CAAS_traitfiles/Ranked/df4_sp.tab
A4GNT@215	0	1000	0.0		/home/miguel/IBE-UPF/TFM/Master_projects/PhyloPhere/Data/6.CAAS_traitfiles/Ranked/df4_sp.tab
A4GNT@216	0	1000	0.0		/home/miguel/IBE-UPF/TFM/Master_projects/PhyloPhere/Data/6.CAAS_traitfiles/Ranked/df4_sp.tab
A4GNT@217	0	1000	0.0		/home/miguel/IBE-UPF/TFM/Master_projects/PhyloPhere/Data/6.CAAS_traitfiles/Ranked/df4_sp.tab
A4GNT@221	0	1000	0.0		/home/miguel/IBE-UPF/TFM/Master_projects/PhyloPhere/Data/6.CAAS_traitfiles/Ranked/df4_sp.tab
A4GNT@225	32	1000	0.032	b_540,b_861,b_254,b_251,b_429,b_197,b_144,b_541,b_782,b_508,b_978,b_517,b_392,b_941,b_411,b_670,b_167,b_71,b_112,b_262,b_244,b_815,b_333,b_651,b_443,b_533,b_226,b_500,b_738,b_876,b_882,b_104	/home/miguel/IBE-UPF/TFM/Master_projects/PhyloPhere/Data/6.CAAS_traitfiles/Ranked/df4_sp.tab
A4GNT@230	0	1000	0.0		/home/miguel/IBE-UPF/TFM/Master_projects/PhyloPhere/Data/6.CAAS_traitfiles/Ranked/df4_sp.tab
A4GNT@236	0	1000	0.0		/home/miguel/IBE-UPF/TFM/Master_projects/PhyloPhere/Data/6.CAAS_traitfiles/Ranked/df4_sp.tab
A4GNT@238	22	1000	0.022	b_351,b_254,b_444,b_962,b_43,b_780,b_609,b_414,b_85,b_941,b_545,b_670,b_475,b_71,b_448,b_188,b_123,b_703,b_666,b_578,b_647,b_574	/home/miguel/IBE-UPF/TFM/Master_projects/PhyloPhere/Data/6.CAAS_traitfiles/Ranked/df4_sp.tab
A4GNT@239	0	1000	0.0		/home/miguel/IBE-UPF/TFM/Master_projects/PhyloPhere/Data/6.CAAS_traitfiles/Ranked/df4_sp.tab
A4GNT@241	0	1000	0.0		/home/miguel/IBE-UPF/TFM/Master_projects/PhyloPhere/Data/6.CAAS_traitfiles/Ranked/df4_sp.tab
A4GNT@242	0	1000	0.0		/home/miguel/IBE-UPF/TFM/Master_projects/PhyloPhere/Data/6.CAAS_traitfiles/Ranked/df4_sp.tab
A4GNT@243	0	1000	0.0		/home/miguel/IBE-UPF/TFM/Master_projects/PhyloPhere/Data/6.CAAS_traitfiles/Ranked/df4_sp.tab
A4GNT@244	0	1000	0.0		/home/miguel/IBE-UPF/TFM/Master_projects/PhyloPhere/Data/6.CAAS_traitfiles/Ranked/df4_sp.tab
A4GNT@249	0	1000	0.0		/home/miguel/IBE-UPF/TFM/Master_projects/PhyloPhere/Data/6.CAAS_traitfiles/Ranked/df4_sp.tab
A4GNT@251	94	1000	0.094	b_451,b_202,b_787,b_917,b_861,b_697,b_254,b_385,b_796,b_136,b_725,b_366,b_217,b_688,b_549,b_29,b_908,b_129,b_719,b_484,b_992,b_140,b_667,b_40,b_284,b_883,b_743,b_97,b_415,b_526,b_589,b_147,b_361,b_38,b_273,b_628,b_250,b_734,b_82,b_894,b_633,b_51,b_167,b_949,b_475,b_485,b_841,b_67,b_52,b_880,b_265,b_110,b_95,b_34,b_94,b_312,b_806,b_700,b_989,b_680,b_510,b_165,b_703,b_615,b_78,b_751,b_139,b_115,b_243,b_926,b_636,b_663,b_710,b_45,b_976,b_515,b_891,b_274,b_151,b_86,b_47,b_810,b_694,b_890,b_396,b_997,b_735,b_317,b_574,b_645,b_790,b_913,b_77,b_462	/home/miguel/IBE-UPF/TFM/Master_projects/PhyloPhere/Data/6.CAAS_traitfiles/Ranked/df4_sp.tab
A4GNT@265	0	1000	0.0		/home/miguel/IBE-UPF/TFM/Master_projects/PhyloPhere/Data/6.CAAS_traitfiles/Ranked/df4_sp.tab
A4GNT@268	0	1000	0.0		/home/miguel/IBE-UPF/TFM/Master_projects/PhyloPhere/Data/6.CAAS_traitfiles/Ranked/df4_sp.tab
A4GNT@272	0	1000	0.0		/home/miguel/IBE-UPF/TFM/Master_projects/PhyloPhere/Data/6.CAAS_traitfiles/Ranked/df4_sp.tab
A4GNT@276	0	1000	0.0		/home/miguel/IBE-UPF/TFM/Master_projects/PhyloPhere/Data/6.CAAS_traitfiles/Ranked/df4_sp.tab
A4GNT@277	0	1000	0.0		/home/miguel/IBE-UPF/TFM/Master_projects/PhyloPhere/Data/6.CAAS_traitfiles/Ranked/df4_sp.tab
A4GNT@279	0	1000	0.0		/home/miguel/IBE-UPF/TFM/Master_projects/PhyloPhere/Data/6.CAAS_traitfiles/Ranked/df4_sp.tab
A4GNT@281	0	1000	0.0		/home/miguel/IBE-UPF/TFM/Master_projects/PhyloPhere/Data/6.CAAS_traitfiles/Ranked/df4_sp.tab
A4GNT@282	0	1000	0.0		/home/miguel/IBE-UPF/TFM/Master_projects/PhyloPhere/Data/6.CAAS_traitfiles/Ranked/df4_sp.tab
A4GNT@291	0	1000	0.0		/home/miguel/IBE-UPF/TFM/Master_projects/PhyloPhere/Data/6.CAAS_traitfiles/Ranked/df4_sp.tab
A4GNT@294	1	1000	0.001	b_210	/home/miguel/IBE-UPF/TFM/Master_projects/PhyloPhere/Data/6.CAAS_traitfiles/Ranked/df4_sp.tab
A4GNT@295	0	1000	0.0		/home/miguel/IBE-UPF/TFM/Master_projects/PhyloPhere/Data/6.CAAS_traitfiles/Ranked/df4_sp.tab
A4GNT@296	0	1000	0.0		/home/miguel/IBE-UPF/TFM/Master_projects/PhyloPhere/Data/6.CAAS_traitfiles/Ranked/df4_sp.tab
A4GNT@297	0	1000	0.0		/home/miguel/IBE-UPF/TFM/Master_projects/PhyloPhere/Data/6.CAAS_traitfiles/Ranked/df4_sp.tab
A4GNT@298	2	1000	0.002	b_763,b_712	/home/miguel/IBE-UPF/TFM/Master_projects/PhyloPhere/Data/6.CAAS_traitfiles/Ranked/df4_sp.tab
A4GNT@300	0	1000	0.0		/home/miguel/IBE-UPF/TFM/Master_projects/PhyloPhere/Data/6.CAAS_traitfiles/Ranked/df4_sp.tab
A4GNT@301	64	1000	0.064	b_451,b_605,b_334,b_385,b_948,b_725,b_217,b_610,b_970,b_719,b_484,b_935,b_919,b_140,b_240,b_962,b_743,b_388,b_353,b_780,b_589,b_373,b_38,b_932,b_392,b_812,b_367,b_325,b_993,b_481,b_633,b_807,b_485,b_665,b_841,b_67,b_903,b_880,b_265,b_244,b_21,b_699,b_577,b_363,b_34,b_989,b_680,b_165,b_875,b_636,b_663,b_376,b_844,b_65,b_86,b_10,b_810,b_135,b_997,b_735,b_7,b_913,b_335,b_453	/home/miguel/IBE-UPF/TFM/Master_projects/PhyloPhere/Data/6.CAAS_traitfiles/Ranked/df4_sp.tab
A4GNT@304	0	1000	0.0		/home/miguel/IBE-UPF/TFM/Master_projects/PhyloPhere/Data/6.CAAS_traitfiles/Ranked/df4_sp.tab
A4GNT@307	0	1000	0.0		/home/miguel/IBE-UPF/TFM/Master_projects/PhyloPhere/Data/6.CAAS_traitfiles/Ranked/df4_sp.tab
A4GNT@309	0	1000	0.0		/home/miguel/IBE-UPF/TFM/Master_projects/PhyloPhere/Data/6.CAAS_traitfiles/Ranked/df4_sp.tab
A4GNT@311	0	1000	0.0		/home/miguel/IBE-UPF/TFM/Master_projects/PhyloPhere/Data/6.CAAS_traitfiles/Ranked/df4_sp.tab
A4GNT@312	26	1000	0.026	b_605,b_334,b_610,b_919,b_240,b_388,b_353,b_780,b_589,b_38,b_932,b_812,b_481,b_807,b_155,b_21,b_699,b_577,b_363,b_165,b_875,b_844,b_65,b_135,b_335,b_453	/home/miguel/IBE-UPF/TFM/Master_projects/PhyloPhere/Data/6.CAAS_traitfiles/Ranked/df4_sp.tab
A4GNT@314	0	1000	0.0		/home/miguel/IBE-UPF/TFM/Master_projects/PhyloPhere/Data/6.CAAS_traitfiles/Ranked/df4_sp.tab
A4GNT@317	29	1000	0.029	b_251,b_429,b_197,b_782,b_447,b_962,b_780,b_609,b_38,b_392,b_414,b_941,b_184,b_411,b_670,b_71,b_112,b_822,b_262,b_244,b_651,b_533,b_182,b_809,b_226,b_738,b_876,b_882,b_171	/home/miguel/IBE-UPF/TFM/Master_projects/PhyloPhere/Data/6.CAAS_traitfiles/Ranked/df4_sp.tab
A4GNT@319	0	1000	0.0		/home/miguel/IBE-UPF/TFM/Master_projects/PhyloPhere/Data/6.CAAS_traitfiles/Ranked/df4_sp.tab
A4GNT@320	13	1000	0.013	b_565,b_334,b_287,b_919,b_353,b_761,b_932,b_679,b_875,b_288,b_268,b_372,b_789	/home/miguel/IBE-UPF/TFM/Master_projects/PhyloPhere/Data/6.CAAS_traitfiles/Ranked/df4_sp.tab
A4GNT@321	0	1000	0.0		/home/miguel/IBE-UPF/TFM/Master_projects/PhyloPhere/Data/6.CAAS_traitfiles/Ranked/df4_sp.tab
A4GNT@323	0	1000	0.0		/home/miguel/IBE-UPF/TFM/Master_projects/PhyloPhere/Data/6.CAAS_traitfiles/Ranked/df4_sp.tab
A4GNT@324	0	1000	0.0		/home/miguel/IBE-UPF/TFM/Master_projects/PhyloPhere/Data/6.CAAS_traitfiles/Ranked/df4_sp.tab
A4GNT@326	7	1000	0.007	b_412,b_705,b_414,b_210,b_545,b_881,b_647	/home/miguel/IBE-UPF/TFM/Master_projects/PhyloPhere/Data/6.CAAS_traitfiles/Ranked/df4_sp.tab
A4GNT@327	0	1000	0.0		/home/miguel/IBE-UPF/TFM/Master_projects/PhyloPhere/Data/6.CAAS_traitfiles/Ranked/df4_sp.tab
A4GNT@328	22	1000	0.022	b_351,b_254,b_962,b_43,b_780,b_609,b_444,b_414,b_85,b_941,b_545,b_670,b_475,b_71,b_448,b_188,b_123,b_703,b_666,b_578,b_647,b_574	/home/miguel/IBE-UPF/TFM/Master_projects/PhyloPhere/Data/6.CAAS_traitfiles/Ranked/df4_sp.tab
A4GNT@329	37	1000	0.037	b_412,b_697,b_385,b_725,b_720,b_287,b_970,b_484,b_240,b_284,b_388,b_353,b_39,b_373,b_562,b_686,b_392,b_993,b_871,b_728,b_481,b_665,b_841,b_903,b_570,b_21,b_36,b_683,b_312,b_875,b_461,b_788,b_844,b_86,b_810,b_735,b_789	/home/miguel/IBE-UPF/TFM/Master_projects/PhyloPhere/Data/6.CAAS_traitfiles/Ranked/df4_sp.tab
A4GNT@330	0	1000	0.0		/home/miguel/IBE-UPF/TFM/Master_projects/PhyloPhere/Data/6.CAAS_traitfiles/Ranked/df4_sp.tab
A4GNT@332	1	1000	0.001	b_609	/home/miguel/IBE-UPF/TFM/Master_projects/PhyloPhere/Data/6.CAAS_traitfiles/Ranked/df4_sp.tab
A4GNT@333	0	1000	0.0		/home/miguel/IBE-UPF/TFM/Master_projects/PhyloPhere/Data/6.CAAS_traitfiles/Ranked/df4_sp.tab
A4GNT@334	0	1000	0.0		/home/miguel/IBE-UPF/TFM/Master_projects/PhyloPhere/Data/6.CAAS_traitfiles/Ranked/df4_sp.tab
A4GNT@335	70	1000	0.07	b_451,b_768,b_605,b_334,b_385,b_948,b_725,b_217,b_610,b_970,b_719,b_484,b_935,b_919,b_140,b_240,b_962,b_743,b_388,b_353,b_780,b_589,b_373,b_38,b_804,b_932,b_392,b_812,b_367,b_325,b_993,b_441,b_481,b_633,b_807,b_485,b_665,b_841,b_67,b_903,b_880,b_265,b_244,b_21,b_699,b_577,b_363,b_34,b_989,b_680,b_165,b_875,b_59,b_636,b_663,b_24,b_446,b_376,b_844,b_65,b_86,b_10,b_810,b_135,b_997,b_735,b_7,b_913,b_335,b_453	/home/miguel/IBE-UPF/TFM/Master_projects/PhyloPhere/Data/6.CAAS_traitfiles/Ranked/df4_sp.tab
A4GNT@336	30	1000	0.03	b_772,b_351,b_254,b_197,b_255,b_29,b_698,b_782,b_43,b_609,b_414,b_941,b_545,b_184,b_411,b_475,b_71,b_685,b_448,b_608,b_123,b_703,b_330,b_666,b_226,b_891,b_578,b_158,b_574,b_371	/home/miguel/IBE-UPF/TFM/Master_projects/PhyloPhere/Data/6.CAAS_traitfiles/Ranked/df4_sp.tab
A4GNT@337	0	1000	0.0		/home/miguel/IBE-UPF/TFM/Master_projects/PhyloPhere/Data/6.CAAS_traitfiles/Ranked/df4_sp.tab
A4GNT@338	29	1000	0.029	b_351,b_254,b_444,b_595,b_896,b_962,b_978,b_43,b_780,b_609,b_414,b_85,b_941,b_545,b_670,b_167,b_475,b_71,b_448,b_991,b_95,b_333,b_188,b_123,b_703,b_666,b_578,b_647,b_574	/home/miguel/IBE-UPF/TFM/Master_projects/PhyloPhere/Data/6.CAAS_traitfiles/Ranked/df4_sp.tab
A4GNT@339	0	1000	0.0		/home/miguel/IBE-UPF/TFM/Master_projects/PhyloPhere/Data/6.CAAS_traitfiles/Ranked/df4_sp.tab
