AAAS@4	1	1000	0.001	b_609	/home/miguel/IBE-UPF/TFM/Master_projects/PhyloPhere/Data/6.CAAS_traitfiles/Ranked/df4_sp.tab
AAAS@12	0	1000	0.0		/home/miguel/IBE-UPF/TFM/Master_projects/PhyloPhere/Data/6.CAAS_traitfiles/Ranked/df4_sp.tab
AAAS@13	0	1000	0.0		/home/miguel/IBE-UPF/TFM/Master_projects/PhyloPhere/Data/6.CAAS_traitfiles/Ranked/df4_sp.tab
AAAS@28	28	1000	0.028	b_71,b_411,b_448,b_226,b_444,b_685,b_782,b_43,b_578,b_609,b_351,b_574,b_608,b_670,b_371,b_941,b_85,b_414,b_254,b_475,b_666,b_255,b_703,b_197,b_184,b_545,b_123,b_338	/home/miguel/IBE-UPF/TFM/Master_projects/PhyloPhere/Data/6.CAAS_traitfiles/Ranked/df4_sp.tab
AAAS@29	0	1000	0.0		/home/miguel/IBE-UPF/TFM/Master_projects/PhyloPhere/Data/6.CAAS_traitfiles/Ranked/df4_sp.tab
AAAS@46	26	1000	0.026	b_453,b_605,b_65,b_388,b_919,b_38,b_353,b_335,b_780,b_363,b_155,b_165,b_699,b_807,b_610,b_481,b_240,b_812,b_135,b_577,b_932,b_589,b_875,b_844,b_21,b_334	/home/miguel/IBE-UPF/TFM/Master_projects/PhyloPhere/Data/6.CAAS_traitfiles/Ranked/df4_sp.tab
AAAS@48	0	1000	0.0		/home/miguel/IBE-UPF/TFM/Master_projects/PhyloPhere/Data/6.CAAS_traitfiles/Ranked/df4_sp.tab
AAAS@50	0	1000	0.0		/home/miguel/IBE-UPF/TFM/Master_projects/PhyloPhere/Data/6.CAAS_traitfiles/Ranked/df4_sp.tab
AAAS@55	0	1000	0.0		/home/miguel/IBE-UPF/TFM/Master_projects/PhyloPhere/Data/6.CAAS_traitfiles/Ranked/df4_sp.tab
AAAS@57	0	1000	0.0		/home/miguel/IBE-UPF/TFM/Master_projects/PhyloPhere/Data/6.CAAS_traitfiles/Ranked/df4_sp.tab
AAAS@63	0	1000	0.0		/home/miguel/IBE-UPF/TFM/Master_projects/PhyloPhere/Data/6.CAAS_traitfiles/Ranked/df4_sp.tab
AAAS@65	0	1000	0.0		/home/miguel/IBE-UPF/TFM/Master_projects/PhyloPhere/Data/6.CAAS_traitfiles/Ranked/df4_sp.tab
AAAS@67	0	1000	0.0		/home/miguel/IBE-UPF/TFM/Master_projects/PhyloPhere/Data/6.CAAS_traitfiles/Ranked/df4_sp.tab
AAAS@81	0	1000	0.0		/home/miguel/IBE-UPF/TFM/Master_projects/PhyloPhere/Data/6.CAAS_traitfiles/Ranked/df4_sp.tab
AAAS@82	0	1000	0.0		/home/miguel/IBE-UPF/TFM/Master_projects/PhyloPhere/Data/6.CAAS_traitfiles/Ranked/df4_sp.tab
AAAS@84	0	1000	0.0		/home/miguel/IBE-UPF/TFM/Master_projects/PhyloPhere/Data/6.CAAS_traitfiles/Ranked/df4_sp.tab
AAAS@86	21	1000	0.021	b_153,b_71,b_448,b_444,b_645,b_43,b_578,b_609,b_574,b_670,b_941,b_780,b_647,b_85,b_414,b_475,b_188,b_703,b_545,b_123,b_962	/home/miguel/IBE-UPF/TFM/Master_projects/PhyloPhere/Data/6.CAAS_traitfiles/Ranked/df4_sp.tab
AAAS@88	0	1000	0.0		/home/miguel/IBE-UPF/TFM/Master_projects/PhyloPhere/Data/6.CAAS_traitfiles/Ranked/df4_sp.tab
AAAS@90	0	1000	0.0		/home/miguel/IBE-UPF/TFM/Master_projects/PhyloPhere/Data/6.CAAS_traitfiles/Ranked/df4_sp.tab
AAAS@100	0	1000	0.0		/home/miguel/IBE-UPF/TFM/Master_projects/PhyloPhere/Data/6.CAAS_traitfiles/Ranked/df4_sp.tab
AAAS@111	22	1000	0.022	b_71,b_448,b_444,b_43,b_578,b_609,b_351,b_574,b_670,b_941,b_780,b_647,b_85,b_414,b_254,b_475,b_666,b_188,b_703,b_545,b_123,b_962	/home/miguel/IBE-UPF/TFM/Master_projects/PhyloPhere/Data/6.CAAS_traitfiles/Ranked/df4_sp.tab
AAAS@133	0	1000	0.0		/home/miguel/IBE-UPF/TFM/Master_projects/PhyloPhere/Data/6.CAAS_traitfiles/Ranked/df4_sp.tab
AAAS@145	0	1000	0.0		/home/miguel/IBE-UPF/TFM/Master_projects/PhyloPhere/Data/6.CAAS_traitfiles/Ranked/df4_sp.tab
AAAS@154	0	1000	0.0		/home/miguel/IBE-UPF/TFM/Master_projects/PhyloPhere/Data/6.CAAS_traitfiles/Ranked/df4_sp.tab
AAAS@156	0	1000	0.0		/home/miguel/IBE-UPF/TFM/Master_projects/PhyloPhere/Data/6.CAAS_traitfiles/Ranked/df4_sp.tab
AAAS@173	22	1000	0.022	b_71,b_448,b_444,b_43,b_578,b_609,b_351,b_574,b_670,b_941,b_780,b_647,b_85,b_414,b_254,b_475,b_666,b_188,b_703,b_545,b_123,b_962	/home/miguel/IBE-UPF/TFM/Master_projects/PhyloPhere/Data/6.CAAS_traitfiles/Ranked/df4_sp.tab
AAAS@179	22	1000	0.022	b_71,b_448,b_444,b_43,b_578,b_609,b_351,b_574,b_670,b_941,b_780,b_647,b_85,b_414,b_254,b_475,b_666,b_188,b_703,b_545,b_123,b_962	/home/miguel/IBE-UPF/TFM/Master_projects/PhyloPhere/Data/6.CAAS_traitfiles/Ranked/df4_sp.tab
AAAS@188	0	1000	0.0		/home/miguel/IBE-UPF/TFM/Master_projects/PhyloPhere/Data/6.CAAS_traitfiles/Ranked/df4_sp.tab
AAAS@228	0	1000	0.0		/home/miguel/IBE-UPF/TFM/Master_projects/PhyloPhere/Data/6.CAAS_traitfiles/Ranked/df4_sp.tab
AAAS@231	0	1000	0.0		/home/miguel/IBE-UPF/TFM/Master_projects/PhyloPhere/Data/6.CAAS_traitfiles/Ranked/df4_sp.tab
AAAS@252	0	1000	0.0		/home/miguel/IBE-UPF/TFM/Master_projects/PhyloPhere/Data/6.CAAS_traitfiles/Ranked/df4_sp.tab
AAAS@253	0	1000	0.0		/home/miguel/IBE-UPF/TFM/Master_projects/PhyloPhere/Data/6.CAAS_traitfiles/Ranked/df4_sp.tab
AAAS@255	0	1000	0.0		/home/miguel/IBE-UPF/TFM/Master_projects/PhyloPhere/Data/6.CAAS_traitfiles/Ranked/df4_sp.tab
AAAS@270	0	1000	0.0		/home/miguel/IBE-UPF/TFM/Master_projects/PhyloPhere/Data/6.CAAS_traitfiles/Ranked/df4_sp.tab
AAAS@283	0	1000	0.0		/home/miguel/IBE-UPF/TFM/Master_projects/PhyloPhere/Data/6.CAAS_traitfiles/Ranked/df4_sp.tab
AAAS@291	68	1000	0.068	b_317,b_136,b_908,b_515,b_917,b_312,b_77,b_667,b_78,b_688,b_167,b_710,b_110,b_415,b_926,b_645,b_366,b_883,b_628,b_250,b_97,b_751,b_274,b_615,b_526,b_574,b_82,b_806,b_45,b_861,b_694,b_47,b_510,b_129,b_86,b_29,b_396,b_284,b_462,b_243,b_95,b_475,b_790,b_992,b_894,b_51,b_703,b_40,b_949,b_734,b_976,b_151,b_52,b_139,b_147,b_796,b_94,b_841,b_202,b_361,b_700,b_787,b_697,b_273,b_115,b_891,b_890,b_549	/home/miguel/IBE-UPF/TFM/Master_projects/PhyloPhere/Data/6.CAAS_traitfiles/Ranked/df4_sp.tab
AAAS@298	0	1000	0.0		/home/miguel/IBE-UPF/TFM/Master_projects/PhyloPhere/Data/6.CAAS_traitfiles/Ranked/df4_sp.tab
AAAS@305	0	1000	0.0		/home/miguel/IBE-UPF/TFM/Master_projects/PhyloPhere/Data/6.CAAS_traitfiles/Ranked/df4_sp.tab
AAAS@323	0	1000	0.0		/home/miguel/IBE-UPF/TFM/Master_projects/PhyloPhere/Data/6.CAAS_traitfiles/Ranked/df4_sp.tab
AAAS@326	0	1000	0.0		/home/miguel/IBE-UPF/TFM/Master_projects/PhyloPhere/Data/6.CAAS_traitfiles/Ranked/df4_sp.tab
AAAS@337	0	1000	0.0		/home/miguel/IBE-UPF/TFM/Master_projects/PhyloPhere/Data/6.CAAS_traitfiles/Ranked/df4_sp.tab
AAAS@342	0	1000	0.0		/home/miguel/IBE-UPF/TFM/Master_projects/PhyloPhere/Data/6.CAAS_traitfiles/Ranked/df4_sp.tab
AAAS@346	25	1000	0.025	b_104,b_908,b_718,b_167,b_710,b_110,b_415,b_366,b_172,b_608,b_806,b_861,b_556,b_243,b_790,b_992,b_894,b_139,b_147,b_796,b_208,b_697,b_890,b_767,b_549	/home/miguel/IBE-UPF/TFM/Master_projects/PhyloPhere/Data/6.CAAS_traitfiles/Ranked/df4_sp.tab
AAAS@350	0	1000	0.0		/home/miguel/IBE-UPF/TFM/Master_projects/PhyloPhere/Data/6.CAAS_traitfiles/Ranked/df4_sp.tab
AAAS@351	0	1000	0.0		/home/miguel/IBE-UPF/TFM/Master_projects/PhyloPhere/Data/6.CAAS_traitfiles/Ranked/df4_sp.tab
AAAS@353	24	1000	0.024	b_71,b_882,b_411,b_226,b_262,b_782,b_578,b_609,b_351,b_244,b_38,b_670,b_941,b_780,b_414,b_254,b_666,b_197,b_429,b_809,b_533,b_184,b_545,b_962	/home/miguel/IBE-UPF/TFM/Master_projects/PhyloPhere/Data/6.CAAS_traitfiles/Ranked/df4_sp.tab
AAAS@369	0	1000	0.0		/home/miguel/IBE-UPF/TFM/Master_projects/PhyloPhere/Data/6.CAAS_traitfiles/Ranked/df4_sp.tab
AAAS@371	0	1000	0.0		/home/miguel/IBE-UPF/TFM/Master_projects/PhyloPhere/Data/6.CAAS_traitfiles/Ranked/df4_sp.tab
AAAS@372	0	1000	0.0		/home/miguel/IBE-UPF/TFM/Master_projects/PhyloPhere/Data/6.CAAS_traitfiles/Ranked/df4_sp.tab
AAAS@375	0	1000	0.0		/home/miguel/IBE-UPF/TFM/Master_projects/PhyloPhere/Data/6.CAAS_traitfiles/Ranked/df4_sp.tab
AAAS@377	0	1000	0.0		/home/miguel/IBE-UPF/TFM/Master_projects/PhyloPhere/Data/6.CAAS_traitfiles/Ranked/df4_sp.tab
AAAS@378	0	1000	0.0		/home/miguel/IBE-UPF/TFM/Master_projects/PhyloPhere/Data/6.CAAS_traitfiles/Ranked/df4_sp.tab
AAAS@384	0	1000	0.0		/home/miguel/IBE-UPF/TFM/Master_projects/PhyloPhere/Data/6.CAAS_traitfiles/Ranked/df4_sp.tab
AAAS@404	0	1000	0.0		/home/miguel/IBE-UPF/TFM/Master_projects/PhyloPhere/Data/6.CAAS_traitfiles/Ranked/df4_sp.tab
AAAS@408	0	1000	0.0		/home/miguel/IBE-UPF/TFM/Master_projects/PhyloPhere/Data/6.CAAS_traitfiles/Ranked/df4_sp.tab
AAAS@410	0	1000	0.0		/home/miguel/IBE-UPF/TFM/Master_projects/PhyloPhere/Data/6.CAAS_traitfiles/Ranked/df4_sp.tab
AAAS@414	0	1000	0.0		/home/miguel/IBE-UPF/TFM/Master_projects/PhyloPhere/Data/6.CAAS_traitfiles/Ranked/df4_sp.tab
AAAS@417	36	1000	0.036	b_411,b_161,b_948,b_367,b_658,b_262,b_264,b_388,b_251,b_609,b_878,b_244,b_513,b_38,b_670,b_171,b_780,b_997,b_876,b_363,b_414,b_633,b_807,b_113,b_610,b_481,b_903,b_392,b_240,b_809,b_533,b_663,b_184,b_75,b_719,b_962	/home/miguel/IBE-UPF/TFM/Master_projects/PhyloPhere/Data/6.CAAS_traitfiles/Ranked/df4_sp.tab
AAAS@421	0	1000	0.0		/home/miguel/IBE-UPF/TFM/Master_projects/PhyloPhere/Data/6.CAAS_traitfiles/Ranked/df4_sp.tab
AAAS@431	26	1000	0.026	b_384,b_882,b_376,b_744,b_236,b_373,b_578,b_715,b_351,b_385,b_501,b_665,b_626,b_780,b_278,b_522,b_666,b_265,b_350,b_596,b_502,b_451,b_978,b_812,b_968,b_962	/home/miguel/IBE-UPF/TFM/Master_projects/PhyloPhere/Data/6.CAAS_traitfiles/Ranked/df4_sp.tab
AAAS@436	0	1000	0.0		/home/miguel/IBE-UPF/TFM/Master_projects/PhyloPhere/Data/6.CAAS_traitfiles/Ranked/df4_sp.tab
AAAS@437	12	1000	0.012	b_538,b_605,b_65,b_919,b_353,b_699,b_807,b_812,b_577,b_932,b_875,b_334	/home/miguel/IBE-UPF/TFM/Master_projects/PhyloPhere/Data/6.CAAS_traitfiles/Ranked/df4_sp.tab
AAAS@440	22	1000	0.022	b_71,b_448,b_444,b_43,b_578,b_609,b_351,b_574,b_670,b_941,b_780,b_647,b_85,b_414,b_254,b_475,b_666,b_188,b_703,b_545,b_123,b_962	/home/miguel/IBE-UPF/TFM/Master_projects/PhyloPhere/Data/6.CAAS_traitfiles/Ranked/df4_sp.tab
AAAS@442	0	1000	0.0		/home/miguel/IBE-UPF/TFM/Master_projects/PhyloPhere/Data/6.CAAS_traitfiles/Ranked/df4_sp.tab
AAAS@444	0	1000	0.0		/home/miguel/IBE-UPF/TFM/Master_projects/PhyloPhere/Data/6.CAAS_traitfiles/Ranked/df4_sp.tab
AAAS@450	0	1000	0.0		/home/miguel/IBE-UPF/TFM/Master_projects/PhyloPhere/Data/6.CAAS_traitfiles/Ranked/df4_sp.tab
AAAS@451	0	1000	0.0		/home/miguel/IBE-UPF/TFM/Master_projects/PhyloPhere/Data/6.CAAS_traitfiles/Ranked/df4_sp.tab
AAAS@458	22	1000	0.022	b_71,b_448,b_444,b_43,b_578,b_609,b_351,b_574,b_670,b_941,b_780,b_647,b_85,b_414,b_254,b_475,b_666,b_188,b_703,b_545,b_123,b_962	/home/miguel/IBE-UPF/TFM/Master_projects/PhyloPhere/Data/6.CAAS_traitfiles/Ranked/df4_sp.tab
AAAS@465	0	1000	0.0		/home/miguel/IBE-UPF/TFM/Master_projects/PhyloPhere/Data/6.CAAS_traitfiles/Ranked/df4_sp.tab
AAAS@481	0	1000	0.0		/home/miguel/IBE-UPF/TFM/Master_projects/PhyloPhere/Data/6.CAAS_traitfiles/Ranked/df4_sp.tab
AAAS@482	0	1000	0.0		/home/miguel/IBE-UPF/TFM/Master_projects/PhyloPhere/Data/6.CAAS_traitfiles/Ranked/df4_sp.tab
AAAS@483	0	1000	0.0		/home/miguel/IBE-UPF/TFM/Master_projects/PhyloPhere/Data/6.CAAS_traitfiles/Ranked/df4_sp.tab
AAAS@485	0	1000	0.0		/home/miguel/IBE-UPF/TFM/Master_projects/PhyloPhere/Data/6.CAAS_traitfiles/Ranked/df4_sp.tab
AAAS@487	0	1000	0.0		/home/miguel/IBE-UPF/TFM/Master_projects/PhyloPhere/Data/6.CAAS_traitfiles/Ranked/df4_sp.tab
AAAS@491	0	1000	0.0		/home/miguel/IBE-UPF/TFM/Master_projects/PhyloPhere/Data/6.CAAS_traitfiles/Ranked/df4_sp.tab
AAAS@495	22	1000	0.022	b_71,b_448,b_444,b_43,b_578,b_609,b_351,b_574,b_670,b_941,b_780,b_647,b_85,b_414,b_254,b_475,b_666,b_188,b_703,b_545,b_123,b_962	/home/miguel/IBE-UPF/TFM/Master_projects/PhyloPhere/Data/6.CAAS_traitfiles/Ranked/df4_sp.tab
AAAS@496	25	1000	0.025	b_104,b_908,b_718,b_167,b_710,b_110,b_415,b_366,b_608,b_172,b_806,b_861,b_556,b_243,b_790,b_992,b_894,b_139,b_147,b_796,b_208,b_697,b_890,b_767,b_549	/home/miguel/IBE-UPF/TFM/Master_projects/PhyloPhere/Data/6.CAAS_traitfiles/Ranked/df4_sp.tab
AAAS@497	0	1000	0.0		/home/miguel/IBE-UPF/TFM/Master_projects/PhyloPhere/Data/6.CAAS_traitfiles/Ranked/df4_sp.tab
AAAS@498	64	1000	0.064	b_453,b_376,b_970,b_217,b_605,b_993,b_880,b_948,b_367,b_10,b_680,b_373,b_65,b_913,b_388,b_919,b_244,b_67,b_636,b_810,b_385,b_38,b_353,b_325,b_665,b_335,b_780,b_997,b_140,b_363,b_935,b_633,b_86,b_485,b_7,b_743,b_165,b_699,b_807,b_265,b_484,b_610,b_451,b_481,b_903,b_392,b_240,b_812,b_135,b_577,b_663,b_841,b_989,b_932,b_725,b_589,b_875,b_719,b_844,b_735,b_21,b_962,b_334,b_34	/home/miguel/IBE-UPF/TFM/Master_projects/PhyloPhere/Data/6.CAAS_traitfiles/Ranked/df4_sp.tab
AAAS@506	0	1000	0.0		/home/miguel/IBE-UPF/TFM/Master_projects/PhyloPhere/Data/6.CAAS_traitfiles/Ranked/df4_sp.tab
AAAS@507	79	1000	0.079	b_971,b_453,b_726,b_376,b_970,b_953,b_217,b_605,b_993,b_880,b_367,b_948,b_10,b_680,b_116,b_373,b_65,b_913,b_388,b_460,b_919,b_244,b_67,b_636,b_810,b_385,b_571,b_38,b_353,b_325,b_665,b_335,b_780,b_835,b_997,b_140,b_363,b_935,b_633,b_86,b_485,b_7,b_743,b_165,b_942,b_699,b_807,b_265,b_484,b_610,b_451,b_481,b_903,b_392,b_240,b_812,b_135,b_577,b_663,b_841,b_208,b_989,b_6,b_932,b_668,b_348,b_725,b_649,b_589,b_449,b_875,b_639,b_719,b_844,b_735,b_21,b_962,b_334,b_34	/home/miguel/IBE-UPF/TFM/Master_projects/PhyloPhere/Data/6.CAAS_traitfiles/Ranked/df4_sp.tab
AAAS@508	22	1000	0.022	b_71,b_448,b_444,b_43,b_578,b_609,b_351,b_574,b_670,b_941,b_780,b_647,b_85,b_414,b_254,b_475,b_666,b_188,b_703,b_545,b_123,b_962	/home/miguel/IBE-UPF/TFM/Master_projects/PhyloPhere/Data/6.CAAS_traitfiles/Ranked/df4_sp.tab
AAAS@509	0	1000	0.0		/home/miguel/IBE-UPF/TFM/Master_projects/PhyloPhere/Data/6.CAAS_traitfiles/Ranked/df4_sp.tab
AAAS@511	0	1000	0.0		/home/miguel/IBE-UPF/TFM/Master_projects/PhyloPhere/Data/6.CAAS_traitfiles/Ranked/df4_sp.tab
AAAS@512	0	1000	0.0		/home/miguel/IBE-UPF/TFM/Master_projects/PhyloPhere/Data/6.CAAS_traitfiles/Ranked/df4_sp.tab
AAAS@513	0	1000	0.0		/home/miguel/IBE-UPF/TFM/Master_projects/PhyloPhere/Data/6.CAAS_traitfiles/Ranked/df4_sp.tab
AAAS@514	0	1000	0.0		/home/miguel/IBE-UPF/TFM/Master_projects/PhyloPhere/Data/6.CAAS_traitfiles/Ranked/df4_sp.tab
AAAS@515	0	1000	0.0		/home/miguel/IBE-UPF/TFM/Master_projects/PhyloPhere/Data/6.CAAS_traitfiles/Ranked/df4_sp.tab
AAAS@517	12	1000	0.012	b_538,b_605,b_65,b_919,b_353,b_699,b_807,b_812,b_577,b_932,b_875,b_334	/home/miguel/IBE-UPF/TFM/Master_projects/PhyloPhere/Data/6.CAAS_traitfiles/Ranked/df4_sp.tab
AAAS@520	39	1000	0.039	b_376,b_562,b_970,b_217,b_605,b_993,b_10,b_373,b_65,b_919,b_244,b_636,b_385,b_353,b_325,b_665,b_780,b_86,b_7,b_743,b_421,b_699,b_807,b_265,b_451,b_903,b_392,b_240,b_812,b_577,b_663,b_841,b_932,b_875,b_844,b_735,b_962,b_334,b_998	/home/miguel/IBE-UPF/TFM/Master_projects/PhyloPhere/Data/6.CAAS_traitfiles/Ranked/df4_sp.tab
AAAS@522	22	1000	0.022	b_71,b_448,b_444,b_43,b_578,b_609,b_351,b_574,b_670,b_941,b_780,b_647,b_85,b_414,b_254,b_475,b_666,b_188,b_703,b_545,b_123,b_962	/home/miguel/IBE-UPF/TFM/Master_projects/PhyloPhere/Data/6.CAAS_traitfiles/Ranked/df4_sp.tab
AAAS@523	22	1000	0.022	b_71,b_448,b_444,b_43,b_578,b_609,b_351,b_574,b_670,b_941,b_780,b_647,b_85,b_414,b_254,b_475,b_666,b_188,b_703,b_545,b_123,b_962	/home/miguel/IBE-UPF/TFM/Master_projects/PhyloPhere/Data/6.CAAS_traitfiles/Ranked/df4_sp.tab
AAAS@524	0	1000	0.0		/home/miguel/IBE-UPF/TFM/Master_projects/PhyloPhere/Data/6.CAAS_traitfiles/Ranked/df4_sp.tab
AAAS@527	0	1000	0.0		/home/miguel/IBE-UPF/TFM/Master_projects/PhyloPhere/Data/6.CAAS_traitfiles/Ranked/df4_sp.tab
AAAS@529	9	1000	0.009	b_317,b_923,b_111,b_899,b_548,b_315,b_47,b_510,b_890	/home/miguel/IBE-UPF/TFM/Master_projects/PhyloPhere/Data/6.CAAS_traitfiles/Ranked/df4_sp.tab
AAAS@531	0	1000	0.0		/home/miguel/IBE-UPF/TFM/Master_projects/PhyloPhere/Data/6.CAAS_traitfiles/Ranked/df4_sp.tab
