AADACL4@2	12	1000	0.012	b_728,b_373,b_208,b_103,b_562,b_39,b_881,b_705,b_916,b_928,b_996,b_412	/home/miguel/IBE-UPF/TFM/Master_projects/PhyloPhere/Data/6.CAAS_traitfiles/Ranked/df4_sp.tab
AADACL4@3	14	1000	0.014	b_417,b_839,b_915,b_254,b_475,b_430,b_246,b_551,b_341,b_454,b_954,b_84,b_123,b_85	/home/miguel/IBE-UPF/TFM/Master_projects/PhyloPhere/Data/6.CAAS_traitfiles/Ranked/df4_sp.tab
AADACL4@4	0	1000	0.0		/home/miguel/IBE-UPF/TFM/Master_projects/PhyloPhere/Data/6.CAAS_traitfiles/Ranked/df4_sp.tab
AADACL4@6	0	1000	0.0		/home/miguel/IBE-UPF/TFM/Master_projects/PhyloPhere/Data/6.CAAS_traitfiles/Ranked/df4_sp.tab
AADACL4@7	0	1000	0.0		/home/miguel/IBE-UPF/TFM/Master_projects/PhyloPhere/Data/6.CAAS_traitfiles/Ranked/df4_sp.tab
AADACL4@8	0	1000	0.0		/home/miguel/IBE-UPF/TFM/Master_projects/PhyloPhere/Data/6.CAAS_traitfiles/Ranked/df4_sp.tab
AADACL4@9	0	1000	0.0		/home/miguel/IBE-UPF/TFM/Master_projects/PhyloPhere/Data/6.CAAS_traitfiles/Ranked/df4_sp.tab
AADACL4@10	0	1000	0.0		/home/miguel/IBE-UPF/TFM/Master_projects/PhyloPhere/Data/6.CAAS_traitfiles/Ranked/df4_sp.tab
AADACL4@12	0	1000	0.0		/home/miguel/IBE-UPF/TFM/Master_projects/PhyloPhere/Data/6.CAAS_traitfiles/Ranked/df4_sp.tab
AADACL4@13	27	1000	0.027	b_217,b_735,b_274,b_350,b_208,b_700,b_273,b_10,b_284,b_710,b_688,b_244,b_415,b_52,b_751,b_742,b_385,b_812,b_942,b_577,b_605,b_841,b_6,b_115,b_376,b_699,b_996	/home/miguel/IBE-UPF/TFM/Master_projects/PhyloPhere/Data/6.CAAS_traitfiles/Ranked/df4_sp.tab
AADACL4@14	0	1000	0.0		/home/miguel/IBE-UPF/TFM/Master_projects/PhyloPhere/Data/6.CAAS_traitfiles/Ranked/df4_sp.tab
AADACL4@15	0	1000	0.0		/home/miguel/IBE-UPF/TFM/Master_projects/PhyloPhere/Data/6.CAAS_traitfiles/Ranked/df4_sp.tab
AADACL4@17	0	1000	0.0		/home/miguel/IBE-UPF/TFM/Master_projects/PhyloPhere/Data/6.CAAS_traitfiles/Ranked/df4_sp.tab
AADACL4@18	0	1000	0.0		/home/miguel/IBE-UPF/TFM/Master_projects/PhyloPhere/Data/6.CAAS_traitfiles/Ranked/df4_sp.tab
AADACL4@19	0	1000	0.0		/home/miguel/IBE-UPF/TFM/Master_projects/PhyloPhere/Data/6.CAAS_traitfiles/Ranked/df4_sp.tab
AADACL4@21	3	1000	0.003	b_882,b_429,b_262	/home/miguel/IBE-UPF/TFM/Master_projects/PhyloPhere/Data/6.CAAS_traitfiles/Ranked/df4_sp.tab
AADACL4@22	0	1000	0.0		/home/miguel/IBE-UPF/TFM/Master_projects/PhyloPhere/Data/6.CAAS_traitfiles/Ranked/df4_sp.tab
AADACL4@23	0	1000	0.0		/home/miguel/IBE-UPF/TFM/Master_projects/PhyloPhere/Data/6.CAAS_traitfiles/Ranked/df4_sp.tab
AADACL4@26	0	1000	0.0		/home/miguel/IBE-UPF/TFM/Master_projects/PhyloPhere/Data/6.CAAS_traitfiles/Ranked/df4_sp.tab
AADACL4@27	12	1000	0.012	b_666,b_670,b_254,b_475,b_703,b_574,b_188,b_351,b_941,b_71,b_123,b_85	/home/miguel/IBE-UPF/TFM/Master_projects/PhyloPhere/Data/6.CAAS_traitfiles/Ranked/df4_sp.tab
AADACL4@29	45	1000	0.045	b_77,b_735,b_86,b_570,b_396,b_926,b_863,b_649,b_317,b_353,b_40,b_457,b_475,b_700,b_284,b_694,b_688,b_415,b_751,b_970,b_250,b_510,b_580,b_976,b_287,b_805,b_890,b_489,b_94,b_720,b_286,b_841,b_238,b_761,b_828,b_115,b_218,b_98,b_361,b_461,b_526,b_196,b_806,b_311,b_202	/home/miguel/IBE-UPF/TFM/Master_projects/PhyloPhere/Data/6.CAAS_traitfiles/Ranked/df4_sp.tab
AADACL4@30	0	1000	0.0		/home/miguel/IBE-UPF/TFM/Master_projects/PhyloPhere/Data/6.CAAS_traitfiles/Ranked/df4_sp.tab
AADACL4@31	1	1000	0.001	b_392	/home/miguel/IBE-UPF/TFM/Master_projects/PhyloPhere/Data/6.CAAS_traitfiles/Ranked/df4_sp.tab
AADACL4@33	5	1000	0.005	b_110,b_82,b_254,b_640,b_19	/home/miguel/IBE-UPF/TFM/Master_projects/PhyloPhere/Data/6.CAAS_traitfiles/Ranked/df4_sp.tab
AADACL4@34	5	1000	0.005	b_670,b_475,b_574,b_941,b_71	/home/miguel/IBE-UPF/TFM/Master_projects/PhyloPhere/Data/6.CAAS_traitfiles/Ranked/df4_sp.tab
AADACL4@35	26	1000	0.026	b_217,b_735,b_86,b_353,b_373,b_10,b_804,b_446,b_244,b_65,b_970,b_59,b_392,b_919,b_385,b_812,b_932,b_577,b_605,b_841,b_875,b_334,b_376,b_807,b_743,b_699	/home/miguel/IBE-UPF/TFM/Master_projects/PhyloPhere/Data/6.CAAS_traitfiles/Ranked/df4_sp.tab
AADACL4@36	0	1000	0.0		/home/miguel/IBE-UPF/TFM/Master_projects/PhyloPhere/Data/6.CAAS_traitfiles/Ranked/df4_sp.tab
AADACL4@37	23	1000	0.023	b_217,b_735,b_86,b_353,b_373,b_10,b_244,b_65,b_970,b_392,b_919,b_385,b_812,b_932,b_577,b_605,b_841,b_875,b_334,b_376,b_807,b_743,b_699	/home/miguel/IBE-UPF/TFM/Master_projects/PhyloPhere/Data/6.CAAS_traitfiles/Ranked/df4_sp.tab
AADACL4@38	23	1000	0.023	b_217,b_735,b_86,b_353,b_373,b_10,b_244,b_65,b_970,b_392,b_919,b_385,b_812,b_932,b_577,b_605,b_841,b_875,b_334,b_376,b_807,b_743,b_699	/home/miguel/IBE-UPF/TFM/Master_projects/PhyloPhere/Data/6.CAAS_traitfiles/Ranked/df4_sp.tab
AADACL4@39	0	1000	0.0		/home/miguel/IBE-UPF/TFM/Master_projects/PhyloPhere/Data/6.CAAS_traitfiles/Ranked/df4_sp.tab
AADACL4@41	0	1000	0.0		/home/miguel/IBE-UPF/TFM/Master_projects/PhyloPhere/Data/6.CAAS_traitfiles/Ranked/df4_sp.tab
AADACL4@43	23	1000	0.023	b_217,b_735,b_86,b_353,b_373,b_10,b_244,b_65,b_970,b_392,b_919,b_385,b_812,b_932,b_577,b_605,b_841,b_875,b_334,b_376,b_807,b_743,b_699	/home/miguel/IBE-UPF/TFM/Master_projects/PhyloPhere/Data/6.CAAS_traitfiles/Ranked/df4_sp.tab
AADACL4@47	15	1000	0.015	b_110,b_82,b_520,b_360,b_695,b_52,b_812,b_745,b_279,b_577,b_321,b_507,b_238,b_807,b_361	/home/miguel/IBE-UPF/TFM/Master_projects/PhyloPhere/Data/6.CAAS_traitfiles/Ranked/df4_sp.tab
AADACL4@51	14	1000	0.014	b_217,b_666,b_114,b_670,b_254,b_475,b_703,b_885,b_188,b_351,b_941,b_71,b_123,b_85	/home/miguel/IBE-UPF/TFM/Master_projects/PhyloPhere/Data/6.CAAS_traitfiles/Ranked/df4_sp.tab
AADACL4@52	29	1000	0.029	b_217,b_345,b_735,b_86,b_353,b_373,b_475,b_10,b_244,b_65,b_970,b_59,b_392,b_919,b_385,b_250,b_812,b_932,b_577,b_605,b_841,b_875,b_394,b_334,b_53,b_376,b_807,b_743,b_699	/home/miguel/IBE-UPF/TFM/Master_projects/PhyloPhere/Data/6.CAAS_traitfiles/Ranked/df4_sp.tab
AADACL4@53	0	1000	0.0		/home/miguel/IBE-UPF/TFM/Master_projects/PhyloPhere/Data/6.CAAS_traitfiles/Ranked/df4_sp.tab
AADACL4@54	0	1000	0.0		/home/miguel/IBE-UPF/TFM/Master_projects/PhyloPhere/Data/6.CAAS_traitfiles/Ranked/df4_sp.tab
AADACL4@56	4	1000	0.004	b_475,b_188,b_941,b_71	/home/miguel/IBE-UPF/TFM/Master_projects/PhyloPhere/Data/6.CAAS_traitfiles/Ranked/df4_sp.tab
AADACL4@58	23	1000	0.023	b_217,b_735,b_86,b_353,b_373,b_10,b_244,b_65,b_970,b_392,b_919,b_385,b_812,b_932,b_577,b_605,b_841,b_875,b_334,b_376,b_807,b_743,b_699	/home/miguel/IBE-UPF/TFM/Master_projects/PhyloPhere/Data/6.CAAS_traitfiles/Ranked/df4_sp.tab
AADACL4@61	0	1000	0.0		/home/miguel/IBE-UPF/TFM/Master_projects/PhyloPhere/Data/6.CAAS_traitfiles/Ranked/df4_sp.tab
AADACL4@67	0	1000	0.0		/home/miguel/IBE-UPF/TFM/Master_projects/PhyloPhere/Data/6.CAAS_traitfiles/Ranked/df4_sp.tab
AADACL4@70	36	1000	0.036	b_288,b_371,b_891,b_82,b_926,b_274,b_739,b_475,b_273,b_284,b_899,b_415,b_52,b_751,b_338,b_29,b_543,b_250,b_703,b_510,b_574,b_308,b_315,b_805,b_94,b_286,b_47,b_841,b_787,b_462,b_115,b_361,b_129,b_645,b_996,b_202	/home/miguel/IBE-UPF/TFM/Master_projects/PhyloPhere/Data/6.CAAS_traitfiles/Ranked/df4_sp.tab
AADACL4@71	0	1000	0.0		/home/miguel/IBE-UPF/TFM/Master_projects/PhyloPhere/Data/6.CAAS_traitfiles/Ranked/df4_sp.tab
AADACL4@73	0	1000	0.0		/home/miguel/IBE-UPF/TFM/Master_projects/PhyloPhere/Data/6.CAAS_traitfiles/Ranked/df4_sp.tab
AADACL4@76	12	1000	0.012	b_666,b_670,b_254,b_475,b_703,b_574,b_188,b_351,b_941,b_71,b_123,b_85	/home/miguel/IBE-UPF/TFM/Master_projects/PhyloPhere/Data/6.CAAS_traitfiles/Ranked/df4_sp.tab
AADACL4@77	22	1000	0.022	b_908,b_790,b_86,b_570,b_40,b_475,b_694,b_767,b_688,b_415,b_52,b_616,b_751,b_94,b_720,b_841,b_218,b_84,b_139,b_806,b_558,b_202	/home/miguel/IBE-UPF/TFM/Master_projects/PhyloPhere/Data/6.CAAS_traitfiles/Ranked/df4_sp.tab
AADACL4@78	0	1000	0.0		/home/miguel/IBE-UPF/TFM/Master_projects/PhyloPhere/Data/6.CAAS_traitfiles/Ranked/df4_sp.tab
AADACL4@79	4	1000	0.004	b_475,b_188,b_941,b_71	/home/miguel/IBE-UPF/TFM/Master_projects/PhyloPhere/Data/6.CAAS_traitfiles/Ranked/df4_sp.tab
AADACL4@80	0	1000	0.0		/home/miguel/IBE-UPF/TFM/Master_projects/PhyloPhere/Data/6.CAAS_traitfiles/Ranked/df4_sp.tab
AADACL4@83	0	1000	0.0		/home/miguel/IBE-UPF/TFM/Master_projects/PhyloPhere/Data/6.CAAS_traitfiles/Ranked/df4_sp.tab
AADACL4@84	12	1000	0.012	b_666,b_670,b_254,b_475,b_703,b_574,b_188,b_351,b_941,b_71,b_123,b_85	/home/miguel/IBE-UPF/TFM/Master_projects/PhyloPhere/Data/6.CAAS_traitfiles/Ranked/df4_sp.tab
AADACL4@86	11	1000	0.011	b_353,b_65,b_919,b_812,b_932,b_577,b_605,b_875,b_334,b_807,b_699	/home/miguel/IBE-UPF/TFM/Master_projects/PhyloPhere/Data/6.CAAS_traitfiles/Ranked/df4_sp.tab
AADACL4@89	12	1000	0.012	b_666,b_670,b_254,b_475,b_703,b_574,b_188,b_351,b_941,b_71,b_123,b_85	/home/miguel/IBE-UPF/TFM/Master_projects/PhyloPhere/Data/6.CAAS_traitfiles/Ranked/df4_sp.tab
AADACL4@91	0	1000	0.0		/home/miguel/IBE-UPF/TFM/Master_projects/PhyloPhere/Data/6.CAAS_traitfiles/Ranked/df4_sp.tab
AADACL4@95	0	1000	0.0		/home/miguel/IBE-UPF/TFM/Master_projects/PhyloPhere/Data/6.CAAS_traitfiles/Ranked/df4_sp.tab
AADACL4@104	0	1000	0.0		/home/miguel/IBE-UPF/TFM/Master_projects/PhyloPhere/Data/6.CAAS_traitfiles/Ranked/df4_sp.tab
AADACL4@106	0	1000	0.0		/home/miguel/IBE-UPF/TFM/Master_projects/PhyloPhere/Data/6.CAAS_traitfiles/Ranked/df4_sp.tab
AADACL4@107	0	1000	0.0		/home/miguel/IBE-UPF/TFM/Master_projects/PhyloPhere/Data/6.CAAS_traitfiles/Ranked/df4_sp.tab
AADACL4@108	0	1000	0.0		/home/miguel/IBE-UPF/TFM/Master_projects/PhyloPhere/Data/6.CAAS_traitfiles/Ranked/df4_sp.tab
AADACL4@109	18	1000	0.018	b_217,b_86,b_353,b_10,b_804,b_446,b_65,b_970,b_59,b_919,b_385,b_812,b_932,b_605,b_841,b_875,b_807,b_699	/home/miguel/IBE-UPF/TFM/Master_projects/PhyloPhere/Data/6.CAAS_traitfiles/Ranked/df4_sp.tab
AADACL4@121	65	1000	0.065	b_77,b_217,b_735,b_891,b_796,b_908,b_110,b_790,b_82,b_86,b_396,b_926,b_274,b_317,b_353,b_40,b_373,b_475,b_700,b_273,b_10,b_284,b_694,b_710,b_688,b_244,b_136,b_415,b_52,b_65,b_751,b_29,b_970,b_392,b_919,b_385,b_250,b_703,b_510,b_812,b_976,b_574,b_890,b_932,b_577,b_94,b_605,b_47,b_841,b_787,b_875,b_334,b_462,b_115,b_376,b_807,b_743,b_361,b_129,b_645,b_526,b_139,b_699,b_806,b_202	/home/miguel/IBE-UPF/TFM/Master_projects/PhyloPhere/Data/6.CAAS_traitfiles/Ranked/df4_sp.tab
AADACL4@122	5	1000	0.005	b_666,b_703,b_351,b_123,b_85	/home/miguel/IBE-UPF/TFM/Master_projects/PhyloPhere/Data/6.CAAS_traitfiles/Ranked/df4_sp.tab
AADACL4@126	0	1000	0.0		/home/miguel/IBE-UPF/TFM/Master_projects/PhyloPhere/Data/6.CAAS_traitfiles/Ranked/df4_sp.tab
AADACL4@128	2	1000	0.002	b_110,b_19	/home/miguel/IBE-UPF/TFM/Master_projects/PhyloPhere/Data/6.CAAS_traitfiles/Ranked/df4_sp.tab
AADACL4@131	12	1000	0.012	b_666,b_670,b_254,b_475,b_703,b_574,b_188,b_351,b_941,b_71,b_123,b_85	/home/miguel/IBE-UPF/TFM/Master_projects/PhyloPhere/Data/6.CAAS_traitfiles/Ranked/df4_sp.tab
AADACL4@132	0	1000	0.0		/home/miguel/IBE-UPF/TFM/Master_projects/PhyloPhere/Data/6.CAAS_traitfiles/Ranked/df4_sp.tab
AADACL4@134	11	1000	0.011	b_254,b_475,b_305,b_750,b_703,b_574,b_188,b_551,b_84,b_123,b_85	/home/miguel/IBE-UPF/TFM/Master_projects/PhyloPhere/Data/6.CAAS_traitfiles/Ranked/df4_sp.tab
AADACL4@135	74	1000	0.074	b_77,b_217,b_735,b_891,b_796,b_908,b_110,b_790,b_666,b_82,b_86,b_396,b_926,b_274,b_317,b_353,b_40,b_373,b_670,b_254,b_475,b_700,b_273,b_10,b_284,b_694,b_710,b_688,b_244,b_136,b_415,b_52,b_65,b_751,b_29,b_970,b_392,b_919,b_385,b_250,b_703,b_510,b_812,b_976,b_574,b_188,b_890,b_932,b_577,b_94,b_605,b_47,b_841,b_787,b_875,b_334,b_351,b_462,b_115,b_376,b_941,b_807,b_743,b_361,b_129,b_645,b_526,b_71,b_123,b_85,b_139,b_699,b_806,b_202	/home/miguel/IBE-UPF/TFM/Master_projects/PhyloPhere/Data/6.CAAS_traitfiles/Ranked/df4_sp.tab
AADACL4@138	4	1000	0.004	b_475,b_188,b_941,b_71	/home/miguel/IBE-UPF/TFM/Master_projects/PhyloPhere/Data/6.CAAS_traitfiles/Ranked/df4_sp.tab
AADACL4@141	0	1000	0.0		/home/miguel/IBE-UPF/TFM/Master_projects/PhyloPhere/Data/6.CAAS_traitfiles/Ranked/df4_sp.tab
AADACL4@146	0	1000	0.0		/home/miguel/IBE-UPF/TFM/Master_projects/PhyloPhere/Data/6.CAAS_traitfiles/Ranked/df4_sp.tab
AADACL4@147	0	1000	0.0		/home/miguel/IBE-UPF/TFM/Master_projects/PhyloPhere/Data/6.CAAS_traitfiles/Ranked/df4_sp.tab
AADACL4@151	17	1000	0.017	b_735,b_353,b_373,b_244,b_65,b_970,b_392,b_919,b_812,b_932,b_577,b_605,b_841,b_875,b_334,b_807,b_699	/home/miguel/IBE-UPF/TFM/Master_projects/PhyloPhere/Data/6.CAAS_traitfiles/Ranked/df4_sp.tab
AADACL4@152	20	1000	0.02	b_226,b_782,b_251,b_882,b_670,b_411,b_112,b_244,b_392,b_876,b_738,b_704,b_429,b_651,b_884,b_941,b_533,b_197,b_71,b_262	/home/miguel/IBE-UPF/TFM/Master_projects/PhyloPhere/Data/6.CAAS_traitfiles/Ranked/df4_sp.tab
AADACL4@155	0	1000	0.0		/home/miguel/IBE-UPF/TFM/Master_projects/PhyloPhere/Data/6.CAAS_traitfiles/Ranked/df4_sp.tab
AADACL4@156	0	1000	0.0		/home/miguel/IBE-UPF/TFM/Master_projects/PhyloPhere/Data/6.CAAS_traitfiles/Ranked/df4_sp.tab
AADACL4@157	3	1000	0.003	b_666,b_210,b_703	/home/miguel/IBE-UPF/TFM/Master_projects/PhyloPhere/Data/6.CAAS_traitfiles/Ranked/df4_sp.tab
AADACL4@159	0	1000	0.0		/home/miguel/IBE-UPF/TFM/Master_projects/PhyloPhere/Data/6.CAAS_traitfiles/Ranked/df4_sp.tab
AADACL4@160	34	1000	0.034	b_77,b_110,b_790,b_728,b_82,b_396,b_863,b_274,b_317,b_915,b_475,b_700,b_370,b_273,b_710,b_688,b_136,b_246,b_392,b_703,b_469,b_510,b_111,b_574,b_287,b_890,b_47,b_841,b_462,b_361,b_645,b_139,b_806,b_202	/home/miguel/IBE-UPF/TFM/Master_projects/PhyloPhere/Data/6.CAAS_traitfiles/Ranked/df4_sp.tab
AADACL4@161	51	1000	0.051	b_371,b_891,b_110,b_790,b_685,b_666,b_82,b_926,b_274,b_317,b_353,b_40,b_254,b_475,b_273,b_899,b_415,b_52,b_65,b_338,b_919,b_250,b_703,b_510,b_812,b_574,b_188,b_148,b_19,b_890,b_932,b_577,b_489,b_94,b_605,b_47,b_875,b_238,b_334,b_115,b_941,b_807,b_129,b_645,b_626,b_526,b_139,b_699,b_806,b_311,b_202	/home/miguel/IBE-UPF/TFM/Master_projects/PhyloPhere/Data/6.CAAS_traitfiles/Ranked/df4_sp.tab
AADACL4@162	23	1000	0.023	b_217,b_735,b_86,b_353,b_373,b_10,b_244,b_65,b_970,b_392,b_919,b_385,b_812,b_932,b_577,b_605,b_841,b_875,b_334,b_376,b_807,b_743,b_699	/home/miguel/IBE-UPF/TFM/Master_projects/PhyloPhere/Data/6.CAAS_traitfiles/Ranked/df4_sp.tab
AADACL4@165	16	1000	0.016	b_666,b_670,b_254,b_475,b_305,b_750,b_703,b_574,b_188,b_551,b_351,b_941,b_84,b_71,b_123,b_85	/home/miguel/IBE-UPF/TFM/Master_projects/PhyloPhere/Data/6.CAAS_traitfiles/Ranked/df4_sp.tab
AADACL4@166	0	1000	0.0		/home/miguel/IBE-UPF/TFM/Master_projects/PhyloPhere/Data/6.CAAS_traitfiles/Ranked/df4_sp.tab
AADACL4@169	0	1000	0.0		/home/miguel/IBE-UPF/TFM/Master_projects/PhyloPhere/Data/6.CAAS_traitfiles/Ranked/df4_sp.tab
AADACL4@170	23	1000	0.023	b_217,b_735,b_86,b_353,b_373,b_10,b_244,b_65,b_970,b_392,b_919,b_385,b_812,b_932,b_577,b_605,b_841,b_875,b_334,b_376,b_807,b_743,b_699	/home/miguel/IBE-UPF/TFM/Master_projects/PhyloPhere/Data/6.CAAS_traitfiles/Ranked/df4_sp.tab
AADACL4@173	12	1000	0.012	b_666,b_670,b_254,b_475,b_703,b_574,b_188,b_351,b_941,b_71,b_123,b_85	/home/miguel/IBE-UPF/TFM/Master_projects/PhyloPhere/Data/6.CAAS_traitfiles/Ranked/df4_sp.tab
AADACL4@174	12	1000	0.012	b_666,b_670,b_254,b_475,b_703,b_574,b_188,b_351,b_941,b_71,b_123,b_85	/home/miguel/IBE-UPF/TFM/Master_projects/PhyloPhere/Data/6.CAAS_traitfiles/Ranked/df4_sp.tab
AADACL4@176	0	1000	0.0		/home/miguel/IBE-UPF/TFM/Master_projects/PhyloPhere/Data/6.CAAS_traitfiles/Ranked/df4_sp.tab
AADACL4@182	0	1000	0.0		/home/miguel/IBE-UPF/TFM/Master_projects/PhyloPhere/Data/6.CAAS_traitfiles/Ranked/df4_sp.tab
AADACL4@183	0	1000	0.0		/home/miguel/IBE-UPF/TFM/Master_projects/PhyloPhere/Data/6.CAAS_traitfiles/Ranked/df4_sp.tab
AADACL4@187	0	1000	0.0		/home/miguel/IBE-UPF/TFM/Master_projects/PhyloPhere/Data/6.CAAS_traitfiles/Ranked/df4_sp.tab
AADACL4@190	0	1000	0.0		/home/miguel/IBE-UPF/TFM/Master_projects/PhyloPhere/Data/6.CAAS_traitfiles/Ranked/df4_sp.tab
AADACL4@191	11	1000	0.011	b_353,b_65,b_919,b_812,b_932,b_577,b_605,b_875,b_334,b_807,b_699	/home/miguel/IBE-UPF/TFM/Master_projects/PhyloPhere/Data/6.CAAS_traitfiles/Ranked/df4_sp.tab
AADACL4@192	11	1000	0.011	b_802,b_717,b_457,b_295,b_241,b_111,b_885,b_890,b_765,b_941,b_478	/home/miguel/IBE-UPF/TFM/Master_projects/PhyloPhere/Data/6.CAAS_traitfiles/Ranked/df4_sp.tab
AADACL4@194	0	1000	0.0		/home/miguel/IBE-UPF/TFM/Master_projects/PhyloPhere/Data/6.CAAS_traitfiles/Ranked/df4_sp.tab
AADACL4@195	12	1000	0.012	b_666,b_670,b_254,b_475,b_703,b_574,b_188,b_351,b_941,b_71,b_123,b_85	/home/miguel/IBE-UPF/TFM/Master_projects/PhyloPhere/Data/6.CAAS_traitfiles/Ranked/df4_sp.tab
AADACL4@196	43	1000	0.043	b_88,b_891,b_796,b_763,b_908,b_110,b_790,b_602,b_353,b_556,b_694,b_767,b_958,b_804,b_710,b_415,b_65,b_29,b_970,b_59,b_324,b_510,b_163,b_890,b_459,b_932,b_94,b_982,b_608,b_222,b_132,b_807,b_866,b_209,b_731,b_129,b_924,b_762,b_172,b_154,b_139,b_806,b_202	/home/miguel/IBE-UPF/TFM/Master_projects/PhyloPhere/Data/6.CAAS_traitfiles/Ranked/df4_sp.tab
AADACL4@197	40	1000	0.04	b_217,b_735,b_86,b_677,b_581,b_317,b_353,b_373,b_739,b_10,b_284,b_244,b_136,b_562,b_52,b_65,b_970,b_392,b_919,b_385,b_510,b_812,b_932,b_577,b_720,b_605,b_841,b_787,b_875,b_835,b_334,b_828,b_376,b_218,b_807,b_668,b_743,b_635,b_699,b_412	/home/miguel/IBE-UPF/TFM/Master_projects/PhyloPhere/Data/6.CAAS_traitfiles/Ranked/df4_sp.tab
AADACL4@198	0	1000	0.0		/home/miguel/IBE-UPF/TFM/Master_projects/PhyloPhere/Data/6.CAAS_traitfiles/Ranked/df4_sp.tab
AADACL4@199	51	1000	0.051	b_371,b_891,b_110,b_790,b_685,b_666,b_661,b_82,b_602,b_353,b_40,b_670,b_254,b_475,b_899,b_767,b_415,b_52,b_65,b_29,b_919,b_703,b_510,b_574,b_188,b_483,b_148,b_19,b_890,b_932,b_577,b_489,b_94,b_47,b_608,b_875,b_238,b_334,b_351,b_462,b_941,b_807,b_129,b_71,b_123,b_85,b_139,b_699,b_806,b_311,b_202	/home/miguel/IBE-UPF/TFM/Master_projects/PhyloPhere/Data/6.CAAS_traitfiles/Ranked/df4_sp.tab
AADACL4@200	3	1000	0.003	b_735,b_460,b_835	/home/miguel/IBE-UPF/TFM/Master_projects/PhyloPhere/Data/6.CAAS_traitfiles/Ranked/df4_sp.tab
AADACL4@201	0	1000	0.0		/home/miguel/IBE-UPF/TFM/Master_projects/PhyloPhere/Data/6.CAAS_traitfiles/Ranked/df4_sp.tab
AADACL4@203	0	1000	0.0		/home/miguel/IBE-UPF/TFM/Master_projects/PhyloPhere/Data/6.CAAS_traitfiles/Ranked/df4_sp.tab
AADACL4@207	0	1000	0.0		/home/miguel/IBE-UPF/TFM/Master_projects/PhyloPhere/Data/6.CAAS_traitfiles/Ranked/df4_sp.tab
AADACL4@212	1	1000	0.001	b_909	/home/miguel/IBE-UPF/TFM/Master_projects/PhyloPhere/Data/6.CAAS_traitfiles/Ranked/df4_sp.tab
AADACL4@214	0	1000	0.0		/home/miguel/IBE-UPF/TFM/Master_projects/PhyloPhere/Data/6.CAAS_traitfiles/Ranked/df4_sp.tab
AADACL4@217	0	1000	0.0		/home/miguel/IBE-UPF/TFM/Master_projects/PhyloPhere/Data/6.CAAS_traitfiles/Ranked/df4_sp.tab
AADACL4@219	0	1000	0.0		/home/miguel/IBE-UPF/TFM/Master_projects/PhyloPhere/Data/6.CAAS_traitfiles/Ranked/df4_sp.tab
AADACL4@220	13	1000	0.013	b_353,b_695,b_599,b_65,b_919,b_812,b_932,b_577,b_605,b_875,b_334,b_807,b_699	/home/miguel/IBE-UPF/TFM/Master_projects/PhyloPhere/Data/6.CAAS_traitfiles/Ranked/df4_sp.tab
AADACL4@221	0	1000	0.0		/home/miguel/IBE-UPF/TFM/Master_projects/PhyloPhere/Data/6.CAAS_traitfiles/Ranked/df4_sp.tab
AADACL4@222	35	1000	0.035	b_77,b_796,b_908,b_110,b_790,b_718,b_570,b_396,b_926,b_317,b_208,b_694,b_710,b_136,b_415,b_250,b_510,b_580,b_976,b_805,b_890,b_94,b_720,b_608,b_828,b_115,b_361,b_645,b_924,b_762,b_526,b_172,b_139,b_806,b_202	/home/miguel/IBE-UPF/TFM/Master_projects/PhyloPhere/Data/6.CAAS_traitfiles/Ranked/df4_sp.tab
AADACL4@225	32	1000	0.032	b_735,b_908,b_86,b_40,b_475,b_694,b_829,b_688,b_244,b_1000,b_415,b_65,b_751,b_392,b_510,b_771,b_459,b_932,b_94,b_720,b_442,b_605,b_47,b_222,b_841,b_334,b_218,b_807,b_743,b_139,b_806,b_202	/home/miguel/IBE-UPF/TFM/Master_projects/PhyloPhere/Data/6.CAAS_traitfiles/Ranked/df4_sp.tab
AADACL4@226	12	1000	0.012	b_666,b_670,b_254,b_475,b_703,b_574,b_188,b_351,b_941,b_71,b_123,b_85	/home/miguel/IBE-UPF/TFM/Master_projects/PhyloPhere/Data/6.CAAS_traitfiles/Ranked/df4_sp.tab
AADACL4@227	12	1000	0.012	b_666,b_670,b_254,b_475,b_703,b_574,b_188,b_351,b_941,b_71,b_123,b_85	/home/miguel/IBE-UPF/TFM/Master_projects/PhyloPhere/Data/6.CAAS_traitfiles/Ranked/df4_sp.tab
AADACL4@228	0	1000	0.0		/home/miguel/IBE-UPF/TFM/Master_projects/PhyloPhere/Data/6.CAAS_traitfiles/Ranked/df4_sp.tab
AADACL4@229	0	1000	0.0		/home/miguel/IBE-UPF/TFM/Master_projects/PhyloPhere/Data/6.CAAS_traitfiles/Ranked/df4_sp.tab
AADACL4@233	0	1000	0.0		/home/miguel/IBE-UPF/TFM/Master_projects/PhyloPhere/Data/6.CAAS_traitfiles/Ranked/df4_sp.tab
AADACL4@234	0	1000	0.0		/home/miguel/IBE-UPF/TFM/Master_projects/PhyloPhere/Data/6.CAAS_traitfiles/Ranked/df4_sp.tab
AADACL4@236	0	1000	0.0		/home/miguel/IBE-UPF/TFM/Master_projects/PhyloPhere/Data/6.CAAS_traitfiles/Ranked/df4_sp.tab
AADACL4@237	24	1000	0.024	b_88,b_110,b_82,b_490,b_438,b_353,b_520,b_695,b_599,b_52,b_65,b_163,b_745,b_19,b_932,b_605,b_222,b_238,b_807,b_209,b_361,b_129,b_139,b_311	/home/miguel/IBE-UPF/TFM/Master_projects/PhyloPhere/Data/6.CAAS_traitfiles/Ranked/df4_sp.tab
AADACL4@238	12	1000	0.012	b_666,b_670,b_254,b_475,b_703,b_574,b_188,b_351,b_941,b_71,b_123,b_85	/home/miguel/IBE-UPF/TFM/Master_projects/PhyloPhere/Data/6.CAAS_traitfiles/Ranked/df4_sp.tab
AADACL4@239	0	1000	0.0		/home/miguel/IBE-UPF/TFM/Master_projects/PhyloPhere/Data/6.CAAS_traitfiles/Ranked/df4_sp.tab
AADACL4@241	0	1000	0.0		/home/miguel/IBE-UPF/TFM/Master_projects/PhyloPhere/Data/6.CAAS_traitfiles/Ranked/df4_sp.tab
AADACL4@243	0	1000	0.0		/home/miguel/IBE-UPF/TFM/Master_projects/PhyloPhere/Data/6.CAAS_traitfiles/Ranked/df4_sp.tab
AADACL4@244	26	1000	0.026	b_88,b_110,b_914,b_86,b_490,b_438,b_353,b_700,b_958,b_804,b_446,b_65,b_900,b_970,b_59,b_163,b_771,b_459,b_932,b_442,b_605,b_222,b_841,b_807,b_209,b_154	/home/miguel/IBE-UPF/TFM/Master_projects/PhyloPhere/Data/6.CAAS_traitfiles/Ranked/df4_sp.tab
AADACL4@245	1	1000	0.001	b_254	/home/miguel/IBE-UPF/TFM/Master_projects/PhyloPhere/Data/6.CAAS_traitfiles/Ranked/df4_sp.tab
AADACL4@247	29	1000	0.029	b_796,b_908,b_110,b_790,b_728,b_718,b_677,b_373,b_556,b_208,b_103,b_921,b_767,b_710,b_415,b_562,b_39,b_881,b_890,b_705,b_608,b_875,b_916,b_134,b_928,b_172,b_139,b_806,b_412	/home/miguel/IBE-UPF/TFM/Master_projects/PhyloPhere/Data/6.CAAS_traitfiles/Ranked/df4_sp.tab
AADACL4@248	0	1000	0.0		/home/miguel/IBE-UPF/TFM/Master_projects/PhyloPhere/Data/6.CAAS_traitfiles/Ranked/df4_sp.tab
AADACL4@249	0	1000	0.0		/home/miguel/IBE-UPF/TFM/Master_projects/PhyloPhere/Data/6.CAAS_traitfiles/Ranked/df4_sp.tab
AADACL4@250	33	1000	0.033	b_908,b_790,b_718,b_317,b_353,b_40,b_208,b_284,b_688,b_415,b_65,b_751,b_742,b_919,b_812,b_580,b_976,b_890,b_932,b_577,b_605,b_841,b_787,b_875,b_334,b_828,b_115,b_916,b_218,b_807,b_139,b_699,b_806	/home/miguel/IBE-UPF/TFM/Master_projects/PhyloPhere/Data/6.CAAS_traitfiles/Ranked/df4_sp.tab
AADACL4@251	22	1000	0.022	b_217,b_666,b_114,b_671,b_428,b_373,b_670,b_501,b_8,b_475,b_10,b_849,b_574,b_577,b_351,b_376,b_941,b_582,b_71,b_123,b_85,b_531	/home/miguel/IBE-UPF/TFM/Master_projects/PhyloPhere/Data/6.CAAS_traitfiles/Ranked/df4_sp.tab
AADACL4@253	0	1000	0.0		/home/miguel/IBE-UPF/TFM/Master_projects/PhyloPhere/Data/6.CAAS_traitfiles/Ranked/df4_sp.tab
AADACL4@254	0	1000	0.0		/home/miguel/IBE-UPF/TFM/Master_projects/PhyloPhere/Data/6.CAAS_traitfiles/Ranked/df4_sp.tab
AADACL4@255	0	1000	0.0		/home/miguel/IBE-UPF/TFM/Master_projects/PhyloPhere/Data/6.CAAS_traitfiles/Ranked/df4_sp.tab
AADACL4@256	8	1000	0.008	b_317,b_548,b_899,b_510,b_111,b_315,b_890,b_47	/home/miguel/IBE-UPF/TFM/Master_projects/PhyloPhere/Data/6.CAAS_traitfiles/Ranked/df4_sp.tab
AADACL4@259	0	1000	0.0		/home/miguel/IBE-UPF/TFM/Master_projects/PhyloPhere/Data/6.CAAS_traitfiles/Ranked/df4_sp.tab
AADACL4@262	2	1000	0.002	b_670,b_475	/home/miguel/IBE-UPF/TFM/Master_projects/PhyloPhere/Data/6.CAAS_traitfiles/Ranked/df4_sp.tab
AADACL4@263	0	1000	0.0		/home/miguel/IBE-UPF/TFM/Master_projects/PhyloPhere/Data/6.CAAS_traitfiles/Ranked/df4_sp.tab
AADACL4@265	0	1000	0.0		/home/miguel/IBE-UPF/TFM/Master_projects/PhyloPhere/Data/6.CAAS_traitfiles/Ranked/df4_sp.tab
AADACL4@266	0	1000	0.0		/home/miguel/IBE-UPF/TFM/Master_projects/PhyloPhere/Data/6.CAAS_traitfiles/Ranked/df4_sp.tab
AADACL4@267	1	1000	0.001	b_254	/home/miguel/IBE-UPF/TFM/Master_projects/PhyloPhere/Data/6.CAAS_traitfiles/Ranked/df4_sp.tab
AADACL4@269	52	1000	0.052	b_77,b_217,b_735,b_908,b_110,b_790,b_666,b_86,b_490,b_926,b_581,b_353,b_40,b_373,b_700,b_536,b_10,b_284,b_710,b_244,b_136,b_52,b_65,b_751,b_970,b_392,b_919,b_385,b_703,b_812,b_976,b_932,b_389,b_577,b_605,b_841,b_875,b_334,b_351,b_376,b_807,b_209,b_743,b_99,b_526,b_123,b_85,b_139,b_554,b_699,b_806,b_202	/home/miguel/IBE-UPF/TFM/Master_projects/PhyloPhere/Data/6.CAAS_traitfiles/Ranked/df4_sp.tab
AADACL4@270	12	1000	0.012	b_666,b_670,b_254,b_475,b_703,b_574,b_188,b_351,b_941,b_71,b_123,b_85	/home/miguel/IBE-UPF/TFM/Master_projects/PhyloPhere/Data/6.CAAS_traitfiles/Ranked/df4_sp.tab
AADACL4@271	12	1000	0.012	b_666,b_670,b_254,b_475,b_703,b_574,b_188,b_351,b_941,b_71,b_123,b_85	/home/miguel/IBE-UPF/TFM/Master_projects/PhyloPhere/Data/6.CAAS_traitfiles/Ranked/df4_sp.tab
AADACL4@275	0	1000	0.0		/home/miguel/IBE-UPF/TFM/Master_projects/PhyloPhere/Data/6.CAAS_traitfiles/Ranked/df4_sp.tab
AADACL4@277	14	1000	0.014	b_244,b_52,b_65,b_392,b_919,b_812,b_577,b_605,b_841,b_875,b_334,b_807,b_699,b_426	/home/miguel/IBE-UPF/TFM/Master_projects/PhyloPhere/Data/6.CAAS_traitfiles/Ranked/df4_sp.tab
AADACL4@278	0	1000	0.0		/home/miguel/IBE-UPF/TFM/Master_projects/PhyloPhere/Data/6.CAAS_traitfiles/Ranked/df4_sp.tab
AADACL4@280	14	1000	0.014	b_666,b_670,b_475,b_415,b_703,b_574,b_199,b_188,b_351,b_115,b_941,b_71,b_123,b_85	/home/miguel/IBE-UPF/TFM/Master_projects/PhyloPhere/Data/6.CAAS_traitfiles/Ranked/df4_sp.tab
AADACL4@285	12	1000	0.012	b_666,b_670,b_254,b_475,b_703,b_574,b_188,b_351,b_941,b_71,b_123,b_85	/home/miguel/IBE-UPF/TFM/Master_projects/PhyloPhere/Data/6.CAAS_traitfiles/Ranked/df4_sp.tab
AADACL4@288	0	1000	0.0		/home/miguel/IBE-UPF/TFM/Master_projects/PhyloPhere/Data/6.CAAS_traitfiles/Ranked/df4_sp.tab
AADACL4@290	0	1000	0.0		/home/miguel/IBE-UPF/TFM/Master_projects/PhyloPhere/Data/6.CAAS_traitfiles/Ranked/df4_sp.tab
AADACL4@291	14	1000	0.014	b_666,b_670,b_254,b_475,b_273,b_703,b_574,b_188,b_979,b_351,b_941,b_71,b_123,b_85	/home/miguel/IBE-UPF/TFM/Master_projects/PhyloPhere/Data/6.CAAS_traitfiles/Ranked/df4_sp.tab
AADACL4@293	0	1000	0.0		/home/miguel/IBE-UPF/TFM/Master_projects/PhyloPhere/Data/6.CAAS_traitfiles/Ranked/df4_sp.tab
AADACL4@294	65	1000	0.065	b_77,b_217,b_735,b_891,b_796,b_908,b_110,b_790,b_82,b_86,b_396,b_926,b_274,b_317,b_353,b_40,b_373,b_475,b_700,b_273,b_10,b_284,b_694,b_710,b_688,b_244,b_136,b_415,b_52,b_65,b_751,b_29,b_970,b_392,b_919,b_385,b_250,b_703,b_510,b_812,b_976,b_574,b_890,b_932,b_577,b_94,b_605,b_47,b_841,b_787,b_875,b_334,b_462,b_115,b_376,b_807,b_743,b_361,b_129,b_645,b_526,b_139,b_699,b_806,b_202	/home/miguel/IBE-UPF/TFM/Master_projects/PhyloPhere/Data/6.CAAS_traitfiles/Ranked/df4_sp.tab
AADACL4@297	51	1000	0.051	b_77,b_217,b_735,b_796,b_908,b_110,b_790,b_86,b_396,b_926,b_353,b_40,b_373,b_700,b_536,b_10,b_284,b_694,b_710,b_244,b_136,b_52,b_65,b_751,b_970,b_392,b_919,b_385,b_250,b_703,b_812,b_976,b_932,b_577,b_94,b_605,b_47,b_841,b_875,b_334,b_376,b_807,b_743,b_645,b_99,b_134,b_526,b_139,b_699,b_806,b_202	/home/miguel/IBE-UPF/TFM/Master_projects/PhyloPhere/Data/6.CAAS_traitfiles/Ranked/df4_sp.tab
AADACL4@298	0	1000	0.0		/home/miguel/IBE-UPF/TFM/Master_projects/PhyloPhere/Data/6.CAAS_traitfiles/Ranked/df4_sp.tab
AADACL4@299	0	1000	0.0		/home/miguel/IBE-UPF/TFM/Master_projects/PhyloPhere/Data/6.CAAS_traitfiles/Ranked/df4_sp.tab
AADACL4@300	12	1000	0.012	b_666,b_670,b_254,b_475,b_703,b_574,b_188,b_351,b_941,b_71,b_123,b_85	/home/miguel/IBE-UPF/TFM/Master_projects/PhyloPhere/Data/6.CAAS_traitfiles/Ranked/df4_sp.tab
AADACL4@301	12	1000	0.012	b_666,b_670,b_254,b_475,b_703,b_574,b_188,b_351,b_941,b_71,b_123,b_85	/home/miguel/IBE-UPF/TFM/Master_projects/PhyloPhere/Data/6.CAAS_traitfiles/Ranked/df4_sp.tab
AADACL4@303	0	1000	0.0		/home/miguel/IBE-UPF/TFM/Master_projects/PhyloPhere/Data/6.CAAS_traitfiles/Ranked/df4_sp.tab
AADACL4@305	0	1000	0.0		/home/miguel/IBE-UPF/TFM/Master_projects/PhyloPhere/Data/6.CAAS_traitfiles/Ranked/df4_sp.tab
AADACL4@308	0	1000	0.0		/home/miguel/IBE-UPF/TFM/Master_projects/PhyloPhere/Data/6.CAAS_traitfiles/Ranked/df4_sp.tab
AADACL4@310	0	1000	0.0		/home/miguel/IBE-UPF/TFM/Master_projects/PhyloPhere/Data/6.CAAS_traitfiles/Ranked/df4_sp.tab
AADACL4@313	26	1000	0.026	b_88,b_110,b_914,b_86,b_490,b_438,b_353,b_700,b_958,b_804,b_446,b_65,b_900,b_970,b_59,b_163,b_771,b_459,b_932,b_442,b_605,b_222,b_841,b_807,b_209,b_154	/home/miguel/IBE-UPF/TFM/Master_projects/PhyloPhere/Data/6.CAAS_traitfiles/Ranked/df4_sp.tab
AADACL4@314	0	1000	0.0		/home/miguel/IBE-UPF/TFM/Master_projects/PhyloPhere/Data/6.CAAS_traitfiles/Ranked/df4_sp.tab
AADACL4@315	0	1000	0.0		/home/miguel/IBE-UPF/TFM/Master_projects/PhyloPhere/Data/6.CAAS_traitfiles/Ranked/df4_sp.tab
AADACL4@316	9	1000	0.009	b_254,b_703,b_574,b_188,b_351,b_941,b_71,b_123,b_85	/home/miguel/IBE-UPF/TFM/Master_projects/PhyloPhere/Data/6.CAAS_traitfiles/Ranked/df4_sp.tab
AADACL4@317	0	1000	0.0		/home/miguel/IBE-UPF/TFM/Master_projects/PhyloPhere/Data/6.CAAS_traitfiles/Ranked/df4_sp.tab
AADACL4@318	0	1000	0.0		/home/miguel/IBE-UPF/TFM/Master_projects/PhyloPhere/Data/6.CAAS_traitfiles/Ranked/df4_sp.tab
AADACL4@319	0	1000	0.0		/home/miguel/IBE-UPF/TFM/Master_projects/PhyloPhere/Data/6.CAAS_traitfiles/Ranked/df4_sp.tab
AADACL4@320	0	1000	0.0		/home/miguel/IBE-UPF/TFM/Master_projects/PhyloPhere/Data/6.CAAS_traitfiles/Ranked/df4_sp.tab
AADACL4@321	41	1000	0.041	b_217,b_735,b_88,b_110,b_914,b_86,b_490,b_438,b_353,b_373,b_700,b_10,b_958,b_804,b_446,b_244,b_65,b_900,b_970,b_59,b_392,b_919,b_385,b_812,b_163,b_771,b_459,b_932,b_577,b_442,b_605,b_222,b_841,b_875,b_334,b_376,b_807,b_209,b_743,b_154,b_699	/home/miguel/IBE-UPF/TFM/Master_projects/PhyloPhere/Data/6.CAAS_traitfiles/Ranked/df4_sp.tab
AADACL4@322	0	1000	0.0		/home/miguel/IBE-UPF/TFM/Master_projects/PhyloPhere/Data/6.CAAS_traitfiles/Ranked/df4_sp.tab
AADACL4@323	23	1000	0.023	b_217,b_735,b_86,b_353,b_373,b_10,b_244,b_65,b_970,b_392,b_919,b_385,b_812,b_932,b_577,b_605,b_841,b_875,b_334,b_376,b_807,b_743,b_699	/home/miguel/IBE-UPF/TFM/Master_projects/PhyloPhere/Data/6.CAAS_traitfiles/Ranked/df4_sp.tab
AADACL4@324	0	1000	0.0		/home/miguel/IBE-UPF/TFM/Master_projects/PhyloPhere/Data/6.CAAS_traitfiles/Ranked/df4_sp.tab
AADACL4@325	40	1000	0.04	b_345,b_908,b_110,b_914,b_82,b_86,b_460,b_353,b_520,b_700,b_10,b_927,b_804,b_688,b_446,b_52,b_65,b_641,b_970,b_640,b_919,b_385,b_812,b_771,b_932,b_605,b_222,b_800,b_841,b_787,b_835,b_64,b_807,b_668,b_361,b_129,b_139,b_554,b_699,b_426	/home/miguel/IBE-UPF/TFM/Master_projects/PhyloPhere/Data/6.CAAS_traitfiles/Ranked/df4_sp.tab
AADACL4@326	0	1000	0.0		/home/miguel/IBE-UPF/TFM/Master_projects/PhyloPhere/Data/6.CAAS_traitfiles/Ranked/df4_sp.tab
AADACL4@330	57	1000	0.057	b_217,b_735,b_796,b_908,b_110,b_790,b_666,b_718,b_274,b_317,b_40,b_373,b_670,b_254,b_475,b_208,b_700,b_273,b_10,b_284,b_710,b_688,b_244,b_136,b_415,b_52,b_65,b_751,b_970,b_742,b_385,b_703,b_812,b_976,b_574,b_188,b_890,b_932,b_942,b_577,b_605,b_841,b_787,b_875,b_334,b_6,b_351,b_115,b_376,b_941,b_743,b_71,b_123,b_85,b_139,b_699,b_806	/home/miguel/IBE-UPF/TFM/Master_projects/PhyloPhere/Data/6.CAAS_traitfiles/Ranked/df4_sp.tab
AADACL4@331	0	1000	0.0		/home/miguel/IBE-UPF/TFM/Master_projects/PhyloPhere/Data/6.CAAS_traitfiles/Ranked/df4_sp.tab
AADACL4@337	17	1000	0.017	b_796,b_908,b_110,b_790,b_718,b_556,b_208,b_767,b_710,b_415,b_616,b_890,b_608,b_916,b_172,b_139,b_806	/home/miguel/IBE-UPF/TFM/Master_projects/PhyloPhere/Data/6.CAAS_traitfiles/Ranked/df4_sp.tab
AADACL4@340	0	1000	0.0		/home/miguel/IBE-UPF/TFM/Master_projects/PhyloPhere/Data/6.CAAS_traitfiles/Ranked/df4_sp.tab
AADACL4@341	0	1000	0.0		/home/miguel/IBE-UPF/TFM/Master_projects/PhyloPhere/Data/6.CAAS_traitfiles/Ranked/df4_sp.tab
AADACL4@344	0	1000	0.0		/home/miguel/IBE-UPF/TFM/Master_projects/PhyloPhere/Data/6.CAAS_traitfiles/Ranked/df4_sp.tab
AADACL4@346	0	1000	0.0		/home/miguel/IBE-UPF/TFM/Master_projects/PhyloPhere/Data/6.CAAS_traitfiles/Ranked/df4_sp.tab
AADACL4@347	0	1000	0.0		/home/miguel/IBE-UPF/TFM/Master_projects/PhyloPhere/Data/6.CAAS_traitfiles/Ranked/df4_sp.tab
AADACL4@351	26	1000	0.026	b_288,b_317,b_353,b_899,b_52,b_65,b_859,b_919,b_510,b_812,b_315,b_805,b_890,b_932,b_577,b_605,b_286,b_47,b_875,b_334,b_270,b_807,b_679,b_529,b_196,b_699	/home/miguel/IBE-UPF/TFM/Master_projects/PhyloPhere/Data/6.CAAS_traitfiles/Ranked/df4_sp.tab
AADACL4@355	0	1000	0.0		/home/miguel/IBE-UPF/TFM/Master_projects/PhyloPhere/Data/6.CAAS_traitfiles/Ranked/df4_sp.tab
AADACL4@359	0	1000	0.0		/home/miguel/IBE-UPF/TFM/Master_projects/PhyloPhere/Data/6.CAAS_traitfiles/Ranked/df4_sp.tab
AADACL4@361	1	1000	0.001	b_19	/home/miguel/IBE-UPF/TFM/Master_projects/PhyloPhere/Data/6.CAAS_traitfiles/Ranked/df4_sp.tab
AADACL4@364	0	1000	0.0		/home/miguel/IBE-UPF/TFM/Master_projects/PhyloPhere/Data/6.CAAS_traitfiles/Ranked/df4_sp.tab
AADACL4@367	0	1000	0.0		/home/miguel/IBE-UPF/TFM/Master_projects/PhyloPhere/Data/6.CAAS_traitfiles/Ranked/df4_sp.tab
AADACL4@370	12	1000	0.012	b_666,b_670,b_254,b_475,b_703,b_574,b_188,b_351,b_941,b_71,b_123,b_85	/home/miguel/IBE-UPF/TFM/Master_projects/PhyloPhere/Data/6.CAAS_traitfiles/Ranked/df4_sp.tab
AADACL4@376	0	1000	0.0		/home/miguel/IBE-UPF/TFM/Master_projects/PhyloPhere/Data/6.CAAS_traitfiles/Ranked/df4_sp.tab
AADACL4@377	0	1000	0.0		/home/miguel/IBE-UPF/TFM/Master_projects/PhyloPhere/Data/6.CAAS_traitfiles/Ranked/df4_sp.tab
AADACL4@378	42	1000	0.042	b_77,b_891,b_796,b_110,b_86,b_396,b_926,b_863,b_274,b_317,b_353,b_40,b_475,b_700,b_273,b_284,b_694,b_927,b_710,b_688,b_415,b_751,b_29,b_970,b_250,b_510,b_976,b_574,b_287,b_890,b_94,b_47,b_841,b_462,b_115,b_98,b_361,b_129,b_526,b_172,b_806,b_202	/home/miguel/IBE-UPF/TFM/Master_projects/PhyloPhere/Data/6.CAAS_traitfiles/Ranked/df4_sp.tab
AADACL4@379	0	1000	0.0		/home/miguel/IBE-UPF/TFM/Master_projects/PhyloPhere/Data/6.CAAS_traitfiles/Ranked/df4_sp.tab
AADACL4@380	12	1000	0.012	b_666,b_670,b_254,b_475,b_703,b_574,b_188,b_351,b_941,b_71,b_123,b_85	/home/miguel/IBE-UPF/TFM/Master_projects/PhyloPhere/Data/6.CAAS_traitfiles/Ranked/df4_sp.tab
AADACL4@383	0	1000	0.0		/home/miguel/IBE-UPF/TFM/Master_projects/PhyloPhere/Data/6.CAAS_traitfiles/Ranked/df4_sp.tab
AADACL4@384	0	1000	0.0		/home/miguel/IBE-UPF/TFM/Master_projects/PhyloPhere/Data/6.CAAS_traitfiles/Ranked/df4_sp.tab
AADACL4@385	14	1000	0.014	b_251,b_670,b_583,b_693,b_112,b_338,b_395,b_738,b_12,b_651,b_941,b_123,b_71,b_85	/home/miguel/IBE-UPF/TFM/Master_projects/PhyloPhere/Data/6.CAAS_traitfiles/Ranked/df4_sp.tab
AADACL4@386	12	1000	0.012	b_666,b_670,b_254,b_475,b_703,b_574,b_188,b_351,b_941,b_71,b_123,b_85	/home/miguel/IBE-UPF/TFM/Master_projects/PhyloPhere/Data/6.CAAS_traitfiles/Ranked/df4_sp.tab
AADACL4@387	0	1000	0.0		/home/miguel/IBE-UPF/TFM/Master_projects/PhyloPhere/Data/6.CAAS_traitfiles/Ranked/df4_sp.tab
AADACL4@391	0	1000	0.0		/home/miguel/IBE-UPF/TFM/Master_projects/PhyloPhere/Data/6.CAAS_traitfiles/Ranked/df4_sp.tab
AADACL4@392	12	1000	0.012	b_666,b_670,b_254,b_475,b_703,b_574,b_188,b_351,b_941,b_71,b_123,b_85	/home/miguel/IBE-UPF/TFM/Master_projects/PhyloPhere/Data/6.CAAS_traitfiles/Ranked/df4_sp.tab
AADACL4@394	0	1000	0.0		/home/miguel/IBE-UPF/TFM/Master_projects/PhyloPhere/Data/6.CAAS_traitfiles/Ranked/df4_sp.tab
AADACL4@395	0	1000	0.0		/home/miguel/IBE-UPF/TFM/Master_projects/PhyloPhere/Data/6.CAAS_traitfiles/Ranked/df4_sp.tab
AADACL4@396	0	1000	0.0		/home/miguel/IBE-UPF/TFM/Master_projects/PhyloPhere/Data/6.CAAS_traitfiles/Ranked/df4_sp.tab
AADACL4@398	0	1000	0.0		/home/miguel/IBE-UPF/TFM/Master_projects/PhyloPhere/Data/6.CAAS_traitfiles/Ranked/df4_sp.tab
AADACL4@400	28	1000	0.028	b_735,b_88,b_110,b_914,b_86,b_490,b_438,b_353,b_700,b_958,b_804,b_446,b_65,b_900,b_970,b_59,b_163,b_771,b_459,b_932,b_442,b_605,b_222,b_841,b_807,b_209,b_743,b_154	/home/miguel/IBE-UPF/TFM/Master_projects/PhyloPhere/Data/6.CAAS_traitfiles/Ranked/df4_sp.tab
AADACL4@401	0	1000	0.0		/home/miguel/IBE-UPF/TFM/Master_projects/PhyloPhere/Data/6.CAAS_traitfiles/Ranked/df4_sp.tab
AADACL4@402	15	1000	0.015	b_666,b_236,b_373,b_670,b_254,b_475,b_703,b_574,b_188,b_351,b_941,b_582,b_71,b_123,b_85	/home/miguel/IBE-UPF/TFM/Master_projects/PhyloPhere/Data/6.CAAS_traitfiles/Ranked/df4_sp.tab
AADACL4@403	0	1000	0.0		/home/miguel/IBE-UPF/TFM/Master_projects/PhyloPhere/Data/6.CAAS_traitfiles/Ranked/df4_sp.tab
AADACL4@404	0	1000	0.0		/home/miguel/IBE-UPF/TFM/Master_projects/PhyloPhere/Data/6.CAAS_traitfiles/Ranked/df4_sp.tab
AADACL4@405	0	1000	0.0		/home/miguel/IBE-UPF/TFM/Master_projects/PhyloPhere/Data/6.CAAS_traitfiles/Ranked/df4_sp.tab
