AADACL3@1	0	1000	0.0		/home/miguel/IBE-UPF/TFM/Master_projects/PhyloPhere/Data/6.CAAS_traitfiles/Ranked/df4_sp.tab
AADACL3@2	6	1000	0.006	b_894,b_841,b_556,b_844,b_86,b_110	/home/miguel/IBE-UPF/TFM/Master_projects/PhyloPhere/Data/6.CAAS_traitfiles/Ranked/df4_sp.tab
AADACL3@3	0	1000	0.0		/home/miguel/IBE-UPF/TFM/Master_projects/PhyloPhere/Data/6.CAAS_traitfiles/Ranked/df4_sp.tab
AADACL3@4	0	1000	0.0		/home/miguel/IBE-UPF/TFM/Master_projects/PhyloPhere/Data/6.CAAS_traitfiles/Ranked/df4_sp.tab
AADACL3@6	3	1000	0.003	b_141,b_19,b_110	/home/miguel/IBE-UPF/TFM/Master_projects/PhyloPhere/Data/6.CAAS_traitfiles/Ranked/df4_sp.tab
AADACL3@7	0	1000	0.0		/home/miguel/IBE-UPF/TFM/Master_projects/PhyloPhere/Data/6.CAAS_traitfiles/Ranked/df4_sp.tab
AADACL3@10	5	1000	0.005	b_894,b_700,b_841,b_86,b_110	/home/miguel/IBE-UPF/TFM/Master_projects/PhyloPhere/Data/6.CAAS_traitfiles/Ranked/df4_sp.tab
AADACL3@16	0	1000	0.0		/home/miguel/IBE-UPF/TFM/Master_projects/PhyloPhere/Data/6.CAAS_traitfiles/Ranked/df4_sp.tab
AADACL3@20	0	1000	0.0		/home/miguel/IBE-UPF/TFM/Master_projects/PhyloPhere/Data/6.CAAS_traitfiles/Ranked/df4_sp.tab
AADACL3@22	0	1000	0.0		/home/miguel/IBE-UPF/TFM/Master_projects/PhyloPhere/Data/6.CAAS_traitfiles/Ranked/df4_sp.tab
AADACL3@23	4	1000	0.004	b_894,b_208,b_556,b_110	/home/miguel/IBE-UPF/TFM/Master_projects/PhyloPhere/Data/6.CAAS_traitfiles/Ranked/df4_sp.tab
AADACL3@25	0	1000	0.0		/home/miguel/IBE-UPF/TFM/Master_projects/PhyloPhere/Data/6.CAAS_traitfiles/Ranked/df4_sp.tab
AADACL3@26	1	1000	0.001	b_844	/home/miguel/IBE-UPF/TFM/Master_projects/PhyloPhere/Data/6.CAAS_traitfiles/Ranked/df4_sp.tab
AADACL3@27	0	1000	0.0		/home/miguel/IBE-UPF/TFM/Master_projects/PhyloPhere/Data/6.CAAS_traitfiles/Ranked/df4_sp.tab
AADACL3@28	0	1000	0.0		/home/miguel/IBE-UPF/TFM/Master_projects/PhyloPhere/Data/6.CAAS_traitfiles/Ranked/df4_sp.tab
AADACL3@33	1	1000	0.001	b_968	/home/miguel/IBE-UPF/TFM/Master_projects/PhyloPhere/Data/6.CAAS_traitfiles/Ranked/df4_sp.tab
AADACL3@34	0	1000	0.0		/home/miguel/IBE-UPF/TFM/Master_projects/PhyloPhere/Data/6.CAAS_traitfiles/Ranked/df4_sp.tab
AADACL3@42	0	1000	0.0		/home/miguel/IBE-UPF/TFM/Master_projects/PhyloPhere/Data/6.CAAS_traitfiles/Ranked/df4_sp.tab
AADACL3@46	0	1000	0.0		/home/miguel/IBE-UPF/TFM/Master_projects/PhyloPhere/Data/6.CAAS_traitfiles/Ranked/df4_sp.tab
AADACL3@47	0	1000	0.0		/home/miguel/IBE-UPF/TFM/Master_projects/PhyloPhere/Data/6.CAAS_traitfiles/Ranked/df4_sp.tab
AADACL3@50	0	1000	0.0		/home/miguel/IBE-UPF/TFM/Master_projects/PhyloPhere/Data/6.CAAS_traitfiles/Ranked/df4_sp.tab
AADACL3@54	0	1000	0.0		/home/miguel/IBE-UPF/TFM/Master_projects/PhyloPhere/Data/6.CAAS_traitfiles/Ranked/df4_sp.tab
AADACL3@55	0	1000	0.0		/home/miguel/IBE-UPF/TFM/Master_projects/PhyloPhere/Data/6.CAAS_traitfiles/Ranked/df4_sp.tab
AADACL3@63	2	1000	0.002	b_841,b_86	/home/miguel/IBE-UPF/TFM/Master_projects/PhyloPhere/Data/6.CAAS_traitfiles/Ranked/df4_sp.tab
AADACL3@64	0	1000	0.0		/home/miguel/IBE-UPF/TFM/Master_projects/PhyloPhere/Data/6.CAAS_traitfiles/Ranked/df4_sp.tab
AADACL3@66	0	1000	0.0		/home/miguel/IBE-UPF/TFM/Master_projects/PhyloPhere/Data/6.CAAS_traitfiles/Ranked/df4_sp.tab
AADACL3@68	3	1000	0.003	b_208,b_700,b_841	/home/miguel/IBE-UPF/TFM/Master_projects/PhyloPhere/Data/6.CAAS_traitfiles/Ranked/df4_sp.tab
AADACL3@69	3	1000	0.003	b_208,b_928,b_844	/home/miguel/IBE-UPF/TFM/Master_projects/PhyloPhere/Data/6.CAAS_traitfiles/Ranked/df4_sp.tab
AADACL3@71	2	1000	0.002	b_894,b_110	/home/miguel/IBE-UPF/TFM/Master_projects/PhyloPhere/Data/6.CAAS_traitfiles/Ranked/df4_sp.tab
AADACL3@72	3	1000	0.003	b_208,b_928,b_844	/home/miguel/IBE-UPF/TFM/Master_projects/PhyloPhere/Data/6.CAAS_traitfiles/Ranked/df4_sp.tab
AADACL3@73	0	1000	0.0		/home/miguel/IBE-UPF/TFM/Master_projects/PhyloPhere/Data/6.CAAS_traitfiles/Ranked/df4_sp.tab
AADACL3@75	7	1000	0.007	b_894,b_208,b_700,b_841,b_844,b_86,b_110	/home/miguel/IBE-UPF/TFM/Master_projects/PhyloPhere/Data/6.CAAS_traitfiles/Ranked/df4_sp.tab
AADACL3@76	3	1000	0.003	b_377,b_844,b_86	/home/miguel/IBE-UPF/TFM/Master_projects/PhyloPhere/Data/6.CAAS_traitfiles/Ranked/df4_sp.tab
AADACL3@79	0	1000	0.0		/home/miguel/IBE-UPF/TFM/Master_projects/PhyloPhere/Data/6.CAAS_traitfiles/Ranked/df4_sp.tab
AADACL3@82	0	1000	0.0		/home/miguel/IBE-UPF/TFM/Master_projects/PhyloPhere/Data/6.CAAS_traitfiles/Ranked/df4_sp.tab
AADACL3@83	0	1000	0.0		/home/miguel/IBE-UPF/TFM/Master_projects/PhyloPhere/Data/6.CAAS_traitfiles/Ranked/df4_sp.tab
AADACL3@88	2	1000	0.002	b_19,b_110	/home/miguel/IBE-UPF/TFM/Master_projects/PhyloPhere/Data/6.CAAS_traitfiles/Ranked/df4_sp.tab
AADACL3@89	2	1000	0.002	b_377,b_844	/home/miguel/IBE-UPF/TFM/Master_projects/PhyloPhere/Data/6.CAAS_traitfiles/Ranked/df4_sp.tab
AADACL3@93	0	1000	0.0		/home/miguel/IBE-UPF/TFM/Master_projects/PhyloPhere/Data/6.CAAS_traitfiles/Ranked/df4_sp.tab
AADACL3@99	0	1000	0.0		/home/miguel/IBE-UPF/TFM/Master_projects/PhyloPhere/Data/6.CAAS_traitfiles/Ranked/df4_sp.tab
AADACL3@102	0	1000	0.0		/home/miguel/IBE-UPF/TFM/Master_projects/PhyloPhere/Data/6.CAAS_traitfiles/Ranked/df4_sp.tab
AADACL3@103	0	1000	0.0		/home/miguel/IBE-UPF/TFM/Master_projects/PhyloPhere/Data/6.CAAS_traitfiles/Ranked/df4_sp.tab
AADACL3@104	3	1000	0.003	b_844,b_19,b_110	/home/miguel/IBE-UPF/TFM/Master_projects/PhyloPhere/Data/6.CAAS_traitfiles/Ranked/df4_sp.tab
AADACL3@106	0	1000	0.0		/home/miguel/IBE-UPF/TFM/Master_projects/PhyloPhere/Data/6.CAAS_traitfiles/Ranked/df4_sp.tab
AADACL3@107	0	1000	0.0		/home/miguel/IBE-UPF/TFM/Master_projects/PhyloPhere/Data/6.CAAS_traitfiles/Ranked/df4_sp.tab
AADACL3@108	0	1000	0.0		/home/miguel/IBE-UPF/TFM/Master_projects/PhyloPhere/Data/6.CAAS_traitfiles/Ranked/df4_sp.tab
AADACL3@111	0	1000	0.0		/home/miguel/IBE-UPF/TFM/Master_projects/PhyloPhere/Data/6.CAAS_traitfiles/Ranked/df4_sp.tab
AADACL3@112	0	1000	0.0		/home/miguel/IBE-UPF/TFM/Master_projects/PhyloPhere/Data/6.CAAS_traitfiles/Ranked/df4_sp.tab
AADACL3@113	0	1000	0.0		/home/miguel/IBE-UPF/TFM/Master_projects/PhyloPhere/Data/6.CAAS_traitfiles/Ranked/df4_sp.tab
AADACL3@114	0	1000	0.0		/home/miguel/IBE-UPF/TFM/Master_projects/PhyloPhere/Data/6.CAAS_traitfiles/Ranked/df4_sp.tab
AADACL3@118	0	1000	0.0		/home/miguel/IBE-UPF/TFM/Master_projects/PhyloPhere/Data/6.CAAS_traitfiles/Ranked/df4_sp.tab
AADACL3@119	0	1000	0.0		/home/miguel/IBE-UPF/TFM/Master_projects/PhyloPhere/Data/6.CAAS_traitfiles/Ranked/df4_sp.tab
AADACL3@120	1	1000	0.001	b_19	/home/miguel/IBE-UPF/TFM/Master_projects/PhyloPhere/Data/6.CAAS_traitfiles/Ranked/df4_sp.tab
AADACL3@121	1	1000	0.001	b_844	/home/miguel/IBE-UPF/TFM/Master_projects/PhyloPhere/Data/6.CAAS_traitfiles/Ranked/df4_sp.tab
AADACL3@132	0	1000	0.0		/home/miguel/IBE-UPF/TFM/Master_projects/PhyloPhere/Data/6.CAAS_traitfiles/Ranked/df4_sp.tab
AADACL3@133	3	1000	0.003	b_141,b_19,b_110	/home/miguel/IBE-UPF/TFM/Master_projects/PhyloPhere/Data/6.CAAS_traitfiles/Ranked/df4_sp.tab
AADACL3@135	0	1000	0.0		/home/miguel/IBE-UPF/TFM/Master_projects/PhyloPhere/Data/6.CAAS_traitfiles/Ranked/df4_sp.tab
AADACL3@137	0	1000	0.0		/home/miguel/IBE-UPF/TFM/Master_projects/PhyloPhere/Data/6.CAAS_traitfiles/Ranked/df4_sp.tab
AADACL3@143	0	1000	0.0		/home/miguel/IBE-UPF/TFM/Master_projects/PhyloPhere/Data/6.CAAS_traitfiles/Ranked/df4_sp.tab
AADACL3@144	0	1000	0.0		/home/miguel/IBE-UPF/TFM/Master_projects/PhyloPhere/Data/6.CAAS_traitfiles/Ranked/df4_sp.tab
AADACL3@149	4	1000	0.004	b_894,b_208,b_928,b_844	/home/miguel/IBE-UPF/TFM/Master_projects/PhyloPhere/Data/6.CAAS_traitfiles/Ranked/df4_sp.tab
AADACL3@150	0	1000	0.0		/home/miguel/IBE-UPF/TFM/Master_projects/PhyloPhere/Data/6.CAAS_traitfiles/Ranked/df4_sp.tab
AADACL3@153	6	1000	0.006	b_894,b_700,b_841,b_844,b_86,b_110	/home/miguel/IBE-UPF/TFM/Master_projects/PhyloPhere/Data/6.CAAS_traitfiles/Ranked/df4_sp.tab
AADACL3@155	0	1000	0.0		/home/miguel/IBE-UPF/TFM/Master_projects/PhyloPhere/Data/6.CAAS_traitfiles/Ranked/df4_sp.tab
AADACL3@156	0	1000	0.0		/home/miguel/IBE-UPF/TFM/Master_projects/PhyloPhere/Data/6.CAAS_traitfiles/Ranked/df4_sp.tab
AADACL3@157	0	1000	0.0		/home/miguel/IBE-UPF/TFM/Master_projects/PhyloPhere/Data/6.CAAS_traitfiles/Ranked/df4_sp.tab
AADACL3@158	0	1000	0.0		/home/miguel/IBE-UPF/TFM/Master_projects/PhyloPhere/Data/6.CAAS_traitfiles/Ranked/df4_sp.tab
AADACL3@159	0	1000	0.0		/home/miguel/IBE-UPF/TFM/Master_projects/PhyloPhere/Data/6.CAAS_traitfiles/Ranked/df4_sp.tab
AADACL3@162	0	1000	0.0		/home/miguel/IBE-UPF/TFM/Master_projects/PhyloPhere/Data/6.CAAS_traitfiles/Ranked/df4_sp.tab
AADACL3@163	0	1000	0.0		/home/miguel/IBE-UPF/TFM/Master_projects/PhyloPhere/Data/6.CAAS_traitfiles/Ranked/df4_sp.tab
AADACL3@164	0	1000	0.0		/home/miguel/IBE-UPF/TFM/Master_projects/PhyloPhere/Data/6.CAAS_traitfiles/Ranked/df4_sp.tab
AADACL3@167	0	1000	0.0		/home/miguel/IBE-UPF/TFM/Master_projects/PhyloPhere/Data/6.CAAS_traitfiles/Ranked/df4_sp.tab
AADACL3@171	0	1000	0.0		/home/miguel/IBE-UPF/TFM/Master_projects/PhyloPhere/Data/6.CAAS_traitfiles/Ranked/df4_sp.tab
AADACL3@174	6	1000	0.006	b_894,b_700,b_841,b_844,b_86,b_110	/home/miguel/IBE-UPF/TFM/Master_projects/PhyloPhere/Data/6.CAAS_traitfiles/Ranked/df4_sp.tab
AADACL3@176	0	1000	0.0		/home/miguel/IBE-UPF/TFM/Master_projects/PhyloPhere/Data/6.CAAS_traitfiles/Ranked/df4_sp.tab
AADACL3@181	0	1000	0.0		/home/miguel/IBE-UPF/TFM/Master_projects/PhyloPhere/Data/6.CAAS_traitfiles/Ranked/df4_sp.tab
AADACL3@185	0	1000	0.0		/home/miguel/IBE-UPF/TFM/Master_projects/PhyloPhere/Data/6.CAAS_traitfiles/Ranked/df4_sp.tab
AADACL3@190	0	1000	0.0		/home/miguel/IBE-UPF/TFM/Master_projects/PhyloPhere/Data/6.CAAS_traitfiles/Ranked/df4_sp.tab
AADACL3@193	1	1000	0.001	b_928	/home/miguel/IBE-UPF/TFM/Master_projects/PhyloPhere/Data/6.CAAS_traitfiles/Ranked/df4_sp.tab
AADACL3@194	0	1000	0.0		/home/miguel/IBE-UPF/TFM/Master_projects/PhyloPhere/Data/6.CAAS_traitfiles/Ranked/df4_sp.tab
AADACL3@196	0	1000	0.0		/home/miguel/IBE-UPF/TFM/Master_projects/PhyloPhere/Data/6.CAAS_traitfiles/Ranked/df4_sp.tab
AADACL3@198	2	1000	0.002	b_19,b_110	/home/miguel/IBE-UPF/TFM/Master_projects/PhyloPhere/Data/6.CAAS_traitfiles/Ranked/df4_sp.tab
AADACL3@201	0	1000	0.0		/home/miguel/IBE-UPF/TFM/Master_projects/PhyloPhere/Data/6.CAAS_traitfiles/Ranked/df4_sp.tab
AADACL3@202	0	1000	0.0		/home/miguel/IBE-UPF/TFM/Master_projects/PhyloPhere/Data/6.CAAS_traitfiles/Ranked/df4_sp.tab
AADACL3@204	3	1000	0.003	b_841,b_844,b_86	/home/miguel/IBE-UPF/TFM/Master_projects/PhyloPhere/Data/6.CAAS_traitfiles/Ranked/df4_sp.tab
AADACL3@205	4	1000	0.004	b_894,b_841,b_844,b_86	/home/miguel/IBE-UPF/TFM/Master_projects/PhyloPhere/Data/6.CAAS_traitfiles/Ranked/df4_sp.tab
AADACL3@206	0	1000	0.0		/home/miguel/IBE-UPF/TFM/Master_projects/PhyloPhere/Data/6.CAAS_traitfiles/Ranked/df4_sp.tab
AADACL3@207	0	1000	0.0		/home/miguel/IBE-UPF/TFM/Master_projects/PhyloPhere/Data/6.CAAS_traitfiles/Ranked/df4_sp.tab
AADACL3@210	0	1000	0.0		/home/miguel/IBE-UPF/TFM/Master_projects/PhyloPhere/Data/6.CAAS_traitfiles/Ranked/df4_sp.tab
AADACL3@217	0	1000	0.0		/home/miguel/IBE-UPF/TFM/Master_projects/PhyloPhere/Data/6.CAAS_traitfiles/Ranked/df4_sp.tab
AADACL3@219	0	1000	0.0		/home/miguel/IBE-UPF/TFM/Master_projects/PhyloPhere/Data/6.CAAS_traitfiles/Ranked/df4_sp.tab
AADACL3@220	0	1000	0.0		/home/miguel/IBE-UPF/TFM/Master_projects/PhyloPhere/Data/6.CAAS_traitfiles/Ranked/df4_sp.tab
AADACL3@221	0	1000	0.0		/home/miguel/IBE-UPF/TFM/Master_projects/PhyloPhere/Data/6.CAAS_traitfiles/Ranked/df4_sp.tab
AADACL3@223	0	1000	0.0		/home/miguel/IBE-UPF/TFM/Master_projects/PhyloPhere/Data/6.CAAS_traitfiles/Ranked/df4_sp.tab
AADACL3@224	0	1000	0.0		/home/miguel/IBE-UPF/TFM/Master_projects/PhyloPhere/Data/6.CAAS_traitfiles/Ranked/df4_sp.tab
AADACL3@226	4	1000	0.004	b_894,b_841,b_86,b_110	/home/miguel/IBE-UPF/TFM/Master_projects/PhyloPhere/Data/6.CAAS_traitfiles/Ranked/df4_sp.tab
AADACL3@228	0	1000	0.0		/home/miguel/IBE-UPF/TFM/Master_projects/PhyloPhere/Data/6.CAAS_traitfiles/Ranked/df4_sp.tab
AADACL3@231	0	1000	0.0		/home/miguel/IBE-UPF/TFM/Master_projects/PhyloPhere/Data/6.CAAS_traitfiles/Ranked/df4_sp.tab
AADACL3@233	0	1000	0.0		/home/miguel/IBE-UPF/TFM/Master_projects/PhyloPhere/Data/6.CAAS_traitfiles/Ranked/df4_sp.tab
AADACL3@234	3	1000	0.003	b_208,b_928,b_844	/home/miguel/IBE-UPF/TFM/Master_projects/PhyloPhere/Data/6.CAAS_traitfiles/Ranked/df4_sp.tab
AADACL3@235	1	1000	0.001	b_428	/home/miguel/IBE-UPF/TFM/Master_projects/PhyloPhere/Data/6.CAAS_traitfiles/Ranked/df4_sp.tab
AADACL3@236	0	1000	0.0		/home/miguel/IBE-UPF/TFM/Master_projects/PhyloPhere/Data/6.CAAS_traitfiles/Ranked/df4_sp.tab
AADACL3@237	0	1000	0.0		/home/miguel/IBE-UPF/TFM/Master_projects/PhyloPhere/Data/6.CAAS_traitfiles/Ranked/df4_sp.tab
AADACL3@239	4	1000	0.004	b_208,b_841,b_844,b_86	/home/miguel/IBE-UPF/TFM/Master_projects/PhyloPhere/Data/6.CAAS_traitfiles/Ranked/df4_sp.tab
AADACL3@240	0	1000	0.0		/home/miguel/IBE-UPF/TFM/Master_projects/PhyloPhere/Data/6.CAAS_traitfiles/Ranked/df4_sp.tab
AADACL3@241	4	1000	0.004	b_894,b_208,b_556,b_110	/home/miguel/IBE-UPF/TFM/Master_projects/PhyloPhere/Data/6.CAAS_traitfiles/Ranked/df4_sp.tab
AADACL3@243	0	1000	0.0		/home/miguel/IBE-UPF/TFM/Master_projects/PhyloPhere/Data/6.CAAS_traitfiles/Ranked/df4_sp.tab
AADACL3@244	0	1000	0.0		/home/miguel/IBE-UPF/TFM/Master_projects/PhyloPhere/Data/6.CAAS_traitfiles/Ranked/df4_sp.tab
AADACL3@245	0	1000	0.0		/home/miguel/IBE-UPF/TFM/Master_projects/PhyloPhere/Data/6.CAAS_traitfiles/Ranked/df4_sp.tab
AADACL3@246	0	1000	0.0		/home/miguel/IBE-UPF/TFM/Master_projects/PhyloPhere/Data/6.CAAS_traitfiles/Ranked/df4_sp.tab
AADACL3@247	0	1000	0.0		/home/miguel/IBE-UPF/TFM/Master_projects/PhyloPhere/Data/6.CAAS_traitfiles/Ranked/df4_sp.tab
AADACL3@249	0	1000	0.0		/home/miguel/IBE-UPF/TFM/Master_projects/PhyloPhere/Data/6.CAAS_traitfiles/Ranked/df4_sp.tab
AADACL3@250	2	1000	0.002	b_556,b_844	/home/miguel/IBE-UPF/TFM/Master_projects/PhyloPhere/Data/6.CAAS_traitfiles/Ranked/df4_sp.tab
AADACL3@251	3	1000	0.003	b_841,b_844,b_86	/home/miguel/IBE-UPF/TFM/Master_projects/PhyloPhere/Data/6.CAAS_traitfiles/Ranked/df4_sp.tab
AADACL3@252	3	1000	0.003	b_141,b_556,b_110	/home/miguel/IBE-UPF/TFM/Master_projects/PhyloPhere/Data/6.CAAS_traitfiles/Ranked/df4_sp.tab
AADACL3@253	0	1000	0.0		/home/miguel/IBE-UPF/TFM/Master_projects/PhyloPhere/Data/6.CAAS_traitfiles/Ranked/df4_sp.tab
AADACL3@255	3	1000	0.003	b_208,b_841,b_844	/home/miguel/IBE-UPF/TFM/Master_projects/PhyloPhere/Data/6.CAAS_traitfiles/Ranked/df4_sp.tab
AADACL3@256	0	1000	0.0		/home/miguel/IBE-UPF/TFM/Master_projects/PhyloPhere/Data/6.CAAS_traitfiles/Ranked/df4_sp.tab
AADACL3@257	3	1000	0.003	b_141,b_19,b_110	/home/miguel/IBE-UPF/TFM/Master_projects/PhyloPhere/Data/6.CAAS_traitfiles/Ranked/df4_sp.tab
AADACL3@260	0	1000	0.0		/home/miguel/IBE-UPF/TFM/Master_projects/PhyloPhere/Data/6.CAAS_traitfiles/Ranked/df4_sp.tab
AADACL3@261	0	1000	0.0		/home/miguel/IBE-UPF/TFM/Master_projects/PhyloPhere/Data/6.CAAS_traitfiles/Ranked/df4_sp.tab
AADACL3@262	0	1000	0.0		/home/miguel/IBE-UPF/TFM/Master_projects/PhyloPhere/Data/6.CAAS_traitfiles/Ranked/df4_sp.tab
AADACL3@263	0	1000	0.0		/home/miguel/IBE-UPF/TFM/Master_projects/PhyloPhere/Data/6.CAAS_traitfiles/Ranked/df4_sp.tab
AADACL3@264	0	1000	0.0		/home/miguel/IBE-UPF/TFM/Master_projects/PhyloPhere/Data/6.CAAS_traitfiles/Ranked/df4_sp.tab
AADACL3@266	0	1000	0.0		/home/miguel/IBE-UPF/TFM/Master_projects/PhyloPhere/Data/6.CAAS_traitfiles/Ranked/df4_sp.tab
AADACL3@271	0	1000	0.0		/home/miguel/IBE-UPF/TFM/Master_projects/PhyloPhere/Data/6.CAAS_traitfiles/Ranked/df4_sp.tab
AADACL3@272	0	1000	0.0		/home/miguel/IBE-UPF/TFM/Master_projects/PhyloPhere/Data/6.CAAS_traitfiles/Ranked/df4_sp.tab
AADACL3@275	0	1000	0.0		/home/miguel/IBE-UPF/TFM/Master_projects/PhyloPhere/Data/6.CAAS_traitfiles/Ranked/df4_sp.tab
AADACL3@282	0	1000	0.0		/home/miguel/IBE-UPF/TFM/Master_projects/PhyloPhere/Data/6.CAAS_traitfiles/Ranked/df4_sp.tab
AADACL3@287	0	1000	0.0		/home/miguel/IBE-UPF/TFM/Master_projects/PhyloPhere/Data/6.CAAS_traitfiles/Ranked/df4_sp.tab
AADACL3@289	0	1000	0.0		/home/miguel/IBE-UPF/TFM/Master_projects/PhyloPhere/Data/6.CAAS_traitfiles/Ranked/df4_sp.tab
AADACL3@292	0	1000	0.0		/home/miguel/IBE-UPF/TFM/Master_projects/PhyloPhere/Data/6.CAAS_traitfiles/Ranked/df4_sp.tab
AADACL3@295	1	1000	0.001	b_377	/home/miguel/IBE-UPF/TFM/Master_projects/PhyloPhere/Data/6.CAAS_traitfiles/Ranked/df4_sp.tab
AADACL3@296	4	1000	0.004	b_894,b_208,b_841,b_844	/home/miguel/IBE-UPF/TFM/Master_projects/PhyloPhere/Data/6.CAAS_traitfiles/Ranked/df4_sp.tab
AADACL3@297	3	1000	0.003	b_208,b_928,b_844	/home/miguel/IBE-UPF/TFM/Master_projects/PhyloPhere/Data/6.CAAS_traitfiles/Ranked/df4_sp.tab
AADACL3@298	0	1000	0.0		/home/miguel/IBE-UPF/TFM/Master_projects/PhyloPhere/Data/6.CAAS_traitfiles/Ranked/df4_sp.tab
AADACL3@299	1	1000	0.001	b_428	/home/miguel/IBE-UPF/TFM/Master_projects/PhyloPhere/Data/6.CAAS_traitfiles/Ranked/df4_sp.tab
AADACL3@300	0	1000	0.0		/home/miguel/IBE-UPF/TFM/Master_projects/PhyloPhere/Data/6.CAAS_traitfiles/Ranked/df4_sp.tab
AADACL3@302	0	1000	0.0		/home/miguel/IBE-UPF/TFM/Master_projects/PhyloPhere/Data/6.CAAS_traitfiles/Ranked/df4_sp.tab
AADACL3@305	0	1000	0.0		/home/miguel/IBE-UPF/TFM/Master_projects/PhyloPhere/Data/6.CAAS_traitfiles/Ranked/df4_sp.tab
AADACL3@310	6	1000	0.006	b_894,b_700,b_841,b_844,b_86,b_110	/home/miguel/IBE-UPF/TFM/Master_projects/PhyloPhere/Data/6.CAAS_traitfiles/Ranked/df4_sp.tab
AADACL3@311	0	1000	0.0		/home/miguel/IBE-UPF/TFM/Master_projects/PhyloPhere/Data/6.CAAS_traitfiles/Ranked/df4_sp.tab
AADACL3@312	0	1000	0.0		/home/miguel/IBE-UPF/TFM/Master_projects/PhyloPhere/Data/6.CAAS_traitfiles/Ranked/df4_sp.tab
AADACL3@313	0	1000	0.0		/home/miguel/IBE-UPF/TFM/Master_projects/PhyloPhere/Data/6.CAAS_traitfiles/Ranked/df4_sp.tab
AADACL3@316	0	1000	0.0		/home/miguel/IBE-UPF/TFM/Master_projects/PhyloPhere/Data/6.CAAS_traitfiles/Ranked/df4_sp.tab
AADACL3@317	0	1000	0.0		/home/miguel/IBE-UPF/TFM/Master_projects/PhyloPhere/Data/6.CAAS_traitfiles/Ranked/df4_sp.tab
AADACL3@326	0	1000	0.0		/home/miguel/IBE-UPF/TFM/Master_projects/PhyloPhere/Data/6.CAAS_traitfiles/Ranked/df4_sp.tab
AADACL3@327	1	1000	0.001	b_894	/home/miguel/IBE-UPF/TFM/Master_projects/PhyloPhere/Data/6.CAAS_traitfiles/Ranked/df4_sp.tab
AADACL3@328	0	1000	0.0		/home/miguel/IBE-UPF/TFM/Master_projects/PhyloPhere/Data/6.CAAS_traitfiles/Ranked/df4_sp.tab
AADACL3@330	0	1000	0.0		/home/miguel/IBE-UPF/TFM/Master_projects/PhyloPhere/Data/6.CAAS_traitfiles/Ranked/df4_sp.tab
AADACL3@334	5	1000	0.005	b_894,b_700,b_841,b_86,b_110	/home/miguel/IBE-UPF/TFM/Master_projects/PhyloPhere/Data/6.CAAS_traitfiles/Ranked/df4_sp.tab
AADACL3@341	0	1000	0.0		/home/miguel/IBE-UPF/TFM/Master_projects/PhyloPhere/Data/6.CAAS_traitfiles/Ranked/df4_sp.tab
AADACL3@343	0	1000	0.0		/home/miguel/IBE-UPF/TFM/Master_projects/PhyloPhere/Data/6.CAAS_traitfiles/Ranked/df4_sp.tab
AADACL3@344	0	1000	0.0		/home/miguel/IBE-UPF/TFM/Master_projects/PhyloPhere/Data/6.CAAS_traitfiles/Ranked/df4_sp.tab
AADACL3@347	6	1000	0.006	b_894,b_841,b_556,b_844,b_86,b_110	/home/miguel/IBE-UPF/TFM/Master_projects/PhyloPhere/Data/6.CAAS_traitfiles/Ranked/df4_sp.tab
AADACL3@362	0	1000	0.0		/home/miguel/IBE-UPF/TFM/Master_projects/PhyloPhere/Data/6.CAAS_traitfiles/Ranked/df4_sp.tab
AADACL3@365	0	1000	0.0		/home/miguel/IBE-UPF/TFM/Master_projects/PhyloPhere/Data/6.CAAS_traitfiles/Ranked/df4_sp.tab
AADACL3@367	5	1000	0.005	b_700,b_844,b_19,b_86,b_110	/home/miguel/IBE-UPF/TFM/Master_projects/PhyloPhere/Data/6.CAAS_traitfiles/Ranked/df4_sp.tab
AADACL3@368	4	1000	0.004	b_894,b_208,b_556,b_110	/home/miguel/IBE-UPF/TFM/Master_projects/PhyloPhere/Data/6.CAAS_traitfiles/Ranked/df4_sp.tab
AADACL3@375	0	1000	0.0		/home/miguel/IBE-UPF/TFM/Master_projects/PhyloPhere/Data/6.CAAS_traitfiles/Ranked/df4_sp.tab
AADACL3@376	6	1000	0.006	b_894,b_700,b_141,b_841,b_86,b_110	/home/miguel/IBE-UPF/TFM/Master_projects/PhyloPhere/Data/6.CAAS_traitfiles/Ranked/df4_sp.tab
AADACL3@378	0	1000	0.0		/home/miguel/IBE-UPF/TFM/Master_projects/PhyloPhere/Data/6.CAAS_traitfiles/Ranked/df4_sp.tab
AADACL3@380	0	1000	0.0		/home/miguel/IBE-UPF/TFM/Master_projects/PhyloPhere/Data/6.CAAS_traitfiles/Ranked/df4_sp.tab
AADACL3@381	6	1000	0.006	b_894,b_700,b_841,b_844,b_86,b_110	/home/miguel/IBE-UPF/TFM/Master_projects/PhyloPhere/Data/6.CAAS_traitfiles/Ranked/df4_sp.tab
AADACL3@382	0	1000	0.0		/home/miguel/IBE-UPF/TFM/Master_projects/PhyloPhere/Data/6.CAAS_traitfiles/Ranked/df4_sp.tab
AADACL3@383	3	1000	0.003	b_208,b_556,b_110	/home/miguel/IBE-UPF/TFM/Master_projects/PhyloPhere/Data/6.CAAS_traitfiles/Ranked/df4_sp.tab
AADACL3@384	4	1000	0.004	b_894,b_700,b_841,b_86	/home/miguel/IBE-UPF/TFM/Master_projects/PhyloPhere/Data/6.CAAS_traitfiles/Ranked/df4_sp.tab
AADACL3@387	5	1000	0.005	b_894,b_700,b_841,b_86,b_110	/home/miguel/IBE-UPF/TFM/Master_projects/PhyloPhere/Data/6.CAAS_traitfiles/Ranked/df4_sp.tab
AADACL3@389	0	1000	0.0		/home/miguel/IBE-UPF/TFM/Master_projects/PhyloPhere/Data/6.CAAS_traitfiles/Ranked/df4_sp.tab
AADACL3@390	0	1000	0.0		/home/miguel/IBE-UPF/TFM/Master_projects/PhyloPhere/Data/6.CAAS_traitfiles/Ranked/df4_sp.tab
AADACL3@392	0	1000	0.0		/home/miguel/IBE-UPF/TFM/Master_projects/PhyloPhere/Data/6.CAAS_traitfiles/Ranked/df4_sp.tab
AADACL3@393	0	1000	0.0		/home/miguel/IBE-UPF/TFM/Master_projects/PhyloPhere/Data/6.CAAS_traitfiles/Ranked/df4_sp.tab
AADACL3@394	5	1000	0.005	b_894,b_700,b_841,b_86,b_110	/home/miguel/IBE-UPF/TFM/Master_projects/PhyloPhere/Data/6.CAAS_traitfiles/Ranked/df4_sp.tab
AADACL3@396	3	1000	0.003	b_841,b_844,b_86	/home/miguel/IBE-UPF/TFM/Master_projects/PhyloPhere/Data/6.CAAS_traitfiles/Ranked/df4_sp.tab
AADACL3@397	0	1000	0.0		/home/miguel/IBE-UPF/TFM/Master_projects/PhyloPhere/Data/6.CAAS_traitfiles/Ranked/df4_sp.tab
AADACL3@399	0	1000	0.0		/home/miguel/IBE-UPF/TFM/Master_projects/PhyloPhere/Data/6.CAAS_traitfiles/Ranked/df4_sp.tab
AADACL3@401	0	1000	0.0		/home/miguel/IBE-UPF/TFM/Master_projects/PhyloPhere/Data/6.CAAS_traitfiles/Ranked/df4_sp.tab
