ABCB4@6	0	1000	0.0		/home/miguel/IBE-UPF/TFM/Master_projects/PhyloPhere/Data/6.CAAS_traitfiles/Ranked/df4_sp.tab
ABCB4@12	0	1000	0.0		/home/miguel/IBE-UPF/TFM/Master_projects/PhyloPhere/Data/6.CAAS_traitfiles/Ranked/df4_sp.tab
ABCB4@16	0	1000	0.0		/home/miguel/IBE-UPF/TFM/Master_projects/PhyloPhere/Data/6.CAAS_traitfiles/Ranked/df4_sp.tab
ABCB4@27	43	1000	0.043	b_376,b_719,b_65,b_485,b_807,b_86,b_919,b_217,b_165,b_810,b_948,b_636,b_993,b_135,b_367,b_812,b_725,b_7,b_743,b_875,b_844,b_841,b_589,b_244,b_373,b_363,b_577,b_334,b_699,b_605,b_935,b_780,b_903,b_451,b_484,b_453,b_665,b_997,b_265,b_392,b_663,b_880,b_67	/home/miguel/IBE-UPF/TFM/Master_projects/PhyloPhere/Data/6.CAAS_traitfiles/Ranked/df4_sp.tab
ABCB4@30	0	1000	0.0		/home/miguel/IBE-UPF/TFM/Master_projects/PhyloPhere/Data/6.CAAS_traitfiles/Ranked/df4_sp.tab
ABCB4@34	0	1000	0.0		/home/miguel/IBE-UPF/TFM/Master_projects/PhyloPhere/Data/6.CAAS_traitfiles/Ranked/df4_sp.tab
ABCB4@40	0	1000	0.0		/home/miguel/IBE-UPF/TFM/Master_projects/PhyloPhere/Data/6.CAAS_traitfiles/Ranked/df4_sp.tab
ABCB4@41	0	1000	0.0		/home/miguel/IBE-UPF/TFM/Master_projects/PhyloPhere/Data/6.CAAS_traitfiles/Ranked/df4_sp.tab
ABCB4@43	69	1000	0.069	b_891,b_65,b_894,b_807,b_86,b_490,b_890,b_29,b_628,b_202,b_40,b_976,b_59,b_697,b_574,b_806,b_366,b_361,b_415,b_284,b_768,b_151,b_734,b_77,b_94,b_771,b_462,b_841,b_710,b_45,b_510,b_129,b_317,b_273,b_250,b_688,b_796,b_312,b_914,b_958,b_115,b_475,b_605,b_935,b_526,b_751,b_274,b_694,b_442,b_78,b_51,b_861,b_186,b_992,b_826,b_396,b_110,b_926,b_265,b_700,b_145,b_880,b_147,b_67,b_900,b_949,b_804,b_209,b_222	/home/miguel/IBE-UPF/TFM/Master_projects/PhyloPhere/Data/6.CAAS_traitfiles/Ranked/df4_sp.tab
ABCB4@45	0	1000	0.0		/home/miguel/IBE-UPF/TFM/Master_projects/PhyloPhere/Data/6.CAAS_traitfiles/Ranked/df4_sp.tab
ABCB4@47	0	1000	0.0		/home/miguel/IBE-UPF/TFM/Master_projects/PhyloPhere/Data/6.CAAS_traitfiles/Ranked/df4_sp.tab
ABCB4@48	1	1000	0.001	b_763	/home/miguel/IBE-UPF/TFM/Master_projects/PhyloPhere/Data/6.CAAS_traitfiles/Ranked/df4_sp.tab
ABCB4@50	0	1000	0.0		/home/miguel/IBE-UPF/TFM/Master_projects/PhyloPhere/Data/6.CAAS_traitfiles/Ranked/df4_sp.tab
ABCB4@54	0	1000	0.0		/home/miguel/IBE-UPF/TFM/Master_projects/PhyloPhere/Data/6.CAAS_traitfiles/Ranked/df4_sp.tab
ABCB4@55	0	1000	0.0		/home/miguel/IBE-UPF/TFM/Master_projects/PhyloPhere/Data/6.CAAS_traitfiles/Ranked/df4_sp.tab
ABCB4@56	0	1000	0.0		/home/miguel/IBE-UPF/TFM/Master_projects/PhyloPhere/Data/6.CAAS_traitfiles/Ranked/df4_sp.tab
ABCB4@59	0	1000	0.0		/home/miguel/IBE-UPF/TFM/Master_projects/PhyloPhere/Data/6.CAAS_traitfiles/Ranked/df4_sp.tab
ABCB4@60	0	1000	0.0		/home/miguel/IBE-UPF/TFM/Master_projects/PhyloPhere/Data/6.CAAS_traitfiles/Ranked/df4_sp.tab
ABCB4@61	0	1000	0.0		/home/miguel/IBE-UPF/TFM/Master_projects/PhyloPhere/Data/6.CAAS_traitfiles/Ranked/df4_sp.tab
ABCB4@62	0	1000	0.0		/home/miguel/IBE-UPF/TFM/Master_projects/PhyloPhere/Data/6.CAAS_traitfiles/Ranked/df4_sp.tab
ABCB4@68	0	1000	0.0		/home/miguel/IBE-UPF/TFM/Master_projects/PhyloPhere/Data/6.CAAS_traitfiles/Ranked/df4_sp.tab
ABCB4@87	0	1000	0.0		/home/miguel/IBE-UPF/TFM/Master_projects/PhyloPhere/Data/6.CAAS_traitfiles/Ranked/df4_sp.tab
ABCB4@105	0	1000	0.0		/home/miguel/IBE-UPF/TFM/Master_projects/PhyloPhere/Data/6.CAAS_traitfiles/Ranked/df4_sp.tab
ABCB4@106	0	1000	0.0		/home/miguel/IBE-UPF/TFM/Master_projects/PhyloPhere/Data/6.CAAS_traitfiles/Ranked/df4_sp.tab
ABCB4@111	19	1000	0.019	b_890,b_697,b_806,b_366,b_415,b_710,b_718,b_629,b_311,b_238,b_104,b_267,b_861,b_992,b_110,b_172,b_767,b_19,b_147	/home/miguel/IBE-UPF/TFM/Master_projects/PhyloPhere/Data/6.CAAS_traitfiles/Ranked/df4_sp.tab
ABCB4@121	0	1000	0.0		/home/miguel/IBE-UPF/TFM/Master_projects/PhyloPhere/Data/6.CAAS_traitfiles/Ranked/df4_sp.tab
ABCB4@122	0	1000	0.0		/home/miguel/IBE-UPF/TFM/Master_projects/PhyloPhere/Data/6.CAAS_traitfiles/Ranked/df4_sp.tab
ABCB4@124	11	1000	0.011	b_414,b_574,b_71,b_670,b_43,b_647,b_475,b_780,b_545,b_578,b_941	/home/miguel/IBE-UPF/TFM/Master_projects/PhyloPhere/Data/6.CAAS_traitfiles/Ranked/df4_sp.tab
ABCB4@125	0	1000	0.0		/home/miguel/IBE-UPF/TFM/Master_projects/PhyloPhere/Data/6.CAAS_traitfiles/Ranked/df4_sp.tab
ABCB4@139	0	1000	0.0		/home/miguel/IBE-UPF/TFM/Master_projects/PhyloPhere/Data/6.CAAS_traitfiles/Ranked/df4_sp.tab
ABCB4@158	0	1000	0.0		/home/miguel/IBE-UPF/TFM/Master_projects/PhyloPhere/Data/6.CAAS_traitfiles/Ranked/df4_sp.tab
ABCB4@166	0	1000	0.0		/home/miguel/IBE-UPF/TFM/Master_projects/PhyloPhere/Data/6.CAAS_traitfiles/Ranked/df4_sp.tab
ABCB4@174	0	1000	0.0		/home/miguel/IBE-UPF/TFM/Master_projects/PhyloPhere/Data/6.CAAS_traitfiles/Ranked/df4_sp.tab
ABCB4@180	0	1000	0.0		/home/miguel/IBE-UPF/TFM/Master_projects/PhyloPhere/Data/6.CAAS_traitfiles/Ranked/df4_sp.tab
ABCB4@185	0	1000	0.0		/home/miguel/IBE-UPF/TFM/Master_projects/PhyloPhere/Data/6.CAAS_traitfiles/Ranked/df4_sp.tab
ABCB4@187	0	1000	0.0		/home/miguel/IBE-UPF/TFM/Master_projects/PhyloPhere/Data/6.CAAS_traitfiles/Ranked/df4_sp.tab
ABCB4@194	0	1000	0.0		/home/miguel/IBE-UPF/TFM/Master_projects/PhyloPhere/Data/6.CAAS_traitfiles/Ranked/df4_sp.tab
ABCB4@213	0	1000	0.0		/home/miguel/IBE-UPF/TFM/Master_projects/PhyloPhere/Data/6.CAAS_traitfiles/Ranked/df4_sp.tab
ABCB4@218	0	1000	0.0		/home/miguel/IBE-UPF/TFM/Master_projects/PhyloPhere/Data/6.CAAS_traitfiles/Ranked/df4_sp.tab
ABCB4@234	0	1000	0.0		/home/miguel/IBE-UPF/TFM/Master_projects/PhyloPhere/Data/6.CAAS_traitfiles/Ranked/df4_sp.tab
ABCB4@239	0	1000	0.0		/home/miguel/IBE-UPF/TFM/Master_projects/PhyloPhere/Data/6.CAAS_traitfiles/Ranked/df4_sp.tab
ABCB4@242	35	1000	0.035	b_376,b_719,b_65,b_485,b_807,b_86,b_919,b_668,b_165,b_348,b_948,b_636,b_135,b_100,b_367,b_812,b_835,b_460,b_7,b_743,b_844,b_841,b_589,b_244,b_363,b_577,b_334,b_699,b_953,b_605,b_935,b_453,b_997,b_265,b_663	/home/miguel/IBE-UPF/TFM/Master_projects/PhyloPhere/Data/6.CAAS_traitfiles/Ranked/df4_sp.tab
ABCB4@275	0	1000	0.0		/home/miguel/IBE-UPF/TFM/Master_projects/PhyloPhere/Data/6.CAAS_traitfiles/Ranked/df4_sp.tab
ABCB4@279	0	1000	0.0		/home/miguel/IBE-UPF/TFM/Master_projects/PhyloPhere/Data/6.CAAS_traitfiles/Ranked/df4_sp.tab
ABCB4@320	0	1000	0.0		/home/miguel/IBE-UPF/TFM/Master_projects/PhyloPhere/Data/6.CAAS_traitfiles/Ranked/df4_sp.tab
ABCB4@339	0	1000	0.0		/home/miguel/IBE-UPF/TFM/Master_projects/PhyloPhere/Data/6.CAAS_traitfiles/Ranked/df4_sp.tab
ABCB4@342	0	1000	0.0		/home/miguel/IBE-UPF/TFM/Master_projects/PhyloPhere/Data/6.CAAS_traitfiles/Ranked/df4_sp.tab
ABCB4@343	0	1000	0.0		/home/miguel/IBE-UPF/TFM/Master_projects/PhyloPhere/Data/6.CAAS_traitfiles/Ranked/df4_sp.tab
ABCB4@345	45	1000	0.045	b_376,b_719,b_65,b_485,b_210,b_807,b_86,b_919,b_217,b_165,b_810,b_948,b_636,b_993,b_135,b_367,b_812,b_725,b_7,b_12,b_743,b_875,b_844,b_841,b_589,b_244,b_373,b_363,b_577,b_334,b_699,b_605,b_935,b_780,b_903,b_451,b_484,b_453,b_665,b_997,b_265,b_392,b_663,b_880,b_67	/home/miguel/IBE-UPF/TFM/Master_projects/PhyloPhere/Data/6.CAAS_traitfiles/Ranked/df4_sp.tab
ABCB4@347	0	1000	0.0		/home/miguel/IBE-UPF/TFM/Master_projects/PhyloPhere/Data/6.CAAS_traitfiles/Ranked/df4_sp.tab
ABCB4@351	0	1000	0.0		/home/miguel/IBE-UPF/TFM/Master_projects/PhyloPhere/Data/6.CAAS_traitfiles/Ranked/df4_sp.tab
ABCB4@354	0	1000	0.0		/home/miguel/IBE-UPF/TFM/Master_projects/PhyloPhere/Data/6.CAAS_traitfiles/Ranked/df4_sp.tab
ABCB4@359	0	1000	0.0		/home/miguel/IBE-UPF/TFM/Master_projects/PhyloPhere/Data/6.CAAS_traitfiles/Ranked/df4_sp.tab
ABCB4@361	0	1000	0.0		/home/miguel/IBE-UPF/TFM/Master_projects/PhyloPhere/Data/6.CAAS_traitfiles/Ranked/df4_sp.tab
ABCB4@363	0	1000	0.0		/home/miguel/IBE-UPF/TFM/Master_projects/PhyloPhere/Data/6.CAAS_traitfiles/Ranked/df4_sp.tab
ABCB4@367	0	1000	0.0		/home/miguel/IBE-UPF/TFM/Master_projects/PhyloPhere/Data/6.CAAS_traitfiles/Ranked/df4_sp.tab
ABCB4@370	0	1000	0.0		/home/miguel/IBE-UPF/TFM/Master_projects/PhyloPhere/Data/6.CAAS_traitfiles/Ranked/df4_sp.tab
ABCB4@372	0	1000	0.0		/home/miguel/IBE-UPF/TFM/Master_projects/PhyloPhere/Data/6.CAAS_traitfiles/Ranked/df4_sp.tab
ABCB4@374	0	1000	0.0		/home/miguel/IBE-UPF/TFM/Master_projects/PhyloPhere/Data/6.CAAS_traitfiles/Ranked/df4_sp.tab
ABCB4@378	0	1000	0.0		/home/miguel/IBE-UPF/TFM/Master_projects/PhyloPhere/Data/6.CAAS_traitfiles/Ranked/df4_sp.tab
ABCB4@384	0	1000	0.0		/home/miguel/IBE-UPF/TFM/Master_projects/PhyloPhere/Data/6.CAAS_traitfiles/Ranked/df4_sp.tab
ABCB4@392	49	1000	0.049	b_891,b_894,b_86,b_890,b_29,b_628,b_202,b_40,b_976,b_697,b_574,b_806,b_366,b_361,b_415,b_284,b_151,b_734,b_77,b_94,b_462,b_841,b_710,b_45,b_510,b_129,b_317,b_273,b_250,b_688,b_796,b_312,b_115,b_475,b_526,b_751,b_274,b_694,b_78,b_51,b_861,b_992,b_396,b_110,b_926,b_772,b_700,b_147,b_949	/home/miguel/IBE-UPF/TFM/Master_projects/PhyloPhere/Data/6.CAAS_traitfiles/Ranked/df4_sp.tab
ABCB4@393	0	1000	0.0		/home/miguel/IBE-UPF/TFM/Master_projects/PhyloPhere/Data/6.CAAS_traitfiles/Ranked/df4_sp.tab
ABCB4@404	0	1000	0.0		/home/miguel/IBE-UPF/TFM/Master_projects/PhyloPhere/Data/6.CAAS_traitfiles/Ranked/df4_sp.tab
ABCB4@406	0	1000	0.0		/home/miguel/IBE-UPF/TFM/Master_projects/PhyloPhere/Data/6.CAAS_traitfiles/Ranked/df4_sp.tab
ABCB4@407	11	1000	0.011	b_414,b_574,b_71,b_670,b_43,b_647,b_475,b_780,b_545,b_578,b_941	/home/miguel/IBE-UPF/TFM/Master_projects/PhyloPhere/Data/6.CAAS_traitfiles/Ranked/df4_sp.tab
ABCB4@408	0	1000	0.0		/home/miguel/IBE-UPF/TFM/Master_projects/PhyloPhere/Data/6.CAAS_traitfiles/Ranked/df4_sp.tab
ABCB4@412	0	1000	0.0		/home/miguel/IBE-UPF/TFM/Master_projects/PhyloPhere/Data/6.CAAS_traitfiles/Ranked/df4_sp.tab
ABCB4@416	11	1000	0.011	b_414,b_574,b_71,b_670,b_43,b_647,b_475,b_780,b_545,b_578,b_941	/home/miguel/IBE-UPF/TFM/Master_projects/PhyloPhere/Data/6.CAAS_traitfiles/Ranked/df4_sp.tab
ABCB4@417	0	1000	0.0		/home/miguel/IBE-UPF/TFM/Master_projects/PhyloPhere/Data/6.CAAS_traitfiles/Ranked/df4_sp.tab
ABCB4@420	16	1000	0.016	b_190,b_454,b_221,b_414,b_153,b_71,b_417,b_670,b_424,b_341,b_780,b_809,b_585,b_533,b_941,b_172	/home/miguel/IBE-UPF/TFM/Master_projects/PhyloPhere/Data/6.CAAS_traitfiles/Ranked/df4_sp.tab
ABCB4@425	0	1000	0.0		/home/miguel/IBE-UPF/TFM/Master_projects/PhyloPhere/Data/6.CAAS_traitfiles/Ranked/df4_sp.tab
ABCB4@430	0	1000	0.0		/home/miguel/IBE-UPF/TFM/Master_projects/PhyloPhere/Data/6.CAAS_traitfiles/Ranked/df4_sp.tab
ABCB4@434	0	1000	0.0		/home/miguel/IBE-UPF/TFM/Master_projects/PhyloPhere/Data/6.CAAS_traitfiles/Ranked/df4_sp.tab
ABCB4@457	0	1000	0.0		/home/miguel/IBE-UPF/TFM/Master_projects/PhyloPhere/Data/6.CAAS_traitfiles/Ranked/df4_sp.tab
ABCB4@462	0	1000	0.0		/home/miguel/IBE-UPF/TFM/Master_projects/PhyloPhere/Data/6.CAAS_traitfiles/Ranked/df4_sp.tab
ABCB4@467	0	1000	0.0		/home/miguel/IBE-UPF/TFM/Master_projects/PhyloPhere/Data/6.CAAS_traitfiles/Ranked/df4_sp.tab
ABCB4@471	0	1000	0.0		/home/miguel/IBE-UPF/TFM/Master_projects/PhyloPhere/Data/6.CAAS_traitfiles/Ranked/df4_sp.tab
ABCB4@475	0	1000	0.0		/home/miguel/IBE-UPF/TFM/Master_projects/PhyloPhere/Data/6.CAAS_traitfiles/Ranked/df4_sp.tab
ABCB4@519	0	1000	0.0		/home/miguel/IBE-UPF/TFM/Master_projects/PhyloPhere/Data/6.CAAS_traitfiles/Ranked/df4_sp.tab
ABCB4@523	0	1000	0.0		/home/miguel/IBE-UPF/TFM/Master_projects/PhyloPhere/Data/6.CAAS_traitfiles/Ranked/df4_sp.tab
ABCB4@553	0	1000	0.0		/home/miguel/IBE-UPF/TFM/Master_projects/PhyloPhere/Data/6.CAAS_traitfiles/Ranked/df4_sp.tab
ABCB4@557	11	1000	0.011	b_414,b_574,b_71,b_670,b_43,b_647,b_475,b_780,b_545,b_578,b_941	/home/miguel/IBE-UPF/TFM/Master_projects/PhyloPhere/Data/6.CAAS_traitfiles/Ranked/df4_sp.tab
ABCB4@558	0	1000	0.0		/home/miguel/IBE-UPF/TFM/Master_projects/PhyloPhere/Data/6.CAAS_traitfiles/Ranked/df4_sp.tab
ABCB4@566	0	1000	0.0		/home/miguel/IBE-UPF/TFM/Master_projects/PhyloPhere/Data/6.CAAS_traitfiles/Ranked/df4_sp.tab
ABCB4@568	0	1000	0.0		/home/miguel/IBE-UPF/TFM/Master_projects/PhyloPhere/Data/6.CAAS_traitfiles/Ranked/df4_sp.tab
ABCB4@569	0	1000	0.0		/home/miguel/IBE-UPF/TFM/Master_projects/PhyloPhere/Data/6.CAAS_traitfiles/Ranked/df4_sp.tab
ABCB4@574	0	1000	0.0		/home/miguel/IBE-UPF/TFM/Master_projects/PhyloPhere/Data/6.CAAS_traitfiles/Ranked/df4_sp.tab
ABCB4@578	11	1000	0.011	b_414,b_574,b_71,b_670,b_43,b_647,b_475,b_780,b_545,b_578,b_941	/home/miguel/IBE-UPF/TFM/Master_projects/PhyloPhere/Data/6.CAAS_traitfiles/Ranked/df4_sp.tab
ABCB4@582	0	1000	0.0		/home/miguel/IBE-UPF/TFM/Master_projects/PhyloPhere/Data/6.CAAS_traitfiles/Ranked/df4_sp.tab
ABCB4@585	0	1000	0.0		/home/miguel/IBE-UPF/TFM/Master_projects/PhyloPhere/Data/6.CAAS_traitfiles/Ranked/df4_sp.tab
ABCB4@586	0	1000	0.0		/home/miguel/IBE-UPF/TFM/Master_projects/PhyloPhere/Data/6.CAAS_traitfiles/Ranked/df4_sp.tab
ABCB4@588	2	1000	0.002	b_592,b_517	/home/miguel/IBE-UPF/TFM/Master_projects/PhyloPhere/Data/6.CAAS_traitfiles/Ranked/df4_sp.tab
ABCB4@589	0	1000	0.0		/home/miguel/IBE-UPF/TFM/Master_projects/PhyloPhere/Data/6.CAAS_traitfiles/Ranked/df4_sp.tab
ABCB4@590	0	1000	0.0		/home/miguel/IBE-UPF/TFM/Master_projects/PhyloPhere/Data/6.CAAS_traitfiles/Ranked/df4_sp.tab
ABCB4@591	0	1000	0.0		/home/miguel/IBE-UPF/TFM/Master_projects/PhyloPhere/Data/6.CAAS_traitfiles/Ranked/df4_sp.tab
ABCB4@592	0	1000	0.0		/home/miguel/IBE-UPF/TFM/Master_projects/PhyloPhere/Data/6.CAAS_traitfiles/Ranked/df4_sp.tab
ABCB4@594	0	1000	0.0		/home/miguel/IBE-UPF/TFM/Master_projects/PhyloPhere/Data/6.CAAS_traitfiles/Ranked/df4_sp.tab
ABCB4@598	0	1000	0.0		/home/miguel/IBE-UPF/TFM/Master_projects/PhyloPhere/Data/6.CAAS_traitfiles/Ranked/df4_sp.tab
ABCB4@599	0	1000	0.0		/home/miguel/IBE-UPF/TFM/Master_projects/PhyloPhere/Data/6.CAAS_traitfiles/Ranked/df4_sp.tab
ABCB4@602	0	1000	0.0		/home/miguel/IBE-UPF/TFM/Master_projects/PhyloPhere/Data/6.CAAS_traitfiles/Ranked/df4_sp.tab
ABCB4@603	0	1000	0.0		/home/miguel/IBE-UPF/TFM/Master_projects/PhyloPhere/Data/6.CAAS_traitfiles/Ranked/df4_sp.tab
ABCB4@604	10	1000	0.01	b_65,b_807,b_919,b_538,b_812,b_875,b_577,b_334,b_699,b_605	/home/miguel/IBE-UPF/TFM/Master_projects/PhyloPhere/Data/6.CAAS_traitfiles/Ranked/df4_sp.tab
ABCB4@605	0	1000	0.0		/home/miguel/IBE-UPF/TFM/Master_projects/PhyloPhere/Data/6.CAAS_traitfiles/Ranked/df4_sp.tab
ABCB4@606	0	1000	0.0		/home/miguel/IBE-UPF/TFM/Master_projects/PhyloPhere/Data/6.CAAS_traitfiles/Ranked/df4_sp.tab
ABCB4@607	8	1000	0.008	b_890,b_196,b_510,b_317,b_288,b_859,b_503,b_565	/home/miguel/IBE-UPF/TFM/Master_projects/PhyloPhere/Data/6.CAAS_traitfiles/Ranked/df4_sp.tab
ABCB4@609	0	1000	0.0		/home/miguel/IBE-UPF/TFM/Master_projects/PhyloPhere/Data/6.CAAS_traitfiles/Ranked/df4_sp.tab
ABCB4@612	0	1000	0.0		/home/miguel/IBE-UPF/TFM/Master_projects/PhyloPhere/Data/6.CAAS_traitfiles/Ranked/df4_sp.tab
ABCB4@614	0	1000	0.0		/home/miguel/IBE-UPF/TFM/Master_projects/PhyloPhere/Data/6.CAAS_traitfiles/Ranked/df4_sp.tab
ABCB4@615	11	1000	0.011	b_414,b_574,b_71,b_670,b_43,b_647,b_475,b_780,b_545,b_578,b_941	/home/miguel/IBE-UPF/TFM/Master_projects/PhyloPhere/Data/6.CAAS_traitfiles/Ranked/df4_sp.tab
ABCB4@616	0	1000	0.0		/home/miguel/IBE-UPF/TFM/Master_projects/PhyloPhere/Data/6.CAAS_traitfiles/Ranked/df4_sp.tab
ABCB4@618	11	1000	0.011	b_414,b_574,b_71,b_670,b_43,b_647,b_475,b_780,b_545,b_578,b_941	/home/miguel/IBE-UPF/TFM/Master_projects/PhyloPhere/Data/6.CAAS_traitfiles/Ranked/df4_sp.tab
ABCB4@621	11	1000	0.011	b_414,b_574,b_71,b_670,b_43,b_647,b_475,b_780,b_545,b_578,b_941	/home/miguel/IBE-UPF/TFM/Master_projects/PhyloPhere/Data/6.CAAS_traitfiles/Ranked/df4_sp.tab
ABCB4@623	18	1000	0.018	b_522,b_414,b_501,b_574,b_502,b_43,b_116,b_647,b_8,b_475,b_780,b_671,b_545,b_578,b_941,b_626,b_265,b_57	/home/miguel/IBE-UPF/TFM/Master_projects/PhyloPhere/Data/6.CAAS_traitfiles/Ranked/df4_sp.tab
ABCB4@624	0	1000	0.0		/home/miguel/IBE-UPF/TFM/Master_projects/PhyloPhere/Data/6.CAAS_traitfiles/Ranked/df4_sp.tab
ABCB4@625	11	1000	0.011	b_414,b_574,b_71,b_670,b_43,b_647,b_475,b_780,b_545,b_578,b_941	/home/miguel/IBE-UPF/TFM/Master_projects/PhyloPhere/Data/6.CAAS_traitfiles/Ranked/df4_sp.tab
ABCB4@627	0	1000	0.0		/home/miguel/IBE-UPF/TFM/Master_projects/PhyloPhere/Data/6.CAAS_traitfiles/Ranked/df4_sp.tab
ABCB4@628	48	1000	0.048	b_891,b_894,b_86,b_890,b_29,b_628,b_202,b_40,b_976,b_697,b_574,b_806,b_366,b_361,b_415,b_284,b_151,b_734,b_77,b_94,b_462,b_841,b_710,b_45,b_510,b_129,b_317,b_273,b_250,b_688,b_796,b_312,b_115,b_475,b_526,b_751,b_274,b_694,b_78,b_51,b_861,b_992,b_396,b_110,b_926,b_700,b_147,b_949	/home/miguel/IBE-UPF/TFM/Master_projects/PhyloPhere/Data/6.CAAS_traitfiles/Ranked/df4_sp.tab
ABCB4@629	60	1000	0.06	b_376,b_719,b_65,b_894,b_485,b_807,b_86,b_919,b_490,b_217,b_165,b_810,b_948,b_636,b_993,b_135,b_367,b_812,b_725,b_59,b_7,b_768,b_743,b_771,b_875,b_844,b_841,b_589,b_244,b_373,b_363,b_577,b_334,b_914,b_958,b_699,b_605,b_935,b_780,b_442,b_186,b_826,b_903,b_451,b_110,b_484,b_453,b_665,b_997,b_265,b_700,b_392,b_145,b_663,b_880,b_67,b_900,b_804,b_209,b_222	/home/miguel/IBE-UPF/TFM/Master_projects/PhyloPhere/Data/6.CAAS_traitfiles/Ranked/df4_sp.tab
ABCB4@630	14	1000	0.014	b_592,b_517,b_414,b_574,b_71,b_670,b_43,b_647,b_475,b_780,b_545,b_861,b_578,b_941	/home/miguel/IBE-UPF/TFM/Master_projects/PhyloPhere/Data/6.CAAS_traitfiles/Ranked/df4_sp.tab
ABCB4@631	0	1000	0.0		/home/miguel/IBE-UPF/TFM/Master_projects/PhyloPhere/Data/6.CAAS_traitfiles/Ranked/df4_sp.tab
ABCB4@632	0	1000	0.0		/home/miguel/IBE-UPF/TFM/Master_projects/PhyloPhere/Data/6.CAAS_traitfiles/Ranked/df4_sp.tab
ABCB4@633	14	1000	0.014	b_592,b_517,b_414,b_574,b_71,b_670,b_43,b_647,b_475,b_780,b_545,b_861,b_578,b_941	/home/miguel/IBE-UPF/TFM/Master_projects/PhyloPhere/Data/6.CAAS_traitfiles/Ranked/df4_sp.tab
ABCB4@634	11	1000	0.011	b_414,b_574,b_71,b_670,b_43,b_647,b_475,b_780,b_545,b_578,b_941	/home/miguel/IBE-UPF/TFM/Master_projects/PhyloPhere/Data/6.CAAS_traitfiles/Ranked/df4_sp.tab
ABCB4@635	0	1000	0.0		/home/miguel/IBE-UPF/TFM/Master_projects/PhyloPhere/Data/6.CAAS_traitfiles/Ranked/df4_sp.tab
ABCB4@636	0	1000	0.0		/home/miguel/IBE-UPF/TFM/Master_projects/PhyloPhere/Data/6.CAAS_traitfiles/Ranked/df4_sp.tab
ABCB4@638	18	1000	0.018	b_190,b_876,b_221,b_414,b_466,b_447,b_71,b_417,b_251,b_670,b_586,b_341,b_49,b_780,b_809,b_533,b_941,b_651	/home/miguel/IBE-UPF/TFM/Master_projects/PhyloPhere/Data/6.CAAS_traitfiles/Ranked/df4_sp.tab
ABCB4@639	0	1000	0.0		/home/miguel/IBE-UPF/TFM/Master_projects/PhyloPhere/Data/6.CAAS_traitfiles/Ranked/df4_sp.tab
ABCB4@640	27	1000	0.027	b_600,b_111,b_890,b_414,b_837,b_648,b_574,b_806,b_71,b_462,b_670,b_510,b_317,b_979,b_43,b_273,b_647,b_253,b_475,b_780,b_274,b_545,b_578,b_110,b_941,b_298,b_19	/home/miguel/IBE-UPF/TFM/Master_projects/PhyloPhere/Data/6.CAAS_traitfiles/Ranked/df4_sp.tab
ABCB4@641	0	1000	0.0		/home/miguel/IBE-UPF/TFM/Master_projects/PhyloPhere/Data/6.CAAS_traitfiles/Ranked/df4_sp.tab
ABCB4@642	11	1000	0.011	b_414,b_574,b_71,b_670,b_43,b_647,b_475,b_780,b_545,b_578,b_941	/home/miguel/IBE-UPF/TFM/Master_projects/PhyloPhere/Data/6.CAAS_traitfiles/Ranked/df4_sp.tab
ABCB4@643	0	1000	0.0		/home/miguel/IBE-UPF/TFM/Master_projects/PhyloPhere/Data/6.CAAS_traitfiles/Ranked/df4_sp.tab
ABCB4@657	0	1000	0.0		/home/miguel/IBE-UPF/TFM/Master_projects/PhyloPhere/Data/6.CAAS_traitfiles/Ranked/df4_sp.tab
ABCB4@672	0	1000	0.0		/home/miguel/IBE-UPF/TFM/Master_projects/PhyloPhere/Data/6.CAAS_traitfiles/Ranked/df4_sp.tab
ABCB4@673	0	1000	0.0		/home/miguel/IBE-UPF/TFM/Master_projects/PhyloPhere/Data/6.CAAS_traitfiles/Ranked/df4_sp.tab
ABCB4@676	0	1000	0.0		/home/miguel/IBE-UPF/TFM/Master_projects/PhyloPhere/Data/6.CAAS_traitfiles/Ranked/df4_sp.tab
ABCB4@680	0	1000	0.0		/home/miguel/IBE-UPF/TFM/Master_projects/PhyloPhere/Data/6.CAAS_traitfiles/Ranked/df4_sp.tab
ABCB4@683	0	1000	0.0		/home/miguel/IBE-UPF/TFM/Master_projects/PhyloPhere/Data/6.CAAS_traitfiles/Ranked/df4_sp.tab
ABCB4@688	22	1000	0.022	b_562,b_774,b_86,b_890,b_668,b_348,b_36,b_26,b_697,b_828,b_218,b_284,b_412,b_570,b_844,b_817,b_841,b_510,b_317,b_805,b_720,b_312	/home/miguel/IBE-UPF/TFM/Master_projects/PhyloPhere/Data/6.CAAS_traitfiles/Ranked/df4_sp.tab
ABCB4@690	25	1000	0.025	b_562,b_894,b_810,b_993,b_725,b_697,b_806,b_928,b_412,b_875,b_208,b_844,b_718,b_373,b_728,b_881,b_104,b_916,b_564,b_903,b_39,b_172,b_484,b_767,b_103	/home/miguel/IBE-UPF/TFM/Master_projects/PhyloPhere/Data/6.CAAS_traitfiles/Ranked/df4_sp.tab
ABCB4@691	0	1000	0.0		/home/miguel/IBE-UPF/TFM/Master_projects/PhyloPhere/Data/6.CAAS_traitfiles/Ranked/df4_sp.tab
ABCB4@698	0	1000	0.0		/home/miguel/IBE-UPF/TFM/Master_projects/PhyloPhere/Data/6.CAAS_traitfiles/Ranked/df4_sp.tab
ABCB4@702	0	1000	0.0		/home/miguel/IBE-UPF/TFM/Master_projects/PhyloPhere/Data/6.CAAS_traitfiles/Ranked/df4_sp.tab
ABCB4@706	0	1000	0.0		/home/miguel/IBE-UPF/TFM/Master_projects/PhyloPhere/Data/6.CAAS_traitfiles/Ranked/df4_sp.tab
ABCB4@707	0	1000	0.0		/home/miguel/IBE-UPF/TFM/Master_projects/PhyloPhere/Data/6.CAAS_traitfiles/Ranked/df4_sp.tab
ABCB4@710	0	1000	0.0		/home/miguel/IBE-UPF/TFM/Master_projects/PhyloPhere/Data/6.CAAS_traitfiles/Ranked/df4_sp.tab
ABCB4@713	16	1000	0.016	b_414,b_574,b_71,b_670,b_244,b_429,b_43,b_647,b_184,b_475,b_780,b_809,b_545,b_578,b_533,b_941	/home/miguel/IBE-UPF/TFM/Master_projects/PhyloPhere/Data/6.CAAS_traitfiles/Ranked/df4_sp.tab
ABCB4@724	0	1000	0.0		/home/miguel/IBE-UPF/TFM/Master_projects/PhyloPhere/Data/6.CAAS_traitfiles/Ranked/df4_sp.tab
ABCB4@738	48	1000	0.048	b_891,b_894,b_86,b_890,b_29,b_628,b_202,b_40,b_976,b_697,b_574,b_806,b_366,b_361,b_415,b_284,b_151,b_734,b_77,b_94,b_462,b_841,b_710,b_45,b_510,b_129,b_317,b_273,b_250,b_688,b_796,b_312,b_115,b_475,b_526,b_751,b_274,b_694,b_78,b_51,b_861,b_992,b_396,b_110,b_926,b_700,b_147,b_949	/home/miguel/IBE-UPF/TFM/Master_projects/PhyloPhere/Data/6.CAAS_traitfiles/Ranked/df4_sp.tab
ABCB4@743	11	1000	0.011	b_414,b_574,b_71,b_670,b_43,b_647,b_475,b_780,b_545,b_578,b_941	/home/miguel/IBE-UPF/TFM/Master_projects/PhyloPhere/Data/6.CAAS_traitfiles/Ranked/df4_sp.tab
ABCB4@746	0	1000	0.0		/home/miguel/IBE-UPF/TFM/Master_projects/PhyloPhere/Data/6.CAAS_traitfiles/Ranked/df4_sp.tab
ABCB4@753	0	1000	0.0		/home/miguel/IBE-UPF/TFM/Master_projects/PhyloPhere/Data/6.CAAS_traitfiles/Ranked/df4_sp.tab
ABCB4@759	0	1000	0.0		/home/miguel/IBE-UPF/TFM/Master_projects/PhyloPhere/Data/6.CAAS_traitfiles/Ranked/df4_sp.tab
ABCB4@760	0	1000	0.0		/home/miguel/IBE-UPF/TFM/Master_projects/PhyloPhere/Data/6.CAAS_traitfiles/Ranked/df4_sp.tab
ABCB4@772	0	1000	0.0		/home/miguel/IBE-UPF/TFM/Master_projects/PhyloPhere/Data/6.CAAS_traitfiles/Ranked/df4_sp.tab
ABCB4@778	0	1000	0.0		/home/miguel/IBE-UPF/TFM/Master_projects/PhyloPhere/Data/6.CAAS_traitfiles/Ranked/df4_sp.tab
ABCB4@780	0	1000	0.0		/home/miguel/IBE-UPF/TFM/Master_projects/PhyloPhere/Data/6.CAAS_traitfiles/Ranked/df4_sp.tab
ABCB4@792	69	1000	0.069	b_891,b_65,b_894,b_807,b_86,b_490,b_890,b_29,b_628,b_202,b_40,b_976,b_59,b_697,b_574,b_806,b_366,b_361,b_415,b_284,b_768,b_151,b_734,b_77,b_94,b_771,b_462,b_841,b_710,b_45,b_510,b_129,b_317,b_273,b_250,b_688,b_796,b_312,b_914,b_958,b_115,b_475,b_605,b_935,b_526,b_751,b_274,b_694,b_442,b_78,b_51,b_861,b_186,b_992,b_826,b_396,b_110,b_926,b_265,b_700,b_145,b_880,b_147,b_67,b_900,b_949,b_804,b_209,b_222	/home/miguel/IBE-UPF/TFM/Master_projects/PhyloPhere/Data/6.CAAS_traitfiles/Ranked/df4_sp.tab
ABCB4@799	0	1000	0.0		/home/miguel/IBE-UPF/TFM/Master_projects/PhyloPhere/Data/6.CAAS_traitfiles/Ranked/df4_sp.tab
ABCB4@810	0	1000	0.0		/home/miguel/IBE-UPF/TFM/Master_projects/PhyloPhere/Data/6.CAAS_traitfiles/Ranked/df4_sp.tab
ABCB4@815	48	1000	0.048	b_891,b_894,b_86,b_890,b_29,b_628,b_202,b_40,b_976,b_697,b_574,b_806,b_366,b_361,b_415,b_284,b_151,b_734,b_77,b_94,b_462,b_841,b_710,b_45,b_510,b_129,b_317,b_273,b_250,b_688,b_796,b_312,b_115,b_475,b_526,b_751,b_274,b_694,b_78,b_51,b_861,b_992,b_396,b_110,b_926,b_700,b_147,b_949	/home/miguel/IBE-UPF/TFM/Master_projects/PhyloPhere/Data/6.CAAS_traitfiles/Ranked/df4_sp.tab
ABCB4@822	0	1000	0.0		/home/miguel/IBE-UPF/TFM/Master_projects/PhyloPhere/Data/6.CAAS_traitfiles/Ranked/df4_sp.tab
ABCB4@826	0	1000	0.0		/home/miguel/IBE-UPF/TFM/Master_projects/PhyloPhere/Data/6.CAAS_traitfiles/Ranked/df4_sp.tab
ABCB4@829	0	1000	0.0		/home/miguel/IBE-UPF/TFM/Master_projects/PhyloPhere/Data/6.CAAS_traitfiles/Ranked/df4_sp.tab
ABCB4@830	11	1000	0.011	b_414,b_574,b_71,b_670,b_43,b_647,b_475,b_780,b_545,b_578,b_941	/home/miguel/IBE-UPF/TFM/Master_projects/PhyloPhere/Data/6.CAAS_traitfiles/Ranked/df4_sp.tab
ABCB4@836	0	1000	0.0		/home/miguel/IBE-UPF/TFM/Master_projects/PhyloPhere/Data/6.CAAS_traitfiles/Ranked/df4_sp.tab
ABCB4@837	0	1000	0.0		/home/miguel/IBE-UPF/TFM/Master_projects/PhyloPhere/Data/6.CAAS_traitfiles/Ranked/df4_sp.tab
ABCB4@844	11	1000	0.011	b_414,b_574,b_71,b_670,b_43,b_647,b_475,b_780,b_545,b_578,b_941	/home/miguel/IBE-UPF/TFM/Master_projects/PhyloPhere/Data/6.CAAS_traitfiles/Ranked/df4_sp.tab
ABCB4@848	0	1000	0.0		/home/miguel/IBE-UPF/TFM/Master_projects/PhyloPhere/Data/6.CAAS_traitfiles/Ranked/df4_sp.tab
ABCB4@873	0	1000	0.0		/home/miguel/IBE-UPF/TFM/Master_projects/PhyloPhere/Data/6.CAAS_traitfiles/Ranked/df4_sp.tab
ABCB4@878	0	1000	0.0		/home/miguel/IBE-UPF/TFM/Master_projects/PhyloPhere/Data/6.CAAS_traitfiles/Ranked/df4_sp.tab
ABCB4@885	26	1000	0.026	b_65,b_894,b_807,b_86,b_490,b_59,b_768,b_771,b_841,b_914,b_958,b_605,b_935,b_442,b_186,b_826,b_110,b_265,b_700,b_145,b_880,b_67,b_900,b_804,b_209,b_222	/home/miguel/IBE-UPF/TFM/Master_projects/PhyloPhere/Data/6.CAAS_traitfiles/Ranked/df4_sp.tab
ABCB4@889	0	1000	0.0		/home/miguel/IBE-UPF/TFM/Master_projects/PhyloPhere/Data/6.CAAS_traitfiles/Ranked/df4_sp.tab
ABCB4@892	0	1000	0.0		/home/miguel/IBE-UPF/TFM/Master_projects/PhyloPhere/Data/6.CAAS_traitfiles/Ranked/df4_sp.tab
ABCB4@896	0	1000	0.0		/home/miguel/IBE-UPF/TFM/Master_projects/PhyloPhere/Data/6.CAAS_traitfiles/Ranked/df4_sp.tab
ABCB4@920	0	1000	0.0		/home/miguel/IBE-UPF/TFM/Master_projects/PhyloPhere/Data/6.CAAS_traitfiles/Ranked/df4_sp.tab
ABCB4@921	0	1000	0.0		/home/miguel/IBE-UPF/TFM/Master_projects/PhyloPhere/Data/6.CAAS_traitfiles/Ranked/df4_sp.tab
ABCB4@924	0	1000	0.0		/home/miguel/IBE-UPF/TFM/Master_projects/PhyloPhere/Data/6.CAAS_traitfiles/Ranked/df4_sp.tab
ABCB4@935	0	1000	0.0		/home/miguel/IBE-UPF/TFM/Master_projects/PhyloPhere/Data/6.CAAS_traitfiles/Ranked/df4_sp.tab
ABCB4@943	0	1000	0.0		/home/miguel/IBE-UPF/TFM/Master_projects/PhyloPhere/Data/6.CAAS_traitfiles/Ranked/df4_sp.tab
ABCB4@972	18	1000	0.018	b_894,b_890,b_697,b_806,b_366,b_415,b_208,b_710,b_556,b_718,b_796,b_104,b_861,b_992,b_110,b_172,b_767,b_147	/home/miguel/IBE-UPF/TFM/Master_projects/PhyloPhere/Data/6.CAAS_traitfiles/Ranked/df4_sp.tab
ABCB4@973	0	1000	0.0		/home/miguel/IBE-UPF/TFM/Master_projects/PhyloPhere/Data/6.CAAS_traitfiles/Ranked/df4_sp.tab
ABCB4@979	11	1000	0.011	b_414,b_574,b_71,b_670,b_43,b_647,b_475,b_780,b_545,b_578,b_941	/home/miguel/IBE-UPF/TFM/Master_projects/PhyloPhere/Data/6.CAAS_traitfiles/Ranked/df4_sp.tab
ABCB4@981	0	1000	0.0		/home/miguel/IBE-UPF/TFM/Master_projects/PhyloPhere/Data/6.CAAS_traitfiles/Ranked/df4_sp.tab
ABCB4@987	47	1000	0.047	b_891,b_86,b_890,b_29,b_648,b_628,b_202,b_40,b_976,b_574,b_806,b_361,b_415,b_284,b_151,b_734,b_77,b_94,b_462,b_841,b_710,b_45,b_510,b_129,b_317,b_256,b_273,b_250,b_688,b_796,b_255,b_312,b_115,b_475,b_526,b_751,b_274,b_694,b_78,b_861,b_992,b_396,b_110,b_926,b_700,b_147,b_949	/home/miguel/IBE-UPF/TFM/Master_projects/PhyloPhere/Data/6.CAAS_traitfiles/Ranked/df4_sp.tab
ABCB4@988	0	1000	0.0		/home/miguel/IBE-UPF/TFM/Master_projects/PhyloPhere/Data/6.CAAS_traitfiles/Ranked/df4_sp.tab
ABCB4@989	0	1000	0.0		/home/miguel/IBE-UPF/TFM/Master_projects/PhyloPhere/Data/6.CAAS_traitfiles/Ranked/df4_sp.tab
ABCB4@990	16	1000	0.016	b_65,b_807,b_919,b_165,b_135,b_812,b_875,b_844,b_589,b_363,b_577,b_334,b_699,b_605,b_780,b_453	/home/miguel/IBE-UPF/TFM/Master_projects/PhyloPhere/Data/6.CAAS_traitfiles/Ranked/df4_sp.tab
ABCB4@993	43	1000	0.043	b_376,b_719,b_65,b_485,b_807,b_86,b_919,b_217,b_165,b_810,b_948,b_636,b_993,b_135,b_367,b_812,b_725,b_7,b_743,b_875,b_844,b_841,b_589,b_244,b_373,b_363,b_577,b_334,b_699,b_605,b_935,b_780,b_903,b_451,b_484,b_453,b_665,b_997,b_265,b_392,b_663,b_880,b_67	/home/miguel/IBE-UPF/TFM/Master_projects/PhyloPhere/Data/6.CAAS_traitfiles/Ranked/df4_sp.tab
ABCB4@998	0	1000	0.0		/home/miguel/IBE-UPF/TFM/Master_projects/PhyloPhere/Data/6.CAAS_traitfiles/Ranked/df4_sp.tab
ABCB4@1000	14	1000	0.014	b_65,b_807,b_919,b_538,b_812,b_928,b_875,b_577,b_602,b_334,b_699,b_605,b_671,b_830	/home/miguel/IBE-UPF/TFM/Master_projects/PhyloPhere/Data/6.CAAS_traitfiles/Ranked/df4_sp.tab
ABCB4@1001	0	1000	0.0		/home/miguel/IBE-UPF/TFM/Master_projects/PhyloPhere/Data/6.CAAS_traitfiles/Ranked/df4_sp.tab
ABCB4@1002	0	1000	0.0		/home/miguel/IBE-UPF/TFM/Master_projects/PhyloPhere/Data/6.CAAS_traitfiles/Ranked/df4_sp.tab
ABCB4@1007	0	1000	0.0		/home/miguel/IBE-UPF/TFM/Master_projects/PhyloPhere/Data/6.CAAS_traitfiles/Ranked/df4_sp.tab
ABCB4@1011	0	1000	0.0		/home/miguel/IBE-UPF/TFM/Master_projects/PhyloPhere/Data/6.CAAS_traitfiles/Ranked/df4_sp.tab
ABCB4@1032	0	1000	0.0		/home/miguel/IBE-UPF/TFM/Master_projects/PhyloPhere/Data/6.CAAS_traitfiles/Ranked/df4_sp.tab
ABCB4@1042	0	1000	0.0		/home/miguel/IBE-UPF/TFM/Master_projects/PhyloPhere/Data/6.CAAS_traitfiles/Ranked/df4_sp.tab
ABCB4@1043	0	1000	0.0		/home/miguel/IBE-UPF/TFM/Master_projects/PhyloPhere/Data/6.CAAS_traitfiles/Ranked/df4_sp.tab
ABCB4@1045	0	1000	0.0		/home/miguel/IBE-UPF/TFM/Master_projects/PhyloPhere/Data/6.CAAS_traitfiles/Ranked/df4_sp.tab
ABCB4@1047	0	1000	0.0		/home/miguel/IBE-UPF/TFM/Master_projects/PhyloPhere/Data/6.CAAS_traitfiles/Ranked/df4_sp.tab
ABCB4@1050	0	1000	0.0		/home/miguel/IBE-UPF/TFM/Master_projects/PhyloPhere/Data/6.CAAS_traitfiles/Ranked/df4_sp.tab
ABCB4@1052	0	1000	0.0		/home/miguel/IBE-UPF/TFM/Master_projects/PhyloPhere/Data/6.CAAS_traitfiles/Ranked/df4_sp.tab
ABCB4@1054	0	1000	0.0		/home/miguel/IBE-UPF/TFM/Master_projects/PhyloPhere/Data/6.CAAS_traitfiles/Ranked/df4_sp.tab
ABCB4@1058	0	1000	0.0		/home/miguel/IBE-UPF/TFM/Master_projects/PhyloPhere/Data/6.CAAS_traitfiles/Ranked/df4_sp.tab
ABCB4@1059	11	1000	0.011	b_414,b_574,b_71,b_670,b_43,b_647,b_475,b_780,b_545,b_578,b_941	/home/miguel/IBE-UPF/TFM/Master_projects/PhyloPhere/Data/6.CAAS_traitfiles/Ranked/df4_sp.tab
ABCB4@1060	0	1000	0.0		/home/miguel/IBE-UPF/TFM/Master_projects/PhyloPhere/Data/6.CAAS_traitfiles/Ranked/df4_sp.tab
ABCB4@1066	0	1000	0.0		/home/miguel/IBE-UPF/TFM/Master_projects/PhyloPhere/Data/6.CAAS_traitfiles/Ranked/df4_sp.tab
ABCB4@1071	0	1000	0.0		/home/miguel/IBE-UPF/TFM/Master_projects/PhyloPhere/Data/6.CAAS_traitfiles/Ranked/df4_sp.tab
ABCB4@1080	0	1000	0.0		/home/miguel/IBE-UPF/TFM/Master_projects/PhyloPhere/Data/6.CAAS_traitfiles/Ranked/df4_sp.tab
ABCB4@1096	0	1000	0.0		/home/miguel/IBE-UPF/TFM/Master_projects/PhyloPhere/Data/6.CAAS_traitfiles/Ranked/df4_sp.tab
ABCB4@1098	0	1000	0.0		/home/miguel/IBE-UPF/TFM/Master_projects/PhyloPhere/Data/6.CAAS_traitfiles/Ranked/df4_sp.tab
ABCB4@1099	0	1000	0.0		/home/miguel/IBE-UPF/TFM/Master_projects/PhyloPhere/Data/6.CAAS_traitfiles/Ranked/df4_sp.tab
ABCB4@1101	0	1000	0.0		/home/miguel/IBE-UPF/TFM/Master_projects/PhyloPhere/Data/6.CAAS_traitfiles/Ranked/df4_sp.tab
ABCB4@1102	0	1000	0.0		/home/miguel/IBE-UPF/TFM/Master_projects/PhyloPhere/Data/6.CAAS_traitfiles/Ranked/df4_sp.tab
ABCB4@1106	0	1000	0.0		/home/miguel/IBE-UPF/TFM/Master_projects/PhyloPhere/Data/6.CAAS_traitfiles/Ranked/df4_sp.tab
ABCB4@1115	46	1000	0.046	b_376,b_719,b_65,b_485,b_807,b_86,b_919,b_217,b_165,b_810,b_948,b_636,b_993,b_135,b_367,b_812,b_725,b_7,b_743,b_875,b_844,b_841,b_589,b_244,b_373,b_363,b_577,b_602,b_334,b_309,b_699,b_605,b_935,b_780,b_232,b_903,b_451,b_484,b_453,b_665,b_997,b_265,b_392,b_663,b_880,b_67	/home/miguel/IBE-UPF/TFM/Master_projects/PhyloPhere/Data/6.CAAS_traitfiles/Ranked/df4_sp.tab
ABCB4@1117	0	1000	0.0		/home/miguel/IBE-UPF/TFM/Master_projects/PhyloPhere/Data/6.CAAS_traitfiles/Ranked/df4_sp.tab
ABCB4@1122	12	1000	0.012	b_750,b_414,b_574,b_71,b_670,b_43,b_647,b_475,b_780,b_545,b_578,b_941	/home/miguel/IBE-UPF/TFM/Master_projects/PhyloPhere/Data/6.CAAS_traitfiles/Ranked/df4_sp.tab
ABCB4@1125	26	1000	0.026	b_719,b_65,b_485,b_807,b_86,b_919,b_165,b_948,b_135,b_367,b_812,b_725,b_743,b_875,b_844,b_589,b_363,b_577,b_334,b_699,b_605,b_780,b_451,b_453,b_880,b_67	/home/miguel/IBE-UPF/TFM/Master_projects/PhyloPhere/Data/6.CAAS_traitfiles/Ranked/df4_sp.tab
ABCB4@1127	0	1000	0.0		/home/miguel/IBE-UPF/TFM/Master_projects/PhyloPhere/Data/6.CAAS_traitfiles/Ranked/df4_sp.tab
ABCB4@1133	0	1000	0.0		/home/miguel/IBE-UPF/TFM/Master_projects/PhyloPhere/Data/6.CAAS_traitfiles/Ranked/df4_sp.tab
ABCB4@1150	0	1000	0.0		/home/miguel/IBE-UPF/TFM/Master_projects/PhyloPhere/Data/6.CAAS_traitfiles/Ranked/df4_sp.tab
ABCB4@1154	0	1000	0.0		/home/miguel/IBE-UPF/TFM/Master_projects/PhyloPhere/Data/6.CAAS_traitfiles/Ranked/df4_sp.tab
ABCB4@1168	0	1000	0.0		/home/miguel/IBE-UPF/TFM/Master_projects/PhyloPhere/Data/6.CAAS_traitfiles/Ranked/df4_sp.tab
ABCB4@1172	0	1000	0.0		/home/miguel/IBE-UPF/TFM/Master_projects/PhyloPhere/Data/6.CAAS_traitfiles/Ranked/df4_sp.tab
ABCB4@1175	0	1000	0.0		/home/miguel/IBE-UPF/TFM/Master_projects/PhyloPhere/Data/6.CAAS_traitfiles/Ranked/df4_sp.tab
ABCB4@1198	0	1000	0.0		/home/miguel/IBE-UPF/TFM/Master_projects/PhyloPhere/Data/6.CAAS_traitfiles/Ranked/df4_sp.tab
ABCB4@1199	0	1000	0.0		/home/miguel/IBE-UPF/TFM/Master_projects/PhyloPhere/Data/6.CAAS_traitfiles/Ranked/df4_sp.tab
ABCB4@1201	0	1000	0.0		/home/miguel/IBE-UPF/TFM/Master_projects/PhyloPhere/Data/6.CAAS_traitfiles/Ranked/df4_sp.tab
ABCB4@1209	11	1000	0.011	b_414,b_574,b_71,b_670,b_43,b_647,b_475,b_780,b_545,b_578,b_941	/home/miguel/IBE-UPF/TFM/Master_projects/PhyloPhere/Data/6.CAAS_traitfiles/Ranked/df4_sp.tab
ABCB4@1210	0	1000	0.0		/home/miguel/IBE-UPF/TFM/Master_projects/PhyloPhere/Data/6.CAAS_traitfiles/Ranked/df4_sp.tab
ABCB4@1213	3	1000	0.003	b_695,b_599,b_222	/home/miguel/IBE-UPF/TFM/Master_projects/PhyloPhere/Data/6.CAAS_traitfiles/Ranked/df4_sp.tab
ABCB4@1220	11	1000	0.011	b_414,b_574,b_71,b_670,b_43,b_647,b_475,b_780,b_545,b_578,b_941	/home/miguel/IBE-UPF/TFM/Master_projects/PhyloPhere/Data/6.CAAS_traitfiles/Ranked/df4_sp.tab
ABCB4@1225	0	1000	0.0		/home/miguel/IBE-UPF/TFM/Master_projects/PhyloPhere/Data/6.CAAS_traitfiles/Ranked/df4_sp.tab
ABCB4@1226	0	1000	0.0		/home/miguel/IBE-UPF/TFM/Master_projects/PhyloPhere/Data/6.CAAS_traitfiles/Ranked/df4_sp.tab
ABCB4@1227	0	1000	0.0		/home/miguel/IBE-UPF/TFM/Master_projects/PhyloPhere/Data/6.CAAS_traitfiles/Ranked/df4_sp.tab
ABCB4@1230	0	1000	0.0		/home/miguel/IBE-UPF/TFM/Master_projects/PhyloPhere/Data/6.CAAS_traitfiles/Ranked/df4_sp.tab
ABCB4@1234	0	1000	0.0		/home/miguel/IBE-UPF/TFM/Master_projects/PhyloPhere/Data/6.CAAS_traitfiles/Ranked/df4_sp.tab
ABCB4@1235	0	1000	0.0		/home/miguel/IBE-UPF/TFM/Master_projects/PhyloPhere/Data/6.CAAS_traitfiles/Ranked/df4_sp.tab
ABCB4@1236	0	1000	0.0		/home/miguel/IBE-UPF/TFM/Master_projects/PhyloPhere/Data/6.CAAS_traitfiles/Ranked/df4_sp.tab
