ABCB10@0	0	1000	0.0		/home/miguel/IBE-UPF/TFM/Master_projects/PhyloPhere/Data/6.CAAS_traitfiles/Ranked/df4_sp.tab
ABCB10@1	0	1000	0.0		/home/miguel/IBE-UPF/TFM/Master_projects/PhyloPhere/Data/6.CAAS_traitfiles/Ranked/df4_sp.tab
ABCB10@8	22	1000	0.022	b_475,b_941,b_444,b_188,b_703,b_545,b_351,b_85,b_43,b_578,b_647,b_71,b_574,b_609,b_670,b_666,b_414,b_962,b_123,b_448,b_780,b_254	/home/miguel/IBE-UPF/TFM/Master_projects/PhyloPhere/Data/6.CAAS_traitfiles/Ranked/df4_sp.tab
ABCB10@9	39	1000	0.039	b_677,b_861,b_104,b_139,b_767,b_167,b_697,b_718,b_916,b_562,b_243,b_26,b_796,b_549,b_635,b_890,b_710,b_608,b_774,b_584,b_412,b_921,b_110,b_579,b_894,b_556,b_147,b_928,b_366,b_806,b_705,b_790,b_844,b_908,b_616,b_208,b_992,b_415,b_172	/home/miguel/IBE-UPF/TFM/Master_projects/PhyloPhere/Data/6.CAAS_traitfiles/Ranked/df4_sp.tab
ABCB10@12	0	1000	0.0		/home/miguel/IBE-UPF/TFM/Master_projects/PhyloPhere/Data/6.CAAS_traitfiles/Ranked/df4_sp.tab
ABCB10@14	22	1000	0.022	b_475,b_941,b_444,b_188,b_703,b_545,b_351,b_85,b_43,b_578,b_647,b_71,b_574,b_609,b_670,b_666,b_414,b_962,b_123,b_448,b_780,b_254	/home/miguel/IBE-UPF/TFM/Master_projects/PhyloPhere/Data/6.CAAS_traitfiles/Ranked/df4_sp.tab
ABCB10@27	0	1000	0.0		/home/miguel/IBE-UPF/TFM/Master_projects/PhyloPhere/Data/6.CAAS_traitfiles/Ranked/df4_sp.tab
ABCB10@28	0	1000	0.0		/home/miguel/IBE-UPF/TFM/Master_projects/PhyloPhere/Data/6.CAAS_traitfiles/Ranked/df4_sp.tab
ABCB10@31	0	1000	0.0		/home/miguel/IBE-UPF/TFM/Master_projects/PhyloPhere/Data/6.CAAS_traitfiles/Ranked/df4_sp.tab
ABCB10@38	17	1000	0.017	b_38,b_130,b_260,b_444,b_188,b_545,b_924,b_85,b_302,b_578,b_429,b_262,b_533,b_962,b_780,b_254,b_882	/home/miguel/IBE-UPF/TFM/Master_projects/PhyloPhere/Data/6.CAAS_traitfiles/Ranked/df4_sp.tab
ABCB10@39	0	1000	0.0		/home/miguel/IBE-UPF/TFM/Master_projects/PhyloPhere/Data/6.CAAS_traitfiles/Ranked/df4_sp.tab
ABCB10@42	0	1000	0.0		/home/miguel/IBE-UPF/TFM/Master_projects/PhyloPhere/Data/6.CAAS_traitfiles/Ranked/df4_sp.tab
ABCB10@45	0	1000	0.0		/home/miguel/IBE-UPF/TFM/Master_projects/PhyloPhere/Data/6.CAAS_traitfiles/Ranked/df4_sp.tab
ABCB10@49	0	1000	0.0		/home/miguel/IBE-UPF/TFM/Master_projects/PhyloPhere/Data/6.CAAS_traitfiles/Ranked/df4_sp.tab
ABCB10@56	0	1000	0.0		/home/miguel/IBE-UPF/TFM/Master_projects/PhyloPhere/Data/6.CAAS_traitfiles/Ranked/df4_sp.tab
ABCB10@60	2	1000	0.002	b_726,b_210	/home/miguel/IBE-UPF/TFM/Master_projects/PhyloPhere/Data/6.CAAS_traitfiles/Ranked/df4_sp.tab
ABCB10@71	0	1000	0.0		/home/miguel/IBE-UPF/TFM/Master_projects/PhyloPhere/Data/6.CAAS_traitfiles/Ranked/df4_sp.tab
ABCB10@78	0	1000	0.0		/home/miguel/IBE-UPF/TFM/Master_projects/PhyloPhere/Data/6.CAAS_traitfiles/Ranked/df4_sp.tab
ABCB10@84	0	1000	0.0		/home/miguel/IBE-UPF/TFM/Master_projects/PhyloPhere/Data/6.CAAS_traitfiles/Ranked/df4_sp.tab
ABCB10@90	0	1000	0.0		/home/miguel/IBE-UPF/TFM/Master_projects/PhyloPhere/Data/6.CAAS_traitfiles/Ranked/df4_sp.tab
ABCB10@106	0	1000	0.0		/home/miguel/IBE-UPF/TFM/Master_projects/PhyloPhere/Data/6.CAAS_traitfiles/Ranked/df4_sp.tab
ABCB10@109	25	1000	0.025	b_861,b_104,b_139,b_767,b_167,b_697,b_718,b_243,b_796,b_549,b_890,b_710,b_608,b_110,b_894,b_556,b_147,b_366,b_806,b_790,b_908,b_208,b_992,b_415,b_172	/home/miguel/IBE-UPF/TFM/Master_projects/PhyloPhere/Data/6.CAAS_traitfiles/Ranked/df4_sp.tab
ABCB10@130	0	1000	0.0		/home/miguel/IBE-UPF/TFM/Master_projects/PhyloPhere/Data/6.CAAS_traitfiles/Ranked/df4_sp.tab
ABCB10@133	17	1000	0.017	b_935,b_325,b_997,b_993,b_680,b_376,b_970,b_633,b_140,b_367,b_484,b_610,b_913,b_962,b_903,b_665,b_67	/home/miguel/IBE-UPF/TFM/Master_projects/PhyloPhere/Data/6.CAAS_traitfiles/Ranked/df4_sp.tab
ABCB10@139	25	1000	0.025	b_861,b_104,b_139,b_767,b_167,b_697,b_718,b_243,b_796,b_549,b_890,b_710,b_608,b_110,b_894,b_556,b_147,b_366,b_806,b_790,b_908,b_208,b_992,b_415,b_172	/home/miguel/IBE-UPF/TFM/Master_projects/PhyloPhere/Data/6.CAAS_traitfiles/Ranked/df4_sp.tab
ABCB10@142	0	1000	0.0		/home/miguel/IBE-UPF/TFM/Master_projects/PhyloPhere/Data/6.CAAS_traitfiles/Ranked/df4_sp.tab
ABCB10@150	64	1000	0.064	b_38,b_265,b_577,b_135,b_875,b_935,b_325,b_699,b_335,b_997,b_21,b_810,b_589,b_7,b_993,b_807,b_240,b_680,b_376,b_970,b_392,b_485,b_363,b_373,b_633,b_719,b_841,b_334,b_140,b_880,b_10,b_636,b_725,b_217,b_812,b_367,b_484,b_165,b_989,b_610,b_932,b_605,b_844,b_913,b_919,b_962,b_481,b_780,b_735,b_903,b_385,b_948,b_451,b_65,b_244,b_34,b_665,b_67,b_453,b_743,b_388,b_353,b_663,b_86	/home/miguel/IBE-UPF/TFM/Master_projects/PhyloPhere/Data/6.CAAS_traitfiles/Ranked/df4_sp.tab
ABCB10@154	3	1000	0.003	b_475,b_941,b_71	/home/miguel/IBE-UPF/TFM/Master_projects/PhyloPhere/Data/6.CAAS_traitfiles/Ranked/df4_sp.tab
ABCB10@156	0	1000	0.0		/home/miguel/IBE-UPF/TFM/Master_projects/PhyloPhere/Data/6.CAAS_traitfiles/Ranked/df4_sp.tab
ABCB10@166	0	1000	0.0		/home/miguel/IBE-UPF/TFM/Master_projects/PhyloPhere/Data/6.CAAS_traitfiles/Ranked/df4_sp.tab
ABCB10@178	0	1000	0.0		/home/miguel/IBE-UPF/TFM/Master_projects/PhyloPhere/Data/6.CAAS_traitfiles/Ranked/df4_sp.tab
ABCB10@182	0	1000	0.0		/home/miguel/IBE-UPF/TFM/Master_projects/PhyloPhere/Data/6.CAAS_traitfiles/Ranked/df4_sp.tab
ABCB10@190	0	1000	0.0		/home/miguel/IBE-UPF/TFM/Master_projects/PhyloPhere/Data/6.CAAS_traitfiles/Ranked/df4_sp.tab
ABCB10@200	0	1000	0.0		/home/miguel/IBE-UPF/TFM/Master_projects/PhyloPhere/Data/6.CAAS_traitfiles/Ranked/df4_sp.tab
ABCB10@201	0	1000	0.0		/home/miguel/IBE-UPF/TFM/Master_projects/PhyloPhere/Data/6.CAAS_traitfiles/Ranked/df4_sp.tab
ABCB10@203	28	1000	0.028	b_861,b_104,b_139,b_767,b_167,b_697,b_718,b_243,b_796,b_549,b_970,b_890,b_710,b_608,b_110,b_894,b_556,b_147,b_773,b_366,b_806,b_790,b_287,b_908,b_208,b_992,b_415,b_172	/home/miguel/IBE-UPF/TFM/Master_projects/PhyloPhere/Data/6.CAAS_traitfiles/Ranked/df4_sp.tab
ABCB10@204	0	1000	0.0		/home/miguel/IBE-UPF/TFM/Master_projects/PhyloPhere/Data/6.CAAS_traitfiles/Ranked/df4_sp.tab
ABCB10@207	0	1000	0.0		/home/miguel/IBE-UPF/TFM/Master_projects/PhyloPhere/Data/6.CAAS_traitfiles/Ranked/df4_sp.tab
ABCB10@208	0	1000	0.0		/home/miguel/IBE-UPF/TFM/Master_projects/PhyloPhere/Data/6.CAAS_traitfiles/Ranked/df4_sp.tab
ABCB10@212	0	1000	0.0		/home/miguel/IBE-UPF/TFM/Master_projects/PhyloPhere/Data/6.CAAS_traitfiles/Ranked/df4_sp.tab
ABCB10@218	0	1000	0.0		/home/miguel/IBE-UPF/TFM/Master_projects/PhyloPhere/Data/6.CAAS_traitfiles/Ranked/df4_sp.tab
ABCB10@219	0	1000	0.0		/home/miguel/IBE-UPF/TFM/Master_projects/PhyloPhere/Data/6.CAAS_traitfiles/Ranked/df4_sp.tab
ABCB10@222	0	1000	0.0		/home/miguel/IBE-UPF/TFM/Master_projects/PhyloPhere/Data/6.CAAS_traitfiles/Ranked/df4_sp.tab
ABCB10@231	0	1000	0.0		/home/miguel/IBE-UPF/TFM/Master_projects/PhyloPhere/Data/6.CAAS_traitfiles/Ranked/df4_sp.tab
ABCB10@241	0	1000	0.0		/home/miguel/IBE-UPF/TFM/Master_projects/PhyloPhere/Data/6.CAAS_traitfiles/Ranked/df4_sp.tab
ABCB10@249	0	1000	0.0		/home/miguel/IBE-UPF/TFM/Master_projects/PhyloPhere/Data/6.CAAS_traitfiles/Ranked/df4_sp.tab
ABCB10@272	48	1000	0.048	b_475,b_891,b_151,b_861,b_688,b_628,b_976,b_697,b_796,b_274,b_734,b_77,b_890,b_317,b_710,b_574,b_396,b_78,b_949,b_700,b_841,b_202,b_110,b_51,b_894,b_94,b_510,b_45,b_147,b_29,b_462,b_40,b_284,b_366,b_806,b_115,b_312,b_751,b_129,b_926,b_273,b_361,b_992,b_415,b_526,b_694,b_250,b_86	/home/miguel/IBE-UPF/TFM/Master_projects/PhyloPhere/Data/6.CAAS_traitfiles/Ranked/df4_sp.tab
ABCB10@276	0	1000	0.0		/home/miguel/IBE-UPF/TFM/Master_projects/PhyloPhere/Data/6.CAAS_traitfiles/Ranked/df4_sp.tab
ABCB10@292	0	1000	0.0		/home/miguel/IBE-UPF/TFM/Master_projects/PhyloPhere/Data/6.CAAS_traitfiles/Ranked/df4_sp.tab
ABCB10@301	0	1000	0.0		/home/miguel/IBE-UPF/TFM/Master_projects/PhyloPhere/Data/6.CAAS_traitfiles/Ranked/df4_sp.tab
ABCB10@303	0	1000	0.0		/home/miguel/IBE-UPF/TFM/Master_projects/PhyloPhere/Data/6.CAAS_traitfiles/Ranked/df4_sp.tab
ABCB10@304	22	1000	0.022	b_475,b_941,b_444,b_188,b_703,b_545,b_351,b_85,b_43,b_578,b_647,b_71,b_574,b_609,b_670,b_666,b_414,b_962,b_123,b_448,b_780,b_254	/home/miguel/IBE-UPF/TFM/Master_projects/PhyloPhere/Data/6.CAAS_traitfiles/Ranked/df4_sp.tab
ABCB10@307	0	1000	0.0		/home/miguel/IBE-UPF/TFM/Master_projects/PhyloPhere/Data/6.CAAS_traitfiles/Ranked/df4_sp.tab
ABCB10@310	0	1000	0.0		/home/miguel/IBE-UPF/TFM/Master_projects/PhyloPhere/Data/6.CAAS_traitfiles/Ranked/df4_sp.tab
ABCB10@311	0	1000	0.0		/home/miguel/IBE-UPF/TFM/Master_projects/PhyloPhere/Data/6.CAAS_traitfiles/Ranked/df4_sp.tab
ABCB10@314	0	1000	0.0		/home/miguel/IBE-UPF/TFM/Master_projects/PhyloPhere/Data/6.CAAS_traitfiles/Ranked/df4_sp.tab
ABCB10@316	0	1000	0.0		/home/miguel/IBE-UPF/TFM/Master_projects/PhyloPhere/Data/6.CAAS_traitfiles/Ranked/df4_sp.tab
ABCB10@318	0	1000	0.0		/home/miguel/IBE-UPF/TFM/Master_projects/PhyloPhere/Data/6.CAAS_traitfiles/Ranked/df4_sp.tab
ABCB10@324	0	1000	0.0		/home/miguel/IBE-UPF/TFM/Master_projects/PhyloPhere/Data/6.CAAS_traitfiles/Ranked/df4_sp.tab
ABCB10@325	0	1000	0.0		/home/miguel/IBE-UPF/TFM/Master_projects/PhyloPhere/Data/6.CAAS_traitfiles/Ranked/df4_sp.tab
ABCB10@329	64	1000	0.064	b_38,b_265,b_577,b_135,b_875,b_935,b_325,b_699,b_335,b_997,b_21,b_810,b_589,b_7,b_993,b_807,b_240,b_680,b_376,b_970,b_392,b_485,b_363,b_373,b_633,b_719,b_841,b_334,b_140,b_880,b_10,b_636,b_725,b_217,b_812,b_367,b_484,b_165,b_989,b_610,b_932,b_605,b_844,b_913,b_919,b_962,b_481,b_780,b_735,b_903,b_385,b_948,b_451,b_65,b_244,b_34,b_665,b_67,b_453,b_743,b_388,b_353,b_663,b_86	/home/miguel/IBE-UPF/TFM/Master_projects/PhyloPhere/Data/6.CAAS_traitfiles/Ranked/df4_sp.tab
ABCB10@334	0	1000	0.0		/home/miguel/IBE-UPF/TFM/Master_projects/PhyloPhere/Data/6.CAAS_traitfiles/Ranked/df4_sp.tab
ABCB10@335	147	1000	0.147	b_38,b_475,b_891,b_151,b_941,b_265,b_577,b_861,b_645,b_135,b_688,b_875,b_515,b_935,b_325,b_628,b_139,b_699,b_335,b_997,b_976,b_444,b_21,b_810,b_82,b_188,b_703,b_589,b_167,b_697,b_7,b_993,b_545,b_807,b_240,b_680,b_243,b_796,b_351,b_549,b_274,b_85,b_43,b_52,b_376,b_734,b_77,b_970,b_578,b_890,b_392,b_317,b_647,b_710,b_71,b_574,b_396,b_609,b_485,b_78,b_363,b_373,b_949,b_633,b_719,b_700,b_841,b_202,b_95,b_110,b_51,b_894,b_334,b_140,b_880,b_10,b_636,b_94,b_725,b_670,b_510,b_217,b_45,b_147,b_29,b_666,b_462,b_414,b_40,b_136,b_812,b_367,b_284,b_484,b_165,b_989,b_667,b_366,b_806,b_115,b_610,b_790,b_312,b_932,b_883,b_605,b_844,b_751,b_913,b_919,b_917,b_962,b_908,b_129,b_123,b_481,b_448,b_780,b_735,b_903,b_926,b_787,b_385,b_273,b_615,b_948,b_451,b_361,b_65,b_992,b_244,b_97,b_254,b_34,b_665,b_415,b_526,b_67,b_694,b_453,b_250,b_743,b_388,b_353,b_663,b_86,b_47	/home/miguel/IBE-UPF/TFM/Master_projects/PhyloPhere/Data/6.CAAS_traitfiles/Ranked/df4_sp.tab
ABCB10@336	23	1000	0.023	b_475,b_941,b_404,b_861,b_592,b_886,b_444,b_452,b_351,b_85,b_43,b_578,b_71,b_574,b_609,b_811,b_468,b_670,b_962,b_123,b_448,b_780,b_254	/home/miguel/IBE-UPF/TFM/Master_projects/PhyloPhere/Data/6.CAAS_traitfiles/Ranked/df4_sp.tab
ABCB10@338	0	1000	0.0		/home/miguel/IBE-UPF/TFM/Master_projects/PhyloPhere/Data/6.CAAS_traitfiles/Ranked/df4_sp.tab
ABCB10@342	0	1000	0.0		/home/miguel/IBE-UPF/TFM/Master_projects/PhyloPhere/Data/6.CAAS_traitfiles/Ranked/df4_sp.tab
ABCB10@352	0	1000	0.0		/home/miguel/IBE-UPF/TFM/Master_projects/PhyloPhere/Data/6.CAAS_traitfiles/Ranked/df4_sp.tab
ABCB10@357	0	1000	0.0		/home/miguel/IBE-UPF/TFM/Master_projects/PhyloPhere/Data/6.CAAS_traitfiles/Ranked/df4_sp.tab
ABCB10@366	22	1000	0.022	b_475,b_941,b_444,b_188,b_703,b_545,b_351,b_85,b_43,b_578,b_647,b_71,b_574,b_609,b_670,b_666,b_414,b_962,b_123,b_448,b_780,b_254	/home/miguel/IBE-UPF/TFM/Master_projects/PhyloPhere/Data/6.CAAS_traitfiles/Ranked/df4_sp.tab
ABCB10@372	104	1000	0.104	b_475,b_891,b_151,b_265,b_861,b_645,b_688,b_935,b_515,b_628,b_587,b_139,b_873,b_914,b_554,b_976,b_82,b_145,b_703,b_167,b_697,b_807,b_243,b_796,b_549,b_274,b_52,b_958,b_734,b_77,b_826,b_890,b_804,b_317,b_490,b_710,b_574,b_396,b_345,b_78,b_949,b_771,b_322,b_209,b_426,b_700,b_59,b_841,b_202,b_95,b_110,b_186,b_51,b_894,b_880,b_94,b_510,b_45,b_147,b_29,b_462,b_40,b_136,b_284,b_442,b_667,b_366,b_806,b_115,b_790,b_312,b_883,b_605,b_751,b_917,b_640,b_908,b_129,b_133,b_768,b_926,b_222,b_787,b_273,b_615,b_44,b_2,b_28,b_361,b_992,b_65,b_97,b_415,b_526,b_900,b_67,b_785,b_694,b_250,b_621,b_800,b_64,b_86,b_47	/home/miguel/IBE-UPF/TFM/Master_projects/PhyloPhere/Data/6.CAAS_traitfiles/Ranked/df4_sp.tab
ABCB10@375	0	1000	0.0		/home/miguel/IBE-UPF/TFM/Master_projects/PhyloPhere/Data/6.CAAS_traitfiles/Ranked/df4_sp.tab
ABCB10@377	0	1000	0.0		/home/miguel/IBE-UPF/TFM/Master_projects/PhyloPhere/Data/6.CAAS_traitfiles/Ranked/df4_sp.tab
ABCB10@385	0	1000	0.0		/home/miguel/IBE-UPF/TFM/Master_projects/PhyloPhere/Data/6.CAAS_traitfiles/Ranked/df4_sp.tab
ABCB10@387	0	1000	0.0		/home/miguel/IBE-UPF/TFM/Master_projects/PhyloPhere/Data/6.CAAS_traitfiles/Ranked/df4_sp.tab
ABCB10@389	0	1000	0.0		/home/miguel/IBE-UPF/TFM/Master_projects/PhyloPhere/Data/6.CAAS_traitfiles/Ranked/df4_sp.tab
ABCB10@407	0	1000	0.0		/home/miguel/IBE-UPF/TFM/Master_projects/PhyloPhere/Data/6.CAAS_traitfiles/Ranked/df4_sp.tab
ABCB10@419	69	1000	0.069	b_38,b_265,b_577,b_135,b_875,b_935,b_325,b_699,b_335,b_997,b_21,b_810,b_377,b_589,b_7,b_993,b_807,b_240,b_680,b_376,b_970,b_392,b_485,b_363,b_373,b_633,b_719,b_427,b_841,b_334,b_140,b_880,b_10,b_636,b_725,b_217,b_812,b_367,b_484,b_165,b_989,b_610,b_932,b_669,b_605,b_844,b_913,b_919,b_962,b_481,b_780,b_735,b_903,b_385,b_948,b_451,b_65,b_244,b_34,b_665,b_502,b_67,b_307,b_453,b_743,b_388,b_353,b_663,b_86	/home/miguel/IBE-UPF/TFM/Master_projects/PhyloPhere/Data/6.CAAS_traitfiles/Ranked/df4_sp.tab
ABCB10@425	2	1000	0.002	b_424,b_414	/home/miguel/IBE-UPF/TFM/Master_projects/PhyloPhere/Data/6.CAAS_traitfiles/Ranked/df4_sp.tab
ABCB10@427	68	1000	0.068	b_475,b_891,b_151,b_861,b_645,b_688,b_515,b_628,b_139,b_976,b_82,b_703,b_167,b_697,b_243,b_796,b_549,b_274,b_52,b_734,b_77,b_890,b_317,b_710,b_574,b_396,b_78,b_949,b_700,b_841,b_202,b_95,b_110,b_51,b_894,b_94,b_510,b_45,b_147,b_29,b_462,b_40,b_136,b_284,b_667,b_366,b_806,b_115,b_790,b_312,b_883,b_751,b_917,b_908,b_129,b_926,b_787,b_273,b_615,b_361,b_992,b_97,b_415,b_526,b_694,b_250,b_86,b_47	/home/miguel/IBE-UPF/TFM/Master_projects/PhyloPhere/Data/6.CAAS_traitfiles/Ranked/df4_sp.tab
ABCB10@428	0	1000	0.0		/home/miguel/IBE-UPF/TFM/Master_projects/PhyloPhere/Data/6.CAAS_traitfiles/Ranked/df4_sp.tab
ABCB10@429	22	1000	0.022	b_475,b_941,b_444,b_188,b_703,b_545,b_351,b_85,b_43,b_578,b_647,b_71,b_574,b_609,b_670,b_666,b_414,b_962,b_123,b_448,b_780,b_254	/home/miguel/IBE-UPF/TFM/Master_projects/PhyloPhere/Data/6.CAAS_traitfiles/Ranked/df4_sp.tab
ABCB10@433	0	1000	0.0		/home/miguel/IBE-UPF/TFM/Master_projects/PhyloPhere/Data/6.CAAS_traitfiles/Ranked/df4_sp.tab
ABCB10@438	22	1000	0.022	b_475,b_941,b_444,b_188,b_703,b_545,b_351,b_85,b_43,b_578,b_647,b_71,b_574,b_609,b_670,b_666,b_414,b_962,b_123,b_448,b_780,b_254	/home/miguel/IBE-UPF/TFM/Master_projects/PhyloPhere/Data/6.CAAS_traitfiles/Ranked/df4_sp.tab
ABCB10@442	0	1000	0.0		/home/miguel/IBE-UPF/TFM/Master_projects/PhyloPhere/Data/6.CAAS_traitfiles/Ranked/df4_sp.tab
ABCB10@449	3	1000	0.003	b_609,b_913,b_646	/home/miguel/IBE-UPF/TFM/Master_projects/PhyloPhere/Data/6.CAAS_traitfiles/Ranked/df4_sp.tab
ABCB10@451	0	1000	0.0		/home/miguel/IBE-UPF/TFM/Master_projects/PhyloPhere/Data/6.CAAS_traitfiles/Ranked/df4_sp.tab
ABCB10@457	0	1000	0.0		/home/miguel/IBE-UPF/TFM/Master_projects/PhyloPhere/Data/6.CAAS_traitfiles/Ranked/df4_sp.tab
ABCB10@464	0	1000	0.0		/home/miguel/IBE-UPF/TFM/Master_projects/PhyloPhere/Data/6.CAAS_traitfiles/Ranked/df4_sp.tab
ABCB10@465	0	1000	0.0		/home/miguel/IBE-UPF/TFM/Master_projects/PhyloPhere/Data/6.CAAS_traitfiles/Ranked/df4_sp.tab
ABCB10@466	0	1000	0.0		/home/miguel/IBE-UPF/TFM/Master_projects/PhyloPhere/Data/6.CAAS_traitfiles/Ranked/df4_sp.tab
ABCB10@467	0	1000	0.0		/home/miguel/IBE-UPF/TFM/Master_projects/PhyloPhere/Data/6.CAAS_traitfiles/Ranked/df4_sp.tab
ABCB10@468	0	1000	0.0		/home/miguel/IBE-UPF/TFM/Master_projects/PhyloPhere/Data/6.CAAS_traitfiles/Ranked/df4_sp.tab
ABCB10@469	0	1000	0.0		/home/miguel/IBE-UPF/TFM/Master_projects/PhyloPhere/Data/6.CAAS_traitfiles/Ranked/df4_sp.tab
ABCB10@470	0	1000	0.0		/home/miguel/IBE-UPF/TFM/Master_projects/PhyloPhere/Data/6.CAAS_traitfiles/Ranked/df4_sp.tab
ABCB10@471	0	1000	0.0		/home/miguel/IBE-UPF/TFM/Master_projects/PhyloPhere/Data/6.CAAS_traitfiles/Ranked/df4_sp.tab
ABCB10@472	0	1000	0.0		/home/miguel/IBE-UPF/TFM/Master_projects/PhyloPhere/Data/6.CAAS_traitfiles/Ranked/df4_sp.tab
ABCB10@473	0	1000	0.0		/home/miguel/IBE-UPF/TFM/Master_projects/PhyloPhere/Data/6.CAAS_traitfiles/Ranked/df4_sp.tab
ABCB10@475	0	1000	0.0		/home/miguel/IBE-UPF/TFM/Master_projects/PhyloPhere/Data/6.CAAS_traitfiles/Ranked/df4_sp.tab
ABCB10@476	0	1000	0.0		/home/miguel/IBE-UPF/TFM/Master_projects/PhyloPhere/Data/6.CAAS_traitfiles/Ranked/df4_sp.tab
ABCB10@477	0	1000	0.0		/home/miguel/IBE-UPF/TFM/Master_projects/PhyloPhere/Data/6.CAAS_traitfiles/Ranked/df4_sp.tab
ABCB10@478	0	1000	0.0		/home/miguel/IBE-UPF/TFM/Master_projects/PhyloPhere/Data/6.CAAS_traitfiles/Ranked/df4_sp.tab
ABCB10@479	0	1000	0.0		/home/miguel/IBE-UPF/TFM/Master_projects/PhyloPhere/Data/6.CAAS_traitfiles/Ranked/df4_sp.tab
ABCB10@481	0	1000	0.0		/home/miguel/IBE-UPF/TFM/Master_projects/PhyloPhere/Data/6.CAAS_traitfiles/Ranked/df4_sp.tab
ABCB10@482	0	1000	0.0		/home/miguel/IBE-UPF/TFM/Master_projects/PhyloPhere/Data/6.CAAS_traitfiles/Ranked/df4_sp.tab
ABCB10@483	0	1000	0.0		/home/miguel/IBE-UPF/TFM/Master_projects/PhyloPhere/Data/6.CAAS_traitfiles/Ranked/df4_sp.tab
ABCB10@484	0	1000	0.0		/home/miguel/IBE-UPF/TFM/Master_projects/PhyloPhere/Data/6.CAAS_traitfiles/Ranked/df4_sp.tab
ABCB10@485	0	1000	0.0		/home/miguel/IBE-UPF/TFM/Master_projects/PhyloPhere/Data/6.CAAS_traitfiles/Ranked/df4_sp.tab
ABCB10@486	0	1000	0.0		/home/miguel/IBE-UPF/TFM/Master_projects/PhyloPhere/Data/6.CAAS_traitfiles/Ranked/df4_sp.tab
ABCB10@495	30	1000	0.03	b_677,b_504,b_117,b_360,b_767,b_697,b_718,b_916,b_562,b_160,b_243,b_26,b_860,b_549,b_635,b_890,b_774,b_584,b_412,b_921,b_579,b_928,b_705,b_548,b_844,b_695,b_616,b_101,b_208,b_946	/home/miguel/IBE-UPF/TFM/Master_projects/PhyloPhere/Data/6.CAAS_traitfiles/Ranked/df4_sp.tab
ABCB10@505	0	1000	0.0		/home/miguel/IBE-UPF/TFM/Master_projects/PhyloPhere/Data/6.CAAS_traitfiles/Ranked/df4_sp.tab
ABCB10@506	22	1000	0.022	b_475,b_941,b_444,b_188,b_703,b_545,b_351,b_85,b_43,b_578,b_647,b_71,b_574,b_609,b_670,b_666,b_414,b_962,b_123,b_448,b_780,b_254	/home/miguel/IBE-UPF/TFM/Master_projects/PhyloPhere/Data/6.CAAS_traitfiles/Ranked/df4_sp.tab
ABCB10@512	51	1000	0.051	b_720,b_475,b_688,b_976,b_697,b_971,b_77,b_970,b_890,b_580,b_863,b_317,b_396,b_78,b_348,b_949,b_774,b_700,b_841,b_202,b_51,b_894,b_461,b_660,b_94,b_805,b_510,b_40,b_284,b_828,b_817,b_366,b_806,b_115,b_312,b_287,b_751,b_98,b_735,b_926,b_649,b_570,b_218,b_361,b_415,b_526,b_694,b_250,b_388,b_353,b_86	/home/miguel/IBE-UPF/TFM/Master_projects/PhyloPhere/Data/6.CAAS_traitfiles/Ranked/df4_sp.tab
ABCB10@524	0	1000	0.0		/home/miguel/IBE-UPF/TFM/Master_projects/PhyloPhere/Data/6.CAAS_traitfiles/Ranked/df4_sp.tab
ABCB10@525	9	1000	0.009	b_577,b_807,b_538,b_334,b_932,b_605,b_919,b_65,b_353	/home/miguel/IBE-UPF/TFM/Master_projects/PhyloPhere/Data/6.CAAS_traitfiles/Ranked/df4_sp.tab
ABCB10@530	0	1000	0.0		/home/miguel/IBE-UPF/TFM/Master_projects/PhyloPhere/Data/6.CAAS_traitfiles/Ranked/df4_sp.tab
ABCB10@533	0	1000	0.0		/home/miguel/IBE-UPF/TFM/Master_projects/PhyloPhere/Data/6.CAAS_traitfiles/Ranked/df4_sp.tab
ABCB10@534	0	1000	0.0		/home/miguel/IBE-UPF/TFM/Master_projects/PhyloPhere/Data/6.CAAS_traitfiles/Ranked/df4_sp.tab
ABCB10@535	0	1000	0.0		/home/miguel/IBE-UPF/TFM/Master_projects/PhyloPhere/Data/6.CAAS_traitfiles/Ranked/df4_sp.tab
ABCB10@537	0	1000	0.0		/home/miguel/IBE-UPF/TFM/Master_projects/PhyloPhere/Data/6.CAAS_traitfiles/Ranked/df4_sp.tab
ABCB10@540	0	1000	0.0		/home/miguel/IBE-UPF/TFM/Master_projects/PhyloPhere/Data/6.CAAS_traitfiles/Ranked/df4_sp.tab
ABCB10@542	0	1000	0.0		/home/miguel/IBE-UPF/TFM/Master_projects/PhyloPhere/Data/6.CAAS_traitfiles/Ranked/df4_sp.tab
ABCB10@548	22	1000	0.022	b_475,b_941,b_444,b_188,b_703,b_545,b_351,b_85,b_43,b_578,b_647,b_71,b_574,b_609,b_670,b_666,b_414,b_962,b_123,b_448,b_780,b_254	/home/miguel/IBE-UPF/TFM/Master_projects/PhyloPhere/Data/6.CAAS_traitfiles/Ranked/df4_sp.tab
ABCB10@550	22	1000	0.022	b_475,b_941,b_444,b_188,b_703,b_545,b_351,b_85,b_43,b_578,b_647,b_71,b_574,b_609,b_670,b_666,b_414,b_962,b_123,b_448,b_780,b_254	/home/miguel/IBE-UPF/TFM/Master_projects/PhyloPhere/Data/6.CAAS_traitfiles/Ranked/df4_sp.tab
ABCB10@556	0	1000	0.0		/home/miguel/IBE-UPF/TFM/Master_projects/PhyloPhere/Data/6.CAAS_traitfiles/Ranked/df4_sp.tab
ABCB10@557	0	1000	0.0		/home/miguel/IBE-UPF/TFM/Master_projects/PhyloPhere/Data/6.CAAS_traitfiles/Ranked/df4_sp.tab
ABCB10@558	0	1000	0.0		/home/miguel/IBE-UPF/TFM/Master_projects/PhyloPhere/Data/6.CAAS_traitfiles/Ranked/df4_sp.tab
ABCB10@559	0	1000	0.0		/home/miguel/IBE-UPF/TFM/Master_projects/PhyloPhere/Data/6.CAAS_traitfiles/Ranked/df4_sp.tab
ABCB10@560	0	1000	0.0		/home/miguel/IBE-UPF/TFM/Master_projects/PhyloPhere/Data/6.CAAS_traitfiles/Ranked/df4_sp.tab
ABCB10@561	0	1000	0.0		/home/miguel/IBE-UPF/TFM/Master_projects/PhyloPhere/Data/6.CAAS_traitfiles/Ranked/df4_sp.tab
ABCB10@562	0	1000	0.0		/home/miguel/IBE-UPF/TFM/Master_projects/PhyloPhere/Data/6.CAAS_traitfiles/Ranked/df4_sp.tab
ABCB10@563	2	1000	0.002	b_83,b_176	/home/miguel/IBE-UPF/TFM/Master_projects/PhyloPhere/Data/6.CAAS_traitfiles/Ranked/df4_sp.tab
