ABCB5@1	0	1000	0.0		/home/miguel/IBE-UPF/TFM/Master_projects/PhyloPhere/Data/6.CAAS_traitfiles/Ranked/df4_sp.tab
ABCB5@4	0	1000	0.0		/home/miguel/IBE-UPF/TFM/Master_projects/PhyloPhere/Data/6.CAAS_traitfiles/Ranked/df4_sp.tab
ABCB5@5	0	1000	0.0		/home/miguel/IBE-UPF/TFM/Master_projects/PhyloPhere/Data/6.CAAS_traitfiles/Ranked/df4_sp.tab
ABCB5@6	0	1000	0.0		/home/miguel/IBE-UPF/TFM/Master_projects/PhyloPhere/Data/6.CAAS_traitfiles/Ranked/df4_sp.tab
ABCB5@8	0	1000	0.0		/home/miguel/IBE-UPF/TFM/Master_projects/PhyloPhere/Data/6.CAAS_traitfiles/Ranked/df4_sp.tab
ABCB5@9	0	1000	0.0		/home/miguel/IBE-UPF/TFM/Master_projects/PhyloPhere/Data/6.CAAS_traitfiles/Ranked/df4_sp.tab
ABCB5@15	0	1000	0.0		/home/miguel/IBE-UPF/TFM/Master_projects/PhyloPhere/Data/6.CAAS_traitfiles/Ranked/df4_sp.tab
ABCB5@18	0	1000	0.0		/home/miguel/IBE-UPF/TFM/Master_projects/PhyloPhere/Data/6.CAAS_traitfiles/Ranked/df4_sp.tab
ABCB5@20	0	1000	0.0		/home/miguel/IBE-UPF/TFM/Master_projects/PhyloPhere/Data/6.CAAS_traitfiles/Ranked/df4_sp.tab
ABCB5@38	0	1000	0.0		/home/miguel/IBE-UPF/TFM/Master_projects/PhyloPhere/Data/6.CAAS_traitfiles/Ranked/df4_sp.tab
ABCB5@40	0	1000	0.0		/home/miguel/IBE-UPF/TFM/Master_projects/PhyloPhere/Data/6.CAAS_traitfiles/Ranked/df4_sp.tab
ABCB5@44	0	1000	0.0		/home/miguel/IBE-UPF/TFM/Master_projects/PhyloPhere/Data/6.CAAS_traitfiles/Ranked/df4_sp.tab
ABCB5@45	0	1000	0.0		/home/miguel/IBE-UPF/TFM/Master_projects/PhyloPhere/Data/6.CAAS_traitfiles/Ranked/df4_sp.tab
ABCB5@46	0	1000	0.0		/home/miguel/IBE-UPF/TFM/Master_projects/PhyloPhere/Data/6.CAAS_traitfiles/Ranked/df4_sp.tab
ABCB5@47	0	1000	0.0		/home/miguel/IBE-UPF/TFM/Master_projects/PhyloPhere/Data/6.CAAS_traitfiles/Ranked/df4_sp.tab
ABCB5@52	0	1000	0.0		/home/miguel/IBE-UPF/TFM/Master_projects/PhyloPhere/Data/6.CAAS_traitfiles/Ranked/df4_sp.tab
ABCB5@53	18	1000	0.018	b_941,b_876,b_533,b_670,b_882,b_738,b_609,b_182,b_251,b_38,b_962,b_112,b_262,b_822,b_651,b_780,b_71,b_447	/home/miguel/IBE-UPF/TFM/Master_projects/PhyloPhere/Data/6.CAAS_traitfiles/Ranked/df4_sp.tab
ABCB5@57	0	1000	0.0		/home/miguel/IBE-UPF/TFM/Master_projects/PhyloPhere/Data/6.CAAS_traitfiles/Ranked/df4_sp.tab
ABCB5@62	0	1000	0.0		/home/miguel/IBE-UPF/TFM/Master_projects/PhyloPhere/Data/6.CAAS_traitfiles/Ranked/df4_sp.tab
ABCB5@63	0	1000	0.0		/home/miguel/IBE-UPF/TFM/Master_projects/PhyloPhere/Data/6.CAAS_traitfiles/Ranked/df4_sp.tab
ABCB5@65	0	1000	0.0		/home/miguel/IBE-UPF/TFM/Master_projects/PhyloPhere/Data/6.CAAS_traitfiles/Ranked/df4_sp.tab
ABCB5@66	81	1000	0.081	b_841,b_941,b_139,b_363,b_65,b_903,b_774,b_348,b_844,b_633,b_720,b_240,b_948,b_140,b_806,b_697,b_475,b_34,b_908,b_94,b_10,b_265,b_415,b_817,b_515,b_353,b_367,b_484,b_660,b_218,b_917,b_725,b_78,b_790,b_38,b_549,b_7,b_510,b_217,b_962,b_699,b_667,b_735,b_636,b_165,b_40,b_577,b_680,b_51,b_913,b_935,b_694,b_334,b_894,b_810,b_97,b_665,b_807,b_890,b_579,b_993,b_388,b_135,b_949,b_67,b_751,b_688,b_610,b_47,b_780,b_71,b_743,b_932,b_919,b_989,b_335,b_86,b_202,b_875,b_376,b_481	/home/miguel/IBE-UPF/TFM/Master_projects/PhyloPhere/Data/6.CAAS_traitfiles/Ranked/df4_sp.tab
ABCB5@67	17	1000	0.017	b_941,b_351,b_123,b_670,b_475,b_574,b_609,b_703,b_448,b_962,b_647,b_254,b_43,b_666,b_578,b_780,b_71	/home/miguel/IBE-UPF/TFM/Master_projects/PhyloPhere/Data/6.CAAS_traitfiles/Ranked/df4_sp.tab
ABCB5@68	0	1000	0.0		/home/miguel/IBE-UPF/TFM/Master_projects/PhyloPhere/Data/6.CAAS_traitfiles/Ranked/df4_sp.tab
ABCB5@70	0	1000	0.0		/home/miguel/IBE-UPF/TFM/Master_projects/PhyloPhere/Data/6.CAAS_traitfiles/Ranked/df4_sp.tab
ABCB5@71	0	1000	0.0		/home/miguel/IBE-UPF/TFM/Master_projects/PhyloPhere/Data/6.CAAS_traitfiles/Ranked/df4_sp.tab
ABCB5@75	0	1000	0.0		/home/miguel/IBE-UPF/TFM/Master_projects/PhyloPhere/Data/6.CAAS_traitfiles/Ranked/df4_sp.tab
ABCB5@78	0	1000	0.0		/home/miguel/IBE-UPF/TFM/Master_projects/PhyloPhere/Data/6.CAAS_traitfiles/Ranked/df4_sp.tab
ABCB5@82	0	1000	0.0		/home/miguel/IBE-UPF/TFM/Master_projects/PhyloPhere/Data/6.CAAS_traitfiles/Ranked/df4_sp.tab
ABCB5@86	15	1000	0.015	b_941,b_123,b_670,b_475,b_574,b_609,b_703,b_448,b_962,b_647,b_43,b_578,b_780,b_71,b_153	/home/miguel/IBE-UPF/TFM/Master_projects/PhyloPhere/Data/6.CAAS_traitfiles/Ranked/df4_sp.tab
ABCB5@89	20	1000	0.02	b_139,b_796,b_110,b_710,b_806,b_697,b_908,b_415,b_861,b_790,b_549,b_556,b_167,b_147,b_894,b_890,b_992,b_172,b_208,b_718	/home/miguel/IBE-UPF/TFM/Master_projects/PhyloPhere/Data/6.CAAS_traitfiles/Ranked/df4_sp.tab
ABCB5@92	17	1000	0.017	b_941,b_351,b_123,b_670,b_475,b_574,b_609,b_703,b_448,b_962,b_647,b_254,b_43,b_666,b_578,b_780,b_71	/home/miguel/IBE-UPF/TFM/Master_projects/PhyloPhere/Data/6.CAAS_traitfiles/Ranked/df4_sp.tab
ABCB5@93	98	1000	0.098	b_841,b_941,b_139,b_363,b_65,b_903,b_351,b_123,b_844,b_670,b_633,b_796,b_110,b_240,b_948,b_710,b_140,b_806,b_697,b_891,b_475,b_34,b_574,b_609,b_908,b_94,b_10,b_265,b_415,b_703,b_515,b_353,b_367,b_484,b_448,b_861,b_725,b_917,b_78,b_790,b_38,b_549,b_7,b_510,b_217,b_962,b_167,b_699,b_667,b_735,b_636,b_165,b_40,b_647,b_29,b_577,b_680,b_51,b_913,b_935,b_694,b_254,b_147,b_334,b_894,b_810,b_97,b_665,b_807,b_890,b_993,b_388,b_135,b_43,b_462,b_666,b_992,b_949,b_67,b_578,b_751,b_688,b_610,b_47,b_780,b_71,b_45,b_743,b_932,b_919,b_989,b_335,b_86,b_82,b_202,b_875,b_376,b_481	/home/miguel/IBE-UPF/TFM/Master_projects/PhyloPhere/Data/6.CAAS_traitfiles/Ranked/df4_sp.tab
ABCB5@96	0	1000	0.0		/home/miguel/IBE-UPF/TFM/Master_projects/PhyloPhere/Data/6.CAAS_traitfiles/Ranked/df4_sp.tab
ABCB5@99	0	1000	0.0		/home/miguel/IBE-UPF/TFM/Master_projects/PhyloPhere/Data/6.CAAS_traitfiles/Ranked/df4_sp.tab
ABCB5@101	0	1000	0.0		/home/miguel/IBE-UPF/TFM/Master_projects/PhyloPhere/Data/6.CAAS_traitfiles/Ranked/df4_sp.tab
ABCB5@103	0	1000	0.0		/home/miguel/IBE-UPF/TFM/Master_projects/PhyloPhere/Data/6.CAAS_traitfiles/Ranked/df4_sp.tab
ABCB5@105	0	1000	0.0		/home/miguel/IBE-UPF/TFM/Master_projects/PhyloPhere/Data/6.CAAS_traitfiles/Ranked/df4_sp.tab
ABCB5@107	0	1000	0.0		/home/miguel/IBE-UPF/TFM/Master_projects/PhyloPhere/Data/6.CAAS_traitfiles/Ranked/df4_sp.tab
ABCB5@110	24	1000	0.024	b_941,b_351,b_123,b_670,b_560,b_404,b_475,b_574,b_609,b_703,b_861,b_78,b_500,b_811,b_667,b_647,b_517,b_254,b_468,b_43,b_666,b_949,b_71,b_45	/home/miguel/IBE-UPF/TFM/Master_projects/PhyloPhere/Data/6.CAAS_traitfiles/Ranked/df4_sp.tab
ABCB5@115	15	1000	0.015	b_774,b_844,b_705,b_720,b_697,b_549,b_762,b_510,b_26,b_412,b_677,b_635,b_890,b_579,b_562	/home/miguel/IBE-UPF/TFM/Master_projects/PhyloPhere/Data/6.CAAS_traitfiles/Ranked/df4_sp.tab
ABCB5@116	27	1000	0.027	b_648,b_941,b_351,b_670,b_110,b_806,b_475,b_574,b_19,b_703,b_899,b_448,b_790,b_510,b_148,b_962,b_647,b_254,b_111,b_890,b_43,b_462,b_666,b_298,b_600,b_47,b_82	/home/miguel/IBE-UPF/TFM/Master_projects/PhyloPhere/Data/6.CAAS_traitfiles/Ranked/df4_sp.tab
ABCB5@117	0	1000	0.0		/home/miguel/IBE-UPF/TFM/Master_projects/PhyloPhere/Data/6.CAAS_traitfiles/Ranked/df4_sp.tab
ABCB5@120	17	1000	0.017	b_941,b_351,b_123,b_670,b_475,b_574,b_609,b_703,b_448,b_962,b_647,b_254,b_43,b_666,b_578,b_780,b_71	/home/miguel/IBE-UPF/TFM/Master_projects/PhyloPhere/Data/6.CAAS_traitfiles/Ranked/df4_sp.tab
ABCB5@121	0	1000	0.0		/home/miguel/IBE-UPF/TFM/Master_projects/PhyloPhere/Data/6.CAAS_traitfiles/Ranked/df4_sp.tab
ABCB5@122	0	1000	0.0		/home/miguel/IBE-UPF/TFM/Master_projects/PhyloPhere/Data/6.CAAS_traitfiles/Ranked/df4_sp.tab
ABCB5@124	0	1000	0.0		/home/miguel/IBE-UPF/TFM/Master_projects/PhyloPhere/Data/6.CAAS_traitfiles/Ranked/df4_sp.tab
ABCB5@128	0	1000	0.0		/home/miguel/IBE-UPF/TFM/Master_projects/PhyloPhere/Data/6.CAAS_traitfiles/Ranked/df4_sp.tab
ABCB5@131	17	1000	0.017	b_941,b_351,b_123,b_670,b_475,b_574,b_609,b_703,b_448,b_962,b_647,b_254,b_43,b_666,b_578,b_780,b_71	/home/miguel/IBE-UPF/TFM/Master_projects/PhyloPhere/Data/6.CAAS_traitfiles/Ranked/df4_sp.tab
ABCB5@132	0	1000	0.0		/home/miguel/IBE-UPF/TFM/Master_projects/PhyloPhere/Data/6.CAAS_traitfiles/Ranked/df4_sp.tab
ABCB5@135	17	1000	0.017	b_941,b_351,b_123,b_670,b_475,b_574,b_609,b_703,b_448,b_962,b_647,b_254,b_43,b_666,b_578,b_780,b_71	/home/miguel/IBE-UPF/TFM/Master_projects/PhyloPhere/Data/6.CAAS_traitfiles/Ranked/df4_sp.tab
ABCB5@136	0	1000	0.0		/home/miguel/IBE-UPF/TFM/Master_projects/PhyloPhere/Data/6.CAAS_traitfiles/Ranked/df4_sp.tab
ABCB5@138	0	1000	0.0		/home/miguel/IBE-UPF/TFM/Master_projects/PhyloPhere/Data/6.CAAS_traitfiles/Ranked/df4_sp.tab
ABCB5@139	0	1000	0.0		/home/miguel/IBE-UPF/TFM/Master_projects/PhyloPhere/Data/6.CAAS_traitfiles/Ranked/df4_sp.tab
ABCB5@144	0	1000	0.0		/home/miguel/IBE-UPF/TFM/Master_projects/PhyloPhere/Data/6.CAAS_traitfiles/Ranked/df4_sp.tab
ABCB5@146	0	1000	0.0		/home/miguel/IBE-UPF/TFM/Master_projects/PhyloPhere/Data/6.CAAS_traitfiles/Ranked/df4_sp.tab
ABCB5@148	47	1000	0.047	b_841,b_363,b_65,b_903,b_844,b_633,b_240,b_948,b_140,b_34,b_10,b_265,b_353,b_367,b_484,b_725,b_38,b_7,b_217,b_962,b_699,b_735,b_636,b_165,b_577,b_680,b_913,b_935,b_334,b_810,b_665,b_807,b_993,b_388,b_135,b_67,b_610,b_780,b_743,b_932,b_919,b_989,b_335,b_86,b_875,b_376,b_481	/home/miguel/IBE-UPF/TFM/Master_projects/PhyloPhere/Data/6.CAAS_traitfiles/Ranked/df4_sp.tab
ABCB5@152	17	1000	0.017	b_941,b_351,b_123,b_670,b_475,b_574,b_609,b_703,b_448,b_962,b_647,b_254,b_43,b_666,b_578,b_780,b_71	/home/miguel/IBE-UPF/TFM/Master_projects/PhyloPhere/Data/6.CAAS_traitfiles/Ranked/df4_sp.tab
ABCB5@156	47	1000	0.047	b_841,b_363,b_65,b_903,b_844,b_633,b_240,b_948,b_140,b_34,b_10,b_265,b_353,b_367,b_484,b_725,b_38,b_7,b_217,b_962,b_699,b_735,b_636,b_165,b_577,b_680,b_913,b_935,b_334,b_810,b_665,b_807,b_993,b_388,b_135,b_67,b_610,b_780,b_743,b_932,b_919,b_989,b_335,b_86,b_875,b_376,b_481	/home/miguel/IBE-UPF/TFM/Master_projects/PhyloPhere/Data/6.CAAS_traitfiles/Ranked/df4_sp.tab
ABCB5@160	0	1000	0.0		/home/miguel/IBE-UPF/TFM/Master_projects/PhyloPhere/Data/6.CAAS_traitfiles/Ranked/df4_sp.tab
ABCB5@161	23	1000	0.023	b_670,b_110,b_806,b_697,b_475,b_574,b_19,b_861,b_78,b_510,b_51,b_111,b_890,b_287,b_462,b_992,b_949,b_631,b_298,b_600,b_45,b_202,b_269	/home/miguel/IBE-UPF/TFM/Master_projects/PhyloPhere/Data/6.CAAS_traitfiles/Ranked/df4_sp.tab
ABCB5@164	47	1000	0.047	b_841,b_363,b_65,b_903,b_844,b_633,b_240,b_948,b_140,b_34,b_10,b_265,b_353,b_367,b_484,b_725,b_38,b_7,b_217,b_962,b_699,b_735,b_636,b_165,b_577,b_680,b_913,b_935,b_334,b_810,b_665,b_807,b_993,b_388,b_135,b_67,b_610,b_780,b_743,b_932,b_919,b_989,b_335,b_86,b_875,b_376,b_481	/home/miguel/IBE-UPF/TFM/Master_projects/PhyloPhere/Data/6.CAAS_traitfiles/Ranked/df4_sp.tab
ABCB5@176	47	1000	0.047	b_841,b_363,b_65,b_903,b_844,b_633,b_240,b_948,b_140,b_34,b_10,b_265,b_353,b_367,b_484,b_725,b_38,b_7,b_217,b_962,b_699,b_735,b_636,b_165,b_577,b_680,b_913,b_935,b_334,b_810,b_665,b_807,b_993,b_388,b_135,b_67,b_610,b_780,b_743,b_932,b_919,b_989,b_335,b_86,b_875,b_376,b_481	/home/miguel/IBE-UPF/TFM/Master_projects/PhyloPhere/Data/6.CAAS_traitfiles/Ranked/df4_sp.tab
ABCB5@182	0	1000	0.0		/home/miguel/IBE-UPF/TFM/Master_projects/PhyloPhere/Data/6.CAAS_traitfiles/Ranked/df4_sp.tab
ABCB5@189	27	1000	0.027	b_841,b_363,b_65,b_100,b_844,b_633,b_265,b_353,b_38,b_7,b_962,b_649,b_699,b_735,b_636,b_165,b_577,b_935,b_334,b_807,b_460,b_388,b_135,b_610,b_932,b_919,b_335	/home/miguel/IBE-UPF/TFM/Master_projects/PhyloPhere/Data/6.CAAS_traitfiles/Ranked/df4_sp.tab
ABCB5@190	0	1000	0.0		/home/miguel/IBE-UPF/TFM/Master_projects/PhyloPhere/Data/6.CAAS_traitfiles/Ranked/df4_sp.tab
ABCB5@191	0	1000	0.0		/home/miguel/IBE-UPF/TFM/Master_projects/PhyloPhere/Data/6.CAAS_traitfiles/Ranked/df4_sp.tab
ABCB5@192	18	1000	0.018	b_417,b_123,b_475,b_574,b_954,b_703,b_341,b_448,b_454,b_551,b_647,b_254,b_430,b_840,b_701,b_780,b_839,b_246	/home/miguel/IBE-UPF/TFM/Master_projects/PhyloPhere/Data/6.CAAS_traitfiles/Ranked/df4_sp.tab
ABCB5@193	0	1000	0.0		/home/miguel/IBE-UPF/TFM/Master_projects/PhyloPhere/Data/6.CAAS_traitfiles/Ranked/df4_sp.tab
ABCB5@194	0	1000	0.0		/home/miguel/IBE-UPF/TFM/Master_projects/PhyloPhere/Data/6.CAAS_traitfiles/Ranked/df4_sp.tab
ABCB5@195	0	1000	0.0		/home/miguel/IBE-UPF/TFM/Master_projects/PhyloPhere/Data/6.CAAS_traitfiles/Ranked/df4_sp.tab
ABCB5@196	23	1000	0.023	b_941,b_351,b_123,b_670,b_404,b_475,b_574,b_609,b_703,b_448,b_861,b_500,b_962,b_811,b_647,b_517,b_254,b_468,b_43,b_666,b_578,b_780,b_71	/home/miguel/IBE-UPF/TFM/Master_projects/PhyloPhere/Data/6.CAAS_traitfiles/Ranked/df4_sp.tab
ABCB5@200	47	1000	0.047	b_841,b_363,b_65,b_903,b_844,b_633,b_240,b_948,b_140,b_34,b_10,b_265,b_353,b_367,b_484,b_725,b_38,b_7,b_217,b_962,b_699,b_735,b_636,b_165,b_577,b_680,b_913,b_935,b_334,b_810,b_665,b_807,b_993,b_388,b_135,b_67,b_610,b_780,b_743,b_932,b_919,b_989,b_335,b_86,b_875,b_376,b_481	/home/miguel/IBE-UPF/TFM/Master_projects/PhyloPhere/Data/6.CAAS_traitfiles/Ranked/df4_sp.tab
ABCB5@212	0	1000	0.0		/home/miguel/IBE-UPF/TFM/Master_projects/PhyloPhere/Data/6.CAAS_traitfiles/Ranked/df4_sp.tab
ABCB5@220	26	1000	0.026	b_941,b_417,b_876,b_533,b_670,b_466,b_221,b_882,b_738,b_609,b_341,b_182,b_251,b_38,b_962,b_112,b_262,b_198,b_822,b_651,b_586,b_840,b_701,b_780,b_71,b_447	/home/miguel/IBE-UPF/TFM/Master_projects/PhyloPhere/Data/6.CAAS_traitfiles/Ranked/df4_sp.tab
ABCB5@223	0	1000	0.0		/home/miguel/IBE-UPF/TFM/Master_projects/PhyloPhere/Data/6.CAAS_traitfiles/Ranked/df4_sp.tab
ABCB5@224	42	1000	0.042	b_841,b_139,b_796,b_110,b_710,b_806,b_697,b_891,b_475,b_574,b_908,b_94,b_415,b_703,b_515,b_861,b_917,b_78,b_790,b_549,b_510,b_167,b_667,b_40,b_29,b_51,b_694,b_147,b_894,b_97,b_890,b_462,b_992,b_996,b_949,b_751,b_688,b_47,b_45,b_86,b_82,b_202	/home/miguel/IBE-UPF/TFM/Master_projects/PhyloPhere/Data/6.CAAS_traitfiles/Ranked/df4_sp.tab
ABCB5@226	50	1000	0.05	b_841,b_363,b_65,b_903,b_844,b_633,b_240,b_948,b_140,b_34,b_307,b_10,b_265,b_669,b_353,b_367,b_484,b_725,b_38,b_7,b_217,b_962,b_699,b_735,b_636,b_165,b_577,b_680,b_913,b_935,b_334,b_810,b_665,b_807,b_993,b_388,b_135,b_502,b_67,b_610,b_780,b_743,b_932,b_919,b_989,b_335,b_86,b_875,b_376,b_481	/home/miguel/IBE-UPF/TFM/Master_projects/PhyloPhere/Data/6.CAAS_traitfiles/Ranked/df4_sp.tab
ABCB5@234	0	1000	0.0		/home/miguel/IBE-UPF/TFM/Master_projects/PhyloPhere/Data/6.CAAS_traitfiles/Ranked/df4_sp.tab
ABCB5@238	0	1000	0.0		/home/miguel/IBE-UPF/TFM/Master_projects/PhyloPhere/Data/6.CAAS_traitfiles/Ranked/df4_sp.tab
ABCB5@242	23	1000	0.023	b_941,b_351,b_123,b_670,b_404,b_475,b_574,b_609,b_703,b_448,b_861,b_500,b_962,b_811,b_647,b_517,b_254,b_468,b_43,b_666,b_578,b_780,b_71	/home/miguel/IBE-UPF/TFM/Master_projects/PhyloPhere/Data/6.CAAS_traitfiles/Ranked/df4_sp.tab
ABCB5@246	34	1000	0.034	b_438,b_841,b_65,b_209,b_442,b_110,b_240,b_446,b_804,b_768,b_163,b_319,b_265,b_353,b_490,b_826,b_304,b_958,b_459,b_145,b_88,b_59,b_935,b_894,b_807,b_67,b_24,b_610,b_222,b_932,b_154,b_989,b_335,b_86	/home/miguel/IBE-UPF/TFM/Master_projects/PhyloPhere/Data/6.CAAS_traitfiles/Ranked/df4_sp.tab
ABCB5@247	0	1000	0.0		/home/miguel/IBE-UPF/TFM/Master_projects/PhyloPhere/Data/6.CAAS_traitfiles/Ranked/df4_sp.tab
ABCB5@248	0	1000	0.0		/home/miguel/IBE-UPF/TFM/Master_projects/PhyloPhere/Data/6.CAAS_traitfiles/Ranked/df4_sp.tab
ABCB5@249	17	1000	0.017	b_941,b_351,b_123,b_670,b_475,b_574,b_609,b_703,b_448,b_962,b_647,b_254,b_43,b_666,b_578,b_780,b_71	/home/miguel/IBE-UPF/TFM/Master_projects/PhyloPhere/Data/6.CAAS_traitfiles/Ranked/df4_sp.tab
ABCB5@250	0	1000	0.0		/home/miguel/IBE-UPF/TFM/Master_projects/PhyloPhere/Data/6.CAAS_traitfiles/Ranked/df4_sp.tab
ABCB5@266	0	1000	0.0		/home/miguel/IBE-UPF/TFM/Master_projects/PhyloPhere/Data/6.CAAS_traitfiles/Ranked/df4_sp.tab
ABCB5@269	0	1000	0.0		/home/miguel/IBE-UPF/TFM/Master_projects/PhyloPhere/Data/6.CAAS_traitfiles/Ranked/df4_sp.tab
ABCB5@276	0	1000	0.0		/home/miguel/IBE-UPF/TFM/Master_projects/PhyloPhere/Data/6.CAAS_traitfiles/Ranked/df4_sp.tab
ABCB5@278	17	1000	0.017	b_941,b_417,b_351,b_123,b_670,b_475,b_574,b_609,b_341,b_448,b_585,b_254,b_840,b_701,b_780,b_71,b_839	/home/miguel/IBE-UPF/TFM/Master_projects/PhyloPhere/Data/6.CAAS_traitfiles/Ranked/df4_sp.tab
ABCB5@287	0	1000	0.0		/home/miguel/IBE-UPF/TFM/Master_projects/PhyloPhere/Data/6.CAAS_traitfiles/Ranked/df4_sp.tab
ABCB5@291	0	1000	0.0		/home/miguel/IBE-UPF/TFM/Master_projects/PhyloPhere/Data/6.CAAS_traitfiles/Ranked/df4_sp.tab
ABCB5@295	4	1000	0.004	b_768,b_982,b_53,b_709	/home/miguel/IBE-UPF/TFM/Master_projects/PhyloPhere/Data/6.CAAS_traitfiles/Ranked/df4_sp.tab
ABCB5@298	0	1000	0.0		/home/miguel/IBE-UPF/TFM/Master_projects/PhyloPhere/Data/6.CAAS_traitfiles/Ranked/df4_sp.tab
ABCB5@306	0	1000	0.0		/home/miguel/IBE-UPF/TFM/Master_projects/PhyloPhere/Data/6.CAAS_traitfiles/Ranked/df4_sp.tab
ABCB5@313	57	1000	0.057	b_841,b_139,b_796,b_110,b_240,b_446,b_804,b_768,b_806,b_697,b_891,b_475,b_574,b_908,b_94,b_319,b_265,b_415,b_703,b_515,b_899,b_861,b_826,b_304,b_78,b_790,b_549,b_958,b_510,b_306,b_167,b_667,b_40,b_618,b_59,b_29,b_51,b_935,b_694,b_894,b_890,b_462,b_992,b_949,b_978,b_695,b_24,b_751,b_47,b_45,b_222,b_154,b_335,b_82,b_202,b_371,b_269	/home/miguel/IBE-UPF/TFM/Master_projects/PhyloPhere/Data/6.CAAS_traitfiles/Ranked/df4_sp.tab
ABCB5@314	0	1000	0.0		/home/miguel/IBE-UPF/TFM/Master_projects/PhyloPhere/Data/6.CAAS_traitfiles/Ranked/df4_sp.tab
ABCB5@320	0	1000	0.0		/home/miguel/IBE-UPF/TFM/Master_projects/PhyloPhere/Data/6.CAAS_traitfiles/Ranked/df4_sp.tab
ABCB5@325	0	1000	0.0		/home/miguel/IBE-UPF/TFM/Master_projects/PhyloPhere/Data/6.CAAS_traitfiles/Ranked/df4_sp.tab
ABCB5@328	0	1000	0.0		/home/miguel/IBE-UPF/TFM/Master_projects/PhyloPhere/Data/6.CAAS_traitfiles/Ranked/df4_sp.tab
ABCB5@329	0	1000	0.0		/home/miguel/IBE-UPF/TFM/Master_projects/PhyloPhere/Data/6.CAAS_traitfiles/Ranked/df4_sp.tab
ABCB5@330	0	1000	0.0		/home/miguel/IBE-UPF/TFM/Master_projects/PhyloPhere/Data/6.CAAS_traitfiles/Ranked/df4_sp.tab
ABCB5@331	0	1000	0.0		/home/miguel/IBE-UPF/TFM/Master_projects/PhyloPhere/Data/6.CAAS_traitfiles/Ranked/df4_sp.tab
ABCB5@338	17	1000	0.017	b_941,b_351,b_123,b_670,b_475,b_574,b_609,b_703,b_448,b_962,b_647,b_254,b_43,b_666,b_578,b_780,b_71	/home/miguel/IBE-UPF/TFM/Master_projects/PhyloPhere/Data/6.CAAS_traitfiles/Ranked/df4_sp.tab
ABCB5@340	48	1000	0.048	b_116,b_582,b_941,b_351,b_123,b_670,b_138,b_140,b_475,b_942,b_6,b_571,b_34,b_131,b_574,b_609,b_10,b_265,b_703,b_484,b_501,b_448,b_613,b_7,b_217,b_962,b_731,b_735,b_647,b_626,b_577,b_680,b_913,b_254,b_206,b_993,b_57,b_43,b_646,b_502,b_666,b_578,b_531,b_281,b_780,b_71,b_335,b_376	/home/miguel/IBE-UPF/TFM/Master_projects/PhyloPhere/Data/6.CAAS_traitfiles/Ranked/df4_sp.tab
ABCB5@344	17	1000	0.017	b_941,b_351,b_123,b_670,b_475,b_574,b_609,b_703,b_448,b_962,b_647,b_254,b_43,b_666,b_578,b_780,b_71	/home/miguel/IBE-UPF/TFM/Master_projects/PhyloPhere/Data/6.CAAS_traitfiles/Ranked/df4_sp.tab
ABCB5@348	0	1000	0.0		/home/miguel/IBE-UPF/TFM/Master_projects/PhyloPhere/Data/6.CAAS_traitfiles/Ranked/df4_sp.tab
ABCB5@349	0	1000	0.0		/home/miguel/IBE-UPF/TFM/Master_projects/PhyloPhere/Data/6.CAAS_traitfiles/Ranked/df4_sp.tab
ABCB5@352	0	1000	0.0		/home/miguel/IBE-UPF/TFM/Master_projects/PhyloPhere/Data/6.CAAS_traitfiles/Ranked/df4_sp.tab
ABCB5@355	0	1000	0.0		/home/miguel/IBE-UPF/TFM/Master_projects/PhyloPhere/Data/6.CAAS_traitfiles/Ranked/df4_sp.tab
ABCB5@357	44	1000	0.044	b_941,b_351,b_123,b_670,b_140,b_475,b_34,b_131,b_574,b_609,b_10,b_265,b_703,b_353,b_484,b_448,b_182,b_7,b_217,b_962,b_731,b_735,b_636,b_693,b_647,b_577,b_680,b_913,b_254,b_206,b_993,b_135,b_43,b_502,b_956,b_666,b_578,b_12,b_780,b_71,b_919,b_335,b_447,b_376	/home/miguel/IBE-UPF/TFM/Master_projects/PhyloPhere/Data/6.CAAS_traitfiles/Ranked/df4_sp.tab
ABCB5@371	0	1000	0.0		/home/miguel/IBE-UPF/TFM/Master_projects/PhyloPhere/Data/6.CAAS_traitfiles/Ranked/df4_sp.tab
ABCB5@373	17	1000	0.017	b_941,b_351,b_123,b_670,b_475,b_574,b_609,b_703,b_448,b_962,b_647,b_254,b_43,b_666,b_578,b_780,b_71	/home/miguel/IBE-UPF/TFM/Master_projects/PhyloPhere/Data/6.CAAS_traitfiles/Ranked/df4_sp.tab
ABCB5@376	0	1000	0.0		/home/miguel/IBE-UPF/TFM/Master_projects/PhyloPhere/Data/6.CAAS_traitfiles/Ranked/df4_sp.tab
ABCB5@382	0	1000	0.0		/home/miguel/IBE-UPF/TFM/Master_projects/PhyloPhere/Data/6.CAAS_traitfiles/Ranked/df4_sp.tab
ABCB5@393	17	1000	0.017	b_941,b_351,b_123,b_670,b_475,b_574,b_609,b_703,b_448,b_962,b_647,b_254,b_43,b_666,b_578,b_780,b_71	/home/miguel/IBE-UPF/TFM/Master_projects/PhyloPhere/Data/6.CAAS_traitfiles/Ranked/df4_sp.tab
ABCB5@405	0	1000	0.0		/home/miguel/IBE-UPF/TFM/Master_projects/PhyloPhere/Data/6.CAAS_traitfiles/Ranked/df4_sp.tab
ABCB5@407	0	1000	0.0		/home/miguel/IBE-UPF/TFM/Master_projects/PhyloPhere/Data/6.CAAS_traitfiles/Ranked/df4_sp.tab
ABCB5@410	0	1000	0.0		/home/miguel/IBE-UPF/TFM/Master_projects/PhyloPhere/Data/6.CAAS_traitfiles/Ranked/df4_sp.tab
ABCB5@412	44	1000	0.044	b_941,b_363,b_351,b_123,b_670,b_110,b_404,b_806,b_697,b_475,b_574,b_609,b_19,b_703,b_899,b_448,b_861,b_790,b_510,b_148,b_962,b_306,b_167,b_647,b_51,b_254,b_111,b_890,b_468,b_43,b_462,b_666,b_992,b_578,b_978,b_298,b_600,b_47,b_333,b_780,b_71,b_82,b_202,b_269	/home/miguel/IBE-UPF/TFM/Master_projects/PhyloPhere/Data/6.CAAS_traitfiles/Ranked/df4_sp.tab
ABCB5@413	0	1000	0.0		/home/miguel/IBE-UPF/TFM/Master_projects/PhyloPhere/Data/6.CAAS_traitfiles/Ranked/df4_sp.tab
ABCB5@417	0	1000	0.0		/home/miguel/IBE-UPF/TFM/Master_projects/PhyloPhere/Data/6.CAAS_traitfiles/Ranked/df4_sp.tab
ABCB5@421	0	1000	0.0		/home/miguel/IBE-UPF/TFM/Master_projects/PhyloPhere/Data/6.CAAS_traitfiles/Ranked/df4_sp.tab
ABCB5@422	0	1000	0.0		/home/miguel/IBE-UPF/TFM/Master_projects/PhyloPhere/Data/6.CAAS_traitfiles/Ranked/df4_sp.tab
ABCB5@425	0	1000	0.0		/home/miguel/IBE-UPF/TFM/Master_projects/PhyloPhere/Data/6.CAAS_traitfiles/Ranked/df4_sp.tab
ABCB5@431	0	1000	0.0		/home/miguel/IBE-UPF/TFM/Master_projects/PhyloPhere/Data/6.CAAS_traitfiles/Ranked/df4_sp.tab
ABCB5@435	0	1000	0.0		/home/miguel/IBE-UPF/TFM/Master_projects/PhyloPhere/Data/6.CAAS_traitfiles/Ranked/df4_sp.tab
ABCB5@438	0	1000	0.0		/home/miguel/IBE-UPF/TFM/Master_projects/PhyloPhere/Data/6.CAAS_traitfiles/Ranked/df4_sp.tab
ABCB5@442	8	1000	0.008	b_65,b_353,b_699,b_334,b_807,b_932,b_919,b_875	/home/miguel/IBE-UPF/TFM/Master_projects/PhyloPhere/Data/6.CAAS_traitfiles/Ranked/df4_sp.tab
ABCB5@443	0	1000	0.0		/home/miguel/IBE-UPF/TFM/Master_projects/PhyloPhere/Data/6.CAAS_traitfiles/Ranked/df4_sp.tab
ABCB5@447	21	1000	0.021	b_438,b_65,b_209,b_141,b_110,b_538,b_163,b_19,b_353,b_490,b_699,b_88,b_577,b_334,b_807,b_695,b_599,b_222,b_932,b_919,b_875	/home/miguel/IBE-UPF/TFM/Master_projects/PhyloPhere/Data/6.CAAS_traitfiles/Ranked/df4_sp.tab
ABCB5@451	20	1000	0.02	b_941,b_351,b_123,b_670,b_475,b_34,b_574,b_609,b_703,b_448,b_962,b_647,b_626,b_680,b_254,b_43,b_666,b_578,b_780,b_71	/home/miguel/IBE-UPF/TFM/Master_projects/PhyloPhere/Data/6.CAAS_traitfiles/Ranked/df4_sp.tab
ABCB5@456	0	1000	0.0		/home/miguel/IBE-UPF/TFM/Master_projects/PhyloPhere/Data/6.CAAS_traitfiles/Ranked/df4_sp.tab
ABCB5@457	65	1000	0.065	b_841,b_363,b_65,b_903,b_774,b_348,b_844,b_633,b_720,b_240,b_948,b_140,b_697,b_34,b_10,b_265,b_817,b_353,b_367,b_484,b_218,b_725,b_38,b_549,b_7,b_510,b_217,b_26,b_962,b_412,b_699,b_667,b_735,b_636,b_165,b_677,b_577,b_680,b_913,b_935,b_334,b_635,b_810,b_97,b_665,b_807,b_890,b_579,b_993,b_388,b_135,b_67,b_610,b_47,b_780,b_743,b_932,b_919,b_989,b_335,b_86,b_875,b_376,b_481,b_562	/home/miguel/IBE-UPF/TFM/Master_projects/PhyloPhere/Data/6.CAAS_traitfiles/Ranked/df4_sp.tab
ABCB5@459	11	1000	0.011	b_941,b_475,b_954,b_454,b_551,b_504,b_840,b_701,b_71,b_839,b_246	/home/miguel/IBE-UPF/TFM/Master_projects/PhyloPhere/Data/6.CAAS_traitfiles/Ranked/df4_sp.tab
ABCB5@462	17	1000	0.017	b_941,b_351,b_123,b_670,b_475,b_574,b_609,b_703,b_448,b_962,b_647,b_254,b_43,b_666,b_578,b_780,b_71	/home/miguel/IBE-UPF/TFM/Master_projects/PhyloPhere/Data/6.CAAS_traitfiles/Ranked/df4_sp.tab
ABCB5@472	0	1000	0.0		/home/miguel/IBE-UPF/TFM/Master_projects/PhyloPhere/Data/6.CAAS_traitfiles/Ranked/df4_sp.tab
ABCB5@473	0	1000	0.0		/home/miguel/IBE-UPF/TFM/Master_projects/PhyloPhere/Data/6.CAAS_traitfiles/Ranked/df4_sp.tab
ABCB5@475	0	1000	0.0		/home/miguel/IBE-UPF/TFM/Master_projects/PhyloPhere/Data/6.CAAS_traitfiles/Ranked/df4_sp.tab
ABCB5@476	0	1000	0.0		/home/miguel/IBE-UPF/TFM/Master_projects/PhyloPhere/Data/6.CAAS_traitfiles/Ranked/df4_sp.tab
ABCB5@483	0	1000	0.0		/home/miguel/IBE-UPF/TFM/Master_projects/PhyloPhere/Data/6.CAAS_traitfiles/Ranked/df4_sp.tab
ABCB5@486	0	1000	0.0		/home/miguel/IBE-UPF/TFM/Master_projects/PhyloPhere/Data/6.CAAS_traitfiles/Ranked/df4_sp.tab
ABCB5@490	0	1000	0.0		/home/miguel/IBE-UPF/TFM/Master_projects/PhyloPhere/Data/6.CAAS_traitfiles/Ranked/df4_sp.tab
ABCB5@496	0	1000	0.0		/home/miguel/IBE-UPF/TFM/Master_projects/PhyloPhere/Data/6.CAAS_traitfiles/Ranked/df4_sp.tab
ABCB5@507	0	1000	0.0		/home/miguel/IBE-UPF/TFM/Master_projects/PhyloPhere/Data/6.CAAS_traitfiles/Ranked/df4_sp.tab
ABCB5@520	17	1000	0.017	b_941,b_351,b_123,b_670,b_475,b_574,b_609,b_703,b_448,b_962,b_647,b_254,b_43,b_666,b_578,b_780,b_71	/home/miguel/IBE-UPF/TFM/Master_projects/PhyloPhere/Data/6.CAAS_traitfiles/Ranked/df4_sp.tab
ABCB5@524	0	1000	0.0		/home/miguel/IBE-UPF/TFM/Master_projects/PhyloPhere/Data/6.CAAS_traitfiles/Ranked/df4_sp.tab
ABCB5@525	17	1000	0.017	b_941,b_351,b_123,b_670,b_475,b_574,b_609,b_703,b_448,b_962,b_647,b_254,b_43,b_666,b_578,b_780,b_71	/home/miguel/IBE-UPF/TFM/Master_projects/PhyloPhere/Data/6.CAAS_traitfiles/Ranked/df4_sp.tab
ABCB5@528	0	1000	0.0		/home/miguel/IBE-UPF/TFM/Master_projects/PhyloPhere/Data/6.CAAS_traitfiles/Ranked/df4_sp.tab
ABCB5@536	0	1000	0.0		/home/miguel/IBE-UPF/TFM/Master_projects/PhyloPhere/Data/6.CAAS_traitfiles/Ranked/df4_sp.tab
ABCB5@540	0	1000	0.0		/home/miguel/IBE-UPF/TFM/Master_projects/PhyloPhere/Data/6.CAAS_traitfiles/Ranked/df4_sp.tab
ABCB5@541	0	1000	0.0		/home/miguel/IBE-UPF/TFM/Master_projects/PhyloPhere/Data/6.CAAS_traitfiles/Ranked/df4_sp.tab
ABCB5@542	0	1000	0.0		/home/miguel/IBE-UPF/TFM/Master_projects/PhyloPhere/Data/6.CAAS_traitfiles/Ranked/df4_sp.tab
ABCB5@548	0	1000	0.0		/home/miguel/IBE-UPF/TFM/Master_projects/PhyloPhere/Data/6.CAAS_traitfiles/Ranked/df4_sp.tab
ABCB5@551	0	1000	0.0		/home/miguel/IBE-UPF/TFM/Master_projects/PhyloPhere/Data/6.CAAS_traitfiles/Ranked/df4_sp.tab
ABCB5@554	0	1000	0.0		/home/miguel/IBE-UPF/TFM/Master_projects/PhyloPhere/Data/6.CAAS_traitfiles/Ranked/df4_sp.tab
ABCB5@557	1	1000	0.001	b_38	/home/miguel/IBE-UPF/TFM/Master_projects/PhyloPhere/Data/6.CAAS_traitfiles/Ranked/df4_sp.tab
ABCB5@562	0	1000	0.0		/home/miguel/IBE-UPF/TFM/Master_projects/PhyloPhere/Data/6.CAAS_traitfiles/Ranked/df4_sp.tab
ABCB5@563	0	1000	0.0		/home/miguel/IBE-UPF/TFM/Master_projects/PhyloPhere/Data/6.CAAS_traitfiles/Ranked/df4_sp.tab
ABCB5@564	33	1000	0.033	b_363,b_65,b_461,b_844,b_720,b_948,b_140,b_34,b_307,b_265,b_669,b_353,b_484,b_725,b_217,b_962,b_699,b_735,b_577,b_680,b_913,b_665,b_993,b_502,b_67,b_743,b_789,b_871,b_335,b_327,b_86,b_875,b_481	/home/miguel/IBE-UPF/TFM/Master_projects/PhyloPhere/Data/6.CAAS_traitfiles/Ranked/df4_sp.tab
ABCB5@568	41	1000	0.041	b_841,b_139,b_796,b_110,b_710,b_806,b_697,b_891,b_475,b_574,b_908,b_94,b_415,b_703,b_515,b_861,b_917,b_78,b_790,b_549,b_510,b_167,b_667,b_40,b_29,b_51,b_694,b_147,b_894,b_97,b_890,b_462,b_992,b_949,b_751,b_688,b_47,b_45,b_86,b_82,b_202	/home/miguel/IBE-UPF/TFM/Master_projects/PhyloPhere/Data/6.CAAS_traitfiles/Ranked/df4_sp.tab
ABCB5@571	0	1000	0.0		/home/miguel/IBE-UPF/TFM/Master_projects/PhyloPhere/Data/6.CAAS_traitfiles/Ranked/df4_sp.tab
ABCB5@575	0	1000	0.0		/home/miguel/IBE-UPF/TFM/Master_projects/PhyloPhere/Data/6.CAAS_traitfiles/Ranked/df4_sp.tab
ABCB5@576	17	1000	0.017	b_941,b_351,b_123,b_670,b_475,b_574,b_609,b_703,b_448,b_962,b_647,b_254,b_43,b_666,b_578,b_780,b_71	/home/miguel/IBE-UPF/TFM/Master_projects/PhyloPhere/Data/6.CAAS_traitfiles/Ranked/df4_sp.tab
ABCB5@582	0	1000	0.0		/home/miguel/IBE-UPF/TFM/Master_projects/PhyloPhere/Data/6.CAAS_traitfiles/Ranked/df4_sp.tab
ABCB5@583	41	1000	0.041	b_841,b_139,b_796,b_110,b_710,b_806,b_697,b_891,b_475,b_574,b_908,b_94,b_415,b_703,b_515,b_861,b_917,b_78,b_790,b_549,b_510,b_167,b_667,b_40,b_29,b_51,b_694,b_147,b_894,b_97,b_890,b_462,b_992,b_949,b_751,b_688,b_47,b_45,b_86,b_82,b_202	/home/miguel/IBE-UPF/TFM/Master_projects/PhyloPhere/Data/6.CAAS_traitfiles/Ranked/df4_sp.tab
ABCB5@584	0	1000	0.0		/home/miguel/IBE-UPF/TFM/Master_projects/PhyloPhere/Data/6.CAAS_traitfiles/Ranked/df4_sp.tab
ABCB5@590	14	1000	0.014	b_139,b_796,b_110,b_710,b_806,b_697,b_908,b_415,b_861,b_167,b_147,b_172,b_208,b_718	/home/miguel/IBE-UPF/TFM/Master_projects/PhyloPhere/Data/6.CAAS_traitfiles/Ranked/df4_sp.tab
ABCB5@591	0	1000	0.0		/home/miguel/IBE-UPF/TFM/Master_projects/PhyloPhere/Data/6.CAAS_traitfiles/Ranked/df4_sp.tab
ABCB5@593	0	1000	0.0		/home/miguel/IBE-UPF/TFM/Master_projects/PhyloPhere/Data/6.CAAS_traitfiles/Ranked/df4_sp.tab
ABCB5@594	0	1000	0.0		/home/miguel/IBE-UPF/TFM/Master_projects/PhyloPhere/Data/6.CAAS_traitfiles/Ranked/df4_sp.tab
ABCB5@595	0	1000	0.0		/home/miguel/IBE-UPF/TFM/Master_projects/PhyloPhere/Data/6.CAAS_traitfiles/Ranked/df4_sp.tab
ABCB5@596	0	1000	0.0		/home/miguel/IBE-UPF/TFM/Master_projects/PhyloPhere/Data/6.CAAS_traitfiles/Ranked/df4_sp.tab
ABCB5@598	0	1000	0.0		/home/miguel/IBE-UPF/TFM/Master_projects/PhyloPhere/Data/6.CAAS_traitfiles/Ranked/df4_sp.tab
ABCB5@599	0	1000	0.0		/home/miguel/IBE-UPF/TFM/Master_projects/PhyloPhere/Data/6.CAAS_traitfiles/Ranked/df4_sp.tab
ABCB5@600	18	1000	0.018	b_123,b_475,b_574,b_703,b_448,b_962,b_167,b_551,b_305,b_254,b_97,b_595,b_578,b_333,b_780,b_418,b_156,b_750	/home/miguel/IBE-UPF/TFM/Master_projects/PhyloPhere/Data/6.CAAS_traitfiles/Ranked/df4_sp.tab
ABCB5@601	0	1000	0.0		/home/miguel/IBE-UPF/TFM/Master_projects/PhyloPhere/Data/6.CAAS_traitfiles/Ranked/df4_sp.tab
ABCB5@602	0	1000	0.0		/home/miguel/IBE-UPF/TFM/Master_projects/PhyloPhere/Data/6.CAAS_traitfiles/Ranked/df4_sp.tab
ABCB5@604	1	1000	0.001	b_609	/home/miguel/IBE-UPF/TFM/Master_projects/PhyloPhere/Data/6.CAAS_traitfiles/Ranked/df4_sp.tab
ABCB5@605	17	1000	0.017	b_941,b_351,b_123,b_670,b_475,b_574,b_609,b_703,b_448,b_962,b_647,b_254,b_43,b_666,b_578,b_780,b_71	/home/miguel/IBE-UPF/TFM/Master_projects/PhyloPhere/Data/6.CAAS_traitfiles/Ranked/df4_sp.tab
ABCB5@606	0	1000	0.0		/home/miguel/IBE-UPF/TFM/Master_projects/PhyloPhere/Data/6.CAAS_traitfiles/Ranked/df4_sp.tab
ABCB5@607	19	1000	0.019	b_941,b_351,b_533,b_670,b_633,b_943,b_882,b_609,b_38,b_962,b_513,b_262,b_254,b_909,b_666,b_578,b_780,b_71,b_481	/home/miguel/IBE-UPF/TFM/Master_projects/PhyloPhere/Data/6.CAAS_traitfiles/Ranked/df4_sp.tab
ABCB5@609	17	1000	0.017	b_941,b_351,b_123,b_670,b_475,b_574,b_609,b_703,b_448,b_962,b_647,b_254,b_43,b_666,b_578,b_780,b_71	/home/miguel/IBE-UPF/TFM/Master_projects/PhyloPhere/Data/6.CAAS_traitfiles/Ranked/df4_sp.tab
ABCB5@610	0	1000	0.0		/home/miguel/IBE-UPF/TFM/Master_projects/PhyloPhere/Data/6.CAAS_traitfiles/Ranked/df4_sp.tab
ABCB5@612	0	1000	0.0		/home/miguel/IBE-UPF/TFM/Master_projects/PhyloPhere/Data/6.CAAS_traitfiles/Ranked/df4_sp.tab
ABCB5@613	0	1000	0.0		/home/miguel/IBE-UPF/TFM/Master_projects/PhyloPhere/Data/6.CAAS_traitfiles/Ranked/df4_sp.tab
ABCB5@614	26	1000	0.026	b_941,b_417,b_351,b_123,b_670,b_475,b_574,b_609,b_703,b_341,b_861,b_454,b_500,b_530,b_811,b_647,b_517,b_254,b_468,b_43,b_666,b_578,b_701,b_780,b_71,b_839	/home/miguel/IBE-UPF/TFM/Master_projects/PhyloPhere/Data/6.CAAS_traitfiles/Ranked/df4_sp.tab
ABCB5@616	0	1000	0.0		/home/miguel/IBE-UPF/TFM/Master_projects/PhyloPhere/Data/6.CAAS_traitfiles/Ranked/df4_sp.tab
ABCB5@617	5	1000	0.005	b_351,b_123,b_609,b_448,b_962	/home/miguel/IBE-UPF/TFM/Master_projects/PhyloPhere/Data/6.CAAS_traitfiles/Ranked/df4_sp.tab
ABCB5@618	0	1000	0.0		/home/miguel/IBE-UPF/TFM/Master_projects/PhyloPhere/Data/6.CAAS_traitfiles/Ranked/df4_sp.tab
ABCB5@619	0	1000	0.0		/home/miguel/IBE-UPF/TFM/Master_projects/PhyloPhere/Data/6.CAAS_traitfiles/Ranked/df4_sp.tab
ABCB5@620	0	1000	0.0		/home/miguel/IBE-UPF/TFM/Master_projects/PhyloPhere/Data/6.CAAS_traitfiles/Ranked/df4_sp.tab
ABCB5@621	47	1000	0.047	b_841,b_363,b_65,b_903,b_844,b_633,b_240,b_948,b_140,b_34,b_10,b_265,b_353,b_367,b_484,b_725,b_38,b_7,b_217,b_962,b_699,b_735,b_636,b_165,b_577,b_680,b_913,b_935,b_334,b_810,b_665,b_807,b_993,b_388,b_135,b_67,b_610,b_780,b_743,b_932,b_919,b_989,b_335,b_86,b_875,b_376,b_481	/home/miguel/IBE-UPF/TFM/Master_projects/PhyloPhere/Data/6.CAAS_traitfiles/Ranked/df4_sp.tab
ABCB5@622	0	1000	0.0		/home/miguel/IBE-UPF/TFM/Master_projects/PhyloPhere/Data/6.CAAS_traitfiles/Ranked/df4_sp.tab
ABCB5@623	0	1000	0.0		/home/miguel/IBE-UPF/TFM/Master_projects/PhyloPhere/Data/6.CAAS_traitfiles/Ranked/df4_sp.tab
ABCB5@624	0	1000	0.0		/home/miguel/IBE-UPF/TFM/Master_projects/PhyloPhere/Data/6.CAAS_traitfiles/Ranked/df4_sp.tab
ABCB5@625	17	1000	0.017	b_941,b_351,b_123,b_670,b_475,b_574,b_609,b_703,b_448,b_962,b_647,b_254,b_43,b_666,b_578,b_780,b_71	/home/miguel/IBE-UPF/TFM/Master_projects/PhyloPhere/Data/6.CAAS_traitfiles/Ranked/df4_sp.tab
ABCB5@629	0	1000	0.0		/home/miguel/IBE-UPF/TFM/Master_projects/PhyloPhere/Data/6.CAAS_traitfiles/Ranked/df4_sp.tab
ABCB5@630	0	1000	0.0		/home/miguel/IBE-UPF/TFM/Master_projects/PhyloPhere/Data/6.CAAS_traitfiles/Ranked/df4_sp.tab
ABCB5@631	17	1000	0.017	b_941,b_351,b_123,b_670,b_475,b_574,b_609,b_703,b_448,b_962,b_647,b_254,b_43,b_666,b_578,b_780,b_71	/home/miguel/IBE-UPF/TFM/Master_projects/PhyloPhere/Data/6.CAAS_traitfiles/Ranked/df4_sp.tab
ABCB5@633	0	1000	0.0		/home/miguel/IBE-UPF/TFM/Master_projects/PhyloPhere/Data/6.CAAS_traitfiles/Ranked/df4_sp.tab
ABCB5@634	17	1000	0.017	b_941,b_351,b_123,b_670,b_475,b_199,b_574,b_609,b_415,b_703,b_962,b_647,b_43,b_666,b_578,b_780,b_71	/home/miguel/IBE-UPF/TFM/Master_projects/PhyloPhere/Data/6.CAAS_traitfiles/Ranked/df4_sp.tab
ABCB5@635	0	1000	0.0		/home/miguel/IBE-UPF/TFM/Master_projects/PhyloPhere/Data/6.CAAS_traitfiles/Ranked/df4_sp.tab
ABCB5@644	0	1000	0.0		/home/miguel/IBE-UPF/TFM/Master_projects/PhyloPhere/Data/6.CAAS_traitfiles/Ranked/df4_sp.tab
ABCB5@645	41	1000	0.041	b_841,b_139,b_796,b_110,b_710,b_806,b_697,b_891,b_475,b_574,b_908,b_94,b_415,b_703,b_515,b_861,b_917,b_78,b_790,b_549,b_510,b_167,b_667,b_40,b_29,b_51,b_694,b_147,b_894,b_97,b_890,b_462,b_992,b_949,b_751,b_688,b_47,b_45,b_86,b_82,b_202	/home/miguel/IBE-UPF/TFM/Master_projects/PhyloPhere/Data/6.CAAS_traitfiles/Ranked/df4_sp.tab
ABCB5@650	0	1000	0.0		/home/miguel/IBE-UPF/TFM/Master_projects/PhyloPhere/Data/6.CAAS_traitfiles/Ranked/df4_sp.tab
ABCB5@654	0	1000	0.0		/home/miguel/IBE-UPF/TFM/Master_projects/PhyloPhere/Data/6.CAAS_traitfiles/Ranked/df4_sp.tab
ABCB5@655	0	1000	0.0		/home/miguel/IBE-UPF/TFM/Master_projects/PhyloPhere/Data/6.CAAS_traitfiles/Ranked/df4_sp.tab
ABCB5@656	0	1000	0.0		/home/miguel/IBE-UPF/TFM/Master_projects/PhyloPhere/Data/6.CAAS_traitfiles/Ranked/df4_sp.tab
ABCB5@660	0	1000	0.0		/home/miguel/IBE-UPF/TFM/Master_projects/PhyloPhere/Data/6.CAAS_traitfiles/Ranked/df4_sp.tab
ABCB5@663	17	1000	0.017	b_941,b_351,b_123,b_670,b_475,b_574,b_609,b_703,b_448,b_962,b_647,b_254,b_43,b_666,b_578,b_780,b_71	/home/miguel/IBE-UPF/TFM/Master_projects/PhyloPhere/Data/6.CAAS_traitfiles/Ranked/df4_sp.tab
ABCB5@665	0	1000	0.0		/home/miguel/IBE-UPF/TFM/Master_projects/PhyloPhere/Data/6.CAAS_traitfiles/Ranked/df4_sp.tab
ABCB5@667	0	1000	0.0		/home/miguel/IBE-UPF/TFM/Master_projects/PhyloPhere/Data/6.CAAS_traitfiles/Ranked/df4_sp.tab
ABCB5@671	0	1000	0.0		/home/miguel/IBE-UPF/TFM/Master_projects/PhyloPhere/Data/6.CAAS_traitfiles/Ranked/df4_sp.tab
ABCB5@680	15	1000	0.015	b_801,b_351,b_123,b_670,b_475,b_574,b_609,b_703,b_448,b_647,b_254,b_43,b_666,b_578,b_71	/home/miguel/IBE-UPF/TFM/Master_projects/PhyloPhere/Data/6.CAAS_traitfiles/Ranked/df4_sp.tab
ABCB5@684	17	1000	0.017	b_941,b_351,b_123,b_670,b_475,b_574,b_609,b_703,b_448,b_962,b_647,b_254,b_43,b_666,b_578,b_780,b_71	/home/miguel/IBE-UPF/TFM/Master_projects/PhyloPhere/Data/6.CAAS_traitfiles/Ranked/df4_sp.tab
ABCB5@685	1	1000	0.001	b_826	/home/miguel/IBE-UPF/TFM/Master_projects/PhyloPhere/Data/6.CAAS_traitfiles/Ranked/df4_sp.tab
ABCB5@686	20	1000	0.02	b_139,b_796,b_110,b_710,b_806,b_697,b_908,b_415,b_861,b_790,b_549,b_556,b_167,b_147,b_894,b_890,b_992,b_172,b_208,b_718	/home/miguel/IBE-UPF/TFM/Master_projects/PhyloPhere/Data/6.CAAS_traitfiles/Ranked/df4_sp.tab
ABCB5@687	0	1000	0.0		/home/miguel/IBE-UPF/TFM/Master_projects/PhyloPhere/Data/6.CAAS_traitfiles/Ranked/df4_sp.tab
ABCB5@693	0	1000	0.0		/home/miguel/IBE-UPF/TFM/Master_projects/PhyloPhere/Data/6.CAAS_traitfiles/Ranked/df4_sp.tab
ABCB5@697	7	1000	0.007	b_564,b_110,b_710,b_894,b_324,b_992,b_172	/home/miguel/IBE-UPF/TFM/Master_projects/PhyloPhere/Data/6.CAAS_traitfiles/Ranked/df4_sp.tab
ABCB5@700	0	1000	0.0		/home/miguel/IBE-UPF/TFM/Master_projects/PhyloPhere/Data/6.CAAS_traitfiles/Ranked/df4_sp.tab
ABCB5@703	0	1000	0.0		/home/miguel/IBE-UPF/TFM/Master_projects/PhyloPhere/Data/6.CAAS_traitfiles/Ranked/df4_sp.tab
ABCB5@707	17	1000	0.017	b_941,b_351,b_670,b_475,b_574,b_609,b_703,b_448,b_962,b_647,b_254,b_43,b_462,b_666,b_578,b_780,b_71	/home/miguel/IBE-UPF/TFM/Master_projects/PhyloPhere/Data/6.CAAS_traitfiles/Ranked/df4_sp.tab
ABCB5@710	0	1000	0.0		/home/miguel/IBE-UPF/TFM/Master_projects/PhyloPhere/Data/6.CAAS_traitfiles/Ranked/df4_sp.tab
ABCB5@714	0	1000	0.0		/home/miguel/IBE-UPF/TFM/Master_projects/PhyloPhere/Data/6.CAAS_traitfiles/Ranked/df4_sp.tab
ABCB5@720	17	1000	0.017	b_941,b_351,b_123,b_670,b_475,b_574,b_609,b_703,b_448,b_962,b_647,b_254,b_43,b_666,b_578,b_780,b_71	/home/miguel/IBE-UPF/TFM/Master_projects/PhyloPhere/Data/6.CAAS_traitfiles/Ranked/df4_sp.tab
ABCB5@722	0	1000	0.0		/home/miguel/IBE-UPF/TFM/Master_projects/PhyloPhere/Data/6.CAAS_traitfiles/Ranked/df4_sp.tab
ABCB5@726	0	1000	0.0		/home/miguel/IBE-UPF/TFM/Master_projects/PhyloPhere/Data/6.CAAS_traitfiles/Ranked/df4_sp.tab
ABCB5@730	0	1000	0.0		/home/miguel/IBE-UPF/TFM/Master_projects/PhyloPhere/Data/6.CAAS_traitfiles/Ranked/df4_sp.tab
ABCB5@734	0	1000	0.0		/home/miguel/IBE-UPF/TFM/Master_projects/PhyloPhere/Data/6.CAAS_traitfiles/Ranked/df4_sp.tab
ABCB5@749	1	1000	0.001	b_609	/home/miguel/IBE-UPF/TFM/Master_projects/PhyloPhere/Data/6.CAAS_traitfiles/Ranked/df4_sp.tab
ABCB5@756	45	1000	0.045	b_841,b_139,b_796,b_110,b_710,b_806,b_697,b_891,b_475,b_574,b_908,b_94,b_415,b_703,b_515,b_861,b_917,b_78,b_790,b_549,b_510,b_556,b_167,b_667,b_40,b_29,b_51,b_694,b_147,b_894,b_97,b_890,b_462,b_992,b_949,b_172,b_751,b_688,b_47,b_45,b_86,b_208,b_82,b_202,b_718	/home/miguel/IBE-UPF/TFM/Master_projects/PhyloPhere/Data/6.CAAS_traitfiles/Ranked/df4_sp.tab
ABCB5@759	20	1000	0.02	b_139,b_796,b_110,b_710,b_806,b_697,b_908,b_415,b_861,b_790,b_549,b_556,b_167,b_147,b_894,b_890,b_992,b_172,b_208,b_718	/home/miguel/IBE-UPF/TFM/Master_projects/PhyloPhere/Data/6.CAAS_traitfiles/Ranked/df4_sp.tab
ABCB5@760	0	1000	0.0		/home/miguel/IBE-UPF/TFM/Master_projects/PhyloPhere/Data/6.CAAS_traitfiles/Ranked/df4_sp.tab
ABCB5@763	0	1000	0.0		/home/miguel/IBE-UPF/TFM/Master_projects/PhyloPhere/Data/6.CAAS_traitfiles/Ranked/df4_sp.tab
ABCB5@765	27	1000	0.027	b_774,b_844,b_796,b_110,b_710,b_806,b_697,b_6,b_415,b_861,b_613,b_26,b_412,b_649,b_556,b_735,b_147,b_894,b_890,b_388,b_916,b_287,b_992,b_172,b_208,b_562,b_718	/home/miguel/IBE-UPF/TFM/Master_projects/PhyloPhere/Data/6.CAAS_traitfiles/Ranked/df4_sp.tab
ABCB5@773	0	1000	0.0		/home/miguel/IBE-UPF/TFM/Master_projects/PhyloPhere/Data/6.CAAS_traitfiles/Ranked/df4_sp.tab
ABCB5@776	0	1000	0.0		/home/miguel/IBE-UPF/TFM/Master_projects/PhyloPhere/Data/6.CAAS_traitfiles/Ranked/df4_sp.tab
ABCB5@784	0	1000	0.0		/home/miguel/IBE-UPF/TFM/Master_projects/PhyloPhere/Data/6.CAAS_traitfiles/Ranked/df4_sp.tab
ABCB5@787	0	1000	0.0		/home/miguel/IBE-UPF/TFM/Master_projects/PhyloPhere/Data/6.CAAS_traitfiles/Ranked/df4_sp.tab
ABCB5@792	0	1000	0.0		/home/miguel/IBE-UPF/TFM/Master_projects/PhyloPhere/Data/6.CAAS_traitfiles/Ranked/df4_sp.tab
ABCB5@795	49	1000	0.049	b_139,b_417,b_65,b_533,b_796,b_466,b_110,b_710,b_221,b_538,b_806,b_697,b_908,b_954,b_415,b_353,b_341,b_260,b_861,b_790,b_251,b_541,b_549,b_500,b_566,b_530,b_556,b_167,b_699,b_112,b_101,b_577,b_517,b_147,b_334,b_894,b_651,b_807,b_890,b_992,b_172,b_333,b_932,b_919,b_156,b_246,b_208,b_875,b_718	/home/miguel/IBE-UPF/TFM/Master_projects/PhyloPhere/Data/6.CAAS_traitfiles/Ranked/df4_sp.tab
ABCB5@809	0	1000	0.0		/home/miguel/IBE-UPF/TFM/Master_projects/PhyloPhere/Data/6.CAAS_traitfiles/Ranked/df4_sp.tab
ABCB5@812	48	1000	0.048	b_941,b_351,b_123,b_670,b_140,b_475,b_34,b_131,b_574,b_609,b_307,b_10,b_265,b_669,b_703,b_684,b_353,b_484,b_448,b_182,b_38,b_7,b_217,b_962,b_699,b_667,b_735,b_636,b_647,b_577,b_680,b_913,b_254,b_665,b_993,b_135,b_43,b_502,b_666,b_67,b_578,b_47,b_780,b_71,b_919,b_335,b_447,b_376	/home/miguel/IBE-UPF/TFM/Master_projects/PhyloPhere/Data/6.CAAS_traitfiles/Ranked/df4_sp.tab
ABCB5@819	0	1000	0.0		/home/miguel/IBE-UPF/TFM/Master_projects/PhyloPhere/Data/6.CAAS_traitfiles/Ranked/df4_sp.tab
ABCB5@820	20	1000	0.02	b_116,b_941,b_351,b_123,b_670,b_475,b_574,b_609,b_703,b_448,b_962,b_647,b_913,b_254,b_43,b_646,b_666,b_578,b_780,b_71	/home/miguel/IBE-UPF/TFM/Master_projects/PhyloPhere/Data/6.CAAS_traitfiles/Ranked/df4_sp.tab
ABCB5@824	0	1000	0.0		/home/miguel/IBE-UPF/TFM/Master_projects/PhyloPhere/Data/6.CAAS_traitfiles/Ranked/df4_sp.tab
ABCB5@826	0	1000	0.0		/home/miguel/IBE-UPF/TFM/Master_projects/PhyloPhere/Data/6.CAAS_traitfiles/Ranked/df4_sp.tab
ABCB5@832	0	1000	0.0		/home/miguel/IBE-UPF/TFM/Master_projects/PhyloPhere/Data/6.CAAS_traitfiles/Ranked/df4_sp.tab
ABCB5@833	0	1000	0.0		/home/miguel/IBE-UPF/TFM/Master_projects/PhyloPhere/Data/6.CAAS_traitfiles/Ranked/df4_sp.tab
ABCB5@834	29	1000	0.029	b_139,b_670,b_110,b_404,b_806,b_697,b_475,b_574,b_19,b_703,b_861,b_78,b_510,b_148,b_167,b_667,b_51,b_111,b_468,b_462,b_949,b_978,b_298,b_600,b_47,b_333,b_201,b_202,b_269	/home/miguel/IBE-UPF/TFM/Master_projects/PhyloPhere/Data/6.CAAS_traitfiles/Ranked/df4_sp.tab
ABCB5@843	0	1000	0.0		/home/miguel/IBE-UPF/TFM/Master_projects/PhyloPhere/Data/6.CAAS_traitfiles/Ranked/df4_sp.tab
ABCB5@846	0	1000	0.0		/home/miguel/IBE-UPF/TFM/Master_projects/PhyloPhere/Data/6.CAAS_traitfiles/Ranked/df4_sp.tab
ABCB5@847	0	1000	0.0		/home/miguel/IBE-UPF/TFM/Master_projects/PhyloPhere/Data/6.CAAS_traitfiles/Ranked/df4_sp.tab
ABCB5@850	21	1000	0.021	b_363,b_65,b_844,b_240,b_353,b_38,b_699,b_165,b_577,b_334,b_807,b_388,b_135,b_155,b_610,b_780,b_932,b_919,b_335,b_875,b_481	/home/miguel/IBE-UPF/TFM/Master_projects/PhyloPhere/Data/6.CAAS_traitfiles/Ranked/df4_sp.tab
ABCB5@852	0	1000	0.0		/home/miguel/IBE-UPF/TFM/Master_projects/PhyloPhere/Data/6.CAAS_traitfiles/Ranked/df4_sp.tab
ABCB5@857	0	1000	0.0		/home/miguel/IBE-UPF/TFM/Master_projects/PhyloPhere/Data/6.CAAS_traitfiles/Ranked/df4_sp.tab
ABCB5@859	0	1000	0.0		/home/miguel/IBE-UPF/TFM/Master_projects/PhyloPhere/Data/6.CAAS_traitfiles/Ranked/df4_sp.tab
ABCB5@861	0	1000	0.0		/home/miguel/IBE-UPF/TFM/Master_projects/PhyloPhere/Data/6.CAAS_traitfiles/Ranked/df4_sp.tab
ABCB5@865	38	1000	0.038	b_841,b_139,b_100,b_796,b_110,b_806,b_697,b_891,b_475,b_574,b_908,b_94,b_703,b_515,b_861,b_917,b_78,b_549,b_510,b_667,b_40,b_29,b_51,b_694,b_147,b_894,b_97,b_890,b_462,b_949,b_751,b_688,b_47,b_45,b_86,b_208,b_82,b_202	/home/miguel/IBE-UPF/TFM/Master_projects/PhyloPhere/Data/6.CAAS_traitfiles/Ranked/df4_sp.tab
ABCB5@867	20	1000	0.02	b_139,b_796,b_110,b_710,b_806,b_697,b_908,b_415,b_861,b_790,b_549,b_556,b_167,b_147,b_894,b_890,b_992,b_172,b_208,b_718	/home/miguel/IBE-UPF/TFM/Master_projects/PhyloPhere/Data/6.CAAS_traitfiles/Ranked/df4_sp.tab
ABCB5@868	0	1000	0.0		/home/miguel/IBE-UPF/TFM/Master_projects/PhyloPhere/Data/6.CAAS_traitfiles/Ranked/df4_sp.tab
ABCB5@872	0	1000	0.0		/home/miguel/IBE-UPF/TFM/Master_projects/PhyloPhere/Data/6.CAAS_traitfiles/Ranked/df4_sp.tab
ABCB5@873	0	1000	0.0		/home/miguel/IBE-UPF/TFM/Master_projects/PhyloPhere/Data/6.CAAS_traitfiles/Ranked/df4_sp.tab
ABCB5@874	6	1000	0.006	b_941,b_533,b_670,b_578,b_780,b_71	/home/miguel/IBE-UPF/TFM/Master_projects/PhyloPhere/Data/6.CAAS_traitfiles/Ranked/df4_sp.tab
ABCB5@880	0	1000	0.0		/home/miguel/IBE-UPF/TFM/Master_projects/PhyloPhere/Data/6.CAAS_traitfiles/Ranked/df4_sp.tab
ABCB5@882	0	1000	0.0		/home/miguel/IBE-UPF/TFM/Master_projects/PhyloPhere/Data/6.CAAS_traitfiles/Ranked/df4_sp.tab
ABCB5@891	0	1000	0.0		/home/miguel/IBE-UPF/TFM/Master_projects/PhyloPhere/Data/6.CAAS_traitfiles/Ranked/df4_sp.tab
ABCB5@900	0	1000	0.0		/home/miguel/IBE-UPF/TFM/Master_projects/PhyloPhere/Data/6.CAAS_traitfiles/Ranked/df4_sp.tab
ABCB5@903	0	1000	0.0		/home/miguel/IBE-UPF/TFM/Master_projects/PhyloPhere/Data/6.CAAS_traitfiles/Ranked/df4_sp.tab
ABCB5@904	0	1000	0.0		/home/miguel/IBE-UPF/TFM/Master_projects/PhyloPhere/Data/6.CAAS_traitfiles/Ranked/df4_sp.tab
ABCB5@913	32	1000	0.032	b_116,b_841,b_65,b_903,b_844,b_449,b_942,b_571,b_265,b_367,b_484,b_726,b_725,b_7,b_217,b_699,b_165,b_577,b_935,b_334,b_810,b_665,b_993,b_57,b_67,b_578,b_780,b_743,b_639,b_208,b_875,b_376	/home/miguel/IBE-UPF/TFM/Master_projects/PhyloPhere/Data/6.CAAS_traitfiles/Ranked/df4_sp.tab
ABCB5@918	0	1000	0.0		/home/miguel/IBE-UPF/TFM/Master_projects/PhyloPhere/Data/6.CAAS_traitfiles/Ranked/df4_sp.tab
ABCB5@920	20	1000	0.02	b_139,b_796,b_110,b_710,b_806,b_697,b_908,b_415,b_861,b_790,b_549,b_556,b_167,b_147,b_894,b_890,b_992,b_172,b_208,b_718	/home/miguel/IBE-UPF/TFM/Master_projects/PhyloPhere/Data/6.CAAS_traitfiles/Ranked/df4_sp.tab
ABCB5@930	0	1000	0.0		/home/miguel/IBE-UPF/TFM/Master_projects/PhyloPhere/Data/6.CAAS_traitfiles/Ranked/df4_sp.tab
ABCB5@934	0	1000	0.0		/home/miguel/IBE-UPF/TFM/Master_projects/PhyloPhere/Data/6.CAAS_traitfiles/Ranked/df4_sp.tab
ABCB5@935	0	1000	0.0		/home/miguel/IBE-UPF/TFM/Master_projects/PhyloPhere/Data/6.CAAS_traitfiles/Ranked/df4_sp.tab
ABCB5@936	0	1000	0.0		/home/miguel/IBE-UPF/TFM/Master_projects/PhyloPhere/Data/6.CAAS_traitfiles/Ranked/df4_sp.tab
ABCB5@942	0	1000	0.0		/home/miguel/IBE-UPF/TFM/Master_projects/PhyloPhere/Data/6.CAAS_traitfiles/Ranked/df4_sp.tab
ABCB5@949	0	1000	0.0		/home/miguel/IBE-UPF/TFM/Master_projects/PhyloPhere/Data/6.CAAS_traitfiles/Ranked/df4_sp.tab
ABCB5@956	0	1000	0.0		/home/miguel/IBE-UPF/TFM/Master_projects/PhyloPhere/Data/6.CAAS_traitfiles/Ranked/df4_sp.tab
ABCB5@957	9	1000	0.009	b_941,b_574,b_609,b_703,b_962,b_647,b_254,b_43,b_666	/home/miguel/IBE-UPF/TFM/Master_projects/PhyloPhere/Data/6.CAAS_traitfiles/Ranked/df4_sp.tab
ABCB5@959	1	1000	0.001	b_654	/home/miguel/IBE-UPF/TFM/Master_projects/PhyloPhere/Data/6.CAAS_traitfiles/Ranked/df4_sp.tab
ABCB5@961	0	1000	0.0		/home/miguel/IBE-UPF/TFM/Master_projects/PhyloPhere/Data/6.CAAS_traitfiles/Ranked/df4_sp.tab
ABCB5@963	18	1000	0.018	b_941,b_876,b_533,b_670,b_882,b_738,b_609,b_182,b_251,b_38,b_962,b_112,b_262,b_822,b_651,b_780,b_71,b_447	/home/miguel/IBE-UPF/TFM/Master_projects/PhyloPhere/Data/6.CAAS_traitfiles/Ranked/df4_sp.tab
ABCB5@965	0	1000	0.0		/home/miguel/IBE-UPF/TFM/Master_projects/PhyloPhere/Data/6.CAAS_traitfiles/Ranked/df4_sp.tab
ABCB5@972	0	1000	0.0		/home/miguel/IBE-UPF/TFM/Master_projects/PhyloPhere/Data/6.CAAS_traitfiles/Ranked/df4_sp.tab
ABCB5@973	0	1000	0.0		/home/miguel/IBE-UPF/TFM/Master_projects/PhyloPhere/Data/6.CAAS_traitfiles/Ranked/df4_sp.tab
ABCB5@976	0	1000	0.0		/home/miguel/IBE-UPF/TFM/Master_projects/PhyloPhere/Data/6.CAAS_traitfiles/Ranked/df4_sp.tab
ABCB5@981	0	1000	0.0		/home/miguel/IBE-UPF/TFM/Master_projects/PhyloPhere/Data/6.CAAS_traitfiles/Ranked/df4_sp.tab
ABCB5@993	0	1000	0.0		/home/miguel/IBE-UPF/TFM/Master_projects/PhyloPhere/Data/6.CAAS_traitfiles/Ranked/df4_sp.tab
ABCB5@994	0	1000	0.0		/home/miguel/IBE-UPF/TFM/Master_projects/PhyloPhere/Data/6.CAAS_traitfiles/Ranked/df4_sp.tab
ABCB5@996	33	1000	0.033	b_841,b_363,b_65,b_903,b_844,b_948,b_380,b_265,b_367,b_484,b_725,b_549,b_7,b_217,b_699,b_636,b_165,b_577,b_44,b_935,b_334,b_810,b_665,b_807,b_993,b_135,b_67,b_780,b_743,b_919,b_86,b_875,b_376	/home/miguel/IBE-UPF/TFM/Master_projects/PhyloPhere/Data/6.CAAS_traitfiles/Ranked/df4_sp.tab
ABCB5@997	0	1000	0.0		/home/miguel/IBE-UPF/TFM/Master_projects/PhyloPhere/Data/6.CAAS_traitfiles/Ranked/df4_sp.tab
ABCB5@1001	46	1000	0.046	b_363,b_65,b_903,b_844,b_633,b_240,b_948,b_140,b_34,b_10,b_265,b_353,b_367,b_484,b_38,b_7,b_217,b_962,b_699,b_735,b_513,b_636,b_165,b_577,b_680,b_935,b_334,b_665,b_807,b_603,b_993,b_388,b_135,b_155,b_67,b_610,b_780,b_743,b_932,b_919,b_989,b_335,b_86,b_875,b_376,b_481	/home/miguel/IBE-UPF/TFM/Master_projects/PhyloPhere/Data/6.CAAS_traitfiles/Ranked/df4_sp.tab
ABCB5@1002	0	1000	0.0		/home/miguel/IBE-UPF/TFM/Master_projects/PhyloPhere/Data/6.CAAS_traitfiles/Ranked/df4_sp.tab
ABCB5@1003	0	1000	0.0		/home/miguel/IBE-UPF/TFM/Master_projects/PhyloPhere/Data/6.CAAS_traitfiles/Ranked/df4_sp.tab
ABCB5@1004	38	1000	0.038	b_941,b_417,b_351,b_123,b_533,b_670,b_466,b_221,b_569,b_475,b_574,b_609,b_954,b_703,b_341,b_260,b_448,b_251,b_38,b_566,b_962,b_112,b_101,b_647,b_198,b_822,b_254,b_651,b_43,b_586,b_666,b_578,b_840,b_701,b_780,b_71,b_246,b_447	/home/miguel/IBE-UPF/TFM/Master_projects/PhyloPhere/Data/6.CAAS_traitfiles/Ranked/df4_sp.tab
ABCB5@1006	0	1000	0.0		/home/miguel/IBE-UPF/TFM/Master_projects/PhyloPhere/Data/6.CAAS_traitfiles/Ranked/df4_sp.tab
ABCB5@1013	47	1000	0.047	b_841,b_363,b_65,b_903,b_844,b_633,b_240,b_948,b_140,b_34,b_10,b_265,b_353,b_367,b_484,b_725,b_38,b_7,b_217,b_962,b_699,b_735,b_636,b_165,b_577,b_680,b_913,b_935,b_334,b_810,b_665,b_807,b_993,b_388,b_135,b_67,b_610,b_780,b_743,b_932,b_919,b_989,b_335,b_86,b_875,b_376,b_481	/home/miguel/IBE-UPF/TFM/Master_projects/PhyloPhere/Data/6.CAAS_traitfiles/Ranked/df4_sp.tab
ABCB5@1021	0	1000	0.0		/home/miguel/IBE-UPF/TFM/Master_projects/PhyloPhere/Data/6.CAAS_traitfiles/Ranked/df4_sp.tab
ABCB5@1022	34	1000	0.034	b_139,b_796,b_110,b_710,b_806,b_697,b_891,b_908,b_94,b_415,b_515,b_899,b_861,b_917,b_790,b_549,b_762,b_510,b_815,b_306,b_556,b_167,b_29,b_924,b_694,b_147,b_894,b_890,b_992,b_172,b_978,b_202,b_371,b_269	/home/miguel/IBE-UPF/TFM/Master_projects/PhyloPhere/Data/6.CAAS_traitfiles/Ranked/df4_sp.tab
ABCB5@1028	0	1000	0.0		/home/miguel/IBE-UPF/TFM/Master_projects/PhyloPhere/Data/6.CAAS_traitfiles/Ranked/df4_sp.tab
ABCB5@1032	0	1000	0.0		/home/miguel/IBE-UPF/TFM/Master_projects/PhyloPhere/Data/6.CAAS_traitfiles/Ranked/df4_sp.tab
ABCB5@1033	17	1000	0.017	b_941,b_351,b_123,b_670,b_475,b_574,b_609,b_703,b_448,b_962,b_647,b_254,b_43,b_666,b_578,b_780,b_71	/home/miguel/IBE-UPF/TFM/Master_projects/PhyloPhere/Data/6.CAAS_traitfiles/Ranked/df4_sp.tab
ABCB5@1041	0	1000	0.0		/home/miguel/IBE-UPF/TFM/Master_projects/PhyloPhere/Data/6.CAAS_traitfiles/Ranked/df4_sp.tab
ABCB5@1043	0	1000	0.0		/home/miguel/IBE-UPF/TFM/Master_projects/PhyloPhere/Data/6.CAAS_traitfiles/Ranked/df4_sp.tab
ABCB5@1045	0	1000	0.0		/home/miguel/IBE-UPF/TFM/Master_projects/PhyloPhere/Data/6.CAAS_traitfiles/Ranked/df4_sp.tab
ABCB5@1055	0	1000	0.0		/home/miguel/IBE-UPF/TFM/Master_projects/PhyloPhere/Data/6.CAAS_traitfiles/Ranked/df4_sp.tab
ABCB5@1057	0	1000	0.0		/home/miguel/IBE-UPF/TFM/Master_projects/PhyloPhere/Data/6.CAAS_traitfiles/Ranked/df4_sp.tab
ABCB5@1058	0	1000	0.0		/home/miguel/IBE-UPF/TFM/Master_projects/PhyloPhere/Data/6.CAAS_traitfiles/Ranked/df4_sp.tab
ABCB5@1059	0	1000	0.0		/home/miguel/IBE-UPF/TFM/Master_projects/PhyloPhere/Data/6.CAAS_traitfiles/Ranked/df4_sp.tab
ABCB5@1063	0	1000	0.0		/home/miguel/IBE-UPF/TFM/Master_projects/PhyloPhere/Data/6.CAAS_traitfiles/Ranked/df4_sp.tab
ABCB5@1079	0	1000	0.0		/home/miguel/IBE-UPF/TFM/Master_projects/PhyloPhere/Data/6.CAAS_traitfiles/Ranked/df4_sp.tab
ABCB5@1081	5	1000	0.005	b_670,b_475,b_578,b_780,b_71	/home/miguel/IBE-UPF/TFM/Master_projects/PhyloPhere/Data/6.CAAS_traitfiles/Ranked/df4_sp.tab
ABCB5@1083	0	1000	0.0		/home/miguel/IBE-UPF/TFM/Master_projects/PhyloPhere/Data/6.CAAS_traitfiles/Ranked/df4_sp.tab
ABCB5@1085	17	1000	0.017	b_941,b_351,b_123,b_670,b_475,b_574,b_609,b_703,b_448,b_962,b_647,b_254,b_43,b_666,b_578,b_780,b_71	/home/miguel/IBE-UPF/TFM/Master_projects/PhyloPhere/Data/6.CAAS_traitfiles/Ranked/df4_sp.tab
ABCB5@1089	0	1000	0.0		/home/miguel/IBE-UPF/TFM/Master_projects/PhyloPhere/Data/6.CAAS_traitfiles/Ranked/df4_sp.tab
ABCB5@1090	17	1000	0.017	b_941,b_351,b_123,b_670,b_475,b_574,b_609,b_703,b_448,b_962,b_647,b_254,b_43,b_666,b_578,b_780,b_71	/home/miguel/IBE-UPF/TFM/Master_projects/PhyloPhere/Data/6.CAAS_traitfiles/Ranked/df4_sp.tab
ABCB5@1092	0	1000	0.0		/home/miguel/IBE-UPF/TFM/Master_projects/PhyloPhere/Data/6.CAAS_traitfiles/Ranked/df4_sp.tab
ABCB5@1094	0	1000	0.0		/home/miguel/IBE-UPF/TFM/Master_projects/PhyloPhere/Data/6.CAAS_traitfiles/Ranked/df4_sp.tab
ABCB5@1098	0	1000	0.0		/home/miguel/IBE-UPF/TFM/Master_projects/PhyloPhere/Data/6.CAAS_traitfiles/Ranked/df4_sp.tab
ABCB5@1101	0	1000	0.0		/home/miguel/IBE-UPF/TFM/Master_projects/PhyloPhere/Data/6.CAAS_traitfiles/Ranked/df4_sp.tab
ABCB5@1102	0	1000	0.0		/home/miguel/IBE-UPF/TFM/Master_projects/PhyloPhere/Data/6.CAAS_traitfiles/Ranked/df4_sp.tab
ABCB5@1110	0	1000	0.0		/home/miguel/IBE-UPF/TFM/Master_projects/PhyloPhere/Data/6.CAAS_traitfiles/Ranked/df4_sp.tab
ABCB5@1116	0	1000	0.0		/home/miguel/IBE-UPF/TFM/Master_projects/PhyloPhere/Data/6.CAAS_traitfiles/Ranked/df4_sp.tab
ABCB5@1126	0	1000	0.0		/home/miguel/IBE-UPF/TFM/Master_projects/PhyloPhere/Data/6.CAAS_traitfiles/Ranked/df4_sp.tab
ABCB5@1128	0	1000	0.0		/home/miguel/IBE-UPF/TFM/Master_projects/PhyloPhere/Data/6.CAAS_traitfiles/Ranked/df4_sp.tab
ABCB5@1133	0	1000	0.0		/home/miguel/IBE-UPF/TFM/Master_projects/PhyloPhere/Data/6.CAAS_traitfiles/Ranked/df4_sp.tab
ABCB5@1136	0	1000	0.0		/home/miguel/IBE-UPF/TFM/Master_projects/PhyloPhere/Data/6.CAAS_traitfiles/Ranked/df4_sp.tab
ABCB5@1140	0	1000	0.0		/home/miguel/IBE-UPF/TFM/Master_projects/PhyloPhere/Data/6.CAAS_traitfiles/Ranked/df4_sp.tab
ABCB5@1148	30	1000	0.03	b_841,b_65,b_903,b_844,b_240,b_948,b_140,b_34,b_10,b_265,b_353,b_367,b_484,b_38,b_7,b_217,b_699,b_680,b_935,b_810,b_665,b_807,b_67,b_610,b_932,b_919,b_989,b_335,b_86,b_875	/home/miguel/IBE-UPF/TFM/Master_projects/PhyloPhere/Data/6.CAAS_traitfiles/Ranked/df4_sp.tab
ABCB5@1151	0	1000	0.0		/home/miguel/IBE-UPF/TFM/Master_projects/PhyloPhere/Data/6.CAAS_traitfiles/Ranked/df4_sp.tab
ABCB5@1158	2	1000	0.002	b_490,b_222	/home/miguel/IBE-UPF/TFM/Master_projects/PhyloPhere/Data/6.CAAS_traitfiles/Ranked/df4_sp.tab
ABCB5@1159	0	1000	0.0		/home/miguel/IBE-UPF/TFM/Master_projects/PhyloPhere/Data/6.CAAS_traitfiles/Ranked/df4_sp.tab
ABCB5@1162	0	1000	0.0		/home/miguel/IBE-UPF/TFM/Master_projects/PhyloPhere/Data/6.CAAS_traitfiles/Ranked/df4_sp.tab
ABCB5@1164	3	1000	0.003	b_415,b_996,b_208	/home/miguel/IBE-UPF/TFM/Master_projects/PhyloPhere/Data/6.CAAS_traitfiles/Ranked/df4_sp.tab
ABCB5@1165	5	1000	0.005	b_698,b_772,b_475,b_849,b_71	/home/miguel/IBE-UPF/TFM/Master_projects/PhyloPhere/Data/6.CAAS_traitfiles/Ranked/df4_sp.tab
ABCB5@1166	0	1000	0.0		/home/miguel/IBE-UPF/TFM/Master_projects/PhyloPhere/Data/6.CAAS_traitfiles/Ranked/df4_sp.tab
ABCB5@1171	0	1000	0.0		/home/miguel/IBE-UPF/TFM/Master_projects/PhyloPhere/Data/6.CAAS_traitfiles/Ranked/df4_sp.tab
ABCB5@1173	0	1000	0.0		/home/miguel/IBE-UPF/TFM/Master_projects/PhyloPhere/Data/6.CAAS_traitfiles/Ranked/df4_sp.tab
ABCB5@1175	0	1000	0.0		/home/miguel/IBE-UPF/TFM/Master_projects/PhyloPhere/Data/6.CAAS_traitfiles/Ranked/df4_sp.tab
ABCB5@1178	27	1000	0.027	b_841,b_139,b_806,b_697,b_475,b_908,b_94,b_415,b_515,b_78,b_790,b_917,b_549,b_510,b_667,b_40,b_51,b_694,b_894,b_97,b_890,b_949,b_751,b_688,b_47,b_86,b_202	/home/miguel/IBE-UPF/TFM/Master_projects/PhyloPhere/Data/6.CAAS_traitfiles/Ranked/df4_sp.tab
ABCB5@1184	0	1000	0.0		/home/miguel/IBE-UPF/TFM/Master_projects/PhyloPhere/Data/6.CAAS_traitfiles/Ranked/df4_sp.tab
ABCB5@1190	0	1000	0.0		/home/miguel/IBE-UPF/TFM/Master_projects/PhyloPhere/Data/6.CAAS_traitfiles/Ranked/df4_sp.tab
ABCB5@1206	0	1000	0.0		/home/miguel/IBE-UPF/TFM/Master_projects/PhyloPhere/Data/6.CAAS_traitfiles/Ranked/df4_sp.tab
ABCB5@1208	0	1000	0.0		/home/miguel/IBE-UPF/TFM/Master_projects/PhyloPhere/Data/6.CAAS_traitfiles/Ranked/df4_sp.tab
ABCB5@1218	0	1000	0.0		/home/miguel/IBE-UPF/TFM/Master_projects/PhyloPhere/Data/6.CAAS_traitfiles/Ranked/df4_sp.tab
ABCB5@1219	0	1000	0.0		/home/miguel/IBE-UPF/TFM/Master_projects/PhyloPhere/Data/6.CAAS_traitfiles/Ranked/df4_sp.tab
