ABHD14A-ACY1@0	0	1000	0.0		/home/miguel/IBE-UPF/TFM/Master_projects/PhyloPhere/Data/6.CAAS_traitfiles/Ranked/df4_sp.tab
ABHD14A-ACY1@1	1	1000	0.001	b_695	/home/miguel/IBE-UPF/TFM/Master_projects/PhyloPhere/Data/6.CAAS_traitfiles/Ranked/df4_sp.tab
ABHD14A-ACY1@2	0	1000	0.0		/home/miguel/IBE-UPF/TFM/Master_projects/PhyloPhere/Data/6.CAAS_traitfiles/Ranked/df4_sp.tab
ABHD14A-ACY1@3	0	1000	0.0		/home/miguel/IBE-UPF/TFM/Master_projects/PhyloPhere/Data/6.CAAS_traitfiles/Ranked/df4_sp.tab
ABHD14A-ACY1@5	0	1000	0.0		/home/miguel/IBE-UPF/TFM/Master_projects/PhyloPhere/Data/6.CAAS_traitfiles/Ranked/df4_sp.tab
ABHD14A-ACY1@6	0	1000	0.0		/home/miguel/IBE-UPF/TFM/Master_projects/PhyloPhere/Data/6.CAAS_traitfiles/Ranked/df4_sp.tab
ABHD14A-ACY1@7	0	1000	0.0		/home/miguel/IBE-UPF/TFM/Master_projects/PhyloPhere/Data/6.CAAS_traitfiles/Ranked/df4_sp.tab
ABHD14A-ACY1@8	0	1000	0.0		/home/miguel/IBE-UPF/TFM/Master_projects/PhyloPhere/Data/6.CAAS_traitfiles/Ranked/df4_sp.tab
ABHD14A-ACY1@10	0	1000	0.0		/home/miguel/IBE-UPF/TFM/Master_projects/PhyloPhere/Data/6.CAAS_traitfiles/Ranked/df4_sp.tab
ABHD14A-ACY1@11	0	1000	0.0		/home/miguel/IBE-UPF/TFM/Master_projects/PhyloPhere/Data/6.CAAS_traitfiles/Ranked/df4_sp.tab
ABHD14A-ACY1@14	0	1000	0.0		/home/miguel/IBE-UPF/TFM/Master_projects/PhyloPhere/Data/6.CAAS_traitfiles/Ranked/df4_sp.tab
ABHD14A-ACY1@15	0	1000	0.0		/home/miguel/IBE-UPF/TFM/Master_projects/PhyloPhere/Data/6.CAAS_traitfiles/Ranked/df4_sp.tab
ABHD14A-ACY1@17	0	1000	0.0		/home/miguel/IBE-UPF/TFM/Master_projects/PhyloPhere/Data/6.CAAS_traitfiles/Ranked/df4_sp.tab
ABHD14A-ACY1@18	0	1000	0.0		/home/miguel/IBE-UPF/TFM/Master_projects/PhyloPhere/Data/6.CAAS_traitfiles/Ranked/df4_sp.tab
ABHD14A-ACY1@24	0	1000	0.0		/home/miguel/IBE-UPF/TFM/Master_projects/PhyloPhere/Data/6.CAAS_traitfiles/Ranked/df4_sp.tab
ABHD14A-ACY1@26	0	1000	0.0		/home/miguel/IBE-UPF/TFM/Master_projects/PhyloPhere/Data/6.CAAS_traitfiles/Ranked/df4_sp.tab
ABHD14A-ACY1@30	14	1000	0.014	b_890,b_894,b_616,b_415,b_767,b_916,b_697,b_208,b_806,b_172,b_774,b_366,b_718,b_104	/home/miguel/IBE-UPF/TFM/Master_projects/PhyloPhere/Data/6.CAAS_traitfiles/Ranked/df4_sp.tab
ABHD14A-ACY1@31	20	1000	0.02	b_890,b_894,b_992,b_415,b_221,b_533,b_767,b_697,b_796,b_208,b_556,b_806,b_172,b_710,b_861,b_110,b_366,b_718,b_147,b_104	/home/miguel/IBE-UPF/TFM/Master_projects/PhyloPhere/Data/6.CAAS_traitfiles/Ranked/df4_sp.tab
ABHD14A-ACY1@33	0	1000	0.0		/home/miguel/IBE-UPF/TFM/Master_projects/PhyloPhere/Data/6.CAAS_traitfiles/Ranked/df4_sp.tab
ABHD14A-ACY1@35	0	1000	0.0		/home/miguel/IBE-UPF/TFM/Master_projects/PhyloPhere/Data/6.CAAS_traitfiles/Ranked/df4_sp.tab
ABHD14A-ACY1@39	11	1000	0.011	b_647,b_71,b_670,b_414,b_545,b_578,b_475,b_43,b_574,b_941,b_780	/home/miguel/IBE-UPF/TFM/Master_projects/PhyloPhere/Data/6.CAAS_traitfiles/Ranked/df4_sp.tab
ABHD14A-ACY1@40	11	1000	0.011	b_647,b_71,b_670,b_414,b_545,b_578,b_475,b_43,b_574,b_941,b_780	/home/miguel/IBE-UPF/TFM/Master_projects/PhyloPhere/Data/6.CAAS_traitfiles/Ranked/df4_sp.tab
ABHD14A-ACY1@41	48	1000	0.048	b_919,b_789,b_663,b_577,b_605,b_7,b_65,b_589,b_485,b_719,b_392,b_720,b_363,b_484,b_812,b_451,b_935,b_217,b_997,b_948,b_376,b_135,b_453,b_244,b_844,b_743,b_265,b_903,b_165,b_636,b_699,b_725,b_86,b_367,b_810,b_36,b_880,b_807,b_373,b_334,b_67,b_728,b_780,b_875,b_993,b_871,b_841,b_665	/home/miguel/IBE-UPF/TFM/Master_projects/PhyloPhere/Data/6.CAAS_traitfiles/Ranked/df4_sp.tab
ABHD14A-ACY1@42	34	1000	0.034	b_919,b_663,b_577,b_7,b_589,b_485,b_719,b_697,b_392,b_484,b_812,b_217,b_997,b_329,b_948,b_376,b_135,b_453,b_844,b_743,b_903,b_165,b_636,b_725,b_86,b_810,b_880,b_373,b_334,b_780,b_875,b_993,b_841,b_665	/home/miguel/IBE-UPF/TFM/Master_projects/PhyloPhere/Data/6.CAAS_traitfiles/Ranked/df4_sp.tab
ABHD14A-ACY1@44	18	1000	0.018	b_890,b_894,b_992,b_415,b_767,b_697,b_796,b_208,b_556,b_806,b_172,b_710,b_861,b_110,b_366,b_718,b_147,b_104	/home/miguel/IBE-UPF/TFM/Master_projects/PhyloPhere/Data/6.CAAS_traitfiles/Ranked/df4_sp.tab
ABHD14A-ACY1@47	0	1000	0.0		/home/miguel/IBE-UPF/TFM/Master_projects/PhyloPhere/Data/6.CAAS_traitfiles/Ranked/df4_sp.tab
ABHD14A-ACY1@48	0	1000	0.0		/home/miguel/IBE-UPF/TFM/Master_projects/PhyloPhere/Data/6.CAAS_traitfiles/Ranked/df4_sp.tab
ABHD14A-ACY1@49	0	1000	0.0		/home/miguel/IBE-UPF/TFM/Master_projects/PhyloPhere/Data/6.CAAS_traitfiles/Ranked/df4_sp.tab
ABHD14A-ACY1@54	0	1000	0.0		/home/miguel/IBE-UPF/TFM/Master_projects/PhyloPhere/Data/6.CAAS_traitfiles/Ranked/df4_sp.tab
ABHD14A-ACY1@55	0	1000	0.0		/home/miguel/IBE-UPF/TFM/Master_projects/PhyloPhere/Data/6.CAAS_traitfiles/Ranked/df4_sp.tab
ABHD14A-ACY1@57	0	1000	0.0		/home/miguel/IBE-UPF/TFM/Master_projects/PhyloPhere/Data/6.CAAS_traitfiles/Ranked/df4_sp.tab
ABHD14A-ACY1@59	0	1000	0.0		/home/miguel/IBE-UPF/TFM/Master_projects/PhyloPhere/Data/6.CAAS_traitfiles/Ranked/df4_sp.tab
ABHD14A-ACY1@75	12	1000	0.012	b_647,b_71,b_341,b_670,b_417,b_414,b_585,b_475,b_574,b_454,b_941,b_780	/home/miguel/IBE-UPF/TFM/Master_projects/PhyloPhere/Data/6.CAAS_traitfiles/Ranked/df4_sp.tab
ABHD14A-ACY1@76	22	1000	0.022	b_651,b_809,b_239,b_533,b_427,b_381,b_182,b_278,b_184,b_806,b_429,b_11,b_265,b_110,b_566,b_307,b_251,b_373,b_502,b_377,b_19,b_130	/home/miguel/IBE-UPF/TFM/Master_projects/PhyloPhere/Data/6.CAAS_traitfiles/Ranked/df4_sp.tab
ABHD14A-ACY1@77	0	1000	0.0		/home/miguel/IBE-UPF/TFM/Master_projects/PhyloPhere/Data/6.CAAS_traitfiles/Ranked/df4_sp.tab
ABHD14A-ACY1@78	20	1000	0.02	b_45,b_269,b_992,b_536,b_267,b_564,b_592,b_697,b_926,b_949,b_526,b_51,b_312,b_40,b_893,b_94,b_78,b_250,b_788,b_489	/home/miguel/IBE-UPF/TFM/Master_projects/PhyloPhere/Data/6.CAAS_traitfiles/Ranked/df4_sp.tab
ABHD14A-ACY1@81	43	1000	0.043	b_919,b_663,b_577,b_605,b_7,b_65,b_589,b_485,b_719,b_392,b_363,b_484,b_812,b_451,b_935,b_217,b_997,b_948,b_376,b_135,b_453,b_244,b_844,b_743,b_265,b_903,b_165,b_636,b_699,b_725,b_86,b_367,b_810,b_880,b_807,b_373,b_334,b_67,b_780,b_875,b_993,b_841,b_665	/home/miguel/IBE-UPF/TFM/Master_projects/PhyloPhere/Data/6.CAAS_traitfiles/Ranked/df4_sp.tab
ABHD14A-ACY1@93	0	1000	0.0		/home/miguel/IBE-UPF/TFM/Master_projects/PhyloPhere/Data/6.CAAS_traitfiles/Ranked/df4_sp.tab
ABHD14A-ACY1@102	0	1000	0.0		/home/miguel/IBE-UPF/TFM/Master_projects/PhyloPhere/Data/6.CAAS_traitfiles/Ranked/df4_sp.tab
ABHD14A-ACY1@111	0	1000	0.0		/home/miguel/IBE-UPF/TFM/Master_projects/PhyloPhere/Data/6.CAAS_traitfiles/Ranked/df4_sp.tab
ABHD14A-ACY1@112	0	1000	0.0		/home/miguel/IBE-UPF/TFM/Master_projects/PhyloPhere/Data/6.CAAS_traitfiles/Ranked/df4_sp.tab
ABHD14A-ACY1@114	0	1000	0.0		/home/miguel/IBE-UPF/TFM/Master_projects/PhyloPhere/Data/6.CAAS_traitfiles/Ranked/df4_sp.tab
ABHD14A-ACY1@124	48	1000	0.048	b_462,b_45,b_361,b_890,b_694,b_510,b_894,b_751,b_992,b_976,b_415,b_396,b_891,b_274,b_29,b_697,b_202,b_926,b_796,b_688,b_806,b_949,b_284,b_475,b_273,b_526,b_51,b_115,b_710,b_861,b_110,b_312,b_366,b_574,b_40,b_147,b_77,b_129,b_86,b_94,b_151,b_734,b_78,b_250,b_317,b_700,b_628,b_841	/home/miguel/IBE-UPF/TFM/Master_projects/PhyloPhere/Data/6.CAAS_traitfiles/Ranked/df4_sp.tab
ABHD14A-ACY1@127	0	1000	0.0		/home/miguel/IBE-UPF/TFM/Master_projects/PhyloPhere/Data/6.CAAS_traitfiles/Ranked/df4_sp.tab
ABHD14A-ACY1@129	14	1000	0.014	b_517,b_647,b_71,b_592,b_670,b_414,b_545,b_578,b_475,b_43,b_861,b_574,b_941,b_780	/home/miguel/IBE-UPF/TFM/Master_projects/PhyloPhere/Data/6.CAAS_traitfiles/Ranked/df4_sp.tab
ABHD14A-ACY1@132	0	1000	0.0		/home/miguel/IBE-UPF/TFM/Master_projects/PhyloPhere/Data/6.CAAS_traitfiles/Ranked/df4_sp.tab
ABHD14A-ACY1@134	48	1000	0.048	b_462,b_45,b_361,b_890,b_694,b_510,b_894,b_751,b_992,b_976,b_415,b_396,b_891,b_274,b_29,b_697,b_202,b_926,b_796,b_688,b_806,b_949,b_284,b_475,b_273,b_526,b_51,b_115,b_710,b_861,b_110,b_312,b_366,b_574,b_40,b_147,b_77,b_129,b_86,b_94,b_151,b_734,b_78,b_250,b_317,b_700,b_628,b_841	/home/miguel/IBE-UPF/TFM/Master_projects/PhyloPhere/Data/6.CAAS_traitfiles/Ranked/df4_sp.tab
ABHD14A-ACY1@138	0	1000	0.0		/home/miguel/IBE-UPF/TFM/Master_projects/PhyloPhere/Data/6.CAAS_traitfiles/Ranked/df4_sp.tab
ABHD14A-ACY1@144	0	1000	0.0		/home/miguel/IBE-UPF/TFM/Master_projects/PhyloPhere/Data/6.CAAS_traitfiles/Ranked/df4_sp.tab
ABHD14A-ACY1@150	0	1000	0.0		/home/miguel/IBE-UPF/TFM/Master_projects/PhyloPhere/Data/6.CAAS_traitfiles/Ranked/df4_sp.tab
ABHD14A-ACY1@157	33	1000	0.033	b_671,b_602,b_57,b_7,b_65,b_571,b_210,b_309,b_103,b_484,b_232,b_935,b_578,b_346,b_942,b_928,b_376,b_453,b_844,b_639,b_903,b_726,b_725,b_449,b_367,b_810,b_675,b_880,b_334,b_654,b_780,b_875,b_993	/home/miguel/IBE-UPF/TFM/Master_projects/PhyloPhere/Data/6.CAAS_traitfiles/Ranked/df4_sp.tab
ABHD14A-ACY1@161	0	1000	0.0		/home/miguel/IBE-UPF/TFM/Master_projects/PhyloPhere/Data/6.CAAS_traitfiles/Ranked/df4_sp.tab
ABHD14A-ACY1@174	0	1000	0.0		/home/miguel/IBE-UPF/TFM/Master_projects/PhyloPhere/Data/6.CAAS_traitfiles/Ranked/df4_sp.tab
ABHD14A-ACY1@176	35	1000	0.035	b_919,b_460,b_668,b_663,b_100,b_577,b_605,b_7,b_65,b_589,b_485,b_719,b_363,b_812,b_935,b_997,b_948,b_376,b_135,b_453,b_244,b_844,b_743,b_265,b_165,b_636,b_699,b_86,b_367,b_953,b_807,b_835,b_334,b_348,b_841	/home/miguel/IBE-UPF/TFM/Master_projects/PhyloPhere/Data/6.CAAS_traitfiles/Ranked/df4_sp.tab
ABHD14A-ACY1@179	0	1000	0.0		/home/miguel/IBE-UPF/TFM/Master_projects/PhyloPhere/Data/6.CAAS_traitfiles/Ranked/df4_sp.tab
ABHD14A-ACY1@189	0	1000	0.0		/home/miguel/IBE-UPF/TFM/Master_projects/PhyloPhere/Data/6.CAAS_traitfiles/Ranked/df4_sp.tab
ABHD14A-ACY1@194	12	1000	0.012	b_647,b_71,b_670,b_414,b_545,b_217,b_578,b_475,b_43,b_885,b_941,b_780	/home/miguel/IBE-UPF/TFM/Master_projects/PhyloPhere/Data/6.CAAS_traitfiles/Ranked/df4_sp.tab
ABHD14A-ACY1@197	11	1000	0.011	b_647,b_71,b_670,b_414,b_545,b_578,b_475,b_43,b_574,b_941,b_780	/home/miguel/IBE-UPF/TFM/Master_projects/PhyloPhere/Data/6.CAAS_traitfiles/Ranked/df4_sp.tab
ABHD14A-ACY1@202	0	1000	0.0		/home/miguel/IBE-UPF/TFM/Master_projects/PhyloPhere/Data/6.CAAS_traitfiles/Ranked/df4_sp.tab
ABHD14A-ACY1@203	43	1000	0.043	b_919,b_663,b_577,b_605,b_7,b_65,b_589,b_485,b_719,b_392,b_363,b_484,b_812,b_451,b_935,b_217,b_997,b_948,b_376,b_135,b_453,b_244,b_844,b_743,b_265,b_903,b_165,b_636,b_699,b_725,b_86,b_367,b_810,b_880,b_807,b_373,b_334,b_67,b_780,b_875,b_993,b_841,b_665	/home/miguel/IBE-UPF/TFM/Master_projects/PhyloPhere/Data/6.CAAS_traitfiles/Ranked/df4_sp.tab
ABHD14A-ACY1@204	0	1000	0.0		/home/miguel/IBE-UPF/TFM/Master_projects/PhyloPhere/Data/6.CAAS_traitfiles/Ranked/df4_sp.tab
ABHD14A-ACY1@205	0	1000	0.0		/home/miguel/IBE-UPF/TFM/Master_projects/PhyloPhere/Data/6.CAAS_traitfiles/Ranked/df4_sp.tab
ABHD14A-ACY1@213	0	1000	0.0		/home/miguel/IBE-UPF/TFM/Master_projects/PhyloPhere/Data/6.CAAS_traitfiles/Ranked/df4_sp.tab
ABHD14A-ACY1@216	0	1000	0.0		/home/miguel/IBE-UPF/TFM/Master_projects/PhyloPhere/Data/6.CAAS_traitfiles/Ranked/df4_sp.tab
ABHD14A-ACY1@219	0	1000	0.0		/home/miguel/IBE-UPF/TFM/Master_projects/PhyloPhere/Data/6.CAAS_traitfiles/Ranked/df4_sp.tab
ABHD14A-ACY1@220	71	1000	0.071	b_361,b_919,b_510,b_751,b_663,b_415,b_805,b_577,b_605,b_7,b_396,b_65,b_589,b_828,b_485,b_719,b_202,b_926,b_392,b_720,b_688,b_363,b_484,b_812,b_451,b_935,b_217,b_817,b_997,b_949,b_948,b_475,b_284,b_376,b_51,b_135,b_453,b_115,b_244,b_844,b_774,b_218,b_743,b_265,b_312,b_903,b_165,b_636,b_699,b_580,b_725,b_77,b_86,b_367,b_94,b_810,b_78,b_250,b_880,b_807,b_570,b_373,b_700,b_334,b_348,b_67,b_780,b_875,b_993,b_841,b_665	/home/miguel/IBE-UPF/TFM/Master_projects/PhyloPhere/Data/6.CAAS_traitfiles/Ranked/df4_sp.tab
ABHD14A-ACY1@221	0	1000	0.0		/home/miguel/IBE-UPF/TFM/Master_projects/PhyloPhere/Data/6.CAAS_traitfiles/Ranked/df4_sp.tab
ABHD14A-ACY1@232	0	1000	0.0		/home/miguel/IBE-UPF/TFM/Master_projects/PhyloPhere/Data/6.CAAS_traitfiles/Ranked/df4_sp.tab
ABHD14A-ACY1@235	0	1000	0.0		/home/miguel/IBE-UPF/TFM/Master_projects/PhyloPhere/Data/6.CAAS_traitfiles/Ranked/df4_sp.tab
ABHD14A-ACY1@239	11	1000	0.011	b_647,b_71,b_670,b_414,b_545,b_578,b_475,b_43,b_574,b_941,b_780	/home/miguel/IBE-UPF/TFM/Master_projects/PhyloPhere/Data/6.CAAS_traitfiles/Ranked/df4_sp.tab
ABHD14A-ACY1@242	0	1000	0.0		/home/miguel/IBE-UPF/TFM/Master_projects/PhyloPhere/Data/6.CAAS_traitfiles/Ranked/df4_sp.tab
ABHD14A-ACY1@246	0	1000	0.0		/home/miguel/IBE-UPF/TFM/Master_projects/PhyloPhere/Data/6.CAAS_traitfiles/Ranked/df4_sp.tab
ABHD14A-ACY1@251	20	1000	0.02	b_53,b_890,b_295,b_510,b_490,b_775,b_387,b_111,b_821,b_186,b_768,b_804,b_312,b_900,b_77,b_59,b_317,b_914,b_771,b_67	/home/miguel/IBE-UPF/TFM/Master_projects/PhyloPhere/Data/6.CAAS_traitfiles/Ranked/df4_sp.tab
ABHD14A-ACY1@252	0	1000	0.0		/home/miguel/IBE-UPF/TFM/Master_projects/PhyloPhere/Data/6.CAAS_traitfiles/Ranked/df4_sp.tab
ABHD14A-ACY1@254	0	1000	0.0		/home/miguel/IBE-UPF/TFM/Master_projects/PhyloPhere/Data/6.CAAS_traitfiles/Ranked/df4_sp.tab
ABHD14A-ACY1@263	48	1000	0.048	b_462,b_45,b_361,b_890,b_694,b_510,b_894,b_751,b_992,b_976,b_415,b_396,b_891,b_274,b_29,b_697,b_202,b_926,b_796,b_688,b_806,b_949,b_284,b_475,b_273,b_526,b_51,b_115,b_710,b_861,b_110,b_312,b_366,b_574,b_40,b_147,b_77,b_129,b_86,b_94,b_151,b_734,b_78,b_250,b_317,b_700,b_628,b_841	/home/miguel/IBE-UPF/TFM/Master_projects/PhyloPhere/Data/6.CAAS_traitfiles/Ranked/df4_sp.tab
ABHD14A-ACY1@271	0	1000	0.0		/home/miguel/IBE-UPF/TFM/Master_projects/PhyloPhere/Data/6.CAAS_traitfiles/Ranked/df4_sp.tab
ABHD14A-ACY1@279	11	1000	0.011	b_647,b_71,b_670,b_414,b_545,b_578,b_475,b_43,b_574,b_941,b_780	/home/miguel/IBE-UPF/TFM/Master_projects/PhyloPhere/Data/6.CAAS_traitfiles/Ranked/df4_sp.tab
ABHD14A-ACY1@281	0	1000	0.0		/home/miguel/IBE-UPF/TFM/Master_projects/PhyloPhere/Data/6.CAAS_traitfiles/Ranked/df4_sp.tab
ABHD14A-ACY1@286	0	1000	0.0		/home/miguel/IBE-UPF/TFM/Master_projects/PhyloPhere/Data/6.CAAS_traitfiles/Ranked/df4_sp.tab
ABHD14A-ACY1@290	0	1000	0.0		/home/miguel/IBE-UPF/TFM/Master_projects/PhyloPhere/Data/6.CAAS_traitfiles/Ranked/df4_sp.tab
ABHD14A-ACY1@292	18	1000	0.018	b_890,b_894,b_992,b_415,b_767,b_697,b_796,b_208,b_556,b_806,b_172,b_710,b_861,b_110,b_366,b_718,b_147,b_104	/home/miguel/IBE-UPF/TFM/Master_projects/PhyloPhere/Data/6.CAAS_traitfiles/Ranked/df4_sp.tab
ABHD14A-ACY1@294	0	1000	0.0		/home/miguel/IBE-UPF/TFM/Master_projects/PhyloPhere/Data/6.CAAS_traitfiles/Ranked/df4_sp.tab
ABHD14A-ACY1@295	0	1000	0.0		/home/miguel/IBE-UPF/TFM/Master_projects/PhyloPhere/Data/6.CAAS_traitfiles/Ranked/df4_sp.tab
ABHD14A-ACY1@299	0	1000	0.0		/home/miguel/IBE-UPF/TFM/Master_projects/PhyloPhere/Data/6.CAAS_traitfiles/Ranked/df4_sp.tab
ABHD14A-ACY1@303	0	1000	0.0		/home/miguel/IBE-UPF/TFM/Master_projects/PhyloPhere/Data/6.CAAS_traitfiles/Ranked/df4_sp.tab
ABHD14A-ACY1@304	0	1000	0.0		/home/miguel/IBE-UPF/TFM/Master_projects/PhyloPhere/Data/6.CAAS_traitfiles/Ranked/df4_sp.tab
ABHD14A-ACY1@305	0	1000	0.0		/home/miguel/IBE-UPF/TFM/Master_projects/PhyloPhere/Data/6.CAAS_traitfiles/Ranked/df4_sp.tab
ABHD14A-ACY1@306	0	1000	0.0		/home/miguel/IBE-UPF/TFM/Master_projects/PhyloPhere/Data/6.CAAS_traitfiles/Ranked/df4_sp.tab
ABHD14A-ACY1@307	0	1000	0.0		/home/miguel/IBE-UPF/TFM/Master_projects/PhyloPhere/Data/6.CAAS_traitfiles/Ranked/df4_sp.tab
ABHD14A-ACY1@308	0	1000	0.0		/home/miguel/IBE-UPF/TFM/Master_projects/PhyloPhere/Data/6.CAAS_traitfiles/Ranked/df4_sp.tab
ABHD14A-ACY1@309	0	1000	0.0		/home/miguel/IBE-UPF/TFM/Master_projects/PhyloPhere/Data/6.CAAS_traitfiles/Ranked/df4_sp.tab
ABHD14A-ACY1@310	0	1000	0.0		/home/miguel/IBE-UPF/TFM/Master_projects/PhyloPhere/Data/6.CAAS_traitfiles/Ranked/df4_sp.tab
ABHD14A-ACY1@312	0	1000	0.0		/home/miguel/IBE-UPF/TFM/Master_projects/PhyloPhere/Data/6.CAAS_traitfiles/Ranked/df4_sp.tab
ABHD14A-ACY1@313	0	1000	0.0		/home/miguel/IBE-UPF/TFM/Master_projects/PhyloPhere/Data/6.CAAS_traitfiles/Ranked/df4_sp.tab
ABHD14A-ACY1@314	0	1000	0.0		/home/miguel/IBE-UPF/TFM/Master_projects/PhyloPhere/Data/6.CAAS_traitfiles/Ranked/df4_sp.tab
ABHD14A-ACY1@315	0	1000	0.0		/home/miguel/IBE-UPF/TFM/Master_projects/PhyloPhere/Data/6.CAAS_traitfiles/Ranked/df4_sp.tab
ABHD14A-ACY1@316	0	1000	0.0		/home/miguel/IBE-UPF/TFM/Master_projects/PhyloPhere/Data/6.CAAS_traitfiles/Ranked/df4_sp.tab
ABHD14A-ACY1@317	14	1000	0.014	b_362,b_517,b_647,b_71,b_592,b_670,b_414,b_545,b_578,b_475,b_43,b_574,b_941,b_780	/home/miguel/IBE-UPF/TFM/Master_projects/PhyloPhere/Data/6.CAAS_traitfiles/Ranked/df4_sp.tab
ABHD14A-ACY1@318	0	1000	0.0		/home/miguel/IBE-UPF/TFM/Master_projects/PhyloPhere/Data/6.CAAS_traitfiles/Ranked/df4_sp.tab
ABHD14A-ACY1@330	0	1000	0.0		/home/miguel/IBE-UPF/TFM/Master_projects/PhyloPhere/Data/6.CAAS_traitfiles/Ranked/df4_sp.tab
ABHD14A-ACY1@332	0	1000	0.0		/home/miguel/IBE-UPF/TFM/Master_projects/PhyloPhere/Data/6.CAAS_traitfiles/Ranked/df4_sp.tab
ABHD14A-ACY1@348	0	1000	0.0		/home/miguel/IBE-UPF/TFM/Master_projects/PhyloPhere/Data/6.CAAS_traitfiles/Ranked/df4_sp.tab
ABHD14A-ACY1@351	0	1000	0.0		/home/miguel/IBE-UPF/TFM/Master_projects/PhyloPhere/Data/6.CAAS_traitfiles/Ranked/df4_sp.tab
ABHD14A-ACY1@355	11	1000	0.011	b_647,b_71,b_670,b_414,b_545,b_578,b_475,b_43,b_574,b_941,b_780	/home/miguel/IBE-UPF/TFM/Master_projects/PhyloPhere/Data/6.CAAS_traitfiles/Ranked/df4_sp.tab
ABHD14A-ACY1@360	0	1000	0.0		/home/miguel/IBE-UPF/TFM/Master_projects/PhyloPhere/Data/6.CAAS_traitfiles/Ranked/df4_sp.tab
ABHD14A-ACY1@365	0	1000	0.0		/home/miguel/IBE-UPF/TFM/Master_projects/PhyloPhere/Data/6.CAAS_traitfiles/Ranked/df4_sp.tab
ABHD14A-ACY1@366	48	1000	0.048	b_462,b_45,b_361,b_890,b_694,b_510,b_894,b_751,b_992,b_976,b_415,b_396,b_891,b_274,b_29,b_697,b_202,b_926,b_796,b_688,b_806,b_949,b_284,b_475,b_273,b_526,b_51,b_115,b_710,b_861,b_110,b_312,b_366,b_574,b_40,b_147,b_77,b_129,b_86,b_94,b_151,b_734,b_78,b_250,b_317,b_700,b_628,b_841	/home/miguel/IBE-UPF/TFM/Master_projects/PhyloPhere/Data/6.CAAS_traitfiles/Ranked/df4_sp.tab
ABHD14A-ACY1@371	0	1000	0.0		/home/miguel/IBE-UPF/TFM/Master_projects/PhyloPhere/Data/6.CAAS_traitfiles/Ranked/df4_sp.tab
ABHD14A-ACY1@374	11	1000	0.011	b_647,b_71,b_670,b_414,b_545,b_578,b_475,b_43,b_574,b_941,b_780	/home/miguel/IBE-UPF/TFM/Master_projects/PhyloPhere/Data/6.CAAS_traitfiles/Ranked/df4_sp.tab
ABHD14A-ACY1@375	11	1000	0.011	b_647,b_71,b_670,b_414,b_545,b_578,b_475,b_43,b_574,b_941,b_780	/home/miguel/IBE-UPF/TFM/Master_projects/PhyloPhere/Data/6.CAAS_traitfiles/Ranked/df4_sp.tab
ABHD14A-ACY1@384	0	1000	0.0		/home/miguel/IBE-UPF/TFM/Master_projects/PhyloPhere/Data/6.CAAS_traitfiles/Ranked/df4_sp.tab
ABHD14A-ACY1@386	30	1000	0.03	b_919,b_605,b_7,b_65,b_485,b_768,b_484,b_812,b_451,b_935,b_217,b_997,b_948,b_453,b_844,b_804,b_265,b_903,b_699,b_59,b_86,b_367,b_810,b_880,b_807,b_441,b_67,b_875,b_841,b_665	/home/miguel/IBE-UPF/TFM/Master_projects/PhyloPhere/Data/6.CAAS_traitfiles/Ranked/df4_sp.tab
ABHD14A-ACY1@389	49	1000	0.049	b_361,b_919,b_894,b_998,b_663,b_100,b_870,b_355,b_826,b_145,b_577,b_605,b_7,b_65,b_186,b_458,b_392,b_812,b_451,b_217,b_222,b_376,b_244,b_844,b_804,b_743,b_265,b_366,b_903,b_636,b_699,b_147,b_129,b_86,b_151,b_807,b_835,b_771,b_373,b_700,b_334,b_628,b_780,b_399,b_875,b_993,b_841,b_520,b_665	/home/miguel/IBE-UPF/TFM/Master_projects/PhyloPhere/Data/6.CAAS_traitfiles/Ranked/df4_sp.tab
ABHD14A-ACY1@393	26	1000	0.026	b_894,b_490,b_826,b_145,b_605,b_65,b_186,b_768,b_935,b_958,b_222,b_209,b_804,b_265,b_110,b_900,b_59,b_86,b_880,b_807,b_914,b_771,b_700,b_67,b_442,b_841	/home/miguel/IBE-UPF/TFM/Master_projects/PhyloPhere/Data/6.CAAS_traitfiles/Ranked/df4_sp.tab
ABHD14A-ACY1@394	76	1000	0.076	b_462,b_45,b_361,b_919,b_890,b_694,b_894,b_663,b_976,b_415,b_577,b_605,b_7,b_396,b_891,b_65,b_29,b_589,b_485,b_719,b_697,b_926,b_392,b_363,b_484,b_812,b_451,b_935,b_217,b_997,b_949,b_948,b_284,b_475,b_273,b_376,b_526,b_51,b_135,b_453,b_115,b_244,b_844,b_861,b_743,b_265,b_312,b_366,b_903,b_165,b_636,b_699,b_40,b_725,b_147,b_77,b_129,b_86,b_367,b_151,b_810,b_734,b_250,b_317,b_880,b_807,b_373,b_700,b_334,b_628,b_67,b_780,b_875,b_993,b_841,b_665	/home/miguel/IBE-UPF/TFM/Master_projects/PhyloPhere/Data/6.CAAS_traitfiles/Ranked/df4_sp.tab
ABHD14A-ACY1@396	11	1000	0.011	b_647,b_71,b_670,b_414,b_545,b_578,b_475,b_43,b_574,b_941,b_780	/home/miguel/IBE-UPF/TFM/Master_projects/PhyloPhere/Data/6.CAAS_traitfiles/Ranked/df4_sp.tab
ABHD14A-ACY1@397	0	1000	0.0		/home/miguel/IBE-UPF/TFM/Master_projects/PhyloPhere/Data/6.CAAS_traitfiles/Ranked/df4_sp.tab
ABHD14A-ACY1@400	0	1000	0.0		/home/miguel/IBE-UPF/TFM/Master_projects/PhyloPhere/Data/6.CAAS_traitfiles/Ranked/df4_sp.tab
ABHD14A-ACY1@404	8	1000	0.008	b_71,b_670,b_578,b_475,b_43,b_574,b_941,b_780	/home/miguel/IBE-UPF/TFM/Master_projects/PhyloPhere/Data/6.CAAS_traitfiles/Ranked/df4_sp.tab
ABHD14A-ACY1@408	0	1000	0.0		/home/miguel/IBE-UPF/TFM/Master_projects/PhyloPhere/Data/6.CAAS_traitfiles/Ranked/df4_sp.tab
ABHD14A-ACY1@412	2	1000	0.002	b_536,b_118	/home/miguel/IBE-UPF/TFM/Master_projects/PhyloPhere/Data/6.CAAS_traitfiles/Ranked/df4_sp.tab
ABHD14A-ACY1@413	0	1000	0.0		/home/miguel/IBE-UPF/TFM/Master_projects/PhyloPhere/Data/6.CAAS_traitfiles/Ranked/df4_sp.tab
ABHD14A-ACY1@414	13	1000	0.013	b_647,b_71,b_670,b_414,b_545,b_217,b_578,b_475,b_43,b_885,b_574,b_941,b_780	/home/miguel/IBE-UPF/TFM/Master_projects/PhyloPhere/Data/6.CAAS_traitfiles/Ranked/df4_sp.tab
ABHD14A-ACY1@416	0	1000	0.0		/home/miguel/IBE-UPF/TFM/Master_projects/PhyloPhere/Data/6.CAAS_traitfiles/Ranked/df4_sp.tab
ABHD14A-ACY1@417	10	1000	0.01	b_919,b_577,b_605,b_65,b_812,b_699,b_538,b_807,b_334,b_875	/home/miguel/IBE-UPF/TFM/Master_projects/PhyloPhere/Data/6.CAAS_traitfiles/Ranked/df4_sp.tab
ABHD14A-ACY1@418	0	1000	0.0		/home/miguel/IBE-UPF/TFM/Master_projects/PhyloPhere/Data/6.CAAS_traitfiles/Ranked/df4_sp.tab
ABHD14A-ACY1@420	18	1000	0.018	b_890,b_894,b_992,b_415,b_767,b_697,b_796,b_208,b_556,b_806,b_172,b_710,b_861,b_110,b_366,b_718,b_147,b_104	/home/miguel/IBE-UPF/TFM/Master_projects/PhyloPhere/Data/6.CAAS_traitfiles/Ranked/df4_sp.tab
ABHD14A-ACY1@421	0	1000	0.0		/home/miguel/IBE-UPF/TFM/Master_projects/PhyloPhere/Data/6.CAAS_traitfiles/Ranked/df4_sp.tab
ABHD14A-ACY1@423	11	1000	0.011	b_647,b_71,b_670,b_414,b_545,b_578,b_475,b_43,b_574,b_941,b_780	/home/miguel/IBE-UPF/TFM/Master_projects/PhyloPhere/Data/6.CAAS_traitfiles/Ranked/df4_sp.tab
ABHD14A-ACY1@426	59	1000	0.059	b_462,b_45,b_361,b_890,b_694,b_510,b_894,b_751,b_992,b_430,b_517,b_976,b_415,b_647,b_577,b_605,b_341,b_396,b_891,b_274,b_29,b_417,b_697,b_202,b_926,b_796,b_688,b_812,b_806,b_949,b_284,b_475,b_273,b_526,b_51,b_115,b_710,b_861,b_110,b_312,b_366,b_574,b_40,b_147,b_77,b_129,b_86,b_94,b_151,b_734,b_78,b_250,b_538,b_317,b_454,b_246,b_700,b_628,b_841	/home/miguel/IBE-UPF/TFM/Master_projects/PhyloPhere/Data/6.CAAS_traitfiles/Ranked/df4_sp.tab
ABHD14A-ACY1@427	0	1000	0.0		/home/miguel/IBE-UPF/TFM/Master_projects/PhyloPhere/Data/6.CAAS_traitfiles/Ranked/df4_sp.tab
ABHD14A-ACY1@429	11	1000	0.011	b_647,b_71,b_670,b_414,b_545,b_578,b_475,b_43,b_574,b_941,b_780	/home/miguel/IBE-UPF/TFM/Master_projects/PhyloPhere/Data/6.CAAS_traitfiles/Ranked/df4_sp.tab
ABHD14A-ACY1@432	1	1000	0.001	b_422	/home/miguel/IBE-UPF/TFM/Master_projects/PhyloPhere/Data/6.CAAS_traitfiles/Ranked/df4_sp.tab
ABHD14A-ACY1@434	4	1000	0.004	b_992,b_796,b_556,b_806	/home/miguel/IBE-UPF/TFM/Master_projects/PhyloPhere/Data/6.CAAS_traitfiles/Ranked/df4_sp.tab
ABHD14A-ACY1@435	48	1000	0.048	b_462,b_45,b_361,b_890,b_694,b_510,b_894,b_751,b_992,b_976,b_415,b_396,b_891,b_274,b_29,b_697,b_202,b_926,b_796,b_688,b_806,b_949,b_284,b_475,b_273,b_526,b_51,b_115,b_710,b_861,b_110,b_312,b_366,b_574,b_40,b_147,b_77,b_129,b_86,b_94,b_151,b_734,b_78,b_250,b_317,b_700,b_628,b_841	/home/miguel/IBE-UPF/TFM/Master_projects/PhyloPhere/Data/6.CAAS_traitfiles/Ranked/df4_sp.tab
ABHD14A-ACY1@438	0	1000	0.0		/home/miguel/IBE-UPF/TFM/Master_projects/PhyloPhere/Data/6.CAAS_traitfiles/Ranked/df4_sp.tab
ABHD14A-ACY1@440	0	1000	0.0		/home/miguel/IBE-UPF/TFM/Master_projects/PhyloPhere/Data/6.CAAS_traitfiles/Ranked/df4_sp.tab
ABHD14A-ACY1@448	18	1000	0.018	b_890,b_894,b_992,b_415,b_767,b_697,b_796,b_208,b_556,b_806,b_172,b_710,b_861,b_110,b_366,b_718,b_147,b_104	/home/miguel/IBE-UPF/TFM/Master_projects/PhyloPhere/Data/6.CAAS_traitfiles/Ranked/df4_sp.tab
ABHD14A-ACY1@450	0	1000	0.0		/home/miguel/IBE-UPF/TFM/Master_projects/PhyloPhere/Data/6.CAAS_traitfiles/Ranked/df4_sp.tab
ABHD14A-ACY1@471	11	1000	0.011	b_647,b_71,b_670,b_414,b_545,b_578,b_475,b_43,b_574,b_941,b_780	/home/miguel/IBE-UPF/TFM/Master_projects/PhyloPhere/Data/6.CAAS_traitfiles/Ranked/df4_sp.tab
ABHD14A-ACY1@475	0	1000	0.0		/home/miguel/IBE-UPF/TFM/Master_projects/PhyloPhere/Data/6.CAAS_traitfiles/Ranked/df4_sp.tab
ABHD14A-ACY1@476	46	1000	0.046	b_462,b_361,b_890,b_510,b_648,b_490,b_599,b_22,b_238,b_415,b_605,b_255,b_891,b_65,b_274,b_29,b_503,b_837,b_414,b_202,b_926,b_545,b_806,b_141,b_475,b_273,b_222,b_526,b_115,b_43,b_209,b_695,b_110,b_50,b_574,b_698,b_40,b_129,b_94,b_311,b_250,b_317,b_807,b_480,b_19,b_489	/home/miguel/IBE-UPF/TFM/Master_projects/PhyloPhere/Data/6.CAAS_traitfiles/Ranked/df4_sp.tab
ABHD14A-ACY1@486	0	1000	0.0		/home/miguel/IBE-UPF/TFM/Master_projects/PhyloPhere/Data/6.CAAS_traitfiles/Ranked/df4_sp.tab
ABHD14A-ACY1@489	0	1000	0.0		/home/miguel/IBE-UPF/TFM/Master_projects/PhyloPhere/Data/6.CAAS_traitfiles/Ranked/df4_sp.tab
ABHD14A-ACY1@490	22	1000	0.022	b_113,b_878,b_809,b_663,b_533,b_670,b_719,b_414,b_392,b_363,b_184,b_997,b_948,b_244,b_903,b_367,b_75,b_807,b_251,b_780,b_876,b_264	/home/miguel/IBE-UPF/TFM/Master_projects/PhyloPhere/Data/6.CAAS_traitfiles/Ranked/df4_sp.tab
ABHD14A-ACY1@491	0	1000	0.0		/home/miguel/IBE-UPF/TFM/Master_projects/PhyloPhere/Data/6.CAAS_traitfiles/Ranked/df4_sp.tab
