ABL1@16	0	1000	0.0		/home/miguel/IBE-UPF/TFM/Master_projects/PhyloPhere/Data/6.CAAS_traitfiles/Ranked/df4_sp.tab
ABL1@93	0	1000	0.0		/home/miguel/IBE-UPF/TFM/Master_projects/PhyloPhere/Data/6.CAAS_traitfiles/Ranked/df4_sp.tab
ABL1@248	0	1000	0.0		/home/miguel/IBE-UPF/TFM/Master_projects/PhyloPhere/Data/6.CAAS_traitfiles/Ranked/df4_sp.tab
ABL1@249	0	1000	0.0		/home/miguel/IBE-UPF/TFM/Master_projects/PhyloPhere/Data/6.CAAS_traitfiles/Ranked/df4_sp.tab
ABL1@250	0	1000	0.0		/home/miguel/IBE-UPF/TFM/Master_projects/PhyloPhere/Data/6.CAAS_traitfiles/Ranked/df4_sp.tab
ABL1@251	0	1000	0.0		/home/miguel/IBE-UPF/TFM/Master_projects/PhyloPhere/Data/6.CAAS_traitfiles/Ranked/df4_sp.tab
ABL1@252	0	1000	0.0		/home/miguel/IBE-UPF/TFM/Master_projects/PhyloPhere/Data/6.CAAS_traitfiles/Ranked/df4_sp.tab
ABL1@253	0	1000	0.0		/home/miguel/IBE-UPF/TFM/Master_projects/PhyloPhere/Data/6.CAAS_traitfiles/Ranked/df4_sp.tab
ABL1@254	0	1000	0.0		/home/miguel/IBE-UPF/TFM/Master_projects/PhyloPhere/Data/6.CAAS_traitfiles/Ranked/df4_sp.tab
ABL1@257	0	1000	0.0		/home/miguel/IBE-UPF/TFM/Master_projects/PhyloPhere/Data/6.CAAS_traitfiles/Ranked/df4_sp.tab
ABL1@258	0	1000	0.0		/home/miguel/IBE-UPF/TFM/Master_projects/PhyloPhere/Data/6.CAAS_traitfiles/Ranked/df4_sp.tab
ABL1@259	0	1000	0.0		/home/miguel/IBE-UPF/TFM/Master_projects/PhyloPhere/Data/6.CAAS_traitfiles/Ranked/df4_sp.tab
ABL1@260	0	1000	0.0		/home/miguel/IBE-UPF/TFM/Master_projects/PhyloPhere/Data/6.CAAS_traitfiles/Ranked/df4_sp.tab
ABL1@261	0	1000	0.0		/home/miguel/IBE-UPF/TFM/Master_projects/PhyloPhere/Data/6.CAAS_traitfiles/Ranked/df4_sp.tab
ABL1@263	0	1000	0.0		/home/miguel/IBE-UPF/TFM/Master_projects/PhyloPhere/Data/6.CAAS_traitfiles/Ranked/df4_sp.tab
ABL1@264	0	1000	0.0		/home/miguel/IBE-UPF/TFM/Master_projects/PhyloPhere/Data/6.CAAS_traitfiles/Ranked/df4_sp.tab
ABL1@265	0	1000	0.0		/home/miguel/IBE-UPF/TFM/Master_projects/PhyloPhere/Data/6.CAAS_traitfiles/Ranked/df4_sp.tab
ABL1@266	0	1000	0.0		/home/miguel/IBE-UPF/TFM/Master_projects/PhyloPhere/Data/6.CAAS_traitfiles/Ranked/df4_sp.tab
ABL1@267	0	1000	0.0		/home/miguel/IBE-UPF/TFM/Master_projects/PhyloPhere/Data/6.CAAS_traitfiles/Ranked/df4_sp.tab
ABL1@270	0	1000	0.0		/home/miguel/IBE-UPF/TFM/Master_projects/PhyloPhere/Data/6.CAAS_traitfiles/Ranked/df4_sp.tab
ABL1@271	0	1000	0.0		/home/miguel/IBE-UPF/TFM/Master_projects/PhyloPhere/Data/6.CAAS_traitfiles/Ranked/df4_sp.tab
ABL1@273	0	1000	0.0		/home/miguel/IBE-UPF/TFM/Master_projects/PhyloPhere/Data/6.CAAS_traitfiles/Ranked/df4_sp.tab
ABL1@275	0	1000	0.0		/home/miguel/IBE-UPF/TFM/Master_projects/PhyloPhere/Data/6.CAAS_traitfiles/Ranked/df4_sp.tab
ABL1@304	0	1000	0.0		/home/miguel/IBE-UPF/TFM/Master_projects/PhyloPhere/Data/6.CAAS_traitfiles/Ranked/df4_sp.tab
ABL1@453	0	1000	0.0		/home/miguel/IBE-UPF/TFM/Master_projects/PhyloPhere/Data/6.CAAS_traitfiles/Ranked/df4_sp.tab
ABL1@488	30	1000	0.03	b_556,b_718,b_890,b_366,b_651,b_167,b_899,b_697,b_110,b_806,b_443,b_978,b_243,b_992,b_908,b_894,b_767,b_541,b_549,b_790,b_172,b_208,b_765,b_861,b_815,b_104,b_333,b_306,b_139,b_608	/home/miguel/IBE-UPF/TFM/Master_projects/PhyloPhere/Data/6.CAAS_traitfiles/Ranked/df4_sp.tab
ABL1@492	69	1000	0.069	b_725,b_688,b_345,b_914,b_640,b_577,b_67,b_621,b_880,b_52,b_787,b_145,b_768,b_490,b_65,b_993,b_807,b_135,b_426,b_515,b_322,b_110,b_380,b_935,b_908,b_44,b_894,b_265,b_361,b_873,b_334,b_785,b_841,b_605,b_719,b_800,b_133,b_185,b_917,b_554,b_804,b_549,b_244,b_97,b_165,b_442,b_2,b_458,b_900,b_589,b_826,b_667,b_392,b_636,b_222,b_86,b_373,b_743,b_363,b_376,b_28,b_870,b_771,b_663,b_700,b_139,b_1000,b_147,b_883	/home/miguel/IBE-UPF/TFM/Master_projects/PhyloPhere/Data/6.CAAS_traitfiles/Ranked/df4_sp.tab
ABL1@494	0	1000	0.0		/home/miguel/IBE-UPF/TFM/Master_projects/PhyloPhere/Data/6.CAAS_traitfiles/Ranked/df4_sp.tab
ABL1@514	0	1000	0.0		/home/miguel/IBE-UPF/TFM/Master_projects/PhyloPhere/Data/6.CAAS_traitfiles/Ranked/df4_sp.tab
ABL1@515	22	1000	0.022	b_962,b_703,b_666,b_574,b_123,b_941,b_71,b_351,b_444,b_475,b_578,b_85,b_43,b_448,b_670,b_254,b_188,b_647,b_780,b_609,b_545,b_414	/home/miguel/IBE-UPF/TFM/Master_projects/PhyloPhere/Data/6.CAAS_traitfiles/Ranked/df4_sp.tab
ABL1@517	0	1000	0.0		/home/miguel/IBE-UPF/TFM/Master_projects/PhyloPhere/Data/6.CAAS_traitfiles/Ranked/df4_sp.tab
ABL1@518	43	1000	0.043	b_810,b_453,b_34,b_577,b_962,b_633,b_880,b_335,b_993,b_135,b_367,b_481,b_935,b_948,b_265,b_38,b_719,b_605,b_903,b_989,b_665,b_240,b_244,b_735,b_165,b_680,b_385,b_589,b_636,b_970,b_86,b_373,b_780,b_743,b_363,b_7,b_376,b_21,b_663,b_485,b_812,b_997,b_484	/home/miguel/IBE-UPF/TFM/Master_projects/PhyloPhere/Data/6.CAAS_traitfiles/Ranked/df4_sp.tab
ABL1@520	2	1000	0.002	b_110,b_439	/home/miguel/IBE-UPF/TFM/Master_projects/PhyloPhere/Data/6.CAAS_traitfiles/Ranked/df4_sp.tab
ABL1@523	72	1000	0.072	b_688,b_84,b_628,b_52,b_703,b_787,b_526,b_29,b_78,b_129,b_396,b_993,b_167,b_574,b_515,b_796,b_926,b_941,b_694,b_243,b_615,b_421,b_71,b_908,b_44,b_95,b_894,b_475,b_578,b_430,b_891,b_77,b_903,b_136,b_665,b_917,b_284,b_549,b_97,b_94,b_699,b_734,b_670,b_954,b_45,b_645,b_667,b_861,b_751,b_86,b_273,b_530,b_451,b_373,b_115,b_780,b_151,b_949,b_976,b_250,b_376,b_919,b_415,b_562,b_739,b_700,b_40,b_710,b_139,b_147,b_312,b_883	/home/miguel/IBE-UPF/TFM/Master_projects/PhyloPhere/Data/6.CAAS_traitfiles/Ranked/df4_sp.tab
ABL1@524	0	1000	0.0		/home/miguel/IBE-UPF/TFM/Master_projects/PhyloPhere/Data/6.CAAS_traitfiles/Ranked/df4_sp.tab
ABL1@526	1	1000	0.001	b_609	/home/miguel/IBE-UPF/TFM/Master_projects/PhyloPhere/Data/6.CAAS_traitfiles/Ranked/df4_sp.tab
ABL1@528	0	1000	0.0		/home/miguel/IBE-UPF/TFM/Master_projects/PhyloPhere/Data/6.CAAS_traitfiles/Ranked/df4_sp.tab
ABL1@532	0	1000	0.0		/home/miguel/IBE-UPF/TFM/Master_projects/PhyloPhere/Data/6.CAAS_traitfiles/Ranked/df4_sp.tab
ABL1@533	0	1000	0.0		/home/miguel/IBE-UPF/TFM/Master_projects/PhyloPhere/Data/6.CAAS_traitfiles/Ranked/df4_sp.tab
ABL1@535	0	1000	0.0		/home/miguel/IBE-UPF/TFM/Master_projects/PhyloPhere/Data/6.CAAS_traitfiles/Ranked/df4_sp.tab
ABL1@537	0	1000	0.0		/home/miguel/IBE-UPF/TFM/Master_projects/PhyloPhere/Data/6.CAAS_traitfiles/Ranked/df4_sp.tab
ABL1@539	64	1000	0.064	b_725,b_810,b_453,b_34,b_577,b_67,b_962,b_633,b_880,b_335,b_65,b_993,b_807,b_135,b_140,b_325,b_367,b_932,b_481,b_935,b_913,b_353,b_875,b_948,b_265,b_38,b_334,b_841,b_719,b_605,b_903,b_989,b_665,b_388,b_240,b_244,b_735,b_217,b_699,b_165,b_610,b_10,b_680,b_385,b_844,b_589,b_392,b_636,b_970,b_86,b_451,b_373,b_780,b_743,b_363,b_7,b_376,b_919,b_21,b_663,b_485,b_812,b_997,b_484	/home/miguel/IBE-UPF/TFM/Master_projects/PhyloPhere/Data/6.CAAS_traitfiles/Ranked/df4_sp.tab
ABL1@540	0	1000	0.0		/home/miguel/IBE-UPF/TFM/Master_projects/PhyloPhere/Data/6.CAAS_traitfiles/Ranked/df4_sp.tab
ABL1@551	0	1000	0.0		/home/miguel/IBE-UPF/TFM/Master_projects/PhyloPhere/Data/6.CAAS_traitfiles/Ranked/df4_sp.tab
ABL1@552	0	1000	0.0		/home/miguel/IBE-UPF/TFM/Master_projects/PhyloPhere/Data/6.CAAS_traitfiles/Ranked/df4_sp.tab
ABL1@553	25	1000	0.025	b_556,b_718,b_890,b_366,b_167,b_796,b_697,b_110,b_806,b_243,b_992,b_908,b_894,b_767,b_549,b_790,b_172,b_208,b_861,b_104,b_415,b_710,b_139,b_608,b_147	/home/miguel/IBE-UPF/TFM/Master_projects/PhyloPhere/Data/6.CAAS_traitfiles/Ranked/df4_sp.tab
ABL1@554	22	1000	0.022	b_962,b_703,b_666,b_574,b_123,b_941,b_71,b_351,b_444,b_475,b_578,b_85,b_43,b_448,b_670,b_254,b_188,b_647,b_780,b_609,b_545,b_414	/home/miguel/IBE-UPF/TFM/Master_projects/PhyloPhere/Data/6.CAAS_traitfiles/Ranked/df4_sp.tab
ABL1@556	0	1000	0.0		/home/miguel/IBE-UPF/TFM/Master_projects/PhyloPhere/Data/6.CAAS_traitfiles/Ranked/df4_sp.tab
ABL1@586	0	1000	0.0		/home/miguel/IBE-UPF/TFM/Master_projects/PhyloPhere/Data/6.CAAS_traitfiles/Ranked/df4_sp.tab
ABL1@600	0	1000	0.0		/home/miguel/IBE-UPF/TFM/Master_projects/PhyloPhere/Data/6.CAAS_traitfiles/Ranked/df4_sp.tab
ABL1@601	0	1000	0.0		/home/miguel/IBE-UPF/TFM/Master_projects/PhyloPhere/Data/6.CAAS_traitfiles/Ranked/df4_sp.tab
ABL1@605	0	1000	0.0		/home/miguel/IBE-UPF/TFM/Master_projects/PhyloPhere/Data/6.CAAS_traitfiles/Ranked/df4_sp.tab
ABL1@607	1	1000	0.001	b_134	/home/miguel/IBE-UPF/TFM/Master_projects/PhyloPhere/Data/6.CAAS_traitfiles/Ranked/df4_sp.tab
ABL1@608	0	1000	0.0		/home/miguel/IBE-UPF/TFM/Master_projects/PhyloPhere/Data/6.CAAS_traitfiles/Ranked/df4_sp.tab
ABL1@609	0	1000	0.0		/home/miguel/IBE-UPF/TFM/Master_projects/PhyloPhere/Data/6.CAAS_traitfiles/Ranked/df4_sp.tab
ABL1@611	0	1000	0.0		/home/miguel/IBE-UPF/TFM/Master_projects/PhyloPhere/Data/6.CAAS_traitfiles/Ranked/df4_sp.tab
ABL1@613	0	1000	0.0		/home/miguel/IBE-UPF/TFM/Master_projects/PhyloPhere/Data/6.CAAS_traitfiles/Ranked/df4_sp.tab
ABL1@614	0	1000	0.0		/home/miguel/IBE-UPF/TFM/Master_projects/PhyloPhere/Data/6.CAAS_traitfiles/Ranked/df4_sp.tab
ABL1@620	22	1000	0.022	b_962,b_703,b_666,b_574,b_123,b_941,b_71,b_351,b_444,b_475,b_578,b_85,b_43,b_448,b_670,b_254,b_188,b_647,b_780,b_609,b_545,b_414	/home/miguel/IBE-UPF/TFM/Master_projects/PhyloPhere/Data/6.CAAS_traitfiles/Ranked/df4_sp.tab
ABL1@621	29	1000	0.029	b_962,b_262,b_651,b_112,b_941,b_429,b_71,b_809,b_182,b_226,b_38,b_197,b_782,b_251,b_244,b_184,b_447,b_822,b_670,b_171,b_411,b_738,b_392,b_882,b_780,b_609,b_876,b_533,b_414	/home/miguel/IBE-UPF/TFM/Master_projects/PhyloPhere/Data/6.CAAS_traitfiles/Ranked/df4_sp.tab
ABL1@626	22	1000	0.022	b_962,b_703,b_666,b_574,b_123,b_941,b_71,b_351,b_444,b_475,b_578,b_85,b_43,b_448,b_670,b_254,b_188,b_647,b_780,b_609,b_545,b_414	/home/miguel/IBE-UPF/TFM/Master_projects/PhyloPhere/Data/6.CAAS_traitfiles/Ranked/df4_sp.tab
ABL1@628	28	1000	0.028	b_962,b_651,b_112,b_123,b_941,b_12,b_71,b_182,b_444,b_85,b_43,b_251,b_447,b_822,b_542,b_448,b_583,b_670,b_171,b_738,b_693,b_956,b_188,b_647,b_780,b_609,b_395,b_414	/home/miguel/IBE-UPF/TFM/Master_projects/PhyloPhere/Data/6.CAAS_traitfiles/Ranked/df4_sp.tab
ABL1@629	0	1000	0.0		/home/miguel/IBE-UPF/TFM/Master_projects/PhyloPhere/Data/6.CAAS_traitfiles/Ranked/df4_sp.tab
ABL1@633	0	1000	0.0		/home/miguel/IBE-UPF/TFM/Master_projects/PhyloPhere/Data/6.CAAS_traitfiles/Ranked/df4_sp.tab
ABL1@636	0	1000	0.0		/home/miguel/IBE-UPF/TFM/Master_projects/PhyloPhere/Data/6.CAAS_traitfiles/Ranked/df4_sp.tab
ABL1@639	0	1000	0.0		/home/miguel/IBE-UPF/TFM/Master_projects/PhyloPhere/Data/6.CAAS_traitfiles/Ranked/df4_sp.tab
ABL1@640	0	1000	0.0		/home/miguel/IBE-UPF/TFM/Master_projects/PhyloPhere/Data/6.CAAS_traitfiles/Ranked/df4_sp.tab
ABL1@651	0	1000	0.0		/home/miguel/IBE-UPF/TFM/Master_projects/PhyloPhere/Data/6.CAAS_traitfiles/Ranked/df4_sp.tab
ABL1@652	22	1000	0.022	b_962,b_703,b_666,b_574,b_123,b_941,b_71,b_351,b_444,b_475,b_578,b_85,b_43,b_448,b_670,b_254,b_188,b_647,b_780,b_609,b_545,b_414	/home/miguel/IBE-UPF/TFM/Master_projects/PhyloPhere/Data/6.CAAS_traitfiles/Ranked/df4_sp.tab
ABL1@668	0	1000	0.0		/home/miguel/IBE-UPF/TFM/Master_projects/PhyloPhere/Data/6.CAAS_traitfiles/Ranked/df4_sp.tab
ABL1@671	0	1000	0.0		/home/miguel/IBE-UPF/TFM/Master_projects/PhyloPhere/Data/6.CAAS_traitfiles/Ranked/df4_sp.tab
ABL1@673	32	1000	0.032	b_404,b_703,b_666,b_167,b_574,b_123,b_941,b_978,b_71,b_351,b_95,b_475,b_85,b_991,b_43,b_886,b_500,b_896,b_670,b_452,b_468,b_861,b_254,b_188,b_592,b_647,b_333,b_609,b_517,b_545,b_811,b_414	/home/miguel/IBE-UPF/TFM/Master_projects/PhyloPhere/Data/6.CAAS_traitfiles/Ranked/df4_sp.tab
ABL1@677	0	1000	0.0		/home/miguel/IBE-UPF/TFM/Master_projects/PhyloPhere/Data/6.CAAS_traitfiles/Ranked/df4_sp.tab
ABL1@678	0	1000	0.0		/home/miguel/IBE-UPF/TFM/Master_projects/PhyloPhere/Data/6.CAAS_traitfiles/Ranked/df4_sp.tab
ABL1@679	0	1000	0.0		/home/miguel/IBE-UPF/TFM/Master_projects/PhyloPhere/Data/6.CAAS_traitfiles/Ranked/df4_sp.tab
ABL1@680	43	1000	0.043	b_914,b_438,b_67,b_88,b_880,b_335,b_145,b_958,b_768,b_490,b_65,b_807,b_110,b_325,b_932,b_935,b_353,b_163,b_154,b_894,b_265,b_841,b_605,b_989,b_59,b_459,b_209,b_240,b_804,b_610,b_442,b_319,b_900,b_826,b_446,b_24,b_970,b_222,b_86,b_186,b_771,b_304,b_700	/home/miguel/IBE-UPF/TFM/Master_projects/PhyloPhere/Data/6.CAAS_traitfiles/Ranked/df4_sp.tab
ABL1@681	4	1000	0.004	b_941,b_71,b_475,b_414	/home/miguel/IBE-UPF/TFM/Master_projects/PhyloPhere/Data/6.CAAS_traitfiles/Ranked/df4_sp.tab
ABL1@695	0	1000	0.0		/home/miguel/IBE-UPF/TFM/Master_projects/PhyloPhere/Data/6.CAAS_traitfiles/Ranked/df4_sp.tab
ABL1@716	0	1000	0.0		/home/miguel/IBE-UPF/TFM/Master_projects/PhyloPhere/Data/6.CAAS_traitfiles/Ranked/df4_sp.tab
ABL1@729	0	1000	0.0		/home/miguel/IBE-UPF/TFM/Master_projects/PhyloPhere/Data/6.CAAS_traitfiles/Ranked/df4_sp.tab
ABL1@741	1	1000	0.001	b_609	/home/miguel/IBE-UPF/TFM/Master_projects/PhyloPhere/Data/6.CAAS_traitfiles/Ranked/df4_sp.tab
ABL1@743	0	1000	0.0		/home/miguel/IBE-UPF/TFM/Master_projects/PhyloPhere/Data/6.CAAS_traitfiles/Ranked/df4_sp.tab
ABL1@745	0	1000	0.0		/home/miguel/IBE-UPF/TFM/Master_projects/PhyloPhere/Data/6.CAAS_traitfiles/Ranked/df4_sp.tab
ABL1@746	25	1000	0.025	b_556,b_718,b_890,b_366,b_167,b_796,b_697,b_110,b_806,b_243,b_992,b_908,b_894,b_767,b_549,b_790,b_172,b_208,b_861,b_104,b_415,b_710,b_139,b_608,b_147	/home/miguel/IBE-UPF/TFM/Master_projects/PhyloPhere/Data/6.CAAS_traitfiles/Ranked/df4_sp.tab
ABL1@757	0	1000	0.0		/home/miguel/IBE-UPF/TFM/Master_projects/PhyloPhere/Data/6.CAAS_traitfiles/Ranked/df4_sp.tab
ABL1@759	0	1000	0.0		/home/miguel/IBE-UPF/TFM/Master_projects/PhyloPhere/Data/6.CAAS_traitfiles/Ranked/df4_sp.tab
ABL1@760	0	1000	0.0		/home/miguel/IBE-UPF/TFM/Master_projects/PhyloPhere/Data/6.CAAS_traitfiles/Ranked/df4_sp.tab
ABL1@769	0	1000	0.0		/home/miguel/IBE-UPF/TFM/Master_projects/PhyloPhere/Data/6.CAAS_traitfiles/Ranked/df4_sp.tab
ABL1@771	22	1000	0.022	b_962,b_703,b_666,b_574,b_123,b_941,b_71,b_351,b_444,b_475,b_578,b_85,b_43,b_448,b_670,b_254,b_188,b_647,b_780,b_609,b_545,b_414	/home/miguel/IBE-UPF/TFM/Master_projects/PhyloPhere/Data/6.CAAS_traitfiles/Ranked/df4_sp.tab
ABL1@772	0	1000	0.0		/home/miguel/IBE-UPF/TFM/Master_projects/PhyloPhere/Data/6.CAAS_traitfiles/Ranked/df4_sp.tab
ABL1@774	0	1000	0.0		/home/miguel/IBE-UPF/TFM/Master_projects/PhyloPhere/Data/6.CAAS_traitfiles/Ranked/df4_sp.tab
ABL1@782	68	1000	0.068	b_688,b_317,b_628,b_52,b_703,b_787,b_526,b_29,b_890,b_366,b_78,b_129,b_396,b_167,b_574,b_515,b_796,b_510,b_82,b_926,b_697,b_110,b_806,b_51,b_694,b_243,b_615,b_992,b_908,b_95,b_894,b_475,b_361,b_891,b_841,b_77,b_136,b_917,b_284,b_549,b_790,b_97,b_94,b_734,b_45,b_645,b_667,b_861,b_751,b_86,b_273,b_115,b_151,b_949,b_976,b_462,b_250,b_415,b_700,b_202,b_40,b_710,b_139,b_47,b_274,b_147,b_312,b_883	/home/miguel/IBE-UPF/TFM/Master_projects/PhyloPhere/Data/6.CAAS_traitfiles/Ranked/df4_sp.tab
ABL1@786	0	1000	0.0		/home/miguel/IBE-UPF/TFM/Master_projects/PhyloPhere/Data/6.CAAS_traitfiles/Ranked/df4_sp.tab
ABL1@787	39	1000	0.039	b_914,b_438,b_67,b_88,b_335,b_145,b_958,b_768,b_490,b_65,b_807,b_110,b_325,b_932,b_935,b_353,b_163,b_154,b_894,b_265,b_841,b_59,b_459,b_240,b_804,b_610,b_442,b_319,b_900,b_826,b_446,b_24,b_970,b_222,b_86,b_186,b_771,b_304,b_700	/home/miguel/IBE-UPF/TFM/Master_projects/PhyloPhere/Data/6.CAAS_traitfiles/Ranked/df4_sp.tab
ABL1@791	0	1000	0.0		/home/miguel/IBE-UPF/TFM/Master_projects/PhyloPhere/Data/6.CAAS_traitfiles/Ranked/df4_sp.tab
ABL1@792	64	1000	0.064	b_725,b_810,b_453,b_34,b_577,b_67,b_962,b_633,b_880,b_335,b_65,b_993,b_807,b_135,b_140,b_325,b_367,b_932,b_481,b_935,b_913,b_353,b_875,b_948,b_265,b_38,b_334,b_841,b_719,b_605,b_903,b_989,b_665,b_388,b_240,b_244,b_735,b_217,b_699,b_165,b_610,b_10,b_680,b_385,b_844,b_589,b_392,b_636,b_970,b_86,b_451,b_373,b_780,b_743,b_363,b_7,b_376,b_919,b_21,b_663,b_485,b_812,b_997,b_484	/home/miguel/IBE-UPF/TFM/Master_projects/PhyloPhere/Data/6.CAAS_traitfiles/Ranked/df4_sp.tab
ABL1@793	3	1000	0.003	b_866,b_845,b_409	/home/miguel/IBE-UPF/TFM/Master_projects/PhyloPhere/Data/6.CAAS_traitfiles/Ranked/df4_sp.tab
ABL1@794	33	1000	0.033	b_962,b_113,b_411,b_262,b_651,b_807,b_112,b_144,b_941,b_429,b_71,b_809,b_182,b_226,b_38,b_197,b_500,b_782,b_251,b_244,b_184,b_447,b_822,b_670,b_171,b_738,b_392,b_882,b_780,b_609,b_876,b_533,b_414	/home/miguel/IBE-UPF/TFM/Master_projects/PhyloPhere/Data/6.CAAS_traitfiles/Ranked/df4_sp.tab
ABL1@795	0	1000	0.0		/home/miguel/IBE-UPF/TFM/Master_projects/PhyloPhere/Data/6.CAAS_traitfiles/Ranked/df4_sp.tab
ABL1@797	22	1000	0.022	b_962,b_703,b_666,b_574,b_123,b_941,b_71,b_351,b_444,b_475,b_578,b_85,b_43,b_448,b_670,b_254,b_188,b_647,b_780,b_609,b_545,b_414	/home/miguel/IBE-UPF/TFM/Master_projects/PhyloPhere/Data/6.CAAS_traitfiles/Ranked/df4_sp.tab
ABL1@800	0	1000	0.0		/home/miguel/IBE-UPF/TFM/Master_projects/PhyloPhere/Data/6.CAAS_traitfiles/Ranked/df4_sp.tab
ABL1@801	0	1000	0.0		/home/miguel/IBE-UPF/TFM/Master_projects/PhyloPhere/Data/6.CAAS_traitfiles/Ranked/df4_sp.tab
ABL1@802	1	1000	0.001	b_978	/home/miguel/IBE-UPF/TFM/Master_projects/PhyloPhere/Data/6.CAAS_traitfiles/Ranked/df4_sp.tab
ABL1@805	0	1000	0.0		/home/miguel/IBE-UPF/TFM/Master_projects/PhyloPhere/Data/6.CAAS_traitfiles/Ranked/df4_sp.tab
ABL1@806	4	1000	0.004	b_123,b_351,b_85,b_448	/home/miguel/IBE-UPF/TFM/Master_projects/PhyloPhere/Data/6.CAAS_traitfiles/Ranked/df4_sp.tab
ABL1@810	0	1000	0.0		/home/miguel/IBE-UPF/TFM/Master_projects/PhyloPhere/Data/6.CAAS_traitfiles/Ranked/df4_sp.tab
ABL1@811	0	1000	0.0		/home/miguel/IBE-UPF/TFM/Master_projects/PhyloPhere/Data/6.CAAS_traitfiles/Ranked/df4_sp.tab
ABL1@812	0	1000	0.0		/home/miguel/IBE-UPF/TFM/Master_projects/PhyloPhere/Data/6.CAAS_traitfiles/Ranked/df4_sp.tab
ABL1@814	0	1000	0.0		/home/miguel/IBE-UPF/TFM/Master_projects/PhyloPhere/Data/6.CAAS_traitfiles/Ranked/df4_sp.tab
ABL1@815	0	1000	0.0		/home/miguel/IBE-UPF/TFM/Master_projects/PhyloPhere/Data/6.CAAS_traitfiles/Ranked/df4_sp.tab
ABL1@816	25	1000	0.025	b_962,b_703,b_666,b_574,b_123,b_140,b_941,b_71,b_351,b_444,b_475,b_968,b_578,b_85,b_43,b_582,b_259,b_448,b_670,b_451,b_373,b_647,b_780,b_236,b_609	/home/miguel/IBE-UPF/TFM/Master_projects/PhyloPhere/Data/6.CAAS_traitfiles/Ranked/df4_sp.tab
ABL1@817	56	1000	0.056	b_725,b_810,b_453,b_34,b_67,b_962,b_633,b_880,b_335,b_65,b_993,b_807,b_135,b_367,b_932,b_481,b_935,b_421,b_913,b_353,b_875,b_38,b_334,b_841,b_719,b_605,b_903,b_989,b_665,b_388,b_625,b_284,b_240,b_244,b_735,b_699,b_165,b_610,b_10,b_385,b_844,b_392,b_636,b_970,b_86,b_451,b_373,b_780,b_363,b_7,b_376,b_919,b_21,b_562,b_485,b_484	/home/miguel/IBE-UPF/TFM/Master_projects/PhyloPhere/Data/6.CAAS_traitfiles/Ranked/df4_sp.tab
ABL1@821	0	1000	0.0		/home/miguel/IBE-UPF/TFM/Master_projects/PhyloPhere/Data/6.CAAS_traitfiles/Ranked/df4_sp.tab
ABL1@822	75	1000	0.075	b_688,b_317,b_628,b_52,b_703,b_787,b_526,b_29,b_890,b_366,b_36,b_78,b_129,b_396,b_167,b_574,b_515,b_796,b_510,b_677,b_82,b_926,b_697,b_110,b_806,b_51,b_694,b_243,b_615,b_992,b_908,b_95,b_894,b_475,b_361,b_891,b_841,b_668,b_77,b_136,b_917,b_284,b_549,b_790,b_97,b_94,b_734,b_45,b_645,b_844,b_667,b_861,b_751,b_86,b_273,b_115,b_151,b_949,b_976,b_462,b_250,b_415,b_473,b_739,b_700,b_202,b_40,b_710,b_139,b_412,b_47,b_274,b_147,b_312,b_883	/home/miguel/IBE-UPF/TFM/Master_projects/PhyloPhere/Data/6.CAAS_traitfiles/Ranked/df4_sp.tab
ABL1@825	0	1000	0.0		/home/miguel/IBE-UPF/TFM/Master_projects/PhyloPhere/Data/6.CAAS_traitfiles/Ranked/df4_sp.tab
ABL1@826	22	1000	0.022	b_962,b_703,b_666,b_574,b_123,b_941,b_71,b_351,b_444,b_475,b_578,b_85,b_43,b_448,b_670,b_254,b_188,b_647,b_780,b_609,b_545,b_414	/home/miguel/IBE-UPF/TFM/Master_projects/PhyloPhere/Data/6.CAAS_traitfiles/Ranked/df4_sp.tab
ABL1@827	0	1000	0.0		/home/miguel/IBE-UPF/TFM/Master_projects/PhyloPhere/Data/6.CAAS_traitfiles/Ranked/df4_sp.tab
ABL1@829	0	1000	0.0		/home/miguel/IBE-UPF/TFM/Master_projects/PhyloPhere/Data/6.CAAS_traitfiles/Ranked/df4_sp.tab
ABL1@830	0	1000	0.0		/home/miguel/IBE-UPF/TFM/Master_projects/PhyloPhere/Data/6.CAAS_traitfiles/Ranked/df4_sp.tab
ABL1@831	24	1000	0.024	b_577,b_538,b_335,b_427,b_377,b_65,b_135,b_807,b_932,b_481,b_353,b_875,b_334,b_605,b_307,b_244,b_735,b_699,b_589,b_392,b_373,b_919,b_21,b_812	/home/miguel/IBE-UPF/TFM/Master_projects/PhyloPhere/Data/6.CAAS_traitfiles/Ranked/df4_sp.tab
ABL1@832	0	1000	0.0		/home/miguel/IBE-UPF/TFM/Master_projects/PhyloPhere/Data/6.CAAS_traitfiles/Ranked/df4_sp.tab
ABL1@833	86	1000	0.086	b_570,b_26,b_688,b_317,b_628,b_817,b_52,b_805,b_720,b_703,b_787,b_526,b_29,b_890,b_366,b_36,b_78,b_129,b_396,b_167,b_574,b_515,b_796,b_510,b_677,b_82,b_926,b_697,b_110,b_806,b_51,b_694,b_243,b_615,b_992,b_908,b_95,b_894,b_218,b_475,b_361,b_891,b_841,b_668,b_77,b_136,b_917,b_284,b_549,b_790,b_774,b_97,b_94,b_734,b_348,b_45,b_645,b_635,b_844,b_667,b_861,b_751,b_86,b_828,b_273,b_115,b_151,b_949,b_976,b_462,b_250,b_415,b_562,b_739,b_700,b_202,b_40,b_710,b_139,b_412,b_47,b_274,b_147,b_312,b_579,b_883	/home/miguel/IBE-UPF/TFM/Master_projects/PhyloPhere/Data/6.CAAS_traitfiles/Ranked/df4_sp.tab
ABL1@835	0	1000	0.0		/home/miguel/IBE-UPF/TFM/Master_projects/PhyloPhere/Data/6.CAAS_traitfiles/Ranked/df4_sp.tab
ABL1@836	0	1000	0.0		/home/miguel/IBE-UPF/TFM/Master_projects/PhyloPhere/Data/6.CAAS_traitfiles/Ranked/df4_sp.tab
ABL1@838	22	1000	0.022	b_962,b_703,b_666,b_574,b_123,b_941,b_71,b_351,b_444,b_475,b_578,b_85,b_43,b_448,b_670,b_254,b_188,b_647,b_780,b_609,b_545,b_414	/home/miguel/IBE-UPF/TFM/Master_projects/PhyloPhere/Data/6.CAAS_traitfiles/Ranked/df4_sp.tab
ABL1@839	0	1000	0.0		/home/miguel/IBE-UPF/TFM/Master_projects/PhyloPhere/Data/6.CAAS_traitfiles/Ranked/df4_sp.tab
ABL1@840	64	1000	0.064	b_725,b_810,b_453,b_34,b_577,b_67,b_962,b_633,b_880,b_335,b_65,b_993,b_807,b_135,b_140,b_325,b_367,b_932,b_481,b_935,b_913,b_353,b_875,b_948,b_265,b_38,b_334,b_841,b_719,b_605,b_903,b_989,b_665,b_388,b_240,b_244,b_735,b_217,b_699,b_165,b_610,b_10,b_680,b_385,b_844,b_589,b_392,b_636,b_970,b_86,b_451,b_373,b_780,b_743,b_363,b_7,b_376,b_919,b_21,b_663,b_485,b_812,b_997,b_484	/home/miguel/IBE-UPF/TFM/Master_projects/PhyloPhere/Data/6.CAAS_traitfiles/Ranked/df4_sp.tab
ABL1@843	0	1000	0.0		/home/miguel/IBE-UPF/TFM/Master_projects/PhyloPhere/Data/6.CAAS_traitfiles/Ranked/df4_sp.tab
ABL1@845	39	1000	0.039	b_26,b_556,b_718,b_928,b_890,b_366,b_705,b_167,b_796,b_916,b_677,b_697,b_110,b_806,b_243,b_992,b_908,b_894,b_767,b_549,b_790,b_774,b_172,b_208,b_635,b_844,b_861,b_584,b_921,b_104,b_415,b_562,b_710,b_139,b_608,b_412,b_616,b_147,b_579	/home/miguel/IBE-UPF/TFM/Master_projects/PhyloPhere/Data/6.CAAS_traitfiles/Ranked/df4_sp.tab
ABL1@859	9	1000	0.009	b_962,b_703,b_666,b_123,b_351,b_444,b_85,b_448,b_609	/home/miguel/IBE-UPF/TFM/Master_projects/PhyloPhere/Data/6.CAAS_traitfiles/Ranked/df4_sp.tab
ABL1@864	22	1000	0.022	b_962,b_703,b_666,b_574,b_123,b_941,b_71,b_351,b_444,b_475,b_578,b_85,b_43,b_448,b_670,b_254,b_188,b_647,b_780,b_609,b_545,b_414	/home/miguel/IBE-UPF/TFM/Master_projects/PhyloPhere/Data/6.CAAS_traitfiles/Ranked/df4_sp.tab
ABL1@865	0	1000	0.0		/home/miguel/IBE-UPF/TFM/Master_projects/PhyloPhere/Data/6.CAAS_traitfiles/Ranked/df4_sp.tab
ABL1@874	0	1000	0.0		/home/miguel/IBE-UPF/TFM/Master_projects/PhyloPhere/Data/6.CAAS_traitfiles/Ranked/df4_sp.tab
ABL1@875	0	1000	0.0		/home/miguel/IBE-UPF/TFM/Master_projects/PhyloPhere/Data/6.CAAS_traitfiles/Ranked/df4_sp.tab
ABL1@876	0	1000	0.0		/home/miguel/IBE-UPF/TFM/Master_projects/PhyloPhere/Data/6.CAAS_traitfiles/Ranked/df4_sp.tab
ABL1@879	0	1000	0.0		/home/miguel/IBE-UPF/TFM/Master_projects/PhyloPhere/Data/6.CAAS_traitfiles/Ranked/df4_sp.tab
ABL1@882	0	1000	0.0		/home/miguel/IBE-UPF/TFM/Master_projects/PhyloPhere/Data/6.CAAS_traitfiles/Ranked/df4_sp.tab
ABL1@883	0	1000	0.0		/home/miguel/IBE-UPF/TFM/Master_projects/PhyloPhere/Data/6.CAAS_traitfiles/Ranked/df4_sp.tab
ABL1@885	0	1000	0.0		/home/miguel/IBE-UPF/TFM/Master_projects/PhyloPhere/Data/6.CAAS_traitfiles/Ranked/df4_sp.tab
ABL1@886	0	1000	0.0		/home/miguel/IBE-UPF/TFM/Master_projects/PhyloPhere/Data/6.CAAS_traitfiles/Ranked/df4_sp.tab
ABL1@889	0	1000	0.0		/home/miguel/IBE-UPF/TFM/Master_projects/PhyloPhere/Data/6.CAAS_traitfiles/Ranked/df4_sp.tab
ABL1@890	0	1000	0.0		/home/miguel/IBE-UPF/TFM/Master_projects/PhyloPhere/Data/6.CAAS_traitfiles/Ranked/df4_sp.tab
ABL1@893	0	1000	0.0		/home/miguel/IBE-UPF/TFM/Master_projects/PhyloPhere/Data/6.CAAS_traitfiles/Ranked/df4_sp.tab
ABL1@894	0	1000	0.0		/home/miguel/IBE-UPF/TFM/Master_projects/PhyloPhere/Data/6.CAAS_traitfiles/Ranked/df4_sp.tab
ABL1@895	41	1000	0.041	b_161,b_264,b_962,b_703,b_262,b_666,b_574,b_123,b_367,b_941,b_71,b_351,b_444,b_475,b_578,b_85,b_43,b_719,b_903,b_388,b_251,b_184,b_610,b_670,b_448,b_171,b_75,b_957,b_142,b_392,b_254,b_188,b_878,b_647,b_780,b_363,b_609,b_545,b_16,b_533,b_414	/home/miguel/IBE-UPF/TFM/Master_projects/PhyloPhere/Data/6.CAAS_traitfiles/Ranked/df4_sp.tab
ABL1@896	4	1000	0.004	b_123,b_351,b_85,b_448	/home/miguel/IBE-UPF/TFM/Master_projects/PhyloPhere/Data/6.CAAS_traitfiles/Ranked/df4_sp.tab
ABL1@897	24	1000	0.024	b_962,b_703,b_666,b_574,b_123,b_941,b_71,b_351,b_226,b_475,b_578,b_43,b_197,b_782,b_184,b_448,b_670,b_411,b_254,b_647,b_780,b_609,b_545,b_414	/home/miguel/IBE-UPF/TFM/Master_projects/PhyloPhere/Data/6.CAAS_traitfiles/Ranked/df4_sp.tab
ABL1@900	0	1000	0.0		/home/miguel/IBE-UPF/TFM/Master_projects/PhyloPhere/Data/6.CAAS_traitfiles/Ranked/df4_sp.tab
ABL1@901	22	1000	0.022	b_962,b_703,b_666,b_574,b_123,b_941,b_71,b_351,b_444,b_475,b_578,b_85,b_43,b_448,b_670,b_254,b_188,b_647,b_780,b_609,b_545,b_414	/home/miguel/IBE-UPF/TFM/Master_projects/PhyloPhere/Data/6.CAAS_traitfiles/Ranked/df4_sp.tab
ABL1@902	1	1000	0.001	b_412	/home/miguel/IBE-UPF/TFM/Master_projects/PhyloPhere/Data/6.CAAS_traitfiles/Ranked/df4_sp.tab
ABL1@903	0	1000	0.0		/home/miguel/IBE-UPF/TFM/Master_projects/PhyloPhere/Data/6.CAAS_traitfiles/Ranked/df4_sp.tab
ABL1@905	66	1000	0.066	b_725,b_810,b_453,b_34,b_577,b_67,b_962,b_633,b_880,b_335,b_65,b_993,b_807,b_135,b_140,b_325,b_367,b_932,b_481,b_935,b_913,b_353,b_875,b_948,b_265,b_38,b_334,b_841,b_719,b_605,b_903,b_989,b_665,b_388,b_240,b_244,b_735,b_217,b_699,b_165,b_610,b_10,b_715,b_680,b_385,b_844,b_589,b_392,b_636,b_970,b_86,b_451,b_373,b_780,b_743,b_363,b_7,b_376,b_919,b_876,b_21,b_663,b_485,b_812,b_997,b_484	/home/miguel/IBE-UPF/TFM/Master_projects/PhyloPhere/Data/6.CAAS_traitfiles/Ranked/df4_sp.tab
ABL1@907	0	1000	0.0		/home/miguel/IBE-UPF/TFM/Master_projects/PhyloPhere/Data/6.CAAS_traitfiles/Ranked/df4_sp.tab
ABL1@908	0	1000	0.0		/home/miguel/IBE-UPF/TFM/Master_projects/PhyloPhere/Data/6.CAAS_traitfiles/Ranked/df4_sp.tab
ABL1@909	0	1000	0.0		/home/miguel/IBE-UPF/TFM/Master_projects/PhyloPhere/Data/6.CAAS_traitfiles/Ranked/df4_sp.tab
ABL1@912	0	1000	0.0		/home/miguel/IBE-UPF/TFM/Master_projects/PhyloPhere/Data/6.CAAS_traitfiles/Ranked/df4_sp.tab
ABL1@913	0	1000	0.0		/home/miguel/IBE-UPF/TFM/Master_projects/PhyloPhere/Data/6.CAAS_traitfiles/Ranked/df4_sp.tab
ABL1@915	0	1000	0.0		/home/miguel/IBE-UPF/TFM/Master_projects/PhyloPhere/Data/6.CAAS_traitfiles/Ranked/df4_sp.tab
ABL1@916	0	1000	0.0		/home/miguel/IBE-UPF/TFM/Master_projects/PhyloPhere/Data/6.CAAS_traitfiles/Ranked/df4_sp.tab
ABL1@917	0	1000	0.0		/home/miguel/IBE-UPF/TFM/Master_projects/PhyloPhere/Data/6.CAAS_traitfiles/Ranked/df4_sp.tab
ABL1@918	68	1000	0.068	b_688,b_317,b_628,b_52,b_703,b_787,b_526,b_29,b_890,b_366,b_78,b_129,b_396,b_167,b_574,b_515,b_796,b_510,b_82,b_926,b_697,b_110,b_806,b_51,b_694,b_243,b_615,b_992,b_908,b_95,b_894,b_475,b_361,b_891,b_841,b_77,b_136,b_917,b_284,b_549,b_790,b_97,b_94,b_734,b_45,b_645,b_667,b_861,b_751,b_86,b_273,b_115,b_151,b_949,b_976,b_462,b_250,b_415,b_700,b_202,b_40,b_710,b_139,b_47,b_274,b_147,b_312,b_883	/home/miguel/IBE-UPF/TFM/Master_projects/PhyloPhere/Data/6.CAAS_traitfiles/Ranked/df4_sp.tab
ABL1@921	0	1000	0.0		/home/miguel/IBE-UPF/TFM/Master_projects/PhyloPhere/Data/6.CAAS_traitfiles/Ranked/df4_sp.tab
ABL1@922	97	1000	0.097	b_570,b_725,b_26,b_810,b_453,b_34,b_577,b_67,b_962,b_317,b_633,b_880,b_817,b_52,b_805,b_720,b_787,b_890,b_335,b_36,b_65,b_993,b_807,b_135,b_140,b_510,b_677,b_697,b_325,b_367,b_932,b_481,b_243,b_615,b_935,b_913,b_353,b_875,b_218,b_948,b_265,b_38,b_334,b_841,b_719,b_605,b_668,b_903,b_136,b_989,b_665,b_388,b_284,b_549,b_240,b_244,b_774,b_97,b_735,b_217,b_699,b_165,b_610,b_10,b_348,b_635,b_680,b_385,b_844,b_589,b_667,b_392,b_636,b_970,b_86,b_828,b_451,b_373,b_780,b_743,b_363,b_7,b_376,b_919,b_21,b_663,b_562,b_739,b_485,b_47,b_412,b_812,b_312,b_997,b_484,b_883,b_579	/home/miguel/IBE-UPF/TFM/Master_projects/PhyloPhere/Data/6.CAAS_traitfiles/Ranked/df4_sp.tab
ABL1@929	22	1000	0.022	b_962,b_703,b_666,b_574,b_123,b_941,b_71,b_351,b_444,b_475,b_578,b_85,b_43,b_448,b_670,b_254,b_188,b_647,b_780,b_609,b_545,b_414	/home/miguel/IBE-UPF/TFM/Master_projects/PhyloPhere/Data/6.CAAS_traitfiles/Ranked/df4_sp.tab
ABL1@930	22	1000	0.022	b_962,b_703,b_666,b_574,b_123,b_941,b_71,b_351,b_444,b_475,b_578,b_85,b_43,b_448,b_670,b_254,b_188,b_647,b_780,b_609,b_545,b_414	/home/miguel/IBE-UPF/TFM/Master_projects/PhyloPhere/Data/6.CAAS_traitfiles/Ranked/df4_sp.tab
ABL1@931	0	1000	0.0		/home/miguel/IBE-UPF/TFM/Master_projects/PhyloPhere/Data/6.CAAS_traitfiles/Ranked/df4_sp.tab
ABL1@935	2	1000	0.002	b_646,b_585	/home/miguel/IBE-UPF/TFM/Master_projects/PhyloPhere/Data/6.CAAS_traitfiles/Ranked/df4_sp.tab
ABL1@937	0	1000	0.0		/home/miguel/IBE-UPF/TFM/Master_projects/PhyloPhere/Data/6.CAAS_traitfiles/Ranked/df4_sp.tab
ABL1@938	1	1000	0.001	b_826	/home/miguel/IBE-UPF/TFM/Master_projects/PhyloPhere/Data/6.CAAS_traitfiles/Ranked/df4_sp.tab
ABL1@939	0	1000	0.0		/home/miguel/IBE-UPF/TFM/Master_projects/PhyloPhere/Data/6.CAAS_traitfiles/Ranked/df4_sp.tab
ABL1@941	0	1000	0.0		/home/miguel/IBE-UPF/TFM/Master_projects/PhyloPhere/Data/6.CAAS_traitfiles/Ranked/df4_sp.tab
ABL1@942	147	1000	0.147	b_725,b_688,b_810,b_453,b_34,b_577,b_67,b_962,b_317,b_628,b_633,b_880,b_52,b_703,b_787,b_526,b_29,b_890,b_335,b_366,b_666,b_78,b_129,b_65,b_396,b_993,b_167,b_574,b_807,b_135,b_515,b_123,b_140,b_796,b_510,b_82,b_926,b_697,b_110,b_325,b_806,b_367,b_941,b_51,b_932,b_481,b_694,b_243,b_615,b_935,b_913,b_992,b_71,b_908,b_353,b_351,b_444,b_875,b_95,b_894,b_948,b_265,b_475,b_361,b_578,b_85,b_38,b_43,b_334,b_891,b_841,b_719,b_605,b_77,b_903,b_989,b_136,b_665,b_388,b_917,b_284,b_549,b_240,b_244,b_790,b_97,b_735,b_94,b_217,b_699,b_165,b_610,b_734,b_448,b_670,b_10,b_45,b_645,b_680,b_385,b_844,b_589,b_667,b_861,b_392,b_636,b_254,b_970,b_188,b_751,b_86,b_273,b_451,b_373,b_115,b_647,b_780,b_151,b_949,b_976,b_743,b_363,b_7,b_462,b_250,b_376,b_919,b_415,b_609,b_545,b_21,b_663,b_700,b_202,b_40,b_485,b_710,b_139,b_47,b_274,b_812,b_147,b_312,b_414,b_997,b_484,b_883	/home/miguel/IBE-UPF/TFM/Master_projects/PhyloPhere/Data/6.CAAS_traitfiles/Ranked/df4_sp.tab
ABL1@946	0	1000	0.0		/home/miguel/IBE-UPF/TFM/Master_projects/PhyloPhere/Data/6.CAAS_traitfiles/Ranked/df4_sp.tab
ABL1@947	23	1000	0.023	b_726,b_489,b_526,b_574,b_206,b_685,b_50,b_931,b_444,b_475,b_433,b_578,b_43,b_210,b_8,b_94,b_22,b_199,b_311,b_153,b_545,b_365,b_414	/home/miguel/IBE-UPF/TFM/Master_projects/PhyloPhere/Data/6.CAAS_traitfiles/Ranked/df4_sp.tab
ABL1@948	0	1000	0.0		/home/miguel/IBE-UPF/TFM/Master_projects/PhyloPhere/Data/6.CAAS_traitfiles/Ranked/df4_sp.tab
ABL1@950	0	1000	0.0		/home/miguel/IBE-UPF/TFM/Master_projects/PhyloPhere/Data/6.CAAS_traitfiles/Ranked/df4_sp.tab
ABL1@953	0	1000	0.0		/home/miguel/IBE-UPF/TFM/Master_projects/PhyloPhere/Data/6.CAAS_traitfiles/Ranked/df4_sp.tab
ABL1@956	0	1000	0.0		/home/miguel/IBE-UPF/TFM/Master_projects/PhyloPhere/Data/6.CAAS_traitfiles/Ranked/df4_sp.tab
ABL1@961	0	1000	0.0		/home/miguel/IBE-UPF/TFM/Master_projects/PhyloPhere/Data/6.CAAS_traitfiles/Ranked/df4_sp.tab
ABL1@966	0	1000	0.0		/home/miguel/IBE-UPF/TFM/Master_projects/PhyloPhere/Data/6.CAAS_traitfiles/Ranked/df4_sp.tab
ABL1@988	0	1000	0.0		/home/miguel/IBE-UPF/TFM/Master_projects/PhyloPhere/Data/6.CAAS_traitfiles/Ranked/df4_sp.tab
ABL1@990	0	1000	0.0		/home/miguel/IBE-UPF/TFM/Master_projects/PhyloPhere/Data/6.CAAS_traitfiles/Ranked/df4_sp.tab
ABL1@992	0	1000	0.0		/home/miguel/IBE-UPF/TFM/Master_projects/PhyloPhere/Data/6.CAAS_traitfiles/Ranked/df4_sp.tab
ABL1@996	0	1000	0.0		/home/miguel/IBE-UPF/TFM/Master_projects/PhyloPhere/Data/6.CAAS_traitfiles/Ranked/df4_sp.tab
ABL1@1017	0	1000	0.0		/home/miguel/IBE-UPF/TFM/Master_projects/PhyloPhere/Data/6.CAAS_traitfiles/Ranked/df4_sp.tab
ABL1@1069	0	1000	0.0		/home/miguel/IBE-UPF/TFM/Master_projects/PhyloPhere/Data/6.CAAS_traitfiles/Ranked/df4_sp.tab
ABL1@1072	0	1000	0.0		/home/miguel/IBE-UPF/TFM/Master_projects/PhyloPhere/Data/6.CAAS_traitfiles/Ranked/df4_sp.tab
ABL1@1074	0	1000	0.0		/home/miguel/IBE-UPF/TFM/Master_projects/PhyloPhere/Data/6.CAAS_traitfiles/Ranked/df4_sp.tab
ABL1@1091	0	1000	0.0		/home/miguel/IBE-UPF/TFM/Master_projects/PhyloPhere/Data/6.CAAS_traitfiles/Ranked/df4_sp.tab
