AC233755@3	0	1000	0.0		/home/miguel/IBE-UPF/TFM/Master_projects/PhyloPhere/Data/6.CAAS_traitfiles/Ranked/df4_sp.tab
AC233755@10	0	1000	0.0		/home/miguel/IBE-UPF/TFM/Master_projects/PhyloPhere/Data/6.CAAS_traitfiles/Ranked/df4_sp.tab
AC233755@12	0	1000	0.0		/home/miguel/IBE-UPF/TFM/Master_projects/PhyloPhere/Data/6.CAAS_traitfiles/Ranked/df4_sp.tab
AC233755@13	0	1000	0.0		/home/miguel/IBE-UPF/TFM/Master_projects/PhyloPhere/Data/6.CAAS_traitfiles/Ranked/df4_sp.tab
AC233755@15	0	1000	0.0		/home/miguel/IBE-UPF/TFM/Master_projects/PhyloPhere/Data/6.CAAS_traitfiles/Ranked/df4_sp.tab
AC233755@24	0	1000	0.0		/home/miguel/IBE-UPF/TFM/Master_projects/PhyloPhere/Data/6.CAAS_traitfiles/Ranked/df4_sp.tab
AC233755@25	0	1000	0.0		/home/miguel/IBE-UPF/TFM/Master_projects/PhyloPhere/Data/6.CAAS_traitfiles/Ranked/df4_sp.tab
AC233755@29	0	1000	0.0		/home/miguel/IBE-UPF/TFM/Master_projects/PhyloPhere/Data/6.CAAS_traitfiles/Ranked/df4_sp.tab
AC233755@36	0	1000	0.0		/home/miguel/IBE-UPF/TFM/Master_projects/PhyloPhere/Data/6.CAAS_traitfiles/Ranked/df4_sp.tab
AC233755@40	0	1000	0.0		/home/miguel/IBE-UPF/TFM/Master_projects/PhyloPhere/Data/6.CAAS_traitfiles/Ranked/df4_sp.tab
AC233755@42	0	1000	0.0		/home/miguel/IBE-UPF/TFM/Master_projects/PhyloPhere/Data/6.CAAS_traitfiles/Ranked/df4_sp.tab
AC233755@43	0	1000	0.0		/home/miguel/IBE-UPF/TFM/Master_projects/PhyloPhere/Data/6.CAAS_traitfiles/Ranked/df4_sp.tab
AC233755@44	0	1000	0.0		/home/miguel/IBE-UPF/TFM/Master_projects/PhyloPhere/Data/6.CAAS_traitfiles/Ranked/df4_sp.tab
AC233755@49	0	1000	0.0		/home/miguel/IBE-UPF/TFM/Master_projects/PhyloPhere/Data/6.CAAS_traitfiles/Ranked/df4_sp.tab
AC233755@50	0	1000	0.0		/home/miguel/IBE-UPF/TFM/Master_projects/PhyloPhere/Data/6.CAAS_traitfiles/Ranked/df4_sp.tab
AC233755@51	0	1000	0.0		/home/miguel/IBE-UPF/TFM/Master_projects/PhyloPhere/Data/6.CAAS_traitfiles/Ranked/df4_sp.tab
AC233755@53	0	1000	0.0		/home/miguel/IBE-UPF/TFM/Master_projects/PhyloPhere/Data/6.CAAS_traitfiles/Ranked/df4_sp.tab
AC233755@55	0	1000	0.0		/home/miguel/IBE-UPF/TFM/Master_projects/PhyloPhere/Data/6.CAAS_traitfiles/Ranked/df4_sp.tab
AC233755@58	0	1000	0.0		/home/miguel/IBE-UPF/TFM/Master_projects/PhyloPhere/Data/6.CAAS_traitfiles/Ranked/df4_sp.tab
AC233755@59	0	1000	0.0		/home/miguel/IBE-UPF/TFM/Master_projects/PhyloPhere/Data/6.CAAS_traitfiles/Ranked/df4_sp.tab
AC233755@62	0	1000	0.0		/home/miguel/IBE-UPF/TFM/Master_projects/PhyloPhere/Data/6.CAAS_traitfiles/Ranked/df4_sp.tab
AC233755@68	0	1000	0.0		/home/miguel/IBE-UPF/TFM/Master_projects/PhyloPhere/Data/6.CAAS_traitfiles/Ranked/df4_sp.tab
AC233755@69	0	1000	0.0		/home/miguel/IBE-UPF/TFM/Master_projects/PhyloPhere/Data/6.CAAS_traitfiles/Ranked/df4_sp.tab
AC233755@71	0	1000	0.0		/home/miguel/IBE-UPF/TFM/Master_projects/PhyloPhere/Data/6.CAAS_traitfiles/Ranked/df4_sp.tab
AC233755@72	0	1000	0.0		/home/miguel/IBE-UPF/TFM/Master_projects/PhyloPhere/Data/6.CAAS_traitfiles/Ranked/df4_sp.tab
AC233755@73	0	1000	0.0		/home/miguel/IBE-UPF/TFM/Master_projects/PhyloPhere/Data/6.CAAS_traitfiles/Ranked/df4_sp.tab
AC233755@74	0	1000	0.0		/home/miguel/IBE-UPF/TFM/Master_projects/PhyloPhere/Data/6.CAAS_traitfiles/Ranked/df4_sp.tab
AC233755@81	1	1000	0.001	b_841	/home/miguel/IBE-UPF/TFM/Master_projects/PhyloPhere/Data/6.CAAS_traitfiles/Ranked/df4_sp.tab
AC233755@83	0	1000	0.0		/home/miguel/IBE-UPF/TFM/Master_projects/PhyloPhere/Data/6.CAAS_traitfiles/Ranked/df4_sp.tab
AC233755@85	0	1000	0.0		/home/miguel/IBE-UPF/TFM/Master_projects/PhyloPhere/Data/6.CAAS_traitfiles/Ranked/df4_sp.tab
AC233755@87	0	1000	0.0		/home/miguel/IBE-UPF/TFM/Master_projects/PhyloPhere/Data/6.CAAS_traitfiles/Ranked/df4_sp.tab
AC233755@94	0	1000	0.0		/home/miguel/IBE-UPF/TFM/Master_projects/PhyloPhere/Data/6.CAAS_traitfiles/Ranked/df4_sp.tab
AC233755@95	1	1000	0.001	b_841	/home/miguel/IBE-UPF/TFM/Master_projects/PhyloPhere/Data/6.CAAS_traitfiles/Ranked/df4_sp.tab
AC233755@97	0	1000	0.0		/home/miguel/IBE-UPF/TFM/Master_projects/PhyloPhere/Data/6.CAAS_traitfiles/Ranked/df4_sp.tab
AC233755@100	0	1000	0.0		/home/miguel/IBE-UPF/TFM/Master_projects/PhyloPhere/Data/6.CAAS_traitfiles/Ranked/df4_sp.tab
AC233755@102	0	1000	0.0		/home/miguel/IBE-UPF/TFM/Master_projects/PhyloPhere/Data/6.CAAS_traitfiles/Ranked/df4_sp.tab
AC233755@110	0	1000	0.0		/home/miguel/IBE-UPF/TFM/Master_projects/PhyloPhere/Data/6.CAAS_traitfiles/Ranked/df4_sp.tab
AC233755@111	0	1000	0.0		/home/miguel/IBE-UPF/TFM/Master_projects/PhyloPhere/Data/6.CAAS_traitfiles/Ranked/df4_sp.tab
