ACAP3@0	7	1000	0.007	b_312,b_24,b_592,b_861,b_768,b_610,b_267	/home/miguel/IBE-UPF/TFM/Master_projects/PhyloPhere/Data/6.CAAS_traitfiles/Ranked/df4_sp.tab
ACAP3@9	0	1000	0.0		/home/miguel/IBE-UPF/TFM/Master_projects/PhyloPhere/Data/6.CAAS_traitfiles/Ranked/df4_sp.tab
ACAP3@12	0	1000	0.0		/home/miguel/IBE-UPF/TFM/Master_projects/PhyloPhere/Data/6.CAAS_traitfiles/Ranked/df4_sp.tab
ACAP3@14	15	1000	0.015	b_670,b_351,b_962,b_444,b_254,b_71,b_609,b_545,b_780,b_85,b_941,b_414,b_578,b_188,b_666	/home/miguel/IBE-UPF/TFM/Master_projects/PhyloPhere/Data/6.CAAS_traitfiles/Ranked/df4_sp.tab
ACAP3@27	1	1000	0.001	b_319	/home/miguel/IBE-UPF/TFM/Master_projects/PhyloPhere/Data/6.CAAS_traitfiles/Ranked/df4_sp.tab
ACAP3@29	15	1000	0.015	b_670,b_351,b_962,b_444,b_254,b_71,b_609,b_545,b_780,b_85,b_941,b_414,b_578,b_188,b_666	/home/miguel/IBE-UPF/TFM/Master_projects/PhyloPhere/Data/6.CAAS_traitfiles/Ranked/df4_sp.tab
ACAP3@33	0	1000	0.0		/home/miguel/IBE-UPF/TFM/Master_projects/PhyloPhere/Data/6.CAAS_traitfiles/Ranked/df4_sp.tab
ACAP3@34	0	1000	0.0		/home/miguel/IBE-UPF/TFM/Master_projects/PhyloPhere/Data/6.CAAS_traitfiles/Ranked/df4_sp.tab
ACAP3@39	15	1000	0.015	b_670,b_351,b_962,b_444,b_254,b_71,b_609,b_545,b_780,b_85,b_941,b_414,b_578,b_188,b_666	/home/miguel/IBE-UPF/TFM/Master_projects/PhyloPhere/Data/6.CAAS_traitfiles/Ranked/df4_sp.tab
ACAP3@46	0	1000	0.0		/home/miguel/IBE-UPF/TFM/Master_projects/PhyloPhere/Data/6.CAAS_traitfiles/Ranked/df4_sp.tab
ACAP3@48	57	1000	0.057	b_376,b_485,b_725,b_903,b_7,b_388,b_633,b_373,b_962,b_353,b_367,b_363,b_334,b_663,b_993,b_636,b_932,b_240,b_451,b_392,b_140,b_875,b_335,b_780,b_325,b_605,b_919,b_385,b_812,b_610,b_880,b_810,b_453,b_265,b_10,b_997,b_481,b_743,b_913,b_807,b_735,b_589,b_217,b_970,b_989,b_484,b_680,b_21,b_135,b_577,b_719,b_935,b_165,b_948,b_844,b_34,b_65	/home/miguel/IBE-UPF/TFM/Master_projects/PhyloPhere/Data/6.CAAS_traitfiles/Ranked/df4_sp.tab
ACAP3@54	0	1000	0.0		/home/miguel/IBE-UPF/TFM/Master_projects/PhyloPhere/Data/6.CAAS_traitfiles/Ranked/df4_sp.tab
ACAP3@57	0	1000	0.0		/home/miguel/IBE-UPF/TFM/Master_projects/PhyloPhere/Data/6.CAAS_traitfiles/Ranked/df4_sp.tab
ACAP3@67	43	1000	0.043	b_526,b_891,b_110,b_361,b_926,b_147,b_312,b_94,b_515,b_202,b_894,b_115,b_317,b_95,b_415,b_29,b_628,b_976,b_806,b_861,b_136,b_77,b_243,b_796,b_549,b_890,b_396,b_710,b_917,b_129,b_883,b_790,b_250,b_167,b_615,b_992,b_510,b_694,b_908,b_697,b_366,b_139,b_645	/home/miguel/IBE-UPF/TFM/Master_projects/PhyloPhere/Data/6.CAAS_traitfiles/Ranked/df4_sp.tab
ACAP3@73	0	1000	0.0		/home/miguel/IBE-UPF/TFM/Master_projects/PhyloPhere/Data/6.CAAS_traitfiles/Ranked/df4_sp.tab
ACAP3@74	0	1000	0.0		/home/miguel/IBE-UPF/TFM/Master_projects/PhyloPhere/Data/6.CAAS_traitfiles/Ranked/df4_sp.tab
ACAP3@76	0	1000	0.0		/home/miguel/IBE-UPF/TFM/Master_projects/PhyloPhere/Data/6.CAAS_traitfiles/Ranked/df4_sp.tab
ACAP3@93	0	1000	0.0		/home/miguel/IBE-UPF/TFM/Master_projects/PhyloPhere/Data/6.CAAS_traitfiles/Ranked/df4_sp.tab
ACAP3@97	0	1000	0.0		/home/miguel/IBE-UPF/TFM/Master_projects/PhyloPhere/Data/6.CAAS_traitfiles/Ranked/df4_sp.tab
ACAP3@112	0	1000	0.0		/home/miguel/IBE-UPF/TFM/Master_projects/PhyloPhere/Data/6.CAAS_traitfiles/Ranked/df4_sp.tab
ACAP3@117	15	1000	0.015	b_670,b_351,b_962,b_444,b_254,b_71,b_609,b_545,b_780,b_85,b_941,b_414,b_578,b_188,b_666	/home/miguel/IBE-UPF/TFM/Master_projects/PhyloPhere/Data/6.CAAS_traitfiles/Ranked/df4_sp.tab
ACAP3@139	0	1000	0.0		/home/miguel/IBE-UPF/TFM/Master_projects/PhyloPhere/Data/6.CAAS_traitfiles/Ranked/df4_sp.tab
ACAP3@143	0	1000	0.0		/home/miguel/IBE-UPF/TFM/Master_projects/PhyloPhere/Data/6.CAAS_traitfiles/Ranked/df4_sp.tab
ACAP3@183	12	1000	0.012	b_670,b_351,b_962,b_444,b_254,b_71,b_780,b_85,b_941,b_578,b_188,b_666	/home/miguel/IBE-UPF/TFM/Master_projects/PhyloPhere/Data/6.CAAS_traitfiles/Ranked/df4_sp.tab
ACAP3@187	0	1000	0.0		/home/miguel/IBE-UPF/TFM/Master_projects/PhyloPhere/Data/6.CAAS_traitfiles/Ranked/df4_sp.tab
ACAP3@190	57	1000	0.057	b_376,b_485,b_725,b_903,b_7,b_388,b_633,b_373,b_962,b_353,b_367,b_363,b_334,b_663,b_993,b_636,b_932,b_240,b_451,b_392,b_140,b_875,b_335,b_780,b_325,b_605,b_919,b_385,b_812,b_610,b_880,b_810,b_453,b_265,b_10,b_997,b_481,b_743,b_913,b_807,b_735,b_589,b_217,b_970,b_989,b_484,b_680,b_21,b_135,b_577,b_719,b_935,b_165,b_948,b_844,b_34,b_65	/home/miguel/IBE-UPF/TFM/Master_projects/PhyloPhere/Data/6.CAAS_traitfiles/Ranked/df4_sp.tab
ACAP3@212	15	1000	0.015	b_670,b_351,b_962,b_444,b_254,b_71,b_609,b_545,b_780,b_85,b_941,b_414,b_578,b_188,b_666	/home/miguel/IBE-UPF/TFM/Master_projects/PhyloPhere/Data/6.CAAS_traitfiles/Ranked/df4_sp.tab
ACAP3@214	0	1000	0.0		/home/miguel/IBE-UPF/TFM/Master_projects/PhyloPhere/Data/6.CAAS_traitfiles/Ranked/df4_sp.tab
ACAP3@217	0	1000	0.0		/home/miguel/IBE-UPF/TFM/Master_projects/PhyloPhere/Data/6.CAAS_traitfiles/Ranked/df4_sp.tab
ACAP3@223	0	1000	0.0		/home/miguel/IBE-UPF/TFM/Master_projects/PhyloPhere/Data/6.CAAS_traitfiles/Ranked/df4_sp.tab
ACAP3@235	0	1000	0.0		/home/miguel/IBE-UPF/TFM/Master_projects/PhyloPhere/Data/6.CAAS_traitfiles/Ranked/df4_sp.tab
ACAP3@237	0	1000	0.0		/home/miguel/IBE-UPF/TFM/Master_projects/PhyloPhere/Data/6.CAAS_traitfiles/Ranked/df4_sp.tab
ACAP3@274	0	1000	0.0		/home/miguel/IBE-UPF/TFM/Master_projects/PhyloPhere/Data/6.CAAS_traitfiles/Ranked/df4_sp.tab
ACAP3@285	0	1000	0.0		/home/miguel/IBE-UPF/TFM/Master_projects/PhyloPhere/Data/6.CAAS_traitfiles/Ranked/df4_sp.tab
ACAP3@301	0	1000	0.0		/home/miguel/IBE-UPF/TFM/Master_projects/PhyloPhere/Data/6.CAAS_traitfiles/Ranked/df4_sp.tab
ACAP3@304	0	1000	0.0		/home/miguel/IBE-UPF/TFM/Master_projects/PhyloPhere/Data/6.CAAS_traitfiles/Ranked/df4_sp.tab
ACAP3@313	0	1000	0.0		/home/miguel/IBE-UPF/TFM/Master_projects/PhyloPhere/Data/6.CAAS_traitfiles/Ranked/df4_sp.tab
ACAP3@327	0	1000	0.0		/home/miguel/IBE-UPF/TFM/Master_projects/PhyloPhere/Data/6.CAAS_traitfiles/Ranked/df4_sp.tab
ACAP3@334	0	1000	0.0		/home/miguel/IBE-UPF/TFM/Master_projects/PhyloPhere/Data/6.CAAS_traitfiles/Ranked/df4_sp.tab
ACAP3@370	0	1000	0.0		/home/miguel/IBE-UPF/TFM/Master_projects/PhyloPhere/Data/6.CAAS_traitfiles/Ranked/df4_sp.tab
ACAP3@371	0	1000	0.0		/home/miguel/IBE-UPF/TFM/Master_projects/PhyloPhere/Data/6.CAAS_traitfiles/Ranked/df4_sp.tab
ACAP3@373	14	1000	0.014	b_670,b_351,b_962,b_254,b_226,b_71,b_197,b_780,b_411,b_941,b_184,b_578,b_782,b_666	/home/miguel/IBE-UPF/TFM/Master_projects/PhyloPhere/Data/6.CAAS_traitfiles/Ranked/df4_sp.tab
ACAP3@377	35	1000	0.035	b_958,b_110,b_88,b_894,b_826,b_24,b_900,b_163,b_145,b_353,b_209,b_240,b_932,b_768,b_335,b_771,b_325,b_304,b_605,b_610,b_880,b_804,b_59,b_265,b_154,b_186,b_459,b_807,b_914,b_970,b_989,b_319,b_935,b_65,b_222	/home/miguel/IBE-UPF/TFM/Master_projects/PhyloPhere/Data/6.CAAS_traitfiles/Ranked/df4_sp.tab
ACAP3@378	8	1000	0.008	b_670,b_71,b_545,b_780,b_941,b_184,b_414,b_578	/home/miguel/IBE-UPF/TFM/Master_projects/PhyloPhere/Data/6.CAAS_traitfiles/Ranked/df4_sp.tab
ACAP3@379	0	1000	0.0		/home/miguel/IBE-UPF/TFM/Master_projects/PhyloPhere/Data/6.CAAS_traitfiles/Ranked/df4_sp.tab
ACAP3@382	0	1000	0.0		/home/miguel/IBE-UPF/TFM/Master_projects/PhyloPhere/Data/6.CAAS_traitfiles/Ranked/df4_sp.tab
ACAP3@383	0	1000	0.0		/home/miguel/IBE-UPF/TFM/Master_projects/PhyloPhere/Data/6.CAAS_traitfiles/Ranked/df4_sp.tab
ACAP3@385	0	1000	0.0		/home/miguel/IBE-UPF/TFM/Master_projects/PhyloPhere/Data/6.CAAS_traitfiles/Ranked/df4_sp.tab
ACAP3@389	0	1000	0.0		/home/miguel/IBE-UPF/TFM/Master_projects/PhyloPhere/Data/6.CAAS_traitfiles/Ranked/df4_sp.tab
ACAP3@394	0	1000	0.0		/home/miguel/IBE-UPF/TFM/Master_projects/PhyloPhere/Data/6.CAAS_traitfiles/Ranked/df4_sp.tab
ACAP3@397	0	1000	0.0		/home/miguel/IBE-UPF/TFM/Master_projects/PhyloPhere/Data/6.CAAS_traitfiles/Ranked/df4_sp.tab
ACAP3@402	23	1000	0.023	b_110,b_147,b_894,b_415,b_767,b_806,b_861,b_243,b_796,b_549,b_104,b_890,b_718,b_710,b_790,b_167,b_608,b_208,b_992,b_908,b_697,b_366,b_139	/home/miguel/IBE-UPF/TFM/Master_projects/PhyloPhere/Data/6.CAAS_traitfiles/Ranked/df4_sp.tab
ACAP3@422	0	1000	0.0		/home/miguel/IBE-UPF/TFM/Master_projects/PhyloPhere/Data/6.CAAS_traitfiles/Ranked/df4_sp.tab
ACAP3@455	5	1000	0.005	b_6,b_968,b_649,b_735,b_531	/home/miguel/IBE-UPF/TFM/Master_projects/PhyloPhere/Data/6.CAAS_traitfiles/Ranked/df4_sp.tab
ACAP3@456	14	1000	0.014	b_742,b_894,b_317,b_628,b_976,b_243,b_796,b_549,b_890,b_710,b_167,b_697,b_366,b_139	/home/miguel/IBE-UPF/TFM/Master_projects/PhyloPhere/Data/6.CAAS_traitfiles/Ranked/df4_sp.tab
ACAP3@457	0	1000	0.0		/home/miguel/IBE-UPF/TFM/Master_projects/PhyloPhere/Data/6.CAAS_traitfiles/Ranked/df4_sp.tab
ACAP3@459	0	1000	0.0		/home/miguel/IBE-UPF/TFM/Master_projects/PhyloPhere/Data/6.CAAS_traitfiles/Ranked/df4_sp.tab
ACAP3@460	0	1000	0.0		/home/miguel/IBE-UPF/TFM/Master_projects/PhyloPhere/Data/6.CAAS_traitfiles/Ranked/df4_sp.tab
ACAP3@464	0	1000	0.0		/home/miguel/IBE-UPF/TFM/Master_projects/PhyloPhere/Data/6.CAAS_traitfiles/Ranked/df4_sp.tab
ACAP3@465	35	1000	0.035	b_7,b_388,b_633,b_373,b_962,b_353,b_363,b_334,b_663,b_636,b_932,b_240,b_392,b_875,b_335,b_780,b_325,b_605,b_919,b_812,b_610,b_453,b_265,b_481,b_807,b_735,b_589,b_970,b_21,b_135,b_577,b_935,b_165,b_844,b_65	/home/miguel/IBE-UPF/TFM/Master_projects/PhyloPhere/Data/6.CAAS_traitfiles/Ranked/df4_sp.tab
ACAP3@466	0	1000	0.0		/home/miguel/IBE-UPF/TFM/Master_projects/PhyloPhere/Data/6.CAAS_traitfiles/Ranked/df4_sp.tab
ACAP3@468	67	1000	0.067	b_891,b_110,b_147,b_485,b_94,b_515,b_202,b_725,b_894,b_388,b_353,b_367,b_415,b_29,b_767,b_363,b_806,b_334,b_861,b_187,b_243,b_932,b_240,b_796,b_451,b_549,b_104,b_890,b_875,b_335,b_780,b_605,b_710,b_919,b_917,b_385,b_812,b_610,b_880,b_129,b_453,b_790,b_155,b_10,b_481,b_743,b_913,b_807,b_167,b_608,b_589,b_992,b_989,b_510,b_21,b_135,b_694,b_908,b_697,b_577,b_719,b_366,b_139,b_165,b_948,b_844,b_65	/home/miguel/IBE-UPF/TFM/Master_projects/PhyloPhere/Data/6.CAAS_traitfiles/Ranked/df4_sp.tab
ACAP3@469	0	1000	0.0		/home/miguel/IBE-UPF/TFM/Master_projects/PhyloPhere/Data/6.CAAS_traitfiles/Ranked/df4_sp.tab
ACAP3@474	57	1000	0.057	b_376,b_485,b_725,b_903,b_7,b_388,b_633,b_373,b_962,b_353,b_367,b_363,b_334,b_663,b_993,b_636,b_932,b_240,b_451,b_392,b_140,b_875,b_335,b_780,b_325,b_605,b_919,b_385,b_812,b_610,b_880,b_810,b_453,b_265,b_10,b_997,b_481,b_743,b_913,b_807,b_735,b_589,b_217,b_970,b_989,b_484,b_680,b_21,b_135,b_577,b_719,b_935,b_165,b_948,b_844,b_34,b_65	/home/miguel/IBE-UPF/TFM/Master_projects/PhyloPhere/Data/6.CAAS_traitfiles/Ranked/df4_sp.tab
ACAP3@476	0	1000	0.0		/home/miguel/IBE-UPF/TFM/Master_projects/PhyloPhere/Data/6.CAAS_traitfiles/Ranked/df4_sp.tab
ACAP3@478	0	1000	0.0		/home/miguel/IBE-UPF/TFM/Master_projects/PhyloPhere/Data/6.CAAS_traitfiles/Ranked/df4_sp.tab
ACAP3@488	0	1000	0.0		/home/miguel/IBE-UPF/TFM/Master_projects/PhyloPhere/Data/6.CAAS_traitfiles/Ranked/df4_sp.tab
ACAP3@493	0	1000	0.0		/home/miguel/IBE-UPF/TFM/Master_projects/PhyloPhere/Data/6.CAAS_traitfiles/Ranked/df4_sp.tab
ACAP3@497	15	1000	0.015	b_670,b_351,b_962,b_444,b_254,b_71,b_609,b_545,b_780,b_85,b_941,b_414,b_578,b_188,b_666	/home/miguel/IBE-UPF/TFM/Master_projects/PhyloPhere/Data/6.CAAS_traitfiles/Ranked/df4_sp.tab
ACAP3@499	15	1000	0.015	b_670,b_351,b_962,b_444,b_254,b_71,b_609,b_545,b_780,b_85,b_941,b_414,b_578,b_188,b_666	/home/miguel/IBE-UPF/TFM/Master_projects/PhyloPhere/Data/6.CAAS_traitfiles/Ranked/df4_sp.tab
ACAP3@500	0	1000	0.0		/home/miguel/IBE-UPF/TFM/Master_projects/PhyloPhere/Data/6.CAAS_traitfiles/Ranked/df4_sp.tab
ACAP3@501	83	1000	0.083	b_526,b_891,b_110,b_361,b_926,b_147,b_312,b_485,b_94,b_515,b_202,b_95,b_725,b_894,b_115,b_388,b_317,b_353,b_367,b_415,b_29,b_628,b_976,b_363,b_806,b_334,b_861,b_136,b_77,b_243,b_71,b_932,b_240,b_796,b_451,b_549,b_890,b_875,b_335,b_780,b_396,b_605,b_710,b_919,b_917,b_385,b_812,b_610,b_880,b_129,b_453,b_941,b_883,b_790,b_155,b_10,b_250,b_481,b_743,b_414,b_913,b_807,b_167,b_615,b_589,b_992,b_989,b_510,b_21,b_135,b_694,b_908,b_188,b_697,b_577,b_719,b_366,b_139,b_165,b_948,b_844,b_65,b_645	/home/miguel/IBE-UPF/TFM/Master_projects/PhyloPhere/Data/6.CAAS_traitfiles/Ranked/df4_sp.tab
ACAP3@502	0	1000	0.0		/home/miguel/IBE-UPF/TFM/Master_projects/PhyloPhere/Data/6.CAAS_traitfiles/Ranked/df4_sp.tab
ACAP3@503	0	1000	0.0		/home/miguel/IBE-UPF/TFM/Master_projects/PhyloPhere/Data/6.CAAS_traitfiles/Ranked/df4_sp.tab
ACAP3@504	0	1000	0.0		/home/miguel/IBE-UPF/TFM/Master_projects/PhyloPhere/Data/6.CAAS_traitfiles/Ranked/df4_sp.tab
ACAP3@505	39	1000	0.039	b_526,b_361,b_926,b_312,b_570,b_94,b_828,b_515,b_202,b_894,b_115,b_317,b_805,b_415,b_774,b_976,b_806,b_136,b_77,b_243,b_549,b_890,b_580,b_396,b_720,b_917,b_660,b_883,b_790,b_250,b_615,b_510,b_579,b_694,b_908,b_697,b_366,b_139,b_645	/home/miguel/IBE-UPF/TFM/Master_projects/PhyloPhere/Data/6.CAAS_traitfiles/Ranked/df4_sp.tab
ACAP3@506	0	1000	0.0		/home/miguel/IBE-UPF/TFM/Master_projects/PhyloPhere/Data/6.CAAS_traitfiles/Ranked/df4_sp.tab
ACAP3@512	0	1000	0.0		/home/miguel/IBE-UPF/TFM/Master_projects/PhyloPhere/Data/6.CAAS_traitfiles/Ranked/df4_sp.tab
ACAP3@513	0	1000	0.0		/home/miguel/IBE-UPF/TFM/Master_projects/PhyloPhere/Data/6.CAAS_traitfiles/Ranked/df4_sp.tab
ACAP3@516	0	1000	0.0		/home/miguel/IBE-UPF/TFM/Master_projects/PhyloPhere/Data/6.CAAS_traitfiles/Ranked/df4_sp.tab
ACAP3@517	69	1000	0.069	b_312,b_570,b_376,b_485,b_725,b_903,b_7,b_788,b_388,b_633,b_373,b_728,b_412,b_962,b_353,b_367,b_363,b_334,b_663,b_993,b_36,b_636,b_932,b_240,b_451,b_392,b_140,b_875,b_335,b_780,b_325,b_720,b_605,b_919,b_385,b_812,b_610,b_880,b_810,b_453,b_265,b_10,b_997,b_481,b_686,b_743,b_913,b_807,b_735,b_39,b_589,b_217,b_562,b_970,b_989,b_484,b_680,b_21,b_135,b_697,b_287,b_577,b_719,b_935,b_165,b_948,b_844,b_34,b_65	/home/miguel/IBE-UPF/TFM/Master_projects/PhyloPhere/Data/6.CAAS_traitfiles/Ranked/df4_sp.tab
ACAP3@518	0	1000	0.0		/home/miguel/IBE-UPF/TFM/Master_projects/PhyloPhere/Data/6.CAAS_traitfiles/Ranked/df4_sp.tab
ACAP3@519	0	1000	0.0		/home/miguel/IBE-UPF/TFM/Master_projects/PhyloPhere/Data/6.CAAS_traitfiles/Ranked/df4_sp.tab
ACAP3@520	0	1000	0.0		/home/miguel/IBE-UPF/TFM/Master_projects/PhyloPhere/Data/6.CAAS_traitfiles/Ranked/df4_sp.tab
ACAP3@524	0	1000	0.0		/home/miguel/IBE-UPF/TFM/Master_projects/PhyloPhere/Data/6.CAAS_traitfiles/Ranked/df4_sp.tab
ACAP3@525	0	1000	0.0		/home/miguel/IBE-UPF/TFM/Master_projects/PhyloPhere/Data/6.CAAS_traitfiles/Ranked/df4_sp.tab
ACAP3@527	24	1000	0.024	b_388,b_353,b_363,b_334,b_932,b_240,b_875,b_335,b_780,b_605,b_919,b_812,b_610,b_453,b_155,b_481,b_807,b_589,b_21,b_135,b_577,b_165,b_844,b_65	/home/miguel/IBE-UPF/TFM/Master_projects/PhyloPhere/Data/6.CAAS_traitfiles/Ranked/df4_sp.tab
ACAP3@528	0	1000	0.0		/home/miguel/IBE-UPF/TFM/Master_projects/PhyloPhere/Data/6.CAAS_traitfiles/Ranked/df4_sp.tab
ACAP3@529	15	1000	0.015	b_670,b_351,b_962,b_444,b_254,b_71,b_609,b_545,b_780,b_85,b_941,b_414,b_578,b_188,b_666	/home/miguel/IBE-UPF/TFM/Master_projects/PhyloPhere/Data/6.CAAS_traitfiles/Ranked/df4_sp.tab
ACAP3@532	15	1000	0.015	b_670,b_351,b_962,b_444,b_254,b_71,b_609,b_545,b_780,b_85,b_941,b_414,b_578,b_188,b_666	/home/miguel/IBE-UPF/TFM/Master_projects/PhyloPhere/Data/6.CAAS_traitfiles/Ranked/df4_sp.tab
ACAP3@533	0	1000	0.0		/home/miguel/IBE-UPF/TFM/Master_projects/PhyloPhere/Data/6.CAAS_traitfiles/Ranked/df4_sp.tab
ACAP3@537	57	1000	0.057	b_376,b_485,b_725,b_903,b_7,b_388,b_633,b_373,b_962,b_353,b_367,b_363,b_334,b_663,b_993,b_636,b_932,b_240,b_451,b_392,b_140,b_875,b_335,b_780,b_325,b_605,b_919,b_385,b_812,b_610,b_880,b_810,b_453,b_265,b_10,b_997,b_481,b_743,b_913,b_807,b_735,b_589,b_217,b_970,b_989,b_484,b_680,b_21,b_135,b_577,b_719,b_935,b_165,b_948,b_844,b_34,b_65	/home/miguel/IBE-UPF/TFM/Master_projects/PhyloPhere/Data/6.CAAS_traitfiles/Ranked/df4_sp.tab
ACAP3@538	0	1000	0.0		/home/miguel/IBE-UPF/TFM/Master_projects/PhyloPhere/Data/6.CAAS_traitfiles/Ranked/df4_sp.tab
ACAP3@539	0	1000	0.0		/home/miguel/IBE-UPF/TFM/Master_projects/PhyloPhere/Data/6.CAAS_traitfiles/Ranked/df4_sp.tab
ACAP3@540	0	1000	0.0		/home/miguel/IBE-UPF/TFM/Master_projects/PhyloPhere/Data/6.CAAS_traitfiles/Ranked/df4_sp.tab
ACAP3@541	0	1000	0.0		/home/miguel/IBE-UPF/TFM/Master_projects/PhyloPhere/Data/6.CAAS_traitfiles/Ranked/df4_sp.tab
ACAP3@542	0	1000	0.0		/home/miguel/IBE-UPF/TFM/Master_projects/PhyloPhere/Data/6.CAAS_traitfiles/Ranked/df4_sp.tab
ACAP3@545	0	1000	0.0		/home/miguel/IBE-UPF/TFM/Master_projects/PhyloPhere/Data/6.CAAS_traitfiles/Ranked/df4_sp.tab
ACAP3@546	0	1000	0.0		/home/miguel/IBE-UPF/TFM/Master_projects/PhyloPhere/Data/6.CAAS_traitfiles/Ranked/df4_sp.tab
ACAP3@547	19	1000	0.019	b_670,b_351,b_95,b_962,b_444,b_595,b_254,b_991,b_71,b_896,b_333,b_780,b_85,b_941,b_167,b_578,b_188,b_978,b_666	/home/miguel/IBE-UPF/TFM/Master_projects/PhyloPhere/Data/6.CAAS_traitfiles/Ranked/df4_sp.tab
ACAP3@548	0	1000	0.0		/home/miguel/IBE-UPF/TFM/Master_projects/PhyloPhere/Data/6.CAAS_traitfiles/Ranked/df4_sp.tab
ACAP3@550	0	1000	0.0		/home/miguel/IBE-UPF/TFM/Master_projects/PhyloPhere/Data/6.CAAS_traitfiles/Ranked/df4_sp.tab
ACAP3@551	37	1000	0.037	b_526,b_110,b_361,b_926,b_147,b_312,b_515,b_202,b_894,b_115,b_317,b_95,b_415,b_29,b_628,b_976,b_806,b_554,b_136,b_77,b_243,b_549,b_710,b_917,b_129,b_883,b_790,b_167,b_615,b_621,b_992,b_510,b_908,b_935,b_366,b_139,b_65	/home/miguel/IBE-UPF/TFM/Master_projects/PhyloPhere/Data/6.CAAS_traitfiles/Ranked/df4_sp.tab
ACAP3@552	35	1000	0.035	b_958,b_110,b_88,b_894,b_826,b_24,b_900,b_163,b_145,b_353,b_209,b_240,b_932,b_768,b_335,b_771,b_325,b_304,b_605,b_610,b_880,b_804,b_59,b_265,b_154,b_186,b_459,b_807,b_914,b_970,b_989,b_319,b_935,b_65,b_222	/home/miguel/IBE-UPF/TFM/Master_projects/PhyloPhere/Data/6.CAAS_traitfiles/Ranked/df4_sp.tab
ACAP3@553	25	1000	0.025	b_312,b_570,b_828,b_317,b_412,b_805,b_774,b_136,b_36,b_243,b_677,b_549,b_890,b_739,b_26,b_720,b_883,b_668,b_615,b_562,b_510,b_579,b_697,b_635,b_844	/home/miguel/IBE-UPF/TFM/Master_projects/PhyloPhere/Data/6.CAAS_traitfiles/Ranked/df4_sp.tab
ACAP3@574	0	1000	0.0		/home/miguel/IBE-UPF/TFM/Master_projects/PhyloPhere/Data/6.CAAS_traitfiles/Ranked/df4_sp.tab
ACAP3@577	0	1000	0.0		/home/miguel/IBE-UPF/TFM/Master_projects/PhyloPhere/Data/6.CAAS_traitfiles/Ranked/df4_sp.tab
ACAP3@578	0	1000	0.0		/home/miguel/IBE-UPF/TFM/Master_projects/PhyloPhere/Data/6.CAAS_traitfiles/Ranked/df4_sp.tab
ACAP3@579	0	1000	0.0		/home/miguel/IBE-UPF/TFM/Master_projects/PhyloPhere/Data/6.CAAS_traitfiles/Ranked/df4_sp.tab
ACAP3@600	0	1000	0.0		/home/miguel/IBE-UPF/TFM/Master_projects/PhyloPhere/Data/6.CAAS_traitfiles/Ranked/df4_sp.tab
ACAP3@602	0	1000	0.0		/home/miguel/IBE-UPF/TFM/Master_projects/PhyloPhere/Data/6.CAAS_traitfiles/Ranked/df4_sp.tab
ACAP3@604	0	1000	0.0		/home/miguel/IBE-UPF/TFM/Master_projects/PhyloPhere/Data/6.CAAS_traitfiles/Ranked/df4_sp.tab
ACAP3@605	58	1000	0.058	b_526,b_922,b_891,b_110,b_361,b_926,b_147,b_312,b_570,b_94,b_515,b_202,b_95,b_894,b_115,b_575,b_317,b_412,b_805,b_415,b_83,b_29,b_117,b_628,b_976,b_806,b_861,b_136,b_77,b_243,b_796,b_677,b_549,b_890,b_739,b_674,b_396,b_720,b_710,b_917,b_129,b_883,b_393,b_790,b_250,b_668,b_167,b_615,b_562,b_992,b_510,b_694,b_908,b_697,b_635,b_366,b_139,b_645	/home/miguel/IBE-UPF/TFM/Master_projects/PhyloPhere/Data/6.CAAS_traitfiles/Ranked/df4_sp.tab
ACAP3@608	0	1000	0.0		/home/miguel/IBE-UPF/TFM/Master_projects/PhyloPhere/Data/6.CAAS_traitfiles/Ranked/df4_sp.tab
ACAP3@613	15	1000	0.015	b_670,b_351,b_962,b_444,b_254,b_71,b_609,b_545,b_780,b_85,b_941,b_414,b_578,b_188,b_666	/home/miguel/IBE-UPF/TFM/Master_projects/PhyloPhere/Data/6.CAAS_traitfiles/Ranked/df4_sp.tab
ACAP3@616	0	1000	0.0		/home/miguel/IBE-UPF/TFM/Master_projects/PhyloPhere/Data/6.CAAS_traitfiles/Ranked/df4_sp.tab
ACAP3@618	22	1000	0.022	b_958,b_110,b_593,b_163,b_968,b_209,b_1000,b_932,b_856,b_716,b_771,b_605,b_804,b_59,b_154,b_807,b_829,b_914,b_61,b_980,b_65,b_222	/home/miguel/IBE-UPF/TFM/Master_projects/PhyloPhere/Data/6.CAAS_traitfiles/Ranked/df4_sp.tab
ACAP3@625	0	1000	0.0		/home/miguel/IBE-UPF/TFM/Master_projects/PhyloPhere/Data/6.CAAS_traitfiles/Ranked/df4_sp.tab
ACAP3@626	0	1000	0.0		/home/miguel/IBE-UPF/TFM/Master_projects/PhyloPhere/Data/6.CAAS_traitfiles/Ranked/df4_sp.tab
ACAP3@627	18	1000	0.018	b_891,b_351,b_962,b_444,b_29,b_254,b_71,b_609,b_545,b_780,b_85,b_941,b_414,b_578,b_188,b_698,b_50,b_666	/home/miguel/IBE-UPF/TFM/Master_projects/PhyloPhere/Data/6.CAAS_traitfiles/Ranked/df4_sp.tab
ACAP3@629	15	1000	0.015	b_670,b_351,b_962,b_444,b_254,b_71,b_609,b_545,b_780,b_85,b_941,b_414,b_578,b_188,b_666	/home/miguel/IBE-UPF/TFM/Master_projects/PhyloPhere/Data/6.CAAS_traitfiles/Ranked/df4_sp.tab
ACAP3@630	0	1000	0.0		/home/miguel/IBE-UPF/TFM/Master_projects/PhyloPhere/Data/6.CAAS_traitfiles/Ranked/df4_sp.tab
ACAP3@631	0	1000	0.0		/home/miguel/IBE-UPF/TFM/Master_projects/PhyloPhere/Data/6.CAAS_traitfiles/Ranked/df4_sp.tab
ACAP3@633	0	1000	0.0		/home/miguel/IBE-UPF/TFM/Master_projects/PhyloPhere/Data/6.CAAS_traitfiles/Ranked/df4_sp.tab
ACAP3@635	0	1000	0.0		/home/miguel/IBE-UPF/TFM/Master_projects/PhyloPhere/Data/6.CAAS_traitfiles/Ranked/df4_sp.tab
ACAP3@638	0	1000	0.0		/home/miguel/IBE-UPF/TFM/Master_projects/PhyloPhere/Data/6.CAAS_traitfiles/Ranked/df4_sp.tab
ACAP3@643	0	1000	0.0		/home/miguel/IBE-UPF/TFM/Master_projects/PhyloPhere/Data/6.CAAS_traitfiles/Ranked/df4_sp.tab
ACAP3@656	19	1000	0.019	b_670,b_351,b_962,b_506,b_444,b_254,b_71,b_609,b_545,b_726,b_780,b_85,b_941,b_414,b_309,b_578,b_188,b_3,b_666	/home/miguel/IBE-UPF/TFM/Master_projects/PhyloPhere/Data/6.CAAS_traitfiles/Ranked/df4_sp.tab
ACAP3@657	0	1000	0.0		/home/miguel/IBE-UPF/TFM/Master_projects/PhyloPhere/Data/6.CAAS_traitfiles/Ranked/df4_sp.tab
ACAP3@661	0	1000	0.0		/home/miguel/IBE-UPF/TFM/Master_projects/PhyloPhere/Data/6.CAAS_traitfiles/Ranked/df4_sp.tab
ACAP3@663	0	1000	0.0		/home/miguel/IBE-UPF/TFM/Master_projects/PhyloPhere/Data/6.CAAS_traitfiles/Ranked/df4_sp.tab
ACAP3@664	0	1000	0.0		/home/miguel/IBE-UPF/TFM/Master_projects/PhyloPhere/Data/6.CAAS_traitfiles/Ranked/df4_sp.tab
ACAP3@669	0	1000	0.0		/home/miguel/IBE-UPF/TFM/Master_projects/PhyloPhere/Data/6.CAAS_traitfiles/Ranked/df4_sp.tab
ACAP3@671	0	1000	0.0		/home/miguel/IBE-UPF/TFM/Master_projects/PhyloPhere/Data/6.CAAS_traitfiles/Ranked/df4_sp.tab
ACAP3@673	3	1000	0.003	b_268,b_974,b_288	/home/miguel/IBE-UPF/TFM/Master_projects/PhyloPhere/Data/6.CAAS_traitfiles/Ranked/df4_sp.tab
ACAP3@676	0	1000	0.0		/home/miguel/IBE-UPF/TFM/Master_projects/PhyloPhere/Data/6.CAAS_traitfiles/Ranked/df4_sp.tab
ACAP3@678	0	1000	0.0		/home/miguel/IBE-UPF/TFM/Master_projects/PhyloPhere/Data/6.CAAS_traitfiles/Ranked/df4_sp.tab
ACAP3@690	0	1000	0.0		/home/miguel/IBE-UPF/TFM/Master_projects/PhyloPhere/Data/6.CAAS_traitfiles/Ranked/df4_sp.tab
ACAP3@710	0	1000	0.0		/home/miguel/IBE-UPF/TFM/Master_projects/PhyloPhere/Data/6.CAAS_traitfiles/Ranked/df4_sp.tab
ACAP3@720	0	1000	0.0		/home/miguel/IBE-UPF/TFM/Master_projects/PhyloPhere/Data/6.CAAS_traitfiles/Ranked/df4_sp.tab
ACAP3@722	0	1000	0.0		/home/miguel/IBE-UPF/TFM/Master_projects/PhyloPhere/Data/6.CAAS_traitfiles/Ranked/df4_sp.tab
ACAP3@723	0	1000	0.0		/home/miguel/IBE-UPF/TFM/Master_projects/PhyloPhere/Data/6.CAAS_traitfiles/Ranked/df4_sp.tab
ACAP3@724	0	1000	0.0		/home/miguel/IBE-UPF/TFM/Master_projects/PhyloPhere/Data/6.CAAS_traitfiles/Ranked/df4_sp.tab
ACAP3@725	0	1000	0.0		/home/miguel/IBE-UPF/TFM/Master_projects/PhyloPhere/Data/6.CAAS_traitfiles/Ranked/df4_sp.tab
ACAP3@726	0	1000	0.0		/home/miguel/IBE-UPF/TFM/Master_projects/PhyloPhere/Data/6.CAAS_traitfiles/Ranked/df4_sp.tab
ACAP3@727	0	1000	0.0		/home/miguel/IBE-UPF/TFM/Master_projects/PhyloPhere/Data/6.CAAS_traitfiles/Ranked/df4_sp.tab
ACAP3@728	0	1000	0.0		/home/miguel/IBE-UPF/TFM/Master_projects/PhyloPhere/Data/6.CAAS_traitfiles/Ranked/df4_sp.tab
ACAP3@730	0	1000	0.0		/home/miguel/IBE-UPF/TFM/Master_projects/PhyloPhere/Data/6.CAAS_traitfiles/Ranked/df4_sp.tab
ACAP3@732	0	1000	0.0		/home/miguel/IBE-UPF/TFM/Master_projects/PhyloPhere/Data/6.CAAS_traitfiles/Ranked/df4_sp.tab
ACAP3@733	0	1000	0.0		/home/miguel/IBE-UPF/TFM/Master_projects/PhyloPhere/Data/6.CAAS_traitfiles/Ranked/df4_sp.tab
ACAP3@734	0	1000	0.0		/home/miguel/IBE-UPF/TFM/Master_projects/PhyloPhere/Data/6.CAAS_traitfiles/Ranked/df4_sp.tab
ACAP3@735	0	1000	0.0		/home/miguel/IBE-UPF/TFM/Master_projects/PhyloPhere/Data/6.CAAS_traitfiles/Ranked/df4_sp.tab
ACAP3@736	0	1000	0.0		/home/miguel/IBE-UPF/TFM/Master_projects/PhyloPhere/Data/6.CAAS_traitfiles/Ranked/df4_sp.tab
ACAP3@737	0	1000	0.0		/home/miguel/IBE-UPF/TFM/Master_projects/PhyloPhere/Data/6.CAAS_traitfiles/Ranked/df4_sp.tab
ACAP3@738	0	1000	0.0		/home/miguel/IBE-UPF/TFM/Master_projects/PhyloPhere/Data/6.CAAS_traitfiles/Ranked/df4_sp.tab
ACAP3@739	0	1000	0.0		/home/miguel/IBE-UPF/TFM/Master_projects/PhyloPhere/Data/6.CAAS_traitfiles/Ranked/df4_sp.tab
ACAP3@740	1	1000	0.001	b_504	/home/miguel/IBE-UPF/TFM/Master_projects/PhyloPhere/Data/6.CAAS_traitfiles/Ranked/df4_sp.tab
ACAP3@741	23	1000	0.023	b_670,b_351,b_341,b_962,b_701,b_444,b_915,b_254,b_454,b_71,b_954,b_609,b_545,b_246,b_780,b_85,b_840,b_941,b_414,b_578,b_188,b_417,b_666	/home/miguel/IBE-UPF/TFM/Master_projects/PhyloPhere/Data/6.CAAS_traitfiles/Ranked/df4_sp.tab
ACAP3@742	0	1000	0.0		/home/miguel/IBE-UPF/TFM/Master_projects/PhyloPhere/Data/6.CAAS_traitfiles/Ranked/df4_sp.tab
ACAP3@743	0	1000	0.0		/home/miguel/IBE-UPF/TFM/Master_projects/PhyloPhere/Data/6.CAAS_traitfiles/Ranked/df4_sp.tab
ACAP3@744	0	1000	0.0		/home/miguel/IBE-UPF/TFM/Master_projects/PhyloPhere/Data/6.CAAS_traitfiles/Ranked/df4_sp.tab
ACAP3@745	0	1000	0.0		/home/miguel/IBE-UPF/TFM/Master_projects/PhyloPhere/Data/6.CAAS_traitfiles/Ranked/df4_sp.tab
ACAP3@746	0	1000	0.0		/home/miguel/IBE-UPF/TFM/Master_projects/PhyloPhere/Data/6.CAAS_traitfiles/Ranked/df4_sp.tab
ACAP3@747	0	1000	0.0		/home/miguel/IBE-UPF/TFM/Master_projects/PhyloPhere/Data/6.CAAS_traitfiles/Ranked/df4_sp.tab
ACAP3@750	0	1000	0.0		/home/miguel/IBE-UPF/TFM/Master_projects/PhyloPhere/Data/6.CAAS_traitfiles/Ranked/df4_sp.tab
ACAP3@751	0	1000	0.0		/home/miguel/IBE-UPF/TFM/Master_projects/PhyloPhere/Data/6.CAAS_traitfiles/Ranked/df4_sp.tab
ACAP3@754	0	1000	0.0		/home/miguel/IBE-UPF/TFM/Master_projects/PhyloPhere/Data/6.CAAS_traitfiles/Ranked/df4_sp.tab
ACAP3@755	0	1000	0.0		/home/miguel/IBE-UPF/TFM/Master_projects/PhyloPhere/Data/6.CAAS_traitfiles/Ranked/df4_sp.tab
ACAP3@756	0	1000	0.0		/home/miguel/IBE-UPF/TFM/Master_projects/PhyloPhere/Data/6.CAAS_traitfiles/Ranked/df4_sp.tab
ACAP3@757	0	1000	0.0		/home/miguel/IBE-UPF/TFM/Master_projects/PhyloPhere/Data/6.CAAS_traitfiles/Ranked/df4_sp.tab
ACAP3@759	0	1000	0.0		/home/miguel/IBE-UPF/TFM/Master_projects/PhyloPhere/Data/6.CAAS_traitfiles/Ranked/df4_sp.tab
ACAP3@760	0	1000	0.0		/home/miguel/IBE-UPF/TFM/Master_projects/PhyloPhere/Data/6.CAAS_traitfiles/Ranked/df4_sp.tab
ACAP3@761	0	1000	0.0		/home/miguel/IBE-UPF/TFM/Master_projects/PhyloPhere/Data/6.CAAS_traitfiles/Ranked/df4_sp.tab
ACAP3@762	0	1000	0.0		/home/miguel/IBE-UPF/TFM/Master_projects/PhyloPhere/Data/6.CAAS_traitfiles/Ranked/df4_sp.tab
ACAP3@763	0	1000	0.0		/home/miguel/IBE-UPF/TFM/Master_projects/PhyloPhere/Data/6.CAAS_traitfiles/Ranked/df4_sp.tab
ACAP3@769	34	1000	0.034	b_312,b_570,b_828,b_317,b_412,b_805,b_353,b_774,b_363,b_334,b_136,b_36,b_243,b_932,b_240,b_549,b_875,b_739,b_335,b_26,b_780,b_720,b_610,b_453,b_883,b_155,b_668,b_807,b_615,b_579,b_135,b_635,b_844,b_65	/home/miguel/IBE-UPF/TFM/Master_projects/PhyloPhere/Data/6.CAAS_traitfiles/Ranked/df4_sp.tab
ACAP3@770	0	1000	0.0		/home/miguel/IBE-UPF/TFM/Master_projects/PhyloPhere/Data/6.CAAS_traitfiles/Ranked/df4_sp.tab
ACAP3@771	0	1000	0.0		/home/miguel/IBE-UPF/TFM/Master_projects/PhyloPhere/Data/6.CAAS_traitfiles/Ranked/df4_sp.tab
ACAP3@772	24	1000	0.024	b_670,b_351,b_95,b_885,b_962,b_444,b_595,b_254,b_991,b_71,b_333,b_609,b_451,b_545,b_780,b_85,b_941,b_414,b_167,b_578,b_217,b_188,b_114,b_666	/home/miguel/IBE-UPF/TFM/Master_projects/PhyloPhere/Data/6.CAAS_traitfiles/Ranked/df4_sp.tab
ACAP3@775	17	1000	0.017	b_670,b_351,b_962,b_506,b_444,b_254,b_71,b_609,b_545,b_780,b_85,b_941,b_414,b_309,b_578,b_188,b_666	/home/miguel/IBE-UPF/TFM/Master_projects/PhyloPhere/Data/6.CAAS_traitfiles/Ranked/df4_sp.tab
ACAP3@777	0	1000	0.0		/home/miguel/IBE-UPF/TFM/Master_projects/PhyloPhere/Data/6.CAAS_traitfiles/Ranked/df4_sp.tab
ACAP3@779	0	1000	0.0		/home/miguel/IBE-UPF/TFM/Master_projects/PhyloPhere/Data/6.CAAS_traitfiles/Ranked/df4_sp.tab
ACAP3@783	0	1000	0.0		/home/miguel/IBE-UPF/TFM/Master_projects/PhyloPhere/Data/6.CAAS_traitfiles/Ranked/df4_sp.tab
ACAP3@785	0	1000	0.0		/home/miguel/IBE-UPF/TFM/Master_projects/PhyloPhere/Data/6.CAAS_traitfiles/Ranked/df4_sp.tab
ACAP3@798	0	1000	0.0		/home/miguel/IBE-UPF/TFM/Master_projects/PhyloPhere/Data/6.CAAS_traitfiles/Ranked/df4_sp.tab
ACAP3@799	0	1000	0.0		/home/miguel/IBE-UPF/TFM/Master_projects/PhyloPhere/Data/6.CAAS_traitfiles/Ranked/df4_sp.tab
ACAP3@800	0	1000	0.0		/home/miguel/IBE-UPF/TFM/Master_projects/PhyloPhere/Data/6.CAAS_traitfiles/Ranked/df4_sp.tab
