ACOT8@3	0	1000	0.0		/home/miguel/IBE-UPF/TFM/Master_projects/PhyloPhere/Data/6.CAAS_traitfiles/Ranked/df4_sp.tab
ACOT8@4	0	1000	0.0		/home/miguel/IBE-UPF/TFM/Master_projects/PhyloPhere/Data/6.CAAS_traitfiles/Ranked/df4_sp.tab
ACOT8@5	17	1000	0.017	b_54,b_780,b_135,b_38,b_21,b_807,b_24,b_490,b_791,b_319,b_88,b_209,b_610,b_163,b_335,b_577,b_812	/home/miguel/IBE-UPF/TFM/Master_projects/PhyloPhere/Data/6.CAAS_traitfiles/Ranked/df4_sp.tab
ACOT8@6	0	1000	0.0		/home/miguel/IBE-UPF/TFM/Master_projects/PhyloPhere/Data/6.CAAS_traitfiles/Ranked/df4_sp.tab
ACOT8@8	0	1000	0.0		/home/miguel/IBE-UPF/TFM/Master_projects/PhyloPhere/Data/6.CAAS_traitfiles/Ranked/df4_sp.tab
ACOT8@9	8	1000	0.008	b_254,b_931,b_780,b_123,b_448,b_574,b_444,b_647	/home/miguel/IBE-UPF/TFM/Master_projects/PhyloPhere/Data/6.CAAS_traitfiles/Ranked/df4_sp.tab
ACOT8@12	13	1000	0.013	b_645,b_85,b_891,b_634,b_703,b_158,b_123,b_153,b_681,b_574,b_444,b_255,b_29	/home/miguel/IBE-UPF/TFM/Master_projects/PhyloPhere/Data/6.CAAS_traitfiles/Ranked/df4_sp.tab
ACOT8@14	22	1000	0.022	b_134,b_780,b_135,b_38,b_21,b_240,b_807,b_788,b_789,b_388,b_610,b_52,b_243,b_165,b_312,b_335,b_875,b_481,b_577,b_36,b_363,b_812	/home/miguel/IBE-UPF/TFM/Master_projects/PhyloPhere/Data/6.CAAS_traitfiles/Ranked/df4_sp.tab
ACOT8@15	0	1000	0.0		/home/miguel/IBE-UPF/TFM/Master_projects/PhyloPhere/Data/6.CAAS_traitfiles/Ranked/df4_sp.tab
ACOT8@16	0	1000	0.0		/home/miguel/IBE-UPF/TFM/Master_projects/PhyloPhere/Data/6.CAAS_traitfiles/Ranked/df4_sp.tab
ACOT8@19	11	1000	0.011	b_767,b_891,b_992,b_104,b_890,b_110,b_243,b_172,b_366,b_510,b_29	/home/miguel/IBE-UPF/TFM/Master_projects/PhyloPhere/Data/6.CAAS_traitfiles/Ranked/df4_sp.tab
ACOT8@22	0	1000	0.0		/home/miguel/IBE-UPF/TFM/Master_projects/PhyloPhere/Data/6.CAAS_traitfiles/Ranked/df4_sp.tab
ACOT8@23	0	1000	0.0		/home/miguel/IBE-UPF/TFM/Master_projects/PhyloPhere/Data/6.CAAS_traitfiles/Ranked/df4_sp.tab
ACOT8@24	0	1000	0.0		/home/miguel/IBE-UPF/TFM/Master_projects/PhyloPhere/Data/6.CAAS_traitfiles/Ranked/df4_sp.tab
ACOT8@28	20	1000	0.02	b_926,b_992,b_703,b_95,b_361,b_82,b_462,b_621,b_273,b_883,b_52,b_151,b_110,b_243,b_366,b_312,b_510,b_29,b_667,b_526	/home/miguel/IBE-UPF/TFM/Master_projects/PhyloPhere/Data/6.CAAS_traitfiles/Ranked/df4_sp.tab
ACOT8@40	0	1000	0.0		/home/miguel/IBE-UPF/TFM/Master_projects/PhyloPhere/Data/6.CAAS_traitfiles/Ranked/df4_sp.tab
ACOT8@49	11	1000	0.011	b_254,b_931,b_213,b_780,b_546,b_703,b_240,b_309,b_388,b_647,b_481	/home/miguel/IBE-UPF/TFM/Master_projects/PhyloPhere/Data/6.CAAS_traitfiles/Ranked/df4_sp.tab
ACOT8@73	0	1000	0.0		/home/miguel/IBE-UPF/TFM/Master_projects/PhyloPhere/Data/6.CAAS_traitfiles/Ranked/df4_sp.tab
ACOT8@89	5	1000	0.005	b_992,b_104,b_110,b_243,b_366	/home/miguel/IBE-UPF/TFM/Master_projects/PhyloPhere/Data/6.CAAS_traitfiles/Ranked/df4_sp.tab
ACOT8@95	0	1000	0.0		/home/miguel/IBE-UPF/TFM/Master_projects/PhyloPhere/Data/6.CAAS_traitfiles/Ranked/df4_sp.tab
ACOT8@106	0	1000	0.0		/home/miguel/IBE-UPF/TFM/Master_projects/PhyloPhere/Data/6.CAAS_traitfiles/Ranked/df4_sp.tab
ACOT8@122	4	1000	0.004	b_807,b_875,b_577,b_812	/home/miguel/IBE-UPF/TFM/Master_projects/PhyloPhere/Data/6.CAAS_traitfiles/Ranked/df4_sp.tab
ACOT8@128	3	1000	0.003	b_780,b_574,b_647	/home/miguel/IBE-UPF/TFM/Master_projects/PhyloPhere/Data/6.CAAS_traitfiles/Ranked/df4_sp.tab
ACOT8@129	9	1000	0.009	b_254,b_85,b_780,b_703,b_123,b_448,b_574,b_444,b_647	/home/miguel/IBE-UPF/TFM/Master_projects/PhyloPhere/Data/6.CAAS_traitfiles/Ranked/df4_sp.tab
ACOT8@134	47	1000	0.047	b_254,b_645,b_85,b_926,b_780,b_891,b_992,b_78,b_135,b_703,b_38,b_21,b_240,b_807,b_95,b_361,b_82,b_123,b_462,b_45,b_274,b_448,b_890,b_388,b_273,b_883,b_610,b_574,b_52,b_444,b_151,b_110,b_243,b_165,b_366,b_312,b_335,b_510,b_29,b_667,b_875,b_647,b_481,b_577,b_526,b_363,b_812	/home/miguel/IBE-UPF/TFM/Master_projects/PhyloPhere/Data/6.CAAS_traitfiles/Ranked/df4_sp.tab
ACOT8@148	0	1000	0.0		/home/miguel/IBE-UPF/TFM/Master_projects/PhyloPhere/Data/6.CAAS_traitfiles/Ranked/df4_sp.tab
ACOT8@152	47	1000	0.047	b_254,b_645,b_85,b_926,b_780,b_891,b_992,b_78,b_135,b_703,b_38,b_21,b_240,b_807,b_95,b_361,b_82,b_123,b_462,b_45,b_274,b_448,b_890,b_388,b_273,b_883,b_610,b_574,b_52,b_444,b_151,b_110,b_243,b_165,b_366,b_312,b_335,b_510,b_29,b_667,b_875,b_647,b_481,b_577,b_526,b_363,b_812	/home/miguel/IBE-UPF/TFM/Master_projects/PhyloPhere/Data/6.CAAS_traitfiles/Ranked/df4_sp.tab
ACOT8@153	0	1000	0.0		/home/miguel/IBE-UPF/TFM/Master_projects/PhyloPhere/Data/6.CAAS_traitfiles/Ranked/df4_sp.tab
ACOT8@154	34	1000	0.034	b_645,b_926,b_891,b_992,b_78,b_703,b_21,b_95,b_361,b_82,b_462,b_45,b_274,b_890,b_971,b_388,b_273,b_805,b_883,b_574,b_52,b_151,b_817,b_110,b_243,b_366,b_312,b_774,b_510,b_29,b_667,b_526,b_98,b_36	/home/miguel/IBE-UPF/TFM/Master_projects/PhyloPhere/Data/6.CAAS_traitfiles/Ranked/df4_sp.tab
ACOT8@155	6	1000	0.006	b_645,b_85,b_703,b_123,b_448,b_444	/home/miguel/IBE-UPF/TFM/Master_projects/PhyloPhere/Data/6.CAAS_traitfiles/Ranked/df4_sp.tab
ACOT8@156	0	1000	0.0		/home/miguel/IBE-UPF/TFM/Master_projects/PhyloPhere/Data/6.CAAS_traitfiles/Ranked/df4_sp.tab
ACOT8@157	0	1000	0.0		/home/miguel/IBE-UPF/TFM/Master_projects/PhyloPhere/Data/6.CAAS_traitfiles/Ranked/df4_sp.tab
ACOT8@158	0	1000	0.0		/home/miguel/IBE-UPF/TFM/Master_projects/PhyloPhere/Data/6.CAAS_traitfiles/Ranked/df4_sp.tab
ACOT8@159	0	1000	0.0		/home/miguel/IBE-UPF/TFM/Master_projects/PhyloPhere/Data/6.CAAS_traitfiles/Ranked/df4_sp.tab
ACOT8@160	0	1000	0.0		/home/miguel/IBE-UPF/TFM/Master_projects/PhyloPhere/Data/6.CAAS_traitfiles/Ranked/df4_sp.tab
ACOT8@162	0	1000	0.0		/home/miguel/IBE-UPF/TFM/Master_projects/PhyloPhere/Data/6.CAAS_traitfiles/Ranked/df4_sp.tab
ACOT8@163	0	1000	0.0		/home/miguel/IBE-UPF/TFM/Master_projects/PhyloPhere/Data/6.CAAS_traitfiles/Ranked/df4_sp.tab
ACOT8@164	0	1000	0.0		/home/miguel/IBE-UPF/TFM/Master_projects/PhyloPhere/Data/6.CAAS_traitfiles/Ranked/df4_sp.tab
ACOT8@166	0	1000	0.0		/home/miguel/IBE-UPF/TFM/Master_projects/PhyloPhere/Data/6.CAAS_traitfiles/Ranked/df4_sp.tab
ACOT8@167	9	1000	0.009	b_254,b_85,b_780,b_703,b_123,b_448,b_574,b_444,b_647	/home/miguel/IBE-UPF/TFM/Master_projects/PhyloPhere/Data/6.CAAS_traitfiles/Ranked/df4_sp.tab
ACOT8@168	24	1000	0.024	b_254,b_645,b_85,b_780,b_891,b_703,b_964,b_158,b_82,b_123,b_462,b_274,b_448,b_890,b_273,b_648,b_574,b_444,b_110,b_255,b_510,b_29,b_647,b_526	/home/miguel/IBE-UPF/TFM/Master_projects/PhyloPhere/Data/6.CAAS_traitfiles/Ranked/df4_sp.tab
ACOT8@169	0	1000	0.0		/home/miguel/IBE-UPF/TFM/Master_projects/PhyloPhere/Data/6.CAAS_traitfiles/Ranked/df4_sp.tab
ACOT8@170	0	1000	0.0		/home/miguel/IBE-UPF/TFM/Master_projects/PhyloPhere/Data/6.CAAS_traitfiles/Ranked/df4_sp.tab
ACOT8@171	0	1000	0.0		/home/miguel/IBE-UPF/TFM/Master_projects/PhyloPhere/Data/6.CAAS_traitfiles/Ranked/df4_sp.tab
ACOT8@172	32	1000	0.032	b_826,b_926,b_304,b_891,b_703,b_240,b_807,b_24,b_95,b_361,b_82,b_490,b_462,b_45,b_890,b_319,b_273,b_88,b_209,b_883,b_610,b_163,b_52,b_151,b_110,b_243,b_366,b_312,b_335,b_29,b_667,b_526	/home/miguel/IBE-UPF/TFM/Master_projects/PhyloPhere/Data/6.CAAS_traitfiles/Ranked/df4_sp.tab
ACOT8@174	0	1000	0.0		/home/miguel/IBE-UPF/TFM/Master_projects/PhyloPhere/Data/6.CAAS_traitfiles/Ranked/df4_sp.tab
ACOT8@175	2	1000	0.002	b_577,b_812	/home/miguel/IBE-UPF/TFM/Master_projects/PhyloPhere/Data/6.CAAS_traitfiles/Ranked/df4_sp.tab
ACOT8@176	0	1000	0.0		/home/miguel/IBE-UPF/TFM/Master_projects/PhyloPhere/Data/6.CAAS_traitfiles/Ranked/df4_sp.tab
ACOT8@179	1	1000	0.001	b_254	/home/miguel/IBE-UPF/TFM/Master_projects/PhyloPhere/Data/6.CAAS_traitfiles/Ranked/df4_sp.tab
ACOT8@181	0	1000	0.0		/home/miguel/IBE-UPF/TFM/Master_projects/PhyloPhere/Data/6.CAAS_traitfiles/Ranked/df4_sp.tab
ACOT8@188	6	1000	0.006	b_767,b_104,b_144,b_243,b_172,b_782	/home/miguel/IBE-UPF/TFM/Master_projects/PhyloPhere/Data/6.CAAS_traitfiles/Ranked/df4_sp.tab
ACOT8@189	0	1000	0.0		/home/miguel/IBE-UPF/TFM/Master_projects/PhyloPhere/Data/6.CAAS_traitfiles/Ranked/df4_sp.tab
ACOT8@190	0	1000	0.0		/home/miguel/IBE-UPF/TFM/Master_projects/PhyloPhere/Data/6.CAAS_traitfiles/Ranked/df4_sp.tab
ACOT8@191	16	1000	0.016	b_826,b_807,b_785,b_361,b_82,b_458,b_520,b_621,b_883,b_52,b_151,b_110,b_870,b_366,b_399,b_667	/home/miguel/IBE-UPF/TFM/Master_projects/PhyloPhere/Data/6.CAAS_traitfiles/Ranked/df4_sp.tab
ACOT8@192	22	1000	0.022	b_645,b_992,b_78,b_703,b_95,b_361,b_82,b_462,b_45,b_274,b_890,b_273,b_883,b_574,b_52,b_151,b_110,b_243,b_366,b_312,b_510,b_667	/home/miguel/IBE-UPF/TFM/Master_projects/PhyloPhere/Data/6.CAAS_traitfiles/Ranked/df4_sp.tab
ACOT8@193	0	1000	0.0		/home/miguel/IBE-UPF/TFM/Master_projects/PhyloPhere/Data/6.CAAS_traitfiles/Ranked/df4_sp.tab
ACOT8@194	0	1000	0.0		/home/miguel/IBE-UPF/TFM/Master_projects/PhyloPhere/Data/6.CAAS_traitfiles/Ranked/df4_sp.tab
ACOT8@197	0	1000	0.0		/home/miguel/IBE-UPF/TFM/Master_projects/PhyloPhere/Data/6.CAAS_traitfiles/Ranked/df4_sp.tab
ACOT8@198	0	1000	0.0		/home/miguel/IBE-UPF/TFM/Master_projects/PhyloPhere/Data/6.CAAS_traitfiles/Ranked/df4_sp.tab
ACOT8@209	11	1000	0.011	b_135,b_21,b_240,b_807,b_388,b_610,b_165,b_335,b_481,b_577,b_363	/home/miguel/IBE-UPF/TFM/Master_projects/PhyloPhere/Data/6.CAAS_traitfiles/Ranked/df4_sp.tab
ACOT8@211	0	1000	0.0		/home/miguel/IBE-UPF/TFM/Master_projects/PhyloPhere/Data/6.CAAS_traitfiles/Ranked/df4_sp.tab
ACOT8@214	0	1000	0.0		/home/miguel/IBE-UPF/TFM/Master_projects/PhyloPhere/Data/6.CAAS_traitfiles/Ranked/df4_sp.tab
ACOT8@217	9	1000	0.009	b_254,b_85,b_780,b_703,b_123,b_448,b_574,b_444,b_647	/home/miguel/IBE-UPF/TFM/Master_projects/PhyloPhere/Data/6.CAAS_traitfiles/Ranked/df4_sp.tab
ACOT8@237	9	1000	0.009	b_21,b_251,b_144,b_388,b_335,b_161,b_481,b_533,b_812	/home/miguel/IBE-UPF/TFM/Master_projects/PhyloPhere/Data/6.CAAS_traitfiles/Ranked/df4_sp.tab
ACOT8@240	0	1000	0.0		/home/miguel/IBE-UPF/TFM/Master_projects/PhyloPhere/Data/6.CAAS_traitfiles/Ranked/df4_sp.tab
ACOT8@241	9	1000	0.009	b_254,b_85,b_780,b_703,b_123,b_448,b_574,b_444,b_647	/home/miguel/IBE-UPF/TFM/Master_projects/PhyloPhere/Data/6.CAAS_traitfiles/Ranked/df4_sp.tab
ACOT8@242	15	1000	0.015	b_780,b_135,b_38,b_21,b_240,b_807,b_388,b_610,b_165,b_335,b_875,b_481,b_577,b_363,b_812	/home/miguel/IBE-UPF/TFM/Master_projects/PhyloPhere/Data/6.CAAS_traitfiles/Ranked/df4_sp.tab
ACOT8@244	9	1000	0.009	b_254,b_85,b_780,b_703,b_123,b_448,b_574,b_444,b_647	/home/miguel/IBE-UPF/TFM/Master_projects/PhyloPhere/Data/6.CAAS_traitfiles/Ranked/df4_sp.tab
ACOT8@245	0	1000	0.0		/home/miguel/IBE-UPF/TFM/Master_projects/PhyloPhere/Data/6.CAAS_traitfiles/Ranked/df4_sp.tab
ACOT8@246	0	1000	0.0		/home/miguel/IBE-UPF/TFM/Master_projects/PhyloPhere/Data/6.CAAS_traitfiles/Ranked/df4_sp.tab
ACOT8@247	0	1000	0.0		/home/miguel/IBE-UPF/TFM/Master_projects/PhyloPhere/Data/6.CAAS_traitfiles/Ranked/df4_sp.tab
ACOT8@260	0	1000	0.0		/home/miguel/IBE-UPF/TFM/Master_projects/PhyloPhere/Data/6.CAAS_traitfiles/Ranked/df4_sp.tab
ACOT8@273	0	1000	0.0		/home/miguel/IBE-UPF/TFM/Master_projects/PhyloPhere/Data/6.CAAS_traitfiles/Ranked/df4_sp.tab
ACOT8@285	0	1000	0.0		/home/miguel/IBE-UPF/TFM/Master_projects/PhyloPhere/Data/6.CAAS_traitfiles/Ranked/df4_sp.tab
ACOT8@291	14	1000	0.014	b_660,b_361,b_890,b_805,b_883,b_52,b_817,b_243,b_366,b_312,b_774,b_510,b_667,b_526	/home/miguel/IBE-UPF/TFM/Master_projects/PhyloPhere/Data/6.CAAS_traitfiles/Ranked/df4_sp.tab
ACOT8@298	9	1000	0.009	b_254,b_85,b_780,b_703,b_123,b_448,b_574,b_444,b_647	/home/miguel/IBE-UPF/TFM/Master_projects/PhyloPhere/Data/6.CAAS_traitfiles/Ranked/df4_sp.tab
ACOT8@308	0	1000	0.0		/home/miguel/IBE-UPF/TFM/Master_projects/PhyloPhere/Data/6.CAAS_traitfiles/Ranked/df4_sp.tab
ACOT8@309	0	1000	0.0		/home/miguel/IBE-UPF/TFM/Master_projects/PhyloPhere/Data/6.CAAS_traitfiles/Ranked/df4_sp.tab
ACOT8@310	17	1000	0.017	b_926,b_891,b_141,b_361,b_927,b_274,b_890,b_273,b_648,b_480,b_574,b_110,b_255,b_510,b_169,b_526,b_98	/home/miguel/IBE-UPF/TFM/Master_projects/PhyloPhere/Data/6.CAAS_traitfiles/Ranked/df4_sp.tab
ACOT8@312	0	1000	0.0		/home/miguel/IBE-UPF/TFM/Master_projects/PhyloPhere/Data/6.CAAS_traitfiles/Ranked/df4_sp.tab
ACOT8@313	19	1000	0.019	b_372,b_135,b_964,b_21,b_807,b_890,b_388,b_805,b_883,b_52,b_817,b_674,b_294,b_335,b_510,b_875,b_481,b_577,b_812	/home/miguel/IBE-UPF/TFM/Master_projects/PhyloPhere/Data/6.CAAS_traitfiles/Ranked/df4_sp.tab
