ACSS1@2	40	1000	0.04	b_668,b_997,b_680,b_649,b_10,b_135,b_21,b_610,b_835,b_948,b_807,b_485,b_363,b_140,b_265,b_367,b_989,b_971,b_385,b_376,b_38,b_86,b_34,b_335,b_244,b_325,b_743,b_962,b_388,b_663,b_953,b_841,b_633,b_636,b_577,b_165,b_913,b_719,b_812,b_970	/home/miguel/IBE-UPF/TFM/Master_projects/PhyloPhere/Data/6.CAAS_traitfiles/Ranked/df4_sp.tab
ACSS1@3	21	1000	0.021	b_997,b_680,b_810,b_880,b_485,b_140,b_265,b_989,b_385,b_38,b_451,b_34,b_743,b_725,b_663,b_633,b_636,b_165,b_217,b_913,b_719	/home/miguel/IBE-UPF/TFM/Master_projects/PhyloPhere/Data/6.CAAS_traitfiles/Ranked/df4_sp.tab
ACSS1@4	0	1000	0.0		/home/miguel/IBE-UPF/TFM/Master_projects/PhyloPhere/Data/6.CAAS_traitfiles/Ranked/df4_sp.tab
ACSS1@6	0	1000	0.0		/home/miguel/IBE-UPF/TFM/Master_projects/PhyloPhere/Data/6.CAAS_traitfiles/Ranked/df4_sp.tab
ACSS1@7	0	1000	0.0		/home/miguel/IBE-UPF/TFM/Master_projects/PhyloPhere/Data/6.CAAS_traitfiles/Ranked/df4_sp.tab
ACSS1@8	0	1000	0.0		/home/miguel/IBE-UPF/TFM/Master_projects/PhyloPhere/Data/6.CAAS_traitfiles/Ranked/df4_sp.tab
ACSS1@14	0	1000	0.0		/home/miguel/IBE-UPF/TFM/Master_projects/PhyloPhere/Data/6.CAAS_traitfiles/Ranked/df4_sp.tab
ACSS1@15	0	1000	0.0		/home/miguel/IBE-UPF/TFM/Master_projects/PhyloPhere/Data/6.CAAS_traitfiles/Ranked/df4_sp.tab
ACSS1@19	44	1000	0.044	b_992,b_366,b_787,b_615,b_361,b_110,b_883,b_734,b_628,b_890,b_141,b_462,b_688,b_926,b_480,b_574,b_284,b_29,b_510,b_82,b_86,b_700,b_645,b_894,b_396,b_52,b_526,b_703,b_841,b_274,b_667,b_891,b_95,b_136,b_312,b_243,b_78,b_976,b_710,b_273,b_151,b_45,b_418,b_964	/home/miguel/IBE-UPF/TFM/Master_projects/PhyloPhere/Data/6.CAAS_traitfiles/Ranked/df4_sp.tab
ACSS1@20	16	1000	0.016	b_780,b_135,b_21,b_610,b_481,b_807,b_363,b_240,b_38,b_335,b_875,b_388,b_577,b_165,b_155,b_812	/home/miguel/IBE-UPF/TFM/Master_projects/PhyloPhere/Data/6.CAAS_traitfiles/Ranked/df4_sp.tab
ACSS1@22	0	1000	0.0		/home/miguel/IBE-UPF/TFM/Master_projects/PhyloPhere/Data/6.CAAS_traitfiles/Ranked/df4_sp.tab
ACSS1@23	0	1000	0.0		/home/miguel/IBE-UPF/TFM/Master_projects/PhyloPhere/Data/6.CAAS_traitfiles/Ranked/df4_sp.tab
ACSS1@24	0	1000	0.0		/home/miguel/IBE-UPF/TFM/Master_projects/PhyloPhere/Data/6.CAAS_traitfiles/Ranked/df4_sp.tab
ACSS1@25	0	1000	0.0		/home/miguel/IBE-UPF/TFM/Master_projects/PhyloPhere/Data/6.CAAS_traitfiles/Ranked/df4_sp.tab
ACSS1@26	13	1000	0.013	b_412,b_993,b_203,b_206,b_39,b_367,b_232,b_34,b_962,b_633,b_903,b_913,b_970	/home/miguel/IBE-UPF/TFM/Master_projects/PhyloPhere/Data/6.CAAS_traitfiles/Ranked/df4_sp.tab
ACSS1@27	11	1000	0.011	b_647,b_780,b_85,b_188,b_444,b_941,b_123,b_71,b_962,b_609,b_448	/home/miguel/IBE-UPF/TFM/Master_projects/PhyloPhere/Data/6.CAAS_traitfiles/Ranked/df4_sp.tab
ACSS1@28	13	1000	0.013	b_992,b_366,b_110,b_890,b_470,b_533,b_894,b_104,b_767,b_172,b_243,b_710,b_221	/home/miguel/IBE-UPF/TFM/Master_projects/PhyloPhere/Data/6.CAAS_traitfiles/Ranked/df4_sp.tab
ACSS1@29	0	1000	0.0		/home/miguel/IBE-UPF/TFM/Master_projects/PhyloPhere/Data/6.CAAS_traitfiles/Ranked/df4_sp.tab
ACSS1@30	4	1000	0.004	b_890,b_548,b_315,b_923	/home/miguel/IBE-UPF/TFM/Master_projects/PhyloPhere/Data/6.CAAS_traitfiles/Ranked/df4_sp.tab
ACSS1@31	0	1000	0.0		/home/miguel/IBE-UPF/TFM/Master_projects/PhyloPhere/Data/6.CAAS_traitfiles/Ranked/df4_sp.tab
ACSS1@32	0	1000	0.0		/home/miguel/IBE-UPF/TFM/Master_projects/PhyloPhere/Data/6.CAAS_traitfiles/Ranked/df4_sp.tab
ACSS1@33	0	1000	0.0		/home/miguel/IBE-UPF/TFM/Master_projects/PhyloPhere/Data/6.CAAS_traitfiles/Ranked/df4_sp.tab
ACSS1@34	0	1000	0.0		/home/miguel/IBE-UPF/TFM/Master_projects/PhyloPhere/Data/6.CAAS_traitfiles/Ranked/df4_sp.tab
ACSS1@35	3	1000	0.003	b_188,b_941,b_71	/home/miguel/IBE-UPF/TFM/Master_projects/PhyloPhere/Data/6.CAAS_traitfiles/Ranked/df4_sp.tab
ACSS1@38	0	1000	0.0		/home/miguel/IBE-UPF/TFM/Master_projects/PhyloPhere/Data/6.CAAS_traitfiles/Ranked/df4_sp.tab
ACSS1@39	17	1000	0.017	b_578,b_647,b_780,b_85,b_188,b_574,b_444,b_941,b_351,b_254,b_123,b_71,b_703,b_962,b_545,b_609,b_448	/home/miguel/IBE-UPF/TFM/Master_projects/PhyloPhere/Data/6.CAAS_traitfiles/Ranked/df4_sp.tab
ACSS1@40	63	1000	0.063	b_997,b_412,b_993,b_680,b_810,b_10,b_780,b_135,b_21,b_972,b_610,b_481,b_744,b_880,b_948,b_807,b_771,b_485,b_363,b_140,b_240,b_265,b_373,b_367,b_989,b_385,b_375,b_900,b_376,b_38,b_86,b_392,b_451,b_34,b_307,b_335,b_244,b_531,b_325,b_501,b_743,b_725,b_875,b_962,b_388,b_663,b_841,b_490,b_633,b_185,b_636,b_903,b_577,b_442,b_165,b_665,b_304,b_217,b_913,b_719,b_812,b_970,b_57	/home/miguel/IBE-UPF/TFM/Master_projects/PhyloPhere/Data/6.CAAS_traitfiles/Ranked/df4_sp.tab
ACSS1@42	0	1000	0.0		/home/miguel/IBE-UPF/TFM/Master_projects/PhyloPhere/Data/6.CAAS_traitfiles/Ranked/df4_sp.tab
ACSS1@46	40	1000	0.04	b_992,b_366,b_787,b_615,b_361,b_110,b_883,b_734,b_628,b_890,b_462,b_688,b_926,b_574,b_284,b_29,b_510,b_82,b_86,b_700,b_645,b_894,b_396,b_52,b_526,b_703,b_841,b_274,b_667,b_891,b_95,b_136,b_312,b_243,b_78,b_976,b_710,b_273,b_151,b_45	/home/miguel/IBE-UPF/TFM/Master_projects/PhyloPhere/Data/6.CAAS_traitfiles/Ranked/df4_sp.tab
ACSS1@50	4	1000	0.004	b_992,b_579,b_916,b_243	/home/miguel/IBE-UPF/TFM/Master_projects/PhyloPhere/Data/6.CAAS_traitfiles/Ranked/df4_sp.tab
ACSS1@52	0	1000	0.0		/home/miguel/IBE-UPF/TFM/Master_projects/PhyloPhere/Data/6.CAAS_traitfiles/Ranked/df4_sp.tab
ACSS1@54	15	1000	0.015	b_647,b_85,b_188,b_236,b_140,b_574,b_444,b_941,b_351,b_123,b_703,b_962,b_545,b_609,b_448	/home/miguel/IBE-UPF/TFM/Master_projects/PhyloPhere/Data/6.CAAS_traitfiles/Ranked/df4_sp.tab
ACSS1@56	49	1000	0.049	b_997,b_993,b_680,b_810,b_10,b_780,b_135,b_21,b_610,b_481,b_880,b_948,b_807,b_485,b_363,b_140,b_240,b_265,b_373,b_367,b_989,b_385,b_376,b_38,b_86,b_392,b_451,b_34,b_335,b_244,b_325,b_743,b_725,b_875,b_962,b_388,b_663,b_841,b_633,b_636,b_903,b_577,b_165,b_665,b_217,b_913,b_719,b_812,b_970	/home/miguel/IBE-UPF/TFM/Master_projects/PhyloPhere/Data/6.CAAS_traitfiles/Ranked/df4_sp.tab
ACSS1@59	0	1000	0.0		/home/miguel/IBE-UPF/TFM/Master_projects/PhyloPhere/Data/6.CAAS_traitfiles/Ranked/df4_sp.tab
ACSS1@60	21	1000	0.021	b_780,b_135,b_21,b_481,b_880,b_948,b_485,b_363,b_240,b_367,b_989,b_385,b_38,b_86,b_335,b_743,b_638,b_577,b_165,b_719,b_812	/home/miguel/IBE-UPF/TFM/Master_projects/PhyloPhere/Data/6.CAAS_traitfiles/Ranked/df4_sp.tab
ACSS1@61	49	1000	0.049	b_997,b_993,b_680,b_810,b_10,b_780,b_135,b_21,b_610,b_481,b_880,b_948,b_807,b_485,b_363,b_140,b_240,b_265,b_373,b_367,b_989,b_385,b_376,b_38,b_86,b_392,b_451,b_34,b_335,b_244,b_325,b_743,b_725,b_875,b_962,b_388,b_663,b_841,b_633,b_636,b_903,b_577,b_165,b_665,b_217,b_913,b_719,b_812,b_970	/home/miguel/IBE-UPF/TFM/Master_projects/PhyloPhere/Data/6.CAAS_traitfiles/Ranked/df4_sp.tab
ACSS1@64	40	1000	0.04	b_668,b_997,b_680,b_649,b_10,b_135,b_21,b_610,b_835,b_948,b_807,b_485,b_363,b_140,b_265,b_367,b_989,b_971,b_385,b_376,b_38,b_86,b_34,b_335,b_244,b_325,b_743,b_962,b_388,b_663,b_953,b_841,b_633,b_636,b_577,b_165,b_913,b_719,b_812,b_970	/home/miguel/IBE-UPF/TFM/Master_projects/PhyloPhere/Data/6.CAAS_traitfiles/Ranked/df4_sp.tab
ACSS1@65	0	1000	0.0		/home/miguel/IBE-UPF/TFM/Master_projects/PhyloPhere/Data/6.CAAS_traitfiles/Ranked/df4_sp.tab
ACSS1@72	0	1000	0.0		/home/miguel/IBE-UPF/TFM/Master_projects/PhyloPhere/Data/6.CAAS_traitfiles/Ranked/df4_sp.tab
ACSS1@79	0	1000	0.0		/home/miguel/IBE-UPF/TFM/Master_projects/PhyloPhere/Data/6.CAAS_traitfiles/Ranked/df4_sp.tab
ACSS1@83	0	1000	0.0		/home/miguel/IBE-UPF/TFM/Master_projects/PhyloPhere/Data/6.CAAS_traitfiles/Ranked/df4_sp.tab
ACSS1@86	0	1000	0.0		/home/miguel/IBE-UPF/TFM/Master_projects/PhyloPhere/Data/6.CAAS_traitfiles/Ranked/df4_sp.tab
ACSS1@87	0	1000	0.0		/home/miguel/IBE-UPF/TFM/Master_projects/PhyloPhere/Data/6.CAAS_traitfiles/Ranked/df4_sp.tab
ACSS1@92	0	1000	0.0		/home/miguel/IBE-UPF/TFM/Master_projects/PhyloPhere/Data/6.CAAS_traitfiles/Ranked/df4_sp.tab
ACSS1@93	39	1000	0.039	b_992,b_145,b_59,b_366,b_88,b_615,b_302,b_110,b_628,b_890,b_186,b_880,b_163,b_533,b_826,b_24,b_285,b_265,b_989,b_29,b_900,b_510,b_958,b_924,b_645,b_396,b_209,b_172,b_526,b_891,b_95,b_136,b_243,b_976,b_20,b_154,b_304,b_221,b_452	/home/miguel/IBE-UPF/TFM/Master_projects/PhyloPhere/Data/6.CAAS_traitfiles/Ranked/df4_sp.tab
ACSS1@94	0	1000	0.0		/home/miguel/IBE-UPF/TFM/Master_projects/PhyloPhere/Data/6.CAAS_traitfiles/Ranked/df4_sp.tab
ACSS1@97	0	1000	0.0		/home/miguel/IBE-UPF/TFM/Master_projects/PhyloPhere/Data/6.CAAS_traitfiles/Ranked/df4_sp.tab
ACSS1@103	0	1000	0.0		/home/miguel/IBE-UPF/TFM/Master_projects/PhyloPhere/Data/6.CAAS_traitfiles/Ranked/df4_sp.tab
ACSS1@107	0	1000	0.0		/home/miguel/IBE-UPF/TFM/Master_projects/PhyloPhere/Data/6.CAAS_traitfiles/Ranked/df4_sp.tab
ACSS1@115	0	1000	0.0		/home/miguel/IBE-UPF/TFM/Master_projects/PhyloPhere/Data/6.CAAS_traitfiles/Ranked/df4_sp.tab
ACSS1@116	18	1000	0.018	b_992,b_366,b_787,b_110,b_628,b_890,b_688,b_284,b_700,b_894,b_52,b_841,b_274,b_136,b_243,b_976,b_710,b_273	/home/miguel/IBE-UPF/TFM/Master_projects/PhyloPhere/Data/6.CAAS_traitfiles/Ranked/df4_sp.tab
ACSS1@118	0	1000	0.0		/home/miguel/IBE-UPF/TFM/Master_projects/PhyloPhere/Data/6.CAAS_traitfiles/Ranked/df4_sp.tab
ACSS1@120	0	1000	0.0		/home/miguel/IBE-UPF/TFM/Master_projects/PhyloPhere/Data/6.CAAS_traitfiles/Ranked/df4_sp.tab
ACSS1@121	0	1000	0.0		/home/miguel/IBE-UPF/TFM/Master_projects/PhyloPhere/Data/6.CAAS_traitfiles/Ranked/df4_sp.tab
ACSS1@122	0	1000	0.0		/home/miguel/IBE-UPF/TFM/Master_projects/PhyloPhere/Data/6.CAAS_traitfiles/Ranked/df4_sp.tab
ACSS1@145	0	1000	0.0		/home/miguel/IBE-UPF/TFM/Master_projects/PhyloPhere/Data/6.CAAS_traitfiles/Ranked/df4_sp.tab
ACSS1@155	0	1000	0.0		/home/miguel/IBE-UPF/TFM/Master_projects/PhyloPhere/Data/6.CAAS_traitfiles/Ranked/df4_sp.tab
ACSS1@156	40	1000	0.04	b_993,b_810,b_10,b_780,b_135,b_21,b_610,b_481,b_625,b_880,b_807,b_485,b_363,b_240,b_373,b_367,b_989,b_284,b_385,b_376,b_38,b_86,b_392,b_451,b_34,b_335,b_244,b_725,b_875,b_962,b_388,b_841,b_633,b_636,b_903,b_165,b_665,b_913,b_719,b_970	/home/miguel/IBE-UPF/TFM/Master_projects/PhyloPhere/Data/6.CAAS_traitfiles/Ranked/df4_sp.tab
ACSS1@158	17	1000	0.017	b_578,b_647,b_780,b_85,b_188,b_574,b_444,b_941,b_351,b_254,b_123,b_71,b_703,b_962,b_545,b_609,b_448	/home/miguel/IBE-UPF/TFM/Master_projects/PhyloPhere/Data/6.CAAS_traitfiles/Ranked/df4_sp.tab
ACSS1@159	55	1000	0.055	b_992,b_646,b_210,b_412,b_993,b_680,b_810,b_726,b_578,b_582,b_10,b_780,b_890,b_481,b_675,b_880,b_206,b_449,b_140,b_571,b_240,b_265,b_373,b_367,b_989,b_422,b_654,b_232,b_671,b_376,b_451,b_34,b_335,b_325,b_767,b_743,b_725,b_875,b_962,b_388,b_633,b_116,b_677,b_609,b_309,b_903,b_577,b_243,b_165,b_710,b_217,b_639,b_913,b_970,b_57	/home/miguel/IBE-UPF/TFM/Master_projects/PhyloPhere/Data/6.CAAS_traitfiles/Ranked/df4_sp.tab
ACSS1@163	10	1000	0.01	b_992,b_366,b_110,b_890,b_894,b_104,b_767,b_172,b_243,b_710	/home/miguel/IBE-UPF/TFM/Master_projects/PhyloPhere/Data/6.CAAS_traitfiles/Ranked/df4_sp.tab
ACSS1@173	0	1000	0.0		/home/miguel/IBE-UPF/TFM/Master_projects/PhyloPhere/Data/6.CAAS_traitfiles/Ranked/df4_sp.tab
ACSS1@177	18	1000	0.018	b_839,b_647,b_780,b_85,b_341,b_574,b_444,b_585,b_941,b_351,b_254,b_123,b_71,b_417,b_703,b_454,b_609,b_448	/home/miguel/IBE-UPF/TFM/Master_projects/PhyloPhere/Data/6.CAAS_traitfiles/Ranked/df4_sp.tab
ACSS1@180	0	1000	0.0		/home/miguel/IBE-UPF/TFM/Master_projects/PhyloPhere/Data/6.CAAS_traitfiles/Ranked/df4_sp.tab
ACSS1@187	0	1000	0.0		/home/miguel/IBE-UPF/TFM/Master_projects/PhyloPhere/Data/6.CAAS_traitfiles/Ranked/df4_sp.tab
ACSS1@191	31	1000	0.031	b_145,b_59,b_88,b_319,b_610,b_186,b_880,b_163,b_446,b_807,b_826,b_771,b_24,b_240,b_265,b_989,b_900,b_86,b_958,b_700,b_894,b_335,b_325,b_804,b_459,b_209,b_490,b_442,b_154,b_304,b_970	/home/miguel/IBE-UPF/TFM/Master_projects/PhyloPhere/Data/6.CAAS_traitfiles/Ranked/df4_sp.tab
ACSS1@198	11	1000	0.011	b_992,b_773,b_366,b_110,b_890,b_894,b_104,b_767,b_172,b_710,b_970	/home/miguel/IBE-UPF/TFM/Master_projects/PhyloPhere/Data/6.CAAS_traitfiles/Ranked/df4_sp.tab
ACSS1@205	16	1000	0.016	b_10,b_807,b_373,b_385,b_376,b_86,b_392,b_244,b_743,b_875,b_638,b_841,b_577,b_217,b_812,b_970	/home/miguel/IBE-UPF/TFM/Master_projects/PhyloPhere/Data/6.CAAS_traitfiles/Ranked/df4_sp.tab
ACSS1@211	0	1000	0.0		/home/miguel/IBE-UPF/TFM/Master_projects/PhyloPhere/Data/6.CAAS_traitfiles/Ranked/df4_sp.tab
ACSS1@212	0	1000	0.0		/home/miguel/IBE-UPF/TFM/Master_projects/PhyloPhere/Data/6.CAAS_traitfiles/Ranked/df4_sp.tab
ACSS1@213	0	1000	0.0		/home/miguel/IBE-UPF/TFM/Master_projects/PhyloPhere/Data/6.CAAS_traitfiles/Ranked/df4_sp.tab
ACSS1@215	0	1000	0.0		/home/miguel/IBE-UPF/TFM/Master_projects/PhyloPhere/Data/6.CAAS_traitfiles/Ranked/df4_sp.tab
ACSS1@218	0	1000	0.0		/home/miguel/IBE-UPF/TFM/Master_projects/PhyloPhere/Data/6.CAAS_traitfiles/Ranked/df4_sp.tab
ACSS1@221	0	1000	0.0		/home/miguel/IBE-UPF/TFM/Master_projects/PhyloPhere/Data/6.CAAS_traitfiles/Ranked/df4_sp.tab
ACSS1@225	27	1000	0.027	b_992,b_145,b_59,b_366,b_110,b_324,b_890,b_378,b_880,b_826,b_240,b_265,b_763,b_989,b_894,b_335,b_325,b_459,b_104,b_767,b_209,b_172,b_132,b_243,b_710,b_304,b_970	/home/miguel/IBE-UPF/TFM/Master_projects/PhyloPhere/Data/6.CAAS_traitfiles/Ranked/df4_sp.tab
ACSS1@229	17	1000	0.017	b_158,b_681,b_85,b_536,b_489,b_444,b_371,b_255,b_123,b_645,b_22,b_685,b_338,b_703,b_433,b_634,b_609	/home/miguel/IBE-UPF/TFM/Master_projects/PhyloPhere/Data/6.CAAS_traitfiles/Ranked/df4_sp.tab
ACSS1@233	54	1000	0.054	b_668,b_997,b_993,b_680,b_649,b_810,b_10,b_780,b_135,b_21,b_610,b_835,b_481,b_880,b_948,b_807,b_485,b_363,b_140,b_240,b_265,b_373,b_367,b_989,b_971,b_385,b_376,b_38,b_86,b_392,b_451,b_34,b_335,b_244,b_325,b_743,b_725,b_875,b_962,b_388,b_663,b_953,b_841,b_633,b_636,b_903,b_577,b_165,b_665,b_217,b_913,b_719,b_812,b_970	/home/miguel/IBE-UPF/TFM/Master_projects/PhyloPhere/Data/6.CAAS_traitfiles/Ranked/df4_sp.tab
ACSS1@235	0	1000	0.0		/home/miguel/IBE-UPF/TFM/Master_projects/PhyloPhere/Data/6.CAAS_traitfiles/Ranked/df4_sp.tab
ACSS1@236	0	1000	0.0		/home/miguel/IBE-UPF/TFM/Master_projects/PhyloPhere/Data/6.CAAS_traitfiles/Ranked/df4_sp.tab
ACSS1@237	17	1000	0.017	b_578,b_647,b_780,b_85,b_188,b_574,b_444,b_941,b_351,b_254,b_123,b_71,b_703,b_962,b_545,b_609,b_448	/home/miguel/IBE-UPF/TFM/Master_projects/PhyloPhere/Data/6.CAAS_traitfiles/Ranked/df4_sp.tab
ACSS1@240	0	1000	0.0		/home/miguel/IBE-UPF/TFM/Master_projects/PhyloPhere/Data/6.CAAS_traitfiles/Ranked/df4_sp.tab
ACSS1@242	0	1000	0.0		/home/miguel/IBE-UPF/TFM/Master_projects/PhyloPhere/Data/6.CAAS_traitfiles/Ranked/df4_sp.tab
ACSS1@243	14	1000	0.014	b_411,b_341,b_741,b_533,b_80,b_961,b_49,b_530,b_190,b_538,b_221,b_782,b_812,b_544	/home/miguel/IBE-UPF/TFM/Master_projects/PhyloPhere/Data/6.CAAS_traitfiles/Ranked/df4_sp.tab
ACSS1@248	0	1000	0.0		/home/miguel/IBE-UPF/TFM/Master_projects/PhyloPhere/Data/6.CAAS_traitfiles/Ranked/df4_sp.tab
ACSS1@251	0	1000	0.0		/home/miguel/IBE-UPF/TFM/Master_projects/PhyloPhere/Data/6.CAAS_traitfiles/Ranked/df4_sp.tab
ACSS1@252	38	1000	0.038	b_668,b_997,b_680,b_649,b_726,b_10,b_21,b_835,b_485,b_449,b_140,b_571,b_265,b_367,b_989,b_971,b_385,b_376,b_38,b_34,b_335,b_244,b_325,b_743,b_962,b_388,b_663,b_953,b_841,b_633,b_116,b_577,b_165,b_639,b_913,b_719,b_812,b_970	/home/miguel/IBE-UPF/TFM/Master_projects/PhyloPhere/Data/6.CAAS_traitfiles/Ranked/df4_sp.tab
ACSS1@253	0	1000	0.0		/home/miguel/IBE-UPF/TFM/Master_projects/PhyloPhere/Data/6.CAAS_traitfiles/Ranked/df4_sp.tab
ACSS1@255	0	1000	0.0		/home/miguel/IBE-UPF/TFM/Master_projects/PhyloPhere/Data/6.CAAS_traitfiles/Ranked/df4_sp.tab
ACSS1@259	0	1000	0.0		/home/miguel/IBE-UPF/TFM/Master_projects/PhyloPhere/Data/6.CAAS_traitfiles/Ranked/df4_sp.tab
ACSS1@261	36	1000	0.036	b_646,b_993,b_680,b_8,b_578,b_626,b_582,b_10,b_780,b_968,b_85,b_206,b_880,b_140,b_571,b_444,b_265,b_373,b_351,b_671,b_376,b_123,b_451,b_34,b_335,b_531,b_501,b_962,b_114,b_116,b_502,b_577,b_217,b_913,b_448,b_57	/home/miguel/IBE-UPF/TFM/Master_projects/PhyloPhere/Data/6.CAAS_traitfiles/Ranked/df4_sp.tab
ACSS1@268	17	1000	0.017	b_578,b_647,b_780,b_85,b_188,b_574,b_444,b_941,b_351,b_254,b_123,b_71,b_703,b_962,b_545,b_609,b_448	/home/miguel/IBE-UPF/TFM/Master_projects/PhyloPhere/Data/6.CAAS_traitfiles/Ranked/df4_sp.tab
ACSS1@271	17	1000	0.017	b_578,b_647,b_780,b_85,b_188,b_574,b_444,b_941,b_351,b_254,b_123,b_71,b_703,b_962,b_545,b_609,b_448	/home/miguel/IBE-UPF/TFM/Master_projects/PhyloPhere/Data/6.CAAS_traitfiles/Ranked/df4_sp.tab
ACSS1@273	0	1000	0.0		/home/miguel/IBE-UPF/TFM/Master_projects/PhyloPhere/Data/6.CAAS_traitfiles/Ranked/df4_sp.tab
ACSS1@275	0	1000	0.0		/home/miguel/IBE-UPF/TFM/Master_projects/PhyloPhere/Data/6.CAAS_traitfiles/Ranked/df4_sp.tab
ACSS1@280	0	1000	0.0		/home/miguel/IBE-UPF/TFM/Master_projects/PhyloPhere/Data/6.CAAS_traitfiles/Ranked/df4_sp.tab
ACSS1@284	0	1000	0.0		/home/miguel/IBE-UPF/TFM/Master_projects/PhyloPhere/Data/6.CAAS_traitfiles/Ranked/df4_sp.tab
ACSS1@287	0	1000	0.0		/home/miguel/IBE-UPF/TFM/Master_projects/PhyloPhere/Data/6.CAAS_traitfiles/Ranked/df4_sp.tab
ACSS1@296	28	1000	0.028	b_412,b_10,b_570,b_372,b_39,b_807,b_789,b_373,b_720,b_284,b_268,b_385,b_376,b_86,b_392,b_244,b_743,b_875,b_638,b_841,b_871,b_577,b_217,b_728,b_461,b_686,b_812,b_970	/home/miguel/IBE-UPF/TFM/Master_projects/PhyloPhere/Data/6.CAAS_traitfiles/Ranked/df4_sp.tab
ACSS1@300	42	1000	0.042	b_36,b_306,b_739,b_787,b_615,b_780,b_135,b_883,b_21,b_890,b_529,b_774,b_481,b_579,b_363,b_240,b_265,b_567,b_373,b_284,b_690,b_510,b_315,b_288,b_38,b_805,b_335,b_244,b_817,b_52,b_196,b_962,b_663,b_633,b_312,b_636,b_677,b_577,b_243,b_165,b_812,b_970	/home/miguel/IBE-UPF/TFM/Master_projects/PhyloPhere/Data/6.CAAS_traitfiles/Ranked/df4_sp.tab
ACSS1@311	0	1000	0.0		/home/miguel/IBE-UPF/TFM/Master_projects/PhyloPhere/Data/6.CAAS_traitfiles/Ranked/df4_sp.tab
ACSS1@313	2	1000	0.002	b_270,b_288	/home/miguel/IBE-UPF/TFM/Master_projects/PhyloPhere/Data/6.CAAS_traitfiles/Ranked/df4_sp.tab
ACSS1@317	0	1000	0.0		/home/miguel/IBE-UPF/TFM/Master_projects/PhyloPhere/Data/6.CAAS_traitfiles/Ranked/df4_sp.tab
ACSS1@322	71	1000	0.071	b_992,b_646,b_210,b_366,b_993,b_680,b_810,b_110,b_726,b_578,b_582,b_647,b_10,b_780,b_890,b_85,b_188,b_481,b_675,b_880,b_206,b_449,b_140,b_574,b_571,b_444,b_240,b_265,b_373,b_941,b_367,b_989,b_351,b_422,b_254,b_654,b_232,b_671,b_376,b_123,b_451,b_34,b_894,b_71,b_335,b_325,b_104,b_767,b_743,b_725,b_172,b_875,b_703,b_962,b_388,b_545,b_633,b_116,b_609,b_309,b_903,b_577,b_243,b_165,b_710,b_217,b_639,b_913,b_448,b_970,b_57	/home/miguel/IBE-UPF/TFM/Master_projects/PhyloPhere/Data/6.CAAS_traitfiles/Ranked/df4_sp.tab
ACSS1@326	0	1000	0.0		/home/miguel/IBE-UPF/TFM/Master_projects/PhyloPhere/Data/6.CAAS_traitfiles/Ranked/df4_sp.tab
ACSS1@364	23	1000	0.023	b_822,b_647,b_780,b_956,b_85,b_188,b_583,b_738,b_444,b_12,b_941,b_182,b_171,b_693,b_123,b_71,b_542,b_447,b_395,b_962,b_251,b_609,b_448	/home/miguel/IBE-UPF/TFM/Master_projects/PhyloPhere/Data/6.CAAS_traitfiles/Ranked/df4_sp.tab
ACSS1@371	0	1000	0.0		/home/miguel/IBE-UPF/TFM/Master_projects/PhyloPhere/Data/6.CAAS_traitfiles/Ranked/df4_sp.tab
ACSS1@373	17	1000	0.017	b_578,b_647,b_780,b_85,b_188,b_574,b_444,b_941,b_351,b_254,b_123,b_71,b_703,b_962,b_545,b_609,b_448	/home/miguel/IBE-UPF/TFM/Master_projects/PhyloPhere/Data/6.CAAS_traitfiles/Ranked/df4_sp.tab
ACSS1@377	0	1000	0.0		/home/miguel/IBE-UPF/TFM/Master_projects/PhyloPhere/Data/6.CAAS_traitfiles/Ranked/df4_sp.tab
ACSS1@387	49	1000	0.049	b_997,b_993,b_680,b_810,b_10,b_780,b_135,b_21,b_610,b_481,b_880,b_948,b_807,b_485,b_363,b_140,b_240,b_265,b_373,b_367,b_989,b_385,b_376,b_38,b_86,b_392,b_451,b_34,b_335,b_244,b_325,b_743,b_725,b_875,b_962,b_388,b_663,b_841,b_633,b_636,b_903,b_577,b_165,b_665,b_217,b_913,b_719,b_812,b_970	/home/miguel/IBE-UPF/TFM/Master_projects/PhyloPhere/Data/6.CAAS_traitfiles/Ranked/df4_sp.tab
ACSS1@393	0	1000	0.0		/home/miguel/IBE-UPF/TFM/Master_projects/PhyloPhere/Data/6.CAAS_traitfiles/Ranked/df4_sp.tab
ACSS1@396	0	1000	0.0		/home/miguel/IBE-UPF/TFM/Master_projects/PhyloPhere/Data/6.CAAS_traitfiles/Ranked/df4_sp.tab
ACSS1@408	0	1000	0.0		/home/miguel/IBE-UPF/TFM/Master_projects/PhyloPhere/Data/6.CAAS_traitfiles/Ranked/df4_sp.tab
ACSS1@418	44	1000	0.044	b_992,b_366,b_787,b_615,b_361,b_110,b_883,b_734,b_628,b_890,b_536,b_462,b_688,b_926,b_134,b_574,b_284,b_29,b_510,b_82,b_86,b_700,b_645,b_894,b_396,b_52,b_788,b_526,b_703,b_564,b_841,b_274,b_667,b_891,b_95,b_136,b_312,b_243,b_78,b_976,b_710,b_273,b_151,b_45	/home/miguel/IBE-UPF/TFM/Master_projects/PhyloPhere/Data/6.CAAS_traitfiles/Ranked/df4_sp.tab
ACSS1@422	0	1000	0.0		/home/miguel/IBE-UPF/TFM/Master_projects/PhyloPhere/Data/6.CAAS_traitfiles/Ranked/df4_sp.tab
ACSS1@425	2	1000	0.002	b_712,b_763	/home/miguel/IBE-UPF/TFM/Master_projects/PhyloPhere/Data/6.CAAS_traitfiles/Ranked/df4_sp.tab
ACSS1@426	10	1000	0.01	b_807,b_373,b_392,b_244,b_875,b_841,b_577,b_538,b_812,b_970	/home/miguel/IBE-UPF/TFM/Master_projects/PhyloPhere/Data/6.CAAS_traitfiles/Ranked/df4_sp.tab
ACSS1@431	0	1000	0.0		/home/miguel/IBE-UPF/TFM/Master_projects/PhyloPhere/Data/6.CAAS_traitfiles/Ranked/df4_sp.tab
ACSS1@435	0	1000	0.0		/home/miguel/IBE-UPF/TFM/Master_projects/PhyloPhere/Data/6.CAAS_traitfiles/Ranked/df4_sp.tab
ACSS1@455	0	1000	0.0		/home/miguel/IBE-UPF/TFM/Master_projects/PhyloPhere/Data/6.CAAS_traitfiles/Ranked/df4_sp.tab
ACSS1@456	0	1000	0.0		/home/miguel/IBE-UPF/TFM/Master_projects/PhyloPhere/Data/6.CAAS_traitfiles/Ranked/df4_sp.tab
ACSS1@463	13	1000	0.013	b_226,b_429,b_809,b_738,b_704,b_171,b_392,b_244,b_447,b_609,b_262,b_884,b_876	/home/miguel/IBE-UPF/TFM/Master_projects/PhyloPhere/Data/6.CAAS_traitfiles/Ranked/df4_sp.tab
ACSS1@473	2	1000	0.002	b_435,b_399	/home/miguel/IBE-UPF/TFM/Master_projects/PhyloPhere/Data/6.CAAS_traitfiles/Ranked/df4_sp.tab
ACSS1@477	0	1000	0.0		/home/miguel/IBE-UPF/TFM/Master_projects/PhyloPhere/Data/6.CAAS_traitfiles/Ranked/df4_sp.tab
ACSS1@480	0	1000	0.0		/home/miguel/IBE-UPF/TFM/Master_projects/PhyloPhere/Data/6.CAAS_traitfiles/Ranked/df4_sp.tab
ACSS1@482	17	1000	0.017	b_513,b_943,b_578,b_647,b_780,b_85,b_188,b_481,b_574,b_351,b_254,b_703,b_962,b_545,b_633,b_609,b_448	/home/miguel/IBE-UPF/TFM/Master_projects/PhyloPhere/Data/6.CAAS_traitfiles/Ranked/df4_sp.tab
ACSS1@483	77	1000	0.077	b_145,b_914,b_366,b_870,b_997,b_88,b_993,b_361,b_680,b_810,b_110,b_319,b_10,b_780,b_135,b_21,b_610,b_628,b_835,b_186,b_481,b_880,b_446,b_948,b_688,b_807,b_826,b_771,b_24,b_485,b_363,b_140,b_240,b_265,b_373,b_367,b_989,b_385,b_641,b_376,b_38,b_86,b_392,b_700,b_451,b_34,b_894,b_335,b_244,b_325,b_804,b_459,b_743,b_725,b_875,b_962,b_388,b_663,b_841,b_633,b_636,b_520,b_927,b_903,b_577,b_355,b_165,b_458,b_154,b_665,b_304,b_151,b_217,b_913,b_719,b_812,b_970	/home/miguel/IBE-UPF/TFM/Master_projects/PhyloPhere/Data/6.CAAS_traitfiles/Ranked/df4_sp.tab
ACSS1@484	49	1000	0.049	b_997,b_993,b_680,b_810,b_10,b_780,b_135,b_21,b_610,b_481,b_880,b_948,b_807,b_485,b_363,b_140,b_240,b_265,b_373,b_367,b_989,b_385,b_376,b_38,b_86,b_392,b_451,b_34,b_335,b_244,b_325,b_743,b_725,b_875,b_962,b_388,b_663,b_841,b_633,b_636,b_903,b_577,b_165,b_665,b_217,b_913,b_719,b_812,b_970	/home/miguel/IBE-UPF/TFM/Master_projects/PhyloPhere/Data/6.CAAS_traitfiles/Ranked/df4_sp.tab
ACSS1@485	0	1000	0.0		/home/miguel/IBE-UPF/TFM/Master_projects/PhyloPhere/Data/6.CAAS_traitfiles/Ranked/df4_sp.tab
ACSS1@487	40	1000	0.04	b_992,b_366,b_787,b_615,b_361,b_110,b_883,b_734,b_628,b_890,b_462,b_688,b_926,b_574,b_284,b_29,b_510,b_82,b_86,b_700,b_645,b_894,b_396,b_52,b_526,b_703,b_841,b_274,b_667,b_891,b_95,b_136,b_312,b_243,b_78,b_976,b_710,b_273,b_151,b_45	/home/miguel/IBE-UPF/TFM/Master_projects/PhyloPhere/Data/6.CAAS_traitfiles/Ranked/df4_sp.tab
ACSS1@488	0	1000	0.0		/home/miguel/IBE-UPF/TFM/Master_projects/PhyloPhere/Data/6.CAAS_traitfiles/Ranked/df4_sp.tab
ACSS1@507	0	1000	0.0		/home/miguel/IBE-UPF/TFM/Master_projects/PhyloPhere/Data/6.CAAS_traitfiles/Ranked/df4_sp.tab
ACSS1@532	0	1000	0.0		/home/miguel/IBE-UPF/TFM/Master_projects/PhyloPhere/Data/6.CAAS_traitfiles/Ranked/df4_sp.tab
ACSS1@536	0	1000	0.0		/home/miguel/IBE-UPF/TFM/Master_projects/PhyloPhere/Data/6.CAAS_traitfiles/Ranked/df4_sp.tab
ACSS1@545	0	1000	0.0		/home/miguel/IBE-UPF/TFM/Master_projects/PhyloPhere/Data/6.CAAS_traitfiles/Ranked/df4_sp.tab
ACSS1@565	40	1000	0.04	b_992,b_366,b_787,b_615,b_361,b_110,b_883,b_734,b_628,b_890,b_462,b_688,b_926,b_574,b_284,b_29,b_510,b_82,b_86,b_700,b_645,b_894,b_396,b_52,b_526,b_703,b_841,b_274,b_667,b_891,b_95,b_136,b_312,b_243,b_78,b_976,b_710,b_273,b_151,b_45	/home/miguel/IBE-UPF/TFM/Master_projects/PhyloPhere/Data/6.CAAS_traitfiles/Ranked/df4_sp.tab
ACSS1@566	0	1000	0.0		/home/miguel/IBE-UPF/TFM/Master_projects/PhyloPhere/Data/6.CAAS_traitfiles/Ranked/df4_sp.tab
ACSS1@567	17	1000	0.017	b_578,b_647,b_780,b_85,b_188,b_574,b_444,b_941,b_351,b_254,b_123,b_71,b_703,b_962,b_545,b_609,b_448	/home/miguel/IBE-UPF/TFM/Master_projects/PhyloPhere/Data/6.CAAS_traitfiles/Ranked/df4_sp.tab
ACSS1@570	0	1000	0.0		/home/miguel/IBE-UPF/TFM/Master_projects/PhyloPhere/Data/6.CAAS_traitfiles/Ranked/df4_sp.tab
ACSS1@574	17	1000	0.017	b_578,b_647,b_780,b_85,b_188,b_574,b_444,b_941,b_351,b_254,b_123,b_71,b_703,b_962,b_545,b_609,b_448	/home/miguel/IBE-UPF/TFM/Master_projects/PhyloPhere/Data/6.CAAS_traitfiles/Ranked/df4_sp.tab
ACSS1@582	0	1000	0.0		/home/miguel/IBE-UPF/TFM/Master_projects/PhyloPhere/Data/6.CAAS_traitfiles/Ranked/df4_sp.tab
ACSS1@592	3	1000	0.003	b_577,b_538,b_812	/home/miguel/IBE-UPF/TFM/Master_projects/PhyloPhere/Data/6.CAAS_traitfiles/Ranked/df4_sp.tab
ACSS1@594	18	1000	0.018	b_992,b_366,b_787,b_110,b_628,b_890,b_688,b_284,b_700,b_894,b_52,b_841,b_274,b_136,b_243,b_976,b_710,b_273	/home/miguel/IBE-UPF/TFM/Master_projects/PhyloPhere/Data/6.CAAS_traitfiles/Ranked/df4_sp.tab
ACSS1@597	28	1000	0.028	b_158,b_681,b_578,b_153,b_85,b_489,b_50,b_574,b_444,b_941,b_371,b_351,b_29,b_255,b_123,b_645,b_22,b_71,b_685,b_338,b_703,b_962,b_545,b_891,b_433,b_634,b_609,b_448	/home/miguel/IBE-UPF/TFM/Master_projects/PhyloPhere/Data/6.CAAS_traitfiles/Ranked/df4_sp.tab
ACSS1@598	32	1000	0.032	b_158,b_822,b_578,b_647,b_780,b_85,b_188,b_583,b_738,b_811,b_50,b_574,b_444,b_12,b_941,b_351,b_254,b_517,b_182,b_171,b_592,b_123,b_71,b_447,b_395,b_962,b_468,b_251,b_891,b_609,b_448,b_452	/home/miguel/IBE-UPF/TFM/Master_projects/PhyloPhere/Data/6.CAAS_traitfiles/Ranked/df4_sp.tab
ACSS1@599	17	1000	0.017	b_578,b_647,b_780,b_85,b_188,b_574,b_444,b_941,b_351,b_254,b_123,b_71,b_703,b_962,b_545,b_609,b_448	/home/miguel/IBE-UPF/TFM/Master_projects/PhyloPhere/Data/6.CAAS_traitfiles/Ranked/df4_sp.tab
ACSS1@600	0	1000	0.0		/home/miguel/IBE-UPF/TFM/Master_projects/PhyloPhere/Data/6.CAAS_traitfiles/Ranked/df4_sp.tab
ACSS1@601	0	1000	0.0		/home/miguel/IBE-UPF/TFM/Master_projects/PhyloPhere/Data/6.CAAS_traitfiles/Ranked/df4_sp.tab
ACSS1@603	11	1000	0.011	b_504,b_810,b_890,b_774,b_579,b_437,b_989,b_510,b_677,b_514,b_719	/home/miguel/IBE-UPF/TFM/Master_projects/PhyloPhere/Data/6.CAAS_traitfiles/Ranked/df4_sp.tab
ACSS1@606	17	1000	0.017	b_578,b_647,b_780,b_85,b_188,b_574,b_444,b_941,b_351,b_254,b_123,b_71,b_703,b_962,b_545,b_609,b_448	/home/miguel/IBE-UPF/TFM/Master_projects/PhyloPhere/Data/6.CAAS_traitfiles/Ranked/df4_sp.tab
ACSS1@608	49	1000	0.049	b_997,b_993,b_680,b_810,b_10,b_780,b_135,b_21,b_610,b_481,b_880,b_948,b_807,b_485,b_363,b_140,b_240,b_265,b_373,b_367,b_989,b_385,b_376,b_38,b_86,b_392,b_451,b_34,b_335,b_244,b_325,b_743,b_725,b_875,b_962,b_388,b_663,b_841,b_633,b_636,b_903,b_577,b_165,b_665,b_217,b_913,b_719,b_812,b_970	/home/miguel/IBE-UPF/TFM/Master_projects/PhyloPhere/Data/6.CAAS_traitfiles/Ranked/df4_sp.tab
ACSS1@610	0	1000	0.0		/home/miguel/IBE-UPF/TFM/Master_projects/PhyloPhere/Data/6.CAAS_traitfiles/Ranked/df4_sp.tab
ACSS1@611	17	1000	0.017	b_578,b_647,b_780,b_85,b_188,b_574,b_444,b_941,b_351,b_254,b_123,b_71,b_703,b_962,b_545,b_609,b_448	/home/miguel/IBE-UPF/TFM/Master_projects/PhyloPhere/Data/6.CAAS_traitfiles/Ranked/df4_sp.tab
ACSS1@614	0	1000	0.0		/home/miguel/IBE-UPF/TFM/Master_projects/PhyloPhere/Data/6.CAAS_traitfiles/Ranked/df4_sp.tab
ACSS1@623	0	1000	0.0		/home/miguel/IBE-UPF/TFM/Master_projects/PhyloPhere/Data/6.CAAS_traitfiles/Ranked/df4_sp.tab
ACSS1@624	17	1000	0.017	b_578,b_647,b_780,b_85,b_188,b_574,b_444,b_941,b_351,b_254,b_123,b_71,b_703,b_962,b_545,b_609,b_448	/home/miguel/IBE-UPF/TFM/Master_projects/PhyloPhere/Data/6.CAAS_traitfiles/Ranked/df4_sp.tab
ACSS1@625	0	1000	0.0		/home/miguel/IBE-UPF/TFM/Master_projects/PhyloPhere/Data/6.CAAS_traitfiles/Ranked/df4_sp.tab
ACSS1@629	49	1000	0.049	b_997,b_993,b_680,b_810,b_10,b_780,b_135,b_21,b_610,b_481,b_880,b_948,b_807,b_485,b_363,b_140,b_240,b_265,b_373,b_367,b_989,b_385,b_376,b_38,b_86,b_392,b_451,b_34,b_335,b_244,b_325,b_743,b_725,b_875,b_962,b_388,b_663,b_841,b_633,b_636,b_903,b_577,b_165,b_665,b_217,b_913,b_719,b_812,b_970	/home/miguel/IBE-UPF/TFM/Master_projects/PhyloPhere/Data/6.CAAS_traitfiles/Ranked/df4_sp.tab
ACSS1@639	0	1000	0.0		/home/miguel/IBE-UPF/TFM/Master_projects/PhyloPhere/Data/6.CAAS_traitfiles/Ranked/df4_sp.tab
ACSS1@645	0	1000	0.0		/home/miguel/IBE-UPF/TFM/Master_projects/PhyloPhere/Data/6.CAAS_traitfiles/Ranked/df4_sp.tab
ACSS1@646	0	1000	0.0		/home/miguel/IBE-UPF/TFM/Master_projects/PhyloPhere/Data/6.CAAS_traitfiles/Ranked/df4_sp.tab
ACSS1@647	0	1000	0.0		/home/miguel/IBE-UPF/TFM/Master_projects/PhyloPhere/Data/6.CAAS_traitfiles/Ranked/df4_sp.tab
ACSS1@648	0	1000	0.0		/home/miguel/IBE-UPF/TFM/Master_projects/PhyloPhere/Data/6.CAAS_traitfiles/Ranked/df4_sp.tab
ACSS1@649	0	1000	0.0		/home/miguel/IBE-UPF/TFM/Master_projects/PhyloPhere/Data/6.CAAS_traitfiles/Ranked/df4_sp.tab
ACSS1@650	34	1000	0.034	b_145,b_59,b_914,b_88,b_110,b_319,b_610,b_186,b_880,b_163,b_446,b_807,b_826,b_771,b_24,b_240,b_265,b_989,b_900,b_86,b_958,b_700,b_894,b_335,b_325,b_804,b_459,b_209,b_841,b_490,b_442,b_154,b_304,b_970	/home/miguel/IBE-UPF/TFM/Master_projects/PhyloPhere/Data/6.CAAS_traitfiles/Ranked/df4_sp.tab
ACSS1@652	53	1000	0.053	b_997,b_993,b_680,b_649,b_810,b_10,b_780,b_135,b_21,b_610,b_835,b_481,b_880,b_948,b_807,b_485,b_363,b_140,b_240,b_265,b_373,b_367,b_989,b_971,b_385,b_376,b_38,b_86,b_392,b_451,b_34,b_335,b_244,b_325,b_743,b_725,b_875,b_962,b_388,b_663,b_953,b_841,b_633,b_636,b_903,b_577,b_165,b_665,b_217,b_913,b_719,b_812,b_970	/home/miguel/IBE-UPF/TFM/Master_projects/PhyloPhere/Data/6.CAAS_traitfiles/Ranked/df4_sp.tab
ACSS1@653	49	1000	0.049	b_997,b_993,b_680,b_810,b_10,b_780,b_135,b_21,b_610,b_481,b_880,b_948,b_807,b_485,b_363,b_140,b_240,b_265,b_373,b_367,b_989,b_385,b_376,b_38,b_86,b_392,b_451,b_34,b_335,b_244,b_325,b_743,b_725,b_875,b_962,b_388,b_663,b_841,b_633,b_636,b_903,b_577,b_165,b_665,b_217,b_913,b_719,b_812,b_970	/home/miguel/IBE-UPF/TFM/Master_projects/PhyloPhere/Data/6.CAAS_traitfiles/Ranked/df4_sp.tab
ACSS1@654	49	1000	0.049	b_992,b_366,b_787,b_615,b_361,b_110,b_570,b_883,b_734,b_628,b_890,b_580,b_774,b_579,b_462,b_688,b_926,b_574,b_660,b_720,b_284,b_29,b_510,b_82,b_86,b_700,b_645,b_894,b_805,b_396,b_817,b_52,b_526,b_703,b_841,b_274,b_667,b_891,b_95,b_136,b_312,b_218,b_243,b_78,b_976,b_710,b_273,b_151,b_45	/home/miguel/IBE-UPF/TFM/Master_projects/PhyloPhere/Data/6.CAAS_traitfiles/Ranked/df4_sp.tab
ACSS1@659	49	1000	0.049	b_997,b_993,b_680,b_810,b_10,b_780,b_135,b_21,b_610,b_481,b_880,b_948,b_807,b_485,b_363,b_140,b_240,b_265,b_373,b_367,b_989,b_385,b_376,b_38,b_86,b_392,b_451,b_34,b_335,b_244,b_325,b_743,b_725,b_875,b_962,b_388,b_663,b_841,b_633,b_636,b_903,b_577,b_165,b_665,b_217,b_913,b_719,b_812,b_970	/home/miguel/IBE-UPF/TFM/Master_projects/PhyloPhere/Data/6.CAAS_traitfiles/Ranked/df4_sp.tab
ACSS1@665	0	1000	0.0		/home/miguel/IBE-UPF/TFM/Master_projects/PhyloPhere/Data/6.CAAS_traitfiles/Ranked/df4_sp.tab
ACSS1@666	37	1000	0.037	b_992,b_306,b_366,b_361,b_629,b_110,b_238,b_883,b_269,b_890,b_462,b_926,b_489,b_574,b_371,b_29,b_510,b_82,b_592,b_645,b_685,b_52,b_338,b_526,b_703,b_148,b_274,b_667,b_891,b_95,b_312,b_404,b_243,b_78,b_273,b_151,b_45	/home/miguel/IBE-UPF/TFM/Master_projects/PhyloPhere/Data/6.CAAS_traitfiles/Ranked/df4_sp.tab
ACSS1@668	50	1000	0.05	b_210,b_997,b_993,b_680,b_810,b_10,b_780,b_135,b_21,b_610,b_481,b_880,b_206,b_948,b_807,b_485,b_363,b_140,b_240,b_265,b_373,b_12,b_367,b_989,b_385,b_376,b_38,b_86,b_392,b_451,b_34,b_335,b_325,b_743,b_725,b_875,b_962,b_388,b_663,b_633,b_636,b_903,b_577,b_165,b_217,b_913,b_719,b_155,b_812,b_970	/home/miguel/IBE-UPF/TFM/Master_projects/PhyloPhere/Data/6.CAAS_traitfiles/Ranked/df4_sp.tab
ACSS1@671	0	1000	0.0		/home/miguel/IBE-UPF/TFM/Master_projects/PhyloPhere/Data/6.CAAS_traitfiles/Ranked/df4_sp.tab
ACSS1@672	41	1000	0.041	b_993,b_810,b_10,b_780,b_135,b_21,b_610,b_481,b_625,b_880,b_807,b_485,b_363,b_240,b_373,b_367,b_989,b_284,b_385,b_376,b_38,b_86,b_392,b_451,b_34,b_335,b_244,b_725,b_875,b_638,b_962,b_388,b_841,b_633,b_636,b_903,b_165,b_665,b_913,b_719,b_970	/home/miguel/IBE-UPF/TFM/Master_projects/PhyloPhere/Data/6.CAAS_traitfiles/Ranked/df4_sp.tab
ACSS1@673	0	1000	0.0		/home/miguel/IBE-UPF/TFM/Master_projects/PhyloPhere/Data/6.CAAS_traitfiles/Ranked/df4_sp.tab
ACSS1@674	0	1000	0.0		/home/miguel/IBE-UPF/TFM/Master_projects/PhyloPhere/Data/6.CAAS_traitfiles/Ranked/df4_sp.tab
ACSS1@677	0	1000	0.0		/home/miguel/IBE-UPF/TFM/Master_projects/PhyloPhere/Data/6.CAAS_traitfiles/Ranked/df4_sp.tab
ACSS1@678	0	1000	0.0		/home/miguel/IBE-UPF/TFM/Master_projects/PhyloPhere/Data/6.CAAS_traitfiles/Ranked/df4_sp.tab
ACSS1@683	0	1000	0.0		/home/miguel/IBE-UPF/TFM/Master_projects/PhyloPhere/Data/6.CAAS_traitfiles/Ranked/df4_sp.tab
ACSS1@684	0	1000	0.0		/home/miguel/IBE-UPF/TFM/Master_projects/PhyloPhere/Data/6.CAAS_traitfiles/Ranked/df4_sp.tab
ACSS1@685	0	1000	0.0		/home/miguel/IBE-UPF/TFM/Master_projects/PhyloPhere/Data/6.CAAS_traitfiles/Ranked/df4_sp.tab
