ADAMTS1@0	0	1000	0.0		/home/miguel/IBE-UPF/TFM/Master_projects/PhyloPhere/Data/6.CAAS_traitfiles/Ranked/df8_sp.tab
ADAMTS1@2	28	1000	0.028	b_950,b_65,b_873,b_136,b_308,b_364,b_936,b_61,b_240,b_813,b_96,b_289,b_473,b_831,b_382,b_583,b_509,b_669,b_681,b_492,b_247,b_63,b_77,b_172,b_780,b_997,b_848,b_825	/home/miguel/IBE-UPF/TFM/Master_projects/PhyloPhere/Data/6.CAAS_traitfiles/Ranked/df8_sp.tab
ADAMTS1@3	0	1000	0.0		/home/miguel/IBE-UPF/TFM/Master_projects/PhyloPhere/Data/6.CAAS_traitfiles/Ranked/df8_sp.tab
ADAMTS1@4	0	1000	0.0		/home/miguel/IBE-UPF/TFM/Master_projects/PhyloPhere/Data/6.CAAS_traitfiles/Ranked/df8_sp.tab
ADAMTS1@5	0	1000	0.0		/home/miguel/IBE-UPF/TFM/Master_projects/PhyloPhere/Data/6.CAAS_traitfiles/Ranked/df8_sp.tab
ADAMTS1@6	0	1000	0.0		/home/miguel/IBE-UPF/TFM/Master_projects/PhyloPhere/Data/6.CAAS_traitfiles/Ranked/df8_sp.tab
ADAMTS1@7	0	1000	0.0		/home/miguel/IBE-UPF/TFM/Master_projects/PhyloPhere/Data/6.CAAS_traitfiles/Ranked/df8_sp.tab
ADAMTS1@8	0	1000	0.0		/home/miguel/IBE-UPF/TFM/Master_projects/PhyloPhere/Data/6.CAAS_traitfiles/Ranked/df8_sp.tab
ADAMTS1@13	0	1000	0.0		/home/miguel/IBE-UPF/TFM/Master_projects/PhyloPhere/Data/6.CAAS_traitfiles/Ranked/df8_sp.tab
ADAMTS1@14	0	1000	0.0		/home/miguel/IBE-UPF/TFM/Master_projects/PhyloPhere/Data/6.CAAS_traitfiles/Ranked/df8_sp.tab
ADAMTS1@16	0	1000	0.0		/home/miguel/IBE-UPF/TFM/Master_projects/PhyloPhere/Data/6.CAAS_traitfiles/Ranked/df8_sp.tab
ADAMTS1@19	8	1000	0.008	b_61,b_813,b_382,b_669,b_822,b_316,b_780,b_997	/home/miguel/IBE-UPF/TFM/Master_projects/PhyloPhere/Data/6.CAAS_traitfiles/Ranked/df8_sp.tab
ADAMTS1@21	0	1000	0.0		/home/miguel/IBE-UPF/TFM/Master_projects/PhyloPhere/Data/6.CAAS_traitfiles/Ranked/df8_sp.tab
ADAMTS1@23	22	1000	0.022	b_136,b_308,b_334,b_374,b_99,b_813,b_728,b_800,b_473,b_558,b_583,b_398,b_416,b_907,b_704,b_63,b_77,b_86,b_817,b_814,b_432,b_254	/home/miguel/IBE-UPF/TFM/Master_projects/PhyloPhere/Data/6.CAAS_traitfiles/Ranked/df8_sp.tab
ADAMTS1@24	2	1000	0.002	b_473,b_831	/home/miguel/IBE-UPF/TFM/Master_projects/PhyloPhere/Data/6.CAAS_traitfiles/Ranked/df8_sp.tab
ADAMTS1@29	13	1000	0.013	b_65,b_873,b_308,b_685,b_61,b_831,b_583,b_669,b_492,b_822,b_63,b_316,b_780	/home/miguel/IBE-UPF/TFM/Master_projects/PhyloPhere/Data/6.CAAS_traitfiles/Ranked/df8_sp.tab
ADAMTS1@31	0	1000	0.0		/home/miguel/IBE-UPF/TFM/Master_projects/PhyloPhere/Data/6.CAAS_traitfiles/Ranked/df8_sp.tab
ADAMTS1@32	12	1000	0.012	b_374,b_99,b_728,b_800,b_309,b_473,b_416,b_954,b_63,b_86,b_432,b_254	/home/miguel/IBE-UPF/TFM/Master_projects/PhyloPhere/Data/6.CAAS_traitfiles/Ranked/df8_sp.tab
ADAMTS1@37	0	1000	0.0		/home/miguel/IBE-UPF/TFM/Master_projects/PhyloPhere/Data/6.CAAS_traitfiles/Ranked/df8_sp.tab
ADAMTS1@38	0	1000	0.0		/home/miguel/IBE-UPF/TFM/Master_projects/PhyloPhere/Data/6.CAAS_traitfiles/Ranked/df8_sp.tab
ADAMTS1@39	22	1000	0.022	b_136,b_308,b_334,b_374,b_99,b_813,b_728,b_800,b_473,b_558,b_583,b_398,b_416,b_907,b_704,b_63,b_77,b_86,b_817,b_814,b_432,b_254	/home/miguel/IBE-UPF/TFM/Master_projects/PhyloPhere/Data/6.CAAS_traitfiles/Ranked/df8_sp.tab
ADAMTS1@40	0	1000	0.0		/home/miguel/IBE-UPF/TFM/Master_projects/PhyloPhere/Data/6.CAAS_traitfiles/Ranked/df8_sp.tab
ADAMTS1@41	11	1000	0.011	b_136,b_309,b_583,b_416,b_681,b_907,b_63,b_77,b_34,b_817,b_82	/home/miguel/IBE-UPF/TFM/Master_projects/PhyloPhere/Data/6.CAAS_traitfiles/Ranked/df8_sp.tab
ADAMTS1@43	0	1000	0.0		/home/miguel/IBE-UPF/TFM/Master_projects/PhyloPhere/Data/6.CAAS_traitfiles/Ranked/df8_sp.tab
ADAMTS1@44	0	1000	0.0		/home/miguel/IBE-UPF/TFM/Master_projects/PhyloPhere/Data/6.CAAS_traitfiles/Ranked/df8_sp.tab
ADAMTS1@45	0	1000	0.0		/home/miguel/IBE-UPF/TFM/Master_projects/PhyloPhere/Data/6.CAAS_traitfiles/Ranked/df8_sp.tab
ADAMTS1@46	0	1000	0.0		/home/miguel/IBE-UPF/TFM/Master_projects/PhyloPhere/Data/6.CAAS_traitfiles/Ranked/df8_sp.tab
ADAMTS1@49	6	1000	0.006	b_136,b_289,b_669,b_63,b_77,b_997	/home/miguel/IBE-UPF/TFM/Master_projects/PhyloPhere/Data/6.CAAS_traitfiles/Ranked/df8_sp.tab
ADAMTS1@50	0	1000	0.0		/home/miguel/IBE-UPF/TFM/Master_projects/PhyloPhere/Data/6.CAAS_traitfiles/Ranked/df8_sp.tab
ADAMTS1@56	0	1000	0.0		/home/miguel/IBE-UPF/TFM/Master_projects/PhyloPhere/Data/6.CAAS_traitfiles/Ranked/df8_sp.tab
ADAMTS1@57	0	1000	0.0		/home/miguel/IBE-UPF/TFM/Master_projects/PhyloPhere/Data/6.CAAS_traitfiles/Ranked/df8_sp.tab
ADAMTS1@60	0	1000	0.0		/home/miguel/IBE-UPF/TFM/Master_projects/PhyloPhere/Data/6.CAAS_traitfiles/Ranked/df8_sp.tab
ADAMTS1@63	0	1000	0.0		/home/miguel/IBE-UPF/TFM/Master_projects/PhyloPhere/Data/6.CAAS_traitfiles/Ranked/df8_sp.tab
ADAMTS1@64	0	1000	0.0		/home/miguel/IBE-UPF/TFM/Master_projects/PhyloPhere/Data/6.CAAS_traitfiles/Ranked/df8_sp.tab
ADAMTS1@65	0	1000	0.0		/home/miguel/IBE-UPF/TFM/Master_projects/PhyloPhere/Data/6.CAAS_traitfiles/Ranked/df8_sp.tab
ADAMTS1@67	0	1000	0.0		/home/miguel/IBE-UPF/TFM/Master_projects/PhyloPhere/Data/6.CAAS_traitfiles/Ranked/df8_sp.tab
ADAMTS1@68	0	1000	0.0		/home/miguel/IBE-UPF/TFM/Master_projects/PhyloPhere/Data/6.CAAS_traitfiles/Ranked/df8_sp.tab
ADAMTS1@70	0	1000	0.0		/home/miguel/IBE-UPF/TFM/Master_projects/PhyloPhere/Data/6.CAAS_traitfiles/Ranked/df8_sp.tab
ADAMTS1@71	0	1000	0.0		/home/miguel/IBE-UPF/TFM/Master_projects/PhyloPhere/Data/6.CAAS_traitfiles/Ranked/df8_sp.tab
ADAMTS1@73	0	1000	0.0		/home/miguel/IBE-UPF/TFM/Master_projects/PhyloPhere/Data/6.CAAS_traitfiles/Ranked/df8_sp.tab
ADAMTS1@74	0	1000	0.0		/home/miguel/IBE-UPF/TFM/Master_projects/PhyloPhere/Data/6.CAAS_traitfiles/Ranked/df8_sp.tab
ADAMTS1@75	0	1000	0.0		/home/miguel/IBE-UPF/TFM/Master_projects/PhyloPhere/Data/6.CAAS_traitfiles/Ranked/df8_sp.tab
ADAMTS1@78	26	1000	0.026	b_136,b_308,b_334,b_903,b_374,b_99,b_813,b_728,b_800,b_473,b_558,b_583,b_398,b_416,b_907,b_456,b_392,b_704,b_63,b_77,b_250,b_86,b_817,b_814,b_432,b_254	/home/miguel/IBE-UPF/TFM/Master_projects/PhyloPhere/Data/6.CAAS_traitfiles/Ranked/df8_sp.tab
ADAMTS1@79	0	1000	0.0		/home/miguel/IBE-UPF/TFM/Master_projects/PhyloPhere/Data/6.CAAS_traitfiles/Ranked/df8_sp.tab
ADAMTS1@80	0	1000	0.0		/home/miguel/IBE-UPF/TFM/Master_projects/PhyloPhere/Data/6.CAAS_traitfiles/Ranked/df8_sp.tab
ADAMTS1@81	1	1000	0.001	b_700	/home/miguel/IBE-UPF/TFM/Master_projects/PhyloPhere/Data/6.CAAS_traitfiles/Ranked/df8_sp.tab
ADAMTS1@82	0	1000	0.0		/home/miguel/IBE-UPF/TFM/Master_projects/PhyloPhere/Data/6.CAAS_traitfiles/Ranked/df8_sp.tab
ADAMTS1@84	0	1000	0.0		/home/miguel/IBE-UPF/TFM/Master_projects/PhyloPhere/Data/6.CAAS_traitfiles/Ranked/df8_sp.tab
ADAMTS1@85	32	1000	0.032	b_950,b_65,b_873,b_136,b_308,b_364,b_936,b_685,b_61,b_240,b_813,b_96,b_473,b_289,b_831,b_382,b_583,b_509,b_669,b_681,b_492,b_822,b_247,b_63,b_77,b_316,b_232,b_172,b_780,b_997,b_848,b_825	/home/miguel/IBE-UPF/TFM/Master_projects/PhyloPhere/Data/6.CAAS_traitfiles/Ranked/df8_sp.tab
ADAMTS1@86	0	1000	0.0		/home/miguel/IBE-UPF/TFM/Master_projects/PhyloPhere/Data/6.CAAS_traitfiles/Ranked/df8_sp.tab
ADAMTS1@87	0	1000	0.0		/home/miguel/IBE-UPF/TFM/Master_projects/PhyloPhere/Data/6.CAAS_traitfiles/Ranked/df8_sp.tab
ADAMTS1@91	0	1000	0.0		/home/miguel/IBE-UPF/TFM/Master_projects/PhyloPhere/Data/6.CAAS_traitfiles/Ranked/df8_sp.tab
ADAMTS1@94	0	1000	0.0		/home/miguel/IBE-UPF/TFM/Master_projects/PhyloPhere/Data/6.CAAS_traitfiles/Ranked/df8_sp.tab
ADAMTS1@97	0	1000	0.0		/home/miguel/IBE-UPF/TFM/Master_projects/PhyloPhere/Data/6.CAAS_traitfiles/Ranked/df8_sp.tab
ADAMTS1@98	0	1000	0.0		/home/miguel/IBE-UPF/TFM/Master_projects/PhyloPhere/Data/6.CAAS_traitfiles/Ranked/df8_sp.tab
ADAMTS1@100	0	1000	0.0		/home/miguel/IBE-UPF/TFM/Master_projects/PhyloPhere/Data/6.CAAS_traitfiles/Ranked/df8_sp.tab
ADAMTS1@104	24	1000	0.024	b_136,b_308,b_334,b_374,b_99,b_813,b_728,b_800,b_473,b_608,b_558,b_583,b_398,b_416,b_681,b_907,b_704,b_63,b_77,b_86,b_817,b_814,b_432,b_254	/home/miguel/IBE-UPF/TFM/Master_projects/PhyloPhere/Data/6.CAAS_traitfiles/Ranked/df8_sp.tab
ADAMTS1@105	0	1000	0.0		/home/miguel/IBE-UPF/TFM/Master_projects/PhyloPhere/Data/6.CAAS_traitfiles/Ranked/df8_sp.tab
ADAMTS1@106	0	1000	0.0		/home/miguel/IBE-UPF/TFM/Master_projects/PhyloPhere/Data/6.CAAS_traitfiles/Ranked/df8_sp.tab
ADAMTS1@107	0	1000	0.0		/home/miguel/IBE-UPF/TFM/Master_projects/PhyloPhere/Data/6.CAAS_traitfiles/Ranked/df8_sp.tab
ADAMTS1@108	0	1000	0.0		/home/miguel/IBE-UPF/TFM/Master_projects/PhyloPhere/Data/6.CAAS_traitfiles/Ranked/df8_sp.tab
ADAMTS1@109	0	1000	0.0		/home/miguel/IBE-UPF/TFM/Master_projects/PhyloPhere/Data/6.CAAS_traitfiles/Ranked/df8_sp.tab
ADAMTS1@110	11	1000	0.011	b_99,b_728,b_309,b_473,b_583,b_789,b_704,b_954,b_63,b_557,b_432	/home/miguel/IBE-UPF/TFM/Master_projects/PhyloPhere/Data/6.CAAS_traitfiles/Ranked/df8_sp.tab
ADAMTS1@111	0	1000	0.0		/home/miguel/IBE-UPF/TFM/Master_projects/PhyloPhere/Data/6.CAAS_traitfiles/Ranked/df8_sp.tab
ADAMTS1@112	0	1000	0.0		/home/miguel/IBE-UPF/TFM/Master_projects/PhyloPhere/Data/6.CAAS_traitfiles/Ranked/df8_sp.tab
ADAMTS1@113	27	1000	0.027	b_65,b_873,b_685,b_334,b_374,b_99,b_728,b_309,b_473,b_289,b_558,b_831,b_382,b_583,b_398,b_669,b_492,b_822,b_704,b_63,b_172,b_817,b_997,b_432,b_254,b_848,b_825	/home/miguel/IBE-UPF/TFM/Master_projects/PhyloPhere/Data/6.CAAS_traitfiles/Ranked/df8_sp.tab
ADAMTS1@121	0	1000	0.0		/home/miguel/IBE-UPF/TFM/Master_projects/PhyloPhere/Data/6.CAAS_traitfiles/Ranked/df8_sp.tab
ADAMTS1@128	0	1000	0.0		/home/miguel/IBE-UPF/TFM/Master_projects/PhyloPhere/Data/6.CAAS_traitfiles/Ranked/df8_sp.tab
ADAMTS1@140	0	1000	0.0		/home/miguel/IBE-UPF/TFM/Master_projects/PhyloPhere/Data/6.CAAS_traitfiles/Ranked/df8_sp.tab
ADAMTS1@146	0	1000	0.0		/home/miguel/IBE-UPF/TFM/Master_projects/PhyloPhere/Data/6.CAAS_traitfiles/Ranked/df8_sp.tab
ADAMTS1@147	0	1000	0.0		/home/miguel/IBE-UPF/TFM/Master_projects/PhyloPhere/Data/6.CAAS_traitfiles/Ranked/df8_sp.tab
ADAMTS1@150	0	1000	0.0		/home/miguel/IBE-UPF/TFM/Master_projects/PhyloPhere/Data/6.CAAS_traitfiles/Ranked/df8_sp.tab
ADAMTS1@156	0	1000	0.0		/home/miguel/IBE-UPF/TFM/Master_projects/PhyloPhere/Data/6.CAAS_traitfiles/Ranked/df8_sp.tab
ADAMTS1@159	0	1000	0.0		/home/miguel/IBE-UPF/TFM/Master_projects/PhyloPhere/Data/6.CAAS_traitfiles/Ranked/df8_sp.tab
ADAMTS1@161	0	1000	0.0		/home/miguel/IBE-UPF/TFM/Master_projects/PhyloPhere/Data/6.CAAS_traitfiles/Ranked/df8_sp.tab
ADAMTS1@164	0	1000	0.0		/home/miguel/IBE-UPF/TFM/Master_projects/PhyloPhere/Data/6.CAAS_traitfiles/Ranked/df8_sp.tab
ADAMTS1@165	0	1000	0.0		/home/miguel/IBE-UPF/TFM/Master_projects/PhyloPhere/Data/6.CAAS_traitfiles/Ranked/df8_sp.tab
ADAMTS1@167	0	1000	0.0		/home/miguel/IBE-UPF/TFM/Master_projects/PhyloPhere/Data/6.CAAS_traitfiles/Ranked/df8_sp.tab
ADAMTS1@170	0	1000	0.0		/home/miguel/IBE-UPF/TFM/Master_projects/PhyloPhere/Data/6.CAAS_traitfiles/Ranked/df8_sp.tab
ADAMTS1@171	0	1000	0.0		/home/miguel/IBE-UPF/TFM/Master_projects/PhyloPhere/Data/6.CAAS_traitfiles/Ranked/df8_sp.tab
ADAMTS1@172	0	1000	0.0		/home/miguel/IBE-UPF/TFM/Master_projects/PhyloPhere/Data/6.CAAS_traitfiles/Ranked/df8_sp.tab
ADAMTS1@173	0	1000	0.0		/home/miguel/IBE-UPF/TFM/Master_projects/PhyloPhere/Data/6.CAAS_traitfiles/Ranked/df8_sp.tab
ADAMTS1@174	0	1000	0.0		/home/miguel/IBE-UPF/TFM/Master_projects/PhyloPhere/Data/6.CAAS_traitfiles/Ranked/df8_sp.tab
ADAMTS1@175	0	1000	0.0		/home/miguel/IBE-UPF/TFM/Master_projects/PhyloPhere/Data/6.CAAS_traitfiles/Ranked/df8_sp.tab
ADAMTS1@176	0	1000	0.0		/home/miguel/IBE-UPF/TFM/Master_projects/PhyloPhere/Data/6.CAAS_traitfiles/Ranked/df8_sp.tab
ADAMTS1@183	1	1000	0.001	b_436	/home/miguel/IBE-UPF/TFM/Master_projects/PhyloPhere/Data/6.CAAS_traitfiles/Ranked/df8_sp.tab
ADAMTS1@185	0	1000	0.0		/home/miguel/IBE-UPF/TFM/Master_projects/PhyloPhere/Data/6.CAAS_traitfiles/Ranked/df8_sp.tab
ADAMTS1@187	0	1000	0.0		/home/miguel/IBE-UPF/TFM/Master_projects/PhyloPhere/Data/6.CAAS_traitfiles/Ranked/df8_sp.tab
ADAMTS1@188	0	1000	0.0		/home/miguel/IBE-UPF/TFM/Master_projects/PhyloPhere/Data/6.CAAS_traitfiles/Ranked/df8_sp.tab
ADAMTS1@190	0	1000	0.0		/home/miguel/IBE-UPF/TFM/Master_projects/PhyloPhere/Data/6.CAAS_traitfiles/Ranked/df8_sp.tab
ADAMTS1@191	0	1000	0.0		/home/miguel/IBE-UPF/TFM/Master_projects/PhyloPhere/Data/6.CAAS_traitfiles/Ranked/df8_sp.tab
ADAMTS1@195	0	1000	0.0		/home/miguel/IBE-UPF/TFM/Master_projects/PhyloPhere/Data/6.CAAS_traitfiles/Ranked/df8_sp.tab
ADAMTS1@197	6	1000	0.006	b_136,b_289,b_669,b_63,b_77,b_997	/home/miguel/IBE-UPF/TFM/Master_projects/PhyloPhere/Data/6.CAAS_traitfiles/Ranked/df8_sp.tab
ADAMTS1@199	0	1000	0.0		/home/miguel/IBE-UPF/TFM/Master_projects/PhyloPhere/Data/6.CAAS_traitfiles/Ranked/df8_sp.tab
ADAMTS1@200	14	1000	0.014	b_205,b_136,b_800,b_289,b_558,b_416,b_46,b_669,b_907,b_63,b_77,b_34,b_997,b_793	/home/miguel/IBE-UPF/TFM/Master_projects/PhyloPhere/Data/6.CAAS_traitfiles/Ranked/df8_sp.tab
ADAMTS1@202	0	1000	0.0		/home/miguel/IBE-UPF/TFM/Master_projects/PhyloPhere/Data/6.CAAS_traitfiles/Ranked/df8_sp.tab
ADAMTS1@203	0	1000	0.0		/home/miguel/IBE-UPF/TFM/Master_projects/PhyloPhere/Data/6.CAAS_traitfiles/Ranked/df8_sp.tab
ADAMTS1@204	0	1000	0.0		/home/miguel/IBE-UPF/TFM/Master_projects/PhyloPhere/Data/6.CAAS_traitfiles/Ranked/df8_sp.tab
ADAMTS1@205	0	1000	0.0		/home/miguel/IBE-UPF/TFM/Master_projects/PhyloPhere/Data/6.CAAS_traitfiles/Ranked/df8_sp.tab
ADAMTS1@206	0	1000	0.0		/home/miguel/IBE-UPF/TFM/Master_projects/PhyloPhere/Data/6.CAAS_traitfiles/Ranked/df8_sp.tab
ADAMTS1@207	33	1000	0.033	b_65,b_873,b_136,b_308,b_685,b_61,b_99,b_813,b_728,b_309,b_473,b_289,b_831,b_382,b_583,b_509,b_669,b_492,b_822,b_789,b_704,b_954,b_63,b_77,b_316,b_232,b_172,b_780,b_997,b_557,b_432,b_848,b_825	/home/miguel/IBE-UPF/TFM/Master_projects/PhyloPhere/Data/6.CAAS_traitfiles/Ranked/df8_sp.tab
ADAMTS1@210	0	1000	0.0		/home/miguel/IBE-UPF/TFM/Master_projects/PhyloPhere/Data/6.CAAS_traitfiles/Ranked/df8_sp.tab
ADAMTS1@211	27	1000	0.027	b_950,b_65,b_873,b_136,b_308,b_364,b_936,b_61,b_240,b_813,b_96,b_473,b_831,b_382,b_583,b_509,b_669,b_681,b_492,b_247,b_63,b_77,b_172,b_780,b_997,b_848,b_825	/home/miguel/IBE-UPF/TFM/Master_projects/PhyloPhere/Data/6.CAAS_traitfiles/Ranked/df8_sp.tab
ADAMTS1@212	0	1000	0.0		/home/miguel/IBE-UPF/TFM/Master_projects/PhyloPhere/Data/6.CAAS_traitfiles/Ranked/df8_sp.tab
ADAMTS1@215	0	1000	0.0		/home/miguel/IBE-UPF/TFM/Master_projects/PhyloPhere/Data/6.CAAS_traitfiles/Ranked/df8_sp.tab
ADAMTS1@217	22	1000	0.022	b_136,b_308,b_334,b_374,b_99,b_813,b_728,b_800,b_473,b_558,b_583,b_398,b_416,b_907,b_704,b_63,b_77,b_86,b_817,b_814,b_432,b_254	/home/miguel/IBE-UPF/TFM/Master_projects/PhyloPhere/Data/6.CAAS_traitfiles/Ranked/df8_sp.tab
ADAMTS1@219	0	1000	0.0		/home/miguel/IBE-UPF/TFM/Master_projects/PhyloPhere/Data/6.CAAS_traitfiles/Ranked/df8_sp.tab
ADAMTS1@221	0	1000	0.0		/home/miguel/IBE-UPF/TFM/Master_projects/PhyloPhere/Data/6.CAAS_traitfiles/Ranked/df8_sp.tab
ADAMTS1@223	1	1000	0.001	b_901	/home/miguel/IBE-UPF/TFM/Master_projects/PhyloPhere/Data/6.CAAS_traitfiles/Ranked/df8_sp.tab
ADAMTS1@224	0	1000	0.0		/home/miguel/IBE-UPF/TFM/Master_projects/PhyloPhere/Data/6.CAAS_traitfiles/Ranked/df8_sp.tab
ADAMTS1@225	0	1000	0.0		/home/miguel/IBE-UPF/TFM/Master_projects/PhyloPhere/Data/6.CAAS_traitfiles/Ranked/df8_sp.tab
ADAMTS1@226	1	1000	0.001	b_436	/home/miguel/IBE-UPF/TFM/Master_projects/PhyloPhere/Data/6.CAAS_traitfiles/Ranked/df8_sp.tab
ADAMTS1@229	0	1000	0.0		/home/miguel/IBE-UPF/TFM/Master_projects/PhyloPhere/Data/6.CAAS_traitfiles/Ranked/df8_sp.tab
ADAMTS1@230	0	1000	0.0		/home/miguel/IBE-UPF/TFM/Master_projects/PhyloPhere/Data/6.CAAS_traitfiles/Ranked/df8_sp.tab
ADAMTS1@244	0	1000	0.0		/home/miguel/IBE-UPF/TFM/Master_projects/PhyloPhere/Data/6.CAAS_traitfiles/Ranked/df8_sp.tab
ADAMTS1@300	0	1000	0.0		/home/miguel/IBE-UPF/TFM/Master_projects/PhyloPhere/Data/6.CAAS_traitfiles/Ranked/df8_sp.tab
ADAMTS1@301	22	1000	0.022	b_136,b_308,b_334,b_374,b_99,b_813,b_728,b_800,b_473,b_558,b_583,b_398,b_416,b_907,b_704,b_63,b_77,b_86,b_817,b_814,b_432,b_254	/home/miguel/IBE-UPF/TFM/Master_projects/PhyloPhere/Data/6.CAAS_traitfiles/Ranked/df8_sp.tab
ADAMTS1@328	0	1000	0.0		/home/miguel/IBE-UPF/TFM/Master_projects/PhyloPhere/Data/6.CAAS_traitfiles/Ranked/df8_sp.tab
ADAMTS1@334	10	1000	0.01	b_136,b_61,b_721,b_289,b_583,b_669,b_63,b_77,b_997,b_825	/home/miguel/IBE-UPF/TFM/Master_projects/PhyloPhere/Data/6.CAAS_traitfiles/Ranked/df8_sp.tab
ADAMTS1@351	0	1000	0.0		/home/miguel/IBE-UPF/TFM/Master_projects/PhyloPhere/Data/6.CAAS_traitfiles/Ranked/df8_sp.tab
ADAMTS1@409	0	1000	0.0		/home/miguel/IBE-UPF/TFM/Master_projects/PhyloPhere/Data/6.CAAS_traitfiles/Ranked/df8_sp.tab
ADAMTS1@412	7	1000	0.007	b_308,b_771,b_813,b_473,b_416,b_704,b_254	/home/miguel/IBE-UPF/TFM/Master_projects/PhyloPhere/Data/6.CAAS_traitfiles/Ranked/df8_sp.tab
ADAMTS1@426	0	1000	0.0		/home/miguel/IBE-UPF/TFM/Master_projects/PhyloPhere/Data/6.CAAS_traitfiles/Ranked/df8_sp.tab
ADAMTS1@451	0	1000	0.0		/home/miguel/IBE-UPF/TFM/Master_projects/PhyloPhere/Data/6.CAAS_traitfiles/Ranked/df8_sp.tab
ADAMTS1@456	0	1000	0.0		/home/miguel/IBE-UPF/TFM/Master_projects/PhyloPhere/Data/6.CAAS_traitfiles/Ranked/df8_sp.tab
ADAMTS1@458	0	1000	0.0		/home/miguel/IBE-UPF/TFM/Master_projects/PhyloPhere/Data/6.CAAS_traitfiles/Ranked/df8_sp.tab
ADAMTS1@459	0	1000	0.0		/home/miguel/IBE-UPF/TFM/Master_projects/PhyloPhere/Data/6.CAAS_traitfiles/Ranked/df8_sp.tab
ADAMTS1@462	22	1000	0.022	b_136,b_308,b_334,b_374,b_99,b_813,b_728,b_800,b_473,b_558,b_583,b_398,b_416,b_907,b_704,b_63,b_77,b_86,b_817,b_814,b_432,b_254	/home/miguel/IBE-UPF/TFM/Master_projects/PhyloPhere/Data/6.CAAS_traitfiles/Ranked/df8_sp.tab
ADAMTS1@468	0	1000	0.0		/home/miguel/IBE-UPF/TFM/Master_projects/PhyloPhere/Data/6.CAAS_traitfiles/Ranked/df8_sp.tab
ADAMTS1@482	0	1000	0.0		/home/miguel/IBE-UPF/TFM/Master_projects/PhyloPhere/Data/6.CAAS_traitfiles/Ranked/df8_sp.tab
ADAMTS1@494	22	1000	0.022	b_136,b_308,b_334,b_374,b_99,b_813,b_728,b_800,b_473,b_558,b_583,b_398,b_416,b_907,b_704,b_63,b_77,b_86,b_817,b_814,b_432,b_254	/home/miguel/IBE-UPF/TFM/Master_projects/PhyloPhere/Data/6.CAAS_traitfiles/Ranked/df8_sp.tab
ADAMTS1@505	0	1000	0.0		/home/miguel/IBE-UPF/TFM/Master_projects/PhyloPhere/Data/6.CAAS_traitfiles/Ranked/df8_sp.tab
ADAMTS1@520	25	1000	0.025	b_65,b_873,b_136,b_308,b_685,b_61,b_813,b_473,b_289,b_831,b_382,b_583,b_509,b_669,b_492,b_822,b_63,b_77,b_316,b_232,b_172,b_780,b_997,b_848,b_825	/home/miguel/IBE-UPF/TFM/Master_projects/PhyloPhere/Data/6.CAAS_traitfiles/Ranked/df8_sp.tab
ADAMTS1@528	0	1000	0.0		/home/miguel/IBE-UPF/TFM/Master_projects/PhyloPhere/Data/6.CAAS_traitfiles/Ranked/df8_sp.tab
ADAMTS1@538	0	1000	0.0		/home/miguel/IBE-UPF/TFM/Master_projects/PhyloPhere/Data/6.CAAS_traitfiles/Ranked/df8_sp.tab
ADAMTS1@545	0	1000	0.0		/home/miguel/IBE-UPF/TFM/Master_projects/PhyloPhere/Data/6.CAAS_traitfiles/Ranked/df8_sp.tab
ADAMTS1@551	0	1000	0.0		/home/miguel/IBE-UPF/TFM/Master_projects/PhyloPhere/Data/6.CAAS_traitfiles/Ranked/df8_sp.tab
ADAMTS1@579	0	1000	0.0		/home/miguel/IBE-UPF/TFM/Master_projects/PhyloPhere/Data/6.CAAS_traitfiles/Ranked/df8_sp.tab
ADAMTS1@597	0	1000	0.0		/home/miguel/IBE-UPF/TFM/Master_projects/PhyloPhere/Data/6.CAAS_traitfiles/Ranked/df8_sp.tab
ADAMTS1@622	0	1000	0.0		/home/miguel/IBE-UPF/TFM/Master_projects/PhyloPhere/Data/6.CAAS_traitfiles/Ranked/df8_sp.tab
ADAMTS1@629	0	1000	0.0		/home/miguel/IBE-UPF/TFM/Master_projects/PhyloPhere/Data/6.CAAS_traitfiles/Ranked/df8_sp.tab
ADAMTS1@633	0	1000	0.0		/home/miguel/IBE-UPF/TFM/Master_projects/PhyloPhere/Data/6.CAAS_traitfiles/Ranked/df8_sp.tab
ADAMTS1@653	0	1000	0.0		/home/miguel/IBE-UPF/TFM/Master_projects/PhyloPhere/Data/6.CAAS_traitfiles/Ranked/df8_sp.tab
ADAMTS1@665	0	1000	0.0		/home/miguel/IBE-UPF/TFM/Master_projects/PhyloPhere/Data/6.CAAS_traitfiles/Ranked/df8_sp.tab
ADAMTS1@703	0	1000	0.0		/home/miguel/IBE-UPF/TFM/Master_projects/PhyloPhere/Data/6.CAAS_traitfiles/Ranked/df8_sp.tab
ADAMTS1@729	0	1000	0.0		/home/miguel/IBE-UPF/TFM/Master_projects/PhyloPhere/Data/6.CAAS_traitfiles/Ranked/df8_sp.tab
ADAMTS1@760	11	1000	0.011	b_99,b_728,b_309,b_473,b_583,b_789,b_704,b_954,b_63,b_557,b_432	/home/miguel/IBE-UPF/TFM/Master_projects/PhyloPhere/Data/6.CAAS_traitfiles/Ranked/df8_sp.tab
ADAMTS1@770	0	1000	0.0		/home/miguel/IBE-UPF/TFM/Master_projects/PhyloPhere/Data/6.CAAS_traitfiles/Ranked/df8_sp.tab
ADAMTS1@780	0	1000	0.0		/home/miguel/IBE-UPF/TFM/Master_projects/PhyloPhere/Data/6.CAAS_traitfiles/Ranked/df8_sp.tab
ADAMTS1@818	25	1000	0.025	b_65,b_873,b_136,b_308,b_685,b_61,b_813,b_473,b_289,b_831,b_382,b_583,b_509,b_669,b_492,b_822,b_63,b_77,b_316,b_232,b_172,b_780,b_997,b_848,b_825	/home/miguel/IBE-UPF/TFM/Master_projects/PhyloPhere/Data/6.CAAS_traitfiles/Ranked/df8_sp.tab
ADAMTS1@829	25	1000	0.025	b_65,b_873,b_136,b_308,b_685,b_61,b_813,b_473,b_289,b_831,b_382,b_583,b_509,b_669,b_492,b_822,b_63,b_77,b_316,b_232,b_172,b_780,b_997,b_848,b_825	/home/miguel/IBE-UPF/TFM/Master_projects/PhyloPhere/Data/6.CAAS_traitfiles/Ranked/df8_sp.tab
ADAMTS1@844	0	1000	0.0		/home/miguel/IBE-UPF/TFM/Master_projects/PhyloPhere/Data/6.CAAS_traitfiles/Ranked/df8_sp.tab
ADAMTS1@858	0	1000	0.0		/home/miguel/IBE-UPF/TFM/Master_projects/PhyloPhere/Data/6.CAAS_traitfiles/Ranked/df8_sp.tab
ADAMTS1@865	0	1000	0.0		/home/miguel/IBE-UPF/TFM/Master_projects/PhyloPhere/Data/6.CAAS_traitfiles/Ranked/df8_sp.tab
ADAMTS1@894	0	1000	0.0		/home/miguel/IBE-UPF/TFM/Master_projects/PhyloPhere/Data/6.CAAS_traitfiles/Ranked/df8_sp.tab
ADAMTS1@898	0	1000	0.0		/home/miguel/IBE-UPF/TFM/Master_projects/PhyloPhere/Data/6.CAAS_traitfiles/Ranked/df8_sp.tab
ADAMTS1@901	0	1000	0.0		/home/miguel/IBE-UPF/TFM/Master_projects/PhyloPhere/Data/6.CAAS_traitfiles/Ranked/df8_sp.tab
ADAMTS1@903	0	1000	0.0		/home/miguel/IBE-UPF/TFM/Master_projects/PhyloPhere/Data/6.CAAS_traitfiles/Ranked/df8_sp.tab
ADAMTS1@906	0	1000	0.0		/home/miguel/IBE-UPF/TFM/Master_projects/PhyloPhere/Data/6.CAAS_traitfiles/Ranked/df8_sp.tab
ADAMTS1@919	22	1000	0.022	b_136,b_308,b_334,b_374,b_99,b_813,b_728,b_800,b_473,b_558,b_583,b_398,b_416,b_907,b_704,b_63,b_77,b_86,b_817,b_814,b_432,b_254	/home/miguel/IBE-UPF/TFM/Master_projects/PhyloPhere/Data/6.CAAS_traitfiles/Ranked/df8_sp.tab
ADAMTS1@932	0	1000	0.0		/home/miguel/IBE-UPF/TFM/Master_projects/PhyloPhere/Data/6.CAAS_traitfiles/Ranked/df8_sp.tab
ADAMTS1@934	6	1000	0.006	b_136,b_289,b_669,b_63,b_77,b_997	/home/miguel/IBE-UPF/TFM/Master_projects/PhyloPhere/Data/6.CAAS_traitfiles/Ranked/df8_sp.tab
ADAMTS1@944	0	1000	0.0		/home/miguel/IBE-UPF/TFM/Master_projects/PhyloPhere/Data/6.CAAS_traitfiles/Ranked/df8_sp.tab
ADAMTS1@949	0	1000	0.0		/home/miguel/IBE-UPF/TFM/Master_projects/PhyloPhere/Data/6.CAAS_traitfiles/Ranked/df8_sp.tab
ADAMTS1@950	0	1000	0.0		/home/miguel/IBE-UPF/TFM/Master_projects/PhyloPhere/Data/6.CAAS_traitfiles/Ranked/df8_sp.tab
