ACSM2B@1	5	1000	0.005	b_583,b_77,b_136,b_63,b_669	/home/miguel/IBE-UPF/TFM/Master_projects/PhyloPhere/Data/6.CAAS_traitfiles/Ranked/df8_sp.tab
ACSM2B@4	0	1000	0.0		/home/miguel/IBE-UPF/TFM/Master_projects/PhyloPhere/Data/6.CAAS_traitfiles/Ranked/df8_sp.tab
ACSM2B@6	5	1000	0.005	b_416,b_583,b_77,b_136,b_63	/home/miguel/IBE-UPF/TFM/Master_projects/PhyloPhere/Data/6.CAAS_traitfiles/Ranked/df8_sp.tab
ACSM2B@7	0	1000	0.0		/home/miguel/IBE-UPF/TFM/Master_projects/PhyloPhere/Data/6.CAAS_traitfiles/Ranked/df8_sp.tab
ACSM2B@8	0	1000	0.0		/home/miguel/IBE-UPF/TFM/Master_projects/PhyloPhere/Data/6.CAAS_traitfiles/Ranked/df8_sp.tab
ACSM2B@14	0	1000	0.0		/home/miguel/IBE-UPF/TFM/Master_projects/PhyloPhere/Data/6.CAAS_traitfiles/Ranked/df8_sp.tab
ACSM2B@15	0	1000	0.0		/home/miguel/IBE-UPF/TFM/Master_projects/PhyloPhere/Data/6.CAAS_traitfiles/Ranked/df8_sp.tab
ACSM2B@17	0	1000	0.0		/home/miguel/IBE-UPF/TFM/Master_projects/PhyloPhere/Data/6.CAAS_traitfiles/Ranked/df8_sp.tab
ACSM2B@18	5	1000	0.005	b_583,b_77,b_136,b_63,b_669	/home/miguel/IBE-UPF/TFM/Master_projects/PhyloPhere/Data/6.CAAS_traitfiles/Ranked/df8_sp.tab
ACSM2B@20	6	1000	0.006	b_681,b_583,b_77,b_136,b_63,b_669	/home/miguel/IBE-UPF/TFM/Master_projects/PhyloPhere/Data/6.CAAS_traitfiles/Ranked/df8_sp.tab
ACSM2B@21	0	1000	0.0		/home/miguel/IBE-UPF/TFM/Master_projects/PhyloPhere/Data/6.CAAS_traitfiles/Ranked/df8_sp.tab
ACSM2B@22	0	1000	0.0		/home/miguel/IBE-UPF/TFM/Master_projects/PhyloPhere/Data/6.CAAS_traitfiles/Ranked/df8_sp.tab
ACSM2B@23	5	1000	0.005	b_416,b_583,b_77,b_136,b_63	/home/miguel/IBE-UPF/TFM/Master_projects/PhyloPhere/Data/6.CAAS_traitfiles/Ranked/df8_sp.tab
ACSM2B@25	0	1000	0.0		/home/miguel/IBE-UPF/TFM/Master_projects/PhyloPhere/Data/6.CAAS_traitfiles/Ranked/df8_sp.tab
ACSM2B@26	7	1000	0.007	b_540,b_622,b_583,b_77,b_136,b_63,b_669	/home/miguel/IBE-UPF/TFM/Master_projects/PhyloPhere/Data/6.CAAS_traitfiles/Ranked/df8_sp.tab
ACSM2B@28	4	1000	0.004	b_77,b_136,b_63,b_669	/home/miguel/IBE-UPF/TFM/Master_projects/PhyloPhere/Data/6.CAAS_traitfiles/Ranked/df8_sp.tab
ACSM2B@30	0	1000	0.0		/home/miguel/IBE-UPF/TFM/Master_projects/PhyloPhere/Data/6.CAAS_traitfiles/Ranked/df8_sp.tab
ACSM2B@32	0	1000	0.0		/home/miguel/IBE-UPF/TFM/Master_projects/PhyloPhere/Data/6.CAAS_traitfiles/Ranked/df8_sp.tab
ACSM2B@33	0	1000	0.0		/home/miguel/IBE-UPF/TFM/Master_projects/PhyloPhere/Data/6.CAAS_traitfiles/Ranked/df8_sp.tab
ACSM2B@36	0	1000	0.0		/home/miguel/IBE-UPF/TFM/Master_projects/PhyloPhere/Data/6.CAAS_traitfiles/Ranked/df8_sp.tab
ACSM2B@37	0	1000	0.0		/home/miguel/IBE-UPF/TFM/Master_projects/PhyloPhere/Data/6.CAAS_traitfiles/Ranked/df8_sp.tab
ACSM2B@38	0	1000	0.0		/home/miguel/IBE-UPF/TFM/Master_projects/PhyloPhere/Data/6.CAAS_traitfiles/Ranked/df8_sp.tab
ACSM2B@39	0	1000	0.0		/home/miguel/IBE-UPF/TFM/Master_projects/PhyloPhere/Data/6.CAAS_traitfiles/Ranked/df8_sp.tab
ACSM2B@41	5	1000	0.005	b_583,b_77,b_136,b_63,b_669	/home/miguel/IBE-UPF/TFM/Master_projects/PhyloPhere/Data/6.CAAS_traitfiles/Ranked/df8_sp.tab
ACSM2B@42	6	1000	0.006	b_392,b_416,b_583,b_77,b_136,b_63	/home/miguel/IBE-UPF/TFM/Master_projects/PhyloPhere/Data/6.CAAS_traitfiles/Ranked/df8_sp.tab
ACSM2B@47	5	1000	0.005	b_416,b_583,b_77,b_136,b_63	/home/miguel/IBE-UPF/TFM/Master_projects/PhyloPhere/Data/6.CAAS_traitfiles/Ranked/df8_sp.tab
ACSM2B@49	0	1000	0.0		/home/miguel/IBE-UPF/TFM/Master_projects/PhyloPhere/Data/6.CAAS_traitfiles/Ranked/df8_sp.tab
ACSM2B@50	3	1000	0.003	b_583,b_77,b_136	/home/miguel/IBE-UPF/TFM/Master_projects/PhyloPhere/Data/6.CAAS_traitfiles/Ranked/df8_sp.tab
ACSM2B@55	5	1000	0.005	b_583,b_77,b_136,b_63,b_669	/home/miguel/IBE-UPF/TFM/Master_projects/PhyloPhere/Data/6.CAAS_traitfiles/Ranked/df8_sp.tab
ACSM2B@57	0	1000	0.0		/home/miguel/IBE-UPF/TFM/Master_projects/PhyloPhere/Data/6.CAAS_traitfiles/Ranked/df8_sp.tab
ACSM2B@58	0	1000	0.0		/home/miguel/IBE-UPF/TFM/Master_projects/PhyloPhere/Data/6.CAAS_traitfiles/Ranked/df8_sp.tab
ACSM2B@59	5	1000	0.005	b_583,b_77,b_136,b_63,b_669	/home/miguel/IBE-UPF/TFM/Master_projects/PhyloPhere/Data/6.CAAS_traitfiles/Ranked/df8_sp.tab
ACSM2B@65	4	1000	0.004	b_416,b_77,b_136,b_63	/home/miguel/IBE-UPF/TFM/Master_projects/PhyloPhere/Data/6.CAAS_traitfiles/Ranked/df8_sp.tab
ACSM2B@71	4	1000	0.004	b_77,b_136,b_63,b_669	/home/miguel/IBE-UPF/TFM/Master_projects/PhyloPhere/Data/6.CAAS_traitfiles/Ranked/df8_sp.tab
ACSM2B@72	0	1000	0.0		/home/miguel/IBE-UPF/TFM/Master_projects/PhyloPhere/Data/6.CAAS_traitfiles/Ranked/df8_sp.tab
ACSM2B@74	7	1000	0.007	b_392,b_416,b_583,b_77,b_136,b_63,b_669	/home/miguel/IBE-UPF/TFM/Master_projects/PhyloPhere/Data/6.CAAS_traitfiles/Ranked/df8_sp.tab
ACSM2B@76	0	1000	0.0		/home/miguel/IBE-UPF/TFM/Master_projects/PhyloPhere/Data/6.CAAS_traitfiles/Ranked/df8_sp.tab
ACSM2B@78	5	1000	0.005	b_416,b_583,b_77,b_136,b_63	/home/miguel/IBE-UPF/TFM/Master_projects/PhyloPhere/Data/6.CAAS_traitfiles/Ranked/df8_sp.tab
ACSM2B@79	7	1000	0.007	b_540,b_309,b_557,b_583,b_63,b_669,b_478	/home/miguel/IBE-UPF/TFM/Master_projects/PhyloPhere/Data/6.CAAS_traitfiles/Ranked/df8_sp.tab
ACSM2B@82	0	1000	0.0		/home/miguel/IBE-UPF/TFM/Master_projects/PhyloPhere/Data/6.CAAS_traitfiles/Ranked/df8_sp.tab
ACSM2B@86	4	1000	0.004	b_309,b_557,b_583,b_63	/home/miguel/IBE-UPF/TFM/Master_projects/PhyloPhere/Data/6.CAAS_traitfiles/Ranked/df8_sp.tab
ACSM2B@88	0	1000	0.0		/home/miguel/IBE-UPF/TFM/Master_projects/PhyloPhere/Data/6.CAAS_traitfiles/Ranked/df8_sp.tab
ACSM2B@90	0	1000	0.0		/home/miguel/IBE-UPF/TFM/Master_projects/PhyloPhere/Data/6.CAAS_traitfiles/Ranked/df8_sp.tab
ACSM2B@92	0	1000	0.0		/home/miguel/IBE-UPF/TFM/Master_projects/PhyloPhere/Data/6.CAAS_traitfiles/Ranked/df8_sp.tab
ACSM2B@97	0	1000	0.0		/home/miguel/IBE-UPF/TFM/Master_projects/PhyloPhere/Data/6.CAAS_traitfiles/Ranked/df8_sp.tab
ACSM2B@98	0	1000	0.0		/home/miguel/IBE-UPF/TFM/Master_projects/PhyloPhere/Data/6.CAAS_traitfiles/Ranked/df8_sp.tab
ACSM2B@99	0	1000	0.0		/home/miguel/IBE-UPF/TFM/Master_projects/PhyloPhere/Data/6.CAAS_traitfiles/Ranked/df8_sp.tab
ACSM2B@107	0	1000	0.0		/home/miguel/IBE-UPF/TFM/Master_projects/PhyloPhere/Data/6.CAAS_traitfiles/Ranked/df8_sp.tab
ACSM2B@117	0	1000	0.0		/home/miguel/IBE-UPF/TFM/Master_projects/PhyloPhere/Data/6.CAAS_traitfiles/Ranked/df8_sp.tab
ACSM2B@119	5	1000	0.005	b_583,b_77,b_136,b_63,b_669	/home/miguel/IBE-UPF/TFM/Master_projects/PhyloPhere/Data/6.CAAS_traitfiles/Ranked/df8_sp.tab
ACSM2B@121	0	1000	0.0		/home/miguel/IBE-UPF/TFM/Master_projects/PhyloPhere/Data/6.CAAS_traitfiles/Ranked/df8_sp.tab
ACSM2B@122	0	1000	0.0		/home/miguel/IBE-UPF/TFM/Master_projects/PhyloPhere/Data/6.CAAS_traitfiles/Ranked/df8_sp.tab
ACSM2B@126	0	1000	0.0		/home/miguel/IBE-UPF/TFM/Master_projects/PhyloPhere/Data/6.CAAS_traitfiles/Ranked/df8_sp.tab
ACSM2B@130	0	1000	0.0		/home/miguel/IBE-UPF/TFM/Master_projects/PhyloPhere/Data/6.CAAS_traitfiles/Ranked/df8_sp.tab
ACSM2B@131	0	1000	0.0		/home/miguel/IBE-UPF/TFM/Master_projects/PhyloPhere/Data/6.CAAS_traitfiles/Ranked/df8_sp.tab
ACSM2B@133	0	1000	0.0		/home/miguel/IBE-UPF/TFM/Master_projects/PhyloPhere/Data/6.CAAS_traitfiles/Ranked/df8_sp.tab
ACSM2B@137	0	1000	0.0		/home/miguel/IBE-UPF/TFM/Master_projects/PhyloPhere/Data/6.CAAS_traitfiles/Ranked/df8_sp.tab
ACSM2B@139	0	1000	0.0		/home/miguel/IBE-UPF/TFM/Master_projects/PhyloPhere/Data/6.CAAS_traitfiles/Ranked/df8_sp.tab
ACSM2B@140	0	1000	0.0		/home/miguel/IBE-UPF/TFM/Master_projects/PhyloPhere/Data/6.CAAS_traitfiles/Ranked/df8_sp.tab
ACSM2B@142	5	1000	0.005	b_392,b_416,b_77,b_136,b_63	/home/miguel/IBE-UPF/TFM/Master_projects/PhyloPhere/Data/6.CAAS_traitfiles/Ranked/df8_sp.tab
ACSM2B@150	0	1000	0.0		/home/miguel/IBE-UPF/TFM/Master_projects/PhyloPhere/Data/6.CAAS_traitfiles/Ranked/df8_sp.tab
ACSM2B@153	0	1000	0.0		/home/miguel/IBE-UPF/TFM/Master_projects/PhyloPhere/Data/6.CAAS_traitfiles/Ranked/df8_sp.tab
ACSM2B@155	0	1000	0.0		/home/miguel/IBE-UPF/TFM/Master_projects/PhyloPhere/Data/6.CAAS_traitfiles/Ranked/df8_sp.tab
ACSM2B@157	0	1000	0.0		/home/miguel/IBE-UPF/TFM/Master_projects/PhyloPhere/Data/6.CAAS_traitfiles/Ranked/df8_sp.tab
ACSM2B@163	6	1000	0.006	b_416,b_583,b_77,b_136,b_63,b_669	/home/miguel/IBE-UPF/TFM/Master_projects/PhyloPhere/Data/6.CAAS_traitfiles/Ranked/df8_sp.tab
ACSM2B@168	0	1000	0.0		/home/miguel/IBE-UPF/TFM/Master_projects/PhyloPhere/Data/6.CAAS_traitfiles/Ranked/df8_sp.tab
ACSM2B@171	0	1000	0.0		/home/miguel/IBE-UPF/TFM/Master_projects/PhyloPhere/Data/6.CAAS_traitfiles/Ranked/df8_sp.tab
ACSM2B@172	0	1000	0.0		/home/miguel/IBE-UPF/TFM/Master_projects/PhyloPhere/Data/6.CAAS_traitfiles/Ranked/df8_sp.tab
ACSM2B@178	0	1000	0.0		/home/miguel/IBE-UPF/TFM/Master_projects/PhyloPhere/Data/6.CAAS_traitfiles/Ranked/df8_sp.tab
ACSM2B@180	0	1000	0.0		/home/miguel/IBE-UPF/TFM/Master_projects/PhyloPhere/Data/6.CAAS_traitfiles/Ranked/df8_sp.tab
ACSM2B@187	2	1000	0.002	b_63,b_669	/home/miguel/IBE-UPF/TFM/Master_projects/PhyloPhere/Data/6.CAAS_traitfiles/Ranked/df8_sp.tab
ACSM2B@192	0	1000	0.0		/home/miguel/IBE-UPF/TFM/Master_projects/PhyloPhere/Data/6.CAAS_traitfiles/Ranked/df8_sp.tab
ACSM2B@194	0	1000	0.0		/home/miguel/IBE-UPF/TFM/Master_projects/PhyloPhere/Data/6.CAAS_traitfiles/Ranked/df8_sp.tab
ACSM2B@195	0	1000	0.0		/home/miguel/IBE-UPF/TFM/Master_projects/PhyloPhere/Data/6.CAAS_traitfiles/Ranked/df8_sp.tab
ACSM2B@198	5	1000	0.005	b_416,b_583,b_77,b_136,b_63	/home/miguel/IBE-UPF/TFM/Master_projects/PhyloPhere/Data/6.CAAS_traitfiles/Ranked/df8_sp.tab
ACSM2B@203	4	1000	0.004	b_77,b_136,b_63,b_669	/home/miguel/IBE-UPF/TFM/Master_projects/PhyloPhere/Data/6.CAAS_traitfiles/Ranked/df8_sp.tab
ACSM2B@205	1	1000	0.001	b_63	/home/miguel/IBE-UPF/TFM/Master_projects/PhyloPhere/Data/6.CAAS_traitfiles/Ranked/df8_sp.tab
ACSM2B@208	6	1000	0.006	b_681,b_583,b_77,b_136,b_63,b_669	/home/miguel/IBE-UPF/TFM/Master_projects/PhyloPhere/Data/6.CAAS_traitfiles/Ranked/df8_sp.tab
ACSM2B@210	4	1000	0.004	b_77,b_136,b_63,b_669	/home/miguel/IBE-UPF/TFM/Master_projects/PhyloPhere/Data/6.CAAS_traitfiles/Ranked/df8_sp.tab
ACSM2B@212	4	1000	0.004	b_309,b_557,b_583,b_63	/home/miguel/IBE-UPF/TFM/Master_projects/PhyloPhere/Data/6.CAAS_traitfiles/Ranked/df8_sp.tab
ACSM2B@214	0	1000	0.0		/home/miguel/IBE-UPF/TFM/Master_projects/PhyloPhere/Data/6.CAAS_traitfiles/Ranked/df8_sp.tab
ACSM2B@215	7	1000	0.007	b_540,b_309,b_557,b_583,b_63,b_669,b_478	/home/miguel/IBE-UPF/TFM/Master_projects/PhyloPhere/Data/6.CAAS_traitfiles/Ranked/df8_sp.tab
ACSM2B@217	0	1000	0.0		/home/miguel/IBE-UPF/TFM/Master_projects/PhyloPhere/Data/6.CAAS_traitfiles/Ranked/df8_sp.tab
ACSM2B@218	4	1000	0.004	b_77,b_136,b_63,b_669	/home/miguel/IBE-UPF/TFM/Master_projects/PhyloPhere/Data/6.CAAS_traitfiles/Ranked/df8_sp.tab
ACSM2B@224	0	1000	0.0		/home/miguel/IBE-UPF/TFM/Master_projects/PhyloPhere/Data/6.CAAS_traitfiles/Ranked/df8_sp.tab
ACSM2B@226	0	1000	0.0		/home/miguel/IBE-UPF/TFM/Master_projects/PhyloPhere/Data/6.CAAS_traitfiles/Ranked/df8_sp.tab
ACSM2B@230	0	1000	0.0		/home/miguel/IBE-UPF/TFM/Master_projects/PhyloPhere/Data/6.CAAS_traitfiles/Ranked/df8_sp.tab
ACSM2B@235	0	1000	0.0		/home/miguel/IBE-UPF/TFM/Master_projects/PhyloPhere/Data/6.CAAS_traitfiles/Ranked/df8_sp.tab
ACSM2B@238	0	1000	0.0		/home/miguel/IBE-UPF/TFM/Master_projects/PhyloPhere/Data/6.CAAS_traitfiles/Ranked/df8_sp.tab
ACSM2B@241	0	1000	0.0		/home/miguel/IBE-UPF/TFM/Master_projects/PhyloPhere/Data/6.CAAS_traitfiles/Ranked/df8_sp.tab
ACSM2B@243	0	1000	0.0		/home/miguel/IBE-UPF/TFM/Master_projects/PhyloPhere/Data/6.CAAS_traitfiles/Ranked/df8_sp.tab
ACSM2B@245	0	1000	0.0		/home/miguel/IBE-UPF/TFM/Master_projects/PhyloPhere/Data/6.CAAS_traitfiles/Ranked/df8_sp.tab
ACSM2B@249	7	1000	0.007	b_540,b_309,b_557,b_583,b_63,b_669,b_478	/home/miguel/IBE-UPF/TFM/Master_projects/PhyloPhere/Data/6.CAAS_traitfiles/Ranked/df8_sp.tab
ACSM2B@252	1	1000	0.001	b_77	/home/miguel/IBE-UPF/TFM/Master_projects/PhyloPhere/Data/6.CAAS_traitfiles/Ranked/df8_sp.tab
ACSM2B@253	5	1000	0.005	b_416,b_583,b_77,b_136,b_63	/home/miguel/IBE-UPF/TFM/Master_projects/PhyloPhere/Data/6.CAAS_traitfiles/Ranked/df8_sp.tab
ACSM2B@255	0	1000	0.0		/home/miguel/IBE-UPF/TFM/Master_projects/PhyloPhere/Data/6.CAAS_traitfiles/Ranked/df8_sp.tab
ACSM2B@257	0	1000	0.0		/home/miguel/IBE-UPF/TFM/Master_projects/PhyloPhere/Data/6.CAAS_traitfiles/Ranked/df8_sp.tab
ACSM2B@260	0	1000	0.0		/home/miguel/IBE-UPF/TFM/Master_projects/PhyloPhere/Data/6.CAAS_traitfiles/Ranked/df8_sp.tab
ACSM2B@263	0	1000	0.0		/home/miguel/IBE-UPF/TFM/Master_projects/PhyloPhere/Data/6.CAAS_traitfiles/Ranked/df8_sp.tab
ACSM2B@264	0	1000	0.0		/home/miguel/IBE-UPF/TFM/Master_projects/PhyloPhere/Data/6.CAAS_traitfiles/Ranked/df8_sp.tab
ACSM2B@265	0	1000	0.0		/home/miguel/IBE-UPF/TFM/Master_projects/PhyloPhere/Data/6.CAAS_traitfiles/Ranked/df8_sp.tab
ACSM2B@266	0	1000	0.0		/home/miguel/IBE-UPF/TFM/Master_projects/PhyloPhere/Data/6.CAAS_traitfiles/Ranked/df8_sp.tab
ACSM2B@267	4	1000	0.004	b_309,b_557,b_583,b_63	/home/miguel/IBE-UPF/TFM/Master_projects/PhyloPhere/Data/6.CAAS_traitfiles/Ranked/df8_sp.tab
ACSM2B@268	0	1000	0.0		/home/miguel/IBE-UPF/TFM/Master_projects/PhyloPhere/Data/6.CAAS_traitfiles/Ranked/df8_sp.tab
ACSM2B@269	2	1000	0.002	b_63,b_669	/home/miguel/IBE-UPF/TFM/Master_projects/PhyloPhere/Data/6.CAAS_traitfiles/Ranked/df8_sp.tab
ACSM2B@271	5	1000	0.005	b_309,b_557,b_583,b_63,b_669	/home/miguel/IBE-UPF/TFM/Master_projects/PhyloPhere/Data/6.CAAS_traitfiles/Ranked/df8_sp.tab
ACSM2B@273	0	1000	0.0		/home/miguel/IBE-UPF/TFM/Master_projects/PhyloPhere/Data/6.CAAS_traitfiles/Ranked/df8_sp.tab
ACSM2B@274	5	1000	0.005	b_583,b_77,b_136,b_63,b_669	/home/miguel/IBE-UPF/TFM/Master_projects/PhyloPhere/Data/6.CAAS_traitfiles/Ranked/df8_sp.tab
ACSM2B@276	0	1000	0.0		/home/miguel/IBE-UPF/TFM/Master_projects/PhyloPhere/Data/6.CAAS_traitfiles/Ranked/df8_sp.tab
ACSM2B@278	4	1000	0.004	b_77,b_136,b_63,b_669	/home/miguel/IBE-UPF/TFM/Master_projects/PhyloPhere/Data/6.CAAS_traitfiles/Ranked/df8_sp.tab
ACSM2B@280	0	1000	0.0		/home/miguel/IBE-UPF/TFM/Master_projects/PhyloPhere/Data/6.CAAS_traitfiles/Ranked/df8_sp.tab
ACSM2B@282	0	1000	0.0		/home/miguel/IBE-UPF/TFM/Master_projects/PhyloPhere/Data/6.CAAS_traitfiles/Ranked/df8_sp.tab
ACSM2B@285	4	1000	0.004	b_309,b_557,b_583,b_63	/home/miguel/IBE-UPF/TFM/Master_projects/PhyloPhere/Data/6.CAAS_traitfiles/Ranked/df8_sp.tab
ACSM2B@289	0	1000	0.0		/home/miguel/IBE-UPF/TFM/Master_projects/PhyloPhere/Data/6.CAAS_traitfiles/Ranked/df8_sp.tab
ACSM2B@290	3	1000	0.003	b_309,b_583,b_63	/home/miguel/IBE-UPF/TFM/Master_projects/PhyloPhere/Data/6.CAAS_traitfiles/Ranked/df8_sp.tab
ACSM2B@294	0	1000	0.0		/home/miguel/IBE-UPF/TFM/Master_projects/PhyloPhere/Data/6.CAAS_traitfiles/Ranked/df8_sp.tab
ACSM2B@300	6	1000	0.006	b_392,b_416,b_583,b_77,b_136,b_63	/home/miguel/IBE-UPF/TFM/Master_projects/PhyloPhere/Data/6.CAAS_traitfiles/Ranked/df8_sp.tab
ACSM2B@301	0	1000	0.0		/home/miguel/IBE-UPF/TFM/Master_projects/PhyloPhere/Data/6.CAAS_traitfiles/Ranked/df8_sp.tab
ACSM2B@302	2	1000	0.002	b_583,b_77	/home/miguel/IBE-UPF/TFM/Master_projects/PhyloPhere/Data/6.CAAS_traitfiles/Ranked/df8_sp.tab
ACSM2B@303	0	1000	0.0		/home/miguel/IBE-UPF/TFM/Master_projects/PhyloPhere/Data/6.CAAS_traitfiles/Ranked/df8_sp.tab
ACSM2B@304	5	1000	0.005	b_309,b_557,b_583,b_63,b_669	/home/miguel/IBE-UPF/TFM/Master_projects/PhyloPhere/Data/6.CAAS_traitfiles/Ranked/df8_sp.tab
ACSM2B@305	0	1000	0.0		/home/miguel/IBE-UPF/TFM/Master_projects/PhyloPhere/Data/6.CAAS_traitfiles/Ranked/df8_sp.tab
ACSM2B@308	1	1000	0.001	b_63	/home/miguel/IBE-UPF/TFM/Master_projects/PhyloPhere/Data/6.CAAS_traitfiles/Ranked/df8_sp.tab
ACSM2B@310	0	1000	0.0		/home/miguel/IBE-UPF/TFM/Master_projects/PhyloPhere/Data/6.CAAS_traitfiles/Ranked/df8_sp.tab
ACSM2B@327	0	1000	0.0		/home/miguel/IBE-UPF/TFM/Master_projects/PhyloPhere/Data/6.CAAS_traitfiles/Ranked/df8_sp.tab
ACSM2B@328	0	1000	0.0		/home/miguel/IBE-UPF/TFM/Master_projects/PhyloPhere/Data/6.CAAS_traitfiles/Ranked/df8_sp.tab
ACSM2B@330	0	1000	0.0		/home/miguel/IBE-UPF/TFM/Master_projects/PhyloPhere/Data/6.CAAS_traitfiles/Ranked/df8_sp.tab
ACSM2B@331	1	1000	0.001	b_77	/home/miguel/IBE-UPF/TFM/Master_projects/PhyloPhere/Data/6.CAAS_traitfiles/Ranked/df8_sp.tab
ACSM2B@334	0	1000	0.0		/home/miguel/IBE-UPF/TFM/Master_projects/PhyloPhere/Data/6.CAAS_traitfiles/Ranked/df8_sp.tab
ACSM2B@335	5	1000	0.005	b_681,b_583,b_77,b_136,b_63	/home/miguel/IBE-UPF/TFM/Master_projects/PhyloPhere/Data/6.CAAS_traitfiles/Ranked/df8_sp.tab
ACSM2B@336	0	1000	0.0		/home/miguel/IBE-UPF/TFM/Master_projects/PhyloPhere/Data/6.CAAS_traitfiles/Ranked/df8_sp.tab
ACSM2B@340	0	1000	0.0		/home/miguel/IBE-UPF/TFM/Master_projects/PhyloPhere/Data/6.CAAS_traitfiles/Ranked/df8_sp.tab
ACSM2B@342	0	1000	0.0		/home/miguel/IBE-UPF/TFM/Master_projects/PhyloPhere/Data/6.CAAS_traitfiles/Ranked/df8_sp.tab
ACSM2B@343	0	1000	0.0		/home/miguel/IBE-UPF/TFM/Master_projects/PhyloPhere/Data/6.CAAS_traitfiles/Ranked/df8_sp.tab
ACSM2B@345	5	1000	0.005	b_583,b_77,b_136,b_63,b_669	/home/miguel/IBE-UPF/TFM/Master_projects/PhyloPhere/Data/6.CAAS_traitfiles/Ranked/df8_sp.tab
ACSM2B@347	0	1000	0.0		/home/miguel/IBE-UPF/TFM/Master_projects/PhyloPhere/Data/6.CAAS_traitfiles/Ranked/df8_sp.tab
ACSM2B@354	4	1000	0.004	b_77,b_136,b_63,b_669	/home/miguel/IBE-UPF/TFM/Master_projects/PhyloPhere/Data/6.CAAS_traitfiles/Ranked/df8_sp.tab
ACSM2B@355	5	1000	0.005	b_416,b_77,b_136,b_63,b_669	/home/miguel/IBE-UPF/TFM/Master_projects/PhyloPhere/Data/6.CAAS_traitfiles/Ranked/df8_sp.tab
ACSM2B@363	0	1000	0.0		/home/miguel/IBE-UPF/TFM/Master_projects/PhyloPhere/Data/6.CAAS_traitfiles/Ranked/df8_sp.tab
ACSM2B@364	0	1000	0.0		/home/miguel/IBE-UPF/TFM/Master_projects/PhyloPhere/Data/6.CAAS_traitfiles/Ranked/df8_sp.tab
ACSM2B@366	0	1000	0.0		/home/miguel/IBE-UPF/TFM/Master_projects/PhyloPhere/Data/6.CAAS_traitfiles/Ranked/df8_sp.tab
ACSM2B@369	0	1000	0.0		/home/miguel/IBE-UPF/TFM/Master_projects/PhyloPhere/Data/6.CAAS_traitfiles/Ranked/df8_sp.tab
ACSM2B@373	0	1000	0.0		/home/miguel/IBE-UPF/TFM/Master_projects/PhyloPhere/Data/6.CAAS_traitfiles/Ranked/df8_sp.tab
ACSM2B@378	5	1000	0.005	b_583,b_77,b_136,b_63,b_669	/home/miguel/IBE-UPF/TFM/Master_projects/PhyloPhere/Data/6.CAAS_traitfiles/Ranked/df8_sp.tab
ACSM2B@380	7	1000	0.007	b_540,b_309,b_557,b_622,b_583,b_63,b_669	/home/miguel/IBE-UPF/TFM/Master_projects/PhyloPhere/Data/6.CAAS_traitfiles/Ranked/df8_sp.tab
ACSM2B@381	0	1000	0.0		/home/miguel/IBE-UPF/TFM/Master_projects/PhyloPhere/Data/6.CAAS_traitfiles/Ranked/df8_sp.tab
ACSM2B@382	5	1000	0.005	b_416,b_583,b_77,b_136,b_63	/home/miguel/IBE-UPF/TFM/Master_projects/PhyloPhere/Data/6.CAAS_traitfiles/Ranked/df8_sp.tab
ACSM2B@383	0	1000	0.0		/home/miguel/IBE-UPF/TFM/Master_projects/PhyloPhere/Data/6.CAAS_traitfiles/Ranked/df8_sp.tab
ACSM2B@384	6	1000	0.006	b_309,b_583,b_77,b_136,b_63,b_669	/home/miguel/IBE-UPF/TFM/Master_projects/PhyloPhere/Data/6.CAAS_traitfiles/Ranked/df8_sp.tab
ACSM2B@387	0	1000	0.0		/home/miguel/IBE-UPF/TFM/Master_projects/PhyloPhere/Data/6.CAAS_traitfiles/Ranked/df8_sp.tab
ACSM2B@389	0	1000	0.0		/home/miguel/IBE-UPF/TFM/Master_projects/PhyloPhere/Data/6.CAAS_traitfiles/Ranked/df8_sp.tab
ACSM2B@390	0	1000	0.0		/home/miguel/IBE-UPF/TFM/Master_projects/PhyloPhere/Data/6.CAAS_traitfiles/Ranked/df8_sp.tab
ACSM2B@392	0	1000	0.0		/home/miguel/IBE-UPF/TFM/Master_projects/PhyloPhere/Data/6.CAAS_traitfiles/Ranked/df8_sp.tab
ACSM2B@393	0	1000	0.0		/home/miguel/IBE-UPF/TFM/Master_projects/PhyloPhere/Data/6.CAAS_traitfiles/Ranked/df8_sp.tab
ACSM2B@401	5	1000	0.005	b_583,b_77,b_136,b_63,b_669	/home/miguel/IBE-UPF/TFM/Master_projects/PhyloPhere/Data/6.CAAS_traitfiles/Ranked/df8_sp.tab
ACSM2B@402	0	1000	0.0		/home/miguel/IBE-UPF/TFM/Master_projects/PhyloPhere/Data/6.CAAS_traitfiles/Ranked/df8_sp.tab
ACSM2B@405	0	1000	0.0		/home/miguel/IBE-UPF/TFM/Master_projects/PhyloPhere/Data/6.CAAS_traitfiles/Ranked/df8_sp.tab
ACSM2B@407	0	1000	0.0		/home/miguel/IBE-UPF/TFM/Master_projects/PhyloPhere/Data/6.CAAS_traitfiles/Ranked/df8_sp.tab
ACSM2B@409	4	1000	0.004	b_77,b_136,b_63,b_669	/home/miguel/IBE-UPF/TFM/Master_projects/PhyloPhere/Data/6.CAAS_traitfiles/Ranked/df8_sp.tab
ACSM2B@412	0	1000	0.0		/home/miguel/IBE-UPF/TFM/Master_projects/PhyloPhere/Data/6.CAAS_traitfiles/Ranked/df8_sp.tab
ACSM2B@413	0	1000	0.0		/home/miguel/IBE-UPF/TFM/Master_projects/PhyloPhere/Data/6.CAAS_traitfiles/Ranked/df8_sp.tab
ACSM2B@415	0	1000	0.0		/home/miguel/IBE-UPF/TFM/Master_projects/PhyloPhere/Data/6.CAAS_traitfiles/Ranked/df8_sp.tab
ACSM2B@419	4	1000	0.004	b_77,b_136,b_63,b_669	/home/miguel/IBE-UPF/TFM/Master_projects/PhyloPhere/Data/6.CAAS_traitfiles/Ranked/df8_sp.tab
ACSM2B@423	0	1000	0.0		/home/miguel/IBE-UPF/TFM/Master_projects/PhyloPhere/Data/6.CAAS_traitfiles/Ranked/df8_sp.tab
ACSM2B@424	0	1000	0.0		/home/miguel/IBE-UPF/TFM/Master_projects/PhyloPhere/Data/6.CAAS_traitfiles/Ranked/df8_sp.tab
ACSM2B@426	0	1000	0.0		/home/miguel/IBE-UPF/TFM/Master_projects/PhyloPhere/Data/6.CAAS_traitfiles/Ranked/df8_sp.tab
ACSM2B@428	0	1000	0.0		/home/miguel/IBE-UPF/TFM/Master_projects/PhyloPhere/Data/6.CAAS_traitfiles/Ranked/df8_sp.tab
ACSM2B@430	0	1000	0.0		/home/miguel/IBE-UPF/TFM/Master_projects/PhyloPhere/Data/6.CAAS_traitfiles/Ranked/df8_sp.tab
ACSM2B@442	0	1000	0.0		/home/miguel/IBE-UPF/TFM/Master_projects/PhyloPhere/Data/6.CAAS_traitfiles/Ranked/df8_sp.tab
ACSM2B@454	6	1000	0.006	b_416,b_583,b_77,b_136,b_63,b_669	/home/miguel/IBE-UPF/TFM/Master_projects/PhyloPhere/Data/6.CAAS_traitfiles/Ranked/df8_sp.tab
ACSM2B@457	0	1000	0.0		/home/miguel/IBE-UPF/TFM/Master_projects/PhyloPhere/Data/6.CAAS_traitfiles/Ranked/df8_sp.tab
ACSM2B@463	0	1000	0.0		/home/miguel/IBE-UPF/TFM/Master_projects/PhyloPhere/Data/6.CAAS_traitfiles/Ranked/df8_sp.tab
ACSM2B@471	0	1000	0.0		/home/miguel/IBE-UPF/TFM/Master_projects/PhyloPhere/Data/6.CAAS_traitfiles/Ranked/df8_sp.tab
ACSM2B@484	0	1000	0.0		/home/miguel/IBE-UPF/TFM/Master_projects/PhyloPhere/Data/6.CAAS_traitfiles/Ranked/df8_sp.tab
ACSM2B@489	0	1000	0.0		/home/miguel/IBE-UPF/TFM/Master_projects/PhyloPhere/Data/6.CAAS_traitfiles/Ranked/df8_sp.tab
ACSM2B@495	6	1000	0.006	b_681,b_583,b_77,b_136,b_63,b_669	/home/miguel/IBE-UPF/TFM/Master_projects/PhyloPhere/Data/6.CAAS_traitfiles/Ranked/df8_sp.tab
ACSM2B@498	0	1000	0.0		/home/miguel/IBE-UPF/TFM/Master_projects/PhyloPhere/Data/6.CAAS_traitfiles/Ranked/df8_sp.tab
ACSM2B@508	0	1000	0.0		/home/miguel/IBE-UPF/TFM/Master_projects/PhyloPhere/Data/6.CAAS_traitfiles/Ranked/df8_sp.tab
ACSM2B@509	0	1000	0.0		/home/miguel/IBE-UPF/TFM/Master_projects/PhyloPhere/Data/6.CAAS_traitfiles/Ranked/df8_sp.tab
ACSM2B@510	0	1000	0.0		/home/miguel/IBE-UPF/TFM/Master_projects/PhyloPhere/Data/6.CAAS_traitfiles/Ranked/df8_sp.tab
ACSM2B@515	0	1000	0.0		/home/miguel/IBE-UPF/TFM/Master_projects/PhyloPhere/Data/6.CAAS_traitfiles/Ranked/df8_sp.tab
ACSM2B@516	0	1000	0.0		/home/miguel/IBE-UPF/TFM/Master_projects/PhyloPhere/Data/6.CAAS_traitfiles/Ranked/df8_sp.tab
ACSM2B@524	0	1000	0.0		/home/miguel/IBE-UPF/TFM/Master_projects/PhyloPhere/Data/6.CAAS_traitfiles/Ranked/df8_sp.tab
ACSM2B@539	0	1000	0.0		/home/miguel/IBE-UPF/TFM/Master_projects/PhyloPhere/Data/6.CAAS_traitfiles/Ranked/df8_sp.tab
ACSM2B@543	0	1000	0.0		/home/miguel/IBE-UPF/TFM/Master_projects/PhyloPhere/Data/6.CAAS_traitfiles/Ranked/df8_sp.tab
ACSM2B@544	0	1000	0.0		/home/miguel/IBE-UPF/TFM/Master_projects/PhyloPhere/Data/6.CAAS_traitfiles/Ranked/df8_sp.tab
ACSM2B@548	5	1000	0.005	b_583,b_77,b_136,b_63,b_669	/home/miguel/IBE-UPF/TFM/Master_projects/PhyloPhere/Data/6.CAAS_traitfiles/Ranked/df8_sp.tab
ACSM2B@549	4	1000	0.004	b_416,b_309,b_583,b_63	/home/miguel/IBE-UPF/TFM/Master_projects/PhyloPhere/Data/6.CAAS_traitfiles/Ranked/df8_sp.tab
ACSM2B@554	0	1000	0.0		/home/miguel/IBE-UPF/TFM/Master_projects/PhyloPhere/Data/6.CAAS_traitfiles/Ranked/df8_sp.tab
ACSM2B@556	5	1000	0.005	b_416,b_583,b_77,b_136,b_63	/home/miguel/IBE-UPF/TFM/Master_projects/PhyloPhere/Data/6.CAAS_traitfiles/Ranked/df8_sp.tab
ACSM2B@560	0	1000	0.0		/home/miguel/IBE-UPF/TFM/Master_projects/PhyloPhere/Data/6.CAAS_traitfiles/Ranked/df8_sp.tab
ACSM2B@561	0	1000	0.0		/home/miguel/IBE-UPF/TFM/Master_projects/PhyloPhere/Data/6.CAAS_traitfiles/Ranked/df8_sp.tab
ACSM2B@564	0	1000	0.0		/home/miguel/IBE-UPF/TFM/Master_projects/PhyloPhere/Data/6.CAAS_traitfiles/Ranked/df8_sp.tab
ACSM2B@565	5	1000	0.005	b_583,b_77,b_136,b_63,b_669	/home/miguel/IBE-UPF/TFM/Master_projects/PhyloPhere/Data/6.CAAS_traitfiles/Ranked/df8_sp.tab
ACSM2B@568	5	1000	0.005	b_416,b_583,b_77,b_136,b_63	/home/miguel/IBE-UPF/TFM/Master_projects/PhyloPhere/Data/6.CAAS_traitfiles/Ranked/df8_sp.tab
ACSM2B@569	0	1000	0.0		/home/miguel/IBE-UPF/TFM/Master_projects/PhyloPhere/Data/6.CAAS_traitfiles/Ranked/df8_sp.tab
ACSM2B@570	0	1000	0.0		/home/miguel/IBE-UPF/TFM/Master_projects/PhyloPhere/Data/6.CAAS_traitfiles/Ranked/df8_sp.tab
ACSM2B@571	0	1000	0.0		/home/miguel/IBE-UPF/TFM/Master_projects/PhyloPhere/Data/6.CAAS_traitfiles/Ranked/df8_sp.tab
